[2023-01-04T22:38:41.834+0100] {taskinstance.py:1087} INFO - Dependencies all met for <TaskInstance: tutorial.print_date scheduled__2023-01-03T21:38:04.542986+00:00 [queued]>
[2023-01-04T22:38:41.856+0100] {taskinstance.py:1087} INFO - Dependencies all met for <TaskInstance: tutorial.print_date scheduled__2023-01-03T21:38:04.542986+00:00 [queued]>
[2023-01-04T22:38:41.856+0100] {taskinstance.py:1283} INFO - 
--------------------------------------------------------------------------------
[2023-01-04T22:38:41.857+0100] {taskinstance.py:1284} INFO - Starting attempt 1 of 2
[2023-01-04T22:38:41.857+0100] {taskinstance.py:1285} INFO - 
--------------------------------------------------------------------------------
[2023-01-04T22:38:41.907+0100] {taskinstance.py:1304} INFO - Executing <Task(BashOperator): print_date> on 2023-01-03 21:38:04.542986+00:00
[2023-01-04T22:38:41.910+0100] {standard_task_runner.py:55} INFO - Started process 2668 to run task
[2023-01-04T22:38:41.914+0100] {standard_task_runner.py:82} INFO - Running: ['airflow', 'tasks', 'run', 'tutorial', 'print_date', 'scheduled__2023-01-03T21:38:04.542986+00:00', '--job-id', '9', '--raw', '--subdir', '/home/chrisfleig/.local/lib/python3.10/site-packages/airflow/example_dags/tutorial.py', '--cfg-path', '/tmp/tmp2l1xwuxd']
[2023-01-04T22:38:41.916+0100] {standard_task_runner.py:83} INFO - Job 9: Subtask print_date
[2023-01-04T22:38:41.992+0100] {task_command.py:389} INFO - Running <TaskInstance: tutorial.print_date scheduled__2023-01-03T21:38:04.542986+00:00 [running]> on host CFL-HP-360.
[2023-01-04T22:38:42.113+0100] {taskinstance.py:1511} INFO - Exporting the following env vars:
AIRFLOW_CTX_DAG_EMAIL=airflow@example.com
AIRFLOW_CTX_DAG_OWNER=airflow
AIRFLOW_CTX_DAG_ID=tutorial
AIRFLOW_CTX_TASK_ID=print_date
AIRFLOW_CTX_EXECUTION_DATE=2023-01-03T21:38:04.542986+00:00
AIRFLOW_CTX_TRY_NUMBER=1
AIRFLOW_CTX_DAG_RUN_ID=scheduled__2023-01-03T21:38:04.542986+00:00
[2023-01-04T22:38:42.115+0100] {subprocess.py:63} INFO - Tmp dir root location: 
 /tmp
[2023-01-04T22:38:42.115+0100] {subprocess.py:75} INFO - Running command: ['/usr/bin/bash', '-c', 'date']
[2023-01-04T22:38:42.120+0100] {subprocess.py:86} INFO - Output:
[2023-01-04T22:38:42.123+0100] {subprocess.py:93} INFO - Wed Jan  4 22:38:42 CET 2023
[2023-01-04T22:38:42.123+0100] {subprocess.py:97} INFO - Command exited with return code 0
[2023-01-04T22:38:42.197+0100] {taskinstance.py:1322} INFO - Marking task as SUCCESS. dag_id=tutorial, task_id=print_date, execution_date=20230103T213804, start_date=20230104T213841, end_date=20230104T213842
[2023-01-04T22:38:42.410+0100] {local_task_job.py:159} INFO - Task exited with return code 0
[2023-01-04T22:38:42.485+0100] {taskinstance.py:2582} INFO - 2 downstream tasks scheduled from follow-on schedule check
