[2023-01-07T01:00:25.687+0100] {taskinstance.py:1087} INFO - Dependencies all met for <TaskInstance: tutorial_taskflow_api.transform scheduled__2023-01-06T23:00:00+00:00 [queued]>
[2023-01-07T01:00:25.696+0100] {taskinstance.py:1087} INFO - Dependencies all met for <TaskInstance: tutorial_taskflow_api.transform scheduled__2023-01-06T23:00:00+00:00 [queued]>
[2023-01-07T01:00:25.696+0100] {taskinstance.py:1283} INFO - 
--------------------------------------------------------------------------------
[2023-01-07T01:00:25.696+0100] {taskinstance.py:1284} INFO - Starting attempt 1 of 1
[2023-01-07T01:00:25.696+0100] {taskinstance.py:1285} INFO - 
--------------------------------------------------------------------------------
[2023-01-07T01:00:25.729+0100] {taskinstance.py:1304} INFO - Executing <Task(_PythonDecoratedOperator): transform> on 2023-01-06 23:00:00+00:00
[2023-01-07T01:00:25.731+0100] {standard_task_runner.py:55} INFO - Started process 10926 to run task
[2023-01-07T01:00:25.733+0100] {standard_task_runner.py:82} INFO - Running: ['airflow', 'tasks', 'run', 'tutorial_taskflow_api', 'transform', 'scheduled__2023-01-06T23:00:00+00:00', '--job-id', '64', '--raw', '--subdir', 'DAGS_FOLDER/tutorial_taskflow_api.py', '--cfg-path', '/tmp/tmpjg36i2qz']
[2023-01-07T01:00:25.735+0100] {standard_task_runner.py:83} INFO - Job 64: Subtask transform
[2023-01-07T01:00:25.793+0100] {task_command.py:389} INFO - Running <TaskInstance: tutorial_taskflow_api.transform scheduled__2023-01-06T23:00:00+00:00 [running]> on host CFL-HP-360.
[2023-01-07T01:00:25.882+0100] {taskinstance.py:1511} INFO - Exporting the following env vars:
AIRFLOW_CTX_DAG_OWNER=airflow
AIRFLOW_CTX_DAG_ID=tutorial_taskflow_api
AIRFLOW_CTX_TASK_ID=transform
AIRFLOW_CTX_EXECUTION_DATE=2023-01-06T23:00:00+00:00
AIRFLOW_CTX_TRY_NUMBER=1
AIRFLOW_CTX_DAG_RUN_ID=scheduled__2023-01-06T23:00:00+00:00
[2023-01-07T01:00:25.883+0100] {python.py:177} INFO - Done. Returned value was: {'total_order_value': 1236.7}
[2023-01-07T01:00:25.942+0100] {taskinstance.py:1322} INFO - Marking task as SUCCESS. dag_id=tutorial_taskflow_api, task_id=transform, execution_date=20230106T230000, start_date=20230107T000025, end_date=20230107T000025
[2023-01-07T01:00:25.986+0100] {local_task_job.py:159} INFO - Task exited with return code 0
[2023-01-07T01:00:26.000+0100] {taskinstance.py:2582} INFO - 1 downstream tasks scheduled from follow-on schedule check
