[2023-01-03T22:10:42.731+0100] {processor.py:153} INFO - Started process (PID=8179) to work on /home/chrisfleig/.local/lib/python3.10/site-packages/airflow/example_dags/example_task_group.py
[2023-01-03T22:10:42.732+0100] {processor.py:743} INFO - Processing file /home/chrisfleig/.local/lib/python3.10/site-packages/airflow/example_dags/example_task_group.py for tasks to queue
[2023-01-03T22:10:42.733+0100] {logging_mixin.py:137} INFO - [2023-01-03T22:10:42.733+0100] {dagbag.py:538} INFO - Filling up the DagBag from /home/chrisfleig/.local/lib/python3.10/site-packages/airflow/example_dags/example_task_group.py
[2023-01-03T22:10:42.753+0100] {processor.py:753} INFO - DAG(s) dict_keys(['example_task_group']) retrieved from /home/chrisfleig/.local/lib/python3.10/site-packages/airflow/example_dags/example_task_group.py
[2023-01-03T22:10:42.917+0100] {logging_mixin.py:137} INFO - [2023-01-03T22:10:42.917+0100] {manager.py:504} INFO - Created Permission View: can edit on DAG:example_task_group
[2023-01-03T22:10:42.943+0100] {logging_mixin.py:137} INFO - [2023-01-03T22:10:42.943+0100] {manager.py:504} INFO - Created Permission View: can delete on DAG:example_task_group
[2023-01-03T22:10:42.966+0100] {logging_mixin.py:137} INFO - [2023-01-03T22:10:42.966+0100] {manager.py:504} INFO - Created Permission View: can read on DAG:example_task_group
[2023-01-03T22:10:42.967+0100] {logging_mixin.py:137} INFO - [2023-01-03T22:10:42.967+0100] {dag.py:2676} INFO - Sync 1 DAGs
[2023-01-03T22:10:42.976+0100] {logging_mixin.py:137} INFO - [2023-01-03T22:10:42.976+0100] {dag.py:2697} INFO - Creating ORM DAG for example_task_group
[2023-01-03T22:10:42.985+0100] {logging_mixin.py:137} INFO - [2023-01-03T22:10:42.985+0100] {dag.py:3423} INFO - Setting next_dagrun for example_task_group to 2023-01-02T21:10:42.984823+00:00, run_after=2023-01-03T21:10:42.984823+00:00
[2023-01-03T22:10:43.019+0100] {processor.py:175} INFO - Processing /home/chrisfleig/.local/lib/python3.10/site-packages/airflow/example_dags/example_task_group.py took 0.292 seconds
[2023-01-03T22:11:28.328+0100] {processor.py:153} INFO - Started process (PID=8221) to work on /home/chrisfleig/.local/lib/python3.10/site-packages/airflow/example_dags/example_task_group.py
[2023-01-03T22:11:28.329+0100] {processor.py:743} INFO - Processing file /home/chrisfleig/.local/lib/python3.10/site-packages/airflow/example_dags/example_task_group.py for tasks to queue
[2023-01-03T22:11:28.329+0100] {logging_mixin.py:137} INFO - [2023-01-03T22:11:28.329+0100] {dagbag.py:538} INFO - Filling up the DagBag from /home/chrisfleig/.local/lib/python3.10/site-packages/airflow/example_dags/example_task_group.py
[2023-01-03T22:11:28.343+0100] {processor.py:753} INFO - DAG(s) dict_keys(['example_task_group']) retrieved from /home/chrisfleig/.local/lib/python3.10/site-packages/airflow/example_dags/example_task_group.py
[2023-01-03T22:11:28.367+0100] {logging_mixin.py:137} INFO - [2023-01-03T22:11:28.366+0100] {dag.py:2676} INFO - Sync 1 DAGs
[2023-01-03T22:11:28.384+0100] {logging_mixin.py:137} INFO - [2023-01-03T22:11:28.384+0100] {dag.py:3423} INFO - Setting next_dagrun for example_task_group to 2023-01-02T21:11:28.384453+00:00, run_after=2023-01-03T21:11:28.384453+00:00
[2023-01-03T22:11:28.426+0100] {processor.py:175} INFO - Processing /home/chrisfleig/.local/lib/python3.10/site-packages/airflow/example_dags/example_task_group.py took 0.101 seconds
[2023-01-03T22:12:07.263+0100] {processor.py:153} INFO - Started process (PID=8259) to work on /home/chrisfleig/.local/lib/python3.10/site-packages/airflow/example_dags/example_task_group.py
[2023-01-03T22:12:07.265+0100] {processor.py:743} INFO - Processing file /home/chrisfleig/.local/lib/python3.10/site-packages/airflow/example_dags/example_task_group.py for tasks to queue
[2023-01-03T22:12:07.266+0100] {logging_mixin.py:137} INFO - [2023-01-03T22:12:07.266+0100] {dagbag.py:538} INFO - Filling up the DagBag from /home/chrisfleig/.local/lib/python3.10/site-packages/airflow/example_dags/example_task_group.py
[2023-01-03T22:12:07.286+0100] {processor.py:753} INFO - DAG(s) dict_keys(['example_task_group']) retrieved from /home/chrisfleig/.local/lib/python3.10/site-packages/airflow/example_dags/example_task_group.py
[2023-01-03T22:12:07.388+0100] {logging_mixin.py:137} INFO - [2023-01-03T22:12:07.388+0100] {dag.py:2676} INFO - Sync 1 DAGs
[2023-01-03T22:12:07.491+0100] {logging_mixin.py:137} INFO - [2023-01-03T22:12:07.491+0100] {dag.py:3423} INFO - Setting next_dagrun for example_task_group to 2023-01-02T21:12:07.491327+00:00, run_after=2023-01-03T21:12:07.491327+00:00
[2023-01-03T22:12:07.534+0100] {processor.py:175} INFO - Processing /home/chrisfleig/.local/lib/python3.10/site-packages/airflow/example_dags/example_task_group.py took 0.274 seconds
[2023-01-03T22:12:46.454+0100] {processor.py:153} INFO - Started process (PID=8297) to work on /home/chrisfleig/.local/lib/python3.10/site-packages/airflow/example_dags/example_task_group.py
[2023-01-03T22:12:46.455+0100] {processor.py:743} INFO - Processing file /home/chrisfleig/.local/lib/python3.10/site-packages/airflow/example_dags/example_task_group.py for tasks to queue
[2023-01-03T22:12:46.455+0100] {logging_mixin.py:137} INFO - [2023-01-03T22:12:46.455+0100] {dagbag.py:538} INFO - Filling up the DagBag from /home/chrisfleig/.local/lib/python3.10/site-packages/airflow/example_dags/example_task_group.py
[2023-01-03T22:12:46.469+0100] {processor.py:753} INFO - DAG(s) dict_keys(['example_task_group']) retrieved from /home/chrisfleig/.local/lib/python3.10/site-packages/airflow/example_dags/example_task_group.py
[2023-01-03T22:12:46.491+0100] {logging_mixin.py:137} INFO - [2023-01-03T22:12:46.491+0100] {dag.py:2676} INFO - Sync 1 DAGs
[2023-01-03T22:12:46.507+0100] {logging_mixin.py:137} INFO - [2023-01-03T22:12:46.506+0100] {dag.py:3423} INFO - Setting next_dagrun for example_task_group to 2023-01-02T21:12:46.506717+00:00, run_after=2023-01-03T21:12:46.506717+00:00
[2023-01-03T22:12:46.542+0100] {processor.py:175} INFO - Processing /home/chrisfleig/.local/lib/python3.10/site-packages/airflow/example_dags/example_task_group.py took 0.091 seconds
[2023-01-03T22:13:25.723+0100] {processor.py:153} INFO - Started process (PID=8335) to work on /home/chrisfleig/.local/lib/python3.10/site-packages/airflow/example_dags/example_task_group.py
[2023-01-03T22:13:25.724+0100] {processor.py:743} INFO - Processing file /home/chrisfleig/.local/lib/python3.10/site-packages/airflow/example_dags/example_task_group.py for tasks to queue
[2023-01-03T22:13:25.724+0100] {logging_mixin.py:137} INFO - [2023-01-03T22:13:25.724+0100] {dagbag.py:538} INFO - Filling up the DagBag from /home/chrisfleig/.local/lib/python3.10/site-packages/airflow/example_dags/example_task_group.py
[2023-01-03T22:13:25.738+0100] {processor.py:753} INFO - DAG(s) dict_keys(['example_task_group']) retrieved from /home/chrisfleig/.local/lib/python3.10/site-packages/airflow/example_dags/example_task_group.py
[2023-01-03T22:13:25.768+0100] {logging_mixin.py:137} INFO - [2023-01-03T22:13:25.767+0100] {dag.py:2676} INFO - Sync 1 DAGs
[2023-01-03T22:13:25.785+0100] {logging_mixin.py:137} INFO - [2023-01-03T22:13:25.785+0100] {dag.py:3423} INFO - Setting next_dagrun for example_task_group to 2023-01-02T21:13:25.785568+00:00, run_after=2023-01-03T21:13:25.785568+00:00
[2023-01-03T22:13:25.829+0100] {processor.py:175} INFO - Processing /home/chrisfleig/.local/lib/python3.10/site-packages/airflow/example_dags/example_task_group.py took 0.109 seconds
[2023-01-03T22:14:04.459+0100] {processor.py:153} INFO - Started process (PID=8373) to work on /home/chrisfleig/.local/lib/python3.10/site-packages/airflow/example_dags/example_task_group.py
[2023-01-03T22:14:04.627+0100] {processor.py:743} INFO - Processing file /home/chrisfleig/.local/lib/python3.10/site-packages/airflow/example_dags/example_task_group.py for tasks to queue
[2023-01-03T22:14:04.628+0100] {logging_mixin.py:137} INFO - [2023-01-03T22:14:04.628+0100] {dagbag.py:538} INFO - Filling up the DagBag from /home/chrisfleig/.local/lib/python3.10/site-packages/airflow/example_dags/example_task_group.py
[2023-01-03T22:14:04.645+0100] {processor.py:753} INFO - DAG(s) dict_keys(['example_task_group']) retrieved from /home/chrisfleig/.local/lib/python3.10/site-packages/airflow/example_dags/example_task_group.py
[2023-01-03T22:14:04.668+0100] {logging_mixin.py:137} INFO - [2023-01-03T22:14:04.668+0100] {dag.py:2676} INFO - Sync 1 DAGs
[2023-01-03T22:14:04.688+0100] {logging_mixin.py:137} INFO - [2023-01-03T22:14:04.687+0100] {dag.py:3423} INFO - Setting next_dagrun for example_task_group to 2023-01-02T21:14:04.687707+00:00, run_after=2023-01-03T21:14:04.687707+00:00
[2023-01-03T22:14:04.724+0100] {processor.py:175} INFO - Processing /home/chrisfleig/.local/lib/python3.10/site-packages/airflow/example_dags/example_task_group.py took 0.269 seconds
[2023-01-03T22:14:43.686+0100] {processor.py:153} INFO - Started process (PID=8411) to work on /home/chrisfleig/.local/lib/python3.10/site-packages/airflow/example_dags/example_task_group.py
[2023-01-03T22:14:43.688+0100] {processor.py:743} INFO - Processing file /home/chrisfleig/.local/lib/python3.10/site-packages/airflow/example_dags/example_task_group.py for tasks to queue
[2023-01-03T22:14:43.690+0100] {logging_mixin.py:137} INFO - [2023-01-03T22:14:43.689+0100] {dagbag.py:538} INFO - Filling up the DagBag from /home/chrisfleig/.local/lib/python3.10/site-packages/airflow/example_dags/example_task_group.py
[2023-01-03T22:14:43.709+0100] {processor.py:753} INFO - DAG(s) dict_keys(['example_task_group']) retrieved from /home/chrisfleig/.local/lib/python3.10/site-packages/airflow/example_dags/example_task_group.py
[2023-01-03T22:14:43.736+0100] {logging_mixin.py:137} INFO - [2023-01-03T22:14:43.735+0100] {dag.py:2676} INFO - Sync 1 DAGs
[2023-01-03T22:14:43.761+0100] {logging_mixin.py:137} INFO - [2023-01-03T22:14:43.761+0100] {dag.py:3423} INFO - Setting next_dagrun for example_task_group to 2023-01-02T21:14:43.761404+00:00, run_after=2023-01-03T21:14:43.761404+00:00
[2023-01-03T22:14:43.800+0100] {processor.py:175} INFO - Processing /home/chrisfleig/.local/lib/python3.10/site-packages/airflow/example_dags/example_task_group.py took 0.117 seconds
[2023-01-03T22:15:22.685+0100] {processor.py:153} INFO - Started process (PID=8450) to work on /home/chrisfleig/.local/lib/python3.10/site-packages/airflow/example_dags/example_task_group.py
[2023-01-03T22:15:22.688+0100] {processor.py:743} INFO - Processing file /home/chrisfleig/.local/lib/python3.10/site-packages/airflow/example_dags/example_task_group.py for tasks to queue
[2023-01-03T22:15:22.689+0100] {logging_mixin.py:137} INFO - [2023-01-03T22:15:22.689+0100] {dagbag.py:538} INFO - Filling up the DagBag from /home/chrisfleig/.local/lib/python3.10/site-packages/airflow/example_dags/example_task_group.py
[2023-01-03T22:15:22.708+0100] {processor.py:753} INFO - DAG(s) dict_keys(['example_task_group']) retrieved from /home/chrisfleig/.local/lib/python3.10/site-packages/airflow/example_dags/example_task_group.py
[2023-01-03T22:15:22.731+0100] {logging_mixin.py:137} INFO - [2023-01-03T22:15:22.731+0100] {dag.py:2676} INFO - Sync 1 DAGs
[2023-01-03T22:15:22.754+0100] {logging_mixin.py:137} INFO - [2023-01-03T22:15:22.754+0100] {dag.py:3423} INFO - Setting next_dagrun for example_task_group to 2023-01-02T21:15:22.754284+00:00, run_after=2023-01-03T21:15:22.754284+00:00
[2023-01-03T22:15:22.797+0100] {processor.py:175} INFO - Processing /home/chrisfleig/.local/lib/python3.10/site-packages/airflow/example_dags/example_task_group.py took 0.115 seconds
[2023-01-03T22:31:16.991+0100] {processor.py:153} INFO - Started process (PID=8540) to work on /home/chrisfleig/.local/lib/python3.10/site-packages/airflow/example_dags/example_task_group.py
[2023-01-03T22:31:16.992+0100] {processor.py:743} INFO - Processing file /home/chrisfleig/.local/lib/python3.10/site-packages/airflow/example_dags/example_task_group.py for tasks to queue
[2023-01-03T22:31:16.992+0100] {logging_mixin.py:137} INFO - [2023-01-03T22:31:16.992+0100] {dagbag.py:538} INFO - Filling up the DagBag from /home/chrisfleig/.local/lib/python3.10/site-packages/airflow/example_dags/example_task_group.py
[2023-01-03T22:31:17.009+0100] {processor.py:753} INFO - DAG(s) dict_keys(['example_task_group']) retrieved from /home/chrisfleig/.local/lib/python3.10/site-packages/airflow/example_dags/example_task_group.py
[2023-01-03T22:31:17.022+0100] {logging_mixin.py:137} INFO - [2023-01-03T22:31:17.021+0100] {dag.py:2676} INFO - Sync 1 DAGs
[2023-01-03T22:31:17.044+0100] {logging_mixin.py:137} INFO - [2023-01-03T22:31:17.044+0100] {dag.py:3423} INFO - Setting next_dagrun for example_task_group to 2023-01-02T21:31:17.043767+00:00, run_after=2023-01-03T21:31:17.043767+00:00
[2023-01-03T22:31:17.083+0100] {processor.py:175} INFO - Processing /home/chrisfleig/.local/lib/python3.10/site-packages/airflow/example_dags/example_task_group.py took 0.095 seconds
[2023-01-03T22:31:56.407+0100] {processor.py:153} INFO - Started process (PID=8584) to work on /home/chrisfleig/.local/lib/python3.10/site-packages/airflow/example_dags/example_task_group.py
[2023-01-03T22:31:56.408+0100] {processor.py:743} INFO - Processing file /home/chrisfleig/.local/lib/python3.10/site-packages/airflow/example_dags/example_task_group.py for tasks to queue
[2023-01-03T22:31:56.409+0100] {logging_mixin.py:137} INFO - [2023-01-03T22:31:56.409+0100] {dagbag.py:538} INFO - Filling up the DagBag from /home/chrisfleig/.local/lib/python3.10/site-packages/airflow/example_dags/example_task_group.py
[2023-01-03T22:31:56.424+0100] {processor.py:753} INFO - DAG(s) dict_keys(['example_task_group']) retrieved from /home/chrisfleig/.local/lib/python3.10/site-packages/airflow/example_dags/example_task_group.py
[2023-01-03T22:31:56.449+0100] {logging_mixin.py:137} INFO - [2023-01-03T22:31:56.448+0100] {dag.py:2676} INFO - Sync 1 DAGs
[2023-01-03T22:31:56.468+0100] {logging_mixin.py:137} INFO - [2023-01-03T22:31:56.468+0100] {dag.py:3423} INFO - Setting next_dagrun for example_task_group to 2023-01-02T21:31:56.468035+00:00, run_after=2023-01-03T21:31:56.468035+00:00
[2023-01-03T22:31:56.503+0100] {processor.py:175} INFO - Processing /home/chrisfleig/.local/lib/python3.10/site-packages/airflow/example_dags/example_task_group.py took 0.098 seconds
[2023-01-03T22:32:35.466+0100] {processor.py:153} INFO - Started process (PID=8622) to work on /home/chrisfleig/.local/lib/python3.10/site-packages/airflow/example_dags/example_task_group.py
[2023-01-03T22:32:35.467+0100] {processor.py:743} INFO - Processing file /home/chrisfleig/.local/lib/python3.10/site-packages/airflow/example_dags/example_task_group.py for tasks to queue
[2023-01-03T22:32:35.468+0100] {logging_mixin.py:137} INFO - [2023-01-03T22:32:35.468+0100] {dagbag.py:538} INFO - Filling up the DagBag from /home/chrisfleig/.local/lib/python3.10/site-packages/airflow/example_dags/example_task_group.py
[2023-01-03T22:32:35.482+0100] {processor.py:753} INFO - DAG(s) dict_keys(['example_task_group']) retrieved from /home/chrisfleig/.local/lib/python3.10/site-packages/airflow/example_dags/example_task_group.py
[2023-01-03T22:32:35.503+0100] {logging_mixin.py:137} INFO - [2023-01-03T22:32:35.503+0100] {dag.py:2676} INFO - Sync 1 DAGs
[2023-01-03T22:32:35.519+0100] {logging_mixin.py:137} INFO - [2023-01-03T22:32:35.519+0100] {dag.py:3423} INFO - Setting next_dagrun for example_task_group to 2023-01-02T21:32:35.518929+00:00, run_after=2023-01-03T21:32:35.518929+00:00
[2023-01-03T22:32:35.578+0100] {processor.py:175} INFO - Processing /home/chrisfleig/.local/lib/python3.10/site-packages/airflow/example_dags/example_task_group.py took 0.114 seconds
[2023-01-03T22:33:15.474+0100] {processor.py:153} INFO - Started process (PID=8660) to work on /home/chrisfleig/.local/lib/python3.10/site-packages/airflow/example_dags/example_task_group.py
[2023-01-03T22:33:15.475+0100] {processor.py:743} INFO - Processing file /home/chrisfleig/.local/lib/python3.10/site-packages/airflow/example_dags/example_task_group.py for tasks to queue
[2023-01-03T22:33:15.476+0100] {logging_mixin.py:137} INFO - [2023-01-03T22:33:15.476+0100] {dagbag.py:538} INFO - Filling up the DagBag from /home/chrisfleig/.local/lib/python3.10/site-packages/airflow/example_dags/example_task_group.py
[2023-01-03T22:33:15.492+0100] {processor.py:753} INFO - DAG(s) dict_keys(['example_task_group']) retrieved from /home/chrisfleig/.local/lib/python3.10/site-packages/airflow/example_dags/example_task_group.py
[2023-01-03T22:33:15.516+0100] {logging_mixin.py:137} INFO - [2023-01-03T22:33:15.516+0100] {dag.py:2676} INFO - Sync 1 DAGs
[2023-01-03T22:33:15.536+0100] {logging_mixin.py:137} INFO - [2023-01-03T22:33:15.536+0100] {dag.py:3423} INFO - Setting next_dagrun for example_task_group to 2023-01-02T21:33:15.535982+00:00, run_after=2023-01-03T21:33:15.535982+00:00
[2023-01-03T22:33:15.575+0100] {processor.py:175} INFO - Processing /home/chrisfleig/.local/lib/python3.10/site-packages/airflow/example_dags/example_task_group.py took 0.106 seconds
[2023-01-03T22:33:53.985+0100] {processor.py:153} INFO - Started process (PID=8698) to work on /home/chrisfleig/.local/lib/python3.10/site-packages/airflow/example_dags/example_task_group.py
[2023-01-03T22:33:53.986+0100] {processor.py:743} INFO - Processing file /home/chrisfleig/.local/lib/python3.10/site-packages/airflow/example_dags/example_task_group.py for tasks to queue
[2023-01-03T22:33:53.986+0100] {logging_mixin.py:137} INFO - [2023-01-03T22:33:53.986+0100] {dagbag.py:538} INFO - Filling up the DagBag from /home/chrisfleig/.local/lib/python3.10/site-packages/airflow/example_dags/example_task_group.py
[2023-01-03T22:33:54.001+0100] {processor.py:753} INFO - DAG(s) dict_keys(['example_task_group']) retrieved from /home/chrisfleig/.local/lib/python3.10/site-packages/airflow/example_dags/example_task_group.py
[2023-01-03T22:33:54.024+0100] {logging_mixin.py:137} INFO - [2023-01-03T22:33:54.023+0100] {dag.py:2676} INFO - Sync 1 DAGs
[2023-01-03T22:33:54.041+0100] {logging_mixin.py:137} INFO - [2023-01-03T22:33:54.041+0100] {dag.py:3423} INFO - Setting next_dagrun for example_task_group to 2023-01-02T21:33:54.041271+00:00, run_after=2023-01-03T21:33:54.041271+00:00
[2023-01-03T22:33:54.076+0100] {processor.py:175} INFO - Processing /home/chrisfleig/.local/lib/python3.10/site-packages/airflow/example_dags/example_task_group.py took 0.094 seconds
[2023-01-03T22:34:33.293+0100] {processor.py:153} INFO - Started process (PID=8736) to work on /home/chrisfleig/.local/lib/python3.10/site-packages/airflow/example_dags/example_task_group.py
[2023-01-03T22:34:33.294+0100] {processor.py:743} INFO - Processing file /home/chrisfleig/.local/lib/python3.10/site-packages/airflow/example_dags/example_task_group.py for tasks to queue
[2023-01-03T22:34:33.295+0100] {logging_mixin.py:137} INFO - [2023-01-03T22:34:33.295+0100] {dagbag.py:538} INFO - Filling up the DagBag from /home/chrisfleig/.local/lib/python3.10/site-packages/airflow/example_dags/example_task_group.py
[2023-01-03T22:34:33.308+0100] {processor.py:753} INFO - DAG(s) dict_keys(['example_task_group']) retrieved from /home/chrisfleig/.local/lib/python3.10/site-packages/airflow/example_dags/example_task_group.py
[2023-01-03T22:34:33.329+0100] {logging_mixin.py:137} INFO - [2023-01-03T22:34:33.329+0100] {dag.py:2676} INFO - Sync 1 DAGs
[2023-01-03T22:34:33.346+0100] {logging_mixin.py:137} INFO - [2023-01-03T22:34:33.346+0100] {dag.py:3423} INFO - Setting next_dagrun for example_task_group to 2023-01-02T21:34:33.345883+00:00, run_after=2023-01-03T21:34:33.345883+00:00
[2023-01-03T22:34:33.381+0100] {processor.py:175} INFO - Processing /home/chrisfleig/.local/lib/python3.10/site-packages/airflow/example_dags/example_task_group.py took 0.090 seconds
[2023-01-03T22:35:13.477+0100] {processor.py:153} INFO - Started process (PID=8774) to work on /home/chrisfleig/.local/lib/python3.10/site-packages/airflow/example_dags/example_task_group.py
[2023-01-03T22:35:13.478+0100] {processor.py:743} INFO - Processing file /home/chrisfleig/.local/lib/python3.10/site-packages/airflow/example_dags/example_task_group.py for tasks to queue
[2023-01-03T22:35:13.479+0100] {logging_mixin.py:137} INFO - [2023-01-03T22:35:13.479+0100] {dagbag.py:538} INFO - Filling up the DagBag from /home/chrisfleig/.local/lib/python3.10/site-packages/airflow/example_dags/example_task_group.py
[2023-01-03T22:35:13.493+0100] {processor.py:753} INFO - DAG(s) dict_keys(['example_task_group']) retrieved from /home/chrisfleig/.local/lib/python3.10/site-packages/airflow/example_dags/example_task_group.py
[2023-01-03T22:35:13.513+0100] {logging_mixin.py:137} INFO - [2023-01-03T22:35:13.513+0100] {dag.py:2676} INFO - Sync 1 DAGs
[2023-01-03T22:35:13.529+0100] {logging_mixin.py:137} INFO - [2023-01-03T22:35:13.529+0100] {dag.py:3423} INFO - Setting next_dagrun for example_task_group to 2023-01-02T21:35:13.529606+00:00, run_after=2023-01-03T21:35:13.529606+00:00
[2023-01-03T22:35:13.567+0100] {processor.py:175} INFO - Processing /home/chrisfleig/.local/lib/python3.10/site-packages/airflow/example_dags/example_task_group.py took 0.093 seconds
[2023-01-03T22:35:51.634+0100] {processor.py:153} INFO - Started process (PID=8812) to work on /home/chrisfleig/.local/lib/python3.10/site-packages/airflow/example_dags/example_task_group.py
[2023-01-03T22:35:51.635+0100] {processor.py:743} INFO - Processing file /home/chrisfleig/.local/lib/python3.10/site-packages/airflow/example_dags/example_task_group.py for tasks to queue
[2023-01-03T22:35:51.636+0100] {logging_mixin.py:137} INFO - [2023-01-03T22:35:51.636+0100] {dagbag.py:538} INFO - Filling up the DagBag from /home/chrisfleig/.local/lib/python3.10/site-packages/airflow/example_dags/example_task_group.py
[2023-01-03T22:35:51.649+0100] {processor.py:753} INFO - DAG(s) dict_keys(['example_task_group']) retrieved from /home/chrisfleig/.local/lib/python3.10/site-packages/airflow/example_dags/example_task_group.py
[2023-01-03T22:35:51.669+0100] {logging_mixin.py:137} INFO - [2023-01-03T22:35:51.669+0100] {dag.py:2676} INFO - Sync 1 DAGs
[2023-01-03T22:35:51.686+0100] {logging_mixin.py:137} INFO - [2023-01-03T22:35:51.686+0100] {dag.py:3423} INFO - Setting next_dagrun for example_task_group to 2023-01-02T21:35:51.686420+00:00, run_after=2023-01-03T21:35:51.686420+00:00
[2023-01-03T22:35:51.722+0100] {processor.py:175} INFO - Processing /home/chrisfleig/.local/lib/python3.10/site-packages/airflow/example_dags/example_task_group.py took 0.090 seconds
[2023-01-03T22:36:30.947+0100] {processor.py:153} INFO - Started process (PID=8850) to work on /home/chrisfleig/.local/lib/python3.10/site-packages/airflow/example_dags/example_task_group.py
[2023-01-03T22:36:30.948+0100] {processor.py:743} INFO - Processing file /home/chrisfleig/.local/lib/python3.10/site-packages/airflow/example_dags/example_task_group.py for tasks to queue
[2023-01-03T22:36:30.948+0100] {logging_mixin.py:137} INFO - [2023-01-03T22:36:30.948+0100] {dagbag.py:538} INFO - Filling up the DagBag from /home/chrisfleig/.local/lib/python3.10/site-packages/airflow/example_dags/example_task_group.py
[2023-01-03T22:36:30.962+0100] {processor.py:753} INFO - DAG(s) dict_keys(['example_task_group']) retrieved from /home/chrisfleig/.local/lib/python3.10/site-packages/airflow/example_dags/example_task_group.py
[2023-01-03T22:36:31.002+0100] {logging_mixin.py:137} INFO - [2023-01-03T22:36:31.002+0100] {dag.py:2676} INFO - Sync 1 DAGs
[2023-01-03T22:36:31.021+0100] {logging_mixin.py:137} INFO - [2023-01-03T22:36:31.021+0100] {dag.py:3423} INFO - Setting next_dagrun for example_task_group to 2023-01-02T21:36:31.021244+00:00, run_after=2023-01-03T21:36:31.021244+00:00
[2023-01-03T22:36:31.059+0100] {processor.py:175} INFO - Processing /home/chrisfleig/.local/lib/python3.10/site-packages/airflow/example_dags/example_task_group.py took 0.115 seconds
[2023-01-03T22:37:08.777+0100] {processor.py:153} INFO - Started process (PID=8888) to work on /home/chrisfleig/.local/lib/python3.10/site-packages/airflow/example_dags/example_task_group.py
[2023-01-03T22:37:08.778+0100] {processor.py:743} INFO - Processing file /home/chrisfleig/.local/lib/python3.10/site-packages/airflow/example_dags/example_task_group.py for tasks to queue
[2023-01-03T22:37:08.778+0100] {logging_mixin.py:137} INFO - [2023-01-03T22:37:08.778+0100] {dagbag.py:538} INFO - Filling up the DagBag from /home/chrisfleig/.local/lib/python3.10/site-packages/airflow/example_dags/example_task_group.py
[2023-01-03T22:37:08.794+0100] {processor.py:753} INFO - DAG(s) dict_keys(['example_task_group']) retrieved from /home/chrisfleig/.local/lib/python3.10/site-packages/airflow/example_dags/example_task_group.py
[2023-01-03T22:37:08.821+0100] {logging_mixin.py:137} INFO - [2023-01-03T22:37:08.821+0100] {dag.py:2676} INFO - Sync 1 DAGs
[2023-01-03T22:37:08.848+0100] {logging_mixin.py:137} INFO - [2023-01-03T22:37:08.848+0100] {dag.py:3423} INFO - Setting next_dagrun for example_task_group to 2023-01-02T21:37:08.848358+00:00, run_after=2023-01-03T21:37:08.848358+00:00
[2023-01-03T22:37:08.893+0100] {processor.py:175} INFO - Processing /home/chrisfleig/.local/lib/python3.10/site-packages/airflow/example_dags/example_task_group.py took 0.121 seconds
[2023-01-03T22:37:46.536+0100] {processor.py:153} INFO - Started process (PID=8926) to work on /home/chrisfleig/.local/lib/python3.10/site-packages/airflow/example_dags/example_task_group.py
[2023-01-03T22:37:46.537+0100] {processor.py:743} INFO - Processing file /home/chrisfleig/.local/lib/python3.10/site-packages/airflow/example_dags/example_task_group.py for tasks to queue
[2023-01-03T22:37:46.537+0100] {logging_mixin.py:137} INFO - [2023-01-03T22:37:46.537+0100] {dagbag.py:538} INFO - Filling up the DagBag from /home/chrisfleig/.local/lib/python3.10/site-packages/airflow/example_dags/example_task_group.py
[2023-01-03T22:37:46.550+0100] {processor.py:753} INFO - DAG(s) dict_keys(['example_task_group']) retrieved from /home/chrisfleig/.local/lib/python3.10/site-packages/airflow/example_dags/example_task_group.py
[2023-01-03T22:37:46.571+0100] {logging_mixin.py:137} INFO - [2023-01-03T22:37:46.570+0100] {dag.py:2676} INFO - Sync 1 DAGs
[2023-01-03T22:37:46.586+0100] {logging_mixin.py:137} INFO - [2023-01-03T22:37:46.586+0100] {dag.py:3423} INFO - Setting next_dagrun for example_task_group to 2023-01-02T21:37:46.586613+00:00, run_after=2023-01-03T21:37:46.586613+00:00
[2023-01-03T22:37:46.621+0100] {processor.py:175} INFO - Processing /home/chrisfleig/.local/lib/python3.10/site-packages/airflow/example_dags/example_task_group.py took 0.088 seconds
[2023-01-03T22:38:24.740+0100] {processor.py:153} INFO - Started process (PID=8964) to work on /home/chrisfleig/.local/lib/python3.10/site-packages/airflow/example_dags/example_task_group.py
[2023-01-03T22:38:24.742+0100] {processor.py:743} INFO - Processing file /home/chrisfleig/.local/lib/python3.10/site-packages/airflow/example_dags/example_task_group.py for tasks to queue
[2023-01-03T22:38:24.743+0100] {logging_mixin.py:137} INFO - [2023-01-03T22:38:24.743+0100] {dagbag.py:538} INFO - Filling up the DagBag from /home/chrisfleig/.local/lib/python3.10/site-packages/airflow/example_dags/example_task_group.py
[2023-01-03T22:38:24.761+0100] {processor.py:753} INFO - DAG(s) dict_keys(['example_task_group']) retrieved from /home/chrisfleig/.local/lib/python3.10/site-packages/airflow/example_dags/example_task_group.py
[2023-01-03T22:38:24.800+0100] {logging_mixin.py:137} INFO - [2023-01-03T22:38:24.800+0100] {dag.py:2676} INFO - Sync 1 DAGs
[2023-01-03T22:38:24.834+0100] {logging_mixin.py:137} INFO - [2023-01-03T22:38:24.834+0100] {dag.py:3423} INFO - Setting next_dagrun for example_task_group to 2023-01-02T21:38:24.834264+00:00, run_after=2023-01-03T21:38:24.834264+00:00
[2023-01-03T22:38:24.900+0100] {processor.py:175} INFO - Processing /home/chrisfleig/.local/lib/python3.10/site-packages/airflow/example_dags/example_task_group.py took 0.164 seconds
[2023-01-03T22:39:03.972+0100] {processor.py:153} INFO - Started process (PID=9002) to work on /home/chrisfleig/.local/lib/python3.10/site-packages/airflow/example_dags/example_task_group.py
[2023-01-03T22:39:03.973+0100] {processor.py:743} INFO - Processing file /home/chrisfleig/.local/lib/python3.10/site-packages/airflow/example_dags/example_task_group.py for tasks to queue
[2023-01-03T22:39:03.974+0100] {logging_mixin.py:137} INFO - [2023-01-03T22:39:03.974+0100] {dagbag.py:538} INFO - Filling up the DagBag from /home/chrisfleig/.local/lib/python3.10/site-packages/airflow/example_dags/example_task_group.py
[2023-01-03T22:39:03.988+0100] {processor.py:753} INFO - DAG(s) dict_keys(['example_task_group']) retrieved from /home/chrisfleig/.local/lib/python3.10/site-packages/airflow/example_dags/example_task_group.py
[2023-01-03T22:39:04.009+0100] {logging_mixin.py:137} INFO - [2023-01-03T22:39:04.009+0100] {dag.py:2676} INFO - Sync 1 DAGs
[2023-01-03T22:39:04.025+0100] {logging_mixin.py:137} INFO - [2023-01-03T22:39:04.025+0100] {dag.py:3423} INFO - Setting next_dagrun for example_task_group to 2023-01-02T21:39:04.025419+00:00, run_after=2023-01-03T21:39:04.025419+00:00
[2023-01-03T22:39:04.060+0100] {processor.py:175} INFO - Processing /home/chrisfleig/.local/lib/python3.10/site-packages/airflow/example_dags/example_task_group.py took 0.090 seconds
[2023-01-03T22:39:44.252+0100] {processor.py:153} INFO - Started process (PID=9040) to work on /home/chrisfleig/.local/lib/python3.10/site-packages/airflow/example_dags/example_task_group.py
[2023-01-03T22:39:44.253+0100] {processor.py:743} INFO - Processing file /home/chrisfleig/.local/lib/python3.10/site-packages/airflow/example_dags/example_task_group.py for tasks to queue
[2023-01-03T22:39:44.253+0100] {logging_mixin.py:137} INFO - [2023-01-03T22:39:44.253+0100] {dagbag.py:538} INFO - Filling up the DagBag from /home/chrisfleig/.local/lib/python3.10/site-packages/airflow/example_dags/example_task_group.py
[2023-01-03T22:39:44.267+0100] {processor.py:753} INFO - DAG(s) dict_keys(['example_task_group']) retrieved from /home/chrisfleig/.local/lib/python3.10/site-packages/airflow/example_dags/example_task_group.py
[2023-01-03T22:39:44.287+0100] {logging_mixin.py:137} INFO - [2023-01-03T22:39:44.287+0100] {dag.py:2676} INFO - Sync 1 DAGs
[2023-01-03T22:39:44.304+0100] {logging_mixin.py:137} INFO - [2023-01-03T22:39:44.304+0100] {dag.py:3423} INFO - Setting next_dagrun for example_task_group to 2023-01-02T21:39:44.304042+00:00, run_after=2023-01-03T21:39:44.304042+00:00
[2023-01-03T22:39:44.345+0100] {processor.py:175} INFO - Processing /home/chrisfleig/.local/lib/python3.10/site-packages/airflow/example_dags/example_task_group.py took 0.095 seconds
[2023-01-03T22:40:22.629+0100] {processor.py:153} INFO - Started process (PID=9078) to work on /home/chrisfleig/.local/lib/python3.10/site-packages/airflow/example_dags/example_task_group.py
[2023-01-03T22:40:22.630+0100] {processor.py:743} INFO - Processing file /home/chrisfleig/.local/lib/python3.10/site-packages/airflow/example_dags/example_task_group.py for tasks to queue
[2023-01-03T22:40:22.631+0100] {logging_mixin.py:137} INFO - [2023-01-03T22:40:22.631+0100] {dagbag.py:538} INFO - Filling up the DagBag from /home/chrisfleig/.local/lib/python3.10/site-packages/airflow/example_dags/example_task_group.py
[2023-01-03T22:40:22.644+0100] {processor.py:753} INFO - DAG(s) dict_keys(['example_task_group']) retrieved from /home/chrisfleig/.local/lib/python3.10/site-packages/airflow/example_dags/example_task_group.py
[2023-01-03T22:40:22.664+0100] {logging_mixin.py:137} INFO - [2023-01-03T22:40:22.664+0100] {dag.py:2676} INFO - Sync 1 DAGs
[2023-01-03T22:40:22.682+0100] {logging_mixin.py:137} INFO - [2023-01-03T22:40:22.682+0100] {dag.py:3423} INFO - Setting next_dagrun for example_task_group to 2023-01-02T21:40:22.681951+00:00, run_after=2023-01-03T21:40:22.681951+00:00
[2023-01-03T22:40:22.718+0100] {processor.py:175} INFO - Processing /home/chrisfleig/.local/lib/python3.10/site-packages/airflow/example_dags/example_task_group.py took 0.091 seconds
[2023-01-03T22:41:01.418+0100] {processor.py:153} INFO - Started process (PID=9116) to work on /home/chrisfleig/.local/lib/python3.10/site-packages/airflow/example_dags/example_task_group.py
[2023-01-03T22:41:01.419+0100] {processor.py:743} INFO - Processing file /home/chrisfleig/.local/lib/python3.10/site-packages/airflow/example_dags/example_task_group.py for tasks to queue
[2023-01-03T22:41:01.419+0100] {logging_mixin.py:137} INFO - [2023-01-03T22:41:01.419+0100] {dagbag.py:538} INFO - Filling up the DagBag from /home/chrisfleig/.local/lib/python3.10/site-packages/airflow/example_dags/example_task_group.py
[2023-01-03T22:41:01.434+0100] {processor.py:753} INFO - DAG(s) dict_keys(['example_task_group']) retrieved from /home/chrisfleig/.local/lib/python3.10/site-packages/airflow/example_dags/example_task_group.py
[2023-01-03T22:41:01.454+0100] {logging_mixin.py:137} INFO - [2023-01-03T22:41:01.454+0100] {dag.py:2676} INFO - Sync 1 DAGs
[2023-01-03T22:41:01.471+0100] {logging_mixin.py:137} INFO - [2023-01-03T22:41:01.471+0100] {dag.py:3423} INFO - Setting next_dagrun for example_task_group to 2023-01-02T21:41:01.471464+00:00, run_after=2023-01-03T21:41:01.471464+00:00
[2023-01-03T22:41:01.509+0100] {processor.py:175} INFO - Processing /home/chrisfleig/.local/lib/python3.10/site-packages/airflow/example_dags/example_task_group.py took 0.094 seconds
[2023-01-03T22:41:38.420+0100] {processor.py:153} INFO - Started process (PID=9154) to work on /home/chrisfleig/.local/lib/python3.10/site-packages/airflow/example_dags/example_task_group.py
[2023-01-03T22:41:38.421+0100] {processor.py:743} INFO - Processing file /home/chrisfleig/.local/lib/python3.10/site-packages/airflow/example_dags/example_task_group.py for tasks to queue
[2023-01-03T22:41:38.422+0100] {logging_mixin.py:137} INFO - [2023-01-03T22:41:38.421+0100] {dagbag.py:538} INFO - Filling up the DagBag from /home/chrisfleig/.local/lib/python3.10/site-packages/airflow/example_dags/example_task_group.py
[2023-01-03T22:41:38.435+0100] {processor.py:753} INFO - DAG(s) dict_keys(['example_task_group']) retrieved from /home/chrisfleig/.local/lib/python3.10/site-packages/airflow/example_dags/example_task_group.py
[2023-01-03T22:41:38.455+0100] {logging_mixin.py:137} INFO - [2023-01-03T22:41:38.455+0100] {dag.py:2676} INFO - Sync 1 DAGs
[2023-01-03T22:41:38.472+0100] {logging_mixin.py:137} INFO - [2023-01-03T22:41:38.471+0100] {dag.py:3423} INFO - Setting next_dagrun for example_task_group to 2023-01-02T21:41:38.471690+00:00, run_after=2023-01-03T21:41:38.471690+00:00
[2023-01-03T22:41:38.506+0100] {processor.py:175} INFO - Processing /home/chrisfleig/.local/lib/python3.10/site-packages/airflow/example_dags/example_task_group.py took 0.088 seconds
[2023-01-03T22:42:17.575+0100] {processor.py:153} INFO - Started process (PID=9194) to work on /home/chrisfleig/.local/lib/python3.10/site-packages/airflow/example_dags/example_task_group.py
[2023-01-03T22:42:17.576+0100] {processor.py:743} INFO - Processing file /home/chrisfleig/.local/lib/python3.10/site-packages/airflow/example_dags/example_task_group.py for tasks to queue
[2023-01-03T22:42:17.577+0100] {logging_mixin.py:137} INFO - [2023-01-03T22:42:17.577+0100] {dagbag.py:538} INFO - Filling up the DagBag from /home/chrisfleig/.local/lib/python3.10/site-packages/airflow/example_dags/example_task_group.py
[2023-01-03T22:42:17.595+0100] {processor.py:753} INFO - DAG(s) dict_keys(['example_task_group']) retrieved from /home/chrisfleig/.local/lib/python3.10/site-packages/airflow/example_dags/example_task_group.py
[2023-01-03T22:42:17.622+0100] {logging_mixin.py:137} INFO - [2023-01-03T22:42:17.621+0100] {dag.py:2676} INFO - Sync 1 DAGs
[2023-01-03T22:42:17.643+0100] {logging_mixin.py:137} INFO - [2023-01-03T22:42:17.643+0100] {dag.py:3423} INFO - Setting next_dagrun for example_task_group to 2023-01-02T21:42:17.643651+00:00, run_after=2023-01-03T21:42:17.643651+00:00
[2023-01-03T22:42:17.679+0100] {processor.py:175} INFO - Processing /home/chrisfleig/.local/lib/python3.10/site-packages/airflow/example_dags/example_task_group.py took 0.109 seconds
[2023-01-03T22:42:55.815+0100] {processor.py:153} INFO - Started process (PID=9234) to work on /home/chrisfleig/.local/lib/python3.10/site-packages/airflow/example_dags/example_task_group.py
[2023-01-03T22:42:55.817+0100] {processor.py:743} INFO - Processing file /home/chrisfleig/.local/lib/python3.10/site-packages/airflow/example_dags/example_task_group.py for tasks to queue
[2023-01-03T22:42:55.817+0100] {logging_mixin.py:137} INFO - [2023-01-03T22:42:55.817+0100] {dagbag.py:538} INFO - Filling up the DagBag from /home/chrisfleig/.local/lib/python3.10/site-packages/airflow/example_dags/example_task_group.py
[2023-01-03T22:42:55.834+0100] {processor.py:753} INFO - DAG(s) dict_keys(['example_task_group']) retrieved from /home/chrisfleig/.local/lib/python3.10/site-packages/airflow/example_dags/example_task_group.py
[2023-01-03T22:42:55.859+0100] {logging_mixin.py:137} INFO - [2023-01-03T22:42:55.859+0100] {dag.py:2676} INFO - Sync 1 DAGs
[2023-01-03T22:42:55.879+0100] {logging_mixin.py:137} INFO - [2023-01-03T22:42:55.878+0100] {dag.py:3423} INFO - Setting next_dagrun for example_task_group to 2023-01-02T21:42:55.878703+00:00, run_after=2023-01-03T21:42:55.878703+00:00
[2023-01-03T22:42:55.916+0100] {processor.py:175} INFO - Processing /home/chrisfleig/.local/lib/python3.10/site-packages/airflow/example_dags/example_task_group.py took 0.103 seconds
[2023-01-03T22:43:36.960+0100] {processor.py:153} INFO - Started process (PID=9272) to work on /home/chrisfleig/.local/lib/python3.10/site-packages/airflow/example_dags/example_task_group.py
[2023-01-03T22:43:36.961+0100] {processor.py:743} INFO - Processing file /home/chrisfleig/.local/lib/python3.10/site-packages/airflow/example_dags/example_task_group.py for tasks to queue
[2023-01-03T22:43:36.961+0100] {logging_mixin.py:137} INFO - [2023-01-03T22:43:36.961+0100] {dagbag.py:538} INFO - Filling up the DagBag from /home/chrisfleig/.local/lib/python3.10/site-packages/airflow/example_dags/example_task_group.py
[2023-01-03T22:43:36.975+0100] {processor.py:753} INFO - DAG(s) dict_keys(['example_task_group']) retrieved from /home/chrisfleig/.local/lib/python3.10/site-packages/airflow/example_dags/example_task_group.py
[2023-01-03T22:43:36.995+0100] {logging_mixin.py:137} INFO - [2023-01-03T22:43:36.995+0100] {dag.py:2676} INFO - Sync 1 DAGs
[2023-01-03T22:43:37.012+0100] {logging_mixin.py:137} INFO - [2023-01-03T22:43:37.012+0100] {dag.py:3423} INFO - Setting next_dagrun for example_task_group to 2023-01-02T21:43:37.012227+00:00, run_after=2023-01-03T21:43:37.012227+00:00
[2023-01-03T22:43:37.050+0100] {processor.py:175} INFO - Processing /home/chrisfleig/.local/lib/python3.10/site-packages/airflow/example_dags/example_task_group.py took 0.093 seconds
[2023-01-03T22:44:14.453+0100] {processor.py:153} INFO - Started process (PID=9310) to work on /home/chrisfleig/.local/lib/python3.10/site-packages/airflow/example_dags/example_task_group.py
[2023-01-03T22:44:14.454+0100] {processor.py:743} INFO - Processing file /home/chrisfleig/.local/lib/python3.10/site-packages/airflow/example_dags/example_task_group.py for tasks to queue
[2023-01-03T22:44:14.455+0100] {logging_mixin.py:137} INFO - [2023-01-03T22:44:14.455+0100] {dagbag.py:538} INFO - Filling up the DagBag from /home/chrisfleig/.local/lib/python3.10/site-packages/airflow/example_dags/example_task_group.py
[2023-01-03T22:44:14.474+0100] {processor.py:753} INFO - DAG(s) dict_keys(['example_task_group']) retrieved from /home/chrisfleig/.local/lib/python3.10/site-packages/airflow/example_dags/example_task_group.py
[2023-01-03T22:44:14.498+0100] {logging_mixin.py:137} INFO - [2023-01-03T22:44:14.498+0100] {dag.py:2676} INFO - Sync 1 DAGs
[2023-01-03T22:44:14.516+0100] {logging_mixin.py:137} INFO - [2023-01-03T22:44:14.516+0100] {dag.py:3423} INFO - Setting next_dagrun for example_task_group to 2023-01-02T21:44:14.516365+00:00, run_after=2023-01-03T21:44:14.516365+00:00
[2023-01-03T22:44:14.561+0100] {processor.py:175} INFO - Processing /home/chrisfleig/.local/lib/python3.10/site-packages/airflow/example_dags/example_task_group.py took 0.110 seconds
[2023-01-03T22:44:53.466+0100] {processor.py:153} INFO - Started process (PID=9348) to work on /home/chrisfleig/.local/lib/python3.10/site-packages/airflow/example_dags/example_task_group.py
[2023-01-03T22:44:53.468+0100] {processor.py:743} INFO - Processing file /home/chrisfleig/.local/lib/python3.10/site-packages/airflow/example_dags/example_task_group.py for tasks to queue
[2023-01-03T22:44:53.469+0100] {logging_mixin.py:137} INFO - [2023-01-03T22:44:53.469+0100] {dagbag.py:538} INFO - Filling up the DagBag from /home/chrisfleig/.local/lib/python3.10/site-packages/airflow/example_dags/example_task_group.py
[2023-01-03T22:44:53.492+0100] {processor.py:753} INFO - DAG(s) dict_keys(['example_task_group']) retrieved from /home/chrisfleig/.local/lib/python3.10/site-packages/airflow/example_dags/example_task_group.py
[2023-01-03T22:44:53.523+0100] {logging_mixin.py:137} INFO - [2023-01-03T22:44:53.523+0100] {dag.py:2676} INFO - Sync 1 DAGs
[2023-01-03T22:44:53.548+0100] {logging_mixin.py:137} INFO - [2023-01-03T22:44:53.548+0100] {dag.py:3423} INFO - Setting next_dagrun for example_task_group to 2023-01-02T21:44:53.546127+00:00, run_after=2023-01-03T21:44:53.546127+00:00
[2023-01-03T22:44:53.594+0100] {processor.py:175} INFO - Processing /home/chrisfleig/.local/lib/python3.10/site-packages/airflow/example_dags/example_task_group.py took 0.132 seconds
[2023-01-03T22:45:32.874+0100] {processor.py:153} INFO - Started process (PID=9386) to work on /home/chrisfleig/.local/lib/python3.10/site-packages/airflow/example_dags/example_task_group.py
[2023-01-03T22:45:32.875+0100] {processor.py:743} INFO - Processing file /home/chrisfleig/.local/lib/python3.10/site-packages/airflow/example_dags/example_task_group.py for tasks to queue
[2023-01-03T22:45:32.876+0100] {logging_mixin.py:137} INFO - [2023-01-03T22:45:32.876+0100] {dagbag.py:538} INFO - Filling up the DagBag from /home/chrisfleig/.local/lib/python3.10/site-packages/airflow/example_dags/example_task_group.py
[2023-01-03T22:45:32.889+0100] {processor.py:753} INFO - DAG(s) dict_keys(['example_task_group']) retrieved from /home/chrisfleig/.local/lib/python3.10/site-packages/airflow/example_dags/example_task_group.py
[2023-01-03T22:45:32.909+0100] {logging_mixin.py:137} INFO - [2023-01-03T22:45:32.908+0100] {dag.py:2676} INFO - Sync 1 DAGs
[2023-01-03T22:45:32.926+0100] {logging_mixin.py:137} INFO - [2023-01-03T22:45:32.925+0100] {dag.py:3423} INFO - Setting next_dagrun for example_task_group to 2023-01-02T21:45:32.925783+00:00, run_after=2023-01-03T21:45:32.925783+00:00
[2023-01-03T22:45:32.961+0100] {processor.py:175} INFO - Processing /home/chrisfleig/.local/lib/python3.10/site-packages/airflow/example_dags/example_task_group.py took 0.089 seconds
[2023-01-03T22:46:11.419+0100] {processor.py:153} INFO - Started process (PID=9424) to work on /home/chrisfleig/.local/lib/python3.10/site-packages/airflow/example_dags/example_task_group.py
[2023-01-03T22:46:11.420+0100] {processor.py:743} INFO - Processing file /home/chrisfleig/.local/lib/python3.10/site-packages/airflow/example_dags/example_task_group.py for tasks to queue
[2023-01-03T22:46:11.421+0100] {logging_mixin.py:137} INFO - [2023-01-03T22:46:11.420+0100] {dagbag.py:538} INFO - Filling up the DagBag from /home/chrisfleig/.local/lib/python3.10/site-packages/airflow/example_dags/example_task_group.py
[2023-01-03T22:46:11.435+0100] {processor.py:753} INFO - DAG(s) dict_keys(['example_task_group']) retrieved from /home/chrisfleig/.local/lib/python3.10/site-packages/airflow/example_dags/example_task_group.py
[2023-01-03T22:46:11.456+0100] {logging_mixin.py:137} INFO - [2023-01-03T22:46:11.456+0100] {dag.py:2676} INFO - Sync 1 DAGs
[2023-01-03T22:46:11.473+0100] {logging_mixin.py:137} INFO - [2023-01-03T22:46:11.473+0100] {dag.py:3423} INFO - Setting next_dagrun for example_task_group to 2023-01-02T21:46:11.473658+00:00, run_after=2023-01-03T21:46:11.473658+00:00
[2023-01-03T22:46:11.509+0100] {processor.py:175} INFO - Processing /home/chrisfleig/.local/lib/python3.10/site-packages/airflow/example_dags/example_task_group.py took 0.093 seconds
[2023-01-03T22:46:47.455+0100] {processor.py:153} INFO - Started process (PID=9462) to work on /home/chrisfleig/.local/lib/python3.10/site-packages/airflow/example_dags/example_task_group.py
[2023-01-03T22:46:47.456+0100] {processor.py:743} INFO - Processing file /home/chrisfleig/.local/lib/python3.10/site-packages/airflow/example_dags/example_task_group.py for tasks to queue
[2023-01-03T22:46:47.457+0100] {logging_mixin.py:137} INFO - [2023-01-03T22:46:47.457+0100] {dagbag.py:538} INFO - Filling up the DagBag from /home/chrisfleig/.local/lib/python3.10/site-packages/airflow/example_dags/example_task_group.py
[2023-01-03T22:46:47.470+0100] {processor.py:753} INFO - DAG(s) dict_keys(['example_task_group']) retrieved from /home/chrisfleig/.local/lib/python3.10/site-packages/airflow/example_dags/example_task_group.py
[2023-01-03T22:46:47.491+0100] {logging_mixin.py:137} INFO - [2023-01-03T22:46:47.490+0100] {dag.py:2676} INFO - Sync 1 DAGs
[2023-01-03T22:46:47.507+0100] {logging_mixin.py:137} INFO - [2023-01-03T22:46:47.507+0100] {dag.py:3423} INFO - Setting next_dagrun for example_task_group to 2023-01-02T21:46:47.506849+00:00, run_after=2023-01-03T21:46:47.506849+00:00
[2023-01-03T22:46:47.546+0100] {processor.py:175} INFO - Processing /home/chrisfleig/.local/lib/python3.10/site-packages/airflow/example_dags/example_task_group.py took 0.093 seconds
[2023-01-03T22:47:27.393+0100] {processor.py:153} INFO - Started process (PID=9500) to work on /home/chrisfleig/.local/lib/python3.10/site-packages/airflow/example_dags/example_task_group.py
[2023-01-03T22:47:27.394+0100] {processor.py:743} INFO - Processing file /home/chrisfleig/.local/lib/python3.10/site-packages/airflow/example_dags/example_task_group.py for tasks to queue
[2023-01-03T22:47:27.395+0100] {logging_mixin.py:137} INFO - [2023-01-03T22:47:27.395+0100] {dagbag.py:538} INFO - Filling up the DagBag from /home/chrisfleig/.local/lib/python3.10/site-packages/airflow/example_dags/example_task_group.py
[2023-01-03T22:47:27.409+0100] {processor.py:753} INFO - DAG(s) dict_keys(['example_task_group']) retrieved from /home/chrisfleig/.local/lib/python3.10/site-packages/airflow/example_dags/example_task_group.py
[2023-01-03T22:47:27.429+0100] {logging_mixin.py:137} INFO - [2023-01-03T22:47:27.429+0100] {dag.py:2676} INFO - Sync 1 DAGs
[2023-01-03T22:47:27.446+0100] {logging_mixin.py:137} INFO - [2023-01-03T22:47:27.446+0100] {dag.py:3423} INFO - Setting next_dagrun for example_task_group to 2023-01-02T21:47:27.445984+00:00, run_after=2023-01-03T21:47:27.445984+00:00
[2023-01-03T22:47:27.482+0100] {processor.py:175} INFO - Processing /home/chrisfleig/.local/lib/python3.10/site-packages/airflow/example_dags/example_task_group.py took 0.091 seconds
[2023-01-03T22:48:05.703+0100] {processor.py:153} INFO - Started process (PID=9538) to work on /home/chrisfleig/.local/lib/python3.10/site-packages/airflow/example_dags/example_task_group.py
[2023-01-03T22:48:05.714+0100] {processor.py:743} INFO - Processing file /home/chrisfleig/.local/lib/python3.10/site-packages/airflow/example_dags/example_task_group.py for tasks to queue
[2023-01-03T22:48:05.715+0100] {logging_mixin.py:137} INFO - [2023-01-03T22:48:05.715+0100] {dagbag.py:538} INFO - Filling up the DagBag from /home/chrisfleig/.local/lib/python3.10/site-packages/airflow/example_dags/example_task_group.py
[2023-01-03T22:48:05.747+0100] {processor.py:753} INFO - DAG(s) dict_keys(['example_task_group']) retrieved from /home/chrisfleig/.local/lib/python3.10/site-packages/airflow/example_dags/example_task_group.py
[2023-01-03T22:48:05.858+0100] {logging_mixin.py:137} INFO - [2023-01-03T22:48:05.858+0100] {dag.py:2676} INFO - Sync 1 DAGs
[2023-01-03T22:48:05.958+0100] {logging_mixin.py:137} INFO - [2023-01-03T22:48:05.958+0100] {dag.py:3423} INFO - Setting next_dagrun for example_task_group to 2023-01-02T21:48:05.957399+00:00, run_after=2023-01-03T21:48:05.957399+00:00
[2023-01-03T22:48:06.064+0100] {processor.py:175} INFO - Processing /home/chrisfleig/.local/lib/python3.10/site-packages/airflow/example_dags/example_task_group.py took 0.367 seconds
[2023-01-03T22:48:46.156+0100] {processor.py:153} INFO - Started process (PID=9576) to work on /home/chrisfleig/.local/lib/python3.10/site-packages/airflow/example_dags/example_task_group.py
[2023-01-03T22:48:46.157+0100] {processor.py:743} INFO - Processing file /home/chrisfleig/.local/lib/python3.10/site-packages/airflow/example_dags/example_task_group.py for tasks to queue
[2023-01-03T22:48:46.157+0100] {logging_mixin.py:137} INFO - [2023-01-03T22:48:46.157+0100] {dagbag.py:538} INFO - Filling up the DagBag from /home/chrisfleig/.local/lib/python3.10/site-packages/airflow/example_dags/example_task_group.py
[2023-01-03T22:48:46.171+0100] {processor.py:753} INFO - DAG(s) dict_keys(['example_task_group']) retrieved from /home/chrisfleig/.local/lib/python3.10/site-packages/airflow/example_dags/example_task_group.py
[2023-01-03T22:48:46.193+0100] {logging_mixin.py:137} INFO - [2023-01-03T22:48:46.193+0100] {dag.py:2676} INFO - Sync 1 DAGs
[2023-01-03T22:48:46.210+0100] {logging_mixin.py:137} INFO - [2023-01-03T22:48:46.210+0100] {dag.py:3423} INFO - Setting next_dagrun for example_task_group to 2023-01-02T21:48:46.209851+00:00, run_after=2023-01-03T21:48:46.209851+00:00
[2023-01-03T22:48:46.248+0100] {processor.py:175} INFO - Processing /home/chrisfleig/.local/lib/python3.10/site-packages/airflow/example_dags/example_task_group.py took 0.095 seconds
[2023-01-03T22:49:27.363+0100] {processor.py:153} INFO - Started process (PID=9614) to work on /home/chrisfleig/.local/lib/python3.10/site-packages/airflow/example_dags/example_task_group.py
[2023-01-03T22:49:27.364+0100] {processor.py:743} INFO - Processing file /home/chrisfleig/.local/lib/python3.10/site-packages/airflow/example_dags/example_task_group.py for tasks to queue
[2023-01-03T22:49:27.366+0100] {logging_mixin.py:137} INFO - [2023-01-03T22:49:27.366+0100] {dagbag.py:538} INFO - Filling up the DagBag from /home/chrisfleig/.local/lib/python3.10/site-packages/airflow/example_dags/example_task_group.py
[2023-01-03T22:49:27.384+0100] {processor.py:753} INFO - DAG(s) dict_keys(['example_task_group']) retrieved from /home/chrisfleig/.local/lib/python3.10/site-packages/airflow/example_dags/example_task_group.py
[2023-01-03T22:49:27.408+0100] {logging_mixin.py:137} INFO - [2023-01-03T22:49:27.408+0100] {dag.py:2676} INFO - Sync 1 DAGs
[2023-01-03T22:49:27.430+0100] {logging_mixin.py:137} INFO - [2023-01-03T22:49:27.429+0100] {dag.py:3423} INFO - Setting next_dagrun for example_task_group to 2023-01-02T21:49:27.429671+00:00, run_after=2023-01-03T21:49:27.429671+00:00
[2023-01-03T22:49:27.471+0100] {processor.py:175} INFO - Processing /home/chrisfleig/.local/lib/python3.10/site-packages/airflow/example_dags/example_task_group.py took 0.111 seconds
[2023-01-03T22:50:06.419+0100] {processor.py:153} INFO - Started process (PID=9652) to work on /home/chrisfleig/.local/lib/python3.10/site-packages/airflow/example_dags/example_task_group.py
[2023-01-03T22:50:06.420+0100] {processor.py:743} INFO - Processing file /home/chrisfleig/.local/lib/python3.10/site-packages/airflow/example_dags/example_task_group.py for tasks to queue
[2023-01-03T22:50:06.421+0100] {logging_mixin.py:137} INFO - [2023-01-03T22:50:06.421+0100] {dagbag.py:538} INFO - Filling up the DagBag from /home/chrisfleig/.local/lib/python3.10/site-packages/airflow/example_dags/example_task_group.py
[2023-01-03T22:50:06.436+0100] {processor.py:753} INFO - DAG(s) dict_keys(['example_task_group']) retrieved from /home/chrisfleig/.local/lib/python3.10/site-packages/airflow/example_dags/example_task_group.py
[2023-01-03T22:50:06.456+0100] {logging_mixin.py:137} INFO - [2023-01-03T22:50:06.456+0100] {dag.py:2676} INFO - Sync 1 DAGs
[2023-01-03T22:50:06.473+0100] {logging_mixin.py:137} INFO - [2023-01-03T22:50:06.473+0100] {dag.py:3423} INFO - Setting next_dagrun for example_task_group to 2023-01-02T21:50:06.473232+00:00, run_after=2023-01-03T21:50:06.473232+00:00
[2023-01-03T22:50:06.507+0100] {processor.py:175} INFO - Processing /home/chrisfleig/.local/lib/python3.10/site-packages/airflow/example_dags/example_task_group.py took 0.091 seconds
[2023-01-03T22:50:45.553+0100] {processor.py:153} INFO - Started process (PID=9690) to work on /home/chrisfleig/.local/lib/python3.10/site-packages/airflow/example_dags/example_task_group.py
[2023-01-03T22:50:45.554+0100] {processor.py:743} INFO - Processing file /home/chrisfleig/.local/lib/python3.10/site-packages/airflow/example_dags/example_task_group.py for tasks to queue
[2023-01-03T22:50:45.554+0100] {logging_mixin.py:137} INFO - [2023-01-03T22:50:45.554+0100] {dagbag.py:538} INFO - Filling up the DagBag from /home/chrisfleig/.local/lib/python3.10/site-packages/airflow/example_dags/example_task_group.py
[2023-01-03T22:50:45.569+0100] {processor.py:753} INFO - DAG(s) dict_keys(['example_task_group']) retrieved from /home/chrisfleig/.local/lib/python3.10/site-packages/airflow/example_dags/example_task_group.py
[2023-01-03T22:50:45.593+0100] {logging_mixin.py:137} INFO - [2023-01-03T22:50:45.593+0100] {dag.py:2676} INFO - Sync 1 DAGs
[2023-01-03T22:50:45.611+0100] {logging_mixin.py:137} INFO - [2023-01-03T22:50:45.611+0100] {dag.py:3423} INFO - Setting next_dagrun for example_task_group to 2023-01-02T21:50:45.610851+00:00, run_after=2023-01-03T21:50:45.610851+00:00
[2023-01-03T22:50:45.649+0100] {processor.py:175} INFO - Processing /home/chrisfleig/.local/lib/python3.10/site-packages/airflow/example_dags/example_task_group.py took 0.099 seconds
[2023-01-03T22:51:24.602+0100] {processor.py:153} INFO - Started process (PID=9728) to work on /home/chrisfleig/.local/lib/python3.10/site-packages/airflow/example_dags/example_task_group.py
[2023-01-03T22:51:24.603+0100] {processor.py:743} INFO - Processing file /home/chrisfleig/.local/lib/python3.10/site-packages/airflow/example_dags/example_task_group.py for tasks to queue
[2023-01-03T22:51:24.603+0100] {logging_mixin.py:137} INFO - [2023-01-03T22:51:24.603+0100] {dagbag.py:538} INFO - Filling up the DagBag from /home/chrisfleig/.local/lib/python3.10/site-packages/airflow/example_dags/example_task_group.py
[2023-01-03T22:51:24.617+0100] {processor.py:753} INFO - DAG(s) dict_keys(['example_task_group']) retrieved from /home/chrisfleig/.local/lib/python3.10/site-packages/airflow/example_dags/example_task_group.py
[2023-01-03T22:51:24.641+0100] {logging_mixin.py:137} INFO - [2023-01-03T22:51:24.641+0100] {dag.py:2676} INFO - Sync 1 DAGs
[2023-01-03T22:51:24.659+0100] {logging_mixin.py:137} INFO - [2023-01-03T22:51:24.659+0100] {dag.py:3423} INFO - Setting next_dagrun for example_task_group to 2023-01-02T21:51:24.658929+00:00, run_after=2023-01-03T21:51:24.658929+00:00
[2023-01-03T22:51:24.697+0100] {processor.py:175} INFO - Processing /home/chrisfleig/.local/lib/python3.10/site-packages/airflow/example_dags/example_task_group.py took 0.098 seconds
[2023-01-03T22:52:03.805+0100] {processor.py:153} INFO - Started process (PID=9766) to work on /home/chrisfleig/.local/lib/python3.10/site-packages/airflow/example_dags/example_task_group.py
[2023-01-03T22:52:03.806+0100] {processor.py:743} INFO - Processing file /home/chrisfleig/.local/lib/python3.10/site-packages/airflow/example_dags/example_task_group.py for tasks to queue
[2023-01-03T22:52:03.807+0100] {logging_mixin.py:137} INFO - [2023-01-03T22:52:03.807+0100] {dagbag.py:538} INFO - Filling up the DagBag from /home/chrisfleig/.local/lib/python3.10/site-packages/airflow/example_dags/example_task_group.py
[2023-01-03T22:52:03.821+0100] {processor.py:753} INFO - DAG(s) dict_keys(['example_task_group']) retrieved from /home/chrisfleig/.local/lib/python3.10/site-packages/airflow/example_dags/example_task_group.py
[2023-01-03T22:52:03.842+0100] {logging_mixin.py:137} INFO - [2023-01-03T22:52:03.842+0100] {dag.py:2676} INFO - Sync 1 DAGs
[2023-01-03T22:52:03.866+0100] {logging_mixin.py:137} INFO - [2023-01-03T22:52:03.866+0100] {dag.py:3423} INFO - Setting next_dagrun for example_task_group to 2023-01-02T21:52:03.866386+00:00, run_after=2023-01-03T21:52:03.866386+00:00
[2023-01-03T22:52:03.912+0100] {processor.py:175} INFO - Processing /home/chrisfleig/.local/lib/python3.10/site-packages/airflow/example_dags/example_task_group.py took 0.110 seconds
[2023-01-03T22:52:45.980+0100] {processor.py:153} INFO - Started process (PID=9804) to work on /home/chrisfleig/.local/lib/python3.10/site-packages/airflow/example_dags/example_task_group.py
[2023-01-03T22:52:45.981+0100] {processor.py:743} INFO - Processing file /home/chrisfleig/.local/lib/python3.10/site-packages/airflow/example_dags/example_task_group.py for tasks to queue
[2023-01-03T22:52:45.982+0100] {logging_mixin.py:137} INFO - [2023-01-03T22:52:45.982+0100] {dagbag.py:538} INFO - Filling up the DagBag from /home/chrisfleig/.local/lib/python3.10/site-packages/airflow/example_dags/example_task_group.py
[2023-01-03T22:52:45.998+0100] {processor.py:753} INFO - DAG(s) dict_keys(['example_task_group']) retrieved from /home/chrisfleig/.local/lib/python3.10/site-packages/airflow/example_dags/example_task_group.py
[2023-01-03T22:52:46.023+0100] {logging_mixin.py:137} INFO - [2023-01-03T22:52:46.023+0100] {dag.py:2676} INFO - Sync 1 DAGs
[2023-01-03T22:52:46.043+0100] {logging_mixin.py:137} INFO - [2023-01-03T22:52:46.042+0100] {dag.py:3423} INFO - Setting next_dagrun for example_task_group to 2023-01-02T21:52:46.042767+00:00, run_after=2023-01-03T21:52:46.042767+00:00
[2023-01-03T22:52:46.089+0100] {processor.py:175} INFO - Processing /home/chrisfleig/.local/lib/python3.10/site-packages/airflow/example_dags/example_task_group.py took 0.112 seconds
[2023-01-03T22:53:23.227+0100] {processor.py:153} INFO - Started process (PID=9842) to work on /home/chrisfleig/.local/lib/python3.10/site-packages/airflow/example_dags/example_task_group.py
[2023-01-03T22:53:23.228+0100] {processor.py:743} INFO - Processing file /home/chrisfleig/.local/lib/python3.10/site-packages/airflow/example_dags/example_task_group.py for tasks to queue
[2023-01-03T22:53:23.229+0100] {logging_mixin.py:137} INFO - [2023-01-03T22:53:23.228+0100] {dagbag.py:538} INFO - Filling up the DagBag from /home/chrisfleig/.local/lib/python3.10/site-packages/airflow/example_dags/example_task_group.py
[2023-01-03T22:53:23.242+0100] {processor.py:753} INFO - DAG(s) dict_keys(['example_task_group']) retrieved from /home/chrisfleig/.local/lib/python3.10/site-packages/airflow/example_dags/example_task_group.py
[2023-01-03T22:53:23.262+0100] {logging_mixin.py:137} INFO - [2023-01-03T22:53:23.262+0100] {dag.py:2676} INFO - Sync 1 DAGs
[2023-01-03T22:53:23.278+0100] {logging_mixin.py:137} INFO - [2023-01-03T22:53:23.278+0100] {dag.py:3423} INFO - Setting next_dagrun for example_task_group to 2023-01-02T21:53:23.278441+00:00, run_after=2023-01-03T21:53:23.278441+00:00
[2023-01-03T22:53:23.315+0100] {processor.py:175} INFO - Processing /home/chrisfleig/.local/lib/python3.10/site-packages/airflow/example_dags/example_task_group.py took 0.090 seconds
[2023-01-03T22:54:04.874+0100] {processor.py:153} INFO - Started process (PID=9885) to work on /home/chrisfleig/.local/lib/python3.10/site-packages/airflow/example_dags/example_task_group.py
[2023-01-03T22:54:04.885+0100] {processor.py:743} INFO - Processing file /home/chrisfleig/.local/lib/python3.10/site-packages/airflow/example_dags/example_task_group.py for tasks to queue
[2023-01-03T22:54:04.886+0100] {logging_mixin.py:137} INFO - [2023-01-03T22:54:04.886+0100] {dagbag.py:538} INFO - Filling up the DagBag from /home/chrisfleig/.local/lib/python3.10/site-packages/airflow/example_dags/example_task_group.py
[2023-01-03T22:54:04.951+0100] {processor.py:753} INFO - DAG(s) dict_keys(['example_task_group']) retrieved from /home/chrisfleig/.local/lib/python3.10/site-packages/airflow/example_dags/example_task_group.py
[2023-01-03T22:54:05.018+0100] {logging_mixin.py:137} INFO - [2023-01-03T22:54:05.018+0100] {dag.py:2676} INFO - Sync 1 DAGs
[2023-01-03T22:54:05.075+0100] {logging_mixin.py:137} INFO - [2023-01-03T22:54:05.075+0100] {dag.py:3423} INFO - Setting next_dagrun for example_task_group to 2023-01-02T21:54:05.075148+00:00, run_after=2023-01-03T21:54:05.075148+00:00
[2023-01-03T22:54:05.153+0100] {processor.py:175} INFO - Processing /home/chrisfleig/.local/lib/python3.10/site-packages/airflow/example_dags/example_task_group.py took 0.283 seconds
[2023-01-03T22:54:48.642+0100] {processor.py:153} INFO - Started process (PID=9925) to work on /home/chrisfleig/.local/lib/python3.10/site-packages/airflow/example_dags/example_task_group.py
[2023-01-03T22:54:48.643+0100] {processor.py:743} INFO - Processing file /home/chrisfleig/.local/lib/python3.10/site-packages/airflow/example_dags/example_task_group.py for tasks to queue
[2023-01-03T22:54:48.643+0100] {logging_mixin.py:137} INFO - [2023-01-03T22:54:48.643+0100] {dagbag.py:538} INFO - Filling up the DagBag from /home/chrisfleig/.local/lib/python3.10/site-packages/airflow/example_dags/example_task_group.py
[2023-01-03T22:54:48.658+0100] {processor.py:753} INFO - DAG(s) dict_keys(['example_task_group']) retrieved from /home/chrisfleig/.local/lib/python3.10/site-packages/airflow/example_dags/example_task_group.py
[2023-01-03T22:54:48.681+0100] {logging_mixin.py:137} INFO - [2023-01-03T22:54:48.681+0100] {dag.py:2676} INFO - Sync 1 DAGs
[2023-01-03T22:54:48.702+0100] {logging_mixin.py:137} INFO - [2023-01-03T22:54:48.702+0100] {dag.py:3423} INFO - Setting next_dagrun for example_task_group to 2023-01-02T21:54:48.702065+00:00, run_after=2023-01-03T21:54:48.702065+00:00
[2023-01-03T22:54:48.748+0100] {processor.py:175} INFO - Processing /home/chrisfleig/.local/lib/python3.10/site-packages/airflow/example_dags/example_task_group.py took 0.109 seconds
[2023-01-03T22:55:30.344+0100] {processor.py:153} INFO - Started process (PID=9963) to work on /home/chrisfleig/.local/lib/python3.10/site-packages/airflow/example_dags/example_task_group.py
[2023-01-03T22:55:30.346+0100] {processor.py:743} INFO - Processing file /home/chrisfleig/.local/lib/python3.10/site-packages/airflow/example_dags/example_task_group.py for tasks to queue
[2023-01-03T22:55:30.346+0100] {logging_mixin.py:137} INFO - [2023-01-03T22:55:30.346+0100] {dagbag.py:538} INFO - Filling up the DagBag from /home/chrisfleig/.local/lib/python3.10/site-packages/airflow/example_dags/example_task_group.py
[2023-01-03T22:55:30.361+0100] {processor.py:753} INFO - DAG(s) dict_keys(['example_task_group']) retrieved from /home/chrisfleig/.local/lib/python3.10/site-packages/airflow/example_dags/example_task_group.py
[2023-01-03T22:55:30.384+0100] {logging_mixin.py:137} INFO - [2023-01-03T22:55:30.384+0100] {dag.py:2676} INFO - Sync 1 DAGs
[2023-01-03T22:55:30.403+0100] {logging_mixin.py:137} INFO - [2023-01-03T22:55:30.403+0100] {dag.py:3423} INFO - Setting next_dagrun for example_task_group to 2023-01-02T21:55:30.402834+00:00, run_after=2023-01-03T21:55:30.402834+00:00
[2023-01-03T22:55:30.584+0100] {processor.py:175} INFO - Processing /home/chrisfleig/.local/lib/python3.10/site-packages/airflow/example_dags/example_task_group.py took 0.242 seconds
[2023-01-03T22:56:13.094+0100] {processor.py:153} INFO - Started process (PID=10006) to work on /home/chrisfleig/.local/lib/python3.10/site-packages/airflow/example_dags/example_task_group.py
[2023-01-03T22:56:13.096+0100] {processor.py:743} INFO - Processing file /home/chrisfleig/.local/lib/python3.10/site-packages/airflow/example_dags/example_task_group.py for tasks to queue
[2023-01-03T22:56:13.097+0100] {logging_mixin.py:137} INFO - [2023-01-03T22:56:13.096+0100] {dagbag.py:538} INFO - Filling up the DagBag from /home/chrisfleig/.local/lib/python3.10/site-packages/airflow/example_dags/example_task_group.py
[2023-01-03T22:56:13.126+0100] {processor.py:753} INFO - DAG(s) dict_keys(['example_task_group']) retrieved from /home/chrisfleig/.local/lib/python3.10/site-packages/airflow/example_dags/example_task_group.py
[2023-01-03T22:56:13.166+0100] {logging_mixin.py:137} INFO - [2023-01-03T22:56:13.166+0100] {dag.py:2676} INFO - Sync 1 DAGs
[2023-01-03T22:56:13.202+0100] {logging_mixin.py:137} INFO - [2023-01-03T22:56:13.202+0100] {dag.py:3423} INFO - Setting next_dagrun for example_task_group to 2023-01-02T21:56:13.202035+00:00, run_after=2023-01-03T21:56:13.202035+00:00
[2023-01-03T22:56:13.252+0100] {processor.py:175} INFO - Processing /home/chrisfleig/.local/lib/python3.10/site-packages/airflow/example_dags/example_task_group.py took 0.162 seconds
[2023-01-03T22:56:55.673+0100] {processor.py:153} INFO - Started process (PID=10045) to work on /home/chrisfleig/.local/lib/python3.10/site-packages/airflow/example_dags/example_task_group.py
[2023-01-03T22:56:55.674+0100] {processor.py:743} INFO - Processing file /home/chrisfleig/.local/lib/python3.10/site-packages/airflow/example_dags/example_task_group.py for tasks to queue
[2023-01-03T22:56:55.674+0100] {logging_mixin.py:137} INFO - [2023-01-03T22:56:55.674+0100] {dagbag.py:538} INFO - Filling up the DagBag from /home/chrisfleig/.local/lib/python3.10/site-packages/airflow/example_dags/example_task_group.py
[2023-01-03T22:56:55.691+0100] {processor.py:753} INFO - DAG(s) dict_keys(['example_task_group']) retrieved from /home/chrisfleig/.local/lib/python3.10/site-packages/airflow/example_dags/example_task_group.py
[2023-01-03T22:56:55.717+0100] {logging_mixin.py:137} INFO - [2023-01-03T22:56:55.717+0100] {dag.py:2676} INFO - Sync 1 DAGs
[2023-01-03T22:56:55.737+0100] {logging_mixin.py:137} INFO - [2023-01-03T22:56:55.736+0100] {dag.py:3423} INFO - Setting next_dagrun for example_task_group to 2023-01-02T21:56:55.736602+00:00, run_after=2023-01-03T21:56:55.736602+00:00
[2023-01-03T22:56:55.773+0100] {processor.py:175} INFO - Processing /home/chrisfleig/.local/lib/python3.10/site-packages/airflow/example_dags/example_task_group.py took 0.104 seconds
