[2023-01-03T22:10:49.213+0100] {processor.py:153} INFO - Started process (PID=8188) to work on /home/chrisfleig/.local/lib/python3.10/site-packages/airflow/example_dags/example_branch_labels.py
[2023-01-03T22:10:49.214+0100] {processor.py:743} INFO - Processing file /home/chrisfleig/.local/lib/python3.10/site-packages/airflow/example_dags/example_branch_labels.py for tasks to queue
[2023-01-03T22:10:49.214+0100] {logging_mixin.py:137} INFO - [2023-01-03T22:10:49.214+0100] {dagbag.py:538} INFO - Filling up the DagBag from /home/chrisfleig/.local/lib/python3.10/site-packages/airflow/example_dags/example_branch_labels.py
[2023-01-03T22:10:49.226+0100] {processor.py:753} INFO - DAG(s) dict_keys(['example_branch_labels']) retrieved from /home/chrisfleig/.local/lib/python3.10/site-packages/airflow/example_dags/example_branch_labels.py
[2023-01-03T22:10:49.360+0100] {logging_mixin.py:137} INFO - [2023-01-03T22:10:49.360+0100] {manager.py:504} INFO - Created Permission View: can edit on DAG:example_branch_labels
[2023-01-03T22:10:49.384+0100] {logging_mixin.py:137} INFO - [2023-01-03T22:10:49.384+0100] {manager.py:504} INFO - Created Permission View: can delete on DAG:example_branch_labels
[2023-01-03T22:10:49.416+0100] {logging_mixin.py:137} INFO - [2023-01-03T22:10:49.416+0100] {manager.py:504} INFO - Created Permission View: can read on DAG:example_branch_labels
[2023-01-03T22:10:49.416+0100] {logging_mixin.py:137} INFO - [2023-01-03T22:10:49.416+0100] {dag.py:2676} INFO - Sync 1 DAGs
[2023-01-03T22:10:49.426+0100] {logging_mixin.py:137} INFO - [2023-01-03T22:10:49.426+0100] {dag.py:2697} INFO - Creating ORM DAG for example_branch_labels
[2023-01-03T22:10:49.435+0100] {logging_mixin.py:137} INFO - [2023-01-03T22:10:49.435+0100] {dag.py:3423} INFO - Setting next_dagrun for example_branch_labels to 2023-01-02T00:00:00+00:00, run_after=2023-01-03T00:00:00+00:00
[2023-01-03T22:10:49.473+0100] {processor.py:175} INFO - Processing /home/chrisfleig/.local/lib/python3.10/site-packages/airflow/example_dags/example_branch_labels.py took 0.263 seconds
[2023-01-03T22:11:33.654+0100] {processor.py:153} INFO - Started process (PID=8226) to work on /home/chrisfleig/.local/lib/python3.10/site-packages/airflow/example_dags/example_branch_labels.py
[2023-01-03T22:11:33.655+0100] {processor.py:743} INFO - Processing file /home/chrisfleig/.local/lib/python3.10/site-packages/airflow/example_dags/example_branch_labels.py for tasks to queue
[2023-01-03T22:11:33.655+0100] {logging_mixin.py:137} INFO - [2023-01-03T22:11:33.655+0100] {dagbag.py:538} INFO - Filling up the DagBag from /home/chrisfleig/.local/lib/python3.10/site-packages/airflow/example_dags/example_branch_labels.py
[2023-01-03T22:11:33.671+0100] {processor.py:753} INFO - DAG(s) dict_keys(['example_branch_labels']) retrieved from /home/chrisfleig/.local/lib/python3.10/site-packages/airflow/example_dags/example_branch_labels.py
[2023-01-03T22:11:33.737+0100] {logging_mixin.py:137} INFO - [2023-01-03T22:11:33.737+0100] {dag.py:2676} INFO - Sync 1 DAGs
[2023-01-03T22:11:33.794+0100] {logging_mixin.py:137} INFO - [2023-01-03T22:11:33.794+0100] {dag.py:3423} INFO - Setting next_dagrun for example_branch_labels to 2023-01-02T00:00:00+00:00, run_after=2023-01-03T00:00:00+00:00
[2023-01-03T22:11:33.833+0100] {processor.py:175} INFO - Processing /home/chrisfleig/.local/lib/python3.10/site-packages/airflow/example_dags/example_branch_labels.py took 0.183 seconds
[2023-01-03T22:12:12.973+0100] {processor.py:153} INFO - Started process (PID=8264) to work on /home/chrisfleig/.local/lib/python3.10/site-packages/airflow/example_dags/example_branch_labels.py
[2023-01-03T22:12:12.974+0100] {processor.py:743} INFO - Processing file /home/chrisfleig/.local/lib/python3.10/site-packages/airflow/example_dags/example_branch_labels.py for tasks to queue
[2023-01-03T22:12:12.974+0100] {logging_mixin.py:137} INFO - [2023-01-03T22:12:12.974+0100] {dagbag.py:538} INFO - Filling up the DagBag from /home/chrisfleig/.local/lib/python3.10/site-packages/airflow/example_dags/example_branch_labels.py
[2023-01-03T22:12:12.986+0100] {processor.py:753} INFO - DAG(s) dict_keys(['example_branch_labels']) retrieved from /home/chrisfleig/.local/lib/python3.10/site-packages/airflow/example_dags/example_branch_labels.py
[2023-01-03T22:12:13.008+0100] {logging_mixin.py:137} INFO - [2023-01-03T22:12:13.008+0100] {dag.py:2676} INFO - Sync 1 DAGs
[2023-01-03T22:12:13.025+0100] {logging_mixin.py:137} INFO - [2023-01-03T22:12:13.024+0100] {dag.py:3423} INFO - Setting next_dagrun for example_branch_labels to 2023-01-02T00:00:00+00:00, run_after=2023-01-03T00:00:00+00:00
[2023-01-03T22:12:13.060+0100] {processor.py:175} INFO - Processing /home/chrisfleig/.local/lib/python3.10/site-packages/airflow/example_dags/example_branch_labels.py took 0.090 seconds
[2023-01-03T22:12:51.527+0100] {processor.py:153} INFO - Started process (PID=8302) to work on /home/chrisfleig/.local/lib/python3.10/site-packages/airflow/example_dags/example_branch_labels.py
[2023-01-03T22:12:51.530+0100] {processor.py:743} INFO - Processing file /home/chrisfleig/.local/lib/python3.10/site-packages/airflow/example_dags/example_branch_labels.py for tasks to queue
[2023-01-03T22:12:51.531+0100] {logging_mixin.py:137} INFO - [2023-01-03T22:12:51.531+0100] {dagbag.py:538} INFO - Filling up the DagBag from /home/chrisfleig/.local/lib/python3.10/site-packages/airflow/example_dags/example_branch_labels.py
[2023-01-03T22:12:51.566+0100] {processor.py:753} INFO - DAG(s) dict_keys(['example_branch_labels']) retrieved from /home/chrisfleig/.local/lib/python3.10/site-packages/airflow/example_dags/example_branch_labels.py
[2023-01-03T22:12:51.653+0100] {logging_mixin.py:137} INFO - [2023-01-03T22:12:51.653+0100] {dag.py:2676} INFO - Sync 1 DAGs
[2023-01-03T22:12:51.681+0100] {logging_mixin.py:137} INFO - [2023-01-03T22:12:51.680+0100] {dag.py:3423} INFO - Setting next_dagrun for example_branch_labels to 2023-01-02T00:00:00+00:00, run_after=2023-01-03T00:00:00+00:00
[2023-01-03T22:12:51.734+0100] {processor.py:175} INFO - Processing /home/chrisfleig/.local/lib/python3.10/site-packages/airflow/example_dags/example_branch_labels.py took 0.216 seconds
[2023-01-03T22:13:30.887+0100] {processor.py:153} INFO - Started process (PID=8340) to work on /home/chrisfleig/.local/lib/python3.10/site-packages/airflow/example_dags/example_branch_labels.py
[2023-01-03T22:13:30.888+0100] {processor.py:743} INFO - Processing file /home/chrisfleig/.local/lib/python3.10/site-packages/airflow/example_dags/example_branch_labels.py for tasks to queue
[2023-01-03T22:13:30.889+0100] {logging_mixin.py:137} INFO - [2023-01-03T22:13:30.889+0100] {dagbag.py:538} INFO - Filling up the DagBag from /home/chrisfleig/.local/lib/python3.10/site-packages/airflow/example_dags/example_branch_labels.py
[2023-01-03T22:13:30.904+0100] {processor.py:753} INFO - DAG(s) dict_keys(['example_branch_labels']) retrieved from /home/chrisfleig/.local/lib/python3.10/site-packages/airflow/example_dags/example_branch_labels.py
[2023-01-03T22:13:30.934+0100] {logging_mixin.py:137} INFO - [2023-01-03T22:13:30.934+0100] {dag.py:2676} INFO - Sync 1 DAGs
[2023-01-03T22:13:30.953+0100] {logging_mixin.py:137} INFO - [2023-01-03T22:13:30.953+0100] {dag.py:3423} INFO - Setting next_dagrun for example_branch_labels to 2023-01-02T00:00:00+00:00, run_after=2023-01-03T00:00:00+00:00
[2023-01-03T22:13:30.994+0100] {processor.py:175} INFO - Processing /home/chrisfleig/.local/lib/python3.10/site-packages/airflow/example_dags/example_branch_labels.py took 0.109 seconds
[2023-01-03T22:14:09.494+0100] {processor.py:153} INFO - Started process (PID=8378) to work on /home/chrisfleig/.local/lib/python3.10/site-packages/airflow/example_dags/example_branch_labels.py
[2023-01-03T22:14:09.495+0100] {processor.py:743} INFO - Processing file /home/chrisfleig/.local/lib/python3.10/site-packages/airflow/example_dags/example_branch_labels.py for tasks to queue
[2023-01-03T22:14:09.496+0100] {logging_mixin.py:137} INFO - [2023-01-03T22:14:09.495+0100] {dagbag.py:538} INFO - Filling up the DagBag from /home/chrisfleig/.local/lib/python3.10/site-packages/airflow/example_dags/example_branch_labels.py
[2023-01-03T22:14:09.508+0100] {processor.py:753} INFO - DAG(s) dict_keys(['example_branch_labels']) retrieved from /home/chrisfleig/.local/lib/python3.10/site-packages/airflow/example_dags/example_branch_labels.py
[2023-01-03T22:14:09.529+0100] {logging_mixin.py:137} INFO - [2023-01-03T22:14:09.529+0100] {dag.py:2676} INFO - Sync 1 DAGs
[2023-01-03T22:14:09.547+0100] {logging_mixin.py:137} INFO - [2023-01-03T22:14:09.547+0100] {dag.py:3423} INFO - Setting next_dagrun for example_branch_labels to 2023-01-02T00:00:00+00:00, run_after=2023-01-03T00:00:00+00:00
[2023-01-03T22:14:09.583+0100] {processor.py:175} INFO - Processing /home/chrisfleig/.local/lib/python3.10/site-packages/airflow/example_dags/example_branch_labels.py took 0.092 seconds
[2023-01-03T22:14:48.940+0100] {processor.py:153} INFO - Started process (PID=8416) to work on /home/chrisfleig/.local/lib/python3.10/site-packages/airflow/example_dags/example_branch_labels.py
[2023-01-03T22:14:48.941+0100] {processor.py:743} INFO - Processing file /home/chrisfleig/.local/lib/python3.10/site-packages/airflow/example_dags/example_branch_labels.py for tasks to queue
[2023-01-03T22:14:48.941+0100] {logging_mixin.py:137} INFO - [2023-01-03T22:14:48.941+0100] {dagbag.py:538} INFO - Filling up the DagBag from /home/chrisfleig/.local/lib/python3.10/site-packages/airflow/example_dags/example_branch_labels.py
[2023-01-03T22:14:48.954+0100] {processor.py:753} INFO - DAG(s) dict_keys(['example_branch_labels']) retrieved from /home/chrisfleig/.local/lib/python3.10/site-packages/airflow/example_dags/example_branch_labels.py
[2023-01-03T22:14:48.976+0100] {logging_mixin.py:137} INFO - [2023-01-03T22:14:48.975+0100] {dag.py:2676} INFO - Sync 1 DAGs
[2023-01-03T22:14:48.995+0100] {logging_mixin.py:137} INFO - [2023-01-03T22:14:48.995+0100] {dag.py:3423} INFO - Setting next_dagrun for example_branch_labels to 2023-01-02T00:00:00+00:00, run_after=2023-01-03T00:00:00+00:00
[2023-01-03T22:14:49.031+0100] {processor.py:175} INFO - Processing /home/chrisfleig/.local/lib/python3.10/site-packages/airflow/example_dags/example_branch_labels.py took 0.094 seconds
[2023-01-03T22:15:28.044+0100] {processor.py:153} INFO - Started process (PID=8455) to work on /home/chrisfleig/.local/lib/python3.10/site-packages/airflow/example_dags/example_branch_labels.py
[2023-01-03T22:15:28.045+0100] {processor.py:743} INFO - Processing file /home/chrisfleig/.local/lib/python3.10/site-packages/airflow/example_dags/example_branch_labels.py for tasks to queue
[2023-01-03T22:15:28.045+0100] {logging_mixin.py:137} INFO - [2023-01-03T22:15:28.045+0100] {dagbag.py:538} INFO - Filling up the DagBag from /home/chrisfleig/.local/lib/python3.10/site-packages/airflow/example_dags/example_branch_labels.py
[2023-01-03T22:15:28.058+0100] {processor.py:753} INFO - DAG(s) dict_keys(['example_branch_labels']) retrieved from /home/chrisfleig/.local/lib/python3.10/site-packages/airflow/example_dags/example_branch_labels.py
[2023-01-03T22:15:28.079+0100] {logging_mixin.py:137} INFO - [2023-01-03T22:15:28.078+0100] {dag.py:2676} INFO - Sync 1 DAGs
[2023-01-03T22:15:28.097+0100] {logging_mixin.py:137} INFO - [2023-01-03T22:15:28.097+0100] {dag.py:3423} INFO - Setting next_dagrun for example_branch_labels to 2023-01-02T00:00:00+00:00, run_after=2023-01-03T00:00:00+00:00
[2023-01-03T22:15:28.136+0100] {processor.py:175} INFO - Processing /home/chrisfleig/.local/lib/python3.10/site-packages/airflow/example_dags/example_branch_labels.py took 0.094 seconds
[2023-01-03T22:31:21.923+0100] {processor.py:153} INFO - Started process (PID=8551) to work on /home/chrisfleig/.local/lib/python3.10/site-packages/airflow/example_dags/example_branch_labels.py
[2023-01-03T22:31:21.925+0100] {processor.py:743} INFO - Processing file /home/chrisfleig/.local/lib/python3.10/site-packages/airflow/example_dags/example_branch_labels.py for tasks to queue
[2023-01-03T22:31:21.925+0100] {logging_mixin.py:137} INFO - [2023-01-03T22:31:21.925+0100] {dagbag.py:538} INFO - Filling up the DagBag from /home/chrisfleig/.local/lib/python3.10/site-packages/airflow/example_dags/example_branch_labels.py
[2023-01-03T22:31:21.938+0100] {processor.py:753} INFO - DAG(s) dict_keys(['example_branch_labels']) retrieved from /home/chrisfleig/.local/lib/python3.10/site-packages/airflow/example_dags/example_branch_labels.py
[2023-01-03T22:31:21.949+0100] {logging_mixin.py:137} INFO - [2023-01-03T22:31:21.949+0100] {dag.py:2676} INFO - Sync 1 DAGs
[2023-01-03T22:31:21.968+0100] {logging_mixin.py:137} INFO - [2023-01-03T22:31:21.968+0100] {dag.py:3423} INFO - Setting next_dagrun for example_branch_labels to 2023-01-02T00:00:00+00:00, run_after=2023-01-03T00:00:00+00:00
[2023-01-03T22:31:22.004+0100] {processor.py:175} INFO - Processing /home/chrisfleig/.local/lib/python3.10/site-packages/airflow/example_dags/example_branch_labels.py took 0.084 seconds
[2023-01-03T22:32:02.487+0100] {processor.py:153} INFO - Started process (PID=8589) to work on /home/chrisfleig/.local/lib/python3.10/site-packages/airflow/example_dags/example_branch_labels.py
[2023-01-03T22:32:02.488+0100] {processor.py:743} INFO - Processing file /home/chrisfleig/.local/lib/python3.10/site-packages/airflow/example_dags/example_branch_labels.py for tasks to queue
[2023-01-03T22:32:02.489+0100] {logging_mixin.py:137} INFO - [2023-01-03T22:32:02.488+0100] {dagbag.py:538} INFO - Filling up the DagBag from /home/chrisfleig/.local/lib/python3.10/site-packages/airflow/example_dags/example_branch_labels.py
[2023-01-03T22:32:02.512+0100] {processor.py:753} INFO - DAG(s) dict_keys(['example_branch_labels']) retrieved from /home/chrisfleig/.local/lib/python3.10/site-packages/airflow/example_dags/example_branch_labels.py
[2023-01-03T22:32:02.546+0100] {logging_mixin.py:137} INFO - [2023-01-03T22:32:02.546+0100] {dag.py:2676} INFO - Sync 1 DAGs
[2023-01-03T22:32:02.579+0100] {logging_mixin.py:137} INFO - [2023-01-03T22:32:02.579+0100] {dag.py:3423} INFO - Setting next_dagrun for example_branch_labels to 2023-01-02T00:00:00+00:00, run_after=2023-01-03T00:00:00+00:00
[2023-01-03T22:32:02.632+0100] {processor.py:175} INFO - Processing /home/chrisfleig/.local/lib/python3.10/site-packages/airflow/example_dags/example_branch_labels.py took 0.148 seconds
[2023-01-03T22:32:40.677+0100] {processor.py:153} INFO - Started process (PID=8627) to work on /home/chrisfleig/.local/lib/python3.10/site-packages/airflow/example_dags/example_branch_labels.py
[2023-01-03T22:32:40.678+0100] {processor.py:743} INFO - Processing file /home/chrisfleig/.local/lib/python3.10/site-packages/airflow/example_dags/example_branch_labels.py for tasks to queue
[2023-01-03T22:32:40.679+0100] {logging_mixin.py:137} INFO - [2023-01-03T22:32:40.679+0100] {dagbag.py:538} INFO - Filling up the DagBag from /home/chrisfleig/.local/lib/python3.10/site-packages/airflow/example_dags/example_branch_labels.py
[2023-01-03T22:32:40.693+0100] {processor.py:753} INFO - DAG(s) dict_keys(['example_branch_labels']) retrieved from /home/chrisfleig/.local/lib/python3.10/site-packages/airflow/example_dags/example_branch_labels.py
[2023-01-03T22:32:40.715+0100] {logging_mixin.py:137} INFO - [2023-01-03T22:32:40.715+0100] {dag.py:2676} INFO - Sync 1 DAGs
[2023-01-03T22:32:40.733+0100] {logging_mixin.py:137} INFO - [2023-01-03T22:32:40.733+0100] {dag.py:3423} INFO - Setting next_dagrun for example_branch_labels to 2023-01-02T00:00:00+00:00, run_after=2023-01-03T00:00:00+00:00
[2023-01-03T22:32:40.771+0100] {processor.py:175} INFO - Processing /home/chrisfleig/.local/lib/python3.10/site-packages/airflow/example_dags/example_branch_labels.py took 0.096 seconds
[2023-01-03T22:33:20.255+0100] {processor.py:153} INFO - Started process (PID=8665) to work on /home/chrisfleig/.local/lib/python3.10/site-packages/airflow/example_dags/example_branch_labels.py
[2023-01-03T22:33:20.256+0100] {processor.py:743} INFO - Processing file /home/chrisfleig/.local/lib/python3.10/site-packages/airflow/example_dags/example_branch_labels.py for tasks to queue
[2023-01-03T22:33:20.256+0100] {logging_mixin.py:137} INFO - [2023-01-03T22:33:20.256+0100] {dagbag.py:538} INFO - Filling up the DagBag from /home/chrisfleig/.local/lib/python3.10/site-packages/airflow/example_dags/example_branch_labels.py
[2023-01-03T22:33:20.272+0100] {processor.py:753} INFO - DAG(s) dict_keys(['example_branch_labels']) retrieved from /home/chrisfleig/.local/lib/python3.10/site-packages/airflow/example_dags/example_branch_labels.py
[2023-01-03T22:33:20.298+0100] {logging_mixin.py:137} INFO - [2023-01-03T22:33:20.297+0100] {dag.py:2676} INFO - Sync 1 DAGs
[2023-01-03T22:33:20.316+0100] {logging_mixin.py:137} INFO - [2023-01-03T22:33:20.316+0100] {dag.py:3423} INFO - Setting next_dagrun for example_branch_labels to 2023-01-02T00:00:00+00:00, run_after=2023-01-03T00:00:00+00:00
[2023-01-03T22:33:20.350+0100] {processor.py:175} INFO - Processing /home/chrisfleig/.local/lib/python3.10/site-packages/airflow/example_dags/example_branch_labels.py took 0.098 seconds
[2023-01-03T22:33:58.529+0100] {processor.py:153} INFO - Started process (PID=8703) to work on /home/chrisfleig/.local/lib/python3.10/site-packages/airflow/example_dags/example_branch_labels.py
[2023-01-03T22:33:58.530+0100] {processor.py:743} INFO - Processing file /home/chrisfleig/.local/lib/python3.10/site-packages/airflow/example_dags/example_branch_labels.py for tasks to queue
[2023-01-03T22:33:58.530+0100] {logging_mixin.py:137} INFO - [2023-01-03T22:33:58.530+0100] {dagbag.py:538} INFO - Filling up the DagBag from /home/chrisfleig/.local/lib/python3.10/site-packages/airflow/example_dags/example_branch_labels.py
[2023-01-03T22:33:58.544+0100] {processor.py:753} INFO - DAG(s) dict_keys(['example_branch_labels']) retrieved from /home/chrisfleig/.local/lib/python3.10/site-packages/airflow/example_dags/example_branch_labels.py
[2023-01-03T22:33:58.564+0100] {logging_mixin.py:137} INFO - [2023-01-03T22:33:58.564+0100] {dag.py:2676} INFO - Sync 1 DAGs
[2023-01-03T22:33:58.581+0100] {logging_mixin.py:137} INFO - [2023-01-03T22:33:58.581+0100] {dag.py:3423} INFO - Setting next_dagrun for example_branch_labels to 2023-01-02T00:00:00+00:00, run_after=2023-01-03T00:00:00+00:00
[2023-01-03T22:33:58.615+0100] {processor.py:175} INFO - Processing /home/chrisfleig/.local/lib/python3.10/site-packages/airflow/example_dags/example_branch_labels.py took 0.089 seconds
[2023-01-03T22:34:39.198+0100] {processor.py:153} INFO - Started process (PID=8741) to work on /home/chrisfleig/.local/lib/python3.10/site-packages/airflow/example_dags/example_branch_labels.py
[2023-01-03T22:34:39.199+0100] {processor.py:743} INFO - Processing file /home/chrisfleig/.local/lib/python3.10/site-packages/airflow/example_dags/example_branch_labels.py for tasks to queue
[2023-01-03T22:34:39.200+0100] {logging_mixin.py:137} INFO - [2023-01-03T22:34:39.200+0100] {dagbag.py:538} INFO - Filling up the DagBag from /home/chrisfleig/.local/lib/python3.10/site-packages/airflow/example_dags/example_branch_labels.py
[2023-01-03T22:34:39.213+0100] {processor.py:753} INFO - DAG(s) dict_keys(['example_branch_labels']) retrieved from /home/chrisfleig/.local/lib/python3.10/site-packages/airflow/example_dags/example_branch_labels.py
[2023-01-03T22:34:39.235+0100] {logging_mixin.py:137} INFO - [2023-01-03T22:34:39.235+0100] {dag.py:2676} INFO - Sync 1 DAGs
[2023-01-03T22:34:39.253+0100] {logging_mixin.py:137} INFO - [2023-01-03T22:34:39.253+0100] {dag.py:3423} INFO - Setting next_dagrun for example_branch_labels to 2023-01-02T00:00:00+00:00, run_after=2023-01-03T00:00:00+00:00
[2023-01-03T22:34:39.288+0100] {processor.py:175} INFO - Processing /home/chrisfleig/.local/lib/python3.10/site-packages/airflow/example_dags/example_branch_labels.py took 0.092 seconds
[2023-01-03T22:35:18.833+0100] {processor.py:153} INFO - Started process (PID=8779) to work on /home/chrisfleig/.local/lib/python3.10/site-packages/airflow/example_dags/example_branch_labels.py
[2023-01-03T22:35:18.835+0100] {processor.py:743} INFO - Processing file /home/chrisfleig/.local/lib/python3.10/site-packages/airflow/example_dags/example_branch_labels.py for tasks to queue
[2023-01-03T22:35:18.835+0100] {logging_mixin.py:137} INFO - [2023-01-03T22:35:18.835+0100] {dagbag.py:538} INFO - Filling up the DagBag from /home/chrisfleig/.local/lib/python3.10/site-packages/airflow/example_dags/example_branch_labels.py
[2023-01-03T22:35:18.848+0100] {processor.py:753} INFO - DAG(s) dict_keys(['example_branch_labels']) retrieved from /home/chrisfleig/.local/lib/python3.10/site-packages/airflow/example_dags/example_branch_labels.py
[2023-01-03T22:35:18.870+0100] {logging_mixin.py:137} INFO - [2023-01-03T22:35:18.870+0100] {dag.py:2676} INFO - Sync 1 DAGs
[2023-01-03T22:35:18.889+0100] {logging_mixin.py:137} INFO - [2023-01-03T22:35:18.889+0100] {dag.py:3423} INFO - Setting next_dagrun for example_branch_labels to 2023-01-02T00:00:00+00:00, run_after=2023-01-03T00:00:00+00:00
[2023-01-03T22:35:18.925+0100] {processor.py:175} INFO - Processing /home/chrisfleig/.local/lib/python3.10/site-packages/airflow/example_dags/example_branch_labels.py took 0.094 seconds
[2023-01-03T22:35:57.714+0100] {processor.py:153} INFO - Started process (PID=8817) to work on /home/chrisfleig/.local/lib/python3.10/site-packages/airflow/example_dags/example_branch_labels.py
[2023-01-03T22:35:57.716+0100] {processor.py:743} INFO - Processing file /home/chrisfleig/.local/lib/python3.10/site-packages/airflow/example_dags/example_branch_labels.py for tasks to queue
[2023-01-03T22:35:57.717+0100] {logging_mixin.py:137} INFO - [2023-01-03T22:35:57.716+0100] {dagbag.py:538} INFO - Filling up the DagBag from /home/chrisfleig/.local/lib/python3.10/site-packages/airflow/example_dags/example_branch_labels.py
[2023-01-03T22:35:57.733+0100] {processor.py:753} INFO - DAG(s) dict_keys(['example_branch_labels']) retrieved from /home/chrisfleig/.local/lib/python3.10/site-packages/airflow/example_dags/example_branch_labels.py
[2023-01-03T22:35:57.767+0100] {logging_mixin.py:137} INFO - [2023-01-03T22:35:57.767+0100] {dag.py:2676} INFO - Sync 1 DAGs
[2023-01-03T22:35:57.789+0100] {logging_mixin.py:137} INFO - [2023-01-03T22:35:57.789+0100] {dag.py:3423} INFO - Setting next_dagrun for example_branch_labels to 2023-01-02T00:00:00+00:00, run_after=2023-01-03T00:00:00+00:00
[2023-01-03T22:35:57.824+0100] {processor.py:175} INFO - Processing /home/chrisfleig/.local/lib/python3.10/site-packages/airflow/example_dags/example_branch_labels.py took 0.113 seconds
[2023-01-03T22:36:34.946+0100] {processor.py:153} INFO - Started process (PID=8855) to work on /home/chrisfleig/.local/lib/python3.10/site-packages/airflow/example_dags/example_branch_labels.py
[2023-01-03T22:36:34.947+0100] {processor.py:743} INFO - Processing file /home/chrisfleig/.local/lib/python3.10/site-packages/airflow/example_dags/example_branch_labels.py for tasks to queue
[2023-01-03T22:36:34.948+0100] {logging_mixin.py:137} INFO - [2023-01-03T22:36:34.948+0100] {dagbag.py:538} INFO - Filling up the DagBag from /home/chrisfleig/.local/lib/python3.10/site-packages/airflow/example_dags/example_branch_labels.py
[2023-01-03T22:36:34.960+0100] {processor.py:753} INFO - DAG(s) dict_keys(['example_branch_labels']) retrieved from /home/chrisfleig/.local/lib/python3.10/site-packages/airflow/example_dags/example_branch_labels.py
[2023-01-03T22:36:34.980+0100] {logging_mixin.py:137} INFO - [2023-01-03T22:36:34.980+0100] {dag.py:2676} INFO - Sync 1 DAGs
[2023-01-03T22:36:34.998+0100] {logging_mixin.py:137} INFO - [2023-01-03T22:36:34.998+0100] {dag.py:3423} INFO - Setting next_dagrun for example_branch_labels to 2023-01-02T00:00:00+00:00, run_after=2023-01-03T00:00:00+00:00
[2023-01-03T22:36:35.035+0100] {processor.py:175} INFO - Processing /home/chrisfleig/.local/lib/python3.10/site-packages/airflow/example_dags/example_branch_labels.py took 0.092 seconds
[2023-01-03T22:37:13.114+0100] {processor.py:153} INFO - Started process (PID=8893) to work on /home/chrisfleig/.local/lib/python3.10/site-packages/airflow/example_dags/example_branch_labels.py
[2023-01-03T22:37:13.115+0100] {processor.py:743} INFO - Processing file /home/chrisfleig/.local/lib/python3.10/site-packages/airflow/example_dags/example_branch_labels.py for tasks to queue
[2023-01-03T22:37:13.115+0100] {logging_mixin.py:137} INFO - [2023-01-03T22:37:13.115+0100] {dagbag.py:538} INFO - Filling up the DagBag from /home/chrisfleig/.local/lib/python3.10/site-packages/airflow/example_dags/example_branch_labels.py
[2023-01-03T22:37:13.130+0100] {processor.py:753} INFO - DAG(s) dict_keys(['example_branch_labels']) retrieved from /home/chrisfleig/.local/lib/python3.10/site-packages/airflow/example_dags/example_branch_labels.py
[2023-01-03T22:37:13.152+0100] {logging_mixin.py:137} INFO - [2023-01-03T22:37:13.152+0100] {dag.py:2676} INFO - Sync 1 DAGs
[2023-01-03T22:37:13.170+0100] {logging_mixin.py:137} INFO - [2023-01-03T22:37:13.170+0100] {dag.py:3423} INFO - Setting next_dagrun for example_branch_labels to 2023-01-02T00:00:00+00:00, run_after=2023-01-03T00:00:00+00:00
[2023-01-03T22:37:13.207+0100] {processor.py:175} INFO - Processing /home/chrisfleig/.local/lib/python3.10/site-packages/airflow/example_dags/example_branch_labels.py took 0.096 seconds
[2023-01-03T22:37:51.661+0100] {processor.py:153} INFO - Started process (PID=8931) to work on /home/chrisfleig/.local/lib/python3.10/site-packages/airflow/example_dags/example_branch_labels.py
[2023-01-03T22:37:51.662+0100] {processor.py:743} INFO - Processing file /home/chrisfleig/.local/lib/python3.10/site-packages/airflow/example_dags/example_branch_labels.py for tasks to queue
[2023-01-03T22:37:51.663+0100] {logging_mixin.py:137} INFO - [2023-01-03T22:37:51.663+0100] {dagbag.py:538} INFO - Filling up the DagBag from /home/chrisfleig/.local/lib/python3.10/site-packages/airflow/example_dags/example_branch_labels.py
[2023-01-03T22:37:51.677+0100] {processor.py:753} INFO - DAG(s) dict_keys(['example_branch_labels']) retrieved from /home/chrisfleig/.local/lib/python3.10/site-packages/airflow/example_dags/example_branch_labels.py
[2023-01-03T22:37:51.698+0100] {logging_mixin.py:137} INFO - [2023-01-03T22:37:51.698+0100] {dag.py:2676} INFO - Sync 1 DAGs
[2023-01-03T22:37:51.716+0100] {logging_mixin.py:137} INFO - [2023-01-03T22:37:51.716+0100] {dag.py:3423} INFO - Setting next_dagrun for example_branch_labels to 2023-01-02T00:00:00+00:00, run_after=2023-01-03T00:00:00+00:00
[2023-01-03T22:37:51.752+0100] {processor.py:175} INFO - Processing /home/chrisfleig/.local/lib/python3.10/site-packages/airflow/example_dags/example_branch_labels.py took 0.093 seconds
[2023-01-03T22:38:30.004+0100] {processor.py:153} INFO - Started process (PID=8969) to work on /home/chrisfleig/.local/lib/python3.10/site-packages/airflow/example_dags/example_branch_labels.py
[2023-01-03T22:38:30.005+0100] {processor.py:743} INFO - Processing file /home/chrisfleig/.local/lib/python3.10/site-packages/airflow/example_dags/example_branch_labels.py for tasks to queue
[2023-01-03T22:38:30.006+0100] {logging_mixin.py:137} INFO - [2023-01-03T22:38:30.006+0100] {dagbag.py:538} INFO - Filling up the DagBag from /home/chrisfleig/.local/lib/python3.10/site-packages/airflow/example_dags/example_branch_labels.py
[2023-01-03T22:38:30.018+0100] {processor.py:753} INFO - DAG(s) dict_keys(['example_branch_labels']) retrieved from /home/chrisfleig/.local/lib/python3.10/site-packages/airflow/example_dags/example_branch_labels.py
[2023-01-03T22:38:30.038+0100] {logging_mixin.py:137} INFO - [2023-01-03T22:38:30.038+0100] {dag.py:2676} INFO - Sync 1 DAGs
[2023-01-03T22:38:30.056+0100] {logging_mixin.py:137} INFO - [2023-01-03T22:38:30.056+0100] {dag.py:3423} INFO - Setting next_dagrun for example_branch_labels to 2023-01-02T00:00:00+00:00, run_after=2023-01-03T00:00:00+00:00
[2023-01-03T22:38:30.092+0100] {processor.py:175} INFO - Processing /home/chrisfleig/.local/lib/python3.10/site-packages/airflow/example_dags/example_branch_labels.py took 0.091 seconds
[2023-01-03T22:39:09.017+0100] {processor.py:153} INFO - Started process (PID=9007) to work on /home/chrisfleig/.local/lib/python3.10/site-packages/airflow/example_dags/example_branch_labels.py
[2023-01-03T22:39:09.018+0100] {processor.py:743} INFO - Processing file /home/chrisfleig/.local/lib/python3.10/site-packages/airflow/example_dags/example_branch_labels.py for tasks to queue
[2023-01-03T22:39:09.019+0100] {logging_mixin.py:137} INFO - [2023-01-03T22:39:09.018+0100] {dagbag.py:538} INFO - Filling up the DagBag from /home/chrisfleig/.local/lib/python3.10/site-packages/airflow/example_dags/example_branch_labels.py
[2023-01-03T22:39:09.031+0100] {processor.py:753} INFO - DAG(s) dict_keys(['example_branch_labels']) retrieved from /home/chrisfleig/.local/lib/python3.10/site-packages/airflow/example_dags/example_branch_labels.py
[2023-01-03T22:39:09.053+0100] {logging_mixin.py:137} INFO - [2023-01-03T22:39:09.052+0100] {dag.py:2676} INFO - Sync 1 DAGs
[2023-01-03T22:39:09.070+0100] {logging_mixin.py:137} INFO - [2023-01-03T22:39:09.070+0100] {dag.py:3423} INFO - Setting next_dagrun for example_branch_labels to 2023-01-02T00:00:00+00:00, run_after=2023-01-03T00:00:00+00:00
[2023-01-03T22:39:09.105+0100] {processor.py:175} INFO - Processing /home/chrisfleig/.local/lib/python3.10/site-packages/airflow/example_dags/example_branch_labels.py took 0.091 seconds
[2023-01-03T22:39:49.517+0100] {processor.py:153} INFO - Started process (PID=9045) to work on /home/chrisfleig/.local/lib/python3.10/site-packages/airflow/example_dags/example_branch_labels.py
[2023-01-03T22:39:49.518+0100] {processor.py:743} INFO - Processing file /home/chrisfleig/.local/lib/python3.10/site-packages/airflow/example_dags/example_branch_labels.py for tasks to queue
[2023-01-03T22:39:49.518+0100] {logging_mixin.py:137} INFO - [2023-01-03T22:39:49.518+0100] {dagbag.py:538} INFO - Filling up the DagBag from /home/chrisfleig/.local/lib/python3.10/site-packages/airflow/example_dags/example_branch_labels.py
[2023-01-03T22:39:49.531+0100] {processor.py:753} INFO - DAG(s) dict_keys(['example_branch_labels']) retrieved from /home/chrisfleig/.local/lib/python3.10/site-packages/airflow/example_dags/example_branch_labels.py
[2023-01-03T22:39:49.552+0100] {logging_mixin.py:137} INFO - [2023-01-03T22:39:49.552+0100] {dag.py:2676} INFO - Sync 1 DAGs
[2023-01-03T22:39:49.570+0100] {logging_mixin.py:137} INFO - [2023-01-03T22:39:49.570+0100] {dag.py:3423} INFO - Setting next_dagrun for example_branch_labels to 2023-01-02T00:00:00+00:00, run_after=2023-01-03T00:00:00+00:00
[2023-01-03T22:39:49.605+0100] {processor.py:175} INFO - Processing /home/chrisfleig/.local/lib/python3.10/site-packages/airflow/example_dags/example_branch_labels.py took 0.091 seconds
[2023-01-03T22:40:28.056+0100] {processor.py:153} INFO - Started process (PID=9083) to work on /home/chrisfleig/.local/lib/python3.10/site-packages/airflow/example_dags/example_branch_labels.py
[2023-01-03T22:40:28.057+0100] {processor.py:743} INFO - Processing file /home/chrisfleig/.local/lib/python3.10/site-packages/airflow/example_dags/example_branch_labels.py for tasks to queue
[2023-01-03T22:40:28.057+0100] {logging_mixin.py:137} INFO - [2023-01-03T22:40:28.057+0100] {dagbag.py:538} INFO - Filling up the DagBag from /home/chrisfleig/.local/lib/python3.10/site-packages/airflow/example_dags/example_branch_labels.py
[2023-01-03T22:40:28.070+0100] {processor.py:753} INFO - DAG(s) dict_keys(['example_branch_labels']) retrieved from /home/chrisfleig/.local/lib/python3.10/site-packages/airflow/example_dags/example_branch_labels.py
[2023-01-03T22:40:28.090+0100] {logging_mixin.py:137} INFO - [2023-01-03T22:40:28.090+0100] {dag.py:2676} INFO - Sync 1 DAGs
[2023-01-03T22:40:28.108+0100] {logging_mixin.py:137} INFO - [2023-01-03T22:40:28.108+0100] {dag.py:3423} INFO - Setting next_dagrun for example_branch_labels to 2023-01-02T00:00:00+00:00, run_after=2023-01-03T00:00:00+00:00
[2023-01-03T22:40:28.142+0100] {processor.py:175} INFO - Processing /home/chrisfleig/.local/lib/python3.10/site-packages/airflow/example_dags/example_branch_labels.py took 0.088 seconds
[2023-01-03T22:41:06.418+0100] {processor.py:153} INFO - Started process (PID=9121) to work on /home/chrisfleig/.local/lib/python3.10/site-packages/airflow/example_dags/example_branch_labels.py
[2023-01-03T22:41:06.419+0100] {processor.py:743} INFO - Processing file /home/chrisfleig/.local/lib/python3.10/site-packages/airflow/example_dags/example_branch_labels.py for tasks to queue
[2023-01-03T22:41:06.420+0100] {logging_mixin.py:137} INFO - [2023-01-03T22:41:06.419+0100] {dagbag.py:538} INFO - Filling up the DagBag from /home/chrisfleig/.local/lib/python3.10/site-packages/airflow/example_dags/example_branch_labels.py
[2023-01-03T22:41:06.432+0100] {processor.py:753} INFO - DAG(s) dict_keys(['example_branch_labels']) retrieved from /home/chrisfleig/.local/lib/python3.10/site-packages/airflow/example_dags/example_branch_labels.py
[2023-01-03T22:41:06.454+0100] {logging_mixin.py:137} INFO - [2023-01-03T22:41:06.454+0100] {dag.py:2676} INFO - Sync 1 DAGs
[2023-01-03T22:41:06.472+0100] {logging_mixin.py:137} INFO - [2023-01-03T22:41:06.472+0100] {dag.py:3423} INFO - Setting next_dagrun for example_branch_labels to 2023-01-02T00:00:00+00:00, run_after=2023-01-03T00:00:00+00:00
[2023-01-03T22:41:06.506+0100] {processor.py:175} INFO - Processing /home/chrisfleig/.local/lib/python3.10/site-packages/airflow/example_dags/example_branch_labels.py took 0.090 seconds
[2023-01-03T22:41:43.273+0100] {processor.py:153} INFO - Started process (PID=9159) to work on /home/chrisfleig/.local/lib/python3.10/site-packages/airflow/example_dags/example_branch_labels.py
[2023-01-03T22:41:43.274+0100] {processor.py:743} INFO - Processing file /home/chrisfleig/.local/lib/python3.10/site-packages/airflow/example_dags/example_branch_labels.py for tasks to queue
[2023-01-03T22:41:43.275+0100] {logging_mixin.py:137} INFO - [2023-01-03T22:41:43.275+0100] {dagbag.py:538} INFO - Filling up the DagBag from /home/chrisfleig/.local/lib/python3.10/site-packages/airflow/example_dags/example_branch_labels.py
[2023-01-03T22:41:43.288+0100] {processor.py:753} INFO - DAG(s) dict_keys(['example_branch_labels']) retrieved from /home/chrisfleig/.local/lib/python3.10/site-packages/airflow/example_dags/example_branch_labels.py
[2023-01-03T22:41:43.309+0100] {logging_mixin.py:137} INFO - [2023-01-03T22:41:43.309+0100] {dag.py:2676} INFO - Sync 1 DAGs
[2023-01-03T22:41:43.326+0100] {logging_mixin.py:137} INFO - [2023-01-03T22:41:43.326+0100] {dag.py:3423} INFO - Setting next_dagrun for example_branch_labels to 2023-01-02T00:00:00+00:00, run_after=2023-01-03T00:00:00+00:00
[2023-01-03T22:41:43.361+0100] {processor.py:175} INFO - Processing /home/chrisfleig/.local/lib/python3.10/site-packages/airflow/example_dags/example_branch_labels.py took 0.090 seconds
[2023-01-03T22:42:23.211+0100] {processor.py:153} INFO - Started process (PID=9201) to work on /home/chrisfleig/.local/lib/python3.10/site-packages/airflow/example_dags/example_branch_labels.py
[2023-01-03T22:42:23.213+0100] {processor.py:743} INFO - Processing file /home/chrisfleig/.local/lib/python3.10/site-packages/airflow/example_dags/example_branch_labels.py for tasks to queue
[2023-01-03T22:42:23.213+0100] {logging_mixin.py:137} INFO - [2023-01-03T22:42:23.213+0100] {dagbag.py:538} INFO - Filling up the DagBag from /home/chrisfleig/.local/lib/python3.10/site-packages/airflow/example_dags/example_branch_labels.py
[2023-01-03T22:42:23.225+0100] {processor.py:753} INFO - DAG(s) dict_keys(['example_branch_labels']) retrieved from /home/chrisfleig/.local/lib/python3.10/site-packages/airflow/example_dags/example_branch_labels.py
[2023-01-03T22:42:23.246+0100] {logging_mixin.py:137} INFO - [2023-01-03T22:42:23.246+0100] {dag.py:2676} INFO - Sync 1 DAGs
[2023-01-03T22:42:23.263+0100] {logging_mixin.py:137} INFO - [2023-01-03T22:42:23.263+0100] {dag.py:3423} INFO - Setting next_dagrun for example_branch_labels to 2023-01-02T00:00:00+00:00, run_after=2023-01-03T00:00:00+00:00
[2023-01-03T22:42:23.296+0100] {processor.py:175} INFO - Processing /home/chrisfleig/.local/lib/python3.10/site-packages/airflow/example_dags/example_branch_labels.py took 0.087 seconds
[2023-01-03T22:43:01.080+0100] {processor.py:153} INFO - Started process (PID=9239) to work on /home/chrisfleig/.local/lib/python3.10/site-packages/airflow/example_dags/example_branch_labels.py
[2023-01-03T22:43:01.081+0100] {processor.py:743} INFO - Processing file /home/chrisfleig/.local/lib/python3.10/site-packages/airflow/example_dags/example_branch_labels.py for tasks to queue
[2023-01-03T22:43:01.082+0100] {logging_mixin.py:137} INFO - [2023-01-03T22:43:01.081+0100] {dagbag.py:538} INFO - Filling up the DagBag from /home/chrisfleig/.local/lib/python3.10/site-packages/airflow/example_dags/example_branch_labels.py
[2023-01-03T22:43:01.098+0100] {processor.py:753} INFO - DAG(s) dict_keys(['example_branch_labels']) retrieved from /home/chrisfleig/.local/lib/python3.10/site-packages/airflow/example_dags/example_branch_labels.py
[2023-01-03T22:43:01.126+0100] {logging_mixin.py:137} INFO - [2023-01-03T22:43:01.126+0100] {dag.py:2676} INFO - Sync 1 DAGs
[2023-01-03T22:43:01.148+0100] {logging_mixin.py:137} INFO - [2023-01-03T22:43:01.148+0100] {dag.py:3423} INFO - Setting next_dagrun for example_branch_labels to 2023-01-02T00:00:00+00:00, run_after=2023-01-03T00:00:00+00:00
[2023-01-03T22:43:01.191+0100] {processor.py:175} INFO - Processing /home/chrisfleig/.local/lib/python3.10/site-packages/airflow/example_dags/example_branch_labels.py took 0.116 seconds
[2023-01-03T22:43:41.033+0100] {processor.py:153} INFO - Started process (PID=9277) to work on /home/chrisfleig/.local/lib/python3.10/site-packages/airflow/example_dags/example_branch_labels.py
[2023-01-03T22:43:41.035+0100] {processor.py:743} INFO - Processing file /home/chrisfleig/.local/lib/python3.10/site-packages/airflow/example_dags/example_branch_labels.py for tasks to queue
[2023-01-03T22:43:41.035+0100] {logging_mixin.py:137} INFO - [2023-01-03T22:43:41.035+0100] {dagbag.py:538} INFO - Filling up the DagBag from /home/chrisfleig/.local/lib/python3.10/site-packages/airflow/example_dags/example_branch_labels.py
[2023-01-03T22:43:41.048+0100] {processor.py:753} INFO - DAG(s) dict_keys(['example_branch_labels']) retrieved from /home/chrisfleig/.local/lib/python3.10/site-packages/airflow/example_dags/example_branch_labels.py
[2023-01-03T22:43:41.070+0100] {logging_mixin.py:137} INFO - [2023-01-03T22:43:41.070+0100] {dag.py:2676} INFO - Sync 1 DAGs
[2023-01-03T22:43:41.088+0100] {logging_mixin.py:137} INFO - [2023-01-03T22:43:41.088+0100] {dag.py:3423} INFO - Setting next_dagrun for example_branch_labels to 2023-01-02T00:00:00+00:00, run_after=2023-01-03T00:00:00+00:00
[2023-01-03T22:43:41.125+0100] {processor.py:175} INFO - Processing /home/chrisfleig/.local/lib/python3.10/site-packages/airflow/example_dags/example_branch_labels.py took 0.094 seconds
[2023-01-03T22:44:19.708+0100] {processor.py:153} INFO - Started process (PID=9315) to work on /home/chrisfleig/.local/lib/python3.10/site-packages/airflow/example_dags/example_branch_labels.py
[2023-01-03T22:44:19.709+0100] {processor.py:743} INFO - Processing file /home/chrisfleig/.local/lib/python3.10/site-packages/airflow/example_dags/example_branch_labels.py for tasks to queue
[2023-01-03T22:44:19.709+0100] {logging_mixin.py:137} INFO - [2023-01-03T22:44:19.709+0100] {dagbag.py:538} INFO - Filling up the DagBag from /home/chrisfleig/.local/lib/python3.10/site-packages/airflow/example_dags/example_branch_labels.py
[2023-01-03T22:44:19.721+0100] {processor.py:753} INFO - DAG(s) dict_keys(['example_branch_labels']) retrieved from /home/chrisfleig/.local/lib/python3.10/site-packages/airflow/example_dags/example_branch_labels.py
[2023-01-03T22:44:19.741+0100] {logging_mixin.py:137} INFO - [2023-01-03T22:44:19.741+0100] {dag.py:2676} INFO - Sync 1 DAGs
[2023-01-03T22:44:19.758+0100] {logging_mixin.py:137} INFO - [2023-01-03T22:44:19.758+0100] {dag.py:3423} INFO - Setting next_dagrun for example_branch_labels to 2023-01-02T00:00:00+00:00, run_after=2023-01-03T00:00:00+00:00
[2023-01-03T22:44:19.796+0100] {processor.py:175} INFO - Processing /home/chrisfleig/.local/lib/python3.10/site-packages/airflow/example_dags/example_branch_labels.py took 0.092 seconds
[2023-01-03T22:44:58.727+0100] {processor.py:153} INFO - Started process (PID=9353) to work on /home/chrisfleig/.local/lib/python3.10/site-packages/airflow/example_dags/example_branch_labels.py
[2023-01-03T22:44:58.728+0100] {processor.py:743} INFO - Processing file /home/chrisfleig/.local/lib/python3.10/site-packages/airflow/example_dags/example_branch_labels.py for tasks to queue
[2023-01-03T22:44:58.728+0100] {logging_mixin.py:137} INFO - [2023-01-03T22:44:58.728+0100] {dagbag.py:538} INFO - Filling up the DagBag from /home/chrisfleig/.local/lib/python3.10/site-packages/airflow/example_dags/example_branch_labels.py
[2023-01-03T22:44:58.741+0100] {processor.py:753} INFO - DAG(s) dict_keys(['example_branch_labels']) retrieved from /home/chrisfleig/.local/lib/python3.10/site-packages/airflow/example_dags/example_branch_labels.py
[2023-01-03T22:44:58.761+0100] {logging_mixin.py:137} INFO - [2023-01-03T22:44:58.761+0100] {dag.py:2676} INFO - Sync 1 DAGs
[2023-01-03T22:44:58.780+0100] {logging_mixin.py:137} INFO - [2023-01-03T22:44:58.780+0100] {dag.py:3423} INFO - Setting next_dagrun for example_branch_labels to 2023-01-02T00:00:00+00:00, run_after=2023-01-03T00:00:00+00:00
[2023-01-03T22:44:58.815+0100] {processor.py:175} INFO - Processing /home/chrisfleig/.local/lib/python3.10/site-packages/airflow/example_dags/example_branch_labels.py took 0.090 seconds
[2023-01-03T22:45:38.032+0100] {processor.py:153} INFO - Started process (PID=9391) to work on /home/chrisfleig/.local/lib/python3.10/site-packages/airflow/example_dags/example_branch_labels.py
[2023-01-03T22:45:38.033+0100] {processor.py:743} INFO - Processing file /home/chrisfleig/.local/lib/python3.10/site-packages/airflow/example_dags/example_branch_labels.py for tasks to queue
[2023-01-03T22:45:38.034+0100] {logging_mixin.py:137} INFO - [2023-01-03T22:45:38.034+0100] {dagbag.py:538} INFO - Filling up the DagBag from /home/chrisfleig/.local/lib/python3.10/site-packages/airflow/example_dags/example_branch_labels.py
[2023-01-03T22:45:38.048+0100] {processor.py:753} INFO - DAG(s) dict_keys(['example_branch_labels']) retrieved from /home/chrisfleig/.local/lib/python3.10/site-packages/airflow/example_dags/example_branch_labels.py
[2023-01-03T22:45:38.069+0100] {logging_mixin.py:137} INFO - [2023-01-03T22:45:38.069+0100] {dag.py:2676} INFO - Sync 1 DAGs
[2023-01-03T22:45:38.090+0100] {logging_mixin.py:137} INFO - [2023-01-03T22:45:38.089+0100] {dag.py:3423} INFO - Setting next_dagrun for example_branch_labels to 2023-01-02T00:00:00+00:00, run_after=2023-01-03T00:00:00+00:00
[2023-01-03T22:45:38.129+0100] {processor.py:175} INFO - Processing /home/chrisfleig/.local/lib/python3.10/site-packages/airflow/example_dags/example_branch_labels.py took 0.099 seconds
[2023-01-03T22:46:15.988+0100] {processor.py:153} INFO - Started process (PID=9429) to work on /home/chrisfleig/.local/lib/python3.10/site-packages/airflow/example_dags/example_branch_labels.py
[2023-01-03T22:46:15.992+0100] {processor.py:743} INFO - Processing file /home/chrisfleig/.local/lib/python3.10/site-packages/airflow/example_dags/example_branch_labels.py for tasks to queue
[2023-01-03T22:46:15.995+0100] {logging_mixin.py:137} INFO - [2023-01-03T22:46:15.993+0100] {dagbag.py:538} INFO - Filling up the DagBag from /home/chrisfleig/.local/lib/python3.10/site-packages/airflow/example_dags/example_branch_labels.py
[2023-01-03T22:46:16.016+0100] {processor.py:753} INFO - DAG(s) dict_keys(['example_branch_labels']) retrieved from /home/chrisfleig/.local/lib/python3.10/site-packages/airflow/example_dags/example_branch_labels.py
[2023-01-03T22:46:16.040+0100] {logging_mixin.py:137} INFO - [2023-01-03T22:46:16.039+0100] {dag.py:2676} INFO - Sync 1 DAGs
[2023-01-03T22:46:16.062+0100] {logging_mixin.py:137} INFO - [2023-01-03T22:46:16.062+0100] {dag.py:3423} INFO - Setting next_dagrun for example_branch_labels to 2023-01-02T00:00:00+00:00, run_after=2023-01-03T00:00:00+00:00
[2023-01-03T22:46:16.102+0100] {processor.py:175} INFO - Processing /home/chrisfleig/.local/lib/python3.10/site-packages/airflow/example_dags/example_branch_labels.py took 0.117 seconds
[2023-01-03T22:46:51.961+0100] {processor.py:153} INFO - Started process (PID=9467) to work on /home/chrisfleig/.local/lib/python3.10/site-packages/airflow/example_dags/example_branch_labels.py
[2023-01-03T22:46:51.962+0100] {processor.py:743} INFO - Processing file /home/chrisfleig/.local/lib/python3.10/site-packages/airflow/example_dags/example_branch_labels.py for tasks to queue
[2023-01-03T22:46:51.962+0100] {logging_mixin.py:137} INFO - [2023-01-03T22:46:51.962+0100] {dagbag.py:538} INFO - Filling up the DagBag from /home/chrisfleig/.local/lib/python3.10/site-packages/airflow/example_dags/example_branch_labels.py
[2023-01-03T22:46:51.976+0100] {processor.py:753} INFO - DAG(s) dict_keys(['example_branch_labels']) retrieved from /home/chrisfleig/.local/lib/python3.10/site-packages/airflow/example_dags/example_branch_labels.py
[2023-01-03T22:46:51.997+0100] {logging_mixin.py:137} INFO - [2023-01-03T22:46:51.997+0100] {dag.py:2676} INFO - Sync 1 DAGs
[2023-01-03T22:46:52.016+0100] {logging_mixin.py:137} INFO - [2023-01-03T22:46:52.016+0100] {dag.py:3423} INFO - Setting next_dagrun for example_branch_labels to 2023-01-02T00:00:00+00:00, run_after=2023-01-03T00:00:00+00:00
[2023-01-03T22:46:52.052+0100] {processor.py:175} INFO - Processing /home/chrisfleig/.local/lib/python3.10/site-packages/airflow/example_dags/example_branch_labels.py took 0.094 seconds
[2023-01-03T22:47:32.291+0100] {processor.py:153} INFO - Started process (PID=9505) to work on /home/chrisfleig/.local/lib/python3.10/site-packages/airflow/example_dags/example_branch_labels.py
[2023-01-03T22:47:32.292+0100] {processor.py:743} INFO - Processing file /home/chrisfleig/.local/lib/python3.10/site-packages/airflow/example_dags/example_branch_labels.py for tasks to queue
[2023-01-03T22:47:32.293+0100] {logging_mixin.py:137} INFO - [2023-01-03T22:47:32.292+0100] {dagbag.py:538} INFO - Filling up the DagBag from /home/chrisfleig/.local/lib/python3.10/site-packages/airflow/example_dags/example_branch_labels.py
[2023-01-03T22:47:32.305+0100] {processor.py:753} INFO - DAG(s) dict_keys(['example_branch_labels']) retrieved from /home/chrisfleig/.local/lib/python3.10/site-packages/airflow/example_dags/example_branch_labels.py
[2023-01-03T22:47:32.326+0100] {logging_mixin.py:137} INFO - [2023-01-03T22:47:32.326+0100] {dag.py:2676} INFO - Sync 1 DAGs
[2023-01-03T22:47:32.343+0100] {logging_mixin.py:137} INFO - [2023-01-03T22:47:32.343+0100] {dag.py:3423} INFO - Setting next_dagrun for example_branch_labels to 2023-01-02T00:00:00+00:00, run_after=2023-01-03T00:00:00+00:00
[2023-01-03T22:47:32.378+0100] {processor.py:175} INFO - Processing /home/chrisfleig/.local/lib/python3.10/site-packages/airflow/example_dags/example_branch_labels.py took 0.089 seconds
[2023-01-03T22:48:12.404+0100] {processor.py:153} INFO - Started process (PID=9543) to work on /home/chrisfleig/.local/lib/python3.10/site-packages/airflow/example_dags/example_branch_labels.py
[2023-01-03T22:48:12.405+0100] {processor.py:743} INFO - Processing file /home/chrisfleig/.local/lib/python3.10/site-packages/airflow/example_dags/example_branch_labels.py for tasks to queue
[2023-01-03T22:48:12.406+0100] {logging_mixin.py:137} INFO - [2023-01-03T22:48:12.406+0100] {dagbag.py:538} INFO - Filling up the DagBag from /home/chrisfleig/.local/lib/python3.10/site-packages/airflow/example_dags/example_branch_labels.py
[2023-01-03T22:48:12.419+0100] {processor.py:753} INFO - DAG(s) dict_keys(['example_branch_labels']) retrieved from /home/chrisfleig/.local/lib/python3.10/site-packages/airflow/example_dags/example_branch_labels.py
[2023-01-03T22:48:12.442+0100] {logging_mixin.py:137} INFO - [2023-01-03T22:48:12.442+0100] {dag.py:2676} INFO - Sync 1 DAGs
[2023-01-03T22:48:12.460+0100] {logging_mixin.py:137} INFO - [2023-01-03T22:48:12.460+0100] {dag.py:3423} INFO - Setting next_dagrun for example_branch_labels to 2023-01-02T00:00:00+00:00, run_after=2023-01-03T00:00:00+00:00
[2023-01-03T22:48:12.493+0100] {processor.py:175} INFO - Processing /home/chrisfleig/.local/lib/python3.10/site-packages/airflow/example_dags/example_branch_labels.py took 0.092 seconds
[2023-01-03T22:48:51.931+0100] {processor.py:153} INFO - Started process (PID=9581) to work on /home/chrisfleig/.local/lib/python3.10/site-packages/airflow/example_dags/example_branch_labels.py
[2023-01-03T22:48:51.936+0100] {processor.py:743} INFO - Processing file /home/chrisfleig/.local/lib/python3.10/site-packages/airflow/example_dags/example_branch_labels.py for tasks to queue
[2023-01-03T22:48:51.937+0100] {logging_mixin.py:137} INFO - [2023-01-03T22:48:51.937+0100] {dagbag.py:538} INFO - Filling up the DagBag from /home/chrisfleig/.local/lib/python3.10/site-packages/airflow/example_dags/example_branch_labels.py
[2023-01-03T22:48:51.961+0100] {processor.py:753} INFO - DAG(s) dict_keys(['example_branch_labels']) retrieved from /home/chrisfleig/.local/lib/python3.10/site-packages/airflow/example_dags/example_branch_labels.py
[2023-01-03T22:48:51.993+0100] {logging_mixin.py:137} INFO - [2023-01-03T22:48:51.993+0100] {dag.py:2676} INFO - Sync 1 DAGs
[2023-01-03T22:48:52.029+0100] {logging_mixin.py:137} INFO - [2023-01-03T22:48:52.029+0100] {dag.py:3423} INFO - Setting next_dagrun for example_branch_labels to 2023-01-02T00:00:00+00:00, run_after=2023-01-03T00:00:00+00:00
[2023-01-03T22:48:52.086+0100] {processor.py:175} INFO - Processing /home/chrisfleig/.local/lib/python3.10/site-packages/airflow/example_dags/example_branch_labels.py took 0.159 seconds
[2023-01-03T22:49:33.283+0100] {processor.py:153} INFO - Started process (PID=9619) to work on /home/chrisfleig/.local/lib/python3.10/site-packages/airflow/example_dags/example_branch_labels.py
[2023-01-03T22:49:33.284+0100] {processor.py:743} INFO - Processing file /home/chrisfleig/.local/lib/python3.10/site-packages/airflow/example_dags/example_branch_labels.py for tasks to queue
[2023-01-03T22:49:33.285+0100] {logging_mixin.py:137} INFO - [2023-01-03T22:49:33.285+0100] {dagbag.py:538} INFO - Filling up the DagBag from /home/chrisfleig/.local/lib/python3.10/site-packages/airflow/example_dags/example_branch_labels.py
[2023-01-03T22:49:33.297+0100] {processor.py:753} INFO - DAG(s) dict_keys(['example_branch_labels']) retrieved from /home/chrisfleig/.local/lib/python3.10/site-packages/airflow/example_dags/example_branch_labels.py
[2023-01-03T22:49:33.318+0100] {logging_mixin.py:137} INFO - [2023-01-03T22:49:33.317+0100] {dag.py:2676} INFO - Sync 1 DAGs
[2023-01-03T22:49:33.336+0100] {logging_mixin.py:137} INFO - [2023-01-03T22:49:33.336+0100] {dag.py:3423} INFO - Setting next_dagrun for example_branch_labels to 2023-01-02T00:00:00+00:00, run_after=2023-01-03T00:00:00+00:00
[2023-01-03T22:49:33.371+0100] {processor.py:175} INFO - Processing /home/chrisfleig/.local/lib/python3.10/site-packages/airflow/example_dags/example_branch_labels.py took 0.091 seconds
[2023-01-03T22:50:11.678+0100] {processor.py:153} INFO - Started process (PID=9657) to work on /home/chrisfleig/.local/lib/python3.10/site-packages/airflow/example_dags/example_branch_labels.py
[2023-01-03T22:50:11.679+0100] {processor.py:743} INFO - Processing file /home/chrisfleig/.local/lib/python3.10/site-packages/airflow/example_dags/example_branch_labels.py for tasks to queue
[2023-01-03T22:50:11.679+0100] {logging_mixin.py:137} INFO - [2023-01-03T22:50:11.679+0100] {dagbag.py:538} INFO - Filling up the DagBag from /home/chrisfleig/.local/lib/python3.10/site-packages/airflow/example_dags/example_branch_labels.py
[2023-01-03T22:50:11.692+0100] {processor.py:753} INFO - DAG(s) dict_keys(['example_branch_labels']) retrieved from /home/chrisfleig/.local/lib/python3.10/site-packages/airflow/example_dags/example_branch_labels.py
[2023-01-03T22:50:11.713+0100] {logging_mixin.py:137} INFO - [2023-01-03T22:50:11.713+0100] {dag.py:2676} INFO - Sync 1 DAGs
[2023-01-03T22:50:11.731+0100] {logging_mixin.py:137} INFO - [2023-01-03T22:50:11.731+0100] {dag.py:3423} INFO - Setting next_dagrun for example_branch_labels to 2023-01-02T00:00:00+00:00, run_after=2023-01-03T00:00:00+00:00
[2023-01-03T22:50:11.764+0100] {processor.py:175} INFO - Processing /home/chrisfleig/.local/lib/python3.10/site-packages/airflow/example_dags/example_branch_labels.py took 0.089 seconds
[2023-01-03T22:50:51.661+0100] {processor.py:153} INFO - Started process (PID=9695) to work on /home/chrisfleig/.local/lib/python3.10/site-packages/airflow/example_dags/example_branch_labels.py
[2023-01-03T22:50:51.663+0100] {processor.py:743} INFO - Processing file /home/chrisfleig/.local/lib/python3.10/site-packages/airflow/example_dags/example_branch_labels.py for tasks to queue
[2023-01-03T22:50:51.663+0100] {logging_mixin.py:137} INFO - [2023-01-03T22:50:51.663+0100] {dagbag.py:538} INFO - Filling up the DagBag from /home/chrisfleig/.local/lib/python3.10/site-packages/airflow/example_dags/example_branch_labels.py
[2023-01-03T22:50:51.676+0100] {processor.py:753} INFO - DAG(s) dict_keys(['example_branch_labels']) retrieved from /home/chrisfleig/.local/lib/python3.10/site-packages/airflow/example_dags/example_branch_labels.py
[2023-01-03T22:50:51.697+0100] {logging_mixin.py:137} INFO - [2023-01-03T22:50:51.696+0100] {dag.py:2676} INFO - Sync 1 DAGs
[2023-01-03T22:50:51.715+0100] {logging_mixin.py:137} INFO - [2023-01-03T22:50:51.715+0100] {dag.py:3423} INFO - Setting next_dagrun for example_branch_labels to 2023-01-02T00:00:00+00:00, run_after=2023-01-03T00:00:00+00:00
[2023-01-03T22:50:51.749+0100] {processor.py:175} INFO - Processing /home/chrisfleig/.local/lib/python3.10/site-packages/airflow/example_dags/example_branch_labels.py took 0.090 seconds
[2023-01-03T22:51:29.862+0100] {processor.py:153} INFO - Started process (PID=9733) to work on /home/chrisfleig/.local/lib/python3.10/site-packages/airflow/example_dags/example_branch_labels.py
[2023-01-03T22:51:29.863+0100] {processor.py:743} INFO - Processing file /home/chrisfleig/.local/lib/python3.10/site-packages/airflow/example_dags/example_branch_labels.py for tasks to queue
[2023-01-03T22:51:29.863+0100] {logging_mixin.py:137} INFO - [2023-01-03T22:51:29.863+0100] {dagbag.py:538} INFO - Filling up the DagBag from /home/chrisfleig/.local/lib/python3.10/site-packages/airflow/example_dags/example_branch_labels.py
[2023-01-03T22:51:29.877+0100] {processor.py:753} INFO - DAG(s) dict_keys(['example_branch_labels']) retrieved from /home/chrisfleig/.local/lib/python3.10/site-packages/airflow/example_dags/example_branch_labels.py
[2023-01-03T22:51:29.898+0100] {logging_mixin.py:137} INFO - [2023-01-03T22:51:29.897+0100] {dag.py:2676} INFO - Sync 1 DAGs
[2023-01-03T22:51:29.915+0100] {logging_mixin.py:137} INFO - [2023-01-03T22:51:29.915+0100] {dag.py:3423} INFO - Setting next_dagrun for example_branch_labels to 2023-01-02T00:00:00+00:00, run_after=2023-01-03T00:00:00+00:00
[2023-01-03T22:51:29.949+0100] {processor.py:175} INFO - Processing /home/chrisfleig/.local/lib/python3.10/site-packages/airflow/example_dags/example_branch_labels.py took 0.089 seconds
[2023-01-03T22:52:09.659+0100] {processor.py:153} INFO - Started process (PID=9771) to work on /home/chrisfleig/.local/lib/python3.10/site-packages/airflow/example_dags/example_branch_labels.py
[2023-01-03T22:52:09.660+0100] {processor.py:743} INFO - Processing file /home/chrisfleig/.local/lib/python3.10/site-packages/airflow/example_dags/example_branch_labels.py for tasks to queue
[2023-01-03T22:52:09.660+0100] {logging_mixin.py:137} INFO - [2023-01-03T22:52:09.660+0100] {dagbag.py:538} INFO - Filling up the DagBag from /home/chrisfleig/.local/lib/python3.10/site-packages/airflow/example_dags/example_branch_labels.py
[2023-01-03T22:52:09.674+0100] {processor.py:753} INFO - DAG(s) dict_keys(['example_branch_labels']) retrieved from /home/chrisfleig/.local/lib/python3.10/site-packages/airflow/example_dags/example_branch_labels.py
[2023-01-03T22:52:09.696+0100] {logging_mixin.py:137} INFO - [2023-01-03T22:52:09.696+0100] {dag.py:2676} INFO - Sync 1 DAGs
[2023-01-03T22:52:09.714+0100] {logging_mixin.py:137} INFO - [2023-01-03T22:52:09.713+0100] {dag.py:3423} INFO - Setting next_dagrun for example_branch_labels to 2023-01-02T00:00:00+00:00, run_after=2023-01-03T00:00:00+00:00
[2023-01-03T22:52:09.749+0100] {processor.py:175} INFO - Processing /home/chrisfleig/.local/lib/python3.10/site-packages/airflow/example_dags/example_branch_labels.py took 0.093 seconds
[2023-01-03T22:52:50.515+0100] {processor.py:153} INFO - Started process (PID=9809) to work on /home/chrisfleig/.local/lib/python3.10/site-packages/airflow/example_dags/example_branch_labels.py
[2023-01-03T22:52:50.517+0100] {processor.py:743} INFO - Processing file /home/chrisfleig/.local/lib/python3.10/site-packages/airflow/example_dags/example_branch_labels.py for tasks to queue
[2023-01-03T22:52:50.517+0100] {logging_mixin.py:137} INFO - [2023-01-03T22:52:50.517+0100] {dagbag.py:538} INFO - Filling up the DagBag from /home/chrisfleig/.local/lib/python3.10/site-packages/airflow/example_dags/example_branch_labels.py
[2023-01-03T22:52:50.530+0100] {processor.py:753} INFO - DAG(s) dict_keys(['example_branch_labels']) retrieved from /home/chrisfleig/.local/lib/python3.10/site-packages/airflow/example_dags/example_branch_labels.py
[2023-01-03T22:52:50.550+0100] {logging_mixin.py:137} INFO - [2023-01-03T22:52:50.550+0100] {dag.py:2676} INFO - Sync 1 DAGs
[2023-01-03T22:52:50.567+0100] {logging_mixin.py:137} INFO - [2023-01-03T22:52:50.567+0100] {dag.py:3423} INFO - Setting next_dagrun for example_branch_labels to 2023-01-02T00:00:00+00:00, run_after=2023-01-03T00:00:00+00:00
[2023-01-03T22:52:50.605+0100] {processor.py:175} INFO - Processing /home/chrisfleig/.local/lib/python3.10/site-packages/airflow/example_dags/example_branch_labels.py took 0.092 seconds
[2023-01-03T22:53:28.385+0100] {processor.py:153} INFO - Started process (PID=9847) to work on /home/chrisfleig/.local/lib/python3.10/site-packages/airflow/example_dags/example_branch_labels.py
[2023-01-03T22:53:28.386+0100] {processor.py:743} INFO - Processing file /home/chrisfleig/.local/lib/python3.10/site-packages/airflow/example_dags/example_branch_labels.py for tasks to queue
[2023-01-03T22:53:28.387+0100] {logging_mixin.py:137} INFO - [2023-01-03T22:53:28.387+0100] {dagbag.py:538} INFO - Filling up the DagBag from /home/chrisfleig/.local/lib/python3.10/site-packages/airflow/example_dags/example_branch_labels.py
[2023-01-03T22:53:28.400+0100] {processor.py:753} INFO - DAG(s) dict_keys(['example_branch_labels']) retrieved from /home/chrisfleig/.local/lib/python3.10/site-packages/airflow/example_dags/example_branch_labels.py
[2023-01-03T22:53:28.420+0100] {logging_mixin.py:137} INFO - [2023-01-03T22:53:28.420+0100] {dag.py:2676} INFO - Sync 1 DAGs
[2023-01-03T22:53:28.438+0100] {logging_mixin.py:137} INFO - [2023-01-03T22:53:28.438+0100] {dag.py:3423} INFO - Setting next_dagrun for example_branch_labels to 2023-01-02T00:00:00+00:00, run_after=2023-01-03T00:00:00+00:00
[2023-01-03T22:53:28.475+0100] {processor.py:175} INFO - Processing /home/chrisfleig/.local/lib/python3.10/site-packages/airflow/example_dags/example_branch_labels.py took 0.092 seconds
[2023-01-03T22:54:10.328+0100] {processor.py:153} INFO - Started process (PID=9890) to work on /home/chrisfleig/.local/lib/python3.10/site-packages/airflow/example_dags/example_branch_labels.py
[2023-01-03T22:54:10.329+0100] {processor.py:743} INFO - Processing file /home/chrisfleig/.local/lib/python3.10/site-packages/airflow/example_dags/example_branch_labels.py for tasks to queue
[2023-01-03T22:54:10.330+0100] {logging_mixin.py:137} INFO - [2023-01-03T22:54:10.330+0100] {dagbag.py:538} INFO - Filling up the DagBag from /home/chrisfleig/.local/lib/python3.10/site-packages/airflow/example_dags/example_branch_labels.py
[2023-01-03T22:54:10.342+0100] {processor.py:753} INFO - DAG(s) dict_keys(['example_branch_labels']) retrieved from /home/chrisfleig/.local/lib/python3.10/site-packages/airflow/example_dags/example_branch_labels.py
[2023-01-03T22:54:10.364+0100] {logging_mixin.py:137} INFO - [2023-01-03T22:54:10.364+0100] {dag.py:2676} INFO - Sync 1 DAGs
[2023-01-03T22:54:10.384+0100] {logging_mixin.py:137} INFO - [2023-01-03T22:54:10.383+0100] {dag.py:3423} INFO - Setting next_dagrun for example_branch_labels to 2023-01-02T00:00:00+00:00, run_after=2023-01-03T00:00:00+00:00
[2023-01-03T22:54:10.418+0100] {processor.py:175} INFO - Processing /home/chrisfleig/.local/lib/python3.10/site-packages/airflow/example_dags/example_branch_labels.py took 0.092 seconds
[2023-01-03T22:54:53.824+0100] {processor.py:153} INFO - Started process (PID=9930) to work on /home/chrisfleig/.local/lib/python3.10/site-packages/airflow/example_dags/example_branch_labels.py
[2023-01-03T22:54:53.825+0100] {processor.py:743} INFO - Processing file /home/chrisfleig/.local/lib/python3.10/site-packages/airflow/example_dags/example_branch_labels.py for tasks to queue
[2023-01-03T22:54:53.827+0100] {logging_mixin.py:137} INFO - [2023-01-03T22:54:53.826+0100] {dagbag.py:538} INFO - Filling up the DagBag from /home/chrisfleig/.local/lib/python3.10/site-packages/airflow/example_dags/example_branch_labels.py
[2023-01-03T22:54:53.852+0100] {processor.py:753} INFO - DAG(s) dict_keys(['example_branch_labels']) retrieved from /home/chrisfleig/.local/lib/python3.10/site-packages/airflow/example_dags/example_branch_labels.py
[2023-01-03T22:54:53.890+0100] {logging_mixin.py:137} INFO - [2023-01-03T22:54:53.890+0100] {dag.py:2676} INFO - Sync 1 DAGs
[2023-01-03T22:54:53.928+0100] {logging_mixin.py:137} INFO - [2023-01-03T22:54:53.928+0100] {dag.py:3423} INFO - Setting next_dagrun for example_branch_labels to 2023-01-02T00:00:00+00:00, run_after=2023-01-03T00:00:00+00:00
[2023-01-03T22:54:53.991+0100] {processor.py:175} INFO - Processing /home/chrisfleig/.local/lib/python3.10/site-packages/airflow/example_dags/example_branch_labels.py took 0.172 seconds
[2023-01-03T22:55:35.737+0100] {processor.py:153} INFO - Started process (PID=9968) to work on /home/chrisfleig/.local/lib/python3.10/site-packages/airflow/example_dags/example_branch_labels.py
[2023-01-03T22:55:35.750+0100] {processor.py:743} INFO - Processing file /home/chrisfleig/.local/lib/python3.10/site-packages/airflow/example_dags/example_branch_labels.py for tasks to queue
[2023-01-03T22:55:35.751+0100] {logging_mixin.py:137} INFO - [2023-01-03T22:55:35.751+0100] {dagbag.py:538} INFO - Filling up the DagBag from /home/chrisfleig/.local/lib/python3.10/site-packages/airflow/example_dags/example_branch_labels.py
[2023-01-03T22:55:35.765+0100] {processor.py:753} INFO - DAG(s) dict_keys(['example_branch_labels']) retrieved from /home/chrisfleig/.local/lib/python3.10/site-packages/airflow/example_dags/example_branch_labels.py
[2023-01-03T22:55:35.791+0100] {logging_mixin.py:137} INFO - [2023-01-03T22:55:35.791+0100] {dag.py:2676} INFO - Sync 1 DAGs
[2023-01-03T22:55:35.813+0100] {logging_mixin.py:137} INFO - [2023-01-03T22:55:35.813+0100] {dag.py:3423} INFO - Setting next_dagrun for example_branch_labels to 2023-01-02T00:00:00+00:00, run_after=2023-01-03T00:00:00+00:00
[2023-01-03T22:55:35.857+0100] {processor.py:175} INFO - Processing /home/chrisfleig/.local/lib/python3.10/site-packages/airflow/example_dags/example_branch_labels.py took 0.123 seconds
[2023-01-03T22:56:17.900+0100] {processor.py:153} INFO - Started process (PID=10011) to work on /home/chrisfleig/.local/lib/python3.10/site-packages/airflow/example_dags/example_branch_labels.py
[2023-01-03T22:56:17.901+0100] {processor.py:743} INFO - Processing file /home/chrisfleig/.local/lib/python3.10/site-packages/airflow/example_dags/example_branch_labels.py for tasks to queue
[2023-01-03T22:56:17.901+0100] {logging_mixin.py:137} INFO - [2023-01-03T22:56:17.901+0100] {dagbag.py:538} INFO - Filling up the DagBag from /home/chrisfleig/.local/lib/python3.10/site-packages/airflow/example_dags/example_branch_labels.py
[2023-01-03T22:56:17.917+0100] {processor.py:753} INFO - DAG(s) dict_keys(['example_branch_labels']) retrieved from /home/chrisfleig/.local/lib/python3.10/site-packages/airflow/example_dags/example_branch_labels.py
[2023-01-03T22:56:17.942+0100] {logging_mixin.py:137} INFO - [2023-01-03T22:56:17.942+0100] {dag.py:2676} INFO - Sync 1 DAGs
[2023-01-03T22:56:17.965+0100] {logging_mixin.py:137} INFO - [2023-01-03T22:56:17.965+0100] {dag.py:3423} INFO - Setting next_dagrun for example_branch_labels to 2023-01-02T00:00:00+00:00, run_after=2023-01-03T00:00:00+00:00
[2023-01-03T22:56:18.004+0100] {processor.py:175} INFO - Processing /home/chrisfleig/.local/lib/python3.10/site-packages/airflow/example_dags/example_branch_labels.py took 0.107 seconds
[2023-01-03T22:57:00.939+0100] {processor.py:153} INFO - Started process (PID=10050) to work on /home/chrisfleig/.local/lib/python3.10/site-packages/airflow/example_dags/example_branch_labels.py
[2023-01-03T22:57:00.940+0100] {processor.py:743} INFO - Processing file /home/chrisfleig/.local/lib/python3.10/site-packages/airflow/example_dags/example_branch_labels.py for tasks to queue
[2023-01-03T22:57:00.941+0100] {logging_mixin.py:137} INFO - [2023-01-03T22:57:00.941+0100] {dagbag.py:538} INFO - Filling up the DagBag from /home/chrisfleig/.local/lib/python3.10/site-packages/airflow/example_dags/example_branch_labels.py
[2023-01-03T22:57:00.957+0100] {processor.py:753} INFO - DAG(s) dict_keys(['example_branch_labels']) retrieved from /home/chrisfleig/.local/lib/python3.10/site-packages/airflow/example_dags/example_branch_labels.py
[2023-01-03T22:57:00.981+0100] {logging_mixin.py:137} INFO - [2023-01-03T22:57:00.981+0100] {dag.py:2676} INFO - Sync 1 DAGs
[2023-01-03T22:57:01.004+0100] {logging_mixin.py:137} INFO - [2023-01-03T22:57:01.004+0100] {dag.py:3423} INFO - Setting next_dagrun for example_branch_labels to 2023-01-02T00:00:00+00:00, run_after=2023-01-03T00:00:00+00:00
[2023-01-03T22:57:01.047+0100] {processor.py:175} INFO - Processing /home/chrisfleig/.local/lib/python3.10/site-packages/airflow/example_dags/example_branch_labels.py took 0.112 seconds
