[2023-01-03T22:11:23.195+0100] {processor.py:153} INFO - Started process (PID=8216) to work on /home/chrisfleig/.local/lib/python3.10/site-packages/airflow/example_dags/example_external_task_marker_dag.py
[2023-01-03T22:11:23.195+0100] {processor.py:743} INFO - Processing file /home/chrisfleig/.local/lib/python3.10/site-packages/airflow/example_dags/example_external_task_marker_dag.py for tasks to queue
[2023-01-03T22:11:23.196+0100] {logging_mixin.py:137} INFO - [2023-01-03T22:11:23.196+0100] {dagbag.py:538} INFO - Filling up the DagBag from /home/chrisfleig/.local/lib/python3.10/site-packages/airflow/example_dags/example_external_task_marker_dag.py
[2023-01-03T22:11:23.211+0100] {processor.py:753} INFO - DAG(s) dict_keys(['example_external_task_marker_parent', 'example_external_task_marker_child']) retrieved from /home/chrisfleig/.local/lib/python3.10/site-packages/airflow/example_dags/example_external_task_marker_dag.py
[2023-01-03T22:11:23.349+0100] {logging_mixin.py:137} INFO - [2023-01-03T22:11:23.349+0100] {manager.py:504} INFO - Created Permission View: can edit on DAG:example_external_task_marker_parent
[2023-01-03T22:11:23.377+0100] {logging_mixin.py:137} INFO - [2023-01-03T22:11:23.376+0100] {manager.py:504} INFO - Created Permission View: can delete on DAG:example_external_task_marker_parent
[2023-01-03T22:11:23.401+0100] {logging_mixin.py:137} INFO - [2023-01-03T22:11:23.401+0100] {manager.py:504} INFO - Created Permission View: can read on DAG:example_external_task_marker_parent
[2023-01-03T22:11:23.458+0100] {logging_mixin.py:137} INFO - [2023-01-03T22:11:23.457+0100] {manager.py:504} INFO - Created Permission View: can edit on DAG:example_external_task_marker_child
[2023-01-03T22:11:23.484+0100] {logging_mixin.py:137} INFO - [2023-01-03T22:11:23.483+0100] {manager.py:504} INFO - Created Permission View: can delete on DAG:example_external_task_marker_child
[2023-01-03T22:11:23.511+0100] {logging_mixin.py:137} INFO - [2023-01-03T22:11:23.511+0100] {manager.py:504} INFO - Created Permission View: can read on DAG:example_external_task_marker_child
[2023-01-03T22:11:23.511+0100] {logging_mixin.py:137} INFO - [2023-01-03T22:11:23.511+0100] {dag.py:2676} INFO - Sync 2 DAGs
[2023-01-03T22:11:23.519+0100] {logging_mixin.py:137} INFO - [2023-01-03T22:11:23.519+0100] {dag.py:2697} INFO - Creating ORM DAG for example_external_task_marker_child
[2023-01-03T22:11:23.520+0100] {logging_mixin.py:137} INFO - [2023-01-03T22:11:23.520+0100] {dag.py:2697} INFO - Creating ORM DAG for example_external_task_marker_parent
[2023-01-03T22:11:23.527+0100] {logging_mixin.py:137} INFO - [2023-01-03T22:11:23.526+0100] {dag.py:3423} INFO - Setting next_dagrun for example_external_task_marker_child to None, run_after=None
[2023-01-03T22:11:23.527+0100] {logging_mixin.py:137} INFO - [2023-01-03T22:11:23.527+0100] {dag.py:3423} INFO - Setting next_dagrun for example_external_task_marker_parent to None, run_after=None
[2023-01-03T22:11:23.569+0100] {processor.py:175} INFO - Processing /home/chrisfleig/.local/lib/python3.10/site-packages/airflow/example_dags/example_external_task_marker_dag.py took 0.377 seconds
[2023-01-03T22:12:03.026+0100] {processor.py:153} INFO - Started process (PID=8254) to work on /home/chrisfleig/.local/lib/python3.10/site-packages/airflow/example_dags/example_external_task_marker_dag.py
[2023-01-03T22:12:03.027+0100] {processor.py:743} INFO - Processing file /home/chrisfleig/.local/lib/python3.10/site-packages/airflow/example_dags/example_external_task_marker_dag.py for tasks to queue
[2023-01-03T22:12:03.028+0100] {logging_mixin.py:137} INFO - [2023-01-03T22:12:03.028+0100] {dagbag.py:538} INFO - Filling up the DagBag from /home/chrisfleig/.local/lib/python3.10/site-packages/airflow/example_dags/example_external_task_marker_dag.py
[2023-01-03T22:12:03.040+0100] {processor.py:753} INFO - DAG(s) dict_keys(['example_external_task_marker_child', 'example_external_task_marker_parent']) retrieved from /home/chrisfleig/.local/lib/python3.10/site-packages/airflow/example_dags/example_external_task_marker_dag.py
[2023-01-03T22:12:03.062+0100] {logging_mixin.py:137} INFO - [2023-01-03T22:12:03.062+0100] {dag.py:2676} INFO - Sync 2 DAGs
[2023-01-03T22:12:03.078+0100] {logging_mixin.py:137} INFO - [2023-01-03T22:12:03.078+0100] {dag.py:3423} INFO - Setting next_dagrun for example_external_task_marker_child to None, run_after=None
[2023-01-03T22:12:03.081+0100] {logging_mixin.py:137} INFO - [2023-01-03T22:12:03.081+0100] {dag.py:3423} INFO - Setting next_dagrun for example_external_task_marker_parent to None, run_after=None
[2023-01-03T22:12:03.113+0100] {processor.py:175} INFO - Processing /home/chrisfleig/.local/lib/python3.10/site-packages/airflow/example_dags/example_external_task_marker_dag.py took 0.089 seconds
[2023-01-03T22:12:41.775+0100] {processor.py:153} INFO - Started process (PID=8292) to work on /home/chrisfleig/.local/lib/python3.10/site-packages/airflow/example_dags/example_external_task_marker_dag.py
[2023-01-03T22:12:41.776+0100] {processor.py:743} INFO - Processing file /home/chrisfleig/.local/lib/python3.10/site-packages/airflow/example_dags/example_external_task_marker_dag.py for tasks to queue
[2023-01-03T22:12:41.776+0100] {logging_mixin.py:137} INFO - [2023-01-03T22:12:41.776+0100] {dagbag.py:538} INFO - Filling up the DagBag from /home/chrisfleig/.local/lib/python3.10/site-packages/airflow/example_dags/example_external_task_marker_dag.py
[2023-01-03T22:12:41.790+0100] {processor.py:753} INFO - DAG(s) dict_keys(['example_external_task_marker_child', 'example_external_task_marker_parent']) retrieved from /home/chrisfleig/.local/lib/python3.10/site-packages/airflow/example_dags/example_external_task_marker_dag.py
[2023-01-03T22:12:41.813+0100] {logging_mixin.py:137} INFO - [2023-01-03T22:12:41.813+0100] {dag.py:2676} INFO - Sync 2 DAGs
[2023-01-03T22:12:41.829+0100] {logging_mixin.py:137} INFO - [2023-01-03T22:12:41.829+0100] {dag.py:3423} INFO - Setting next_dagrun for example_external_task_marker_child to None, run_after=None
[2023-01-03T22:12:41.831+0100] {logging_mixin.py:137} INFO - [2023-01-03T22:12:41.831+0100] {dag.py:3423} INFO - Setting next_dagrun for example_external_task_marker_parent to None, run_after=None
[2023-01-03T22:12:41.863+0100] {processor.py:175} INFO - Processing /home/chrisfleig/.local/lib/python3.10/site-packages/airflow/example_dags/example_external_task_marker_dag.py took 0.091 seconds
[2023-01-03T22:13:20.580+0100] {processor.py:153} INFO - Started process (PID=8330) to work on /home/chrisfleig/.local/lib/python3.10/site-packages/airflow/example_dags/example_external_task_marker_dag.py
[2023-01-03T22:13:20.582+0100] {processor.py:743} INFO - Processing file /home/chrisfleig/.local/lib/python3.10/site-packages/airflow/example_dags/example_external_task_marker_dag.py for tasks to queue
[2023-01-03T22:13:20.583+0100] {logging_mixin.py:137} INFO - [2023-01-03T22:13:20.583+0100] {dagbag.py:538} INFO - Filling up the DagBag from /home/chrisfleig/.local/lib/python3.10/site-packages/airflow/example_dags/example_external_task_marker_dag.py
[2023-01-03T22:13:20.613+0100] {processor.py:753} INFO - DAG(s) dict_keys(['example_external_task_marker_parent', 'example_external_task_marker_child']) retrieved from /home/chrisfleig/.local/lib/python3.10/site-packages/airflow/example_dags/example_external_task_marker_dag.py
[2023-01-03T22:13:20.662+0100] {logging_mixin.py:137} INFO - [2023-01-03T22:13:20.662+0100] {dag.py:2676} INFO - Sync 2 DAGs
[2023-01-03T22:13:20.690+0100] {logging_mixin.py:137} INFO - [2023-01-03T22:13:20.689+0100] {dag.py:3423} INFO - Setting next_dagrun for example_external_task_marker_child to None, run_after=None
[2023-01-03T22:13:20.696+0100] {logging_mixin.py:137} INFO - [2023-01-03T22:13:20.696+0100] {dag.py:3423} INFO - Setting next_dagrun for example_external_task_marker_parent to None, run_after=None
[2023-01-03T22:13:20.743+0100] {processor.py:175} INFO - Processing /home/chrisfleig/.local/lib/python3.10/site-packages/airflow/example_dags/example_external_task_marker_dag.py took 0.175 seconds
[2023-01-03T22:13:59.046+0100] {processor.py:153} INFO - Started process (PID=8368) to work on /home/chrisfleig/.local/lib/python3.10/site-packages/airflow/example_dags/example_external_task_marker_dag.py
[2023-01-03T22:13:59.047+0100] {processor.py:743} INFO - Processing file /home/chrisfleig/.local/lib/python3.10/site-packages/airflow/example_dags/example_external_task_marker_dag.py for tasks to queue
[2023-01-03T22:13:59.048+0100] {logging_mixin.py:137} INFO - [2023-01-03T22:13:59.048+0100] {dagbag.py:538} INFO - Filling up the DagBag from /home/chrisfleig/.local/lib/python3.10/site-packages/airflow/example_dags/example_external_task_marker_dag.py
[2023-01-03T22:13:59.062+0100] {processor.py:753} INFO - DAG(s) dict_keys(['example_external_task_marker_child', 'example_external_task_marker_parent']) retrieved from /home/chrisfleig/.local/lib/python3.10/site-packages/airflow/example_dags/example_external_task_marker_dag.py
[2023-01-03T22:13:59.085+0100] {logging_mixin.py:137} INFO - [2023-01-03T22:13:59.084+0100] {dag.py:2676} INFO - Sync 2 DAGs
[2023-01-03T22:13:59.102+0100] {logging_mixin.py:137} INFO - [2023-01-03T22:13:59.102+0100] {dag.py:3423} INFO - Setting next_dagrun for example_external_task_marker_child to None, run_after=None
[2023-01-03T22:13:59.104+0100] {logging_mixin.py:137} INFO - [2023-01-03T22:13:59.104+0100] {dag.py:3423} INFO - Setting next_dagrun for example_external_task_marker_parent to None, run_after=None
[2023-01-03T22:13:59.149+0100] {processor.py:175} INFO - Processing /home/chrisfleig/.local/lib/python3.10/site-packages/airflow/example_dags/example_external_task_marker_dag.py took 0.105 seconds
[2023-01-03T22:14:38.866+0100] {processor.py:153} INFO - Started process (PID=8406) to work on /home/chrisfleig/.local/lib/python3.10/site-packages/airflow/example_dags/example_external_task_marker_dag.py
[2023-01-03T22:14:38.867+0100] {processor.py:743} INFO - Processing file /home/chrisfleig/.local/lib/python3.10/site-packages/airflow/example_dags/example_external_task_marker_dag.py for tasks to queue
[2023-01-03T22:14:38.867+0100] {logging_mixin.py:137} INFO - [2023-01-03T22:14:38.867+0100] {dagbag.py:538} INFO - Filling up the DagBag from /home/chrisfleig/.local/lib/python3.10/site-packages/airflow/example_dags/example_external_task_marker_dag.py
[2023-01-03T22:14:38.879+0100] {processor.py:753} INFO - DAG(s) dict_keys(['example_external_task_marker_parent', 'example_external_task_marker_child']) retrieved from /home/chrisfleig/.local/lib/python3.10/site-packages/airflow/example_dags/example_external_task_marker_dag.py
[2023-01-03T22:14:38.903+0100] {logging_mixin.py:137} INFO - [2023-01-03T22:14:38.903+0100] {dag.py:2676} INFO - Sync 2 DAGs
[2023-01-03T22:14:38.927+0100] {logging_mixin.py:137} INFO - [2023-01-03T22:14:38.927+0100] {dag.py:3423} INFO - Setting next_dagrun for example_external_task_marker_child to None, run_after=None
[2023-01-03T22:14:38.930+0100] {logging_mixin.py:137} INFO - [2023-01-03T22:14:38.929+0100] {dag.py:3423} INFO - Setting next_dagrun for example_external_task_marker_parent to None, run_after=None
[2023-01-03T22:14:38.969+0100] {processor.py:175} INFO - Processing /home/chrisfleig/.local/lib/python3.10/site-packages/airflow/example_dags/example_external_task_marker_dag.py took 0.106 seconds
[2023-01-03T22:15:17.607+0100] {processor.py:153} INFO - Started process (PID=8444) to work on /home/chrisfleig/.local/lib/python3.10/site-packages/airflow/example_dags/example_external_task_marker_dag.py
[2023-01-03T22:15:17.608+0100] {processor.py:743} INFO - Processing file /home/chrisfleig/.local/lib/python3.10/site-packages/airflow/example_dags/example_external_task_marker_dag.py for tasks to queue
[2023-01-03T22:15:17.609+0100] {logging_mixin.py:137} INFO - [2023-01-03T22:15:17.609+0100] {dagbag.py:538} INFO - Filling up the DagBag from /home/chrisfleig/.local/lib/python3.10/site-packages/airflow/example_dags/example_external_task_marker_dag.py
[2023-01-03T22:15:17.625+0100] {processor.py:753} INFO - DAG(s) dict_keys(['example_external_task_marker_parent', 'example_external_task_marker_child']) retrieved from /home/chrisfleig/.local/lib/python3.10/site-packages/airflow/example_dags/example_external_task_marker_dag.py
[2023-01-03T22:15:17.650+0100] {logging_mixin.py:137} INFO - [2023-01-03T22:15:17.650+0100] {dag.py:2676} INFO - Sync 2 DAGs
[2023-01-03T22:15:17.672+0100] {logging_mixin.py:137} INFO - [2023-01-03T22:15:17.672+0100] {dag.py:3423} INFO - Setting next_dagrun for example_external_task_marker_child to None, run_after=None
[2023-01-03T22:15:17.675+0100] {logging_mixin.py:137} INFO - [2023-01-03T22:15:17.675+0100] {dag.py:3423} INFO - Setting next_dagrun for example_external_task_marker_parent to None, run_after=None
[2023-01-03T22:15:17.714+0100] {processor.py:175} INFO - Processing /home/chrisfleig/.local/lib/python3.10/site-packages/airflow/example_dags/example_external_task_marker_dag.py took 0.111 seconds
[2023-01-03T22:31:51.897+0100] {processor.py:153} INFO - Started process (PID=8579) to work on /home/chrisfleig/.local/lib/python3.10/site-packages/airflow/example_dags/example_external_task_marker_dag.py
[2023-01-03T22:31:51.900+0100] {processor.py:743} INFO - Processing file /home/chrisfleig/.local/lib/python3.10/site-packages/airflow/example_dags/example_external_task_marker_dag.py for tasks to queue
[2023-01-03T22:31:51.901+0100] {logging_mixin.py:137} INFO - [2023-01-03T22:31:51.900+0100] {dagbag.py:538} INFO - Filling up the DagBag from /home/chrisfleig/.local/lib/python3.10/site-packages/airflow/example_dags/example_external_task_marker_dag.py
[2023-01-03T22:31:51.914+0100] {processor.py:753} INFO - DAG(s) dict_keys(['example_external_task_marker_parent', 'example_external_task_marker_child']) retrieved from /home/chrisfleig/.local/lib/python3.10/site-packages/airflow/example_dags/example_external_task_marker_dag.py
[2023-01-03T22:31:51.939+0100] {logging_mixin.py:137} INFO - [2023-01-03T22:31:51.939+0100] {dag.py:2676} INFO - Sync 2 DAGs
[2023-01-03T22:31:51.958+0100] {logging_mixin.py:137} INFO - [2023-01-03T22:31:51.958+0100] {dag.py:3423} INFO - Setting next_dagrun for example_external_task_marker_child to None, run_after=None
[2023-01-03T22:31:51.962+0100] {logging_mixin.py:137} INFO - [2023-01-03T22:31:51.962+0100] {dag.py:3423} INFO - Setting next_dagrun for example_external_task_marker_parent to None, run_after=None
[2023-01-03T22:31:51.998+0100] {processor.py:175} INFO - Processing /home/chrisfleig/.local/lib/python3.10/site-packages/airflow/example_dags/example_external_task_marker_dag.py took 0.104 seconds
[2023-01-03T22:32:31.438+0100] {processor.py:153} INFO - Started process (PID=8617) to work on /home/chrisfleig/.local/lib/python3.10/site-packages/airflow/example_dags/example_external_task_marker_dag.py
[2023-01-03T22:32:31.439+0100] {processor.py:743} INFO - Processing file /home/chrisfleig/.local/lib/python3.10/site-packages/airflow/example_dags/example_external_task_marker_dag.py for tasks to queue
[2023-01-03T22:32:31.440+0100] {logging_mixin.py:137} INFO - [2023-01-03T22:32:31.440+0100] {dagbag.py:538} INFO - Filling up the DagBag from /home/chrisfleig/.local/lib/python3.10/site-packages/airflow/example_dags/example_external_task_marker_dag.py
[2023-01-03T22:32:31.452+0100] {processor.py:753} INFO - DAG(s) dict_keys(['example_external_task_marker_child', 'example_external_task_marker_parent']) retrieved from /home/chrisfleig/.local/lib/python3.10/site-packages/airflow/example_dags/example_external_task_marker_dag.py
[2023-01-03T22:32:31.474+0100] {logging_mixin.py:137} INFO - [2023-01-03T22:32:31.474+0100] {dag.py:2676} INFO - Sync 2 DAGs
[2023-01-03T22:32:31.490+0100] {logging_mixin.py:137} INFO - [2023-01-03T22:32:31.489+0100] {dag.py:3423} INFO - Setting next_dagrun for example_external_task_marker_child to None, run_after=None
[2023-01-03T22:32:31.492+0100] {logging_mixin.py:137} INFO - [2023-01-03T22:32:31.492+0100] {dag.py:3423} INFO - Setting next_dagrun for example_external_task_marker_parent to None, run_after=None
[2023-01-03T22:32:31.524+0100] {processor.py:175} INFO - Processing /home/chrisfleig/.local/lib/python3.10/site-packages/airflow/example_dags/example_external_task_marker_dag.py took 0.088 seconds
[2023-01-03T22:33:10.021+0100] {processor.py:153} INFO - Started process (PID=8655) to work on /home/chrisfleig/.local/lib/python3.10/site-packages/airflow/example_dags/example_external_task_marker_dag.py
[2023-01-03T22:33:10.022+0100] {processor.py:743} INFO - Processing file /home/chrisfleig/.local/lib/python3.10/site-packages/airflow/example_dags/example_external_task_marker_dag.py for tasks to queue
[2023-01-03T22:33:10.023+0100] {logging_mixin.py:137} INFO - [2023-01-03T22:33:10.023+0100] {dagbag.py:538} INFO - Filling up the DagBag from /home/chrisfleig/.local/lib/python3.10/site-packages/airflow/example_dags/example_external_task_marker_dag.py
[2023-01-03T22:33:10.035+0100] {processor.py:753} INFO - DAG(s) dict_keys(['example_external_task_marker_parent', 'example_external_task_marker_child']) retrieved from /home/chrisfleig/.local/lib/python3.10/site-packages/airflow/example_dags/example_external_task_marker_dag.py
[2023-01-03T22:33:10.057+0100] {logging_mixin.py:137} INFO - [2023-01-03T22:33:10.057+0100] {dag.py:2676} INFO - Sync 2 DAGs
[2023-01-03T22:33:10.073+0100] {logging_mixin.py:137} INFO - [2023-01-03T22:33:10.073+0100] {dag.py:3423} INFO - Setting next_dagrun for example_external_task_marker_child to None, run_after=None
[2023-01-03T22:33:10.075+0100] {logging_mixin.py:137} INFO - [2023-01-03T22:33:10.075+0100] {dag.py:3423} INFO - Setting next_dagrun for example_external_task_marker_parent to None, run_after=None
[2023-01-03T22:33:10.109+0100] {processor.py:175} INFO - Processing /home/chrisfleig/.local/lib/python3.10/site-packages/airflow/example_dags/example_external_task_marker_dag.py took 0.090 seconds
[2023-01-03T22:33:48.294+0100] {processor.py:153} INFO - Started process (PID=8693) to work on /home/chrisfleig/.local/lib/python3.10/site-packages/airflow/example_dags/example_external_task_marker_dag.py
[2023-01-03T22:33:48.295+0100] {processor.py:743} INFO - Processing file /home/chrisfleig/.local/lib/python3.10/site-packages/airflow/example_dags/example_external_task_marker_dag.py for tasks to queue
[2023-01-03T22:33:48.295+0100] {logging_mixin.py:137} INFO - [2023-01-03T22:33:48.295+0100] {dagbag.py:538} INFO - Filling up the DagBag from /home/chrisfleig/.local/lib/python3.10/site-packages/airflow/example_dags/example_external_task_marker_dag.py
[2023-01-03T22:33:48.310+0100] {processor.py:753} INFO - DAG(s) dict_keys(['example_external_task_marker_child', 'example_external_task_marker_parent']) retrieved from /home/chrisfleig/.local/lib/python3.10/site-packages/airflow/example_dags/example_external_task_marker_dag.py
[2023-01-03T22:33:48.334+0100] {logging_mixin.py:137} INFO - [2023-01-03T22:33:48.334+0100] {dag.py:2676} INFO - Sync 2 DAGs
[2023-01-03T22:33:48.351+0100] {logging_mixin.py:137} INFO - [2023-01-03T22:33:48.350+0100] {dag.py:3423} INFO - Setting next_dagrun for example_external_task_marker_child to None, run_after=None
[2023-01-03T22:33:48.353+0100] {logging_mixin.py:137} INFO - [2023-01-03T22:33:48.353+0100] {dag.py:3423} INFO - Setting next_dagrun for example_external_task_marker_parent to None, run_after=None
[2023-01-03T22:33:48.385+0100] {processor.py:175} INFO - Processing /home/chrisfleig/.local/lib/python3.10/site-packages/airflow/example_dags/example_external_task_marker_dag.py took 0.094 seconds
[2023-01-03T22:34:29.063+0100] {processor.py:153} INFO - Started process (PID=8731) to work on /home/chrisfleig/.local/lib/python3.10/site-packages/airflow/example_dags/example_external_task_marker_dag.py
[2023-01-03T22:34:29.064+0100] {processor.py:743} INFO - Processing file /home/chrisfleig/.local/lib/python3.10/site-packages/airflow/example_dags/example_external_task_marker_dag.py for tasks to queue
[2023-01-03T22:34:29.065+0100] {logging_mixin.py:137} INFO - [2023-01-03T22:34:29.064+0100] {dagbag.py:538} INFO - Filling up the DagBag from /home/chrisfleig/.local/lib/python3.10/site-packages/airflow/example_dags/example_external_task_marker_dag.py
[2023-01-03T22:34:29.077+0100] {processor.py:753} INFO - DAG(s) dict_keys(['example_external_task_marker_child', 'example_external_task_marker_parent']) retrieved from /home/chrisfleig/.local/lib/python3.10/site-packages/airflow/example_dags/example_external_task_marker_dag.py
[2023-01-03T22:34:29.098+0100] {logging_mixin.py:137} INFO - [2023-01-03T22:34:29.098+0100] {dag.py:2676} INFO - Sync 2 DAGs
[2023-01-03T22:34:29.114+0100] {logging_mixin.py:137} INFO - [2023-01-03T22:34:29.114+0100] {dag.py:3423} INFO - Setting next_dagrun for example_external_task_marker_child to None, run_after=None
[2023-01-03T22:34:29.117+0100] {logging_mixin.py:137} INFO - [2023-01-03T22:34:29.117+0100] {dag.py:3423} INFO - Setting next_dagrun for example_external_task_marker_parent to None, run_after=None
[2023-01-03T22:34:29.149+0100] {processor.py:175} INFO - Processing /home/chrisfleig/.local/lib/python3.10/site-packages/airflow/example_dags/example_external_task_marker_dag.py took 0.089 seconds
[2023-01-03T22:35:08.403+0100] {processor.py:153} INFO - Started process (PID=8769) to work on /home/chrisfleig/.local/lib/python3.10/site-packages/airflow/example_dags/example_external_task_marker_dag.py
[2023-01-03T22:35:08.404+0100] {processor.py:743} INFO - Processing file /home/chrisfleig/.local/lib/python3.10/site-packages/airflow/example_dags/example_external_task_marker_dag.py for tasks to queue
[2023-01-03T22:35:08.405+0100] {logging_mixin.py:137} INFO - [2023-01-03T22:35:08.405+0100] {dagbag.py:538} INFO - Filling up the DagBag from /home/chrisfleig/.local/lib/python3.10/site-packages/airflow/example_dags/example_external_task_marker_dag.py
[2023-01-03T22:35:08.417+0100] {processor.py:753} INFO - DAG(s) dict_keys(['example_external_task_marker_parent', 'example_external_task_marker_child']) retrieved from /home/chrisfleig/.local/lib/python3.10/site-packages/airflow/example_dags/example_external_task_marker_dag.py
[2023-01-03T22:35:08.440+0100] {logging_mixin.py:137} INFO - [2023-01-03T22:35:08.440+0100] {dag.py:2676} INFO - Sync 2 DAGs
[2023-01-03T22:35:08.458+0100] {logging_mixin.py:137} INFO - [2023-01-03T22:35:08.458+0100] {dag.py:3423} INFO - Setting next_dagrun for example_external_task_marker_child to None, run_after=None
[2023-01-03T22:35:08.460+0100] {logging_mixin.py:137} INFO - [2023-01-03T22:35:08.460+0100] {dag.py:3423} INFO - Setting next_dagrun for example_external_task_marker_parent to None, run_after=None
[2023-01-03T22:35:08.501+0100] {processor.py:175} INFO - Processing /home/chrisfleig/.local/lib/python3.10/site-packages/airflow/example_dags/example_external_task_marker_dag.py took 0.101 seconds
[2023-01-03T22:35:47.606+0100] {processor.py:153} INFO - Started process (PID=8807) to work on /home/chrisfleig/.local/lib/python3.10/site-packages/airflow/example_dags/example_external_task_marker_dag.py
[2023-01-03T22:35:47.607+0100] {processor.py:743} INFO - Processing file /home/chrisfleig/.local/lib/python3.10/site-packages/airflow/example_dags/example_external_task_marker_dag.py for tasks to queue
[2023-01-03T22:35:47.608+0100] {logging_mixin.py:137} INFO - [2023-01-03T22:35:47.608+0100] {dagbag.py:538} INFO - Filling up the DagBag from /home/chrisfleig/.local/lib/python3.10/site-packages/airflow/example_dags/example_external_task_marker_dag.py
[2023-01-03T22:35:47.620+0100] {processor.py:753} INFO - DAG(s) dict_keys(['example_external_task_marker_child', 'example_external_task_marker_parent']) retrieved from /home/chrisfleig/.local/lib/python3.10/site-packages/airflow/example_dags/example_external_task_marker_dag.py
[2023-01-03T22:35:47.641+0100] {logging_mixin.py:137} INFO - [2023-01-03T22:35:47.641+0100] {dag.py:2676} INFO - Sync 2 DAGs
[2023-01-03T22:35:47.658+0100] {logging_mixin.py:137} INFO - [2023-01-03T22:35:47.658+0100] {dag.py:3423} INFO - Setting next_dagrun for example_external_task_marker_child to None, run_after=None
[2023-01-03T22:35:47.660+0100] {logging_mixin.py:137} INFO - [2023-01-03T22:35:47.660+0100] {dag.py:3423} INFO - Setting next_dagrun for example_external_task_marker_parent to None, run_after=None
[2023-01-03T22:35:47.694+0100] {processor.py:175} INFO - Processing /home/chrisfleig/.local/lib/python3.10/site-packages/airflow/example_dags/example_external_task_marker_dag.py took 0.090 seconds
[2023-01-03T22:36:25.789+0100] {processor.py:153} INFO - Started process (PID=8845) to work on /home/chrisfleig/.local/lib/python3.10/site-packages/airflow/example_dags/example_external_task_marker_dag.py
[2023-01-03T22:36:25.790+0100] {processor.py:743} INFO - Processing file /home/chrisfleig/.local/lib/python3.10/site-packages/airflow/example_dags/example_external_task_marker_dag.py for tasks to queue
[2023-01-03T22:36:25.791+0100] {logging_mixin.py:137} INFO - [2023-01-03T22:36:25.790+0100] {dagbag.py:538} INFO - Filling up the DagBag from /home/chrisfleig/.local/lib/python3.10/site-packages/airflow/example_dags/example_external_task_marker_dag.py
[2023-01-03T22:36:25.803+0100] {processor.py:753} INFO - DAG(s) dict_keys(['example_external_task_marker_child', 'example_external_task_marker_parent']) retrieved from /home/chrisfleig/.local/lib/python3.10/site-packages/airflow/example_dags/example_external_task_marker_dag.py
[2023-01-03T22:36:25.825+0100] {logging_mixin.py:137} INFO - [2023-01-03T22:36:25.824+0100] {dag.py:2676} INFO - Sync 2 DAGs
[2023-01-03T22:36:25.842+0100] {logging_mixin.py:137} INFO - [2023-01-03T22:36:25.842+0100] {dag.py:3423} INFO - Setting next_dagrun for example_external_task_marker_child to None, run_after=None
[2023-01-03T22:36:25.844+0100] {logging_mixin.py:137} INFO - [2023-01-03T22:36:25.844+0100] {dag.py:3423} INFO - Setting next_dagrun for example_external_task_marker_parent to None, run_after=None
[2023-01-03T22:36:25.880+0100] {processor.py:175} INFO - Processing /home/chrisfleig/.local/lib/python3.10/site-packages/airflow/example_dags/example_external_task_marker_dag.py took 0.094 seconds
[2023-01-03T22:37:04.213+0100] {processor.py:153} INFO - Started process (PID=8883) to work on /home/chrisfleig/.local/lib/python3.10/site-packages/airflow/example_dags/example_external_task_marker_dag.py
[2023-01-03T22:37:04.214+0100] {processor.py:743} INFO - Processing file /home/chrisfleig/.local/lib/python3.10/site-packages/airflow/example_dags/example_external_task_marker_dag.py for tasks to queue
[2023-01-03T22:37:04.215+0100] {logging_mixin.py:137} INFO - [2023-01-03T22:37:04.214+0100] {dagbag.py:538} INFO - Filling up the DagBag from /home/chrisfleig/.local/lib/python3.10/site-packages/airflow/example_dags/example_external_task_marker_dag.py
[2023-01-03T22:37:04.228+0100] {processor.py:753} INFO - DAG(s) dict_keys(['example_external_task_marker_child', 'example_external_task_marker_parent']) retrieved from /home/chrisfleig/.local/lib/python3.10/site-packages/airflow/example_dags/example_external_task_marker_dag.py
[2023-01-03T22:37:04.251+0100] {logging_mixin.py:137} INFO - [2023-01-03T22:37:04.251+0100] {dag.py:2676} INFO - Sync 2 DAGs
[2023-01-03T22:37:04.269+0100] {logging_mixin.py:137} INFO - [2023-01-03T22:37:04.269+0100] {dag.py:3423} INFO - Setting next_dagrun for example_external_task_marker_child to None, run_after=None
[2023-01-03T22:37:04.271+0100] {logging_mixin.py:137} INFO - [2023-01-03T22:37:04.271+0100] {dag.py:3423} INFO - Setting next_dagrun for example_external_task_marker_parent to None, run_after=None
[2023-01-03T22:37:04.306+0100] {processor.py:175} INFO - Processing /home/chrisfleig/.local/lib/python3.10/site-packages/airflow/example_dags/example_external_task_marker_dag.py took 0.095 seconds
[2023-01-03T22:37:41.482+0100] {processor.py:153} INFO - Started process (PID=8921) to work on /home/chrisfleig/.local/lib/python3.10/site-packages/airflow/example_dags/example_external_task_marker_dag.py
[2023-01-03T22:37:41.483+0100] {processor.py:743} INFO - Processing file /home/chrisfleig/.local/lib/python3.10/site-packages/airflow/example_dags/example_external_task_marker_dag.py for tasks to queue
[2023-01-03T22:37:41.484+0100] {logging_mixin.py:137} INFO - [2023-01-03T22:37:41.483+0100] {dagbag.py:538} INFO - Filling up the DagBag from /home/chrisfleig/.local/lib/python3.10/site-packages/airflow/example_dags/example_external_task_marker_dag.py
[2023-01-03T22:37:41.496+0100] {processor.py:753} INFO - DAG(s) dict_keys(['example_external_task_marker_parent', 'example_external_task_marker_child']) retrieved from /home/chrisfleig/.local/lib/python3.10/site-packages/airflow/example_dags/example_external_task_marker_dag.py
[2023-01-03T22:37:41.517+0100] {logging_mixin.py:137} INFO - [2023-01-03T22:37:41.517+0100] {dag.py:2676} INFO - Sync 2 DAGs
[2023-01-03T22:37:41.534+0100] {logging_mixin.py:137} INFO - [2023-01-03T22:37:41.534+0100] {dag.py:3423} INFO - Setting next_dagrun for example_external_task_marker_child to None, run_after=None
[2023-01-03T22:37:41.537+0100] {logging_mixin.py:137} INFO - [2023-01-03T22:37:41.537+0100] {dag.py:3423} INFO - Setting next_dagrun for example_external_task_marker_parent to None, run_after=None
[2023-01-03T22:37:41.574+0100] {processor.py:175} INFO - Processing /home/chrisfleig/.local/lib/python3.10/site-packages/airflow/example_dags/example_external_task_marker_dag.py took 0.094 seconds
[2023-01-03T22:38:20.736+0100] {processor.py:153} INFO - Started process (PID=8959) to work on /home/chrisfleig/.local/lib/python3.10/site-packages/airflow/example_dags/example_external_task_marker_dag.py
[2023-01-03T22:38:20.737+0100] {processor.py:743} INFO - Processing file /home/chrisfleig/.local/lib/python3.10/site-packages/airflow/example_dags/example_external_task_marker_dag.py for tasks to queue
[2023-01-03T22:38:20.738+0100] {logging_mixin.py:137} INFO - [2023-01-03T22:38:20.738+0100] {dagbag.py:538} INFO - Filling up the DagBag from /home/chrisfleig/.local/lib/python3.10/site-packages/airflow/example_dags/example_external_task_marker_dag.py
[2023-01-03T22:38:20.752+0100] {processor.py:753} INFO - DAG(s) dict_keys(['example_external_task_marker_child', 'example_external_task_marker_parent']) retrieved from /home/chrisfleig/.local/lib/python3.10/site-packages/airflow/example_dags/example_external_task_marker_dag.py
[2023-01-03T22:38:20.775+0100] {logging_mixin.py:137} INFO - [2023-01-03T22:38:20.775+0100] {dag.py:2676} INFO - Sync 2 DAGs
[2023-01-03T22:38:20.792+0100] {logging_mixin.py:137} INFO - [2023-01-03T22:38:20.792+0100] {dag.py:3423} INFO - Setting next_dagrun for example_external_task_marker_child to None, run_after=None
[2023-01-03T22:38:20.794+0100] {logging_mixin.py:137} INFO - [2023-01-03T22:38:20.794+0100] {dag.py:3423} INFO - Setting next_dagrun for example_external_task_marker_parent to None, run_after=None
[2023-01-03T22:38:20.829+0100] {processor.py:175} INFO - Processing /home/chrisfleig/.local/lib/python3.10/site-packages/airflow/example_dags/example_external_task_marker_dag.py took 0.096 seconds
[2023-01-03T22:38:59.844+0100] {processor.py:153} INFO - Started process (PID=8997) to work on /home/chrisfleig/.local/lib/python3.10/site-packages/airflow/example_dags/example_external_task_marker_dag.py
[2023-01-03T22:38:59.845+0100] {processor.py:743} INFO - Processing file /home/chrisfleig/.local/lib/python3.10/site-packages/airflow/example_dags/example_external_task_marker_dag.py for tasks to queue
[2023-01-03T22:38:59.846+0100] {logging_mixin.py:137} INFO - [2023-01-03T22:38:59.846+0100] {dagbag.py:538} INFO - Filling up the DagBag from /home/chrisfleig/.local/lib/python3.10/site-packages/airflow/example_dags/example_external_task_marker_dag.py
[2023-01-03T22:38:59.858+0100] {processor.py:753} INFO - DAG(s) dict_keys(['example_external_task_marker_parent', 'example_external_task_marker_child']) retrieved from /home/chrisfleig/.local/lib/python3.10/site-packages/airflow/example_dags/example_external_task_marker_dag.py
[2023-01-03T22:38:59.880+0100] {logging_mixin.py:137} INFO - [2023-01-03T22:38:59.880+0100] {dag.py:2676} INFO - Sync 2 DAGs
[2023-01-03T22:38:59.897+0100] {logging_mixin.py:137} INFO - [2023-01-03T22:38:59.897+0100] {dag.py:3423} INFO - Setting next_dagrun for example_external_task_marker_child to None, run_after=None
[2023-01-03T22:38:59.899+0100] {logging_mixin.py:137} INFO - [2023-01-03T22:38:59.899+0100] {dag.py:3423} INFO - Setting next_dagrun for example_external_task_marker_parent to None, run_after=None
[2023-01-03T22:38:59.935+0100] {processor.py:175} INFO - Processing /home/chrisfleig/.local/lib/python3.10/site-packages/airflow/example_dags/example_external_task_marker_dag.py took 0.093 seconds
[2023-01-03T22:39:39.093+0100] {processor.py:153} INFO - Started process (PID=9035) to work on /home/chrisfleig/.local/lib/python3.10/site-packages/airflow/example_dags/example_external_task_marker_dag.py
[2023-01-03T22:39:39.094+0100] {processor.py:743} INFO - Processing file /home/chrisfleig/.local/lib/python3.10/site-packages/airflow/example_dags/example_external_task_marker_dag.py for tasks to queue
[2023-01-03T22:39:39.094+0100] {logging_mixin.py:137} INFO - [2023-01-03T22:39:39.094+0100] {dagbag.py:538} INFO - Filling up the DagBag from /home/chrisfleig/.local/lib/python3.10/site-packages/airflow/example_dags/example_external_task_marker_dag.py
[2023-01-03T22:39:39.108+0100] {processor.py:753} INFO - DAG(s) dict_keys(['example_external_task_marker_parent', 'example_external_task_marker_child']) retrieved from /home/chrisfleig/.local/lib/python3.10/site-packages/airflow/example_dags/example_external_task_marker_dag.py
[2023-01-03T22:39:39.132+0100] {logging_mixin.py:137} INFO - [2023-01-03T22:39:39.132+0100] {dag.py:2676} INFO - Sync 2 DAGs
[2023-01-03T22:39:39.150+0100] {logging_mixin.py:137} INFO - [2023-01-03T22:39:39.150+0100] {dag.py:3423} INFO - Setting next_dagrun for example_external_task_marker_child to None, run_after=None
[2023-01-03T22:39:39.153+0100] {logging_mixin.py:137} INFO - [2023-01-03T22:39:39.153+0100] {dag.py:3423} INFO - Setting next_dagrun for example_external_task_marker_parent to None, run_after=None
[2023-01-03T22:39:39.188+0100] {processor.py:175} INFO - Processing /home/chrisfleig/.local/lib/python3.10/site-packages/airflow/example_dags/example_external_task_marker_dag.py took 0.098 seconds
[2023-01-03T22:40:18.384+0100] {processor.py:153} INFO - Started process (PID=9073) to work on /home/chrisfleig/.local/lib/python3.10/site-packages/airflow/example_dags/example_external_task_marker_dag.py
[2023-01-03T22:40:18.385+0100] {processor.py:743} INFO - Processing file /home/chrisfleig/.local/lib/python3.10/site-packages/airflow/example_dags/example_external_task_marker_dag.py for tasks to queue
[2023-01-03T22:40:18.385+0100] {logging_mixin.py:137} INFO - [2023-01-03T22:40:18.385+0100] {dagbag.py:538} INFO - Filling up the DagBag from /home/chrisfleig/.local/lib/python3.10/site-packages/airflow/example_dags/example_external_task_marker_dag.py
[2023-01-03T22:40:18.398+0100] {processor.py:753} INFO - DAG(s) dict_keys(['example_external_task_marker_child', 'example_external_task_marker_parent']) retrieved from /home/chrisfleig/.local/lib/python3.10/site-packages/airflow/example_dags/example_external_task_marker_dag.py
[2023-01-03T22:40:18.423+0100] {logging_mixin.py:137} INFO - [2023-01-03T22:40:18.423+0100] {dag.py:2676} INFO - Sync 2 DAGs
[2023-01-03T22:40:18.441+0100] {logging_mixin.py:137} INFO - [2023-01-03T22:40:18.441+0100] {dag.py:3423} INFO - Setting next_dagrun for example_external_task_marker_child to None, run_after=None
[2023-01-03T22:40:18.444+0100] {logging_mixin.py:137} INFO - [2023-01-03T22:40:18.444+0100] {dag.py:3423} INFO - Setting next_dagrun for example_external_task_marker_parent to None, run_after=None
[2023-01-03T22:40:18.477+0100] {processor.py:175} INFO - Processing /home/chrisfleig/.local/lib/python3.10/site-packages/airflow/example_dags/example_external_task_marker_dag.py took 0.096 seconds
[2023-01-03T22:40:56.258+0100] {processor.py:153} INFO - Started process (PID=9111) to work on /home/chrisfleig/.local/lib/python3.10/site-packages/airflow/example_dags/example_external_task_marker_dag.py
[2023-01-03T22:40:56.259+0100] {processor.py:743} INFO - Processing file /home/chrisfleig/.local/lib/python3.10/site-packages/airflow/example_dags/example_external_task_marker_dag.py for tasks to queue
[2023-01-03T22:40:56.260+0100] {logging_mixin.py:137} INFO - [2023-01-03T22:40:56.259+0100] {dagbag.py:538} INFO - Filling up the DagBag from /home/chrisfleig/.local/lib/python3.10/site-packages/airflow/example_dags/example_external_task_marker_dag.py
[2023-01-03T22:40:56.272+0100] {processor.py:753} INFO - DAG(s) dict_keys(['example_external_task_marker_child', 'example_external_task_marker_parent']) retrieved from /home/chrisfleig/.local/lib/python3.10/site-packages/airflow/example_dags/example_external_task_marker_dag.py
[2023-01-03T22:40:56.293+0100] {logging_mixin.py:137} INFO - [2023-01-03T22:40:56.293+0100] {dag.py:2676} INFO - Sync 2 DAGs
[2023-01-03T22:40:56.312+0100] {logging_mixin.py:137} INFO - [2023-01-03T22:40:56.312+0100] {dag.py:3423} INFO - Setting next_dagrun for example_external_task_marker_child to None, run_after=None
[2023-01-03T22:40:56.314+0100] {logging_mixin.py:137} INFO - [2023-01-03T22:40:56.314+0100] {dag.py:3423} INFO - Setting next_dagrun for example_external_task_marker_parent to None, run_after=None
[2023-01-03T22:40:56.348+0100] {processor.py:175} INFO - Processing /home/chrisfleig/.local/lib/python3.10/site-packages/airflow/example_dags/example_external_task_marker_dag.py took 0.092 seconds
[2023-01-03T22:41:34.116+0100] {processor.py:153} INFO - Started process (PID=9149) to work on /home/chrisfleig/.local/lib/python3.10/site-packages/airflow/example_dags/example_external_task_marker_dag.py
[2023-01-03T22:41:34.117+0100] {processor.py:743} INFO - Processing file /home/chrisfleig/.local/lib/python3.10/site-packages/airflow/example_dags/example_external_task_marker_dag.py for tasks to queue
[2023-01-03T22:41:34.117+0100] {logging_mixin.py:137} INFO - [2023-01-03T22:41:34.117+0100] {dagbag.py:538} INFO - Filling up the DagBag from /home/chrisfleig/.local/lib/python3.10/site-packages/airflow/example_dags/example_external_task_marker_dag.py
[2023-01-03T22:41:34.130+0100] {processor.py:753} INFO - DAG(s) dict_keys(['example_external_task_marker_parent', 'example_external_task_marker_child']) retrieved from /home/chrisfleig/.local/lib/python3.10/site-packages/airflow/example_dags/example_external_task_marker_dag.py
[2023-01-03T22:41:34.153+0100] {logging_mixin.py:137} INFO - [2023-01-03T22:41:34.153+0100] {dag.py:2676} INFO - Sync 2 DAGs
[2023-01-03T22:41:34.170+0100] {logging_mixin.py:137} INFO - [2023-01-03T22:41:34.170+0100] {dag.py:3423} INFO - Setting next_dagrun for example_external_task_marker_child to None, run_after=None
[2023-01-03T22:41:34.172+0100] {logging_mixin.py:137} INFO - [2023-01-03T22:41:34.172+0100] {dag.py:3423} INFO - Setting next_dagrun for example_external_task_marker_parent to None, run_after=None
[2023-01-03T22:41:34.206+0100] {processor.py:175} INFO - Processing /home/chrisfleig/.local/lib/python3.10/site-packages/airflow/example_dags/example_external_task_marker_dag.py took 0.093 seconds
[2023-01-03T22:42:12.783+0100] {processor.py:153} INFO - Started process (PID=9189) to work on /home/chrisfleig/.local/lib/python3.10/site-packages/airflow/example_dags/example_external_task_marker_dag.py
[2023-01-03T22:42:12.784+0100] {processor.py:743} INFO - Processing file /home/chrisfleig/.local/lib/python3.10/site-packages/airflow/example_dags/example_external_task_marker_dag.py for tasks to queue
[2023-01-03T22:42:12.785+0100] {logging_mixin.py:137} INFO - [2023-01-03T22:42:12.785+0100] {dagbag.py:538} INFO - Filling up the DagBag from /home/chrisfleig/.local/lib/python3.10/site-packages/airflow/example_dags/example_external_task_marker_dag.py
[2023-01-03T22:42:12.797+0100] {processor.py:753} INFO - DAG(s) dict_keys(['example_external_task_marker_child', 'example_external_task_marker_parent']) retrieved from /home/chrisfleig/.local/lib/python3.10/site-packages/airflow/example_dags/example_external_task_marker_dag.py
[2023-01-03T22:42:12.818+0100] {logging_mixin.py:137} INFO - [2023-01-03T22:42:12.818+0100] {dag.py:2676} INFO - Sync 2 DAGs
[2023-01-03T22:42:12.836+0100] {logging_mixin.py:137} INFO - [2023-01-03T22:42:12.836+0100] {dag.py:3423} INFO - Setting next_dagrun for example_external_task_marker_child to None, run_after=None
[2023-01-03T22:42:12.838+0100] {logging_mixin.py:137} INFO - [2023-01-03T22:42:12.838+0100] {dag.py:3423} INFO - Setting next_dagrun for example_external_task_marker_parent to None, run_after=None
[2023-01-03T22:42:12.871+0100] {processor.py:175} INFO - Processing /home/chrisfleig/.local/lib/python3.10/site-packages/airflow/example_dags/example_external_task_marker_dag.py took 0.091 seconds
[2023-01-03T22:42:51.813+0100] {processor.py:153} INFO - Started process (PID=9229) to work on /home/chrisfleig/.local/lib/python3.10/site-packages/airflow/example_dags/example_external_task_marker_dag.py
[2023-01-03T22:42:51.814+0100] {processor.py:743} INFO - Processing file /home/chrisfleig/.local/lib/python3.10/site-packages/airflow/example_dags/example_external_task_marker_dag.py for tasks to queue
[2023-01-03T22:42:51.815+0100] {logging_mixin.py:137} INFO - [2023-01-03T22:42:51.814+0100] {dagbag.py:538} INFO - Filling up the DagBag from /home/chrisfleig/.local/lib/python3.10/site-packages/airflow/example_dags/example_external_task_marker_dag.py
[2023-01-03T22:42:51.828+0100] {processor.py:753} INFO - DAG(s) dict_keys(['example_external_task_marker_parent', 'example_external_task_marker_child']) retrieved from /home/chrisfleig/.local/lib/python3.10/site-packages/airflow/example_dags/example_external_task_marker_dag.py
[2023-01-03T22:42:51.851+0100] {logging_mixin.py:137} INFO - [2023-01-03T22:42:51.850+0100] {dag.py:2676} INFO - Sync 2 DAGs
[2023-01-03T22:42:51.868+0100] {logging_mixin.py:137} INFO - [2023-01-03T22:42:51.867+0100] {dag.py:3423} INFO - Setting next_dagrun for example_external_task_marker_child to None, run_after=None
[2023-01-03T22:42:51.871+0100] {logging_mixin.py:137} INFO - [2023-01-03T22:42:51.870+0100] {dag.py:3423} INFO - Setting next_dagrun for example_external_task_marker_parent to None, run_after=None
[2023-01-03T22:42:51.905+0100] {processor.py:175} INFO - Processing /home/chrisfleig/.local/lib/python3.10/site-packages/airflow/example_dags/example_external_task_marker_dag.py took 0.094 seconds
[2023-01-03T22:43:31.414+0100] {processor.py:153} INFO - Started process (PID=9267) to work on /home/chrisfleig/.local/lib/python3.10/site-packages/airflow/example_dags/example_external_task_marker_dag.py
[2023-01-03T22:43:31.415+0100] {processor.py:743} INFO - Processing file /home/chrisfleig/.local/lib/python3.10/site-packages/airflow/example_dags/example_external_task_marker_dag.py for tasks to queue
[2023-01-03T22:43:31.415+0100] {logging_mixin.py:137} INFO - [2023-01-03T22:43:31.415+0100] {dagbag.py:538} INFO - Filling up the DagBag from /home/chrisfleig/.local/lib/python3.10/site-packages/airflow/example_dags/example_external_task_marker_dag.py
[2023-01-03T22:43:31.431+0100] {processor.py:753} INFO - DAG(s) dict_keys(['example_external_task_marker_parent', 'example_external_task_marker_child']) retrieved from /home/chrisfleig/.local/lib/python3.10/site-packages/airflow/example_dags/example_external_task_marker_dag.py
[2023-01-03T22:43:31.457+0100] {logging_mixin.py:137} INFO - [2023-01-03T22:43:31.457+0100] {dag.py:2676} INFO - Sync 2 DAGs
[2023-01-03T22:43:31.477+0100] {logging_mixin.py:137} INFO - [2023-01-03T22:43:31.477+0100] {dag.py:3423} INFO - Setting next_dagrun for example_external_task_marker_child to None, run_after=None
[2023-01-03T22:43:31.480+0100] {logging_mixin.py:137} INFO - [2023-01-03T22:43:31.479+0100] {dag.py:3423} INFO - Setting next_dagrun for example_external_task_marker_parent to None, run_after=None
[2023-01-03T22:43:31.519+0100] {processor.py:175} INFO - Processing /home/chrisfleig/.local/lib/python3.10/site-packages/airflow/example_dags/example_external_task_marker_dag.py took 0.108 seconds
[2023-01-03T22:44:09.474+0100] {processor.py:153} INFO - Started process (PID=9305) to work on /home/chrisfleig/.local/lib/python3.10/site-packages/airflow/example_dags/example_external_task_marker_dag.py
[2023-01-03T22:44:09.475+0100] {processor.py:743} INFO - Processing file /home/chrisfleig/.local/lib/python3.10/site-packages/airflow/example_dags/example_external_task_marker_dag.py for tasks to queue
[2023-01-03T22:44:09.476+0100] {logging_mixin.py:137} INFO - [2023-01-03T22:44:09.476+0100] {dagbag.py:538} INFO - Filling up the DagBag from /home/chrisfleig/.local/lib/python3.10/site-packages/airflow/example_dags/example_external_task_marker_dag.py
[2023-01-03T22:44:09.493+0100] {processor.py:753} INFO - DAG(s) dict_keys(['example_external_task_marker_parent', 'example_external_task_marker_child']) retrieved from /home/chrisfleig/.local/lib/python3.10/site-packages/airflow/example_dags/example_external_task_marker_dag.py
[2023-01-03T22:44:09.524+0100] {logging_mixin.py:137} INFO - [2023-01-03T22:44:09.524+0100] {dag.py:2676} INFO - Sync 2 DAGs
[2023-01-03T22:44:09.542+0100] {logging_mixin.py:137} INFO - [2023-01-03T22:44:09.542+0100] {dag.py:3423} INFO - Setting next_dagrun for example_external_task_marker_child to None, run_after=None
[2023-01-03T22:44:09.545+0100] {logging_mixin.py:137} INFO - [2023-01-03T22:44:09.544+0100] {dag.py:3423} INFO - Setting next_dagrun for example_external_task_marker_parent to None, run_after=None
[2023-01-03T22:44:09.578+0100] {processor.py:175} INFO - Processing /home/chrisfleig/.local/lib/python3.10/site-packages/airflow/example_dags/example_external_task_marker_dag.py took 0.107 seconds
[2023-01-03T22:44:48.302+0100] {processor.py:153} INFO - Started process (PID=9343) to work on /home/chrisfleig/.local/lib/python3.10/site-packages/airflow/example_dags/example_external_task_marker_dag.py
[2023-01-03T22:44:48.303+0100] {processor.py:743} INFO - Processing file /home/chrisfleig/.local/lib/python3.10/site-packages/airflow/example_dags/example_external_task_marker_dag.py for tasks to queue
[2023-01-03T22:44:48.304+0100] {logging_mixin.py:137} INFO - [2023-01-03T22:44:48.304+0100] {dagbag.py:538} INFO - Filling up the DagBag from /home/chrisfleig/.local/lib/python3.10/site-packages/airflow/example_dags/example_external_task_marker_dag.py
[2023-01-03T22:44:48.316+0100] {processor.py:753} INFO - DAG(s) dict_keys(['example_external_task_marker_parent', 'example_external_task_marker_child']) retrieved from /home/chrisfleig/.local/lib/python3.10/site-packages/airflow/example_dags/example_external_task_marker_dag.py
[2023-01-03T22:44:48.337+0100] {logging_mixin.py:137} INFO - [2023-01-03T22:44:48.337+0100] {dag.py:2676} INFO - Sync 2 DAGs
[2023-01-03T22:44:48.353+0100] {logging_mixin.py:137} INFO - [2023-01-03T22:44:48.353+0100] {dag.py:3423} INFO - Setting next_dagrun for example_external_task_marker_child to None, run_after=None
[2023-01-03T22:44:48.357+0100] {logging_mixin.py:137} INFO - [2023-01-03T22:44:48.357+0100] {dag.py:3423} INFO - Setting next_dagrun for example_external_task_marker_parent to None, run_after=None
[2023-01-03T22:44:48.391+0100] {processor.py:175} INFO - Processing /home/chrisfleig/.local/lib/python3.10/site-packages/airflow/example_dags/example_external_task_marker_dag.py took 0.092 seconds
[2023-01-03T22:45:27.716+0100] {processor.py:153} INFO - Started process (PID=9381) to work on /home/chrisfleig/.local/lib/python3.10/site-packages/airflow/example_dags/example_external_task_marker_dag.py
[2023-01-03T22:45:27.717+0100] {processor.py:743} INFO - Processing file /home/chrisfleig/.local/lib/python3.10/site-packages/airflow/example_dags/example_external_task_marker_dag.py for tasks to queue
[2023-01-03T22:45:27.718+0100] {logging_mixin.py:137} INFO - [2023-01-03T22:45:27.717+0100] {dagbag.py:538} INFO - Filling up the DagBag from /home/chrisfleig/.local/lib/python3.10/site-packages/airflow/example_dags/example_external_task_marker_dag.py
[2023-01-03T22:45:27.730+0100] {processor.py:753} INFO - DAG(s) dict_keys(['example_external_task_marker_parent', 'example_external_task_marker_child']) retrieved from /home/chrisfleig/.local/lib/python3.10/site-packages/airflow/example_dags/example_external_task_marker_dag.py
[2023-01-03T22:45:27.751+0100] {logging_mixin.py:137} INFO - [2023-01-03T22:45:27.751+0100] {dag.py:2676} INFO - Sync 2 DAGs
[2023-01-03T22:45:27.768+0100] {logging_mixin.py:137} INFO - [2023-01-03T22:45:27.768+0100] {dag.py:3423} INFO - Setting next_dagrun for example_external_task_marker_child to None, run_after=None
[2023-01-03T22:45:27.771+0100] {logging_mixin.py:137} INFO - [2023-01-03T22:45:27.771+0100] {dag.py:3423} INFO - Setting next_dagrun for example_external_task_marker_parent to None, run_after=None
[2023-01-03T22:45:27.803+0100] {processor.py:175} INFO - Processing /home/chrisfleig/.local/lib/python3.10/site-packages/airflow/example_dags/example_external_task_marker_dag.py took 0.090 seconds
[2023-01-03T22:46:06.688+0100] {processor.py:153} INFO - Started process (PID=9419) to work on /home/chrisfleig/.local/lib/python3.10/site-packages/airflow/example_dags/example_external_task_marker_dag.py
[2023-01-03T22:46:06.689+0100] {processor.py:743} INFO - Processing file /home/chrisfleig/.local/lib/python3.10/site-packages/airflow/example_dags/example_external_task_marker_dag.py for tasks to queue
[2023-01-03T22:46:06.690+0100] {logging_mixin.py:137} INFO - [2023-01-03T22:46:06.689+0100] {dagbag.py:538} INFO - Filling up the DagBag from /home/chrisfleig/.local/lib/python3.10/site-packages/airflow/example_dags/example_external_task_marker_dag.py
[2023-01-03T22:46:06.702+0100] {processor.py:753} INFO - DAG(s) dict_keys(['example_external_task_marker_parent', 'example_external_task_marker_child']) retrieved from /home/chrisfleig/.local/lib/python3.10/site-packages/airflow/example_dags/example_external_task_marker_dag.py
[2023-01-03T22:46:06.724+0100] {logging_mixin.py:137} INFO - [2023-01-03T22:46:06.724+0100] {dag.py:2676} INFO - Sync 2 DAGs
[2023-01-03T22:46:06.744+0100] {logging_mixin.py:137} INFO - [2023-01-03T22:46:06.744+0100] {dag.py:3423} INFO - Setting next_dagrun for example_external_task_marker_child to None, run_after=None
[2023-01-03T22:46:06.747+0100] {logging_mixin.py:137} INFO - [2023-01-03T22:46:06.747+0100] {dag.py:3423} INFO - Setting next_dagrun for example_external_task_marker_parent to None, run_after=None
[2023-01-03T22:46:06.783+0100] {processor.py:175} INFO - Processing /home/chrisfleig/.local/lib/python3.10/site-packages/airflow/example_dags/example_external_task_marker_dag.py took 0.097 seconds
[2023-01-03T22:46:42.163+0100] {processor.py:153} INFO - Started process (PID=9457) to work on /home/chrisfleig/.local/lib/python3.10/site-packages/airflow/example_dags/example_external_task_marker_dag.py
[2023-01-03T22:46:42.164+0100] {processor.py:743} INFO - Processing file /home/chrisfleig/.local/lib/python3.10/site-packages/airflow/example_dags/example_external_task_marker_dag.py for tasks to queue
[2023-01-03T22:46:42.165+0100] {logging_mixin.py:137} INFO - [2023-01-03T22:46:42.165+0100] {dagbag.py:538} INFO - Filling up the DagBag from /home/chrisfleig/.local/lib/python3.10/site-packages/airflow/example_dags/example_external_task_marker_dag.py
[2023-01-03T22:46:42.177+0100] {processor.py:753} INFO - DAG(s) dict_keys(['example_external_task_marker_child', 'example_external_task_marker_parent']) retrieved from /home/chrisfleig/.local/lib/python3.10/site-packages/airflow/example_dags/example_external_task_marker_dag.py
[2023-01-03T22:46:42.200+0100] {logging_mixin.py:137} INFO - [2023-01-03T22:46:42.200+0100] {dag.py:2676} INFO - Sync 2 DAGs
[2023-01-03T22:46:42.221+0100] {logging_mixin.py:137} INFO - [2023-01-03T22:46:42.221+0100] {dag.py:3423} INFO - Setting next_dagrun for example_external_task_marker_child to None, run_after=None
[2023-01-03T22:46:42.225+0100] {logging_mixin.py:137} INFO - [2023-01-03T22:46:42.225+0100] {dag.py:3423} INFO - Setting next_dagrun for example_external_task_marker_parent to None, run_after=None
[2023-01-03T22:46:42.268+0100] {processor.py:175} INFO - Processing /home/chrisfleig/.local/lib/python3.10/site-packages/airflow/example_dags/example_external_task_marker_dag.py took 0.108 seconds
[2023-01-03T22:47:22.157+0100] {processor.py:153} INFO - Started process (PID=9495) to work on /home/chrisfleig/.local/lib/python3.10/site-packages/airflow/example_dags/example_external_task_marker_dag.py
[2023-01-03T22:47:22.158+0100] {processor.py:743} INFO - Processing file /home/chrisfleig/.local/lib/python3.10/site-packages/airflow/example_dags/example_external_task_marker_dag.py for tasks to queue
[2023-01-03T22:47:22.158+0100] {logging_mixin.py:137} INFO - [2023-01-03T22:47:22.158+0100] {dagbag.py:538} INFO - Filling up the DagBag from /home/chrisfleig/.local/lib/python3.10/site-packages/airflow/example_dags/example_external_task_marker_dag.py
[2023-01-03T22:47:22.170+0100] {processor.py:753} INFO - DAG(s) dict_keys(['example_external_task_marker_child', 'example_external_task_marker_parent']) retrieved from /home/chrisfleig/.local/lib/python3.10/site-packages/airflow/example_dags/example_external_task_marker_dag.py
[2023-01-03T22:47:22.191+0100] {logging_mixin.py:137} INFO - [2023-01-03T22:47:22.191+0100] {dag.py:2676} INFO - Sync 2 DAGs
[2023-01-03T22:47:22.207+0100] {logging_mixin.py:137} INFO - [2023-01-03T22:47:22.207+0100] {dag.py:3423} INFO - Setting next_dagrun for example_external_task_marker_child to None, run_after=None
[2023-01-03T22:47:22.210+0100] {logging_mixin.py:137} INFO - [2023-01-03T22:47:22.210+0100] {dag.py:3423} INFO - Setting next_dagrun for example_external_task_marker_parent to None, run_after=None
[2023-01-03T22:47:22.242+0100] {processor.py:175} INFO - Processing /home/chrisfleig/.local/lib/python3.10/site-packages/airflow/example_dags/example_external_task_marker_dag.py took 0.089 seconds
[2023-01-03T22:48:00.502+0100] {processor.py:153} INFO - Started process (PID=9533) to work on /home/chrisfleig/.local/lib/python3.10/site-packages/airflow/example_dags/example_external_task_marker_dag.py
[2023-01-03T22:48:00.503+0100] {processor.py:743} INFO - Processing file /home/chrisfleig/.local/lib/python3.10/site-packages/airflow/example_dags/example_external_task_marker_dag.py for tasks to queue
[2023-01-03T22:48:00.504+0100] {logging_mixin.py:137} INFO - [2023-01-03T22:48:00.504+0100] {dagbag.py:538} INFO - Filling up the DagBag from /home/chrisfleig/.local/lib/python3.10/site-packages/airflow/example_dags/example_external_task_marker_dag.py
[2023-01-03T22:48:00.517+0100] {processor.py:753} INFO - DAG(s) dict_keys(['example_external_task_marker_parent', 'example_external_task_marker_child']) retrieved from /home/chrisfleig/.local/lib/python3.10/site-packages/airflow/example_dags/example_external_task_marker_dag.py
[2023-01-03T22:48:00.539+0100] {logging_mixin.py:137} INFO - [2023-01-03T22:48:00.538+0100] {dag.py:2676} INFO - Sync 2 DAGs
[2023-01-03T22:48:00.555+0100] {logging_mixin.py:137} INFO - [2023-01-03T22:48:00.555+0100] {dag.py:3423} INFO - Setting next_dagrun for example_external_task_marker_child to None, run_after=None
[2023-01-03T22:48:00.557+0100] {logging_mixin.py:137} INFO - [2023-01-03T22:48:00.557+0100] {dag.py:3423} INFO - Setting next_dagrun for example_external_task_marker_parent to None, run_after=None
[2023-01-03T22:48:00.592+0100] {processor.py:175} INFO - Processing /home/chrisfleig/.local/lib/python3.10/site-packages/airflow/example_dags/example_external_task_marker_dag.py took 0.092 seconds
[2023-01-03T22:48:41.287+0100] {processor.py:153} INFO - Started process (PID=9571) to work on /home/chrisfleig/.local/lib/python3.10/site-packages/airflow/example_dags/example_external_task_marker_dag.py
[2023-01-03T22:48:41.288+0100] {processor.py:743} INFO - Processing file /home/chrisfleig/.local/lib/python3.10/site-packages/airflow/example_dags/example_external_task_marker_dag.py for tasks to queue
[2023-01-03T22:48:41.289+0100] {logging_mixin.py:137} INFO - [2023-01-03T22:48:41.289+0100] {dagbag.py:538} INFO - Filling up the DagBag from /home/chrisfleig/.local/lib/python3.10/site-packages/airflow/example_dags/example_external_task_marker_dag.py
[2023-01-03T22:48:41.306+0100] {processor.py:753} INFO - DAG(s) dict_keys(['example_external_task_marker_child', 'example_external_task_marker_parent']) retrieved from /home/chrisfleig/.local/lib/python3.10/site-packages/airflow/example_dags/example_external_task_marker_dag.py
[2023-01-03T22:48:41.339+0100] {logging_mixin.py:137} INFO - [2023-01-03T22:48:41.339+0100] {dag.py:2676} INFO - Sync 2 DAGs
[2023-01-03T22:48:41.366+0100] {logging_mixin.py:137} INFO - [2023-01-03T22:48:41.366+0100] {dag.py:3423} INFO - Setting next_dagrun for example_external_task_marker_child to None, run_after=None
[2023-01-03T22:48:41.370+0100] {logging_mixin.py:137} INFO - [2023-01-03T22:48:41.370+0100] {dag.py:3423} INFO - Setting next_dagrun for example_external_task_marker_parent to None, run_after=None
[2023-01-03T22:48:41.609+0100] {processor.py:175} INFO - Processing /home/chrisfleig/.local/lib/python3.10/site-packages/airflow/example_dags/example_external_task_marker_dag.py took 0.324 seconds
[2023-01-03T22:49:22.548+0100] {processor.py:153} INFO - Started process (PID=9609) to work on /home/chrisfleig/.local/lib/python3.10/site-packages/airflow/example_dags/example_external_task_marker_dag.py
[2023-01-03T22:49:22.549+0100] {processor.py:743} INFO - Processing file /home/chrisfleig/.local/lib/python3.10/site-packages/airflow/example_dags/example_external_task_marker_dag.py for tasks to queue
[2023-01-03T22:49:22.550+0100] {logging_mixin.py:137} INFO - [2023-01-03T22:49:22.550+0100] {dagbag.py:538} INFO - Filling up the DagBag from /home/chrisfleig/.local/lib/python3.10/site-packages/airflow/example_dags/example_external_task_marker_dag.py
[2023-01-03T22:49:22.562+0100] {processor.py:753} INFO - DAG(s) dict_keys(['example_external_task_marker_parent', 'example_external_task_marker_child']) retrieved from /home/chrisfleig/.local/lib/python3.10/site-packages/airflow/example_dags/example_external_task_marker_dag.py
[2023-01-03T22:49:22.584+0100] {logging_mixin.py:137} INFO - [2023-01-03T22:49:22.584+0100] {dag.py:2676} INFO - Sync 2 DAGs
[2023-01-03T22:49:22.603+0100] {logging_mixin.py:137} INFO - [2023-01-03T22:49:22.603+0100] {dag.py:3423} INFO - Setting next_dagrun for example_external_task_marker_child to None, run_after=None
[2023-01-03T22:49:22.607+0100] {logging_mixin.py:137} INFO - [2023-01-03T22:49:22.607+0100] {dag.py:3423} INFO - Setting next_dagrun for example_external_task_marker_parent to None, run_after=None
[2023-01-03T22:49:22.639+0100] {processor.py:175} INFO - Processing /home/chrisfleig/.local/lib/python3.10/site-packages/airflow/example_dags/example_external_task_marker_dag.py took 0.094 seconds
[2023-01-03T22:50:01.261+0100] {processor.py:153} INFO - Started process (PID=9647) to work on /home/chrisfleig/.local/lib/python3.10/site-packages/airflow/example_dags/example_external_task_marker_dag.py
[2023-01-03T22:50:01.262+0100] {processor.py:743} INFO - Processing file /home/chrisfleig/.local/lib/python3.10/site-packages/airflow/example_dags/example_external_task_marker_dag.py for tasks to queue
[2023-01-03T22:50:01.263+0100] {logging_mixin.py:137} INFO - [2023-01-03T22:50:01.263+0100] {dagbag.py:538} INFO - Filling up the DagBag from /home/chrisfleig/.local/lib/python3.10/site-packages/airflow/example_dags/example_external_task_marker_dag.py
[2023-01-03T22:50:01.278+0100] {processor.py:753} INFO - DAG(s) dict_keys(['example_external_task_marker_child', 'example_external_task_marker_parent']) retrieved from /home/chrisfleig/.local/lib/python3.10/site-packages/airflow/example_dags/example_external_task_marker_dag.py
[2023-01-03T22:50:01.299+0100] {logging_mixin.py:137} INFO - [2023-01-03T22:50:01.299+0100] {dag.py:2676} INFO - Sync 2 DAGs
[2023-01-03T22:50:01.320+0100] {logging_mixin.py:137} INFO - [2023-01-03T22:50:01.320+0100] {dag.py:3423} INFO - Setting next_dagrun for example_external_task_marker_child to None, run_after=None
[2023-01-03T22:50:01.323+0100] {logging_mixin.py:137} INFO - [2023-01-03T22:50:01.323+0100] {dag.py:3423} INFO - Setting next_dagrun for example_external_task_marker_parent to None, run_after=None
[2023-01-03T22:50:01.357+0100] {processor.py:175} INFO - Processing /home/chrisfleig/.local/lib/python3.10/site-packages/airflow/example_dags/example_external_task_marker_dag.py took 0.098 seconds
[2023-01-03T22:50:41.514+0100] {processor.py:153} INFO - Started process (PID=9685) to work on /home/chrisfleig/.local/lib/python3.10/site-packages/airflow/example_dags/example_external_task_marker_dag.py
[2023-01-03T22:50:41.515+0100] {processor.py:743} INFO - Processing file /home/chrisfleig/.local/lib/python3.10/site-packages/airflow/example_dags/example_external_task_marker_dag.py for tasks to queue
[2023-01-03T22:50:41.516+0100] {logging_mixin.py:137} INFO - [2023-01-03T22:50:41.516+0100] {dagbag.py:538} INFO - Filling up the DagBag from /home/chrisfleig/.local/lib/python3.10/site-packages/airflow/example_dags/example_external_task_marker_dag.py
[2023-01-03T22:50:41.528+0100] {processor.py:753} INFO - DAG(s) dict_keys(['example_external_task_marker_child', 'example_external_task_marker_parent']) retrieved from /home/chrisfleig/.local/lib/python3.10/site-packages/airflow/example_dags/example_external_task_marker_dag.py
[2023-01-03T22:50:41.549+0100] {logging_mixin.py:137} INFO - [2023-01-03T22:50:41.549+0100] {dag.py:2676} INFO - Sync 2 DAGs
[2023-01-03T22:50:41.566+0100] {logging_mixin.py:137} INFO - [2023-01-03T22:50:41.566+0100] {dag.py:3423} INFO - Setting next_dagrun for example_external_task_marker_child to None, run_after=None
[2023-01-03T22:50:41.568+0100] {logging_mixin.py:137} INFO - [2023-01-03T22:50:41.568+0100] {dag.py:3423} INFO - Setting next_dagrun for example_external_task_marker_parent to None, run_after=None
[2023-01-03T22:50:41.607+0100] {processor.py:175} INFO - Processing /home/chrisfleig/.local/lib/python3.10/site-packages/airflow/example_dags/example_external_task_marker_dag.py took 0.095 seconds
[2023-01-03T22:51:19.319+0100] {processor.py:153} INFO - Started process (PID=9723) to work on /home/chrisfleig/.local/lib/python3.10/site-packages/airflow/example_dags/example_external_task_marker_dag.py
[2023-01-03T22:51:19.320+0100] {processor.py:743} INFO - Processing file /home/chrisfleig/.local/lib/python3.10/site-packages/airflow/example_dags/example_external_task_marker_dag.py for tasks to queue
[2023-01-03T22:51:19.321+0100] {logging_mixin.py:137} INFO - [2023-01-03T22:51:19.320+0100] {dagbag.py:538} INFO - Filling up the DagBag from /home/chrisfleig/.local/lib/python3.10/site-packages/airflow/example_dags/example_external_task_marker_dag.py
[2023-01-03T22:51:19.334+0100] {processor.py:753} INFO - DAG(s) dict_keys(['example_external_task_marker_parent', 'example_external_task_marker_child']) retrieved from /home/chrisfleig/.local/lib/python3.10/site-packages/airflow/example_dags/example_external_task_marker_dag.py
[2023-01-03T22:51:19.358+0100] {logging_mixin.py:137} INFO - [2023-01-03T22:51:19.358+0100] {dag.py:2676} INFO - Sync 2 DAGs
[2023-01-03T22:51:19.375+0100] {logging_mixin.py:137} INFO - [2023-01-03T22:51:19.375+0100] {dag.py:3423} INFO - Setting next_dagrun for example_external_task_marker_child to None, run_after=None
[2023-01-03T22:51:19.378+0100] {logging_mixin.py:137} INFO - [2023-01-03T22:51:19.378+0100] {dag.py:3423} INFO - Setting next_dagrun for example_external_task_marker_parent to None, run_after=None
[2023-01-03T22:51:19.413+0100] {processor.py:175} INFO - Processing /home/chrisfleig/.local/lib/python3.10/site-packages/airflow/example_dags/example_external_task_marker_dag.py took 0.097 seconds
[2023-01-03T22:51:59.418+0100] {processor.py:153} INFO - Started process (PID=9761) to work on /home/chrisfleig/.local/lib/python3.10/site-packages/airflow/example_dags/example_external_task_marker_dag.py
[2023-01-03T22:51:59.419+0100] {processor.py:743} INFO - Processing file /home/chrisfleig/.local/lib/python3.10/site-packages/airflow/example_dags/example_external_task_marker_dag.py for tasks to queue
[2023-01-03T22:51:59.420+0100] {logging_mixin.py:137} INFO - [2023-01-03T22:51:59.420+0100] {dagbag.py:538} INFO - Filling up the DagBag from /home/chrisfleig/.local/lib/python3.10/site-packages/airflow/example_dags/example_external_task_marker_dag.py
[2023-01-03T22:51:59.432+0100] {processor.py:753} INFO - DAG(s) dict_keys(['example_external_task_marker_parent', 'example_external_task_marker_child']) retrieved from /home/chrisfleig/.local/lib/python3.10/site-packages/airflow/example_dags/example_external_task_marker_dag.py
[2023-01-03T22:51:59.454+0100] {logging_mixin.py:137} INFO - [2023-01-03T22:51:59.454+0100] {dag.py:2676} INFO - Sync 2 DAGs
[2023-01-03T22:51:59.470+0100] {logging_mixin.py:137} INFO - [2023-01-03T22:51:59.470+0100] {dag.py:3423} INFO - Setting next_dagrun for example_external_task_marker_child to None, run_after=None
[2023-01-03T22:51:59.473+0100] {logging_mixin.py:137} INFO - [2023-01-03T22:51:59.473+0100] {dag.py:3423} INFO - Setting next_dagrun for example_external_task_marker_parent to None, run_after=None
[2023-01-03T22:51:59.509+0100] {processor.py:175} INFO - Processing /home/chrisfleig/.local/lib/python3.10/site-packages/airflow/example_dags/example_external_task_marker_dag.py took 0.093 seconds
[2023-01-03T22:52:40.385+0100] {processor.py:153} INFO - Started process (PID=9799) to work on /home/chrisfleig/.local/lib/python3.10/site-packages/airflow/example_dags/example_external_task_marker_dag.py
[2023-01-03T22:52:40.386+0100] {processor.py:743} INFO - Processing file /home/chrisfleig/.local/lib/python3.10/site-packages/airflow/example_dags/example_external_task_marker_dag.py for tasks to queue
[2023-01-03T22:52:40.387+0100] {logging_mixin.py:137} INFO - [2023-01-03T22:52:40.387+0100] {dagbag.py:538} INFO - Filling up the DagBag from /home/chrisfleig/.local/lib/python3.10/site-packages/airflow/example_dags/example_external_task_marker_dag.py
[2023-01-03T22:52:40.400+0100] {processor.py:753} INFO - DAG(s) dict_keys(['example_external_task_marker_parent', 'example_external_task_marker_child']) retrieved from /home/chrisfleig/.local/lib/python3.10/site-packages/airflow/example_dags/example_external_task_marker_dag.py
[2023-01-03T22:52:40.421+0100] {logging_mixin.py:137} INFO - [2023-01-03T22:52:40.421+0100] {dag.py:2676} INFO - Sync 2 DAGs
[2023-01-03T22:52:40.437+0100] {logging_mixin.py:137} INFO - [2023-01-03T22:52:40.437+0100] {dag.py:3423} INFO - Setting next_dagrun for example_external_task_marker_child to None, run_after=None
[2023-01-03T22:52:40.440+0100] {logging_mixin.py:137} INFO - [2023-01-03T22:52:40.440+0100] {dag.py:3423} INFO - Setting next_dagrun for example_external_task_marker_parent to None, run_after=None
[2023-01-03T22:52:40.476+0100] {processor.py:175} INFO - Processing /home/chrisfleig/.local/lib/python3.10/site-packages/airflow/example_dags/example_external_task_marker_dag.py took 0.095 seconds
[2023-01-03T22:53:18.520+0100] {processor.py:153} INFO - Started process (PID=9837) to work on /home/chrisfleig/.local/lib/python3.10/site-packages/airflow/example_dags/example_external_task_marker_dag.py
[2023-01-03T22:53:18.521+0100] {processor.py:743} INFO - Processing file /home/chrisfleig/.local/lib/python3.10/site-packages/airflow/example_dags/example_external_task_marker_dag.py for tasks to queue
[2023-01-03T22:53:18.522+0100] {logging_mixin.py:137} INFO - [2023-01-03T22:53:18.522+0100] {dagbag.py:538} INFO - Filling up the DagBag from /home/chrisfleig/.local/lib/python3.10/site-packages/airflow/example_dags/example_external_task_marker_dag.py
[2023-01-03T22:53:18.534+0100] {processor.py:753} INFO - DAG(s) dict_keys(['example_external_task_marker_child', 'example_external_task_marker_parent']) retrieved from /home/chrisfleig/.local/lib/python3.10/site-packages/airflow/example_dags/example_external_task_marker_dag.py
[2023-01-03T22:53:18.556+0100] {logging_mixin.py:137} INFO - [2023-01-03T22:53:18.556+0100] {dag.py:2676} INFO - Sync 2 DAGs
[2023-01-03T22:53:18.572+0100] {logging_mixin.py:137} INFO - [2023-01-03T22:53:18.572+0100] {dag.py:3423} INFO - Setting next_dagrun for example_external_task_marker_child to None, run_after=None
[2023-01-03T22:53:18.575+0100] {logging_mixin.py:137} INFO - [2023-01-03T22:53:18.574+0100] {dag.py:3423} INFO - Setting next_dagrun for example_external_task_marker_parent to None, run_after=None
[2023-01-03T22:53:18.613+0100] {processor.py:175} INFO - Processing /home/chrisfleig/.local/lib/python3.10/site-packages/airflow/example_dags/example_external_task_marker_dag.py took 0.095 seconds
[2023-01-03T22:53:59.353+0100] {processor.py:153} INFO - Started process (PID=9877) to work on /home/chrisfleig/.local/lib/python3.10/site-packages/airflow/example_dags/example_external_task_marker_dag.py
[2023-01-03T22:53:59.357+0100] {processor.py:743} INFO - Processing file /home/chrisfleig/.local/lib/python3.10/site-packages/airflow/example_dags/example_external_task_marker_dag.py for tasks to queue
[2023-01-03T22:53:59.358+0100] {logging_mixin.py:137} INFO - [2023-01-03T22:53:59.358+0100] {dagbag.py:538} INFO - Filling up the DagBag from /home/chrisfleig/.local/lib/python3.10/site-packages/airflow/example_dags/example_external_task_marker_dag.py
[2023-01-03T22:53:59.416+0100] {processor.py:753} INFO - DAG(s) dict_keys(['example_external_task_marker_parent', 'example_external_task_marker_child']) retrieved from /home/chrisfleig/.local/lib/python3.10/site-packages/airflow/example_dags/example_external_task_marker_dag.py
[2023-01-03T22:53:59.503+0100] {logging_mixin.py:137} INFO - [2023-01-03T22:53:59.503+0100] {dag.py:2676} INFO - Sync 2 DAGs
[2023-01-03T22:53:59.569+0100] {logging_mixin.py:137} INFO - [2023-01-03T22:53:59.568+0100] {dag.py:3423} INFO - Setting next_dagrun for example_external_task_marker_child to None, run_after=None
[2023-01-03T22:53:59.579+0100] {logging_mixin.py:137} INFO - [2023-01-03T22:53:59.579+0100] {dag.py:3423} INFO - Setting next_dagrun for example_external_task_marker_parent to None, run_after=None
[2023-01-03T22:53:59.675+0100] {processor.py:175} INFO - Processing /home/chrisfleig/.local/lib/python3.10/site-packages/airflow/example_dags/example_external_task_marker_dag.py took 0.327 seconds
[2023-01-03T22:54:43.471+0100] {processor.py:153} INFO - Started process (PID=9920) to work on /home/chrisfleig/.local/lib/python3.10/site-packages/airflow/example_dags/example_external_task_marker_dag.py
[2023-01-03T22:54:43.472+0100] {processor.py:743} INFO - Processing file /home/chrisfleig/.local/lib/python3.10/site-packages/airflow/example_dags/example_external_task_marker_dag.py for tasks to queue
[2023-01-03T22:54:43.473+0100] {logging_mixin.py:137} INFO - [2023-01-03T22:54:43.473+0100] {dagbag.py:538} INFO - Filling up the DagBag from /home/chrisfleig/.local/lib/python3.10/site-packages/airflow/example_dags/example_external_task_marker_dag.py
[2023-01-03T22:54:43.487+0100] {processor.py:753} INFO - DAG(s) dict_keys(['example_external_task_marker_child', 'example_external_task_marker_parent']) retrieved from /home/chrisfleig/.local/lib/python3.10/site-packages/airflow/example_dags/example_external_task_marker_dag.py
[2023-01-03T22:54:43.510+0100] {logging_mixin.py:137} INFO - [2023-01-03T22:54:43.510+0100] {dag.py:2676} INFO - Sync 2 DAGs
[2023-01-03T22:54:43.532+0100] {logging_mixin.py:137} INFO - [2023-01-03T22:54:43.532+0100] {dag.py:3423} INFO - Setting next_dagrun for example_external_task_marker_child to None, run_after=None
[2023-01-03T22:54:43.535+0100] {logging_mixin.py:137} INFO - [2023-01-03T22:54:43.535+0100] {dag.py:3423} INFO - Setting next_dagrun for example_external_task_marker_parent to None, run_after=None
[2023-01-03T22:54:43.585+0100] {processor.py:175} INFO - Processing /home/chrisfleig/.local/lib/python3.10/site-packages/airflow/example_dags/example_external_task_marker_dag.py took 0.116 seconds
[2023-01-03T22:55:24.875+0100] {processor.py:153} INFO - Started process (PID=9958) to work on /home/chrisfleig/.local/lib/python3.10/site-packages/airflow/example_dags/example_external_task_marker_dag.py
[2023-01-03T22:55:24.879+0100] {processor.py:743} INFO - Processing file /home/chrisfleig/.local/lib/python3.10/site-packages/airflow/example_dags/example_external_task_marker_dag.py for tasks to queue
[2023-01-03T22:55:24.881+0100] {logging_mixin.py:137} INFO - [2023-01-03T22:55:24.880+0100] {dagbag.py:538} INFO - Filling up the DagBag from /home/chrisfleig/.local/lib/python3.10/site-packages/airflow/example_dags/example_external_task_marker_dag.py
[2023-01-03T22:55:24.902+0100] {processor.py:753} INFO - DAG(s) dict_keys(['example_external_task_marker_parent', 'example_external_task_marker_child']) retrieved from /home/chrisfleig/.local/lib/python3.10/site-packages/airflow/example_dags/example_external_task_marker_dag.py
[2023-01-03T22:55:24.965+0100] {logging_mixin.py:137} INFO - [2023-01-03T22:55:24.964+0100] {dag.py:2676} INFO - Sync 2 DAGs
[2023-01-03T22:55:25.017+0100] {logging_mixin.py:137} INFO - [2023-01-03T22:55:25.017+0100] {dag.py:3423} INFO - Setting next_dagrun for example_external_task_marker_child to None, run_after=None
[2023-01-03T22:55:25.030+0100] {logging_mixin.py:137} INFO - [2023-01-03T22:55:25.030+0100] {dag.py:3423} INFO - Setting next_dagrun for example_external_task_marker_parent to None, run_after=None
[2023-01-03T22:55:25.213+0100] {processor.py:175} INFO - Processing /home/chrisfleig/.local/lib/python3.10/site-packages/airflow/example_dags/example_external_task_marker_dag.py took 0.342 seconds
[2023-01-03T22:56:08.080+0100] {processor.py:153} INFO - Started process (PID=10001) to work on /home/chrisfleig/.local/lib/python3.10/site-packages/airflow/example_dags/example_external_task_marker_dag.py
[2023-01-03T22:56:08.088+0100] {processor.py:743} INFO - Processing file /home/chrisfleig/.local/lib/python3.10/site-packages/airflow/example_dags/example_external_task_marker_dag.py for tasks to queue
[2023-01-03T22:56:08.089+0100] {logging_mixin.py:137} INFO - [2023-01-03T22:56:08.089+0100] {dagbag.py:538} INFO - Filling up the DagBag from /home/chrisfleig/.local/lib/python3.10/site-packages/airflow/example_dags/example_external_task_marker_dag.py
[2023-01-03T22:56:08.109+0100] {processor.py:753} INFO - DAG(s) dict_keys(['example_external_task_marker_child', 'example_external_task_marker_parent']) retrieved from /home/chrisfleig/.local/lib/python3.10/site-packages/airflow/example_dags/example_external_task_marker_dag.py
[2023-01-03T22:56:08.138+0100] {logging_mixin.py:137} INFO - [2023-01-03T22:56:08.138+0100] {dag.py:2676} INFO - Sync 2 DAGs
[2023-01-03T22:56:08.177+0100] {logging_mixin.py:137} INFO - [2023-01-03T22:56:08.177+0100] {dag.py:3423} INFO - Setting next_dagrun for example_external_task_marker_child to None, run_after=None
[2023-01-03T22:56:08.182+0100] {logging_mixin.py:137} INFO - [2023-01-03T22:56:08.182+0100] {dag.py:3423} INFO - Setting next_dagrun for example_external_task_marker_parent to None, run_after=None
[2023-01-03T22:56:08.243+0100] {processor.py:175} INFO - Processing /home/chrisfleig/.local/lib/python3.10/site-packages/airflow/example_dags/example_external_task_marker_dag.py took 0.167 seconds
[2023-01-03T22:56:50.474+0100] {processor.py:153} INFO - Started process (PID=10040) to work on /home/chrisfleig/.local/lib/python3.10/site-packages/airflow/example_dags/example_external_task_marker_dag.py
[2023-01-03T22:56:50.475+0100] {processor.py:743} INFO - Processing file /home/chrisfleig/.local/lib/python3.10/site-packages/airflow/example_dags/example_external_task_marker_dag.py for tasks to queue
[2023-01-03T22:56:50.476+0100] {logging_mixin.py:137} INFO - [2023-01-03T22:56:50.476+0100] {dagbag.py:538} INFO - Filling up the DagBag from /home/chrisfleig/.local/lib/python3.10/site-packages/airflow/example_dags/example_external_task_marker_dag.py
[2023-01-03T22:56:50.491+0100] {processor.py:753} INFO - DAG(s) dict_keys(['example_external_task_marker_parent', 'example_external_task_marker_child']) retrieved from /home/chrisfleig/.local/lib/python3.10/site-packages/airflow/example_dags/example_external_task_marker_dag.py
[2023-01-03T22:56:50.517+0100] {logging_mixin.py:137} INFO - [2023-01-03T22:56:50.517+0100] {dag.py:2676} INFO - Sync 2 DAGs
[2023-01-03T22:56:50.540+0100] {logging_mixin.py:137} INFO - [2023-01-03T22:56:50.540+0100] {dag.py:3423} INFO - Setting next_dagrun for example_external_task_marker_child to None, run_after=None
[2023-01-03T22:56:50.543+0100] {logging_mixin.py:137} INFO - [2023-01-03T22:56:50.543+0100] {dag.py:3423} INFO - Setting next_dagrun for example_external_task_marker_parent to None, run_after=None
[2023-01-03T22:56:50.584+0100] {processor.py:175} INFO - Processing /home/chrisfleig/.local/lib/python3.10/site-packages/airflow/example_dags/example_external_task_marker_dag.py took 0.113 seconds
