[2023-01-03T22:11:11.067+0100] {processor.py:153} INFO - Started process (PID=8205) to work on /home/chrisfleig/.local/lib/python3.10/site-packages/airflow/example_dags/example_kubernetes_executor.py
[2023-01-03T22:11:11.069+0100] {processor.py:743} INFO - Processing file /home/chrisfleig/.local/lib/python3.10/site-packages/airflow/example_dags/example_kubernetes_executor.py for tasks to queue
[2023-01-03T22:11:11.070+0100] {logging_mixin.py:137} INFO - [2023-01-03T22:11:11.070+0100] {dagbag.py:538} INFO - Filling up the DagBag from /home/chrisfleig/.local/lib/python3.10/site-packages/airflow/example_dags/example_kubernetes_executor.py
[2023-01-03T22:11:11.087+0100] {logging_mixin.py:137} INFO - [2023-01-03T22:11:11.087+0100] {example_kubernetes_executor.py:41} WARNING - The example_kubernetes_executor example DAG requires the kubernetes provider. Please install it with: pip install apache-airflow[cncf.kubernetes]
[2023-01-03T22:11:11.087+0100] {processor.py:755} WARNING - No viable dags retrieved from /home/chrisfleig/.local/lib/python3.10/site-packages/airflow/example_dags/example_kubernetes_executor.py
[2023-01-03T22:11:11.095+0100] {processor.py:175} INFO - Processing /home/chrisfleig/.local/lib/python3.10/site-packages/airflow/example_dags/example_kubernetes_executor.py took 0.031 seconds
[2023-01-03T22:11:51.477+0100] {processor.py:153} INFO - Started process (PID=8243) to work on /home/chrisfleig/.local/lib/python3.10/site-packages/airflow/example_dags/example_kubernetes_executor.py
[2023-01-03T22:11:51.478+0100] {processor.py:743} INFO - Processing file /home/chrisfleig/.local/lib/python3.10/site-packages/airflow/example_dags/example_kubernetes_executor.py for tasks to queue
[2023-01-03T22:11:51.479+0100] {logging_mixin.py:137} INFO - [2023-01-03T22:11:51.479+0100] {dagbag.py:538} INFO - Filling up the DagBag from /home/chrisfleig/.local/lib/python3.10/site-packages/airflow/example_dags/example_kubernetes_executor.py
[2023-01-03T22:11:51.508+0100] {logging_mixin.py:137} INFO - [2023-01-03T22:11:51.508+0100] {example_kubernetes_executor.py:41} WARNING - The example_kubernetes_executor example DAG requires the kubernetes provider. Please install it with: pip install apache-airflow[cncf.kubernetes]
[2023-01-03T22:11:51.508+0100] {processor.py:755} WARNING - No viable dags retrieved from /home/chrisfleig/.local/lib/python3.10/site-packages/airflow/example_dags/example_kubernetes_executor.py
[2023-01-03T22:11:51.529+0100] {processor.py:175} INFO - Processing /home/chrisfleig/.local/lib/python3.10/site-packages/airflow/example_dags/example_kubernetes_executor.py took 0.055 seconds
[2023-01-03T22:12:30.586+0100] {processor.py:153} INFO - Started process (PID=8281) to work on /home/chrisfleig/.local/lib/python3.10/site-packages/airflow/example_dags/example_kubernetes_executor.py
[2023-01-03T22:12:30.587+0100] {processor.py:743} INFO - Processing file /home/chrisfleig/.local/lib/python3.10/site-packages/airflow/example_dags/example_kubernetes_executor.py for tasks to queue
[2023-01-03T22:12:30.587+0100] {logging_mixin.py:137} INFO - [2023-01-03T22:12:30.587+0100] {dagbag.py:538} INFO - Filling up the DagBag from /home/chrisfleig/.local/lib/python3.10/site-packages/airflow/example_dags/example_kubernetes_executor.py
[2023-01-03T22:12:30.602+0100] {logging_mixin.py:137} INFO - [2023-01-03T22:12:30.602+0100] {example_kubernetes_executor.py:41} WARNING - The example_kubernetes_executor example DAG requires the kubernetes provider. Please install it with: pip install apache-airflow[cncf.kubernetes]
[2023-01-03T22:12:30.603+0100] {processor.py:755} WARNING - No viable dags retrieved from /home/chrisfleig/.local/lib/python3.10/site-packages/airflow/example_dags/example_kubernetes_executor.py
[2023-01-03T22:12:30.610+0100] {processor.py:175} INFO - Processing /home/chrisfleig/.local/lib/python3.10/site-packages/airflow/example_dags/example_kubernetes_executor.py took 0.026 seconds
[2023-01-03T22:13:08.746+0100] {processor.py:153} INFO - Started process (PID=8319) to work on /home/chrisfleig/.local/lib/python3.10/site-packages/airflow/example_dags/example_kubernetes_executor.py
[2023-01-03T22:13:08.747+0100] {processor.py:743} INFO - Processing file /home/chrisfleig/.local/lib/python3.10/site-packages/airflow/example_dags/example_kubernetes_executor.py for tasks to queue
[2023-01-03T22:13:08.748+0100] {logging_mixin.py:137} INFO - [2023-01-03T22:13:08.748+0100] {dagbag.py:538} INFO - Filling up the DagBag from /home/chrisfleig/.local/lib/python3.10/site-packages/airflow/example_dags/example_kubernetes_executor.py
[2023-01-03T22:13:08.763+0100] {logging_mixin.py:137} INFO - [2023-01-03T22:13:08.763+0100] {example_kubernetes_executor.py:41} WARNING - The example_kubernetes_executor example DAG requires the kubernetes provider. Please install it with: pip install apache-airflow[cncf.kubernetes]
[2023-01-03T22:13:08.764+0100] {processor.py:755} WARNING - No viable dags retrieved from /home/chrisfleig/.local/lib/python3.10/site-packages/airflow/example_dags/example_kubernetes_executor.py
[2023-01-03T22:13:08.771+0100] {processor.py:175} INFO - Processing /home/chrisfleig/.local/lib/python3.10/site-packages/airflow/example_dags/example_kubernetes_executor.py took 0.027 seconds
[2023-01-03T22:13:47.886+0100] {processor.py:153} INFO - Started process (PID=8357) to work on /home/chrisfleig/.local/lib/python3.10/site-packages/airflow/example_dags/example_kubernetes_executor.py
[2023-01-03T22:13:47.887+0100] {processor.py:743} INFO - Processing file /home/chrisfleig/.local/lib/python3.10/site-packages/airflow/example_dags/example_kubernetes_executor.py for tasks to queue
[2023-01-03T22:13:47.887+0100] {logging_mixin.py:137} INFO - [2023-01-03T22:13:47.887+0100] {dagbag.py:538} INFO - Filling up the DagBag from /home/chrisfleig/.local/lib/python3.10/site-packages/airflow/example_dags/example_kubernetes_executor.py
[2023-01-03T22:13:47.902+0100] {logging_mixin.py:137} INFO - [2023-01-03T22:13:47.901+0100] {example_kubernetes_executor.py:41} WARNING - The example_kubernetes_executor example DAG requires the kubernetes provider. Please install it with: pip install apache-airflow[cncf.kubernetes]
[2023-01-03T22:13:47.902+0100] {processor.py:755} WARNING - No viable dags retrieved from /home/chrisfleig/.local/lib/python3.10/site-packages/airflow/example_dags/example_kubernetes_executor.py
[2023-01-03T22:13:47.910+0100] {processor.py:175} INFO - Processing /home/chrisfleig/.local/lib/python3.10/site-packages/airflow/example_dags/example_kubernetes_executor.py took 0.027 seconds
[2023-01-03T22:14:27.495+0100] {processor.py:153} INFO - Started process (PID=8395) to work on /home/chrisfleig/.local/lib/python3.10/site-packages/airflow/example_dags/example_kubernetes_executor.py
[2023-01-03T22:14:27.496+0100] {processor.py:743} INFO - Processing file /home/chrisfleig/.local/lib/python3.10/site-packages/airflow/example_dags/example_kubernetes_executor.py for tasks to queue
[2023-01-03T22:14:27.497+0100] {logging_mixin.py:137} INFO - [2023-01-03T22:14:27.497+0100] {dagbag.py:538} INFO - Filling up the DagBag from /home/chrisfleig/.local/lib/python3.10/site-packages/airflow/example_dags/example_kubernetes_executor.py
[2023-01-03T22:14:27.511+0100] {logging_mixin.py:137} INFO - [2023-01-03T22:14:27.511+0100] {example_kubernetes_executor.py:41} WARNING - The example_kubernetes_executor example DAG requires the kubernetes provider. Please install it with: pip install apache-airflow[cncf.kubernetes]
[2023-01-03T22:14:27.512+0100] {processor.py:755} WARNING - No viable dags retrieved from /home/chrisfleig/.local/lib/python3.10/site-packages/airflow/example_dags/example_kubernetes_executor.py
[2023-01-03T22:14:27.519+0100] {processor.py:175} INFO - Processing /home/chrisfleig/.local/lib/python3.10/site-packages/airflow/example_dags/example_kubernetes_executor.py took 0.027 seconds
[2023-01-03T22:15:05.958+0100] {processor.py:153} INFO - Started process (PID=8433) to work on /home/chrisfleig/.local/lib/python3.10/site-packages/airflow/example_dags/example_kubernetes_executor.py
[2023-01-03T22:15:05.959+0100] {processor.py:743} INFO - Processing file /home/chrisfleig/.local/lib/python3.10/site-packages/airflow/example_dags/example_kubernetes_executor.py for tasks to queue
[2023-01-03T22:15:05.960+0100] {logging_mixin.py:137} INFO - [2023-01-03T22:15:05.959+0100] {dagbag.py:538} INFO - Filling up the DagBag from /home/chrisfleig/.local/lib/python3.10/site-packages/airflow/example_dags/example_kubernetes_executor.py
[2023-01-03T22:15:05.977+0100] {logging_mixin.py:137} INFO - [2023-01-03T22:15:05.977+0100] {example_kubernetes_executor.py:41} WARNING - The example_kubernetes_executor example DAG requires the kubernetes provider. Please install it with: pip install apache-airflow[cncf.kubernetes]
[2023-01-03T22:15:05.977+0100] {processor.py:755} WARNING - No viable dags retrieved from /home/chrisfleig/.local/lib/python3.10/site-packages/airflow/example_dags/example_kubernetes_executor.py
[2023-01-03T22:15:05.988+0100] {processor.py:175} INFO - Processing /home/chrisfleig/.local/lib/python3.10/site-packages/airflow/example_dags/example_kubernetes_executor.py took 0.032 seconds
[2023-01-03T22:15:44.758+0100] {processor.py:153} INFO - Started process (PID=8472) to work on /home/chrisfleig/.local/lib/python3.10/site-packages/airflow/example_dags/example_kubernetes_executor.py
[2023-01-03T22:15:44.759+0100] {processor.py:743} INFO - Processing file /home/chrisfleig/.local/lib/python3.10/site-packages/airflow/example_dags/example_kubernetes_executor.py for tasks to queue
[2023-01-03T22:15:44.759+0100] {logging_mixin.py:137} INFO - [2023-01-03T22:15:44.759+0100] {dagbag.py:538} INFO - Filling up the DagBag from /home/chrisfleig/.local/lib/python3.10/site-packages/airflow/example_dags/example_kubernetes_executor.py
[2023-01-03T22:15:44.773+0100] {logging_mixin.py:137} INFO - [2023-01-03T22:15:44.773+0100] {example_kubernetes_executor.py:41} WARNING - The example_kubernetes_executor example DAG requires the kubernetes provider. Please install it with: pip install apache-airflow[cncf.kubernetes]
[2023-01-03T22:15:44.773+0100] {processor.py:755} WARNING - No viable dags retrieved from /home/chrisfleig/.local/lib/python3.10/site-packages/airflow/example_dags/example_kubernetes_executor.py
[2023-01-03T22:15:44.781+0100] {processor.py:175} INFO - Processing /home/chrisfleig/.local/lib/python3.10/site-packages/airflow/example_dags/example_kubernetes_executor.py took 0.025 seconds
[2023-01-03T22:31:40.277+0100] {processor.py:153} INFO - Started process (PID=8568) to work on /home/chrisfleig/.local/lib/python3.10/site-packages/airflow/example_dags/example_kubernetes_executor.py
[2023-01-03T22:31:40.278+0100] {processor.py:743} INFO - Processing file /home/chrisfleig/.local/lib/python3.10/site-packages/airflow/example_dags/example_kubernetes_executor.py for tasks to queue
[2023-01-03T22:31:40.279+0100] {logging_mixin.py:137} INFO - [2023-01-03T22:31:40.279+0100] {dagbag.py:538} INFO - Filling up the DagBag from /home/chrisfleig/.local/lib/python3.10/site-packages/airflow/example_dags/example_kubernetes_executor.py
[2023-01-03T22:31:40.296+0100] {logging_mixin.py:137} INFO - [2023-01-03T22:31:40.296+0100] {example_kubernetes_executor.py:41} WARNING - The example_kubernetes_executor example DAG requires the kubernetes provider. Please install it with: pip install apache-airflow[cncf.kubernetes]
[2023-01-03T22:31:40.296+0100] {processor.py:755} WARNING - No viable dags retrieved from /home/chrisfleig/.local/lib/python3.10/site-packages/airflow/example_dags/example_kubernetes_executor.py
[2023-01-03T22:31:40.304+0100] {processor.py:175} INFO - Processing /home/chrisfleig/.local/lib/python3.10/site-packages/airflow/example_dags/example_kubernetes_executor.py took 0.030 seconds
[2023-01-03T22:32:19.532+0100] {processor.py:153} INFO - Started process (PID=8606) to work on /home/chrisfleig/.local/lib/python3.10/site-packages/airflow/example_dags/example_kubernetes_executor.py
[2023-01-03T22:32:19.533+0100] {processor.py:743} INFO - Processing file /home/chrisfleig/.local/lib/python3.10/site-packages/airflow/example_dags/example_kubernetes_executor.py for tasks to queue
[2023-01-03T22:32:19.533+0100] {logging_mixin.py:137} INFO - [2023-01-03T22:32:19.533+0100] {dagbag.py:538} INFO - Filling up the DagBag from /home/chrisfleig/.local/lib/python3.10/site-packages/airflow/example_dags/example_kubernetes_executor.py
[2023-01-03T22:32:19.547+0100] {logging_mixin.py:137} INFO - [2023-01-03T22:32:19.547+0100] {example_kubernetes_executor.py:41} WARNING - The example_kubernetes_executor example DAG requires the kubernetes provider. Please install it with: pip install apache-airflow[cncf.kubernetes]
[2023-01-03T22:32:19.548+0100] {processor.py:755} WARNING - No viable dags retrieved from /home/chrisfleig/.local/lib/python3.10/site-packages/airflow/example_dags/example_kubernetes_executor.py
[2023-01-03T22:32:19.554+0100] {processor.py:175} INFO - Processing /home/chrisfleig/.local/lib/python3.10/site-packages/airflow/example_dags/example_kubernetes_executor.py took 0.025 seconds
[2023-01-03T22:32:58.748+0100] {processor.py:153} INFO - Started process (PID=8644) to work on /home/chrisfleig/.local/lib/python3.10/site-packages/airflow/example_dags/example_kubernetes_executor.py
[2023-01-03T22:32:58.749+0100] {processor.py:743} INFO - Processing file /home/chrisfleig/.local/lib/python3.10/site-packages/airflow/example_dags/example_kubernetes_executor.py for tasks to queue
[2023-01-03T22:32:58.749+0100] {logging_mixin.py:137} INFO - [2023-01-03T22:32:58.749+0100] {dagbag.py:538} INFO - Filling up the DagBag from /home/chrisfleig/.local/lib/python3.10/site-packages/airflow/example_dags/example_kubernetes_executor.py
[2023-01-03T22:32:58.764+0100] {logging_mixin.py:137} INFO - [2023-01-03T22:32:58.763+0100] {example_kubernetes_executor.py:41} WARNING - The example_kubernetes_executor example DAG requires the kubernetes provider. Please install it with: pip install apache-airflow[cncf.kubernetes]
[2023-01-03T22:32:58.764+0100] {processor.py:755} WARNING - No viable dags retrieved from /home/chrisfleig/.local/lib/python3.10/site-packages/airflow/example_dags/example_kubernetes_executor.py
[2023-01-03T22:32:58.771+0100] {processor.py:175} INFO - Processing /home/chrisfleig/.local/lib/python3.10/site-packages/airflow/example_dags/example_kubernetes_executor.py took 0.025 seconds
[2023-01-03T22:33:37.037+0100] {processor.py:153} INFO - Started process (PID=8682) to work on /home/chrisfleig/.local/lib/python3.10/site-packages/airflow/example_dags/example_kubernetes_executor.py
[2023-01-03T22:33:37.038+0100] {processor.py:743} INFO - Processing file /home/chrisfleig/.local/lib/python3.10/site-packages/airflow/example_dags/example_kubernetes_executor.py for tasks to queue
[2023-01-03T22:33:37.038+0100] {logging_mixin.py:137} INFO - [2023-01-03T22:33:37.038+0100] {dagbag.py:538} INFO - Filling up the DagBag from /home/chrisfleig/.local/lib/python3.10/site-packages/airflow/example_dags/example_kubernetes_executor.py
[2023-01-03T22:33:37.052+0100] {logging_mixin.py:137} INFO - [2023-01-03T22:33:37.052+0100] {example_kubernetes_executor.py:41} WARNING - The example_kubernetes_executor example DAG requires the kubernetes provider. Please install it with: pip install apache-airflow[cncf.kubernetes]
[2023-01-03T22:33:37.052+0100] {processor.py:755} WARNING - No viable dags retrieved from /home/chrisfleig/.local/lib/python3.10/site-packages/airflow/example_dags/example_kubernetes_executor.py
[2023-01-03T22:33:37.059+0100] {processor.py:175} INFO - Processing /home/chrisfleig/.local/lib/python3.10/site-packages/airflow/example_dags/example_kubernetes_executor.py took 0.025 seconds
[2023-01-03T22:34:17.337+0100] {processor.py:153} INFO - Started process (PID=8720) to work on /home/chrisfleig/.local/lib/python3.10/site-packages/airflow/example_dags/example_kubernetes_executor.py
[2023-01-03T22:34:17.338+0100] {processor.py:743} INFO - Processing file /home/chrisfleig/.local/lib/python3.10/site-packages/airflow/example_dags/example_kubernetes_executor.py for tasks to queue
[2023-01-03T22:34:17.338+0100] {logging_mixin.py:137} INFO - [2023-01-03T22:34:17.338+0100] {dagbag.py:538} INFO - Filling up the DagBag from /home/chrisfleig/.local/lib/python3.10/site-packages/airflow/example_dags/example_kubernetes_executor.py
[2023-01-03T22:34:17.353+0100] {logging_mixin.py:137} INFO - [2023-01-03T22:34:17.353+0100] {example_kubernetes_executor.py:41} WARNING - The example_kubernetes_executor example DAG requires the kubernetes provider. Please install it with: pip install apache-airflow[cncf.kubernetes]
[2023-01-03T22:34:17.353+0100] {processor.py:755} WARNING - No viable dags retrieved from /home/chrisfleig/.local/lib/python3.10/site-packages/airflow/example_dags/example_kubernetes_executor.py
[2023-01-03T22:34:17.360+0100] {processor.py:175} INFO - Processing /home/chrisfleig/.local/lib/python3.10/site-packages/airflow/example_dags/example_kubernetes_executor.py took 0.026 seconds
[2023-01-03T22:34:56.638+0100] {processor.py:153} INFO - Started process (PID=8758) to work on /home/chrisfleig/.local/lib/python3.10/site-packages/airflow/example_dags/example_kubernetes_executor.py
[2023-01-03T22:34:56.639+0100] {processor.py:743} INFO - Processing file /home/chrisfleig/.local/lib/python3.10/site-packages/airflow/example_dags/example_kubernetes_executor.py for tasks to queue
[2023-01-03T22:34:56.640+0100] {logging_mixin.py:137} INFO - [2023-01-03T22:34:56.640+0100] {dagbag.py:538} INFO - Filling up the DagBag from /home/chrisfleig/.local/lib/python3.10/site-packages/airflow/example_dags/example_kubernetes_executor.py
[2023-01-03T22:34:56.654+0100] {logging_mixin.py:137} INFO - [2023-01-03T22:34:56.654+0100] {example_kubernetes_executor.py:41} WARNING - The example_kubernetes_executor example DAG requires the kubernetes provider. Please install it with: pip install apache-airflow[cncf.kubernetes]
[2023-01-03T22:34:56.654+0100] {processor.py:755} WARNING - No viable dags retrieved from /home/chrisfleig/.local/lib/python3.10/site-packages/airflow/example_dags/example_kubernetes_executor.py
[2023-01-03T22:34:56.661+0100] {processor.py:175} INFO - Processing /home/chrisfleig/.local/lib/python3.10/site-packages/airflow/example_dags/example_kubernetes_executor.py took 0.025 seconds
[2023-01-03T22:35:36.440+0100] {processor.py:153} INFO - Started process (PID=8796) to work on /home/chrisfleig/.local/lib/python3.10/site-packages/airflow/example_dags/example_kubernetes_executor.py
[2023-01-03T22:35:36.441+0100] {processor.py:743} INFO - Processing file /home/chrisfleig/.local/lib/python3.10/site-packages/airflow/example_dags/example_kubernetes_executor.py for tasks to queue
[2023-01-03T22:35:36.441+0100] {logging_mixin.py:137} INFO - [2023-01-03T22:35:36.441+0100] {dagbag.py:538} INFO - Filling up the DagBag from /home/chrisfleig/.local/lib/python3.10/site-packages/airflow/example_dags/example_kubernetes_executor.py
[2023-01-03T22:35:36.456+0100] {logging_mixin.py:137} INFO - [2023-01-03T22:35:36.456+0100] {example_kubernetes_executor.py:41} WARNING - The example_kubernetes_executor example DAG requires the kubernetes provider. Please install it with: pip install apache-airflow[cncf.kubernetes]
[2023-01-03T22:35:36.456+0100] {processor.py:755} WARNING - No viable dags retrieved from /home/chrisfleig/.local/lib/python3.10/site-packages/airflow/example_dags/example_kubernetes_executor.py
[2023-01-03T22:35:36.463+0100] {processor.py:175} INFO - Processing /home/chrisfleig/.local/lib/python3.10/site-packages/airflow/example_dags/example_kubernetes_executor.py took 0.026 seconds
[2023-01-03T22:36:15.263+0100] {processor.py:153} INFO - Started process (PID=8834) to work on /home/chrisfleig/.local/lib/python3.10/site-packages/airflow/example_dags/example_kubernetes_executor.py
[2023-01-03T22:36:15.264+0100] {processor.py:743} INFO - Processing file /home/chrisfleig/.local/lib/python3.10/site-packages/airflow/example_dags/example_kubernetes_executor.py for tasks to queue
[2023-01-03T22:36:15.265+0100] {logging_mixin.py:137} INFO - [2023-01-03T22:36:15.265+0100] {dagbag.py:538} INFO - Filling up the DagBag from /home/chrisfleig/.local/lib/python3.10/site-packages/airflow/example_dags/example_kubernetes_executor.py
[2023-01-03T22:36:15.279+0100] {logging_mixin.py:137} INFO - [2023-01-03T22:36:15.279+0100] {example_kubernetes_executor.py:41} WARNING - The example_kubernetes_executor example DAG requires the kubernetes provider. Please install it with: pip install apache-airflow[cncf.kubernetes]
[2023-01-03T22:36:15.279+0100] {processor.py:755} WARNING - No viable dags retrieved from /home/chrisfleig/.local/lib/python3.10/site-packages/airflow/example_dags/example_kubernetes_executor.py
[2023-01-03T22:36:15.286+0100] {processor.py:175} INFO - Processing /home/chrisfleig/.local/lib/python3.10/site-packages/airflow/example_dags/example_kubernetes_executor.py took 0.025 seconds
[2023-01-03T22:36:52.840+0100] {processor.py:153} INFO - Started process (PID=8872) to work on /home/chrisfleig/.local/lib/python3.10/site-packages/airflow/example_dags/example_kubernetes_executor.py
[2023-01-03T22:36:52.841+0100] {processor.py:743} INFO - Processing file /home/chrisfleig/.local/lib/python3.10/site-packages/airflow/example_dags/example_kubernetes_executor.py for tasks to queue
[2023-01-03T22:36:52.842+0100] {logging_mixin.py:137} INFO - [2023-01-03T22:36:52.842+0100] {dagbag.py:538} INFO - Filling up the DagBag from /home/chrisfleig/.local/lib/python3.10/site-packages/airflow/example_dags/example_kubernetes_executor.py
[2023-01-03T22:36:52.856+0100] {logging_mixin.py:137} INFO - [2023-01-03T22:36:52.856+0100] {example_kubernetes_executor.py:41} WARNING - The example_kubernetes_executor example DAG requires the kubernetes provider. Please install it with: pip install apache-airflow[cncf.kubernetes]
[2023-01-03T22:36:52.856+0100] {processor.py:755} WARNING - No viable dags retrieved from /home/chrisfleig/.local/lib/python3.10/site-packages/airflow/example_dags/example_kubernetes_executor.py
[2023-01-03T22:36:52.864+0100] {processor.py:175} INFO - Processing /home/chrisfleig/.local/lib/python3.10/site-packages/airflow/example_dags/example_kubernetes_executor.py took 0.027 seconds
[2023-01-03T22:37:31.063+0100] {processor.py:153} INFO - Started process (PID=8910) to work on /home/chrisfleig/.local/lib/python3.10/site-packages/airflow/example_dags/example_kubernetes_executor.py
[2023-01-03T22:37:31.064+0100] {processor.py:743} INFO - Processing file /home/chrisfleig/.local/lib/python3.10/site-packages/airflow/example_dags/example_kubernetes_executor.py for tasks to queue
[2023-01-03T22:37:31.065+0100] {logging_mixin.py:137} INFO - [2023-01-03T22:37:31.065+0100] {dagbag.py:538} INFO - Filling up the DagBag from /home/chrisfleig/.local/lib/python3.10/site-packages/airflow/example_dags/example_kubernetes_executor.py
[2023-01-03T22:37:31.081+0100] {logging_mixin.py:137} INFO - [2023-01-03T22:37:31.080+0100] {example_kubernetes_executor.py:41} WARNING - The example_kubernetes_executor example DAG requires the kubernetes provider. Please install it with: pip install apache-airflow[cncf.kubernetes]
[2023-01-03T22:37:31.081+0100] {processor.py:755} WARNING - No viable dags retrieved from /home/chrisfleig/.local/lib/python3.10/site-packages/airflow/example_dags/example_kubernetes_executor.py
[2023-01-03T22:37:31.089+0100] {processor.py:175} INFO - Processing /home/chrisfleig/.local/lib/python3.10/site-packages/airflow/example_dags/example_kubernetes_executor.py took 0.028 seconds
[2023-01-03T22:38:09.116+0100] {processor.py:153} INFO - Started process (PID=8948) to work on /home/chrisfleig/.local/lib/python3.10/site-packages/airflow/example_dags/example_kubernetes_executor.py
[2023-01-03T22:38:09.117+0100] {processor.py:743} INFO - Processing file /home/chrisfleig/.local/lib/python3.10/site-packages/airflow/example_dags/example_kubernetes_executor.py for tasks to queue
[2023-01-03T22:38:09.118+0100] {logging_mixin.py:137} INFO - [2023-01-03T22:38:09.118+0100] {dagbag.py:538} INFO - Filling up the DagBag from /home/chrisfleig/.local/lib/python3.10/site-packages/airflow/example_dags/example_kubernetes_executor.py
[2023-01-03T22:38:09.132+0100] {logging_mixin.py:137} INFO - [2023-01-03T22:38:09.132+0100] {example_kubernetes_executor.py:41} WARNING - The example_kubernetes_executor example DAG requires the kubernetes provider. Please install it with: pip install apache-airflow[cncf.kubernetes]
[2023-01-03T22:38:09.133+0100] {processor.py:755} WARNING - No viable dags retrieved from /home/chrisfleig/.local/lib/python3.10/site-packages/airflow/example_dags/example_kubernetes_executor.py
[2023-01-03T22:38:09.141+0100] {processor.py:175} INFO - Processing /home/chrisfleig/.local/lib/python3.10/site-packages/airflow/example_dags/example_kubernetes_executor.py took 0.027 seconds
[2023-01-03T22:38:48.333+0100] {processor.py:153} INFO - Started process (PID=8986) to work on /home/chrisfleig/.local/lib/python3.10/site-packages/airflow/example_dags/example_kubernetes_executor.py
[2023-01-03T22:38:48.334+0100] {processor.py:743} INFO - Processing file /home/chrisfleig/.local/lib/python3.10/site-packages/airflow/example_dags/example_kubernetes_executor.py for tasks to queue
[2023-01-03T22:38:48.335+0100] {logging_mixin.py:137} INFO - [2023-01-03T22:38:48.335+0100] {dagbag.py:538} INFO - Filling up the DagBag from /home/chrisfleig/.local/lib/python3.10/site-packages/airflow/example_dags/example_kubernetes_executor.py
[2023-01-03T22:38:48.349+0100] {logging_mixin.py:137} INFO - [2023-01-03T22:38:48.349+0100] {example_kubernetes_executor.py:41} WARNING - The example_kubernetes_executor example DAG requires the kubernetes provider. Please install it with: pip install apache-airflow[cncf.kubernetes]
[2023-01-03T22:38:48.349+0100] {processor.py:755} WARNING - No viable dags retrieved from /home/chrisfleig/.local/lib/python3.10/site-packages/airflow/example_dags/example_kubernetes_executor.py
[2023-01-03T22:38:48.357+0100] {processor.py:175} INFO - Processing /home/chrisfleig/.local/lib/python3.10/site-packages/airflow/example_dags/example_kubernetes_executor.py took 0.027 seconds
[2023-01-03T22:39:26.825+0100] {processor.py:153} INFO - Started process (PID=9024) to work on /home/chrisfleig/.local/lib/python3.10/site-packages/airflow/example_dags/example_kubernetes_executor.py
[2023-01-03T22:39:26.826+0100] {processor.py:743} INFO - Processing file /home/chrisfleig/.local/lib/python3.10/site-packages/airflow/example_dags/example_kubernetes_executor.py for tasks to queue
[2023-01-03T22:39:26.827+0100] {logging_mixin.py:137} INFO - [2023-01-03T22:39:26.827+0100] {dagbag.py:538} INFO - Filling up the DagBag from /home/chrisfleig/.local/lib/python3.10/site-packages/airflow/example_dags/example_kubernetes_executor.py
[2023-01-03T22:39:26.845+0100] {logging_mixin.py:137} INFO - [2023-01-03T22:39:26.845+0100] {example_kubernetes_executor.py:41} WARNING - The example_kubernetes_executor example DAG requires the kubernetes provider. Please install it with: pip install apache-airflow[cncf.kubernetes]
[2023-01-03T22:39:26.845+0100] {processor.py:755} WARNING - No viable dags retrieved from /home/chrisfleig/.local/lib/python3.10/site-packages/airflow/example_dags/example_kubernetes_executor.py
[2023-01-03T22:39:26.856+0100] {processor.py:175} INFO - Processing /home/chrisfleig/.local/lib/python3.10/site-packages/airflow/example_dags/example_kubernetes_executor.py took 0.036 seconds
[2023-01-03T22:40:07.488+0100] {processor.py:153} INFO - Started process (PID=9062) to work on /home/chrisfleig/.local/lib/python3.10/site-packages/airflow/example_dags/example_kubernetes_executor.py
[2023-01-03T22:40:07.489+0100] {processor.py:743} INFO - Processing file /home/chrisfleig/.local/lib/python3.10/site-packages/airflow/example_dags/example_kubernetes_executor.py for tasks to queue
[2023-01-03T22:40:07.489+0100] {logging_mixin.py:137} INFO - [2023-01-03T22:40:07.489+0100] {dagbag.py:538} INFO - Filling up the DagBag from /home/chrisfleig/.local/lib/python3.10/site-packages/airflow/example_dags/example_kubernetes_executor.py
[2023-01-03T22:40:07.515+0100] {logging_mixin.py:137} INFO - [2023-01-03T22:40:07.514+0100] {example_kubernetes_executor.py:41} WARNING - The example_kubernetes_executor example DAG requires the kubernetes provider. Please install it with: pip install apache-airflow[cncf.kubernetes]
[2023-01-03T22:40:07.525+0100] {processor.py:755} WARNING - No viable dags retrieved from /home/chrisfleig/.local/lib/python3.10/site-packages/airflow/example_dags/example_kubernetes_executor.py
[2023-01-03T22:40:07.540+0100] {processor.py:175} INFO - Processing /home/chrisfleig/.local/lib/python3.10/site-packages/airflow/example_dags/example_kubernetes_executor.py took 0.055 seconds
[2023-01-03T22:40:45.680+0100] {processor.py:153} INFO - Started process (PID=9100) to work on /home/chrisfleig/.local/lib/python3.10/site-packages/airflow/example_dags/example_kubernetes_executor.py
[2023-01-03T22:40:45.681+0100] {processor.py:743} INFO - Processing file /home/chrisfleig/.local/lib/python3.10/site-packages/airflow/example_dags/example_kubernetes_executor.py for tasks to queue
[2023-01-03T22:40:45.682+0100] {logging_mixin.py:137} INFO - [2023-01-03T22:40:45.682+0100] {dagbag.py:538} INFO - Filling up the DagBag from /home/chrisfleig/.local/lib/python3.10/site-packages/airflow/example_dags/example_kubernetes_executor.py
[2023-01-03T22:40:45.696+0100] {logging_mixin.py:137} INFO - [2023-01-03T22:40:45.696+0100] {example_kubernetes_executor.py:41} WARNING - The example_kubernetes_executor example DAG requires the kubernetes provider. Please install it with: pip install apache-airflow[cncf.kubernetes]
[2023-01-03T22:40:45.696+0100] {processor.py:755} WARNING - No viable dags retrieved from /home/chrisfleig/.local/lib/python3.10/site-packages/airflow/example_dags/example_kubernetes_executor.py
[2023-01-03T22:40:45.703+0100] {processor.py:175} INFO - Processing /home/chrisfleig/.local/lib/python3.10/site-packages/airflow/example_dags/example_kubernetes_executor.py took 0.026 seconds
[2023-01-03T22:41:22.319+0100] {processor.py:153} INFO - Started process (PID=9138) to work on /home/chrisfleig/.local/lib/python3.10/site-packages/airflow/example_dags/example_kubernetes_executor.py
[2023-01-03T22:41:22.320+0100] {processor.py:743} INFO - Processing file /home/chrisfleig/.local/lib/python3.10/site-packages/airflow/example_dags/example_kubernetes_executor.py for tasks to queue
[2023-01-03T22:41:22.320+0100] {logging_mixin.py:137} INFO - [2023-01-03T22:41:22.320+0100] {dagbag.py:538} INFO - Filling up the DagBag from /home/chrisfleig/.local/lib/python3.10/site-packages/airflow/example_dags/example_kubernetes_executor.py
[2023-01-03T22:41:22.334+0100] {logging_mixin.py:137} INFO - [2023-01-03T22:41:22.334+0100] {example_kubernetes_executor.py:41} WARNING - The example_kubernetes_executor example DAG requires the kubernetes provider. Please install it with: pip install apache-airflow[cncf.kubernetes]
[2023-01-03T22:41:22.334+0100] {processor.py:755} WARNING - No viable dags retrieved from /home/chrisfleig/.local/lib/python3.10/site-packages/airflow/example_dags/example_kubernetes_executor.py
[2023-01-03T22:41:22.342+0100] {processor.py:175} INFO - Processing /home/chrisfleig/.local/lib/python3.10/site-packages/airflow/example_dags/example_kubernetes_executor.py took 0.025 seconds
[2023-01-03T22:42:01.221+0100] {processor.py:153} INFO - Started process (PID=9178) to work on /home/chrisfleig/.local/lib/python3.10/site-packages/airflow/example_dags/example_kubernetes_executor.py
[2023-01-03T22:42:01.222+0100] {processor.py:743} INFO - Processing file /home/chrisfleig/.local/lib/python3.10/site-packages/airflow/example_dags/example_kubernetes_executor.py for tasks to queue
[2023-01-03T22:42:01.222+0100] {logging_mixin.py:137} INFO - [2023-01-03T22:42:01.222+0100] {dagbag.py:538} INFO - Filling up the DagBag from /home/chrisfleig/.local/lib/python3.10/site-packages/airflow/example_dags/example_kubernetes_executor.py
[2023-01-03T22:42:01.244+0100] {logging_mixin.py:137} INFO - [2023-01-03T22:42:01.244+0100] {example_kubernetes_executor.py:41} WARNING - The example_kubernetes_executor example DAG requires the kubernetes provider. Please install it with: pip install apache-airflow[cncf.kubernetes]
[2023-01-03T22:42:01.245+0100] {processor.py:755} WARNING - No viable dags retrieved from /home/chrisfleig/.local/lib/python3.10/site-packages/airflow/example_dags/example_kubernetes_executor.py
[2023-01-03T22:42:01.252+0100] {processor.py:175} INFO - Processing /home/chrisfleig/.local/lib/python3.10/site-packages/airflow/example_dags/example_kubernetes_executor.py took 0.033 seconds
[2023-01-03T22:42:40.286+0100] {processor.py:153} INFO - Started process (PID=9218) to work on /home/chrisfleig/.local/lib/python3.10/site-packages/airflow/example_dags/example_kubernetes_executor.py
[2023-01-03T22:42:40.287+0100] {processor.py:743} INFO - Processing file /home/chrisfleig/.local/lib/python3.10/site-packages/airflow/example_dags/example_kubernetes_executor.py for tasks to queue
[2023-01-03T22:42:40.288+0100] {logging_mixin.py:137} INFO - [2023-01-03T22:42:40.288+0100] {dagbag.py:538} INFO - Filling up the DagBag from /home/chrisfleig/.local/lib/python3.10/site-packages/airflow/example_dags/example_kubernetes_executor.py
[2023-01-03T22:42:40.302+0100] {logging_mixin.py:137} INFO - [2023-01-03T22:42:40.301+0100] {example_kubernetes_executor.py:41} WARNING - The example_kubernetes_executor example DAG requires the kubernetes provider. Please install it with: pip install apache-airflow[cncf.kubernetes]
[2023-01-03T22:42:40.302+0100] {processor.py:755} WARNING - No viable dags retrieved from /home/chrisfleig/.local/lib/python3.10/site-packages/airflow/example_dags/example_kubernetes_executor.py
[2023-01-03T22:42:40.309+0100] {processor.py:175} INFO - Processing /home/chrisfleig/.local/lib/python3.10/site-packages/airflow/example_dags/example_kubernetes_executor.py took 0.025 seconds
[2023-01-03T22:43:19.939+0100] {processor.py:153} INFO - Started process (PID=9256) to work on /home/chrisfleig/.local/lib/python3.10/site-packages/airflow/example_dags/example_kubernetes_executor.py
[2023-01-03T22:43:19.940+0100] {processor.py:743} INFO - Processing file /home/chrisfleig/.local/lib/python3.10/site-packages/airflow/example_dags/example_kubernetes_executor.py for tasks to queue
[2023-01-03T22:43:19.940+0100] {logging_mixin.py:137} INFO - [2023-01-03T22:43:19.940+0100] {dagbag.py:538} INFO - Filling up the DagBag from /home/chrisfleig/.local/lib/python3.10/site-packages/airflow/example_dags/example_kubernetes_executor.py
[2023-01-03T22:43:19.956+0100] {logging_mixin.py:137} INFO - [2023-01-03T22:43:19.956+0100] {example_kubernetes_executor.py:41} WARNING - The example_kubernetes_executor example DAG requires the kubernetes provider. Please install it with: pip install apache-airflow[cncf.kubernetes]
[2023-01-03T22:43:19.956+0100] {processor.py:755} WARNING - No viable dags retrieved from /home/chrisfleig/.local/lib/python3.10/site-packages/airflow/example_dags/example_kubernetes_executor.py
[2023-01-03T22:43:19.965+0100] {processor.py:175} INFO - Processing /home/chrisfleig/.local/lib/python3.10/site-packages/airflow/example_dags/example_kubernetes_executor.py took 0.030 seconds
[2023-01-03T22:43:58.490+0100] {processor.py:153} INFO - Started process (PID=9294) to work on /home/chrisfleig/.local/lib/python3.10/site-packages/airflow/example_dags/example_kubernetes_executor.py
[2023-01-03T22:43:58.491+0100] {processor.py:743} INFO - Processing file /home/chrisfleig/.local/lib/python3.10/site-packages/airflow/example_dags/example_kubernetes_executor.py for tasks to queue
[2023-01-03T22:43:58.492+0100] {logging_mixin.py:137} INFO - [2023-01-03T22:43:58.492+0100] {dagbag.py:538} INFO - Filling up the DagBag from /home/chrisfleig/.local/lib/python3.10/site-packages/airflow/example_dags/example_kubernetes_executor.py
[2023-01-03T22:43:58.506+0100] {logging_mixin.py:137} INFO - [2023-01-03T22:43:58.506+0100] {example_kubernetes_executor.py:41} WARNING - The example_kubernetes_executor example DAG requires the kubernetes provider. Please install it with: pip install apache-airflow[cncf.kubernetes]
[2023-01-03T22:43:58.506+0100] {processor.py:755} WARNING - No viable dags retrieved from /home/chrisfleig/.local/lib/python3.10/site-packages/airflow/example_dags/example_kubernetes_executor.py
[2023-01-03T22:43:58.513+0100] {processor.py:175} INFO - Processing /home/chrisfleig/.local/lib/python3.10/site-packages/airflow/example_dags/example_kubernetes_executor.py took 0.025 seconds
[2023-01-03T22:44:36.719+0100] {processor.py:153} INFO - Started process (PID=9332) to work on /home/chrisfleig/.local/lib/python3.10/site-packages/airflow/example_dags/example_kubernetes_executor.py
[2023-01-03T22:44:36.720+0100] {processor.py:743} INFO - Processing file /home/chrisfleig/.local/lib/python3.10/site-packages/airflow/example_dags/example_kubernetes_executor.py for tasks to queue
[2023-01-03T22:44:36.721+0100] {logging_mixin.py:137} INFO - [2023-01-03T22:44:36.720+0100] {dagbag.py:538} INFO - Filling up the DagBag from /home/chrisfleig/.local/lib/python3.10/site-packages/airflow/example_dags/example_kubernetes_executor.py
[2023-01-03T22:44:36.734+0100] {logging_mixin.py:137} INFO - [2023-01-03T22:44:36.734+0100] {example_kubernetes_executor.py:41} WARNING - The example_kubernetes_executor example DAG requires the kubernetes provider. Please install it with: pip install apache-airflow[cncf.kubernetes]
[2023-01-03T22:44:36.735+0100] {processor.py:755} WARNING - No viable dags retrieved from /home/chrisfleig/.local/lib/python3.10/site-packages/airflow/example_dags/example_kubernetes_executor.py
[2023-01-03T22:44:36.742+0100] {processor.py:175} INFO - Processing /home/chrisfleig/.local/lib/python3.10/site-packages/airflow/example_dags/example_kubernetes_executor.py took 0.025 seconds
[2023-01-03T22:45:17.025+0100] {processor.py:153} INFO - Started process (PID=9370) to work on /home/chrisfleig/.local/lib/python3.10/site-packages/airflow/example_dags/example_kubernetes_executor.py
[2023-01-03T22:45:17.026+0100] {processor.py:743} INFO - Processing file /home/chrisfleig/.local/lib/python3.10/site-packages/airflow/example_dags/example_kubernetes_executor.py for tasks to queue
[2023-01-03T22:45:17.027+0100] {logging_mixin.py:137} INFO - [2023-01-03T22:45:17.026+0100] {dagbag.py:538} INFO - Filling up the DagBag from /home/chrisfleig/.local/lib/python3.10/site-packages/airflow/example_dags/example_kubernetes_executor.py
[2023-01-03T22:45:17.043+0100] {logging_mixin.py:137} INFO - [2023-01-03T22:45:17.043+0100] {example_kubernetes_executor.py:41} WARNING - The example_kubernetes_executor example DAG requires the kubernetes provider. Please install it with: pip install apache-airflow[cncf.kubernetes]
[2023-01-03T22:45:17.043+0100] {processor.py:755} WARNING - No viable dags retrieved from /home/chrisfleig/.local/lib/python3.10/site-packages/airflow/example_dags/example_kubernetes_executor.py
[2023-01-03T22:45:17.055+0100] {processor.py:175} INFO - Processing /home/chrisfleig/.local/lib/python3.10/site-packages/airflow/example_dags/example_kubernetes_executor.py took 0.032 seconds
[2023-01-03T22:45:55.075+0100] {processor.py:153} INFO - Started process (PID=9408) to work on /home/chrisfleig/.local/lib/python3.10/site-packages/airflow/example_dags/example_kubernetes_executor.py
[2023-01-03T22:45:55.076+0100] {processor.py:743} INFO - Processing file /home/chrisfleig/.local/lib/python3.10/site-packages/airflow/example_dags/example_kubernetes_executor.py for tasks to queue
[2023-01-03T22:45:55.077+0100] {logging_mixin.py:137} INFO - [2023-01-03T22:45:55.077+0100] {dagbag.py:538} INFO - Filling up the DagBag from /home/chrisfleig/.local/lib/python3.10/site-packages/airflow/example_dags/example_kubernetes_executor.py
[2023-01-03T22:45:55.094+0100] {logging_mixin.py:137} INFO - [2023-01-03T22:45:55.093+0100] {example_kubernetes_executor.py:41} WARNING - The example_kubernetes_executor example DAG requires the kubernetes provider. Please install it with: pip install apache-airflow[cncf.kubernetes]
[2023-01-03T22:45:55.094+0100] {processor.py:755} WARNING - No viable dags retrieved from /home/chrisfleig/.local/lib/python3.10/site-packages/airflow/example_dags/example_kubernetes_executor.py
[2023-01-03T22:45:55.102+0100] {processor.py:175} INFO - Processing /home/chrisfleig/.local/lib/python3.10/site-packages/airflow/example_dags/example_kubernetes_executor.py took 0.031 seconds
[2023-01-03T22:46:31.690+0100] {processor.py:153} INFO - Started process (PID=9446) to work on /home/chrisfleig/.local/lib/python3.10/site-packages/airflow/example_dags/example_kubernetes_executor.py
[2023-01-03T22:46:31.698+0100] {processor.py:743} INFO - Processing file /home/chrisfleig/.local/lib/python3.10/site-packages/airflow/example_dags/example_kubernetes_executor.py for tasks to queue
[2023-01-03T22:46:31.698+0100] {logging_mixin.py:137} INFO - [2023-01-03T22:46:31.698+0100] {dagbag.py:538} INFO - Filling up the DagBag from /home/chrisfleig/.local/lib/python3.10/site-packages/airflow/example_dags/example_kubernetes_executor.py
[2023-01-03T22:46:31.713+0100] {logging_mixin.py:137} INFO - [2023-01-03T22:46:31.712+0100] {example_kubernetes_executor.py:41} WARNING - The example_kubernetes_executor example DAG requires the kubernetes provider. Please install it with: pip install apache-airflow[cncf.kubernetes]
[2023-01-03T22:46:31.713+0100] {processor.py:755} WARNING - No viable dags retrieved from /home/chrisfleig/.local/lib/python3.10/site-packages/airflow/example_dags/example_kubernetes_executor.py
[2023-01-03T22:46:31.720+0100] {processor.py:175} INFO - Processing /home/chrisfleig/.local/lib/python3.10/site-packages/airflow/example_dags/example_kubernetes_executor.py took 0.032 seconds
[2023-01-03T22:47:10.884+0100] {processor.py:153} INFO - Started process (PID=9484) to work on /home/chrisfleig/.local/lib/python3.10/site-packages/airflow/example_dags/example_kubernetes_executor.py
[2023-01-03T22:47:10.885+0100] {processor.py:743} INFO - Processing file /home/chrisfleig/.local/lib/python3.10/site-packages/airflow/example_dags/example_kubernetes_executor.py for tasks to queue
[2023-01-03T22:47:10.886+0100] {logging_mixin.py:137} INFO - [2023-01-03T22:47:10.886+0100] {dagbag.py:538} INFO - Filling up the DagBag from /home/chrisfleig/.local/lib/python3.10/site-packages/airflow/example_dags/example_kubernetes_executor.py
[2023-01-03T22:47:10.901+0100] {logging_mixin.py:137} INFO - [2023-01-03T22:47:10.901+0100] {example_kubernetes_executor.py:41} WARNING - The example_kubernetes_executor example DAG requires the kubernetes provider. Please install it with: pip install apache-airflow[cncf.kubernetes]
[2023-01-03T22:47:10.901+0100] {processor.py:755} WARNING - No viable dags retrieved from /home/chrisfleig/.local/lib/python3.10/site-packages/airflow/example_dags/example_kubernetes_executor.py
[2023-01-03T22:47:10.909+0100] {processor.py:175} INFO - Processing /home/chrisfleig/.local/lib/python3.10/site-packages/airflow/example_dags/example_kubernetes_executor.py took 0.027 seconds
[2023-01-03T22:47:48.820+0100] {processor.py:153} INFO - Started process (PID=9522) to work on /home/chrisfleig/.local/lib/python3.10/site-packages/airflow/example_dags/example_kubernetes_executor.py
[2023-01-03T22:47:48.821+0100] {processor.py:743} INFO - Processing file /home/chrisfleig/.local/lib/python3.10/site-packages/airflow/example_dags/example_kubernetes_executor.py for tasks to queue
[2023-01-03T22:47:48.822+0100] {logging_mixin.py:137} INFO - [2023-01-03T22:47:48.822+0100] {dagbag.py:538} INFO - Filling up the DagBag from /home/chrisfleig/.local/lib/python3.10/site-packages/airflow/example_dags/example_kubernetes_executor.py
[2023-01-03T22:47:48.836+0100] {logging_mixin.py:137} INFO - [2023-01-03T22:47:48.836+0100] {example_kubernetes_executor.py:41} WARNING - The example_kubernetes_executor example DAG requires the kubernetes provider. Please install it with: pip install apache-airflow[cncf.kubernetes]
[2023-01-03T22:47:48.836+0100] {processor.py:755} WARNING - No viable dags retrieved from /home/chrisfleig/.local/lib/python3.10/site-packages/airflow/example_dags/example_kubernetes_executor.py
[2023-01-03T22:47:48.843+0100] {processor.py:175} INFO - Processing /home/chrisfleig/.local/lib/python3.10/site-packages/airflow/example_dags/example_kubernetes_executor.py took 0.026 seconds
[2023-01-03T22:48:28.748+0100] {processor.py:153} INFO - Started process (PID=9560) to work on /home/chrisfleig/.local/lib/python3.10/site-packages/airflow/example_dags/example_kubernetes_executor.py
[2023-01-03T22:48:28.749+0100] {processor.py:743} INFO - Processing file /home/chrisfleig/.local/lib/python3.10/site-packages/airflow/example_dags/example_kubernetes_executor.py for tasks to queue
[2023-01-03T22:48:28.749+0100] {logging_mixin.py:137} INFO - [2023-01-03T22:48:28.749+0100] {dagbag.py:538} INFO - Filling up the DagBag from /home/chrisfleig/.local/lib/python3.10/site-packages/airflow/example_dags/example_kubernetes_executor.py
[2023-01-03T22:48:28.766+0100] {logging_mixin.py:137} INFO - [2023-01-03T22:48:28.766+0100] {example_kubernetes_executor.py:41} WARNING - The example_kubernetes_executor example DAG requires the kubernetes provider. Please install it with: pip install apache-airflow[cncf.kubernetes]
[2023-01-03T22:48:28.767+0100] {processor.py:755} WARNING - No viable dags retrieved from /home/chrisfleig/.local/lib/python3.10/site-packages/airflow/example_dags/example_kubernetes_executor.py
[2023-01-03T22:48:28.775+0100] {processor.py:175} INFO - Processing /home/chrisfleig/.local/lib/python3.10/site-packages/airflow/example_dags/example_kubernetes_executor.py took 0.030 seconds
[2023-01-03T22:49:10.237+0100] {processor.py:153} INFO - Started process (PID=9598) to work on /home/chrisfleig/.local/lib/python3.10/site-packages/airflow/example_dags/example_kubernetes_executor.py
[2023-01-03T22:49:10.238+0100] {processor.py:743} INFO - Processing file /home/chrisfleig/.local/lib/python3.10/site-packages/airflow/example_dags/example_kubernetes_executor.py for tasks to queue
[2023-01-03T22:49:10.238+0100] {logging_mixin.py:137} INFO - [2023-01-03T22:49:10.238+0100] {dagbag.py:538} INFO - Filling up the DagBag from /home/chrisfleig/.local/lib/python3.10/site-packages/airflow/example_dags/example_kubernetes_executor.py
[2023-01-03T22:49:10.253+0100] {logging_mixin.py:137} INFO - [2023-01-03T22:49:10.252+0100] {example_kubernetes_executor.py:41} WARNING - The example_kubernetes_executor example DAG requires the kubernetes provider. Please install it with: pip install apache-airflow[cncf.kubernetes]
[2023-01-03T22:49:10.253+0100] {processor.py:755} WARNING - No viable dags retrieved from /home/chrisfleig/.local/lib/python3.10/site-packages/airflow/example_dags/example_kubernetes_executor.py
[2023-01-03T22:49:10.260+0100] {processor.py:175} INFO - Processing /home/chrisfleig/.local/lib/python3.10/site-packages/airflow/example_dags/example_kubernetes_executor.py took 0.026 seconds
[2023-01-03T22:49:50.733+0100] {processor.py:153} INFO - Started process (PID=9636) to work on /home/chrisfleig/.local/lib/python3.10/site-packages/airflow/example_dags/example_kubernetes_executor.py
[2023-01-03T22:49:50.734+0100] {processor.py:743} INFO - Processing file /home/chrisfleig/.local/lib/python3.10/site-packages/airflow/example_dags/example_kubernetes_executor.py for tasks to queue
[2023-01-03T22:49:50.735+0100] {logging_mixin.py:137} INFO - [2023-01-03T22:49:50.735+0100] {dagbag.py:538} INFO - Filling up the DagBag from /home/chrisfleig/.local/lib/python3.10/site-packages/airflow/example_dags/example_kubernetes_executor.py
[2023-01-03T22:49:50.748+0100] {logging_mixin.py:137} INFO - [2023-01-03T22:49:50.748+0100] {example_kubernetes_executor.py:41} WARNING - The example_kubernetes_executor example DAG requires the kubernetes provider. Please install it with: pip install apache-airflow[cncf.kubernetes]
[2023-01-03T22:49:50.749+0100] {processor.py:755} WARNING - No viable dags retrieved from /home/chrisfleig/.local/lib/python3.10/site-packages/airflow/example_dags/example_kubernetes_executor.py
[2023-01-03T22:49:50.756+0100] {processor.py:175} INFO - Processing /home/chrisfleig/.local/lib/python3.10/site-packages/airflow/example_dags/example_kubernetes_executor.py took 0.025 seconds
[2023-01-03T22:50:28.596+0100] {processor.py:153} INFO - Started process (PID=9674) to work on /home/chrisfleig/.local/lib/python3.10/site-packages/airflow/example_dags/example_kubernetes_executor.py
[2023-01-03T22:50:28.597+0100] {processor.py:743} INFO - Processing file /home/chrisfleig/.local/lib/python3.10/site-packages/airflow/example_dags/example_kubernetes_executor.py for tasks to queue
[2023-01-03T22:50:28.598+0100] {logging_mixin.py:137} INFO - [2023-01-03T22:50:28.598+0100] {dagbag.py:538} INFO - Filling up the DagBag from /home/chrisfleig/.local/lib/python3.10/site-packages/airflow/example_dags/example_kubernetes_executor.py
[2023-01-03T22:50:28.613+0100] {logging_mixin.py:137} INFO - [2023-01-03T22:50:28.612+0100] {example_kubernetes_executor.py:41} WARNING - The example_kubernetes_executor example DAG requires the kubernetes provider. Please install it with: pip install apache-airflow[cncf.kubernetes]
[2023-01-03T22:50:28.613+0100] {processor.py:755} WARNING - No viable dags retrieved from /home/chrisfleig/.local/lib/python3.10/site-packages/airflow/example_dags/example_kubernetes_executor.py
[2023-01-03T22:50:28.620+0100] {processor.py:175} INFO - Processing /home/chrisfleig/.local/lib/python3.10/site-packages/airflow/example_dags/example_kubernetes_executor.py took 0.026 seconds
[2023-01-03T22:51:08.918+0100] {processor.py:153} INFO - Started process (PID=9712) to work on /home/chrisfleig/.local/lib/python3.10/site-packages/airflow/example_dags/example_kubernetes_executor.py
[2023-01-03T22:51:08.919+0100] {processor.py:743} INFO - Processing file /home/chrisfleig/.local/lib/python3.10/site-packages/airflow/example_dags/example_kubernetes_executor.py for tasks to queue
[2023-01-03T22:51:08.920+0100] {logging_mixin.py:137} INFO - [2023-01-03T22:51:08.920+0100] {dagbag.py:538} INFO - Filling up the DagBag from /home/chrisfleig/.local/lib/python3.10/site-packages/airflow/example_dags/example_kubernetes_executor.py
[2023-01-03T22:51:08.934+0100] {logging_mixin.py:137} INFO - [2023-01-03T22:51:08.934+0100] {example_kubernetes_executor.py:41} WARNING - The example_kubernetes_executor example DAG requires the kubernetes provider. Please install it with: pip install apache-airflow[cncf.kubernetes]
[2023-01-03T22:51:08.934+0100] {processor.py:755} WARNING - No viable dags retrieved from /home/chrisfleig/.local/lib/python3.10/site-packages/airflow/example_dags/example_kubernetes_executor.py
[2023-01-03T22:51:08.941+0100] {processor.py:175} INFO - Processing /home/chrisfleig/.local/lib/python3.10/site-packages/airflow/example_dags/example_kubernetes_executor.py took 0.026 seconds
[2023-01-03T22:51:46.384+0100] {processor.py:153} INFO - Started process (PID=9750) to work on /home/chrisfleig/.local/lib/python3.10/site-packages/airflow/example_dags/example_kubernetes_executor.py
[2023-01-03T22:51:46.385+0100] {processor.py:743} INFO - Processing file /home/chrisfleig/.local/lib/python3.10/site-packages/airflow/example_dags/example_kubernetes_executor.py for tasks to queue
[2023-01-03T22:51:46.385+0100] {logging_mixin.py:137} INFO - [2023-01-03T22:51:46.385+0100] {dagbag.py:538} INFO - Filling up the DagBag from /home/chrisfleig/.local/lib/python3.10/site-packages/airflow/example_dags/example_kubernetes_executor.py
[2023-01-03T22:51:46.401+0100] {logging_mixin.py:137} INFO - [2023-01-03T22:51:46.401+0100] {example_kubernetes_executor.py:41} WARNING - The example_kubernetes_executor example DAG requires the kubernetes provider. Please install it with: pip install apache-airflow[cncf.kubernetes]
[2023-01-03T22:51:46.401+0100] {processor.py:755} WARNING - No viable dags retrieved from /home/chrisfleig/.local/lib/python3.10/site-packages/airflow/example_dags/example_kubernetes_executor.py
[2023-01-03T22:51:46.412+0100] {processor.py:175} INFO - Processing /home/chrisfleig/.local/lib/python3.10/site-packages/airflow/example_dags/example_kubernetes_executor.py took 0.031 seconds
[2023-01-03T22:52:28.905+0100] {processor.py:153} INFO - Started process (PID=9788) to work on /home/chrisfleig/.local/lib/python3.10/site-packages/airflow/example_dags/example_kubernetes_executor.py
[2023-01-03T22:52:28.906+0100] {processor.py:743} INFO - Processing file /home/chrisfleig/.local/lib/python3.10/site-packages/airflow/example_dags/example_kubernetes_executor.py for tasks to queue
[2023-01-03T22:52:28.907+0100] {logging_mixin.py:137} INFO - [2023-01-03T22:52:28.907+0100] {dagbag.py:538} INFO - Filling up the DagBag from /home/chrisfleig/.local/lib/python3.10/site-packages/airflow/example_dags/example_kubernetes_executor.py
[2023-01-03T22:52:28.922+0100] {logging_mixin.py:137} INFO - [2023-01-03T22:52:28.922+0100] {example_kubernetes_executor.py:41} WARNING - The example_kubernetes_executor example DAG requires the kubernetes provider. Please install it with: pip install apache-airflow[cncf.kubernetes]
[2023-01-03T22:52:28.923+0100] {processor.py:755} WARNING - No viable dags retrieved from /home/chrisfleig/.local/lib/python3.10/site-packages/airflow/example_dags/example_kubernetes_executor.py
[2023-01-03T22:52:28.930+0100] {processor.py:175} INFO - Processing /home/chrisfleig/.local/lib/python3.10/site-packages/airflow/example_dags/example_kubernetes_executor.py took 0.027 seconds
[2023-01-03T22:53:07.445+0100] {processor.py:153} INFO - Started process (PID=9826) to work on /home/chrisfleig/.local/lib/python3.10/site-packages/airflow/example_dags/example_kubernetes_executor.py
[2023-01-03T22:53:07.446+0100] {processor.py:743} INFO - Processing file /home/chrisfleig/.local/lib/python3.10/site-packages/airflow/example_dags/example_kubernetes_executor.py for tasks to queue
[2023-01-03T22:53:07.447+0100] {logging_mixin.py:137} INFO - [2023-01-03T22:53:07.447+0100] {dagbag.py:538} INFO - Filling up the DagBag from /home/chrisfleig/.local/lib/python3.10/site-packages/airflow/example_dags/example_kubernetes_executor.py
[2023-01-03T22:53:07.461+0100] {logging_mixin.py:137} INFO - [2023-01-03T22:53:07.461+0100] {example_kubernetes_executor.py:41} WARNING - The example_kubernetes_executor example DAG requires the kubernetes provider. Please install it with: pip install apache-airflow[cncf.kubernetes]
[2023-01-03T22:53:07.461+0100] {processor.py:755} WARNING - No viable dags retrieved from /home/chrisfleig/.local/lib/python3.10/site-packages/airflow/example_dags/example_kubernetes_executor.py
[2023-01-03T22:53:07.468+0100] {processor.py:175} INFO - Processing /home/chrisfleig/.local/lib/python3.10/site-packages/airflow/example_dags/example_kubernetes_executor.py took 0.026 seconds
[2023-01-03T22:53:46.370+0100] {processor.py:153} INFO - Started process (PID=9866) to work on /home/chrisfleig/.local/lib/python3.10/site-packages/airflow/example_dags/example_kubernetes_executor.py
[2023-01-03T22:53:46.371+0100] {processor.py:743} INFO - Processing file /home/chrisfleig/.local/lib/python3.10/site-packages/airflow/example_dags/example_kubernetes_executor.py for tasks to queue
[2023-01-03T22:53:46.372+0100] {logging_mixin.py:137} INFO - [2023-01-03T22:53:46.372+0100] {dagbag.py:538} INFO - Filling up the DagBag from /home/chrisfleig/.local/lib/python3.10/site-packages/airflow/example_dags/example_kubernetes_executor.py
[2023-01-03T22:53:46.388+0100] {logging_mixin.py:137} INFO - [2023-01-03T22:53:46.388+0100] {example_kubernetes_executor.py:41} WARNING - The example_kubernetes_executor example DAG requires the kubernetes provider. Please install it with: pip install apache-airflow[cncf.kubernetes]
[2023-01-03T22:53:46.388+0100] {processor.py:755} WARNING - No viable dags retrieved from /home/chrisfleig/.local/lib/python3.10/site-packages/airflow/example_dags/example_kubernetes_executor.py
[2023-01-03T22:53:46.396+0100] {processor.py:175} INFO - Processing /home/chrisfleig/.local/lib/python3.10/site-packages/airflow/example_dags/example_kubernetes_executor.py took 0.028 seconds
[2023-01-03T22:54:29.877+0100] {processor.py:153} INFO - Started process (PID=9908) to work on /home/chrisfleig/.local/lib/python3.10/site-packages/airflow/example_dags/example_kubernetes_executor.py
[2023-01-03T22:54:29.878+0100] {processor.py:743} INFO - Processing file /home/chrisfleig/.local/lib/python3.10/site-packages/airflow/example_dags/example_kubernetes_executor.py for tasks to queue
[2023-01-03T22:54:29.879+0100] {logging_mixin.py:137} INFO - [2023-01-03T22:54:29.879+0100] {dagbag.py:538} INFO - Filling up the DagBag from /home/chrisfleig/.local/lib/python3.10/site-packages/airflow/example_dags/example_kubernetes_executor.py
[2023-01-03T22:54:29.926+0100] {logging_mixin.py:137} INFO - [2023-01-03T22:54:29.926+0100] {example_kubernetes_executor.py:41} WARNING - The example_kubernetes_executor example DAG requires the kubernetes provider. Please install it with: pip install apache-airflow[cncf.kubernetes]
[2023-01-03T22:54:29.927+0100] {processor.py:755} WARNING - No viable dags retrieved from /home/chrisfleig/.local/lib/python3.10/site-packages/airflow/example_dags/example_kubernetes_executor.py
[2023-01-03T22:54:29.946+0100] {processor.py:175} INFO - Processing /home/chrisfleig/.local/lib/python3.10/site-packages/airflow/example_dags/example_kubernetes_executor.py took 0.073 seconds
[2023-01-03T22:55:11.658+0100] {processor.py:153} INFO - Started process (PID=9947) to work on /home/chrisfleig/.local/lib/python3.10/site-packages/airflow/example_dags/example_kubernetes_executor.py
[2023-01-03T22:55:11.659+0100] {processor.py:743} INFO - Processing file /home/chrisfleig/.local/lib/python3.10/site-packages/airflow/example_dags/example_kubernetes_executor.py for tasks to queue
[2023-01-03T22:55:11.661+0100] {logging_mixin.py:137} INFO - [2023-01-03T22:55:11.660+0100] {dagbag.py:538} INFO - Filling up the DagBag from /home/chrisfleig/.local/lib/python3.10/site-packages/airflow/example_dags/example_kubernetes_executor.py
[2023-01-03T22:55:11.682+0100] {logging_mixin.py:137} INFO - [2023-01-03T22:55:11.682+0100] {example_kubernetes_executor.py:41} WARNING - The example_kubernetes_executor example DAG requires the kubernetes provider. Please install it with: pip install apache-airflow[cncf.kubernetes]
[2023-01-03T22:55:11.683+0100] {processor.py:755} WARNING - No viable dags retrieved from /home/chrisfleig/.local/lib/python3.10/site-packages/airflow/example_dags/example_kubernetes_executor.py
[2023-01-03T22:55:11.692+0100] {processor.py:175} INFO - Processing /home/chrisfleig/.local/lib/python3.10/site-packages/airflow/example_dags/example_kubernetes_executor.py took 0.038 seconds
[2023-01-03T22:55:54.029+0100] {processor.py:153} INFO - Started process (PID=9986) to work on /home/chrisfleig/.local/lib/python3.10/site-packages/airflow/example_dags/example_kubernetes_executor.py
[2023-01-03T22:55:54.030+0100] {processor.py:743} INFO - Processing file /home/chrisfleig/.local/lib/python3.10/site-packages/airflow/example_dags/example_kubernetes_executor.py for tasks to queue
[2023-01-03T22:55:54.030+0100] {logging_mixin.py:137} INFO - [2023-01-03T22:55:54.030+0100] {dagbag.py:538} INFO - Filling up the DagBag from /home/chrisfleig/.local/lib/python3.10/site-packages/airflow/example_dags/example_kubernetes_executor.py
[2023-01-03T22:55:54.048+0100] {logging_mixin.py:137} INFO - [2023-01-03T22:55:54.048+0100] {example_kubernetes_executor.py:41} WARNING - The example_kubernetes_executor example DAG requires the kubernetes provider. Please install it with: pip install apache-airflow[cncf.kubernetes]
[2023-01-03T22:55:54.048+0100] {processor.py:755} WARNING - No viable dags retrieved from /home/chrisfleig/.local/lib/python3.10/site-packages/airflow/example_dags/example_kubernetes_executor.py
[2023-01-03T22:55:54.058+0100] {processor.py:175} INFO - Processing /home/chrisfleig/.local/lib/python3.10/site-packages/airflow/example_dags/example_kubernetes_executor.py took 0.032 seconds
[2023-01-03T22:56:36.432+0100] {processor.py:153} INFO - Started process (PID=10029) to work on /home/chrisfleig/.local/lib/python3.10/site-packages/airflow/example_dags/example_kubernetes_executor.py
[2023-01-03T22:56:36.433+0100] {processor.py:743} INFO - Processing file /home/chrisfleig/.local/lib/python3.10/site-packages/airflow/example_dags/example_kubernetes_executor.py for tasks to queue
[2023-01-03T22:56:36.433+0100] {logging_mixin.py:137} INFO - [2023-01-03T22:56:36.433+0100] {dagbag.py:538} INFO - Filling up the DagBag from /home/chrisfleig/.local/lib/python3.10/site-packages/airflow/example_dags/example_kubernetes_executor.py
[2023-01-03T22:56:36.450+0100] {logging_mixin.py:137} INFO - [2023-01-03T22:56:36.450+0100] {example_kubernetes_executor.py:41} WARNING - The example_kubernetes_executor example DAG requires the kubernetes provider. Please install it with: pip install apache-airflow[cncf.kubernetes]
[2023-01-03T22:56:36.451+0100] {processor.py:755} WARNING - No viable dags retrieved from /home/chrisfleig/.local/lib/python3.10/site-packages/airflow/example_dags/example_kubernetes_executor.py
[2023-01-03T22:56:36.459+0100] {processor.py:175} INFO - Processing /home/chrisfleig/.local/lib/python3.10/site-packages/airflow/example_dags/example_kubernetes_executor.py took 0.030 seconds
