[2023-01-03T22:11:07.855+0100] {processor.py:153} INFO - Started process (PID=8203) to work on /home/chrisfleig/.local/lib/python3.10/site-packages/airflow/example_dags/example_branch_python_dop_operator_3.py
[2023-01-03T22:11:07.856+0100] {processor.py:743} INFO - Processing file /home/chrisfleig/.local/lib/python3.10/site-packages/airflow/example_dags/example_branch_python_dop_operator_3.py for tasks to queue
[2023-01-03T22:11:07.856+0100] {logging_mixin.py:137} INFO - [2023-01-03T22:11:07.856+0100] {dagbag.py:538} INFO - Filling up the DagBag from /home/chrisfleig/.local/lib/python3.10/site-packages/airflow/example_dags/example_branch_python_dop_operator_3.py
[2023-01-03T22:11:07.878+0100] {processor.py:753} INFO - DAG(s) dict_keys(['example_branch_dop_operator_v3']) retrieved from /home/chrisfleig/.local/lib/python3.10/site-packages/airflow/example_dags/example_branch_python_dop_operator_3.py
[2023-01-03T22:11:08.000+0100] {logging_mixin.py:137} INFO - [2023-01-03T22:11:08.000+0100] {manager.py:504} INFO - Created Permission View: can edit on DAG:example_branch_dop_operator_v3
[2023-01-03T22:11:08.027+0100] {logging_mixin.py:137} INFO - [2023-01-03T22:11:08.027+0100] {manager.py:504} INFO - Created Permission View: can delete on DAG:example_branch_dop_operator_v3
[2023-01-03T22:11:08.050+0100] {logging_mixin.py:137} INFO - [2023-01-03T22:11:08.050+0100] {manager.py:504} INFO - Created Permission View: can read on DAG:example_branch_dop_operator_v3
[2023-01-03T22:11:08.051+0100] {logging_mixin.py:137} INFO - [2023-01-03T22:11:08.051+0100] {dag.py:2676} INFO - Sync 1 DAGs
[2023-01-03T22:11:08.061+0100] {logging_mixin.py:137} INFO - [2023-01-03T22:11:08.061+0100] {dag.py:2697} INFO - Creating ORM DAG for example_branch_dop_operator_v3
[2023-01-03T22:11:08.075+0100] {logging_mixin.py:137} INFO - [2023-01-03T22:11:08.075+0100] {dag.py:3423} INFO - Setting next_dagrun for example_branch_dop_operator_v3 to 2023-01-03T21:10:00+00:00, run_after=2023-01-03T21:11:00+00:00
[2023-01-03T22:11:08.117+0100] {processor.py:175} INFO - Processing /home/chrisfleig/.local/lib/python3.10/site-packages/airflow/example_dags/example_branch_python_dop_operator_3.py took 0.264 seconds
[2023-01-03T22:11:48.981+0100] {processor.py:153} INFO - Started process (PID=8241) to work on /home/chrisfleig/.local/lib/python3.10/site-packages/airflow/example_dags/example_branch_python_dop_operator_3.py
[2023-01-03T22:11:48.982+0100] {processor.py:743} INFO - Processing file /home/chrisfleig/.local/lib/python3.10/site-packages/airflow/example_dags/example_branch_python_dop_operator_3.py for tasks to queue
[2023-01-03T22:11:48.983+0100] {logging_mixin.py:137} INFO - [2023-01-03T22:11:48.983+0100] {dagbag.py:538} INFO - Filling up the DagBag from /home/chrisfleig/.local/lib/python3.10/site-packages/airflow/example_dags/example_branch_python_dop_operator_3.py
[2023-01-03T22:11:49.008+0100] {processor.py:753} INFO - DAG(s) dict_keys(['example_branch_dop_operator_v3']) retrieved from /home/chrisfleig/.local/lib/python3.10/site-packages/airflow/example_dags/example_branch_python_dop_operator_3.py
[2023-01-03T22:11:49.029+0100] {logging_mixin.py:137} INFO - [2023-01-03T22:11:49.029+0100] {dag.py:2676} INFO - Sync 1 DAGs
[2023-01-03T22:11:49.050+0100] {logging_mixin.py:137} INFO - [2023-01-03T22:11:49.050+0100] {dag.py:3423} INFO - Setting next_dagrun for example_branch_dop_operator_v3 to 2023-01-03T21:10:00+00:00, run_after=2023-01-03T21:11:00+00:00
[2023-01-03T22:11:49.089+0100] {processor.py:175} INFO - Processing /home/chrisfleig/.local/lib/python3.10/site-packages/airflow/example_dags/example_branch_python_dop_operator_3.py took 0.111 seconds
[2023-01-03T22:12:28.111+0100] {processor.py:153} INFO - Started process (PID=8279) to work on /home/chrisfleig/.local/lib/python3.10/site-packages/airflow/example_dags/example_branch_python_dop_operator_3.py
[2023-01-03T22:12:28.112+0100] {processor.py:743} INFO - Processing file /home/chrisfleig/.local/lib/python3.10/site-packages/airflow/example_dags/example_branch_python_dop_operator_3.py for tasks to queue
[2023-01-03T22:12:28.113+0100] {logging_mixin.py:137} INFO - [2023-01-03T22:12:28.112+0100] {dagbag.py:538} INFO - Filling up the DagBag from /home/chrisfleig/.local/lib/python3.10/site-packages/airflow/example_dags/example_branch_python_dop_operator_3.py
[2023-01-03T22:12:28.135+0100] {processor.py:753} INFO - DAG(s) dict_keys(['example_branch_dop_operator_v3']) retrieved from /home/chrisfleig/.local/lib/python3.10/site-packages/airflow/example_dags/example_branch_python_dop_operator_3.py
[2023-01-03T22:12:28.154+0100] {logging_mixin.py:137} INFO - [2023-01-03T22:12:28.154+0100] {dag.py:2676} INFO - Sync 1 DAGs
[2023-01-03T22:12:28.173+0100] {logging_mixin.py:137} INFO - [2023-01-03T22:12:28.173+0100] {dag.py:3423} INFO - Setting next_dagrun for example_branch_dop_operator_v3 to 2023-01-03T21:11:00+00:00, run_after=2023-01-03T21:12:00+00:00
[2023-01-03T22:12:28.212+0100] {processor.py:175} INFO - Processing /home/chrisfleig/.local/lib/python3.10/site-packages/airflow/example_dags/example_branch_python_dop_operator_3.py took 0.103 seconds
[2023-01-03T22:13:07.057+0100] {processor.py:153} INFO - Started process (PID=8317) to work on /home/chrisfleig/.local/lib/python3.10/site-packages/airflow/example_dags/example_branch_python_dop_operator_3.py
[2023-01-03T22:13:07.058+0100] {processor.py:743} INFO - Processing file /home/chrisfleig/.local/lib/python3.10/site-packages/airflow/example_dags/example_branch_python_dop_operator_3.py for tasks to queue
[2023-01-03T22:13:07.058+0100] {logging_mixin.py:137} INFO - [2023-01-03T22:13:07.058+0100] {dagbag.py:538} INFO - Filling up the DagBag from /home/chrisfleig/.local/lib/python3.10/site-packages/airflow/example_dags/example_branch_python_dop_operator_3.py
[2023-01-03T22:13:07.095+0100] {processor.py:753} INFO - DAG(s) dict_keys(['example_branch_dop_operator_v3']) retrieved from /home/chrisfleig/.local/lib/python3.10/site-packages/airflow/example_dags/example_branch_python_dop_operator_3.py
[2023-01-03T22:13:07.120+0100] {logging_mixin.py:137} INFO - [2023-01-03T22:13:07.120+0100] {dag.py:2676} INFO - Sync 1 DAGs
[2023-01-03T22:13:07.143+0100] {logging_mixin.py:137} INFO - [2023-01-03T22:13:07.142+0100] {dag.py:3423} INFO - Setting next_dagrun for example_branch_dop_operator_v3 to 2023-01-03T21:12:00+00:00, run_after=2023-01-03T21:13:00+00:00
[2023-01-03T22:13:07.188+0100] {processor.py:175} INFO - Processing /home/chrisfleig/.local/lib/python3.10/site-packages/airflow/example_dags/example_branch_python_dop_operator_3.py took 0.134 seconds
[2023-01-03T22:13:46.410+0100] {processor.py:153} INFO - Started process (PID=8355) to work on /home/chrisfleig/.local/lib/python3.10/site-packages/airflow/example_dags/example_branch_python_dop_operator_3.py
[2023-01-03T22:13:46.411+0100] {processor.py:743} INFO - Processing file /home/chrisfleig/.local/lib/python3.10/site-packages/airflow/example_dags/example_branch_python_dop_operator_3.py for tasks to queue
[2023-01-03T22:13:46.412+0100] {logging_mixin.py:137} INFO - [2023-01-03T22:13:46.412+0100] {dagbag.py:538} INFO - Filling up the DagBag from /home/chrisfleig/.local/lib/python3.10/site-packages/airflow/example_dags/example_branch_python_dop_operator_3.py
[2023-01-03T22:13:46.434+0100] {processor.py:753} INFO - DAG(s) dict_keys(['example_branch_dop_operator_v3']) retrieved from /home/chrisfleig/.local/lib/python3.10/site-packages/airflow/example_dags/example_branch_python_dop_operator_3.py
[2023-01-03T22:13:46.454+0100] {logging_mixin.py:137} INFO - [2023-01-03T22:13:46.454+0100] {dag.py:2676} INFO - Sync 1 DAGs
[2023-01-03T22:13:46.477+0100] {logging_mixin.py:137} INFO - [2023-01-03T22:13:46.477+0100] {dag.py:3423} INFO - Setting next_dagrun for example_branch_dop_operator_v3 to 2023-01-03T21:12:00+00:00, run_after=2023-01-03T21:13:00+00:00
[2023-01-03T22:13:46.517+0100] {processor.py:175} INFO - Processing /home/chrisfleig/.local/lib/python3.10/site-packages/airflow/example_dags/example_branch_python_dop_operator_3.py took 0.110 seconds
[2023-01-03T22:14:25.638+0100] {processor.py:153} INFO - Started process (PID=8393) to work on /home/chrisfleig/.local/lib/python3.10/site-packages/airflow/example_dags/example_branch_python_dop_operator_3.py
[2023-01-03T22:14:25.639+0100] {processor.py:743} INFO - Processing file /home/chrisfleig/.local/lib/python3.10/site-packages/airflow/example_dags/example_branch_python_dop_operator_3.py for tasks to queue
[2023-01-03T22:14:25.640+0100] {logging_mixin.py:137} INFO - [2023-01-03T22:14:25.640+0100] {dagbag.py:538} INFO - Filling up the DagBag from /home/chrisfleig/.local/lib/python3.10/site-packages/airflow/example_dags/example_branch_python_dop_operator_3.py
[2023-01-03T22:14:25.662+0100] {processor.py:753} INFO - DAG(s) dict_keys(['example_branch_dop_operator_v3']) retrieved from /home/chrisfleig/.local/lib/python3.10/site-packages/airflow/example_dags/example_branch_python_dop_operator_3.py
[2023-01-03T22:14:25.683+0100] {logging_mixin.py:137} INFO - [2023-01-03T22:14:25.683+0100] {dag.py:2676} INFO - Sync 1 DAGs
[2023-01-03T22:14:25.705+0100] {logging_mixin.py:137} INFO - [2023-01-03T22:14:25.705+0100] {dag.py:3423} INFO - Setting next_dagrun for example_branch_dop_operator_v3 to 2023-01-03T21:13:00+00:00, run_after=2023-01-03T21:14:00+00:00
[2023-01-03T22:14:25.740+0100] {processor.py:175} INFO - Processing /home/chrisfleig/.local/lib/python3.10/site-packages/airflow/example_dags/example_branch_python_dop_operator_3.py took 0.105 seconds
[2023-01-03T22:15:03.459+0100] {processor.py:153} INFO - Started process (PID=8431) to work on /home/chrisfleig/.local/lib/python3.10/site-packages/airflow/example_dags/example_branch_python_dop_operator_3.py
[2023-01-03T22:15:03.461+0100] {processor.py:743} INFO - Processing file /home/chrisfleig/.local/lib/python3.10/site-packages/airflow/example_dags/example_branch_python_dop_operator_3.py for tasks to queue
[2023-01-03T22:15:03.461+0100] {logging_mixin.py:137} INFO - [2023-01-03T22:15:03.461+0100] {dagbag.py:538} INFO - Filling up the DagBag from /home/chrisfleig/.local/lib/python3.10/site-packages/airflow/example_dags/example_branch_python_dop_operator_3.py
[2023-01-03T22:15:03.483+0100] {processor.py:753} INFO - DAG(s) dict_keys(['example_branch_dop_operator_v3']) retrieved from /home/chrisfleig/.local/lib/python3.10/site-packages/airflow/example_dags/example_branch_python_dop_operator_3.py
[2023-01-03T22:15:03.504+0100] {logging_mixin.py:137} INFO - [2023-01-03T22:15:03.504+0100] {dag.py:2676} INFO - Sync 1 DAGs
[2023-01-03T22:15:03.525+0100] {logging_mixin.py:137} INFO - [2023-01-03T22:15:03.525+0100] {dag.py:3423} INFO - Setting next_dagrun for example_branch_dop_operator_v3 to 2023-01-03T21:14:00+00:00, run_after=2023-01-03T21:15:00+00:00
[2023-01-03T22:15:03.567+0100] {processor.py:175} INFO - Processing /home/chrisfleig/.local/lib/python3.10/site-packages/airflow/example_dags/example_branch_python_dop_operator_3.py took 0.110 seconds
[2023-01-03T22:15:42.282+0100] {processor.py:153} INFO - Started process (PID=8470) to work on /home/chrisfleig/.local/lib/python3.10/site-packages/airflow/example_dags/example_branch_python_dop_operator_3.py
[2023-01-03T22:15:42.283+0100] {processor.py:743} INFO - Processing file /home/chrisfleig/.local/lib/python3.10/site-packages/airflow/example_dags/example_branch_python_dop_operator_3.py for tasks to queue
[2023-01-03T22:15:42.284+0100] {logging_mixin.py:137} INFO - [2023-01-03T22:15:42.284+0100] {dagbag.py:538} INFO - Filling up the DagBag from /home/chrisfleig/.local/lib/python3.10/site-packages/airflow/example_dags/example_branch_python_dop_operator_3.py
[2023-01-03T22:15:42.306+0100] {processor.py:753} INFO - DAG(s) dict_keys(['example_branch_dop_operator_v3']) retrieved from /home/chrisfleig/.local/lib/python3.10/site-packages/airflow/example_dags/example_branch_python_dop_operator_3.py
[2023-01-03T22:15:42.327+0100] {logging_mixin.py:137} INFO - [2023-01-03T22:15:42.327+0100] {dag.py:2676} INFO - Sync 1 DAGs
[2023-01-03T22:15:42.348+0100] {logging_mixin.py:137} INFO - [2023-01-03T22:15:42.348+0100] {dag.py:3423} INFO - Setting next_dagrun for example_branch_dop_operator_v3 to 2023-01-03T21:14:00+00:00, run_after=2023-01-03T21:15:00+00:00
[2023-01-03T22:15:42.384+0100] {processor.py:175} INFO - Processing /home/chrisfleig/.local/lib/python3.10/site-packages/airflow/example_dags/example_branch_python_dop_operator_3.py took 0.105 seconds
[2023-01-03T22:31:37.778+0100] {processor.py:153} INFO - Started process (PID=8566) to work on /home/chrisfleig/.local/lib/python3.10/site-packages/airflow/example_dags/example_branch_python_dop_operator_3.py
[2023-01-03T22:31:37.780+0100] {processor.py:743} INFO - Processing file /home/chrisfleig/.local/lib/python3.10/site-packages/airflow/example_dags/example_branch_python_dop_operator_3.py for tasks to queue
[2023-01-03T22:31:37.781+0100] {logging_mixin.py:137} INFO - [2023-01-03T22:31:37.781+0100] {dagbag.py:538} INFO - Filling up the DagBag from /home/chrisfleig/.local/lib/python3.10/site-packages/airflow/example_dags/example_branch_python_dop_operator_3.py
[2023-01-03T22:31:37.815+0100] {processor.py:753} INFO - DAG(s) dict_keys(['example_branch_dop_operator_v3']) retrieved from /home/chrisfleig/.local/lib/python3.10/site-packages/airflow/example_dags/example_branch_python_dop_operator_3.py
[2023-01-03T22:31:37.838+0100] {logging_mixin.py:137} INFO - [2023-01-03T22:31:37.838+0100] {dag.py:2676} INFO - Sync 1 DAGs
[2023-01-03T22:31:37.886+0100] {logging_mixin.py:137} INFO - [2023-01-03T22:31:37.886+0100] {dag.py:3423} INFO - Setting next_dagrun for example_branch_dop_operator_v3 to 2023-01-03T21:30:00+00:00, run_after=2023-01-03T21:31:00+00:00
[2023-01-03T22:31:37.935+0100] {processor.py:175} INFO - Processing /home/chrisfleig/.local/lib/python3.10/site-packages/airflow/example_dags/example_branch_python_dop_operator_3.py took 0.161 seconds
[2023-01-03T22:32:17.809+0100] {processor.py:153} INFO - Started process (PID=8604) to work on /home/chrisfleig/.local/lib/python3.10/site-packages/airflow/example_dags/example_branch_python_dop_operator_3.py
[2023-01-03T22:32:17.811+0100] {processor.py:743} INFO - Processing file /home/chrisfleig/.local/lib/python3.10/site-packages/airflow/example_dags/example_branch_python_dop_operator_3.py for tasks to queue
[2023-01-03T22:32:17.811+0100] {logging_mixin.py:137} INFO - [2023-01-03T22:32:17.811+0100] {dagbag.py:538} INFO - Filling up the DagBag from /home/chrisfleig/.local/lib/python3.10/site-packages/airflow/example_dags/example_branch_python_dop_operator_3.py
[2023-01-03T22:32:17.836+0100] {processor.py:753} INFO - DAG(s) dict_keys(['example_branch_dop_operator_v3']) retrieved from /home/chrisfleig/.local/lib/python3.10/site-packages/airflow/example_dags/example_branch_python_dop_operator_3.py
[2023-01-03T22:32:17.864+0100] {logging_mixin.py:137} INFO - [2023-01-03T22:32:17.864+0100] {dag.py:2676} INFO - Sync 1 DAGs
[2023-01-03T22:32:17.887+0100] {logging_mixin.py:137} INFO - [2023-01-03T22:32:17.887+0100] {dag.py:3423} INFO - Setting next_dagrun for example_branch_dop_operator_v3 to 2023-01-03T21:31:00+00:00, run_after=2023-01-03T21:32:00+00:00
[2023-01-03T22:32:17.925+0100] {processor.py:175} INFO - Processing /home/chrisfleig/.local/lib/python3.10/site-packages/airflow/example_dags/example_branch_python_dop_operator_3.py took 0.119 seconds
[2023-01-03T22:32:56.387+0100] {processor.py:153} INFO - Started process (PID=8642) to work on /home/chrisfleig/.local/lib/python3.10/site-packages/airflow/example_dags/example_branch_python_dop_operator_3.py
[2023-01-03T22:32:56.389+0100] {processor.py:743} INFO - Processing file /home/chrisfleig/.local/lib/python3.10/site-packages/airflow/example_dags/example_branch_python_dop_operator_3.py for tasks to queue
[2023-01-03T22:32:56.391+0100] {logging_mixin.py:137} INFO - [2023-01-03T22:32:56.390+0100] {dagbag.py:538} INFO - Filling up the DagBag from /home/chrisfleig/.local/lib/python3.10/site-packages/airflow/example_dags/example_branch_python_dop_operator_3.py
[2023-01-03T22:32:56.417+0100] {processor.py:753} INFO - DAG(s) dict_keys(['example_branch_dop_operator_v3']) retrieved from /home/chrisfleig/.local/lib/python3.10/site-packages/airflow/example_dags/example_branch_python_dop_operator_3.py
[2023-01-03T22:32:56.439+0100] {logging_mixin.py:137} INFO - [2023-01-03T22:32:56.439+0100] {dag.py:2676} INFO - Sync 1 DAGs
[2023-01-03T22:32:56.460+0100] {logging_mixin.py:137} INFO - [2023-01-03T22:32:56.460+0100] {dag.py:3423} INFO - Setting next_dagrun for example_branch_dop_operator_v3 to 2023-01-03T21:31:00+00:00, run_after=2023-01-03T21:32:00+00:00
[2023-01-03T22:32:56.495+0100] {processor.py:175} INFO - Processing /home/chrisfleig/.local/lib/python3.10/site-packages/airflow/example_dags/example_branch_python_dop_operator_3.py took 0.112 seconds
[2023-01-03T22:33:34.794+0100] {processor.py:153} INFO - Started process (PID=8680) to work on /home/chrisfleig/.local/lib/python3.10/site-packages/airflow/example_dags/example_branch_python_dop_operator_3.py
[2023-01-03T22:33:34.796+0100] {processor.py:743} INFO - Processing file /home/chrisfleig/.local/lib/python3.10/site-packages/airflow/example_dags/example_branch_python_dop_operator_3.py for tasks to queue
[2023-01-03T22:33:34.797+0100] {logging_mixin.py:137} INFO - [2023-01-03T22:33:34.797+0100] {dagbag.py:538} INFO - Filling up the DagBag from /home/chrisfleig/.local/lib/python3.10/site-packages/airflow/example_dags/example_branch_python_dop_operator_3.py
[2023-01-03T22:33:34.828+0100] {processor.py:753} INFO - DAG(s) dict_keys(['example_branch_dop_operator_v3']) retrieved from /home/chrisfleig/.local/lib/python3.10/site-packages/airflow/example_dags/example_branch_python_dop_operator_3.py
[2023-01-03T22:33:34.848+0100] {logging_mixin.py:137} INFO - [2023-01-03T22:33:34.848+0100] {dag.py:2676} INFO - Sync 1 DAGs
[2023-01-03T22:33:34.869+0100] {logging_mixin.py:137} INFO - [2023-01-03T22:33:34.869+0100] {dag.py:3423} INFO - Setting next_dagrun for example_branch_dop_operator_v3 to 2023-01-03T21:32:00+00:00, run_after=2023-01-03T21:33:00+00:00
[2023-01-03T22:33:34.918+0100] {processor.py:175} INFO - Processing /home/chrisfleig/.local/lib/python3.10/site-packages/airflow/example_dags/example_branch_python_dop_operator_3.py took 0.127 seconds
[2023-01-03T22:34:14.865+0100] {processor.py:153} INFO - Started process (PID=8718) to work on /home/chrisfleig/.local/lib/python3.10/site-packages/airflow/example_dags/example_branch_python_dop_operator_3.py
[2023-01-03T22:34:14.866+0100] {processor.py:743} INFO - Processing file /home/chrisfleig/.local/lib/python3.10/site-packages/airflow/example_dags/example_branch_python_dop_operator_3.py for tasks to queue
[2023-01-03T22:34:14.866+0100] {logging_mixin.py:137} INFO - [2023-01-03T22:34:14.866+0100] {dagbag.py:538} INFO - Filling up the DagBag from /home/chrisfleig/.local/lib/python3.10/site-packages/airflow/example_dags/example_branch_python_dop_operator_3.py
[2023-01-03T22:34:14.888+0100] {processor.py:753} INFO - DAG(s) dict_keys(['example_branch_dop_operator_v3']) retrieved from /home/chrisfleig/.local/lib/python3.10/site-packages/airflow/example_dags/example_branch_python_dop_operator_3.py
[2023-01-03T22:34:14.908+0100] {logging_mixin.py:137} INFO - [2023-01-03T22:34:14.907+0100] {dag.py:2676} INFO - Sync 1 DAGs
[2023-01-03T22:34:14.927+0100] {logging_mixin.py:137} INFO - [2023-01-03T22:34:14.927+0100] {dag.py:3423} INFO - Setting next_dagrun for example_branch_dop_operator_v3 to 2023-01-03T21:33:00+00:00, run_after=2023-01-03T21:34:00+00:00
[2023-01-03T22:34:14.970+0100] {processor.py:175} INFO - Processing /home/chrisfleig/.local/lib/python3.10/site-packages/airflow/example_dags/example_branch_python_dop_operator_3.py took 0.108 seconds
[2023-01-03T22:34:55.079+0100] {processor.py:153} INFO - Started process (PID=8756) to work on /home/chrisfleig/.local/lib/python3.10/site-packages/airflow/example_dags/example_branch_python_dop_operator_3.py
[2023-01-03T22:34:55.080+0100] {processor.py:743} INFO - Processing file /home/chrisfleig/.local/lib/python3.10/site-packages/airflow/example_dags/example_branch_python_dop_operator_3.py for tasks to queue
[2023-01-03T22:34:55.080+0100] {logging_mixin.py:137} INFO - [2023-01-03T22:34:55.080+0100] {dagbag.py:538} INFO - Filling up the DagBag from /home/chrisfleig/.local/lib/python3.10/site-packages/airflow/example_dags/example_branch_python_dop_operator_3.py
[2023-01-03T22:34:55.102+0100] {processor.py:753} INFO - DAG(s) dict_keys(['example_branch_dop_operator_v3']) retrieved from /home/chrisfleig/.local/lib/python3.10/site-packages/airflow/example_dags/example_branch_python_dop_operator_3.py
[2023-01-03T22:34:55.122+0100] {logging_mixin.py:137} INFO - [2023-01-03T22:34:55.122+0100] {dag.py:2676} INFO - Sync 1 DAGs
[2023-01-03T22:34:55.144+0100] {logging_mixin.py:137} INFO - [2023-01-03T22:34:55.143+0100] {dag.py:3423} INFO - Setting next_dagrun for example_branch_dop_operator_v3 to 2023-01-03T21:33:00+00:00, run_after=2023-01-03T21:34:00+00:00
[2023-01-03T22:34:55.180+0100] {processor.py:175} INFO - Processing /home/chrisfleig/.local/lib/python3.10/site-packages/airflow/example_dags/example_branch_python_dop_operator_3.py took 0.104 seconds
[2023-01-03T22:35:33.971+0100] {processor.py:153} INFO - Started process (PID=8794) to work on /home/chrisfleig/.local/lib/python3.10/site-packages/airflow/example_dags/example_branch_python_dop_operator_3.py
[2023-01-03T22:35:33.972+0100] {processor.py:743} INFO - Processing file /home/chrisfleig/.local/lib/python3.10/site-packages/airflow/example_dags/example_branch_python_dop_operator_3.py for tasks to queue
[2023-01-03T22:35:33.973+0100] {logging_mixin.py:137} INFO - [2023-01-03T22:35:33.973+0100] {dagbag.py:538} INFO - Filling up the DagBag from /home/chrisfleig/.local/lib/python3.10/site-packages/airflow/example_dags/example_branch_python_dop_operator_3.py
[2023-01-03T22:35:33.994+0100] {processor.py:753} INFO - DAG(s) dict_keys(['example_branch_dop_operator_v3']) retrieved from /home/chrisfleig/.local/lib/python3.10/site-packages/airflow/example_dags/example_branch_python_dop_operator_3.py
[2023-01-03T22:35:34.015+0100] {logging_mixin.py:137} INFO - [2023-01-03T22:35:34.015+0100] {dag.py:2676} INFO - Sync 1 DAGs
[2023-01-03T22:35:34.036+0100] {logging_mixin.py:137} INFO - [2023-01-03T22:35:34.036+0100] {dag.py:3423} INFO - Setting next_dagrun for example_branch_dop_operator_v3 to 2023-01-03T21:34:00+00:00, run_after=2023-01-03T21:35:00+00:00
[2023-01-03T22:35:34.073+0100] {processor.py:175} INFO - Processing /home/chrisfleig/.local/lib/python3.10/site-packages/airflow/example_dags/example_branch_python_dop_operator_3.py took 0.104 seconds
[2023-01-03T22:36:13.426+0100] {processor.py:153} INFO - Started process (PID=8832) to work on /home/chrisfleig/.local/lib/python3.10/site-packages/airflow/example_dags/example_branch_python_dop_operator_3.py
[2023-01-03T22:36:13.427+0100] {processor.py:743} INFO - Processing file /home/chrisfleig/.local/lib/python3.10/site-packages/airflow/example_dags/example_branch_python_dop_operator_3.py for tasks to queue
[2023-01-03T22:36:13.428+0100] {logging_mixin.py:137} INFO - [2023-01-03T22:36:13.428+0100] {dagbag.py:538} INFO - Filling up the DagBag from /home/chrisfleig/.local/lib/python3.10/site-packages/airflow/example_dags/example_branch_python_dop_operator_3.py
[2023-01-03T22:36:13.449+0100] {processor.py:753} INFO - DAG(s) dict_keys(['example_branch_dop_operator_v3']) retrieved from /home/chrisfleig/.local/lib/python3.10/site-packages/airflow/example_dags/example_branch_python_dop_operator_3.py
[2023-01-03T22:36:13.469+0100] {logging_mixin.py:137} INFO - [2023-01-03T22:36:13.468+0100] {dag.py:2676} INFO - Sync 1 DAGs
[2023-01-03T22:36:13.489+0100] {logging_mixin.py:137} INFO - [2023-01-03T22:36:13.489+0100] {dag.py:3423} INFO - Setting next_dagrun for example_branch_dop_operator_v3 to 2023-01-03T21:35:00+00:00, run_after=2023-01-03T21:36:00+00:00
[2023-01-03T22:36:13.526+0100] {processor.py:175} INFO - Processing /home/chrisfleig/.local/lib/python3.10/site-packages/airflow/example_dags/example_branch_python_dop_operator_3.py took 0.102 seconds
[2023-01-03T22:36:50.631+0100] {processor.py:153} INFO - Started process (PID=8870) to work on /home/chrisfleig/.local/lib/python3.10/site-packages/airflow/example_dags/example_branch_python_dop_operator_3.py
[2023-01-03T22:36:50.633+0100] {processor.py:743} INFO - Processing file /home/chrisfleig/.local/lib/python3.10/site-packages/airflow/example_dags/example_branch_python_dop_operator_3.py for tasks to queue
[2023-01-03T22:36:50.634+0100] {logging_mixin.py:137} INFO - [2023-01-03T22:36:50.634+0100] {dagbag.py:538} INFO - Filling up the DagBag from /home/chrisfleig/.local/lib/python3.10/site-packages/airflow/example_dags/example_branch_python_dop_operator_3.py
[2023-01-03T22:36:50.670+0100] {processor.py:753} INFO - DAG(s) dict_keys(['example_branch_dop_operator_v3']) retrieved from /home/chrisfleig/.local/lib/python3.10/site-packages/airflow/example_dags/example_branch_python_dop_operator_3.py
[2023-01-03T22:36:50.707+0100] {logging_mixin.py:137} INFO - [2023-01-03T22:36:50.706+0100] {dag.py:2676} INFO - Sync 1 DAGs
[2023-01-03T22:36:50.748+0100] {logging_mixin.py:137} INFO - [2023-01-03T22:36:50.748+0100] {dag.py:3423} INFO - Setting next_dagrun for example_branch_dop_operator_v3 to 2023-01-03T21:35:00+00:00, run_after=2023-01-03T21:36:00+00:00
[2023-01-03T22:36:50.800+0100] {processor.py:175} INFO - Processing /home/chrisfleig/.local/lib/python3.10/site-packages/airflow/example_dags/example_branch_python_dop_operator_3.py took 0.172 seconds
[2023-01-03T22:37:28.592+0100] {processor.py:153} INFO - Started process (PID=8908) to work on /home/chrisfleig/.local/lib/python3.10/site-packages/airflow/example_dags/example_branch_python_dop_operator_3.py
[2023-01-03T22:37:28.593+0100] {processor.py:743} INFO - Processing file /home/chrisfleig/.local/lib/python3.10/site-packages/airflow/example_dags/example_branch_python_dop_operator_3.py for tasks to queue
[2023-01-03T22:37:28.594+0100] {logging_mixin.py:137} INFO - [2023-01-03T22:37:28.594+0100] {dagbag.py:538} INFO - Filling up the DagBag from /home/chrisfleig/.local/lib/python3.10/site-packages/airflow/example_dags/example_branch_python_dop_operator_3.py
[2023-01-03T22:37:28.626+0100] {processor.py:753} INFO - DAG(s) dict_keys(['example_branch_dop_operator_v3']) retrieved from /home/chrisfleig/.local/lib/python3.10/site-packages/airflow/example_dags/example_branch_python_dop_operator_3.py
[2023-01-03T22:37:28.651+0100] {logging_mixin.py:137} INFO - [2023-01-03T22:37:28.651+0100] {dag.py:2676} INFO - Sync 1 DAGs
[2023-01-03T22:37:28.671+0100] {logging_mixin.py:137} INFO - [2023-01-03T22:37:28.671+0100] {dag.py:3423} INFO - Setting next_dagrun for example_branch_dop_operator_v3 to 2023-01-03T21:36:00+00:00, run_after=2023-01-03T21:37:00+00:00
[2023-01-03T22:37:28.706+0100] {processor.py:175} INFO - Processing /home/chrisfleig/.local/lib/python3.10/site-packages/airflow/example_dags/example_branch_python_dop_operator_3.py took 0.117 seconds
[2023-01-03T22:38:06.999+0100] {processor.py:153} INFO - Started process (PID=8946) to work on /home/chrisfleig/.local/lib/python3.10/site-packages/airflow/example_dags/example_branch_python_dop_operator_3.py
[2023-01-03T22:38:07.000+0100] {processor.py:743} INFO - Processing file /home/chrisfleig/.local/lib/python3.10/site-packages/airflow/example_dags/example_branch_python_dop_operator_3.py for tasks to queue
[2023-01-03T22:38:07.001+0100] {logging_mixin.py:137} INFO - [2023-01-03T22:38:07.001+0100] {dagbag.py:538} INFO - Filling up the DagBag from /home/chrisfleig/.local/lib/python3.10/site-packages/airflow/example_dags/example_branch_python_dop_operator_3.py
[2023-01-03T22:38:07.022+0100] {processor.py:753} INFO - DAG(s) dict_keys(['example_branch_dop_operator_v3']) retrieved from /home/chrisfleig/.local/lib/python3.10/site-packages/airflow/example_dags/example_branch_python_dop_operator_3.py
[2023-01-03T22:38:07.042+0100] {logging_mixin.py:137} INFO - [2023-01-03T22:38:07.042+0100] {dag.py:2676} INFO - Sync 1 DAGs
[2023-01-03T22:38:07.061+0100] {logging_mixin.py:137} INFO - [2023-01-03T22:38:07.061+0100] {dag.py:3423} INFO - Setting next_dagrun for example_branch_dop_operator_v3 to 2023-01-03T21:37:00+00:00, run_after=2023-01-03T21:38:00+00:00
[2023-01-03T22:38:07.097+0100] {processor.py:175} INFO - Processing /home/chrisfleig/.local/lib/python3.10/site-packages/airflow/example_dags/example_branch_python_dop_operator_3.py took 0.101 seconds
[2023-01-03T22:38:45.836+0100] {processor.py:153} INFO - Started process (PID=8984) to work on /home/chrisfleig/.local/lib/python3.10/site-packages/airflow/example_dags/example_branch_python_dop_operator_3.py
[2023-01-03T22:38:45.837+0100] {processor.py:743} INFO - Processing file /home/chrisfleig/.local/lib/python3.10/site-packages/airflow/example_dags/example_branch_python_dop_operator_3.py for tasks to queue
[2023-01-03T22:38:45.837+0100] {logging_mixin.py:137} INFO - [2023-01-03T22:38:45.837+0100] {dagbag.py:538} INFO - Filling up the DagBag from /home/chrisfleig/.local/lib/python3.10/site-packages/airflow/example_dags/example_branch_python_dop_operator_3.py
[2023-01-03T22:38:45.860+0100] {processor.py:753} INFO - DAG(s) dict_keys(['example_branch_dop_operator_v3']) retrieved from /home/chrisfleig/.local/lib/python3.10/site-packages/airflow/example_dags/example_branch_python_dop_operator_3.py
[2023-01-03T22:38:45.880+0100] {logging_mixin.py:137} INFO - [2023-01-03T22:38:45.880+0100] {dag.py:2676} INFO - Sync 1 DAGs
[2023-01-03T22:38:45.900+0100] {logging_mixin.py:137} INFO - [2023-01-03T22:38:45.900+0100] {dag.py:3423} INFO - Setting next_dagrun for example_branch_dop_operator_v3 to 2023-01-03T21:37:00+00:00, run_after=2023-01-03T21:38:00+00:00
[2023-01-03T22:38:45.937+0100] {processor.py:175} INFO - Processing /home/chrisfleig/.local/lib/python3.10/site-packages/airflow/example_dags/example_branch_python_dop_operator_3.py took 0.104 seconds
[2023-01-03T22:39:24.345+0100] {processor.py:153} INFO - Started process (PID=9022) to work on /home/chrisfleig/.local/lib/python3.10/site-packages/airflow/example_dags/example_branch_python_dop_operator_3.py
[2023-01-03T22:39:24.346+0100] {processor.py:743} INFO - Processing file /home/chrisfleig/.local/lib/python3.10/site-packages/airflow/example_dags/example_branch_python_dop_operator_3.py for tasks to queue
[2023-01-03T22:39:24.346+0100] {logging_mixin.py:137} INFO - [2023-01-03T22:39:24.346+0100] {dagbag.py:538} INFO - Filling up the DagBag from /home/chrisfleig/.local/lib/python3.10/site-packages/airflow/example_dags/example_branch_python_dop_operator_3.py
[2023-01-03T22:39:24.372+0100] {processor.py:753} INFO - DAG(s) dict_keys(['example_branch_dop_operator_v3']) retrieved from /home/chrisfleig/.local/lib/python3.10/site-packages/airflow/example_dags/example_branch_python_dop_operator_3.py
[2023-01-03T22:39:24.395+0100] {logging_mixin.py:137} INFO - [2023-01-03T22:39:24.395+0100] {dag.py:2676} INFO - Sync 1 DAGs
[2023-01-03T22:39:24.423+0100] {logging_mixin.py:137} INFO - [2023-01-03T22:39:24.423+0100] {dag.py:3423} INFO - Setting next_dagrun for example_branch_dop_operator_v3 to 2023-01-03T21:38:00+00:00, run_after=2023-01-03T21:39:00+00:00
[2023-01-03T22:39:24.461+0100] {processor.py:175} INFO - Processing /home/chrisfleig/.local/lib/python3.10/site-packages/airflow/example_dags/example_branch_python_dop_operator_3.py took 0.119 seconds
[2023-01-03T22:40:05.201+0100] {processor.py:153} INFO - Started process (PID=9060) to work on /home/chrisfleig/.local/lib/python3.10/site-packages/airflow/example_dags/example_branch_python_dop_operator_3.py
[2023-01-03T22:40:05.202+0100] {processor.py:743} INFO - Processing file /home/chrisfleig/.local/lib/python3.10/site-packages/airflow/example_dags/example_branch_python_dop_operator_3.py for tasks to queue
[2023-01-03T22:40:05.203+0100] {logging_mixin.py:137} INFO - [2023-01-03T22:40:05.202+0100] {dagbag.py:538} INFO - Filling up the DagBag from /home/chrisfleig/.local/lib/python3.10/site-packages/airflow/example_dags/example_branch_python_dop_operator_3.py
[2023-01-03T22:40:05.224+0100] {processor.py:753} INFO - DAG(s) dict_keys(['example_branch_dop_operator_v3']) retrieved from /home/chrisfleig/.local/lib/python3.10/site-packages/airflow/example_dags/example_branch_python_dop_operator_3.py
[2023-01-03T22:40:05.243+0100] {logging_mixin.py:137} INFO - [2023-01-03T22:40:05.243+0100] {dag.py:2676} INFO - Sync 1 DAGs
[2023-01-03T22:40:05.269+0100] {logging_mixin.py:137} INFO - [2023-01-03T22:40:05.269+0100] {dag.py:3423} INFO - Setting next_dagrun for example_branch_dop_operator_v3 to 2023-01-03T21:39:00+00:00, run_after=2023-01-03T21:40:00+00:00
[2023-01-03T22:40:05.312+0100] {processor.py:175} INFO - Processing /home/chrisfleig/.local/lib/python3.10/site-packages/airflow/example_dags/example_branch_python_dop_operator_3.py took 0.113 seconds
[2023-01-03T22:40:43.209+0100] {processor.py:153} INFO - Started process (PID=9098) to work on /home/chrisfleig/.local/lib/python3.10/site-packages/airflow/example_dags/example_branch_python_dop_operator_3.py
[2023-01-03T22:40:43.211+0100] {processor.py:743} INFO - Processing file /home/chrisfleig/.local/lib/python3.10/site-packages/airflow/example_dags/example_branch_python_dop_operator_3.py for tasks to queue
[2023-01-03T22:40:43.212+0100] {logging_mixin.py:137} INFO - [2023-01-03T22:40:43.211+0100] {dagbag.py:538} INFO - Filling up the DagBag from /home/chrisfleig/.local/lib/python3.10/site-packages/airflow/example_dags/example_branch_python_dop_operator_3.py
[2023-01-03T22:40:43.244+0100] {processor.py:753} INFO - DAG(s) dict_keys(['example_branch_dop_operator_v3']) retrieved from /home/chrisfleig/.local/lib/python3.10/site-packages/airflow/example_dags/example_branch_python_dop_operator_3.py
[2023-01-03T22:40:43.282+0100] {logging_mixin.py:137} INFO - [2023-01-03T22:40:43.282+0100] {dag.py:2676} INFO - Sync 1 DAGs
[2023-01-03T22:40:43.321+0100] {logging_mixin.py:137} INFO - [2023-01-03T22:40:43.321+0100] {dag.py:3423} INFO - Setting next_dagrun for example_branch_dop_operator_v3 to 2023-01-03T21:39:00+00:00, run_after=2023-01-03T21:40:00+00:00
[2023-01-03T22:40:43.358+0100] {processor.py:175} INFO - Processing /home/chrisfleig/.local/lib/python3.10/site-packages/airflow/example_dags/example_branch_python_dop_operator_3.py took 0.151 seconds
[2023-01-03T22:41:19.962+0100] {processor.py:153} INFO - Started process (PID=9136) to work on /home/chrisfleig/.local/lib/python3.10/site-packages/airflow/example_dags/example_branch_python_dop_operator_3.py
[2023-01-03T22:41:19.963+0100] {processor.py:743} INFO - Processing file /home/chrisfleig/.local/lib/python3.10/site-packages/airflow/example_dags/example_branch_python_dop_operator_3.py for tasks to queue
[2023-01-03T22:41:19.964+0100] {logging_mixin.py:137} INFO - [2023-01-03T22:41:19.963+0100] {dagbag.py:538} INFO - Filling up the DagBag from /home/chrisfleig/.local/lib/python3.10/site-packages/airflow/example_dags/example_branch_python_dop_operator_3.py
[2023-01-03T22:41:19.985+0100] {processor.py:753} INFO - DAG(s) dict_keys(['example_branch_dop_operator_v3']) retrieved from /home/chrisfleig/.local/lib/python3.10/site-packages/airflow/example_dags/example_branch_python_dop_operator_3.py
[2023-01-03T22:41:20.005+0100] {logging_mixin.py:137} INFO - [2023-01-03T22:41:20.005+0100] {dag.py:2676} INFO - Sync 1 DAGs
[2023-01-03T22:41:20.024+0100] {logging_mixin.py:137} INFO - [2023-01-03T22:41:20.024+0100] {dag.py:3423} INFO - Setting next_dagrun for example_branch_dop_operator_v3 to 2023-01-03T21:40:00+00:00, run_after=2023-01-03T21:41:00+00:00
[2023-01-03T22:41:20.059+0100] {processor.py:175} INFO - Processing /home/chrisfleig/.local/lib/python3.10/site-packages/airflow/example_dags/example_branch_python_dop_operator_3.py took 0.100 seconds
[2023-01-03T22:41:58.723+0100] {processor.py:153} INFO - Started process (PID=9176) to work on /home/chrisfleig/.local/lib/python3.10/site-packages/airflow/example_dags/example_branch_python_dop_operator_3.py
[2023-01-03T22:41:58.724+0100] {processor.py:743} INFO - Processing file /home/chrisfleig/.local/lib/python3.10/site-packages/airflow/example_dags/example_branch_python_dop_operator_3.py for tasks to queue
[2023-01-03T22:41:58.725+0100] {logging_mixin.py:137} INFO - [2023-01-03T22:41:58.725+0100] {dagbag.py:538} INFO - Filling up the DagBag from /home/chrisfleig/.local/lib/python3.10/site-packages/airflow/example_dags/example_branch_python_dop_operator_3.py
[2023-01-03T22:41:58.746+0100] {processor.py:753} INFO - DAG(s) dict_keys(['example_branch_dop_operator_v3']) retrieved from /home/chrisfleig/.local/lib/python3.10/site-packages/airflow/example_dags/example_branch_python_dop_operator_3.py
[2023-01-03T22:41:58.766+0100] {logging_mixin.py:137} INFO - [2023-01-03T22:41:58.766+0100] {dag.py:2676} INFO - Sync 1 DAGs
[2023-01-03T22:41:58.785+0100] {logging_mixin.py:137} INFO - [2023-01-03T22:41:58.785+0100] {dag.py:3423} INFO - Setting next_dagrun for example_branch_dop_operator_v3 to 2023-01-03T21:40:00+00:00, run_after=2023-01-03T21:41:00+00:00
[2023-01-03T22:41:58.819+0100] {processor.py:175} INFO - Processing /home/chrisfleig/.local/lib/python3.10/site-packages/airflow/example_dags/example_branch_python_dop_operator_3.py took 0.098 seconds
[2023-01-03T22:42:38.045+0100] {processor.py:153} INFO - Started process (PID=9216) to work on /home/chrisfleig/.local/lib/python3.10/site-packages/airflow/example_dags/example_branch_python_dop_operator_3.py
[2023-01-03T22:42:38.046+0100] {processor.py:743} INFO - Processing file /home/chrisfleig/.local/lib/python3.10/site-packages/airflow/example_dags/example_branch_python_dop_operator_3.py for tasks to queue
[2023-01-03T22:42:38.047+0100] {logging_mixin.py:137} INFO - [2023-01-03T22:42:38.047+0100] {dagbag.py:538} INFO - Filling up the DagBag from /home/chrisfleig/.local/lib/python3.10/site-packages/airflow/example_dags/example_branch_python_dop_operator_3.py
[2023-01-03T22:42:38.068+0100] {processor.py:753} INFO - DAG(s) dict_keys(['example_branch_dop_operator_v3']) retrieved from /home/chrisfleig/.local/lib/python3.10/site-packages/airflow/example_dags/example_branch_python_dop_operator_3.py
[2023-01-03T22:42:38.087+0100] {logging_mixin.py:137} INFO - [2023-01-03T22:42:38.087+0100] {dag.py:2676} INFO - Sync 1 DAGs
[2023-01-03T22:42:38.107+0100] {logging_mixin.py:137} INFO - [2023-01-03T22:42:38.107+0100] {dag.py:3423} INFO - Setting next_dagrun for example_branch_dop_operator_v3 to 2023-01-03T21:41:00+00:00, run_after=2023-01-03T21:42:00+00:00
[2023-01-03T22:42:38.145+0100] {processor.py:175} INFO - Processing /home/chrisfleig/.local/lib/python3.10/site-packages/airflow/example_dags/example_branch_python_dop_operator_3.py took 0.102 seconds
[2023-01-03T22:43:17.815+0100] {processor.py:153} INFO - Started process (PID=9254) to work on /home/chrisfleig/.local/lib/python3.10/site-packages/airflow/example_dags/example_branch_python_dop_operator_3.py
[2023-01-03T22:43:17.816+0100] {processor.py:743} INFO - Processing file /home/chrisfleig/.local/lib/python3.10/site-packages/airflow/example_dags/example_branch_python_dop_operator_3.py for tasks to queue
[2023-01-03T22:43:17.816+0100] {logging_mixin.py:137} INFO - [2023-01-03T22:43:17.816+0100] {dagbag.py:538} INFO - Filling up the DagBag from /home/chrisfleig/.local/lib/python3.10/site-packages/airflow/example_dags/example_branch_python_dop_operator_3.py
[2023-01-03T22:43:17.842+0100] {processor.py:753} INFO - DAG(s) dict_keys(['example_branch_dop_operator_v3']) retrieved from /home/chrisfleig/.local/lib/python3.10/site-packages/airflow/example_dags/example_branch_python_dop_operator_3.py
[2023-01-03T22:43:17.864+0100] {logging_mixin.py:137} INFO - [2023-01-03T22:43:17.864+0100] {dag.py:2676} INFO - Sync 1 DAGs
[2023-01-03T22:43:17.886+0100] {logging_mixin.py:137} INFO - [2023-01-03T22:43:17.886+0100] {dag.py:3423} INFO - Setting next_dagrun for example_branch_dop_operator_v3 to 2023-01-03T21:42:00+00:00, run_after=2023-01-03T21:43:00+00:00
[2023-01-03T22:43:17.924+0100] {processor.py:175} INFO - Processing /home/chrisfleig/.local/lib/python3.10/site-packages/airflow/example_dags/example_branch_python_dop_operator_3.py took 0.112 seconds
[2023-01-03T22:43:56.270+0100] {processor.py:153} INFO - Started process (PID=9292) to work on /home/chrisfleig/.local/lib/python3.10/site-packages/airflow/example_dags/example_branch_python_dop_operator_3.py
[2023-01-03T22:43:56.271+0100] {processor.py:743} INFO - Processing file /home/chrisfleig/.local/lib/python3.10/site-packages/airflow/example_dags/example_branch_python_dop_operator_3.py for tasks to queue
[2023-01-03T22:43:56.272+0100] {logging_mixin.py:137} INFO - [2023-01-03T22:43:56.271+0100] {dagbag.py:538} INFO - Filling up the DagBag from /home/chrisfleig/.local/lib/python3.10/site-packages/airflow/example_dags/example_branch_python_dop_operator_3.py
[2023-01-03T22:43:56.292+0100] {processor.py:753} INFO - DAG(s) dict_keys(['example_branch_dop_operator_v3']) retrieved from /home/chrisfleig/.local/lib/python3.10/site-packages/airflow/example_dags/example_branch_python_dop_operator_3.py
[2023-01-03T22:43:56.325+0100] {logging_mixin.py:137} INFO - [2023-01-03T22:43:56.325+0100] {dag.py:2676} INFO - Sync 1 DAGs
[2023-01-03T22:43:56.345+0100] {logging_mixin.py:137} INFO - [2023-01-03T22:43:56.345+0100] {dag.py:3423} INFO - Setting next_dagrun for example_branch_dop_operator_v3 to 2023-01-03T21:42:00+00:00, run_after=2023-01-03T21:43:00+00:00
[2023-01-03T22:43:56.381+0100] {processor.py:175} INFO - Processing /home/chrisfleig/.local/lib/python3.10/site-packages/airflow/example_dags/example_branch_python_dop_operator_3.py took 0.115 seconds
[2023-01-03T22:44:35.152+0100] {processor.py:153} INFO - Started process (PID=9330) to work on /home/chrisfleig/.local/lib/python3.10/site-packages/airflow/example_dags/example_branch_python_dop_operator_3.py
[2023-01-03T22:44:35.153+0100] {processor.py:743} INFO - Processing file /home/chrisfleig/.local/lib/python3.10/site-packages/airflow/example_dags/example_branch_python_dop_operator_3.py for tasks to queue
[2023-01-03T22:44:35.154+0100] {logging_mixin.py:137} INFO - [2023-01-03T22:44:35.153+0100] {dagbag.py:538} INFO - Filling up the DagBag from /home/chrisfleig/.local/lib/python3.10/site-packages/airflow/example_dags/example_branch_python_dop_operator_3.py
[2023-01-03T22:44:35.175+0100] {processor.py:753} INFO - DAG(s) dict_keys(['example_branch_dop_operator_v3']) retrieved from /home/chrisfleig/.local/lib/python3.10/site-packages/airflow/example_dags/example_branch_python_dop_operator_3.py
[2023-01-03T22:44:35.200+0100] {logging_mixin.py:137} INFO - [2023-01-03T22:44:35.200+0100] {dag.py:2676} INFO - Sync 1 DAGs
[2023-01-03T22:44:35.222+0100] {logging_mixin.py:137} INFO - [2023-01-03T22:44:35.222+0100] {dag.py:3423} INFO - Setting next_dagrun for example_branch_dop_operator_v3 to 2023-01-03T21:43:00+00:00, run_after=2023-01-03T21:44:00+00:00
[2023-01-03T22:44:35.257+0100] {processor.py:175} INFO - Processing /home/chrisfleig/.local/lib/python3.10/site-packages/airflow/example_dags/example_branch_python_dop_operator_3.py took 0.107 seconds
[2023-01-03T22:45:14.555+0100] {processor.py:153} INFO - Started process (PID=9368) to work on /home/chrisfleig/.local/lib/python3.10/site-packages/airflow/example_dags/example_branch_python_dop_operator_3.py
[2023-01-03T22:45:14.556+0100] {processor.py:743} INFO - Processing file /home/chrisfleig/.local/lib/python3.10/site-packages/airflow/example_dags/example_branch_python_dop_operator_3.py for tasks to queue
[2023-01-03T22:45:14.556+0100] {logging_mixin.py:137} INFO - [2023-01-03T22:45:14.556+0100] {dagbag.py:538} INFO - Filling up the DagBag from /home/chrisfleig/.local/lib/python3.10/site-packages/airflow/example_dags/example_branch_python_dop_operator_3.py
[2023-01-03T22:45:14.577+0100] {processor.py:753} INFO - DAG(s) dict_keys(['example_branch_dop_operator_v3']) retrieved from /home/chrisfleig/.local/lib/python3.10/site-packages/airflow/example_dags/example_branch_python_dop_operator_3.py
[2023-01-03T22:45:14.597+0100] {logging_mixin.py:137} INFO - [2023-01-03T22:45:14.596+0100] {dag.py:2676} INFO - Sync 1 DAGs
[2023-01-03T22:45:14.617+0100] {logging_mixin.py:137} INFO - [2023-01-03T22:45:14.617+0100] {dag.py:3423} INFO - Setting next_dagrun for example_branch_dop_operator_v3 to 2023-01-03T21:44:00+00:00, run_after=2023-01-03T21:45:00+00:00
[2023-01-03T22:45:14.656+0100] {processor.py:175} INFO - Processing /home/chrisfleig/.local/lib/python3.10/site-packages/airflow/example_dags/example_branch_python_dop_operator_3.py took 0.104 seconds
[2023-01-03T22:45:53.515+0100] {processor.py:153} INFO - Started process (PID=9406) to work on /home/chrisfleig/.local/lib/python3.10/site-packages/airflow/example_dags/example_branch_python_dop_operator_3.py
[2023-01-03T22:45:53.516+0100] {processor.py:743} INFO - Processing file /home/chrisfleig/.local/lib/python3.10/site-packages/airflow/example_dags/example_branch_python_dop_operator_3.py for tasks to queue
[2023-01-03T22:45:53.517+0100] {logging_mixin.py:137} INFO - [2023-01-03T22:45:53.517+0100] {dagbag.py:538} INFO - Filling up the DagBag from /home/chrisfleig/.local/lib/python3.10/site-packages/airflow/example_dags/example_branch_python_dop_operator_3.py
[2023-01-03T22:45:53.538+0100] {processor.py:753} INFO - DAG(s) dict_keys(['example_branch_dop_operator_v3']) retrieved from /home/chrisfleig/.local/lib/python3.10/site-packages/airflow/example_dags/example_branch_python_dop_operator_3.py
[2023-01-03T22:45:53.561+0100] {logging_mixin.py:137} INFO - [2023-01-03T22:45:53.561+0100] {dag.py:2676} INFO - Sync 1 DAGs
[2023-01-03T22:45:53.586+0100] {logging_mixin.py:137} INFO - [2023-01-03T22:45:53.586+0100] {dag.py:3423} INFO - Setting next_dagrun for example_branch_dop_operator_v3 to 2023-01-03T21:44:00+00:00, run_after=2023-01-03T21:45:00+00:00
[2023-01-03T22:45:53.625+0100] {processor.py:175} INFO - Processing /home/chrisfleig/.local/lib/python3.10/site-packages/airflow/example_dags/example_branch_python_dop_operator_3.py took 0.112 seconds
[2023-01-03T22:46:29.397+0100] {processor.py:153} INFO - Started process (PID=9444) to work on /home/chrisfleig/.local/lib/python3.10/site-packages/airflow/example_dags/example_branch_python_dop_operator_3.py
[2023-01-03T22:46:29.398+0100] {processor.py:743} INFO - Processing file /home/chrisfleig/.local/lib/python3.10/site-packages/airflow/example_dags/example_branch_python_dop_operator_3.py for tasks to queue
[2023-01-03T22:46:29.398+0100] {logging_mixin.py:137} INFO - [2023-01-03T22:46:29.398+0100] {dagbag.py:538} INFO - Filling up the DagBag from /home/chrisfleig/.local/lib/python3.10/site-packages/airflow/example_dags/example_branch_python_dop_operator_3.py
[2023-01-03T22:46:29.420+0100] {processor.py:753} INFO - DAG(s) dict_keys(['example_branch_dop_operator_v3']) retrieved from /home/chrisfleig/.local/lib/python3.10/site-packages/airflow/example_dags/example_branch_python_dop_operator_3.py
[2023-01-03T22:46:29.440+0100] {logging_mixin.py:137} INFO - [2023-01-03T22:46:29.440+0100] {dag.py:2676} INFO - Sync 1 DAGs
[2023-01-03T22:46:29.459+0100] {logging_mixin.py:137} INFO - [2023-01-03T22:46:29.459+0100] {dag.py:3423} INFO - Setting next_dagrun for example_branch_dop_operator_v3 to 2023-01-03T21:45:00+00:00, run_after=2023-01-03T21:46:00+00:00
[2023-01-03T22:46:29.495+0100] {processor.py:175} INFO - Processing /home/chrisfleig/.local/lib/python3.10/site-packages/airflow/example_dags/example_branch_python_dop_operator_3.py took 0.101 seconds
[2023-01-03T22:47:08.414+0100] {processor.py:153} INFO - Started process (PID=9482) to work on /home/chrisfleig/.local/lib/python3.10/site-packages/airflow/example_dags/example_branch_python_dop_operator_3.py
[2023-01-03T22:47:08.415+0100] {processor.py:743} INFO - Processing file /home/chrisfleig/.local/lib/python3.10/site-packages/airflow/example_dags/example_branch_python_dop_operator_3.py for tasks to queue
[2023-01-03T22:47:08.415+0100] {logging_mixin.py:137} INFO - [2023-01-03T22:47:08.415+0100] {dagbag.py:538} INFO - Filling up the DagBag from /home/chrisfleig/.local/lib/python3.10/site-packages/airflow/example_dags/example_branch_python_dop_operator_3.py
[2023-01-03T22:47:08.440+0100] {processor.py:753} INFO - DAG(s) dict_keys(['example_branch_dop_operator_v3']) retrieved from /home/chrisfleig/.local/lib/python3.10/site-packages/airflow/example_dags/example_branch_python_dop_operator_3.py
[2023-01-03T22:47:08.463+0100] {logging_mixin.py:137} INFO - [2023-01-03T22:47:08.463+0100] {dag.py:2676} INFO - Sync 1 DAGs
[2023-01-03T22:47:08.485+0100] {logging_mixin.py:137} INFO - [2023-01-03T22:47:08.485+0100] {dag.py:3423} INFO - Setting next_dagrun for example_branch_dop_operator_v3 to 2023-01-03T21:46:00+00:00, run_after=2023-01-03T21:47:00+00:00
[2023-01-03T22:47:08.523+0100] {processor.py:175} INFO - Processing /home/chrisfleig/.local/lib/python3.10/site-packages/airflow/example_dags/example_branch_python_dop_operator_3.py took 0.112 seconds
[2023-01-03T22:47:47.291+0100] {processor.py:153} INFO - Started process (PID=9520) to work on /home/chrisfleig/.local/lib/python3.10/site-packages/airflow/example_dags/example_branch_python_dop_operator_3.py
[2023-01-03T22:47:47.292+0100] {processor.py:743} INFO - Processing file /home/chrisfleig/.local/lib/python3.10/site-packages/airflow/example_dags/example_branch_python_dop_operator_3.py for tasks to queue
[2023-01-03T22:47:47.292+0100] {logging_mixin.py:137} INFO - [2023-01-03T22:47:47.292+0100] {dagbag.py:538} INFO - Filling up the DagBag from /home/chrisfleig/.local/lib/python3.10/site-packages/airflow/example_dags/example_branch_python_dop_operator_3.py
[2023-01-03T22:47:47.313+0100] {processor.py:753} INFO - DAG(s) dict_keys(['example_branch_dop_operator_v3']) retrieved from /home/chrisfleig/.local/lib/python3.10/site-packages/airflow/example_dags/example_branch_python_dop_operator_3.py
[2023-01-03T22:47:47.335+0100] {logging_mixin.py:137} INFO - [2023-01-03T22:47:47.335+0100] {dag.py:2676} INFO - Sync 1 DAGs
[2023-01-03T22:47:47.362+0100] {logging_mixin.py:137} INFO - [2023-01-03T22:47:47.362+0100] {dag.py:3423} INFO - Setting next_dagrun for example_branch_dop_operator_v3 to 2023-01-03T21:46:00+00:00, run_after=2023-01-03T21:47:00+00:00
[2023-01-03T22:47:47.409+0100] {processor.py:175} INFO - Processing /home/chrisfleig/.local/lib/python3.10/site-packages/airflow/example_dags/example_branch_python_dop_operator_3.py took 0.121 seconds
[2023-01-03T22:48:26.953+0100] {processor.py:153} INFO - Started process (PID=9558) to work on /home/chrisfleig/.local/lib/python3.10/site-packages/airflow/example_dags/example_branch_python_dop_operator_3.py
[2023-01-03T22:48:26.954+0100] {processor.py:743} INFO - Processing file /home/chrisfleig/.local/lib/python3.10/site-packages/airflow/example_dags/example_branch_python_dop_operator_3.py for tasks to queue
[2023-01-03T22:48:26.954+0100] {logging_mixin.py:137} INFO - [2023-01-03T22:48:26.954+0100] {dagbag.py:538} INFO - Filling up the DagBag from /home/chrisfleig/.local/lib/python3.10/site-packages/airflow/example_dags/example_branch_python_dop_operator_3.py
[2023-01-03T22:48:26.977+0100] {processor.py:753} INFO - DAG(s) dict_keys(['example_branch_dop_operator_v3']) retrieved from /home/chrisfleig/.local/lib/python3.10/site-packages/airflow/example_dags/example_branch_python_dop_operator_3.py
[2023-01-03T22:48:26.997+0100] {logging_mixin.py:137} INFO - [2023-01-03T22:48:26.997+0100] {dag.py:2676} INFO - Sync 1 DAGs
[2023-01-03T22:48:27.018+0100] {logging_mixin.py:137} INFO - [2023-01-03T22:48:27.018+0100] {dag.py:3423} INFO - Setting next_dagrun for example_branch_dop_operator_v3 to 2023-01-03T21:47:00+00:00, run_after=2023-01-03T21:48:00+00:00
[2023-01-03T22:48:27.054+0100] {processor.py:175} INFO - Processing /home/chrisfleig/.local/lib/python3.10/site-packages/airflow/example_dags/example_branch_python_dop_operator_3.py took 0.105 seconds
[2023-01-03T22:49:07.740+0100] {processor.py:153} INFO - Started process (PID=9596) to work on /home/chrisfleig/.local/lib/python3.10/site-packages/airflow/example_dags/example_branch_python_dop_operator_3.py
[2023-01-03T22:49:07.741+0100] {processor.py:743} INFO - Processing file /home/chrisfleig/.local/lib/python3.10/site-packages/airflow/example_dags/example_branch_python_dop_operator_3.py for tasks to queue
[2023-01-03T22:49:07.741+0100] {logging_mixin.py:137} INFO - [2023-01-03T22:49:07.741+0100] {dagbag.py:538} INFO - Filling up the DagBag from /home/chrisfleig/.local/lib/python3.10/site-packages/airflow/example_dags/example_branch_python_dop_operator_3.py
[2023-01-03T22:49:07.763+0100] {processor.py:753} INFO - DAG(s) dict_keys(['example_branch_dop_operator_v3']) retrieved from /home/chrisfleig/.local/lib/python3.10/site-packages/airflow/example_dags/example_branch_python_dop_operator_3.py
[2023-01-03T22:49:07.783+0100] {logging_mixin.py:137} INFO - [2023-01-03T22:49:07.783+0100] {dag.py:2676} INFO - Sync 1 DAGs
[2023-01-03T22:49:07.805+0100] {logging_mixin.py:137} INFO - [2023-01-03T22:49:07.805+0100] {dag.py:3423} INFO - Setting next_dagrun for example_branch_dop_operator_v3 to 2023-01-03T21:48:00+00:00, run_after=2023-01-03T21:49:00+00:00
[2023-01-03T22:49:07.839+0100] {processor.py:175} INFO - Processing /home/chrisfleig/.local/lib/python3.10/site-packages/airflow/example_dags/example_branch_python_dop_operator_3.py took 0.102 seconds
[2023-01-03T22:49:48.727+0100] {processor.py:153} INFO - Started process (PID=9634) to work on /home/chrisfleig/.local/lib/python3.10/site-packages/airflow/example_dags/example_branch_python_dop_operator_3.py
[2023-01-03T22:49:48.728+0100] {processor.py:743} INFO - Processing file /home/chrisfleig/.local/lib/python3.10/site-packages/airflow/example_dags/example_branch_python_dop_operator_3.py for tasks to queue
[2023-01-03T22:49:48.729+0100] {logging_mixin.py:137} INFO - [2023-01-03T22:49:48.729+0100] {dagbag.py:538} INFO - Filling up the DagBag from /home/chrisfleig/.local/lib/python3.10/site-packages/airflow/example_dags/example_branch_python_dop_operator_3.py
[2023-01-03T22:49:48.750+0100] {processor.py:753} INFO - DAG(s) dict_keys(['example_branch_dop_operator_v3']) retrieved from /home/chrisfleig/.local/lib/python3.10/site-packages/airflow/example_dags/example_branch_python_dop_operator_3.py
[2023-01-03T22:49:48.769+0100] {logging_mixin.py:137} INFO - [2023-01-03T22:49:48.768+0100] {dag.py:2676} INFO - Sync 1 DAGs
[2023-01-03T22:49:48.789+0100] {logging_mixin.py:137} INFO - [2023-01-03T22:49:48.789+0100] {dag.py:3423} INFO - Setting next_dagrun for example_branch_dop_operator_v3 to 2023-01-03T21:48:00+00:00, run_after=2023-01-03T21:49:00+00:00
[2023-01-03T22:49:48.823+0100] {processor.py:175} INFO - Processing /home/chrisfleig/.local/lib/python3.10/site-packages/airflow/example_dags/example_branch_python_dop_operator_3.py took 0.098 seconds
[2023-01-03T22:50:26.100+0100] {processor.py:153} INFO - Started process (PID=9672) to work on /home/chrisfleig/.local/lib/python3.10/site-packages/airflow/example_dags/example_branch_python_dop_operator_3.py
[2023-01-03T22:50:26.101+0100] {processor.py:743} INFO - Processing file /home/chrisfleig/.local/lib/python3.10/site-packages/airflow/example_dags/example_branch_python_dop_operator_3.py for tasks to queue
[2023-01-03T22:50:26.102+0100] {logging_mixin.py:137} INFO - [2023-01-03T22:50:26.102+0100] {dagbag.py:538} INFO - Filling up the DagBag from /home/chrisfleig/.local/lib/python3.10/site-packages/airflow/example_dags/example_branch_python_dop_operator_3.py
[2023-01-03T22:50:26.123+0100] {processor.py:753} INFO - DAG(s) dict_keys(['example_branch_dop_operator_v3']) retrieved from /home/chrisfleig/.local/lib/python3.10/site-packages/airflow/example_dags/example_branch_python_dop_operator_3.py
[2023-01-03T22:50:26.143+0100] {logging_mixin.py:137} INFO - [2023-01-03T22:50:26.143+0100] {dag.py:2676} INFO - Sync 1 DAGs
[2023-01-03T22:50:26.163+0100] {logging_mixin.py:137} INFO - [2023-01-03T22:50:26.163+0100] {dag.py:3423} INFO - Setting next_dagrun for example_branch_dop_operator_v3 to 2023-01-03T21:49:00+00:00, run_after=2023-01-03T21:50:00+00:00
[2023-01-03T22:50:26.201+0100] {processor.py:175} INFO - Processing /home/chrisfleig/.local/lib/python3.10/site-packages/airflow/example_dags/example_branch_python_dop_operator_3.py took 0.103 seconds
[2023-01-03T22:51:07.368+0100] {processor.py:153} INFO - Started process (PID=9710) to work on /home/chrisfleig/.local/lib/python3.10/site-packages/airflow/example_dags/example_branch_python_dop_operator_3.py
[2023-01-03T22:51:07.369+0100] {processor.py:743} INFO - Processing file /home/chrisfleig/.local/lib/python3.10/site-packages/airflow/example_dags/example_branch_python_dop_operator_3.py for tasks to queue
[2023-01-03T22:51:07.369+0100] {logging_mixin.py:137} INFO - [2023-01-03T22:51:07.369+0100] {dagbag.py:538} INFO - Filling up the DagBag from /home/chrisfleig/.local/lib/python3.10/site-packages/airflow/example_dags/example_branch_python_dop_operator_3.py
[2023-01-03T22:51:07.390+0100] {processor.py:753} INFO - DAG(s) dict_keys(['example_branch_dop_operator_v3']) retrieved from /home/chrisfleig/.local/lib/python3.10/site-packages/airflow/example_dags/example_branch_python_dop_operator_3.py
[2023-01-03T22:51:07.410+0100] {logging_mixin.py:137} INFO - [2023-01-03T22:51:07.410+0100] {dag.py:2676} INFO - Sync 1 DAGs
[2023-01-03T22:51:07.430+0100] {logging_mixin.py:137} INFO - [2023-01-03T22:51:07.430+0100] {dag.py:3423} INFO - Setting next_dagrun for example_branch_dop_operator_v3 to 2023-01-03T21:50:00+00:00, run_after=2023-01-03T21:51:00+00:00
[2023-01-03T22:51:07.468+0100] {processor.py:175} INFO - Processing /home/chrisfleig/.local/lib/python3.10/site-packages/airflow/example_dags/example_branch_python_dop_operator_3.py took 0.103 seconds
[2023-01-03T22:51:44.280+0100] {processor.py:153} INFO - Started process (PID=9748) to work on /home/chrisfleig/.local/lib/python3.10/site-packages/airflow/example_dags/example_branch_python_dop_operator_3.py
[2023-01-03T22:51:44.281+0100] {processor.py:743} INFO - Processing file /home/chrisfleig/.local/lib/python3.10/site-packages/airflow/example_dags/example_branch_python_dop_operator_3.py for tasks to queue
[2023-01-03T22:51:44.281+0100] {logging_mixin.py:137} INFO - [2023-01-03T22:51:44.281+0100] {dagbag.py:538} INFO - Filling up the DagBag from /home/chrisfleig/.local/lib/python3.10/site-packages/airflow/example_dags/example_branch_python_dop_operator_3.py
[2023-01-03T22:51:44.303+0100] {processor.py:753} INFO - DAG(s) dict_keys(['example_branch_dop_operator_v3']) retrieved from /home/chrisfleig/.local/lib/python3.10/site-packages/airflow/example_dags/example_branch_python_dop_operator_3.py
[2023-01-03T22:51:44.323+0100] {logging_mixin.py:137} INFO - [2023-01-03T22:51:44.323+0100] {dag.py:2676} INFO - Sync 1 DAGs
[2023-01-03T22:51:44.342+0100] {logging_mixin.py:137} INFO - [2023-01-03T22:51:44.342+0100] {dag.py:3423} INFO - Setting next_dagrun for example_branch_dop_operator_v3 to 2023-01-03T21:50:00+00:00, run_after=2023-01-03T21:51:00+00:00
[2023-01-03T22:51:44.377+0100] {processor.py:175} INFO - Processing /home/chrisfleig/.local/lib/python3.10/site-packages/airflow/example_dags/example_branch_python_dop_operator_3.py took 0.099 seconds
[2023-01-03T22:52:26.982+0100] {processor.py:153} INFO - Started process (PID=9786) to work on /home/chrisfleig/.local/lib/python3.10/site-packages/airflow/example_dags/example_branch_python_dop_operator_3.py
[2023-01-03T22:52:26.983+0100] {processor.py:743} INFO - Processing file /home/chrisfleig/.local/lib/python3.10/site-packages/airflow/example_dags/example_branch_python_dop_operator_3.py for tasks to queue
[2023-01-03T22:52:26.983+0100] {logging_mixin.py:137} INFO - [2023-01-03T22:52:26.983+0100] {dagbag.py:538} INFO - Filling up the DagBag from /home/chrisfleig/.local/lib/python3.10/site-packages/airflow/example_dags/example_branch_python_dop_operator_3.py
[2023-01-03T22:52:27.007+0100] {processor.py:753} INFO - DAG(s) dict_keys(['example_branch_dop_operator_v3']) retrieved from /home/chrisfleig/.local/lib/python3.10/site-packages/airflow/example_dags/example_branch_python_dop_operator_3.py
[2023-01-03T22:52:27.029+0100] {logging_mixin.py:137} INFO - [2023-01-03T22:52:27.028+0100] {dag.py:2676} INFO - Sync 1 DAGs
[2023-01-03T22:52:27.049+0100] {logging_mixin.py:137} INFO - [2023-01-03T22:52:27.049+0100] {dag.py:3423} INFO - Setting next_dagrun for example_branch_dop_operator_v3 to 2023-01-03T21:51:00+00:00, run_after=2023-01-03T21:52:00+00:00
[2023-01-03T22:52:27.088+0100] {processor.py:175} INFO - Processing /home/chrisfleig/.local/lib/python3.10/site-packages/airflow/example_dags/example_branch_python_dop_operator_3.py took 0.108 seconds
[2023-01-03T22:53:05.899+0100] {processor.py:153} INFO - Started process (PID=9824) to work on /home/chrisfleig/.local/lib/python3.10/site-packages/airflow/example_dags/example_branch_python_dop_operator_3.py
[2023-01-03T22:53:05.901+0100] {processor.py:743} INFO - Processing file /home/chrisfleig/.local/lib/python3.10/site-packages/airflow/example_dags/example_branch_python_dop_operator_3.py for tasks to queue
[2023-01-03T22:53:05.901+0100] {logging_mixin.py:137} INFO - [2023-01-03T22:53:05.901+0100] {dagbag.py:538} INFO - Filling up the DagBag from /home/chrisfleig/.local/lib/python3.10/site-packages/airflow/example_dags/example_branch_python_dop_operator_3.py
[2023-01-03T22:53:05.922+0100] {processor.py:753} INFO - DAG(s) dict_keys(['example_branch_dop_operator_v3']) retrieved from /home/chrisfleig/.local/lib/python3.10/site-packages/airflow/example_dags/example_branch_python_dop_operator_3.py
[2023-01-03T22:53:05.942+0100] {logging_mixin.py:137} INFO - [2023-01-03T22:53:05.941+0100] {dag.py:2676} INFO - Sync 1 DAGs
[2023-01-03T22:53:05.961+0100] {logging_mixin.py:137} INFO - [2023-01-03T22:53:05.961+0100] {dag.py:3423} INFO - Setting next_dagrun for example_branch_dop_operator_v3 to 2023-01-03T21:52:00+00:00, run_after=2023-01-03T21:53:00+00:00
[2023-01-03T22:53:05.998+0100] {processor.py:175} INFO - Processing /home/chrisfleig/.local/lib/python3.10/site-packages/airflow/example_dags/example_branch_python_dop_operator_3.py took 0.100 seconds
[2023-01-03T22:53:43.871+0100] {processor.py:153} INFO - Started process (PID=9864) to work on /home/chrisfleig/.local/lib/python3.10/site-packages/airflow/example_dags/example_branch_python_dop_operator_3.py
[2023-01-03T22:53:43.872+0100] {processor.py:743} INFO - Processing file /home/chrisfleig/.local/lib/python3.10/site-packages/airflow/example_dags/example_branch_python_dop_operator_3.py for tasks to queue
[2023-01-03T22:53:43.873+0100] {logging_mixin.py:137} INFO - [2023-01-03T22:53:43.872+0100] {dagbag.py:538} INFO - Filling up the DagBag from /home/chrisfleig/.local/lib/python3.10/site-packages/airflow/example_dags/example_branch_python_dop_operator_3.py
[2023-01-03T22:53:43.901+0100] {processor.py:753} INFO - DAG(s) dict_keys(['example_branch_dop_operator_v3']) retrieved from /home/chrisfleig/.local/lib/python3.10/site-packages/airflow/example_dags/example_branch_python_dop_operator_3.py
[2023-01-03T22:53:43.931+0100] {logging_mixin.py:137} INFO - [2023-01-03T22:53:43.930+0100] {dag.py:2676} INFO - Sync 1 DAGs
[2023-01-03T22:53:43.966+0100] {logging_mixin.py:137} INFO - [2023-01-03T22:53:43.966+0100] {dag.py:3423} INFO - Setting next_dagrun for example_branch_dop_operator_v3 to 2023-01-03T21:52:00+00:00, run_after=2023-01-03T21:53:00+00:00
[2023-01-03T22:53:44.007+0100] {processor.py:175} INFO - Processing /home/chrisfleig/.local/lib/python3.10/site-packages/airflow/example_dags/example_branch_python_dop_operator_3.py took 0.139 seconds
[2023-01-03T22:54:27.154+0100] {processor.py:153} INFO - Started process (PID=9906) to work on /home/chrisfleig/.local/lib/python3.10/site-packages/airflow/example_dags/example_branch_python_dop_operator_3.py
[2023-01-03T22:54:27.156+0100] {processor.py:743} INFO - Processing file /home/chrisfleig/.local/lib/python3.10/site-packages/airflow/example_dags/example_branch_python_dop_operator_3.py for tasks to queue
[2023-01-03T22:54:27.158+0100] {logging_mixin.py:137} INFO - [2023-01-03T22:54:27.157+0100] {dagbag.py:538} INFO - Filling up the DagBag from /home/chrisfleig/.local/lib/python3.10/site-packages/airflow/example_dags/example_branch_python_dop_operator_3.py
[2023-01-03T22:54:27.209+0100] {processor.py:753} INFO - DAG(s) dict_keys(['example_branch_dop_operator_v3']) retrieved from /home/chrisfleig/.local/lib/python3.10/site-packages/airflow/example_dags/example_branch_python_dop_operator_3.py
[2023-01-03T22:54:27.250+0100] {logging_mixin.py:137} INFO - [2023-01-03T22:54:27.250+0100] {dag.py:2676} INFO - Sync 1 DAGs
[2023-01-03T22:54:27.295+0100] {logging_mixin.py:137} INFO - [2023-01-03T22:54:27.295+0100] {dag.py:3423} INFO - Setting next_dagrun for example_branch_dop_operator_v3 to 2023-01-03T21:53:00+00:00, run_after=2023-01-03T21:54:00+00:00
[2023-01-03T22:54:27.355+0100] {processor.py:175} INFO - Processing /home/chrisfleig/.local/lib/python3.10/site-packages/airflow/example_dags/example_branch_python_dop_operator_3.py took 0.206 seconds
[2023-01-03T22:55:09.979+0100] {processor.py:153} INFO - Started process (PID=9945) to work on /home/chrisfleig/.local/lib/python3.10/site-packages/airflow/example_dags/example_branch_python_dop_operator_3.py
[2023-01-03T22:55:09.980+0100] {processor.py:743} INFO - Processing file /home/chrisfleig/.local/lib/python3.10/site-packages/airflow/example_dags/example_branch_python_dop_operator_3.py for tasks to queue
[2023-01-03T22:55:09.981+0100] {logging_mixin.py:137} INFO - [2023-01-03T22:55:09.980+0100] {dagbag.py:538} INFO - Filling up the DagBag from /home/chrisfleig/.local/lib/python3.10/site-packages/airflow/example_dags/example_branch_python_dop_operator_3.py
[2023-01-03T22:55:10.005+0100] {processor.py:753} INFO - DAG(s) dict_keys(['example_branch_dop_operator_v3']) retrieved from /home/chrisfleig/.local/lib/python3.10/site-packages/airflow/example_dags/example_branch_python_dop_operator_3.py
[2023-01-03T22:55:10.042+0100] {logging_mixin.py:137} INFO - [2023-01-03T22:55:10.042+0100] {dag.py:2676} INFO - Sync 1 DAGs
[2023-01-03T22:55:10.075+0100] {logging_mixin.py:137} INFO - [2023-01-03T22:55:10.075+0100] {dag.py:3423} INFO - Setting next_dagrun for example_branch_dop_operator_v3 to 2023-01-03T21:54:00+00:00, run_after=2023-01-03T21:55:00+00:00
[2023-01-03T22:55:10.121+0100] {processor.py:175} INFO - Processing /home/chrisfleig/.local/lib/python3.10/site-packages/airflow/example_dags/example_branch_python_dop_operator_3.py took 0.145 seconds
[2023-01-03T22:55:51.725+0100] {processor.py:153} INFO - Started process (PID=9984) to work on /home/chrisfleig/.local/lib/python3.10/site-packages/airflow/example_dags/example_branch_python_dop_operator_3.py
[2023-01-03T22:55:51.728+0100] {processor.py:743} INFO - Processing file /home/chrisfleig/.local/lib/python3.10/site-packages/airflow/example_dags/example_branch_python_dop_operator_3.py for tasks to queue
[2023-01-03T22:55:51.729+0100] {logging_mixin.py:137} INFO - [2023-01-03T22:55:51.729+0100] {dagbag.py:538} INFO - Filling up the DagBag from /home/chrisfleig/.local/lib/python3.10/site-packages/airflow/example_dags/example_branch_python_dop_operator_3.py
[2023-01-03T22:55:51.754+0100] {processor.py:753} INFO - DAG(s) dict_keys(['example_branch_dop_operator_v3']) retrieved from /home/chrisfleig/.local/lib/python3.10/site-packages/airflow/example_dags/example_branch_python_dop_operator_3.py
[2023-01-03T22:55:51.777+0100] {logging_mixin.py:137} INFO - [2023-01-03T22:55:51.777+0100] {dag.py:2676} INFO - Sync 1 DAGs
[2023-01-03T22:55:51.798+0100] {logging_mixin.py:137} INFO - [2023-01-03T22:55:51.798+0100] {dag.py:3423} INFO - Setting next_dagrun for example_branch_dop_operator_v3 to 2023-01-03T21:54:00+00:00, run_after=2023-01-03T21:55:00+00:00
[2023-01-03T22:55:51.987+0100] {processor.py:175} INFO - Processing /home/chrisfleig/.local/lib/python3.10/site-packages/airflow/example_dags/example_branch_python_dop_operator_3.py took 0.265 seconds
[2023-01-03T22:56:34.859+0100] {processor.py:153} INFO - Started process (PID=10027) to work on /home/chrisfleig/.local/lib/python3.10/site-packages/airflow/example_dags/example_branch_python_dop_operator_3.py
[2023-01-03T22:56:34.867+0100] {processor.py:743} INFO - Processing file /home/chrisfleig/.local/lib/python3.10/site-packages/airflow/example_dags/example_branch_python_dop_operator_3.py for tasks to queue
[2023-01-03T22:56:34.868+0100] {logging_mixin.py:137} INFO - [2023-01-03T22:56:34.868+0100] {dagbag.py:538} INFO - Filling up the DagBag from /home/chrisfleig/.local/lib/python3.10/site-packages/airflow/example_dags/example_branch_python_dop_operator_3.py
[2023-01-03T22:56:34.913+0100] {processor.py:753} INFO - DAG(s) dict_keys(['example_branch_dop_operator_v3']) retrieved from /home/chrisfleig/.local/lib/python3.10/site-packages/airflow/example_dags/example_branch_python_dop_operator_3.py
[2023-01-03T22:56:34.959+0100] {logging_mixin.py:137} INFO - [2023-01-03T22:56:34.959+0100] {dag.py:2676} INFO - Sync 1 DAGs
[2023-01-03T22:56:34.990+0100] {logging_mixin.py:137} INFO - [2023-01-03T22:56:34.990+0100] {dag.py:3423} INFO - Setting next_dagrun for example_branch_dop_operator_v3 to 2023-01-03T21:55:00+00:00, run_after=2023-01-03T21:56:00+00:00
[2023-01-03T22:56:35.030+0100] {processor.py:175} INFO - Processing /home/chrisfleig/.local/lib/python3.10/site-packages/airflow/example_dags/example_branch_python_dop_operator_3.py took 0.176 seconds
