[2023-01-03T22:10:51.535+0100] {processor.py:153} INFO - Started process (PID=8190) to work on /home/chrisfleig/.local/lib/python3.10/site-packages/airflow/example_dags/example_branch_operator.py
[2023-01-03T22:10:51.536+0100] {processor.py:743} INFO - Processing file /home/chrisfleig/.local/lib/python3.10/site-packages/airflow/example_dags/example_branch_operator.py for tasks to queue
[2023-01-03T22:10:51.537+0100] {logging_mixin.py:137} INFO - [2023-01-03T22:10:51.536+0100] {dagbag.py:538} INFO - Filling up the DagBag from /home/chrisfleig/.local/lib/python3.10/site-packages/airflow/example_dags/example_branch_operator.py
[2023-01-03T22:10:51.551+0100] {processor.py:753} INFO - DAG(s) dict_keys(['example_branch_operator']) retrieved from /home/chrisfleig/.local/lib/python3.10/site-packages/airflow/example_dags/example_branch_operator.py
[2023-01-03T22:10:51.677+0100] {logging_mixin.py:137} INFO - [2023-01-03T22:10:51.676+0100] {manager.py:504} INFO - Created Permission View: can edit on DAG:example_branch_operator
[2023-01-03T22:10:51.701+0100] {logging_mixin.py:137} INFO - [2023-01-03T22:10:51.700+0100] {manager.py:504} INFO - Created Permission View: can delete on DAG:example_branch_operator
[2023-01-03T22:10:51.724+0100] {logging_mixin.py:137} INFO - [2023-01-03T22:10:51.724+0100] {manager.py:504} INFO - Created Permission View: can read on DAG:example_branch_operator
[2023-01-03T22:10:51.725+0100] {logging_mixin.py:137} INFO - [2023-01-03T22:10:51.725+0100] {dag.py:2676} INFO - Sync 1 DAGs
[2023-01-03T22:10:51.733+0100] {logging_mixin.py:137} INFO - [2023-01-03T22:10:51.733+0100] {dag.py:2697} INFO - Creating ORM DAG for example_branch_operator
[2023-01-03T22:10:51.761+0100] {logging_mixin.py:137} INFO - [2023-01-03T22:10:51.761+0100] {dag.py:3423} INFO - Setting next_dagrun for example_branch_operator to 2023-01-02T00:00:00+00:00, run_after=2023-01-03T00:00:00+00:00
[2023-01-03T22:10:51.799+0100] {processor.py:175} INFO - Processing /home/chrisfleig/.local/lib/python3.10/site-packages/airflow/example_dags/example_branch_operator.py took 0.267 seconds
[2023-01-03T22:11:35.993+0100] {processor.py:153} INFO - Started process (PID=8228) to work on /home/chrisfleig/.local/lib/python3.10/site-packages/airflow/example_dags/example_branch_operator.py
[2023-01-03T22:11:35.994+0100] {processor.py:743} INFO - Processing file /home/chrisfleig/.local/lib/python3.10/site-packages/airflow/example_dags/example_branch_operator.py for tasks to queue
[2023-01-03T22:11:35.995+0100] {logging_mixin.py:137} INFO - [2023-01-03T22:11:35.995+0100] {dagbag.py:538} INFO - Filling up the DagBag from /home/chrisfleig/.local/lib/python3.10/site-packages/airflow/example_dags/example_branch_operator.py
[2023-01-03T22:11:36.029+0100] {processor.py:753} INFO - DAG(s) dict_keys(['example_branch_operator']) retrieved from /home/chrisfleig/.local/lib/python3.10/site-packages/airflow/example_dags/example_branch_operator.py
[2023-01-03T22:11:36.069+0100] {logging_mixin.py:137} INFO - [2023-01-03T22:11:36.069+0100] {dag.py:2676} INFO - Sync 1 DAGs
[2023-01-03T22:11:36.103+0100] {logging_mixin.py:137} INFO - [2023-01-03T22:11:36.103+0100] {dag.py:3423} INFO - Setting next_dagrun for example_branch_operator to 2023-01-02T00:00:00+00:00, run_after=2023-01-03T00:00:00+00:00
[2023-01-03T22:11:36.160+0100] {processor.py:175} INFO - Processing /home/chrisfleig/.local/lib/python3.10/site-packages/airflow/example_dags/example_branch_operator.py took 0.170 seconds
[2023-01-03T22:12:14.507+0100] {processor.py:153} INFO - Started process (PID=8266) to work on /home/chrisfleig/.local/lib/python3.10/site-packages/airflow/example_dags/example_branch_operator.py
[2023-01-03T22:12:14.508+0100] {processor.py:743} INFO - Processing file /home/chrisfleig/.local/lib/python3.10/site-packages/airflow/example_dags/example_branch_operator.py for tasks to queue
[2023-01-03T22:12:14.509+0100] {logging_mixin.py:137} INFO - [2023-01-03T22:12:14.508+0100] {dagbag.py:538} INFO - Filling up the DagBag from /home/chrisfleig/.local/lib/python3.10/site-packages/airflow/example_dags/example_branch_operator.py
[2023-01-03T22:12:14.526+0100] {processor.py:753} INFO - DAG(s) dict_keys(['example_branch_operator']) retrieved from /home/chrisfleig/.local/lib/python3.10/site-packages/airflow/example_dags/example_branch_operator.py
[2023-01-03T22:12:14.547+0100] {logging_mixin.py:137} INFO - [2023-01-03T22:12:14.547+0100] {dag.py:2676} INFO - Sync 1 DAGs
[2023-01-03T22:12:14.574+0100] {logging_mixin.py:137} INFO - [2023-01-03T22:12:14.574+0100] {dag.py:3423} INFO - Setting next_dagrun for example_branch_operator to 2023-01-02T00:00:00+00:00, run_after=2023-01-03T00:00:00+00:00
[2023-01-03T22:12:14.616+0100] {processor.py:175} INFO - Processing /home/chrisfleig/.local/lib/python3.10/site-packages/airflow/example_dags/example_branch_operator.py took 0.111 seconds
[2023-01-03T22:12:54.227+0100] {processor.py:153} INFO - Started process (PID=8304) to work on /home/chrisfleig/.local/lib/python3.10/site-packages/airflow/example_dags/example_branch_operator.py
[2023-01-03T22:12:54.228+0100] {processor.py:743} INFO - Processing file /home/chrisfleig/.local/lib/python3.10/site-packages/airflow/example_dags/example_branch_operator.py for tasks to queue
[2023-01-03T22:12:54.229+0100] {logging_mixin.py:137} INFO - [2023-01-03T22:12:54.229+0100] {dagbag.py:538} INFO - Filling up the DagBag from /home/chrisfleig/.local/lib/python3.10/site-packages/airflow/example_dags/example_branch_operator.py
[2023-01-03T22:12:54.249+0100] {processor.py:753} INFO - DAG(s) dict_keys(['example_branch_operator']) retrieved from /home/chrisfleig/.local/lib/python3.10/site-packages/airflow/example_dags/example_branch_operator.py
[2023-01-03T22:12:54.274+0100] {logging_mixin.py:137} INFO - [2023-01-03T22:12:54.274+0100] {dag.py:2676} INFO - Sync 1 DAGs
[2023-01-03T22:12:54.293+0100] {logging_mixin.py:137} INFO - [2023-01-03T22:12:54.293+0100] {dag.py:3423} INFO - Setting next_dagrun for example_branch_operator to 2023-01-02T00:00:00+00:00, run_after=2023-01-03T00:00:00+00:00
[2023-01-03T22:12:54.329+0100] {processor.py:175} INFO - Processing /home/chrisfleig/.local/lib/python3.10/site-packages/airflow/example_dags/example_branch_operator.py took 0.105 seconds
[2023-01-03T22:13:33.377+0100] {processor.py:153} INFO - Started process (PID=8342) to work on /home/chrisfleig/.local/lib/python3.10/site-packages/airflow/example_dags/example_branch_operator.py
[2023-01-03T22:13:33.378+0100] {processor.py:743} INFO - Processing file /home/chrisfleig/.local/lib/python3.10/site-packages/airflow/example_dags/example_branch_operator.py for tasks to queue
[2023-01-03T22:13:33.380+0100] {logging_mixin.py:137} INFO - [2023-01-03T22:13:33.379+0100] {dagbag.py:538} INFO - Filling up the DagBag from /home/chrisfleig/.local/lib/python3.10/site-packages/airflow/example_dags/example_branch_operator.py
[2023-01-03T22:13:33.403+0100] {processor.py:753} INFO - DAG(s) dict_keys(['example_branch_operator']) retrieved from /home/chrisfleig/.local/lib/python3.10/site-packages/airflow/example_dags/example_branch_operator.py
[2023-01-03T22:13:33.445+0100] {logging_mixin.py:137} INFO - [2023-01-03T22:13:33.445+0100] {dag.py:2676} INFO - Sync 1 DAGs
[2023-01-03T22:13:33.475+0100] {logging_mixin.py:137} INFO - [2023-01-03T22:13:33.475+0100] {dag.py:3423} INFO - Setting next_dagrun for example_branch_operator to 2023-01-02T00:00:00+00:00, run_after=2023-01-03T00:00:00+00:00
[2023-01-03T22:13:33.532+0100] {processor.py:175} INFO - Processing /home/chrisfleig/.local/lib/python3.10/site-packages/airflow/example_dags/example_branch_operator.py took 0.159 seconds
[2023-01-03T22:14:11.388+0100] {processor.py:153} INFO - Started process (PID=8380) to work on /home/chrisfleig/.local/lib/python3.10/site-packages/airflow/example_dags/example_branch_operator.py
[2023-01-03T22:14:11.389+0100] {processor.py:743} INFO - Processing file /home/chrisfleig/.local/lib/python3.10/site-packages/airflow/example_dags/example_branch_operator.py for tasks to queue
[2023-01-03T22:14:11.390+0100] {logging_mixin.py:137} INFO - [2023-01-03T22:14:11.390+0100] {dagbag.py:538} INFO - Filling up the DagBag from /home/chrisfleig/.local/lib/python3.10/site-packages/airflow/example_dags/example_branch_operator.py
[2023-01-03T22:14:11.404+0100] {processor.py:753} INFO - DAG(s) dict_keys(['example_branch_operator']) retrieved from /home/chrisfleig/.local/lib/python3.10/site-packages/airflow/example_dags/example_branch_operator.py
[2023-01-03T22:14:11.427+0100] {logging_mixin.py:137} INFO - [2023-01-03T22:14:11.427+0100] {dag.py:2676} INFO - Sync 1 DAGs
[2023-01-03T22:14:11.445+0100] {logging_mixin.py:137} INFO - [2023-01-03T22:14:11.445+0100] {dag.py:3423} INFO - Setting next_dagrun for example_branch_operator to 2023-01-02T00:00:00+00:00, run_after=2023-01-03T00:00:00+00:00
[2023-01-03T22:14:11.480+0100] {processor.py:175} INFO - Processing /home/chrisfleig/.local/lib/python3.10/site-packages/airflow/example_dags/example_branch_operator.py took 0.095 seconds
[2023-01-03T22:14:51.312+0100] {processor.py:153} INFO - Started process (PID=8418) to work on /home/chrisfleig/.local/lib/python3.10/site-packages/airflow/example_dags/example_branch_operator.py
[2023-01-03T22:14:51.313+0100] {processor.py:743} INFO - Processing file /home/chrisfleig/.local/lib/python3.10/site-packages/airflow/example_dags/example_branch_operator.py for tasks to queue
[2023-01-03T22:14:51.314+0100] {logging_mixin.py:137} INFO - [2023-01-03T22:14:51.314+0100] {dagbag.py:538} INFO - Filling up the DagBag from /home/chrisfleig/.local/lib/python3.10/site-packages/airflow/example_dags/example_branch_operator.py
[2023-01-03T22:14:51.332+0100] {processor.py:753} INFO - DAG(s) dict_keys(['example_branch_operator']) retrieved from /home/chrisfleig/.local/lib/python3.10/site-packages/airflow/example_dags/example_branch_operator.py
[2023-01-03T22:14:51.360+0100] {logging_mixin.py:137} INFO - [2023-01-03T22:14:51.360+0100] {dag.py:2676} INFO - Sync 1 DAGs
[2023-01-03T22:14:51.384+0100] {logging_mixin.py:137} INFO - [2023-01-03T22:14:51.383+0100] {dag.py:3423} INFO - Setting next_dagrun for example_branch_operator to 2023-01-02T00:00:00+00:00, run_after=2023-01-03T00:00:00+00:00
[2023-01-03T22:14:51.429+0100] {processor.py:175} INFO - Processing /home/chrisfleig/.local/lib/python3.10/site-packages/airflow/example_dags/example_branch_operator.py took 0.120 seconds
[2023-01-03T22:15:29.677+0100] {processor.py:153} INFO - Started process (PID=8457) to work on /home/chrisfleig/.local/lib/python3.10/site-packages/airflow/example_dags/example_branch_operator.py
[2023-01-03T22:15:29.678+0100] {processor.py:743} INFO - Processing file /home/chrisfleig/.local/lib/python3.10/site-packages/airflow/example_dags/example_branch_operator.py for tasks to queue
[2023-01-03T22:15:29.678+0100] {logging_mixin.py:137} INFO - [2023-01-03T22:15:29.678+0100] {dagbag.py:538} INFO - Filling up the DagBag from /home/chrisfleig/.local/lib/python3.10/site-packages/airflow/example_dags/example_branch_operator.py
[2023-01-03T22:15:29.693+0100] {processor.py:753} INFO - DAG(s) dict_keys(['example_branch_operator']) retrieved from /home/chrisfleig/.local/lib/python3.10/site-packages/airflow/example_dags/example_branch_operator.py
[2023-01-03T22:15:29.715+0100] {logging_mixin.py:137} INFO - [2023-01-03T22:15:29.715+0100] {dag.py:2676} INFO - Sync 1 DAGs
[2023-01-03T22:15:29.732+0100] {logging_mixin.py:137} INFO - [2023-01-03T22:15:29.732+0100] {dag.py:3423} INFO - Setting next_dagrun for example_branch_operator to 2023-01-02T00:00:00+00:00, run_after=2023-01-03T00:00:00+00:00
[2023-01-03T22:15:29.770+0100] {processor.py:175} INFO - Processing /home/chrisfleig/.local/lib/python3.10/site-packages/airflow/example_dags/example_branch_operator.py took 0.095 seconds
[2023-01-03T22:31:24.294+0100] {processor.py:153} INFO - Started process (PID=8553) to work on /home/chrisfleig/.local/lib/python3.10/site-packages/airflow/example_dags/example_branch_operator.py
[2023-01-03T22:31:24.295+0100] {processor.py:743} INFO - Processing file /home/chrisfleig/.local/lib/python3.10/site-packages/airflow/example_dags/example_branch_operator.py for tasks to queue
[2023-01-03T22:31:24.296+0100] {logging_mixin.py:137} INFO - [2023-01-03T22:31:24.296+0100] {dagbag.py:538} INFO - Filling up the DagBag from /home/chrisfleig/.local/lib/python3.10/site-packages/airflow/example_dags/example_branch_operator.py
[2023-01-03T22:31:24.310+0100] {processor.py:753} INFO - DAG(s) dict_keys(['example_branch_operator']) retrieved from /home/chrisfleig/.local/lib/python3.10/site-packages/airflow/example_dags/example_branch_operator.py
[2023-01-03T22:31:24.320+0100] {logging_mixin.py:137} INFO - [2023-01-03T22:31:24.320+0100] {dag.py:2676} INFO - Sync 1 DAGs
[2023-01-03T22:31:24.338+0100] {logging_mixin.py:137} INFO - [2023-01-03T22:31:24.338+0100] {dag.py:3423} INFO - Setting next_dagrun for example_branch_operator to 2023-01-02T00:00:00+00:00, run_after=2023-01-03T00:00:00+00:00
[2023-01-03T22:31:24.374+0100] {processor.py:175} INFO - Processing /home/chrisfleig/.local/lib/python3.10/site-packages/airflow/example_dags/example_branch_operator.py took 0.083 seconds
[2023-01-03T22:32:04.980+0100] {processor.py:153} INFO - Started process (PID=8591) to work on /home/chrisfleig/.local/lib/python3.10/site-packages/airflow/example_dags/example_branch_operator.py
[2023-01-03T22:32:04.981+0100] {processor.py:743} INFO - Processing file /home/chrisfleig/.local/lib/python3.10/site-packages/airflow/example_dags/example_branch_operator.py for tasks to queue
[2023-01-03T22:32:04.982+0100] {logging_mixin.py:137} INFO - [2023-01-03T22:32:04.982+0100] {dagbag.py:538} INFO - Filling up the DagBag from /home/chrisfleig/.local/lib/python3.10/site-packages/airflow/example_dags/example_branch_operator.py
[2023-01-03T22:32:04.996+0100] {processor.py:753} INFO - DAG(s) dict_keys(['example_branch_operator']) retrieved from /home/chrisfleig/.local/lib/python3.10/site-packages/airflow/example_dags/example_branch_operator.py
[2023-01-03T22:32:05.019+0100] {logging_mixin.py:137} INFO - [2023-01-03T22:32:05.019+0100] {dag.py:2676} INFO - Sync 1 DAGs
[2023-01-03T22:32:05.039+0100] {logging_mixin.py:137} INFO - [2023-01-03T22:32:05.039+0100] {dag.py:3423} INFO - Setting next_dagrun for example_branch_operator to 2023-01-02T00:00:00+00:00, run_after=2023-01-03T00:00:00+00:00
[2023-01-03T22:32:05.077+0100] {processor.py:175} INFO - Processing /home/chrisfleig/.local/lib/python3.10/site-packages/airflow/example_dags/example_branch_operator.py took 0.099 seconds
[2023-01-03T22:32:43.054+0100] {processor.py:153} INFO - Started process (PID=8629) to work on /home/chrisfleig/.local/lib/python3.10/site-packages/airflow/example_dags/example_branch_operator.py
[2023-01-03T22:32:43.055+0100] {processor.py:743} INFO - Processing file /home/chrisfleig/.local/lib/python3.10/site-packages/airflow/example_dags/example_branch_operator.py for tasks to queue
[2023-01-03T22:32:43.056+0100] {logging_mixin.py:137} INFO - [2023-01-03T22:32:43.056+0100] {dagbag.py:538} INFO - Filling up the DagBag from /home/chrisfleig/.local/lib/python3.10/site-packages/airflow/example_dags/example_branch_operator.py
[2023-01-03T22:32:43.070+0100] {processor.py:753} INFO - DAG(s) dict_keys(['example_branch_operator']) retrieved from /home/chrisfleig/.local/lib/python3.10/site-packages/airflow/example_dags/example_branch_operator.py
[2023-01-03T22:32:43.092+0100] {logging_mixin.py:137} INFO - [2023-01-03T22:32:43.092+0100] {dag.py:2676} INFO - Sync 1 DAGs
[2023-01-03T22:32:43.109+0100] {logging_mixin.py:137} INFO - [2023-01-03T22:32:43.109+0100] {dag.py:3423} INFO - Setting next_dagrun for example_branch_operator to 2023-01-02T00:00:00+00:00, run_after=2023-01-03T00:00:00+00:00
[2023-01-03T22:32:43.163+0100] {processor.py:175} INFO - Processing /home/chrisfleig/.local/lib/python3.10/site-packages/airflow/example_dags/example_branch_operator.py took 0.112 seconds
[2023-01-03T22:33:22.448+0100] {processor.py:153} INFO - Started process (PID=8667) to work on /home/chrisfleig/.local/lib/python3.10/site-packages/airflow/example_dags/example_branch_operator.py
[2023-01-03T22:33:22.451+0100] {processor.py:743} INFO - Processing file /home/chrisfleig/.local/lib/python3.10/site-packages/airflow/example_dags/example_branch_operator.py for tasks to queue
[2023-01-03T22:33:22.452+0100] {logging_mixin.py:137} INFO - [2023-01-03T22:33:22.452+0100] {dagbag.py:538} INFO - Filling up the DagBag from /home/chrisfleig/.local/lib/python3.10/site-packages/airflow/example_dags/example_branch_operator.py
[2023-01-03T22:33:22.483+0100] {processor.py:753} INFO - DAG(s) dict_keys(['example_branch_operator']) retrieved from /home/chrisfleig/.local/lib/python3.10/site-packages/airflow/example_dags/example_branch_operator.py
[2023-01-03T22:33:22.531+0100] {logging_mixin.py:137} INFO - [2023-01-03T22:33:22.531+0100] {dag.py:2676} INFO - Sync 1 DAGs
[2023-01-03T22:33:22.564+0100] {logging_mixin.py:137} INFO - [2023-01-03T22:33:22.564+0100] {dag.py:3423} INFO - Setting next_dagrun for example_branch_operator to 2023-01-02T00:00:00+00:00, run_after=2023-01-03T00:00:00+00:00
[2023-01-03T22:33:22.606+0100] {processor.py:175} INFO - Processing /home/chrisfleig/.local/lib/python3.10/site-packages/airflow/example_dags/example_branch_operator.py took 0.162 seconds
[2023-01-03T22:34:00.906+0100] {processor.py:153} INFO - Started process (PID=8705) to work on /home/chrisfleig/.local/lib/python3.10/site-packages/airflow/example_dags/example_branch_operator.py
[2023-01-03T22:34:00.907+0100] {processor.py:743} INFO - Processing file /home/chrisfleig/.local/lib/python3.10/site-packages/airflow/example_dags/example_branch_operator.py for tasks to queue
[2023-01-03T22:34:00.908+0100] {logging_mixin.py:137} INFO - [2023-01-03T22:34:00.907+0100] {dagbag.py:538} INFO - Filling up the DagBag from /home/chrisfleig/.local/lib/python3.10/site-packages/airflow/example_dags/example_branch_operator.py
[2023-01-03T22:34:00.923+0100] {processor.py:753} INFO - DAG(s) dict_keys(['example_branch_operator']) retrieved from /home/chrisfleig/.local/lib/python3.10/site-packages/airflow/example_dags/example_branch_operator.py
[2023-01-03T22:34:00.943+0100] {logging_mixin.py:137} INFO - [2023-01-03T22:34:00.943+0100] {dag.py:2676} INFO - Sync 1 DAGs
[2023-01-03T22:34:00.960+0100] {logging_mixin.py:137} INFO - [2023-01-03T22:34:00.960+0100] {dag.py:3423} INFO - Setting next_dagrun for example_branch_operator to 2023-01-02T00:00:00+00:00, run_after=2023-01-03T00:00:00+00:00
[2023-01-03T22:34:00.995+0100] {processor.py:175} INFO - Processing /home/chrisfleig/.local/lib/python3.10/site-packages/airflow/example_dags/example_branch_operator.py took 0.093 seconds
[2023-01-03T22:34:40.856+0100] {processor.py:153} INFO - Started process (PID=8743) to work on /home/chrisfleig/.local/lib/python3.10/site-packages/airflow/example_dags/example_branch_operator.py
[2023-01-03T22:34:40.858+0100] {processor.py:743} INFO - Processing file /home/chrisfleig/.local/lib/python3.10/site-packages/airflow/example_dags/example_branch_operator.py for tasks to queue
[2023-01-03T22:34:40.859+0100] {logging_mixin.py:137} INFO - [2023-01-03T22:34:40.858+0100] {dagbag.py:538} INFO - Filling up the DagBag from /home/chrisfleig/.local/lib/python3.10/site-packages/airflow/example_dags/example_branch_operator.py
[2023-01-03T22:34:40.874+0100] {processor.py:753} INFO - DAG(s) dict_keys(['example_branch_operator']) retrieved from /home/chrisfleig/.local/lib/python3.10/site-packages/airflow/example_dags/example_branch_operator.py
[2023-01-03T22:34:40.894+0100] {logging_mixin.py:137} INFO - [2023-01-03T22:34:40.894+0100] {dag.py:2676} INFO - Sync 1 DAGs
[2023-01-03T22:34:40.916+0100] {logging_mixin.py:137} INFO - [2023-01-03T22:34:40.916+0100] {dag.py:3423} INFO - Setting next_dagrun for example_branch_operator to 2023-01-02T00:00:00+00:00, run_after=2023-01-03T00:00:00+00:00
[2023-01-03T22:34:40.951+0100] {processor.py:175} INFO - Processing /home/chrisfleig/.local/lib/python3.10/site-packages/airflow/example_dags/example_branch_operator.py took 0.097 seconds
[2023-01-03T22:35:21.019+0100] {processor.py:153} INFO - Started process (PID=8781) to work on /home/chrisfleig/.local/lib/python3.10/site-packages/airflow/example_dags/example_branch_operator.py
[2023-01-03T22:35:21.020+0100] {processor.py:743} INFO - Processing file /home/chrisfleig/.local/lib/python3.10/site-packages/airflow/example_dags/example_branch_operator.py for tasks to queue
[2023-01-03T22:35:21.021+0100] {logging_mixin.py:137} INFO - [2023-01-03T22:35:21.021+0100] {dagbag.py:538} INFO - Filling up the DagBag from /home/chrisfleig/.local/lib/python3.10/site-packages/airflow/example_dags/example_branch_operator.py
[2023-01-03T22:35:21.036+0100] {processor.py:753} INFO - DAG(s) dict_keys(['example_branch_operator']) retrieved from /home/chrisfleig/.local/lib/python3.10/site-packages/airflow/example_dags/example_branch_operator.py
[2023-01-03T22:35:21.056+0100] {logging_mixin.py:137} INFO - [2023-01-03T22:35:21.056+0100] {dag.py:2676} INFO - Sync 1 DAGs
[2023-01-03T22:35:21.073+0100] {logging_mixin.py:137} INFO - [2023-01-03T22:35:21.073+0100] {dag.py:3423} INFO - Setting next_dagrun for example_branch_operator to 2023-01-02T00:00:00+00:00, run_after=2023-01-03T00:00:00+00:00
[2023-01-03T22:35:21.110+0100] {processor.py:175} INFO - Processing /home/chrisfleig/.local/lib/python3.10/site-packages/airflow/example_dags/example_branch_operator.py took 0.093 seconds
[2023-01-03T22:35:59.476+0100] {processor.py:153} INFO - Started process (PID=8819) to work on /home/chrisfleig/.local/lib/python3.10/site-packages/airflow/example_dags/example_branch_operator.py
[2023-01-03T22:35:59.477+0100] {processor.py:743} INFO - Processing file /home/chrisfleig/.local/lib/python3.10/site-packages/airflow/example_dags/example_branch_operator.py for tasks to queue
[2023-01-03T22:35:59.477+0100] {logging_mixin.py:137} INFO - [2023-01-03T22:35:59.477+0100] {dagbag.py:538} INFO - Filling up the DagBag from /home/chrisfleig/.local/lib/python3.10/site-packages/airflow/example_dags/example_branch_operator.py
[2023-01-03T22:35:59.492+0100] {processor.py:753} INFO - DAG(s) dict_keys(['example_branch_operator']) retrieved from /home/chrisfleig/.local/lib/python3.10/site-packages/airflow/example_dags/example_branch_operator.py
[2023-01-03T22:35:59.513+0100] {logging_mixin.py:137} INFO - [2023-01-03T22:35:59.513+0100] {dag.py:2676} INFO - Sync 1 DAGs
[2023-01-03T22:35:59.532+0100] {logging_mixin.py:137} INFO - [2023-01-03T22:35:59.531+0100] {dag.py:3423} INFO - Setting next_dagrun for example_branch_operator to 2023-01-02T00:00:00+00:00, run_after=2023-01-03T00:00:00+00:00
[2023-01-03T22:35:59.570+0100] {processor.py:175} INFO - Processing /home/chrisfleig/.local/lib/python3.10/site-packages/airflow/example_dags/example_branch_operator.py took 0.097 seconds
[2023-01-03T22:36:37.344+0100] {processor.py:153} INFO - Started process (PID=8857) to work on /home/chrisfleig/.local/lib/python3.10/site-packages/airflow/example_dags/example_branch_operator.py
[2023-01-03T22:36:37.347+0100] {processor.py:743} INFO - Processing file /home/chrisfleig/.local/lib/python3.10/site-packages/airflow/example_dags/example_branch_operator.py for tasks to queue
[2023-01-03T22:36:37.348+0100] {logging_mixin.py:137} INFO - [2023-01-03T22:36:37.348+0100] {dagbag.py:538} INFO - Filling up the DagBag from /home/chrisfleig/.local/lib/python3.10/site-packages/airflow/example_dags/example_branch_operator.py
[2023-01-03T22:36:37.371+0100] {processor.py:753} INFO - DAG(s) dict_keys(['example_branch_operator']) retrieved from /home/chrisfleig/.local/lib/python3.10/site-packages/airflow/example_dags/example_branch_operator.py
[2023-01-03T22:36:37.398+0100] {logging_mixin.py:137} INFO - [2023-01-03T22:36:37.398+0100] {dag.py:2676} INFO - Sync 1 DAGs
[2023-01-03T22:36:37.418+0100] {logging_mixin.py:137} INFO - [2023-01-03T22:36:37.418+0100] {dag.py:3423} INFO - Setting next_dagrun for example_branch_operator to 2023-01-02T00:00:00+00:00, run_after=2023-01-03T00:00:00+00:00
[2023-01-03T22:36:37.458+0100] {processor.py:175} INFO - Processing /home/chrisfleig/.local/lib/python3.10/site-packages/airflow/example_dags/example_branch_operator.py took 0.118 seconds
[2023-01-03T22:37:15.484+0100] {processor.py:153} INFO - Started process (PID=8895) to work on /home/chrisfleig/.local/lib/python3.10/site-packages/airflow/example_dags/example_branch_operator.py
[2023-01-03T22:37:15.485+0100] {processor.py:743} INFO - Processing file /home/chrisfleig/.local/lib/python3.10/site-packages/airflow/example_dags/example_branch_operator.py for tasks to queue
[2023-01-03T22:37:15.485+0100] {logging_mixin.py:137} INFO - [2023-01-03T22:37:15.485+0100] {dagbag.py:538} INFO - Filling up the DagBag from /home/chrisfleig/.local/lib/python3.10/site-packages/airflow/example_dags/example_branch_operator.py
[2023-01-03T22:37:15.500+0100] {processor.py:753} INFO - DAG(s) dict_keys(['example_branch_operator']) retrieved from /home/chrisfleig/.local/lib/python3.10/site-packages/airflow/example_dags/example_branch_operator.py
[2023-01-03T22:37:15.521+0100] {logging_mixin.py:137} INFO - [2023-01-03T22:37:15.521+0100] {dag.py:2676} INFO - Sync 1 DAGs
[2023-01-03T22:37:15.539+0100] {logging_mixin.py:137} INFO - [2023-01-03T22:37:15.538+0100] {dag.py:3423} INFO - Setting next_dagrun for example_branch_operator to 2023-01-02T00:00:00+00:00, run_after=2023-01-03T00:00:00+00:00
[2023-01-03T22:37:15.572+0100] {processor.py:175} INFO - Processing /home/chrisfleig/.local/lib/python3.10/site-packages/airflow/example_dags/example_branch_operator.py took 0.091 seconds
[2023-01-03T22:37:53.527+0100] {processor.py:153} INFO - Started process (PID=8933) to work on /home/chrisfleig/.local/lib/python3.10/site-packages/airflow/example_dags/example_branch_operator.py
[2023-01-03T22:37:53.528+0100] {processor.py:743} INFO - Processing file /home/chrisfleig/.local/lib/python3.10/site-packages/airflow/example_dags/example_branch_operator.py for tasks to queue
[2023-01-03T22:37:53.528+0100] {logging_mixin.py:137} INFO - [2023-01-03T22:37:53.528+0100] {dagbag.py:538} INFO - Filling up the DagBag from /home/chrisfleig/.local/lib/python3.10/site-packages/airflow/example_dags/example_branch_operator.py
[2023-01-03T22:37:53.545+0100] {processor.py:753} INFO - DAG(s) dict_keys(['example_branch_operator']) retrieved from /home/chrisfleig/.local/lib/python3.10/site-packages/airflow/example_dags/example_branch_operator.py
[2023-01-03T22:37:53.567+0100] {logging_mixin.py:137} INFO - [2023-01-03T22:37:53.567+0100] {dag.py:2676} INFO - Sync 1 DAGs
[2023-01-03T22:37:53.585+0100] {logging_mixin.py:137} INFO - [2023-01-03T22:37:53.585+0100] {dag.py:3423} INFO - Setting next_dagrun for example_branch_operator to 2023-01-02T00:00:00+00:00, run_after=2023-01-03T00:00:00+00:00
[2023-01-03T22:37:53.620+0100] {processor.py:175} INFO - Processing /home/chrisfleig/.local/lib/python3.10/site-packages/airflow/example_dags/example_branch_operator.py took 0.096 seconds
[2023-01-03T22:38:32.398+0100] {processor.py:153} INFO - Started process (PID=8971) to work on /home/chrisfleig/.local/lib/python3.10/site-packages/airflow/example_dags/example_branch_operator.py
[2023-01-03T22:38:32.399+0100] {processor.py:743} INFO - Processing file /home/chrisfleig/.local/lib/python3.10/site-packages/airflow/example_dags/example_branch_operator.py for tasks to queue
[2023-01-03T22:38:32.399+0100] {logging_mixin.py:137} INFO - [2023-01-03T22:38:32.399+0100] {dagbag.py:538} INFO - Filling up the DagBag from /home/chrisfleig/.local/lib/python3.10/site-packages/airflow/example_dags/example_branch_operator.py
[2023-01-03T22:38:32.415+0100] {processor.py:753} INFO - DAG(s) dict_keys(['example_branch_operator']) retrieved from /home/chrisfleig/.local/lib/python3.10/site-packages/airflow/example_dags/example_branch_operator.py
[2023-01-03T22:38:32.435+0100] {logging_mixin.py:137} INFO - [2023-01-03T22:38:32.435+0100] {dag.py:2676} INFO - Sync 1 DAGs
[2023-01-03T22:38:32.452+0100] {logging_mixin.py:137} INFO - [2023-01-03T22:38:32.452+0100] {dag.py:3423} INFO - Setting next_dagrun for example_branch_operator to 2023-01-02T00:00:00+00:00, run_after=2023-01-03T00:00:00+00:00
[2023-01-03T22:38:32.491+0100] {processor.py:175} INFO - Processing /home/chrisfleig/.local/lib/python3.10/site-packages/airflow/example_dags/example_branch_operator.py took 0.095 seconds
[2023-01-03T22:39:11.383+0100] {processor.py:153} INFO - Started process (PID=9009) to work on /home/chrisfleig/.local/lib/python3.10/site-packages/airflow/example_dags/example_branch_operator.py
[2023-01-03T22:39:11.384+0100] {processor.py:743} INFO - Processing file /home/chrisfleig/.local/lib/python3.10/site-packages/airflow/example_dags/example_branch_operator.py for tasks to queue
[2023-01-03T22:39:11.384+0100] {logging_mixin.py:137} INFO - [2023-01-03T22:39:11.384+0100] {dagbag.py:538} INFO - Filling up the DagBag from /home/chrisfleig/.local/lib/python3.10/site-packages/airflow/example_dags/example_branch_operator.py
[2023-01-03T22:39:11.399+0100] {processor.py:753} INFO - DAG(s) dict_keys(['example_branch_operator']) retrieved from /home/chrisfleig/.local/lib/python3.10/site-packages/airflow/example_dags/example_branch_operator.py
[2023-01-03T22:39:11.421+0100] {logging_mixin.py:137} INFO - [2023-01-03T22:39:11.421+0100] {dag.py:2676} INFO - Sync 1 DAGs
[2023-01-03T22:39:11.439+0100] {logging_mixin.py:137} INFO - [2023-01-03T22:39:11.438+0100] {dag.py:3423} INFO - Setting next_dagrun for example_branch_operator to 2023-01-02T00:00:00+00:00, run_after=2023-01-03T00:00:00+00:00
[2023-01-03T22:39:11.477+0100] {processor.py:175} INFO - Processing /home/chrisfleig/.local/lib/python3.10/site-packages/airflow/example_dags/example_branch_operator.py took 0.097 seconds
[2023-01-03T22:39:51.785+0100] {processor.py:153} INFO - Started process (PID=9047) to work on /home/chrisfleig/.local/lib/python3.10/site-packages/airflow/example_dags/example_branch_operator.py
[2023-01-03T22:39:51.786+0100] {processor.py:743} INFO - Processing file /home/chrisfleig/.local/lib/python3.10/site-packages/airflow/example_dags/example_branch_operator.py for tasks to queue
[2023-01-03T22:39:51.786+0100] {logging_mixin.py:137} INFO - [2023-01-03T22:39:51.786+0100] {dagbag.py:538} INFO - Filling up the DagBag from /home/chrisfleig/.local/lib/python3.10/site-packages/airflow/example_dags/example_branch_operator.py
[2023-01-03T22:39:51.801+0100] {processor.py:753} INFO - DAG(s) dict_keys(['example_branch_operator']) retrieved from /home/chrisfleig/.local/lib/python3.10/site-packages/airflow/example_dags/example_branch_operator.py
[2023-01-03T22:39:51.822+0100] {logging_mixin.py:137} INFO - [2023-01-03T22:39:51.822+0100] {dag.py:2676} INFO - Sync 1 DAGs
[2023-01-03T22:39:51.839+0100] {logging_mixin.py:137} INFO - [2023-01-03T22:39:51.839+0100] {dag.py:3423} INFO - Setting next_dagrun for example_branch_operator to 2023-01-02T00:00:00+00:00, run_after=2023-01-03T00:00:00+00:00
[2023-01-03T22:39:51.875+0100] {processor.py:175} INFO - Processing /home/chrisfleig/.local/lib/python3.10/site-packages/airflow/example_dags/example_branch_operator.py took 0.092 seconds
[2023-01-03T22:40:30.165+0100] {processor.py:153} INFO - Started process (PID=9085) to work on /home/chrisfleig/.local/lib/python3.10/site-packages/airflow/example_dags/example_branch_operator.py
[2023-01-03T22:40:30.166+0100] {processor.py:743} INFO - Processing file /home/chrisfleig/.local/lib/python3.10/site-packages/airflow/example_dags/example_branch_operator.py for tasks to queue
[2023-01-03T22:40:30.167+0100] {logging_mixin.py:137} INFO - [2023-01-03T22:40:30.167+0100] {dagbag.py:538} INFO - Filling up the DagBag from /home/chrisfleig/.local/lib/python3.10/site-packages/airflow/example_dags/example_branch_operator.py
[2023-01-03T22:40:30.181+0100] {processor.py:753} INFO - DAG(s) dict_keys(['example_branch_operator']) retrieved from /home/chrisfleig/.local/lib/python3.10/site-packages/airflow/example_dags/example_branch_operator.py
[2023-01-03T22:40:30.202+0100] {logging_mixin.py:137} INFO - [2023-01-03T22:40:30.202+0100] {dag.py:2676} INFO - Sync 1 DAGs
[2023-01-03T22:40:30.220+0100] {logging_mixin.py:137} INFO - [2023-01-03T22:40:30.220+0100] {dag.py:3423} INFO - Setting next_dagrun for example_branch_operator to 2023-01-02T00:00:00+00:00, run_after=2023-01-03T00:00:00+00:00
[2023-01-03T22:40:30.254+0100] {processor.py:175} INFO - Processing /home/chrisfleig/.local/lib/python3.10/site-packages/airflow/example_dags/example_branch_operator.py took 0.092 seconds
[2023-01-03T22:41:07.737+0100] {processor.py:153} INFO - Started process (PID=9123) to work on /home/chrisfleig/.local/lib/python3.10/site-packages/airflow/example_dags/example_branch_operator.py
[2023-01-03T22:41:07.738+0100] {processor.py:743} INFO - Processing file /home/chrisfleig/.local/lib/python3.10/site-packages/airflow/example_dags/example_branch_operator.py for tasks to queue
[2023-01-03T22:41:07.738+0100] {logging_mixin.py:137} INFO - [2023-01-03T22:41:07.738+0100] {dagbag.py:538} INFO - Filling up the DagBag from /home/chrisfleig/.local/lib/python3.10/site-packages/airflow/example_dags/example_branch_operator.py
[2023-01-03T22:41:07.755+0100] {processor.py:753} INFO - DAG(s) dict_keys(['example_branch_operator']) retrieved from /home/chrisfleig/.local/lib/python3.10/site-packages/airflow/example_dags/example_branch_operator.py
[2023-01-03T22:41:07.778+0100] {logging_mixin.py:137} INFO - [2023-01-03T22:41:07.778+0100] {dag.py:2676} INFO - Sync 1 DAGs
[2023-01-03T22:41:07.798+0100] {logging_mixin.py:137} INFO - [2023-01-03T22:41:07.798+0100] {dag.py:3423} INFO - Setting next_dagrun for example_branch_operator to 2023-01-02T00:00:00+00:00, run_after=2023-01-03T00:00:00+00:00
[2023-01-03T22:41:07.833+0100] {processor.py:175} INFO - Processing /home/chrisfleig/.local/lib/python3.10/site-packages/airflow/example_dags/example_branch_operator.py took 0.099 seconds
[2023-01-03T22:41:45.743+0100] {processor.py:153} INFO - Started process (PID=9161) to work on /home/chrisfleig/.local/lib/python3.10/site-packages/airflow/example_dags/example_branch_operator.py
[2023-01-03T22:41:45.744+0100] {processor.py:743} INFO - Processing file /home/chrisfleig/.local/lib/python3.10/site-packages/airflow/example_dags/example_branch_operator.py for tasks to queue
[2023-01-03T22:41:45.745+0100] {logging_mixin.py:137} INFO - [2023-01-03T22:41:45.745+0100] {dagbag.py:538} INFO - Filling up the DagBag from /home/chrisfleig/.local/lib/python3.10/site-packages/airflow/example_dags/example_branch_operator.py
[2023-01-03T22:41:45.759+0100] {processor.py:753} INFO - DAG(s) dict_keys(['example_branch_operator']) retrieved from /home/chrisfleig/.local/lib/python3.10/site-packages/airflow/example_dags/example_branch_operator.py
[2023-01-03T22:41:45.781+0100] {logging_mixin.py:137} INFO - [2023-01-03T22:41:45.781+0100] {dag.py:2676} INFO - Sync 1 DAGs
[2023-01-03T22:41:45.798+0100] {logging_mixin.py:137} INFO - [2023-01-03T22:41:45.798+0100] {dag.py:3423} INFO - Setting next_dagrun for example_branch_operator to 2023-01-02T00:00:00+00:00, run_after=2023-01-03T00:00:00+00:00
[2023-01-03T22:41:45.833+0100] {processor.py:175} INFO - Processing /home/chrisfleig/.local/lib/python3.10/site-packages/airflow/example_dags/example_branch_operator.py took 0.092 seconds
[2023-01-03T22:42:24.839+0100] {processor.py:153} INFO - Started process (PID=9203) to work on /home/chrisfleig/.local/lib/python3.10/site-packages/airflow/example_dags/example_branch_operator.py
[2023-01-03T22:42:24.840+0100] {processor.py:743} INFO - Processing file /home/chrisfleig/.local/lib/python3.10/site-packages/airflow/example_dags/example_branch_operator.py for tasks to queue
[2023-01-03T22:42:24.841+0100] {logging_mixin.py:137} INFO - [2023-01-03T22:42:24.841+0100] {dagbag.py:538} INFO - Filling up the DagBag from /home/chrisfleig/.local/lib/python3.10/site-packages/airflow/example_dags/example_branch_operator.py
[2023-01-03T22:42:24.857+0100] {processor.py:753} INFO - DAG(s) dict_keys(['example_branch_operator']) retrieved from /home/chrisfleig/.local/lib/python3.10/site-packages/airflow/example_dags/example_branch_operator.py
[2023-01-03T22:42:24.879+0100] {logging_mixin.py:137} INFO - [2023-01-03T22:42:24.879+0100] {dag.py:2676} INFO - Sync 1 DAGs
[2023-01-03T22:42:24.897+0100] {logging_mixin.py:137} INFO - [2023-01-03T22:42:24.896+0100] {dag.py:3423} INFO - Setting next_dagrun for example_branch_operator to 2023-01-02T00:00:00+00:00, run_after=2023-01-03T00:00:00+00:00
[2023-01-03T22:42:24.930+0100] {processor.py:175} INFO - Processing /home/chrisfleig/.local/lib/python3.10/site-packages/airflow/example_dags/example_branch_operator.py took 0.094 seconds
[2023-01-03T22:43:03.471+0100] {processor.py:153} INFO - Started process (PID=9241) to work on /home/chrisfleig/.local/lib/python3.10/site-packages/airflow/example_dags/example_branch_operator.py
[2023-01-03T22:43:03.472+0100] {processor.py:743} INFO - Processing file /home/chrisfleig/.local/lib/python3.10/site-packages/airflow/example_dags/example_branch_operator.py for tasks to queue
[2023-01-03T22:43:03.473+0100] {logging_mixin.py:137} INFO - [2023-01-03T22:43:03.473+0100] {dagbag.py:538} INFO - Filling up the DagBag from /home/chrisfleig/.local/lib/python3.10/site-packages/airflow/example_dags/example_branch_operator.py
[2023-01-03T22:43:03.488+0100] {processor.py:753} INFO - DAG(s) dict_keys(['example_branch_operator']) retrieved from /home/chrisfleig/.local/lib/python3.10/site-packages/airflow/example_dags/example_branch_operator.py
[2023-01-03T22:43:03.508+0100] {logging_mixin.py:137} INFO - [2023-01-03T22:43:03.508+0100] {dag.py:2676} INFO - Sync 1 DAGs
[2023-01-03T22:43:03.525+0100] {logging_mixin.py:137} INFO - [2023-01-03T22:43:03.525+0100] {dag.py:3423} INFO - Setting next_dagrun for example_branch_operator to 2023-01-02T00:00:00+00:00, run_after=2023-01-03T00:00:00+00:00
[2023-01-03T22:43:03.559+0100] {processor.py:175} INFO - Processing /home/chrisfleig/.local/lib/python3.10/site-packages/airflow/example_dags/example_branch_operator.py took 0.091 seconds
[2023-01-03T22:43:42.824+0100] {processor.py:153} INFO - Started process (PID=9279) to work on /home/chrisfleig/.local/lib/python3.10/site-packages/airflow/example_dags/example_branch_operator.py
[2023-01-03T22:43:42.825+0100] {processor.py:743} INFO - Processing file /home/chrisfleig/.local/lib/python3.10/site-packages/airflow/example_dags/example_branch_operator.py for tasks to queue
[2023-01-03T22:43:42.826+0100] {logging_mixin.py:137} INFO - [2023-01-03T22:43:42.826+0100] {dagbag.py:538} INFO - Filling up the DagBag from /home/chrisfleig/.local/lib/python3.10/site-packages/airflow/example_dags/example_branch_operator.py
[2023-01-03T22:43:42.840+0100] {processor.py:753} INFO - DAG(s) dict_keys(['example_branch_operator']) retrieved from /home/chrisfleig/.local/lib/python3.10/site-packages/airflow/example_dags/example_branch_operator.py
[2023-01-03T22:43:42.861+0100] {logging_mixin.py:137} INFO - [2023-01-03T22:43:42.861+0100] {dag.py:2676} INFO - Sync 1 DAGs
[2023-01-03T22:43:42.878+0100] {logging_mixin.py:137} INFO - [2023-01-03T22:43:42.878+0100] {dag.py:3423} INFO - Setting next_dagrun for example_branch_operator to 2023-01-02T00:00:00+00:00, run_after=2023-01-03T00:00:00+00:00
[2023-01-03T22:43:42.915+0100] {processor.py:175} INFO - Processing /home/chrisfleig/.local/lib/python3.10/site-packages/airflow/example_dags/example_branch_operator.py took 0.094 seconds
[2023-01-03T22:44:22.146+0100] {processor.py:153} INFO - Started process (PID=9317) to work on /home/chrisfleig/.local/lib/python3.10/site-packages/airflow/example_dags/example_branch_operator.py
[2023-01-03T22:44:22.147+0100] {processor.py:743} INFO - Processing file /home/chrisfleig/.local/lib/python3.10/site-packages/airflow/example_dags/example_branch_operator.py for tasks to queue
[2023-01-03T22:44:22.148+0100] {logging_mixin.py:137} INFO - [2023-01-03T22:44:22.148+0100] {dagbag.py:538} INFO - Filling up the DagBag from /home/chrisfleig/.local/lib/python3.10/site-packages/airflow/example_dags/example_branch_operator.py
[2023-01-03T22:44:22.163+0100] {processor.py:753} INFO - DAG(s) dict_keys(['example_branch_operator']) retrieved from /home/chrisfleig/.local/lib/python3.10/site-packages/airflow/example_dags/example_branch_operator.py
[2023-01-03T22:44:22.187+0100] {logging_mixin.py:137} INFO - [2023-01-03T22:44:22.187+0100] {dag.py:2676} INFO - Sync 1 DAGs
[2023-01-03T22:44:22.205+0100] {logging_mixin.py:137} INFO - [2023-01-03T22:44:22.205+0100] {dag.py:3423} INFO - Setting next_dagrun for example_branch_operator to 2023-01-02T00:00:00+00:00, run_after=2023-01-03T00:00:00+00:00
[2023-01-03T22:44:22.249+0100] {processor.py:175} INFO - Processing /home/chrisfleig/.local/lib/python3.10/site-packages/airflow/example_dags/example_branch_operator.py took 0.105 seconds
[2023-01-03T22:45:00.382+0100] {processor.py:153} INFO - Started process (PID=9355) to work on /home/chrisfleig/.local/lib/python3.10/site-packages/airflow/example_dags/example_branch_operator.py
[2023-01-03T22:45:00.383+0100] {processor.py:743} INFO - Processing file /home/chrisfleig/.local/lib/python3.10/site-packages/airflow/example_dags/example_branch_operator.py for tasks to queue
[2023-01-03T22:45:00.384+0100] {logging_mixin.py:137} INFO - [2023-01-03T22:45:00.384+0100] {dagbag.py:538} INFO - Filling up the DagBag from /home/chrisfleig/.local/lib/python3.10/site-packages/airflow/example_dags/example_branch_operator.py
[2023-01-03T22:45:00.398+0100] {processor.py:753} INFO - DAG(s) dict_keys(['example_branch_operator']) retrieved from /home/chrisfleig/.local/lib/python3.10/site-packages/airflow/example_dags/example_branch_operator.py
[2023-01-03T22:45:00.420+0100] {logging_mixin.py:137} INFO - [2023-01-03T22:45:00.420+0100] {dag.py:2676} INFO - Sync 1 DAGs
[2023-01-03T22:45:00.439+0100] {logging_mixin.py:137} INFO - [2023-01-03T22:45:00.438+0100] {dag.py:3423} INFO - Setting next_dagrun for example_branch_operator to 2023-01-02T00:00:00+00:00, run_after=2023-01-03T00:00:00+00:00
[2023-01-03T22:45:00.476+0100] {processor.py:175} INFO - Processing /home/chrisfleig/.local/lib/python3.10/site-packages/airflow/example_dags/example_branch_operator.py took 0.097 seconds
[2023-01-03T22:45:40.646+0100] {processor.py:153} INFO - Started process (PID=9393) to work on /home/chrisfleig/.local/lib/python3.10/site-packages/airflow/example_dags/example_branch_operator.py
[2023-01-03T22:45:40.647+0100] {processor.py:743} INFO - Processing file /home/chrisfleig/.local/lib/python3.10/site-packages/airflow/example_dags/example_branch_operator.py for tasks to queue
[2023-01-03T22:45:40.648+0100] {logging_mixin.py:137} INFO - [2023-01-03T22:45:40.648+0100] {dagbag.py:538} INFO - Filling up the DagBag from /home/chrisfleig/.local/lib/python3.10/site-packages/airflow/example_dags/example_branch_operator.py
[2023-01-03T22:45:40.663+0100] {processor.py:753} INFO - DAG(s) dict_keys(['example_branch_operator']) retrieved from /home/chrisfleig/.local/lib/python3.10/site-packages/airflow/example_dags/example_branch_operator.py
[2023-01-03T22:45:40.684+0100] {logging_mixin.py:137} INFO - [2023-01-03T22:45:40.683+0100] {dag.py:2676} INFO - Sync 1 DAGs
[2023-01-03T22:45:40.702+0100] {logging_mixin.py:137} INFO - [2023-01-03T22:45:40.702+0100] {dag.py:3423} INFO - Setting next_dagrun for example_branch_operator to 2023-01-02T00:00:00+00:00, run_after=2023-01-03T00:00:00+00:00
[2023-01-03T22:45:40.741+0100] {processor.py:175} INFO - Processing /home/chrisfleig/.local/lib/python3.10/site-packages/airflow/example_dags/example_branch_operator.py took 0.097 seconds
[2023-01-03T22:46:17.566+0100] {processor.py:153} INFO - Started process (PID=9431) to work on /home/chrisfleig/.local/lib/python3.10/site-packages/airflow/example_dags/example_branch_operator.py
[2023-01-03T22:46:17.567+0100] {processor.py:743} INFO - Processing file /home/chrisfleig/.local/lib/python3.10/site-packages/airflow/example_dags/example_branch_operator.py for tasks to queue
[2023-01-03T22:46:17.567+0100] {logging_mixin.py:137} INFO - [2023-01-03T22:46:17.567+0100] {dagbag.py:538} INFO - Filling up the DagBag from /home/chrisfleig/.local/lib/python3.10/site-packages/airflow/example_dags/example_branch_operator.py
[2023-01-03T22:46:17.582+0100] {processor.py:753} INFO - DAG(s) dict_keys(['example_branch_operator']) retrieved from /home/chrisfleig/.local/lib/python3.10/site-packages/airflow/example_dags/example_branch_operator.py
[2023-01-03T22:46:17.603+0100] {logging_mixin.py:137} INFO - [2023-01-03T22:46:17.603+0100] {dag.py:2676} INFO - Sync 1 DAGs
[2023-01-03T22:46:17.620+0100] {logging_mixin.py:137} INFO - [2023-01-03T22:46:17.620+0100] {dag.py:3423} INFO - Setting next_dagrun for example_branch_operator to 2023-01-02T00:00:00+00:00, run_after=2023-01-03T00:00:00+00:00
[2023-01-03T22:46:17.655+0100] {processor.py:175} INFO - Processing /home/chrisfleig/.local/lib/python3.10/site-packages/airflow/example_dags/example_branch_operator.py took 0.092 seconds
[2023-01-03T22:46:54.238+0100] {processor.py:153} INFO - Started process (PID=9469) to work on /home/chrisfleig/.local/lib/python3.10/site-packages/airflow/example_dags/example_branch_operator.py
[2023-01-03T22:46:54.241+0100] {processor.py:743} INFO - Processing file /home/chrisfleig/.local/lib/python3.10/site-packages/airflow/example_dags/example_branch_operator.py for tasks to queue
[2023-01-03T22:46:54.242+0100] {logging_mixin.py:137} INFO - [2023-01-03T22:46:54.242+0100] {dagbag.py:538} INFO - Filling up the DagBag from /home/chrisfleig/.local/lib/python3.10/site-packages/airflow/example_dags/example_branch_operator.py
[2023-01-03T22:46:54.261+0100] {processor.py:753} INFO - DAG(s) dict_keys(['example_branch_operator']) retrieved from /home/chrisfleig/.local/lib/python3.10/site-packages/airflow/example_dags/example_branch_operator.py
[2023-01-03T22:46:54.285+0100] {logging_mixin.py:137} INFO - [2023-01-03T22:46:54.285+0100] {dag.py:2676} INFO - Sync 1 DAGs
[2023-01-03T22:46:54.308+0100] {logging_mixin.py:137} INFO - [2023-01-03T22:46:54.307+0100] {dag.py:3423} INFO - Setting next_dagrun for example_branch_operator to 2023-01-02T00:00:00+00:00, run_after=2023-01-03T00:00:00+00:00
[2023-01-03T22:46:54.347+0100] {processor.py:175} INFO - Processing /home/chrisfleig/.local/lib/python3.10/site-packages/airflow/example_dags/example_branch_operator.py took 0.111 seconds
[2023-01-03T22:47:34.292+0100] {processor.py:153} INFO - Started process (PID=9507) to work on /home/chrisfleig/.local/lib/python3.10/site-packages/airflow/example_dags/example_branch_operator.py
[2023-01-03T22:47:34.293+0100] {processor.py:743} INFO - Processing file /home/chrisfleig/.local/lib/python3.10/site-packages/airflow/example_dags/example_branch_operator.py for tasks to queue
[2023-01-03T22:47:34.294+0100] {logging_mixin.py:137} INFO - [2023-01-03T22:47:34.294+0100] {dagbag.py:538} INFO - Filling up the DagBag from /home/chrisfleig/.local/lib/python3.10/site-packages/airflow/example_dags/example_branch_operator.py
[2023-01-03T22:47:34.309+0100] {processor.py:753} INFO - DAG(s) dict_keys(['example_branch_operator']) retrieved from /home/chrisfleig/.local/lib/python3.10/site-packages/airflow/example_dags/example_branch_operator.py
[2023-01-03T22:47:34.330+0100] {logging_mixin.py:137} INFO - [2023-01-03T22:47:34.330+0100] {dag.py:2676} INFO - Sync 1 DAGs
[2023-01-03T22:47:34.347+0100] {logging_mixin.py:137} INFO - [2023-01-03T22:47:34.347+0100] {dag.py:3423} INFO - Setting next_dagrun for example_branch_operator to 2023-01-02T00:00:00+00:00, run_after=2023-01-03T00:00:00+00:00
[2023-01-03T22:47:34.382+0100] {processor.py:175} INFO - Processing /home/chrisfleig/.local/lib/python3.10/site-packages/airflow/example_dags/example_branch_operator.py took 0.092 seconds
[2023-01-03T22:48:13.509+0100] {processor.py:153} INFO - Started process (PID=9545) to work on /home/chrisfleig/.local/lib/python3.10/site-packages/airflow/example_dags/example_branch_operator.py
[2023-01-03T22:48:13.510+0100] {processor.py:743} INFO - Processing file /home/chrisfleig/.local/lib/python3.10/site-packages/airflow/example_dags/example_branch_operator.py for tasks to queue
[2023-01-03T22:48:13.511+0100] {logging_mixin.py:137} INFO - [2023-01-03T22:48:13.511+0100] {dagbag.py:538} INFO - Filling up the DagBag from /home/chrisfleig/.local/lib/python3.10/site-packages/airflow/example_dags/example_branch_operator.py
[2023-01-03T22:48:13.532+0100] {processor.py:753} INFO - DAG(s) dict_keys(['example_branch_operator']) retrieved from /home/chrisfleig/.local/lib/python3.10/site-packages/airflow/example_dags/example_branch_operator.py
[2023-01-03T22:48:13.560+0100] {logging_mixin.py:137} INFO - [2023-01-03T22:48:13.560+0100] {dag.py:2676} INFO - Sync 1 DAGs
[2023-01-03T22:48:13.581+0100] {logging_mixin.py:137} INFO - [2023-01-03T22:48:13.581+0100] {dag.py:3423} INFO - Setting next_dagrun for example_branch_operator to 2023-01-02T00:00:00+00:00, run_after=2023-01-03T00:00:00+00:00
[2023-01-03T22:48:13.622+0100] {processor.py:175} INFO - Processing /home/chrisfleig/.local/lib/python3.10/site-packages/airflow/example_dags/example_branch_operator.py took 0.116 seconds
[2023-01-03T22:48:54.471+0100] {processor.py:153} INFO - Started process (PID=9583) to work on /home/chrisfleig/.local/lib/python3.10/site-packages/airflow/example_dags/example_branch_operator.py
[2023-01-03T22:48:54.472+0100] {processor.py:743} INFO - Processing file /home/chrisfleig/.local/lib/python3.10/site-packages/airflow/example_dags/example_branch_operator.py for tasks to queue
[2023-01-03T22:48:54.473+0100] {logging_mixin.py:137} INFO - [2023-01-03T22:48:54.473+0100] {dagbag.py:538} INFO - Filling up the DagBag from /home/chrisfleig/.local/lib/python3.10/site-packages/airflow/example_dags/example_branch_operator.py
[2023-01-03T22:48:54.490+0100] {processor.py:753} INFO - DAG(s) dict_keys(['example_branch_operator']) retrieved from /home/chrisfleig/.local/lib/python3.10/site-packages/airflow/example_dags/example_branch_operator.py
[2023-01-03T22:48:54.513+0100] {logging_mixin.py:137} INFO - [2023-01-03T22:48:54.513+0100] {dag.py:2676} INFO - Sync 1 DAGs
[2023-01-03T22:48:54.532+0100] {logging_mixin.py:137} INFO - [2023-01-03T22:48:54.531+0100] {dag.py:3423} INFO - Setting next_dagrun for example_branch_operator to 2023-01-02T00:00:00+00:00, run_after=2023-01-03T00:00:00+00:00
[2023-01-03T22:48:54.576+0100] {processor.py:175} INFO - Processing /home/chrisfleig/.local/lib/python3.10/site-packages/airflow/example_dags/example_branch_operator.py took 0.107 seconds
[2023-01-03T22:49:34.091+0100] {processor.py:153} INFO - Started process (PID=9621) to work on /home/chrisfleig/.local/lib/python3.10/site-packages/airflow/example_dags/example_branch_operator.py
[2023-01-03T22:49:34.092+0100] {processor.py:743} INFO - Processing file /home/chrisfleig/.local/lib/python3.10/site-packages/airflow/example_dags/example_branch_operator.py for tasks to queue
[2023-01-03T22:49:34.093+0100] {logging_mixin.py:137} INFO - [2023-01-03T22:49:34.093+0100] {dagbag.py:538} INFO - Filling up the DagBag from /home/chrisfleig/.local/lib/python3.10/site-packages/airflow/example_dags/example_branch_operator.py
[2023-01-03T22:49:34.108+0100] {processor.py:753} INFO - DAG(s) dict_keys(['example_branch_operator']) retrieved from /home/chrisfleig/.local/lib/python3.10/site-packages/airflow/example_dags/example_branch_operator.py
[2023-01-03T22:49:34.128+0100] {logging_mixin.py:137} INFO - [2023-01-03T22:49:34.128+0100] {dag.py:2676} INFO - Sync 1 DAGs
[2023-01-03T22:49:34.147+0100] {logging_mixin.py:137} INFO - [2023-01-03T22:49:34.147+0100] {dag.py:3423} INFO - Setting next_dagrun for example_branch_operator to 2023-01-02T00:00:00+00:00, run_after=2023-01-03T00:00:00+00:00
[2023-01-03T22:49:34.189+0100] {processor.py:175} INFO - Processing /home/chrisfleig/.local/lib/python3.10/site-packages/airflow/example_dags/example_branch_operator.py took 0.101 seconds
[2023-01-03T22:50:13.945+0100] {processor.py:153} INFO - Started process (PID=9659) to work on /home/chrisfleig/.local/lib/python3.10/site-packages/airflow/example_dags/example_branch_operator.py
[2023-01-03T22:50:13.946+0100] {processor.py:743} INFO - Processing file /home/chrisfleig/.local/lib/python3.10/site-packages/airflow/example_dags/example_branch_operator.py for tasks to queue
[2023-01-03T22:50:13.947+0100] {logging_mixin.py:137} INFO - [2023-01-03T22:50:13.947+0100] {dagbag.py:538} INFO - Filling up the DagBag from /home/chrisfleig/.local/lib/python3.10/site-packages/airflow/example_dags/example_branch_operator.py
[2023-01-03T22:50:13.962+0100] {processor.py:753} INFO - DAG(s) dict_keys(['example_branch_operator']) retrieved from /home/chrisfleig/.local/lib/python3.10/site-packages/airflow/example_dags/example_branch_operator.py
[2023-01-03T22:50:13.986+0100] {logging_mixin.py:137} INFO - [2023-01-03T22:50:13.986+0100] {dag.py:2676} INFO - Sync 1 DAGs
[2023-01-03T22:50:14.006+0100] {logging_mixin.py:137} INFO - [2023-01-03T22:50:14.005+0100] {dag.py:3423} INFO - Setting next_dagrun for example_branch_operator to 2023-01-02T00:00:00+00:00, run_after=2023-01-03T00:00:00+00:00
[2023-01-03T22:50:14.042+0100] {processor.py:175} INFO - Processing /home/chrisfleig/.local/lib/python3.10/site-packages/airflow/example_dags/example_branch_operator.py took 0.100 seconds
[2023-01-03T22:50:53.316+0100] {processor.py:153} INFO - Started process (PID=9697) to work on /home/chrisfleig/.local/lib/python3.10/site-packages/airflow/example_dags/example_branch_operator.py
[2023-01-03T22:50:53.317+0100] {processor.py:743} INFO - Processing file /home/chrisfleig/.local/lib/python3.10/site-packages/airflow/example_dags/example_branch_operator.py for tasks to queue
[2023-01-03T22:50:53.317+0100] {logging_mixin.py:137} INFO - [2023-01-03T22:50:53.317+0100] {dagbag.py:538} INFO - Filling up the DagBag from /home/chrisfleig/.local/lib/python3.10/site-packages/airflow/example_dags/example_branch_operator.py
[2023-01-03T22:50:53.332+0100] {processor.py:753} INFO - DAG(s) dict_keys(['example_branch_operator']) retrieved from /home/chrisfleig/.local/lib/python3.10/site-packages/airflow/example_dags/example_branch_operator.py
[2023-01-03T22:50:53.353+0100] {logging_mixin.py:137} INFO - [2023-01-03T22:50:53.353+0100] {dag.py:2676} INFO - Sync 1 DAGs
[2023-01-03T22:50:53.371+0100] {logging_mixin.py:137} INFO - [2023-01-03T22:50:53.371+0100] {dag.py:3423} INFO - Setting next_dagrun for example_branch_operator to 2023-01-02T00:00:00+00:00, run_after=2023-01-03T00:00:00+00:00
[2023-01-03T22:50:53.405+0100] {processor.py:175} INFO - Processing /home/chrisfleig/.local/lib/python3.10/site-packages/airflow/example_dags/example_branch_operator.py took 0.092 seconds
[2023-01-03T22:51:31.245+0100] {processor.py:153} INFO - Started process (PID=9735) to work on /home/chrisfleig/.local/lib/python3.10/site-packages/airflow/example_dags/example_branch_operator.py
[2023-01-03T22:51:31.246+0100] {processor.py:743} INFO - Processing file /home/chrisfleig/.local/lib/python3.10/site-packages/airflow/example_dags/example_branch_operator.py for tasks to queue
[2023-01-03T22:51:31.247+0100] {logging_mixin.py:137} INFO - [2023-01-03T22:51:31.247+0100] {dagbag.py:538} INFO - Filling up the DagBag from /home/chrisfleig/.local/lib/python3.10/site-packages/airflow/example_dags/example_branch_operator.py
[2023-01-03T22:51:31.262+0100] {processor.py:753} INFO - DAG(s) dict_keys(['example_branch_operator']) retrieved from /home/chrisfleig/.local/lib/python3.10/site-packages/airflow/example_dags/example_branch_operator.py
[2023-01-03T22:51:31.283+0100] {logging_mixin.py:137} INFO - [2023-01-03T22:51:31.283+0100] {dag.py:2676} INFO - Sync 1 DAGs
[2023-01-03T22:51:31.301+0100] {logging_mixin.py:137} INFO - [2023-01-03T22:51:31.300+0100] {dag.py:3423} INFO - Setting next_dagrun for example_branch_operator to 2023-01-02T00:00:00+00:00, run_after=2023-01-03T00:00:00+00:00
[2023-01-03T22:51:31.335+0100] {processor.py:175} INFO - Processing /home/chrisfleig/.local/lib/python3.10/site-packages/airflow/example_dags/example_branch_operator.py took 0.092 seconds
[2023-01-03T22:52:11.588+0100] {processor.py:153} INFO - Started process (PID=9773) to work on /home/chrisfleig/.local/lib/python3.10/site-packages/airflow/example_dags/example_branch_operator.py
[2023-01-03T22:52:11.590+0100] {processor.py:743} INFO - Processing file /home/chrisfleig/.local/lib/python3.10/site-packages/airflow/example_dags/example_branch_operator.py for tasks to queue
[2023-01-03T22:52:11.591+0100] {logging_mixin.py:137} INFO - [2023-01-03T22:52:11.590+0100] {dagbag.py:538} INFO - Filling up the DagBag from /home/chrisfleig/.local/lib/python3.10/site-packages/airflow/example_dags/example_branch_operator.py
[2023-01-03T22:52:11.607+0100] {processor.py:753} INFO - DAG(s) dict_keys(['example_branch_operator']) retrieved from /home/chrisfleig/.local/lib/python3.10/site-packages/airflow/example_dags/example_branch_operator.py
[2023-01-03T22:52:11.629+0100] {logging_mixin.py:137} INFO - [2023-01-03T22:52:11.628+0100] {dag.py:2676} INFO - Sync 1 DAGs
[2023-01-03T22:52:11.646+0100] {logging_mixin.py:137} INFO - [2023-01-03T22:52:11.646+0100] {dag.py:3423} INFO - Setting next_dagrun for example_branch_operator to 2023-01-02T00:00:00+00:00, run_after=2023-01-03T00:00:00+00:00
[2023-01-03T22:52:11.686+0100] {processor.py:175} INFO - Processing /home/chrisfleig/.local/lib/python3.10/site-packages/airflow/example_dags/example_branch_operator.py took 0.102 seconds
[2023-01-03T22:52:51.826+0100] {processor.py:153} INFO - Started process (PID=9811) to work on /home/chrisfleig/.local/lib/python3.10/site-packages/airflow/example_dags/example_branch_operator.py
[2023-01-03T22:52:51.827+0100] {processor.py:743} INFO - Processing file /home/chrisfleig/.local/lib/python3.10/site-packages/airflow/example_dags/example_branch_operator.py for tasks to queue
[2023-01-03T22:52:51.828+0100] {logging_mixin.py:137} INFO - [2023-01-03T22:52:51.828+0100] {dagbag.py:538} INFO - Filling up the DagBag from /home/chrisfleig/.local/lib/python3.10/site-packages/airflow/example_dags/example_branch_operator.py
[2023-01-03T22:52:51.843+0100] {processor.py:753} INFO - DAG(s) dict_keys(['example_branch_operator']) retrieved from /home/chrisfleig/.local/lib/python3.10/site-packages/airflow/example_dags/example_branch_operator.py
[2023-01-03T22:52:51.864+0100] {logging_mixin.py:137} INFO - [2023-01-03T22:52:51.864+0100] {dag.py:2676} INFO - Sync 1 DAGs
[2023-01-03T22:52:51.882+0100] {logging_mixin.py:137} INFO - [2023-01-03T22:52:51.881+0100] {dag.py:3423} INFO - Setting next_dagrun for example_branch_operator to 2023-01-02T00:00:00+00:00, run_after=2023-01-03T00:00:00+00:00
[2023-01-03T22:52:51.916+0100] {processor.py:175} INFO - Processing /home/chrisfleig/.local/lib/python3.10/site-packages/airflow/example_dags/example_branch_operator.py took 0.092 seconds
[2023-01-03T22:53:29.796+0100] {processor.py:153} INFO - Started process (PID=9849) to work on /home/chrisfleig/.local/lib/python3.10/site-packages/airflow/example_dags/example_branch_operator.py
[2023-01-03T22:53:29.797+0100] {processor.py:743} INFO - Processing file /home/chrisfleig/.local/lib/python3.10/site-packages/airflow/example_dags/example_branch_operator.py for tasks to queue
[2023-01-03T22:53:29.797+0100] {logging_mixin.py:137} INFO - [2023-01-03T22:53:29.797+0100] {dagbag.py:538} INFO - Filling up the DagBag from /home/chrisfleig/.local/lib/python3.10/site-packages/airflow/example_dags/example_branch_operator.py
[2023-01-03T22:53:29.816+0100] {processor.py:753} INFO - DAG(s) dict_keys(['example_branch_operator']) retrieved from /home/chrisfleig/.local/lib/python3.10/site-packages/airflow/example_dags/example_branch_operator.py
[2023-01-03T22:53:29.838+0100] {logging_mixin.py:137} INFO - [2023-01-03T22:53:29.838+0100] {dag.py:2676} INFO - Sync 1 DAGs
[2023-01-03T22:53:29.856+0100] {logging_mixin.py:137} INFO - [2023-01-03T22:53:29.855+0100] {dag.py:3423} INFO - Setting next_dagrun for example_branch_operator to 2023-01-02T00:00:00+00:00, run_after=2023-01-03T00:00:00+00:00
[2023-01-03T22:53:29.893+0100] {processor.py:175} INFO - Processing /home/chrisfleig/.local/lib/python3.10/site-packages/airflow/example_dags/example_branch_operator.py took 0.099 seconds
[2023-01-03T22:54:12.739+0100] {processor.py:153} INFO - Started process (PID=9892) to work on /home/chrisfleig/.local/lib/python3.10/site-packages/airflow/example_dags/example_branch_operator.py
[2023-01-03T22:54:12.741+0100] {processor.py:743} INFO - Processing file /home/chrisfleig/.local/lib/python3.10/site-packages/airflow/example_dags/example_branch_operator.py for tasks to queue
[2023-01-03T22:54:12.742+0100] {logging_mixin.py:137} INFO - [2023-01-03T22:54:12.742+0100] {dagbag.py:538} INFO - Filling up the DagBag from /home/chrisfleig/.local/lib/python3.10/site-packages/airflow/example_dags/example_branch_operator.py
[2023-01-03T22:54:12.767+0100] {processor.py:753} INFO - DAG(s) dict_keys(['example_branch_operator']) retrieved from /home/chrisfleig/.local/lib/python3.10/site-packages/airflow/example_dags/example_branch_operator.py
[2023-01-03T22:54:12.811+0100] {logging_mixin.py:137} INFO - [2023-01-03T22:54:12.811+0100] {dag.py:2676} INFO - Sync 1 DAGs
[2023-01-03T22:54:12.843+0100] {logging_mixin.py:137} INFO - [2023-01-03T22:54:12.843+0100] {dag.py:3423} INFO - Setting next_dagrun for example_branch_operator to 2023-01-02T00:00:00+00:00, run_after=2023-01-03T00:00:00+00:00
[2023-01-03T22:54:12.885+0100] {processor.py:175} INFO - Processing /home/chrisfleig/.local/lib/python3.10/site-packages/airflow/example_dags/example_branch_operator.py took 0.152 seconds
[2023-01-03T22:54:56.309+0100] {processor.py:153} INFO - Started process (PID=9932) to work on /home/chrisfleig/.local/lib/python3.10/site-packages/airflow/example_dags/example_branch_operator.py
[2023-01-03T22:54:56.310+0100] {processor.py:743} INFO - Processing file /home/chrisfleig/.local/lib/python3.10/site-packages/airflow/example_dags/example_branch_operator.py for tasks to queue
[2023-01-03T22:54:56.311+0100] {logging_mixin.py:137} INFO - [2023-01-03T22:54:56.311+0100] {dagbag.py:538} INFO - Filling up the DagBag from /home/chrisfleig/.local/lib/python3.10/site-packages/airflow/example_dags/example_branch_operator.py
[2023-01-03T22:54:56.327+0100] {processor.py:753} INFO - DAG(s) dict_keys(['example_branch_operator']) retrieved from /home/chrisfleig/.local/lib/python3.10/site-packages/airflow/example_dags/example_branch_operator.py
[2023-01-03T22:54:56.351+0100] {logging_mixin.py:137} INFO - [2023-01-03T22:54:56.351+0100] {dag.py:2676} INFO - Sync 1 DAGs
[2023-01-03T22:54:56.375+0100] {logging_mixin.py:137} INFO - [2023-01-03T22:54:56.375+0100] {dag.py:3423} INFO - Setting next_dagrun for example_branch_operator to 2023-01-02T00:00:00+00:00, run_after=2023-01-03T00:00:00+00:00
[2023-01-03T22:54:56.462+0100] {processor.py:175} INFO - Processing /home/chrisfleig/.local/lib/python3.10/site-packages/airflow/example_dags/example_branch_operator.py took 0.156 seconds
[2023-01-03T22:55:38.405+0100] {processor.py:153} INFO - Started process (PID=9970) to work on /home/chrisfleig/.local/lib/python3.10/site-packages/airflow/example_dags/example_branch_operator.py
[2023-01-03T22:55:38.406+0100] {processor.py:743} INFO - Processing file /home/chrisfleig/.local/lib/python3.10/site-packages/airflow/example_dags/example_branch_operator.py for tasks to queue
[2023-01-03T22:55:38.407+0100] {logging_mixin.py:137} INFO - [2023-01-03T22:55:38.406+0100] {dagbag.py:538} INFO - Filling up the DagBag from /home/chrisfleig/.local/lib/python3.10/site-packages/airflow/example_dags/example_branch_operator.py
[2023-01-03T22:55:38.424+0100] {processor.py:753} INFO - DAG(s) dict_keys(['example_branch_operator']) retrieved from /home/chrisfleig/.local/lib/python3.10/site-packages/airflow/example_dags/example_branch_operator.py
[2023-01-03T22:55:38.450+0100] {logging_mixin.py:137} INFO - [2023-01-03T22:55:38.449+0100] {dag.py:2676} INFO - Sync 1 DAGs
[2023-01-03T22:55:38.472+0100] {logging_mixin.py:137} INFO - [2023-01-03T22:55:38.472+0100] {dag.py:3423} INFO - Setting next_dagrun for example_branch_operator to 2023-01-02T00:00:00+00:00, run_after=2023-01-03T00:00:00+00:00
[2023-01-03T22:55:38.513+0100] {processor.py:175} INFO - Processing /home/chrisfleig/.local/lib/python3.10/site-packages/airflow/example_dags/example_branch_operator.py took 0.111 seconds
[2023-01-03T22:56:19.893+0100] {processor.py:153} INFO - Started process (PID=10013) to work on /home/chrisfleig/.local/lib/python3.10/site-packages/airflow/example_dags/example_branch_operator.py
[2023-01-03T22:56:19.895+0100] {processor.py:743} INFO - Processing file /home/chrisfleig/.local/lib/python3.10/site-packages/airflow/example_dags/example_branch_operator.py for tasks to queue
[2023-01-03T22:56:19.896+0100] {logging_mixin.py:137} INFO - [2023-01-03T22:56:19.896+0100] {dagbag.py:538} INFO - Filling up the DagBag from /home/chrisfleig/.local/lib/python3.10/site-packages/airflow/example_dags/example_branch_operator.py
[2023-01-03T22:56:19.958+0100] {processor.py:753} INFO - DAG(s) dict_keys(['example_branch_operator']) retrieved from /home/chrisfleig/.local/lib/python3.10/site-packages/airflow/example_dags/example_branch_operator.py
[2023-01-03T22:56:20.048+0100] {logging_mixin.py:137} INFO - [2023-01-03T22:56:20.047+0100] {dag.py:2676} INFO - Sync 1 DAGs
[2023-01-03T22:56:20.109+0100] {logging_mixin.py:137} INFO - [2023-01-03T22:56:20.109+0100] {dag.py:3423} INFO - Setting next_dagrun for example_branch_operator to 2023-01-02T00:00:00+00:00, run_after=2023-01-03T00:00:00+00:00
[2023-01-03T22:56:20.171+0100] {processor.py:175} INFO - Processing /home/chrisfleig/.local/lib/python3.10/site-packages/airflow/example_dags/example_branch_operator.py took 0.283 seconds
[2023-01-03T22:57:03.443+0100] {processor.py:153} INFO - Started process (PID=10052) to work on /home/chrisfleig/.local/lib/python3.10/site-packages/airflow/example_dags/example_branch_operator.py
[2023-01-03T22:57:03.444+0100] {processor.py:743} INFO - Processing file /home/chrisfleig/.local/lib/python3.10/site-packages/airflow/example_dags/example_branch_operator.py for tasks to queue
[2023-01-03T22:57:03.445+0100] {logging_mixin.py:137} INFO - [2023-01-03T22:57:03.445+0100] {dagbag.py:538} INFO - Filling up the DagBag from /home/chrisfleig/.local/lib/python3.10/site-packages/airflow/example_dags/example_branch_operator.py
[2023-01-03T22:57:03.463+0100] {processor.py:753} INFO - DAG(s) dict_keys(['example_branch_operator']) retrieved from /home/chrisfleig/.local/lib/python3.10/site-packages/airflow/example_dags/example_branch_operator.py
[2023-01-03T22:57:03.492+0100] {logging_mixin.py:137} INFO - [2023-01-03T22:57:03.491+0100] {dag.py:2676} INFO - Sync 1 DAGs
[2023-01-03T22:57:03.515+0100] {logging_mixin.py:137} INFO - [2023-01-03T22:57:03.514+0100] {dag.py:3423} INFO - Setting next_dagrun for example_branch_operator to 2023-01-02T00:00:00+00:00, run_after=2023-01-03T00:00:00+00:00
[2023-01-03T22:57:03.550+0100] {processor.py:175} INFO - Processing /home/chrisfleig/.local/lib/python3.10/site-packages/airflow/example_dags/example_branch_operator.py took 0.110 seconds
