[2023-01-03T22:11:22.721+0100] {processor.py:153} INFO - Started process (PID=8215) to work on /home/chrisfleig/.local/lib/python3.10/site-packages/airflow/example_dags/example_short_circuit_operator.py
[2023-01-03T22:11:22.722+0100] {processor.py:743} INFO - Processing file /home/chrisfleig/.local/lib/python3.10/site-packages/airflow/example_dags/example_short_circuit_operator.py for tasks to queue
[2023-01-03T22:11:22.722+0100] {logging_mixin.py:137} INFO - [2023-01-03T22:11:22.722+0100] {dagbag.py:538} INFO - Filling up the DagBag from /home/chrisfleig/.local/lib/python3.10/site-packages/airflow/example_dags/example_short_circuit_operator.py
[2023-01-03T22:11:22.740+0100] {processor.py:753} INFO - DAG(s) dict_keys(['example_short_circuit_operator']) retrieved from /home/chrisfleig/.local/lib/python3.10/site-packages/airflow/example_dags/example_short_circuit_operator.py
[2023-01-03T22:11:22.885+0100] {logging_mixin.py:137} INFO - [2023-01-03T22:11:22.885+0100] {manager.py:504} INFO - Created Permission View: can edit on DAG:example_short_circuit_operator
[2023-01-03T22:11:22.915+0100] {logging_mixin.py:137} INFO - [2023-01-03T22:11:22.915+0100] {manager.py:504} INFO - Created Permission View: can delete on DAG:example_short_circuit_operator
[2023-01-03T22:11:22.940+0100] {logging_mixin.py:137} INFO - [2023-01-03T22:11:22.939+0100] {manager.py:504} INFO - Created Permission View: can read on DAG:example_short_circuit_operator
[2023-01-03T22:11:22.940+0100] {logging_mixin.py:137} INFO - [2023-01-03T22:11:22.940+0100] {dag.py:2676} INFO - Sync 1 DAGs
[2023-01-03T22:11:22.949+0100] {logging_mixin.py:137} INFO - [2023-01-03T22:11:22.948+0100] {dag.py:2697} INFO - Creating ORM DAG for example_short_circuit_operator
[2023-01-03T22:11:22.957+0100] {logging_mixin.py:137} INFO - [2023-01-03T22:11:22.957+0100] {dag.py:3423} INFO - Setting next_dagrun for example_short_circuit_operator to 2023-01-02T21:11:22.956837+00:00, run_after=2023-01-03T21:11:22.956837+00:00
[2023-01-03T22:11:23.002+0100] {processor.py:175} INFO - Processing /home/chrisfleig/.local/lib/python3.10/site-packages/airflow/example_dags/example_short_circuit_operator.py took 0.285 seconds
[2023-01-03T22:12:01.892+0100] {processor.py:153} INFO - Started process (PID=8253) to work on /home/chrisfleig/.local/lib/python3.10/site-packages/airflow/example_dags/example_short_circuit_operator.py
[2023-01-03T22:12:01.893+0100] {processor.py:743} INFO - Processing file /home/chrisfleig/.local/lib/python3.10/site-packages/airflow/example_dags/example_short_circuit_operator.py for tasks to queue
[2023-01-03T22:12:01.893+0100] {logging_mixin.py:137} INFO - [2023-01-03T22:12:01.893+0100] {dagbag.py:538} INFO - Filling up the DagBag from /home/chrisfleig/.local/lib/python3.10/site-packages/airflow/example_dags/example_short_circuit_operator.py
[2023-01-03T22:12:01.908+0100] {processor.py:753} INFO - DAG(s) dict_keys(['example_short_circuit_operator']) retrieved from /home/chrisfleig/.local/lib/python3.10/site-packages/airflow/example_dags/example_short_circuit_operator.py
[2023-01-03T22:12:01.930+0100] {logging_mixin.py:137} INFO - [2023-01-03T22:12:01.930+0100] {dag.py:2676} INFO - Sync 1 DAGs
[2023-01-03T22:12:01.946+0100] {logging_mixin.py:137} INFO - [2023-01-03T22:12:01.946+0100] {dag.py:3423} INFO - Setting next_dagrun for example_short_circuit_operator to 2023-01-02T21:12:01.946197+00:00, run_after=2023-01-03T21:12:01.946197+00:00
[2023-01-03T22:12:01.984+0100] {processor.py:175} INFO - Processing /home/chrisfleig/.local/lib/python3.10/site-packages/airflow/example_dags/example_short_circuit_operator.py took 0.094 seconds
[2023-01-03T22:12:41.179+0100] {processor.py:153} INFO - Started process (PID=8291) to work on /home/chrisfleig/.local/lib/python3.10/site-packages/airflow/example_dags/example_short_circuit_operator.py
[2023-01-03T22:12:41.181+0100] {processor.py:743} INFO - Processing file /home/chrisfleig/.local/lib/python3.10/site-packages/airflow/example_dags/example_short_circuit_operator.py for tasks to queue
[2023-01-03T22:12:41.181+0100] {logging_mixin.py:137} INFO - [2023-01-03T22:12:41.181+0100] {dagbag.py:538} INFO - Filling up the DagBag from /home/chrisfleig/.local/lib/python3.10/site-packages/airflow/example_dags/example_short_circuit_operator.py
[2023-01-03T22:12:41.196+0100] {processor.py:753} INFO - DAG(s) dict_keys(['example_short_circuit_operator']) retrieved from /home/chrisfleig/.local/lib/python3.10/site-packages/airflow/example_dags/example_short_circuit_operator.py
[2023-01-03T22:12:41.216+0100] {logging_mixin.py:137} INFO - [2023-01-03T22:12:41.216+0100] {dag.py:2676} INFO - Sync 1 DAGs
[2023-01-03T22:12:41.232+0100] {logging_mixin.py:137} INFO - [2023-01-03T22:12:41.232+0100] {dag.py:3423} INFO - Setting next_dagrun for example_short_circuit_operator to 2023-01-02T21:12:41.232585+00:00, run_after=2023-01-03T21:12:41.232585+00:00
[2023-01-03T22:12:41.273+0100] {processor.py:175} INFO - Processing /home/chrisfleig/.local/lib/python3.10/site-packages/airflow/example_dags/example_short_circuit_operator.py took 0.096 seconds
[2023-01-03T22:13:19.278+0100] {processor.py:153} INFO - Started process (PID=8329) to work on /home/chrisfleig/.local/lib/python3.10/site-packages/airflow/example_dags/example_short_circuit_operator.py
[2023-01-03T22:13:19.280+0100] {processor.py:743} INFO - Processing file /home/chrisfleig/.local/lib/python3.10/site-packages/airflow/example_dags/example_short_circuit_operator.py for tasks to queue
[2023-01-03T22:13:19.282+0100] {logging_mixin.py:137} INFO - [2023-01-03T22:13:19.281+0100] {dagbag.py:538} INFO - Filling up the DagBag from /home/chrisfleig/.local/lib/python3.10/site-packages/airflow/example_dags/example_short_circuit_operator.py
[2023-01-03T22:13:19.315+0100] {processor.py:753} INFO - DAG(s) dict_keys(['example_short_circuit_operator']) retrieved from /home/chrisfleig/.local/lib/python3.10/site-packages/airflow/example_dags/example_short_circuit_operator.py
[2023-01-03T22:13:19.351+0100] {logging_mixin.py:137} INFO - [2023-01-03T22:13:19.350+0100] {dag.py:2676} INFO - Sync 1 DAGs
[2023-01-03T22:13:19.379+0100] {logging_mixin.py:137} INFO - [2023-01-03T22:13:19.379+0100] {dag.py:3423} INFO - Setting next_dagrun for example_short_circuit_operator to 2023-01-02T21:13:19.379413+00:00, run_after=2023-01-03T21:13:19.379413+00:00
[2023-01-03T22:13:19.432+0100] {processor.py:175} INFO - Processing /home/chrisfleig/.local/lib/python3.10/site-packages/airflow/example_dags/example_short_circuit_operator.py took 0.159 seconds
[2023-01-03T22:13:58.123+0100] {processor.py:153} INFO - Started process (PID=8367) to work on /home/chrisfleig/.local/lib/python3.10/site-packages/airflow/example_dags/example_short_circuit_operator.py
[2023-01-03T22:13:58.124+0100] {processor.py:743} INFO - Processing file /home/chrisfleig/.local/lib/python3.10/site-packages/airflow/example_dags/example_short_circuit_operator.py for tasks to queue
[2023-01-03T22:13:58.125+0100] {logging_mixin.py:137} INFO - [2023-01-03T22:13:58.125+0100] {dagbag.py:538} INFO - Filling up the DagBag from /home/chrisfleig/.local/lib/python3.10/site-packages/airflow/example_dags/example_short_circuit_operator.py
[2023-01-03T22:13:58.139+0100] {processor.py:753} INFO - DAG(s) dict_keys(['example_short_circuit_operator']) retrieved from /home/chrisfleig/.local/lib/python3.10/site-packages/airflow/example_dags/example_short_circuit_operator.py
[2023-01-03T22:13:58.163+0100] {logging_mixin.py:137} INFO - [2023-01-03T22:13:58.163+0100] {dag.py:2676} INFO - Sync 1 DAGs
[2023-01-03T22:13:58.180+0100] {logging_mixin.py:137} INFO - [2023-01-03T22:13:58.180+0100] {dag.py:3423} INFO - Setting next_dagrun for example_short_circuit_operator to 2023-01-02T21:13:58.180165+00:00, run_after=2023-01-03T21:13:58.180165+00:00
[2023-01-03T22:13:58.217+0100] {processor.py:175} INFO - Processing /home/chrisfleig/.local/lib/python3.10/site-packages/airflow/example_dags/example_short_circuit_operator.py took 0.096 seconds
[2023-01-03T22:14:37.630+0100] {processor.py:153} INFO - Started process (PID=8405) to work on /home/chrisfleig/.local/lib/python3.10/site-packages/airflow/example_dags/example_short_circuit_operator.py
[2023-01-03T22:14:37.631+0100] {processor.py:743} INFO - Processing file /home/chrisfleig/.local/lib/python3.10/site-packages/airflow/example_dags/example_short_circuit_operator.py for tasks to queue
[2023-01-03T22:14:37.632+0100] {logging_mixin.py:137} INFO - [2023-01-03T22:14:37.632+0100] {dagbag.py:538} INFO - Filling up the DagBag from /home/chrisfleig/.local/lib/python3.10/site-packages/airflow/example_dags/example_short_circuit_operator.py
[2023-01-03T22:14:37.647+0100] {processor.py:753} INFO - DAG(s) dict_keys(['example_short_circuit_operator']) retrieved from /home/chrisfleig/.local/lib/python3.10/site-packages/airflow/example_dags/example_short_circuit_operator.py
[2023-01-03T22:14:37.669+0100] {logging_mixin.py:137} INFO - [2023-01-03T22:14:37.669+0100] {dag.py:2676} INFO - Sync 1 DAGs
[2023-01-03T22:14:37.689+0100] {logging_mixin.py:137} INFO - [2023-01-03T22:14:37.689+0100] {dag.py:3423} INFO - Setting next_dagrun for example_short_circuit_operator to 2023-01-02T21:14:37.688989+00:00, run_after=2023-01-03T21:14:37.688989+00:00
[2023-01-03T22:14:37.725+0100] {processor.py:175} INFO - Processing /home/chrisfleig/.local/lib/python3.10/site-packages/airflow/example_dags/example_short_circuit_operator.py took 0.097 seconds
[2023-01-03T22:15:16.371+0100] {processor.py:153} INFO - Started process (PID=8443) to work on /home/chrisfleig/.local/lib/python3.10/site-packages/airflow/example_dags/example_short_circuit_operator.py
[2023-01-03T22:15:16.372+0100] {processor.py:743} INFO - Processing file /home/chrisfleig/.local/lib/python3.10/site-packages/airflow/example_dags/example_short_circuit_operator.py for tasks to queue
[2023-01-03T22:15:16.373+0100] {logging_mixin.py:137} INFO - [2023-01-03T22:15:16.372+0100] {dagbag.py:538} INFO - Filling up the DagBag from /home/chrisfleig/.local/lib/python3.10/site-packages/airflow/example_dags/example_short_circuit_operator.py
[2023-01-03T22:15:16.388+0100] {processor.py:753} INFO - DAG(s) dict_keys(['example_short_circuit_operator']) retrieved from /home/chrisfleig/.local/lib/python3.10/site-packages/airflow/example_dags/example_short_circuit_operator.py
[2023-01-03T22:15:16.411+0100] {logging_mixin.py:137} INFO - [2023-01-03T22:15:16.411+0100] {dag.py:2676} INFO - Sync 1 DAGs
[2023-01-03T22:15:16.430+0100] {logging_mixin.py:137} INFO - [2023-01-03T22:15:16.430+0100] {dag.py:3423} INFO - Setting next_dagrun for example_short_circuit_operator to 2023-01-02T21:15:16.430467+00:00, run_after=2023-01-03T21:15:16.430467+00:00
[2023-01-03T22:15:16.466+0100] {processor.py:175} INFO - Processing /home/chrisfleig/.local/lib/python3.10/site-packages/airflow/example_dags/example_short_circuit_operator.py took 0.098 seconds
[2023-01-03T22:31:50.660+0100] {processor.py:153} INFO - Started process (PID=8578) to work on /home/chrisfleig/.local/lib/python3.10/site-packages/airflow/example_dags/example_short_circuit_operator.py
[2023-01-03T22:31:50.662+0100] {processor.py:743} INFO - Processing file /home/chrisfleig/.local/lib/python3.10/site-packages/airflow/example_dags/example_short_circuit_operator.py for tasks to queue
[2023-01-03T22:31:50.662+0100] {logging_mixin.py:137} INFO - [2023-01-03T22:31:50.662+0100] {dagbag.py:538} INFO - Filling up the DagBag from /home/chrisfleig/.local/lib/python3.10/site-packages/airflow/example_dags/example_short_circuit_operator.py
[2023-01-03T22:31:50.677+0100] {processor.py:753} INFO - DAG(s) dict_keys(['example_short_circuit_operator']) retrieved from /home/chrisfleig/.local/lib/python3.10/site-packages/airflow/example_dags/example_short_circuit_operator.py
[2023-01-03T22:31:50.700+0100] {logging_mixin.py:137} INFO - [2023-01-03T22:31:50.700+0100] {dag.py:2676} INFO - Sync 1 DAGs
[2023-01-03T22:31:50.720+0100] {logging_mixin.py:137} INFO - [2023-01-03T22:31:50.720+0100] {dag.py:3423} INFO - Setting next_dagrun for example_short_circuit_operator to 2023-01-02T21:31:50.719934+00:00, run_after=2023-01-03T21:31:50.719934+00:00
[2023-01-03T22:31:50.760+0100] {processor.py:175} INFO - Processing /home/chrisfleig/.local/lib/python3.10/site-packages/airflow/example_dags/example_short_circuit_operator.py took 0.103 seconds
[2023-01-03T22:32:30.305+0100] {processor.py:153} INFO - Started process (PID=8616) to work on /home/chrisfleig/.local/lib/python3.10/site-packages/airflow/example_dags/example_short_circuit_operator.py
[2023-01-03T22:32:30.307+0100] {processor.py:743} INFO - Processing file /home/chrisfleig/.local/lib/python3.10/site-packages/airflow/example_dags/example_short_circuit_operator.py for tasks to queue
[2023-01-03T22:32:30.307+0100] {logging_mixin.py:137} INFO - [2023-01-03T22:32:30.307+0100] {dagbag.py:538} INFO - Filling up the DagBag from /home/chrisfleig/.local/lib/python3.10/site-packages/airflow/example_dags/example_short_circuit_operator.py
[2023-01-03T22:32:30.320+0100] {processor.py:753} INFO - DAG(s) dict_keys(['example_short_circuit_operator']) retrieved from /home/chrisfleig/.local/lib/python3.10/site-packages/airflow/example_dags/example_short_circuit_operator.py
[2023-01-03T22:32:30.342+0100] {logging_mixin.py:137} INFO - [2023-01-03T22:32:30.342+0100] {dag.py:2676} INFO - Sync 1 DAGs
[2023-01-03T22:32:30.358+0100] {logging_mixin.py:137} INFO - [2023-01-03T22:32:30.358+0100] {dag.py:3423} INFO - Setting next_dagrun for example_short_circuit_operator to 2023-01-02T21:32:30.358396+00:00, run_after=2023-01-03T21:32:30.358396+00:00
[2023-01-03T22:32:30.392+0100] {processor.py:175} INFO - Processing /home/chrisfleig/.local/lib/python3.10/site-packages/airflow/example_dags/example_short_circuit_operator.py took 0.089 seconds
[2023-01-03T22:33:08.886+0100] {processor.py:153} INFO - Started process (PID=8654) to work on /home/chrisfleig/.local/lib/python3.10/site-packages/airflow/example_dags/example_short_circuit_operator.py
[2023-01-03T22:33:08.887+0100] {processor.py:743} INFO - Processing file /home/chrisfleig/.local/lib/python3.10/site-packages/airflow/example_dags/example_short_circuit_operator.py for tasks to queue
[2023-01-03T22:33:08.888+0100] {logging_mixin.py:137} INFO - [2023-01-03T22:33:08.888+0100] {dagbag.py:538} INFO - Filling up the DagBag from /home/chrisfleig/.local/lib/python3.10/site-packages/airflow/example_dags/example_short_circuit_operator.py
[2023-01-03T22:33:08.902+0100] {processor.py:753} INFO - DAG(s) dict_keys(['example_short_circuit_operator']) retrieved from /home/chrisfleig/.local/lib/python3.10/site-packages/airflow/example_dags/example_short_circuit_operator.py
[2023-01-03T22:33:08.924+0100] {logging_mixin.py:137} INFO - [2023-01-03T22:33:08.924+0100] {dag.py:2676} INFO - Sync 1 DAGs
[2023-01-03T22:33:08.942+0100] {logging_mixin.py:137} INFO - [2023-01-03T22:33:08.942+0100] {dag.py:3423} INFO - Setting next_dagrun for example_short_circuit_operator to 2023-01-02T21:33:08.941883+00:00, run_after=2023-01-03T21:33:08.941883+00:00
[2023-01-03T22:33:08.977+0100] {processor.py:175} INFO - Processing /home/chrisfleig/.local/lib/python3.10/site-packages/airflow/example_dags/example_short_circuit_operator.py took 0.093 seconds
[2023-01-03T22:33:47.556+0100] {processor.py:153} INFO - Started process (PID=8692) to work on /home/chrisfleig/.local/lib/python3.10/site-packages/airflow/example_dags/example_short_circuit_operator.py
[2023-01-03T22:33:47.557+0100] {processor.py:743} INFO - Processing file /home/chrisfleig/.local/lib/python3.10/site-packages/airflow/example_dags/example_short_circuit_operator.py for tasks to queue
[2023-01-03T22:33:47.558+0100] {logging_mixin.py:137} INFO - [2023-01-03T22:33:47.558+0100] {dagbag.py:538} INFO - Filling up the DagBag from /home/chrisfleig/.local/lib/python3.10/site-packages/airflow/example_dags/example_short_circuit_operator.py
[2023-01-03T22:33:47.572+0100] {processor.py:753} INFO - DAG(s) dict_keys(['example_short_circuit_operator']) retrieved from /home/chrisfleig/.local/lib/python3.10/site-packages/airflow/example_dags/example_short_circuit_operator.py
[2023-01-03T22:33:47.597+0100] {logging_mixin.py:137} INFO - [2023-01-03T22:33:47.597+0100] {dag.py:2676} INFO - Sync 1 DAGs
[2023-01-03T22:33:47.614+0100] {logging_mixin.py:137} INFO - [2023-01-03T22:33:47.613+0100] {dag.py:3423} INFO - Setting next_dagrun for example_short_circuit_operator to 2023-01-02T21:33:47.613717+00:00, run_after=2023-01-03T21:33:47.613717+00:00
[2023-01-03T22:33:47.653+0100] {processor.py:175} INFO - Processing /home/chrisfleig/.local/lib/python3.10/site-packages/airflow/example_dags/example_short_circuit_operator.py took 0.099 seconds
[2023-01-03T22:34:28.842+0100] {processor.py:153} INFO - Started process (PID=8730) to work on /home/chrisfleig/.local/lib/python3.10/site-packages/airflow/example_dags/example_short_circuit_operator.py
[2023-01-03T22:34:28.843+0100] {processor.py:743} INFO - Processing file /home/chrisfleig/.local/lib/python3.10/site-packages/airflow/example_dags/example_short_circuit_operator.py for tasks to queue
[2023-01-03T22:34:28.844+0100] {logging_mixin.py:137} INFO - [2023-01-03T22:34:28.843+0100] {dagbag.py:538} INFO - Filling up the DagBag from /home/chrisfleig/.local/lib/python3.10/site-packages/airflow/example_dags/example_short_circuit_operator.py
[2023-01-03T22:34:28.859+0100] {processor.py:753} INFO - DAG(s) dict_keys(['example_short_circuit_operator']) retrieved from /home/chrisfleig/.local/lib/python3.10/site-packages/airflow/example_dags/example_short_circuit_operator.py
[2023-01-03T22:34:28.881+0100] {logging_mixin.py:137} INFO - [2023-01-03T22:34:28.881+0100] {dag.py:2676} INFO - Sync 1 DAGs
[2023-01-03T22:34:28.899+0100] {logging_mixin.py:137} INFO - [2023-01-03T22:34:28.898+0100] {dag.py:3423} INFO - Setting next_dagrun for example_short_circuit_operator to 2023-01-02T21:34:28.898691+00:00, run_after=2023-01-03T21:34:28.898691+00:00
[2023-01-03T22:34:28.934+0100] {processor.py:175} INFO - Processing /home/chrisfleig/.local/lib/python3.10/site-packages/airflow/example_dags/example_short_circuit_operator.py took 0.095 seconds
[2023-01-03T22:35:07.173+0100] {processor.py:153} INFO - Started process (PID=8768) to work on /home/chrisfleig/.local/lib/python3.10/site-packages/airflow/example_dags/example_short_circuit_operator.py
[2023-01-03T22:35:07.174+0100] {processor.py:743} INFO - Processing file /home/chrisfleig/.local/lib/python3.10/site-packages/airflow/example_dags/example_short_circuit_operator.py for tasks to queue
[2023-01-03T22:35:07.175+0100] {logging_mixin.py:137} INFO - [2023-01-03T22:35:07.175+0100] {dagbag.py:538} INFO - Filling up the DagBag from /home/chrisfleig/.local/lib/python3.10/site-packages/airflow/example_dags/example_short_circuit_operator.py
[2023-01-03T22:35:07.193+0100] {processor.py:753} INFO - DAG(s) dict_keys(['example_short_circuit_operator']) retrieved from /home/chrisfleig/.local/lib/python3.10/site-packages/airflow/example_dags/example_short_circuit_operator.py
[2023-01-03T22:35:07.216+0100] {logging_mixin.py:137} INFO - [2023-01-03T22:35:07.216+0100] {dag.py:2676} INFO - Sync 1 DAGs
[2023-01-03T22:35:07.234+0100] {logging_mixin.py:137} INFO - [2023-01-03T22:35:07.234+0100] {dag.py:3423} INFO - Setting next_dagrun for example_short_circuit_operator to 2023-01-02T21:35:07.233927+00:00, run_after=2023-01-03T21:35:07.233927+00:00
[2023-01-03T22:35:07.270+0100] {processor.py:175} INFO - Processing /home/chrisfleig/.local/lib/python3.10/site-packages/airflow/example_dags/example_short_circuit_operator.py took 0.100 seconds
[2023-01-03T22:35:47.308+0100] {processor.py:153} INFO - Started process (PID=8806) to work on /home/chrisfleig/.local/lib/python3.10/site-packages/airflow/example_dags/example_short_circuit_operator.py
[2023-01-03T22:35:47.309+0100] {processor.py:743} INFO - Processing file /home/chrisfleig/.local/lib/python3.10/site-packages/airflow/example_dags/example_short_circuit_operator.py for tasks to queue
[2023-01-03T22:35:47.309+0100] {logging_mixin.py:137} INFO - [2023-01-03T22:35:47.309+0100] {dagbag.py:538} INFO - Filling up the DagBag from /home/chrisfleig/.local/lib/python3.10/site-packages/airflow/example_dags/example_short_circuit_operator.py
[2023-01-03T22:35:47.323+0100] {processor.py:753} INFO - DAG(s) dict_keys(['example_short_circuit_operator']) retrieved from /home/chrisfleig/.local/lib/python3.10/site-packages/airflow/example_dags/example_short_circuit_operator.py
[2023-01-03T22:35:47.343+0100] {logging_mixin.py:137} INFO - [2023-01-03T22:35:47.343+0100] {dag.py:2676} INFO - Sync 1 DAGs
[2023-01-03T22:35:47.361+0100] {logging_mixin.py:137} INFO - [2023-01-03T22:35:47.361+0100] {dag.py:3423} INFO - Setting next_dagrun for example_short_circuit_operator to 2023-01-02T21:35:47.361206+00:00, run_after=2023-01-03T21:35:47.361206+00:00
[2023-01-03T22:35:47.401+0100] {processor.py:175} INFO - Processing /home/chrisfleig/.local/lib/python3.10/site-packages/airflow/example_dags/example_short_circuit_operator.py took 0.096 seconds
[2023-01-03T22:36:24.627+0100] {processor.py:153} INFO - Started process (PID=8844) to work on /home/chrisfleig/.local/lib/python3.10/site-packages/airflow/example_dags/example_short_circuit_operator.py
[2023-01-03T22:36:24.628+0100] {processor.py:743} INFO - Processing file /home/chrisfleig/.local/lib/python3.10/site-packages/airflow/example_dags/example_short_circuit_operator.py for tasks to queue
[2023-01-03T22:36:24.629+0100] {logging_mixin.py:137} INFO - [2023-01-03T22:36:24.629+0100] {dagbag.py:538} INFO - Filling up the DagBag from /home/chrisfleig/.local/lib/python3.10/site-packages/airflow/example_dags/example_short_circuit_operator.py
[2023-01-03T22:36:24.642+0100] {processor.py:753} INFO - DAG(s) dict_keys(['example_short_circuit_operator']) retrieved from /home/chrisfleig/.local/lib/python3.10/site-packages/airflow/example_dags/example_short_circuit_operator.py
[2023-01-03T22:36:24.663+0100] {logging_mixin.py:137} INFO - [2023-01-03T22:36:24.663+0100] {dag.py:2676} INFO - Sync 1 DAGs
[2023-01-03T22:36:24.680+0100] {logging_mixin.py:137} INFO - [2023-01-03T22:36:24.680+0100] {dag.py:3423} INFO - Setting next_dagrun for example_short_circuit_operator to 2023-01-02T21:36:24.680321+00:00, run_after=2023-01-03T21:36:24.680321+00:00
[2023-01-03T22:36:24.716+0100] {processor.py:175} INFO - Processing /home/chrisfleig/.local/lib/python3.10/site-packages/airflow/example_dags/example_short_circuit_operator.py took 0.091 seconds
[2023-01-03T22:37:02.978+0100] {processor.py:153} INFO - Started process (PID=8882) to work on /home/chrisfleig/.local/lib/python3.10/site-packages/airflow/example_dags/example_short_circuit_operator.py
[2023-01-03T22:37:02.979+0100] {processor.py:743} INFO - Processing file /home/chrisfleig/.local/lib/python3.10/site-packages/airflow/example_dags/example_short_circuit_operator.py for tasks to queue
[2023-01-03T22:37:02.980+0100] {logging_mixin.py:137} INFO - [2023-01-03T22:37:02.980+0100] {dagbag.py:538} INFO - Filling up the DagBag from /home/chrisfleig/.local/lib/python3.10/site-packages/airflow/example_dags/example_short_circuit_operator.py
[2023-01-03T22:37:02.993+0100] {processor.py:753} INFO - DAG(s) dict_keys(['example_short_circuit_operator']) retrieved from /home/chrisfleig/.local/lib/python3.10/site-packages/airflow/example_dags/example_short_circuit_operator.py
[2023-01-03T22:37:03.016+0100] {logging_mixin.py:137} INFO - [2023-01-03T22:37:03.015+0100] {dag.py:2676} INFO - Sync 1 DAGs
[2023-01-03T22:37:03.032+0100] {logging_mixin.py:137} INFO - [2023-01-03T22:37:03.032+0100] {dag.py:3423} INFO - Setting next_dagrun for example_short_circuit_operator to 2023-01-02T21:37:03.032012+00:00, run_after=2023-01-03T21:37:03.032012+00:00
[2023-01-03T22:37:03.076+0100] {processor.py:175} INFO - Processing /home/chrisfleig/.local/lib/python3.10/site-packages/airflow/example_dags/example_short_circuit_operator.py took 0.100 seconds
[2023-01-03T22:37:40.345+0100] {processor.py:153} INFO - Started process (PID=8920) to work on /home/chrisfleig/.local/lib/python3.10/site-packages/airflow/example_dags/example_short_circuit_operator.py
[2023-01-03T22:37:40.346+0100] {processor.py:743} INFO - Processing file /home/chrisfleig/.local/lib/python3.10/site-packages/airflow/example_dags/example_short_circuit_operator.py for tasks to queue
[2023-01-03T22:37:40.346+0100] {logging_mixin.py:137} INFO - [2023-01-03T22:37:40.346+0100] {dagbag.py:538} INFO - Filling up the DagBag from /home/chrisfleig/.local/lib/python3.10/site-packages/airflow/example_dags/example_short_circuit_operator.py
[2023-01-03T22:37:40.361+0100] {processor.py:753} INFO - DAG(s) dict_keys(['example_short_circuit_operator']) retrieved from /home/chrisfleig/.local/lib/python3.10/site-packages/airflow/example_dags/example_short_circuit_operator.py
[2023-01-03T22:37:40.383+0100] {logging_mixin.py:137} INFO - [2023-01-03T22:37:40.383+0100] {dag.py:2676} INFO - Sync 1 DAGs
[2023-01-03T22:37:40.401+0100] {logging_mixin.py:137} INFO - [2023-01-03T22:37:40.400+0100] {dag.py:3423} INFO - Setting next_dagrun for example_short_circuit_operator to 2023-01-02T21:37:40.400637+00:00, run_after=2023-01-03T21:37:40.400637+00:00
[2023-01-03T22:37:40.437+0100] {processor.py:175} INFO - Processing /home/chrisfleig/.local/lib/python3.10/site-packages/airflow/example_dags/example_short_circuit_operator.py took 0.095 seconds
[2023-01-03T22:38:19.574+0100] {processor.py:153} INFO - Started process (PID=8958) to work on /home/chrisfleig/.local/lib/python3.10/site-packages/airflow/example_dags/example_short_circuit_operator.py
[2023-01-03T22:38:19.575+0100] {processor.py:743} INFO - Processing file /home/chrisfleig/.local/lib/python3.10/site-packages/airflow/example_dags/example_short_circuit_operator.py for tasks to queue
[2023-01-03T22:38:19.576+0100] {logging_mixin.py:137} INFO - [2023-01-03T22:38:19.576+0100] {dagbag.py:538} INFO - Filling up the DagBag from /home/chrisfleig/.local/lib/python3.10/site-packages/airflow/example_dags/example_short_circuit_operator.py
[2023-01-03T22:38:19.590+0100] {processor.py:753} INFO - DAG(s) dict_keys(['example_short_circuit_operator']) retrieved from /home/chrisfleig/.local/lib/python3.10/site-packages/airflow/example_dags/example_short_circuit_operator.py
[2023-01-03T22:38:19.610+0100] {logging_mixin.py:137} INFO - [2023-01-03T22:38:19.610+0100] {dag.py:2676} INFO - Sync 1 DAGs
[2023-01-03T22:38:19.627+0100] {logging_mixin.py:137} INFO - [2023-01-03T22:38:19.627+0100] {dag.py:3423} INFO - Setting next_dagrun for example_short_circuit_operator to 2023-01-02T21:38:19.627029+00:00, run_after=2023-01-03T21:38:19.627029+00:00
[2023-01-03T22:38:19.664+0100] {processor.py:175} INFO - Processing /home/chrisfleig/.local/lib/python3.10/site-packages/airflow/example_dags/example_short_circuit_operator.py took 0.092 seconds
[2023-01-03T22:38:58.711+0100] {processor.py:153} INFO - Started process (PID=8996) to work on /home/chrisfleig/.local/lib/python3.10/site-packages/airflow/example_dags/example_short_circuit_operator.py
[2023-01-03T22:38:58.712+0100] {processor.py:743} INFO - Processing file /home/chrisfleig/.local/lib/python3.10/site-packages/airflow/example_dags/example_short_circuit_operator.py for tasks to queue
[2023-01-03T22:38:58.712+0100] {logging_mixin.py:137} INFO - [2023-01-03T22:38:58.712+0100] {dagbag.py:538} INFO - Filling up the DagBag from /home/chrisfleig/.local/lib/python3.10/site-packages/airflow/example_dags/example_short_circuit_operator.py
[2023-01-03T22:38:58.726+0100] {processor.py:753} INFO - DAG(s) dict_keys(['example_short_circuit_operator']) retrieved from /home/chrisfleig/.local/lib/python3.10/site-packages/airflow/example_dags/example_short_circuit_operator.py
[2023-01-03T22:38:58.747+0100] {logging_mixin.py:137} INFO - [2023-01-03T22:38:58.747+0100] {dag.py:2676} INFO - Sync 1 DAGs
[2023-01-03T22:38:58.763+0100] {logging_mixin.py:137} INFO - [2023-01-03T22:38:58.763+0100] {dag.py:3423} INFO - Setting next_dagrun for example_short_circuit_operator to 2023-01-02T21:38:58.763347+00:00, run_after=2023-01-03T21:38:58.763347+00:00
[2023-01-03T22:38:58.798+0100] {processor.py:175} INFO - Processing /home/chrisfleig/.local/lib/python3.10/site-packages/airflow/example_dags/example_short_circuit_operator.py took 0.090 seconds
[2023-01-03T22:39:37.828+0100] {processor.py:153} INFO - Started process (PID=9034) to work on /home/chrisfleig/.local/lib/python3.10/site-packages/airflow/example_dags/example_short_circuit_operator.py
[2023-01-03T22:39:37.829+0100] {processor.py:743} INFO - Processing file /home/chrisfleig/.local/lib/python3.10/site-packages/airflow/example_dags/example_short_circuit_operator.py for tasks to queue
[2023-01-03T22:39:37.829+0100] {logging_mixin.py:137} INFO - [2023-01-03T22:39:37.829+0100] {dagbag.py:538} INFO - Filling up the DagBag from /home/chrisfleig/.local/lib/python3.10/site-packages/airflow/example_dags/example_short_circuit_operator.py
[2023-01-03T22:39:37.844+0100] {processor.py:753} INFO - DAG(s) dict_keys(['example_short_circuit_operator']) retrieved from /home/chrisfleig/.local/lib/python3.10/site-packages/airflow/example_dags/example_short_circuit_operator.py
[2023-01-03T22:39:37.868+0100] {logging_mixin.py:137} INFO - [2023-01-03T22:39:37.867+0100] {dag.py:2676} INFO - Sync 1 DAGs
[2023-01-03T22:39:37.886+0100] {logging_mixin.py:137} INFO - [2023-01-03T22:39:37.886+0100] {dag.py:3423} INFO - Setting next_dagrun for example_short_circuit_operator to 2023-01-02T21:39:37.886197+00:00, run_after=2023-01-03T21:39:37.886197+00:00
[2023-01-03T22:39:37.924+0100] {processor.py:175} INFO - Processing /home/chrisfleig/.local/lib/python3.10/site-packages/airflow/example_dags/example_short_circuit_operator.py took 0.098 seconds
[2023-01-03T22:40:17.244+0100] {processor.py:153} INFO - Started process (PID=9072) to work on /home/chrisfleig/.local/lib/python3.10/site-packages/airflow/example_dags/example_short_circuit_operator.py
[2023-01-03T22:40:17.245+0100] {processor.py:743} INFO - Processing file /home/chrisfleig/.local/lib/python3.10/site-packages/airflow/example_dags/example_short_circuit_operator.py for tasks to queue
[2023-01-03T22:40:17.246+0100] {logging_mixin.py:137} INFO - [2023-01-03T22:40:17.245+0100] {dagbag.py:538} INFO - Filling up the DagBag from /home/chrisfleig/.local/lib/python3.10/site-packages/airflow/example_dags/example_short_circuit_operator.py
[2023-01-03T22:40:17.259+0100] {processor.py:753} INFO - DAG(s) dict_keys(['example_short_circuit_operator']) retrieved from /home/chrisfleig/.local/lib/python3.10/site-packages/airflow/example_dags/example_short_circuit_operator.py
[2023-01-03T22:40:17.281+0100] {logging_mixin.py:137} INFO - [2023-01-03T22:40:17.281+0100] {dag.py:2676} INFO - Sync 1 DAGs
[2023-01-03T22:40:17.299+0100] {logging_mixin.py:137} INFO - [2023-01-03T22:40:17.299+0100] {dag.py:3423} INFO - Setting next_dagrun for example_short_circuit_operator to 2023-01-02T21:40:17.299417+00:00, run_after=2023-01-03T21:40:17.299417+00:00
[2023-01-03T22:40:17.337+0100] {processor.py:175} INFO - Processing /home/chrisfleig/.local/lib/python3.10/site-packages/airflow/example_dags/example_short_circuit_operator.py took 0.096 seconds
[2023-01-03T22:40:55.377+0100] {processor.py:153} INFO - Started process (PID=9110) to work on /home/chrisfleig/.local/lib/python3.10/site-packages/airflow/example_dags/example_short_circuit_operator.py
[2023-01-03T22:40:55.378+0100] {processor.py:743} INFO - Processing file /home/chrisfleig/.local/lib/python3.10/site-packages/airflow/example_dags/example_short_circuit_operator.py for tasks to queue
[2023-01-03T22:40:55.379+0100] {logging_mixin.py:137} INFO - [2023-01-03T22:40:55.379+0100] {dagbag.py:538} INFO - Filling up the DagBag from /home/chrisfleig/.local/lib/python3.10/site-packages/airflow/example_dags/example_short_circuit_operator.py
[2023-01-03T22:40:55.392+0100] {processor.py:753} INFO - DAG(s) dict_keys(['example_short_circuit_operator']) retrieved from /home/chrisfleig/.local/lib/python3.10/site-packages/airflow/example_dags/example_short_circuit_operator.py
[2023-01-03T22:40:55.413+0100] {logging_mixin.py:137} INFO - [2023-01-03T22:40:55.413+0100] {dag.py:2676} INFO - Sync 1 DAGs
[2023-01-03T22:40:55.457+0100] {logging_mixin.py:137} INFO - [2023-01-03T22:40:55.457+0100] {dag.py:3423} INFO - Setting next_dagrun for example_short_circuit_operator to 2023-01-02T21:40:55.456999+00:00, run_after=2023-01-03T21:40:55.456999+00:00
[2023-01-03T22:40:55.508+0100] {processor.py:175} INFO - Processing /home/chrisfleig/.local/lib/python3.10/site-packages/airflow/example_dags/example_short_circuit_operator.py took 0.134 seconds
[2023-01-03T22:41:32.835+0100] {processor.py:153} INFO - Started process (PID=9148) to work on /home/chrisfleig/.local/lib/python3.10/site-packages/airflow/example_dags/example_short_circuit_operator.py
[2023-01-03T22:41:32.836+0100] {processor.py:743} INFO - Processing file /home/chrisfleig/.local/lib/python3.10/site-packages/airflow/example_dags/example_short_circuit_operator.py for tasks to queue
[2023-01-03T22:41:32.837+0100] {logging_mixin.py:137} INFO - [2023-01-03T22:41:32.837+0100] {dagbag.py:538} INFO - Filling up the DagBag from /home/chrisfleig/.local/lib/python3.10/site-packages/airflow/example_dags/example_short_circuit_operator.py
[2023-01-03T22:41:32.854+0100] {processor.py:753} INFO - DAG(s) dict_keys(['example_short_circuit_operator']) retrieved from /home/chrisfleig/.local/lib/python3.10/site-packages/airflow/example_dags/example_short_circuit_operator.py
[2023-01-03T22:41:32.878+0100] {logging_mixin.py:137} INFO - [2023-01-03T22:41:32.878+0100] {dag.py:2676} INFO - Sync 1 DAGs
[2023-01-03T22:41:32.895+0100] {logging_mixin.py:137} INFO - [2023-01-03T22:41:32.895+0100] {dag.py:3423} INFO - Setting next_dagrun for example_short_circuit_operator to 2023-01-02T21:41:32.895534+00:00, run_after=2023-01-03T21:41:32.895534+00:00
[2023-01-03T22:41:32.931+0100] {processor.py:175} INFO - Processing /home/chrisfleig/.local/lib/python3.10/site-packages/airflow/example_dags/example_short_circuit_operator.py took 0.099 seconds
[2023-01-03T22:42:11.649+0100] {processor.py:153} INFO - Started process (PID=9188) to work on /home/chrisfleig/.local/lib/python3.10/site-packages/airflow/example_dags/example_short_circuit_operator.py
[2023-01-03T22:42:11.650+0100] {processor.py:743} INFO - Processing file /home/chrisfleig/.local/lib/python3.10/site-packages/airflow/example_dags/example_short_circuit_operator.py for tasks to queue
[2023-01-03T22:42:11.651+0100] {logging_mixin.py:137} INFO - [2023-01-03T22:42:11.650+0100] {dagbag.py:538} INFO - Filling up the DagBag from /home/chrisfleig/.local/lib/python3.10/site-packages/airflow/example_dags/example_short_circuit_operator.py
[2023-01-03T22:42:11.664+0100] {processor.py:753} INFO - DAG(s) dict_keys(['example_short_circuit_operator']) retrieved from /home/chrisfleig/.local/lib/python3.10/site-packages/airflow/example_dags/example_short_circuit_operator.py
[2023-01-03T22:42:11.685+0100] {logging_mixin.py:137} INFO - [2023-01-03T22:42:11.685+0100] {dag.py:2676} INFO - Sync 1 DAGs
[2023-01-03T22:42:11.701+0100] {logging_mixin.py:137} INFO - [2023-01-03T22:42:11.701+0100] {dag.py:3423} INFO - Setting next_dagrun for example_short_circuit_operator to 2023-01-02T21:42:11.701188+00:00, run_after=2023-01-03T21:42:11.701188+00:00
[2023-01-03T22:42:11.737+0100] {processor.py:175} INFO - Processing /home/chrisfleig/.local/lib/python3.10/site-packages/airflow/example_dags/example_short_circuit_operator.py took 0.091 seconds
[2023-01-03T22:42:50.655+0100] {processor.py:153} INFO - Started process (PID=9228) to work on /home/chrisfleig/.local/lib/python3.10/site-packages/airflow/example_dags/example_short_circuit_operator.py
[2023-01-03T22:42:50.656+0100] {processor.py:743} INFO - Processing file /home/chrisfleig/.local/lib/python3.10/site-packages/airflow/example_dags/example_short_circuit_operator.py for tasks to queue
[2023-01-03T22:42:50.656+0100] {logging_mixin.py:137} INFO - [2023-01-03T22:42:50.656+0100] {dagbag.py:538} INFO - Filling up the DagBag from /home/chrisfleig/.local/lib/python3.10/site-packages/airflow/example_dags/example_short_circuit_operator.py
[2023-01-03T22:42:50.670+0100] {processor.py:753} INFO - DAG(s) dict_keys(['example_short_circuit_operator']) retrieved from /home/chrisfleig/.local/lib/python3.10/site-packages/airflow/example_dags/example_short_circuit_operator.py
[2023-01-03T22:42:50.691+0100] {logging_mixin.py:137} INFO - [2023-01-03T22:42:50.690+0100] {dag.py:2676} INFO - Sync 1 DAGs
[2023-01-03T22:42:50.707+0100] {logging_mixin.py:137} INFO - [2023-01-03T22:42:50.707+0100] {dag.py:3423} INFO - Setting next_dagrun for example_short_circuit_operator to 2023-01-02T21:42:50.706885+00:00, run_after=2023-01-03T21:42:50.706885+00:00
[2023-01-03T22:42:50.744+0100] {processor.py:175} INFO - Processing /home/chrisfleig/.local/lib/python3.10/site-packages/airflow/example_dags/example_short_circuit_operator.py took 0.091 seconds
[2023-01-03T22:43:30.178+0100] {processor.py:153} INFO - Started process (PID=9266) to work on /home/chrisfleig/.local/lib/python3.10/site-packages/airflow/example_dags/example_short_circuit_operator.py
[2023-01-03T22:43:30.181+0100] {processor.py:743} INFO - Processing file /home/chrisfleig/.local/lib/python3.10/site-packages/airflow/example_dags/example_short_circuit_operator.py for tasks to queue
[2023-01-03T22:43:30.182+0100] {logging_mixin.py:137} INFO - [2023-01-03T22:43:30.181+0100] {dagbag.py:538} INFO - Filling up the DagBag from /home/chrisfleig/.local/lib/python3.10/site-packages/airflow/example_dags/example_short_circuit_operator.py
[2023-01-03T22:43:30.197+0100] {processor.py:753} INFO - DAG(s) dict_keys(['example_short_circuit_operator']) retrieved from /home/chrisfleig/.local/lib/python3.10/site-packages/airflow/example_dags/example_short_circuit_operator.py
[2023-01-03T22:43:30.217+0100] {logging_mixin.py:137} INFO - [2023-01-03T22:43:30.217+0100] {dag.py:2676} INFO - Sync 1 DAGs
[2023-01-03T22:43:30.234+0100] {logging_mixin.py:137} INFO - [2023-01-03T22:43:30.234+0100] {dag.py:3423} INFO - Setting next_dagrun for example_short_circuit_operator to 2023-01-02T21:43:30.234067+00:00, run_after=2023-01-03T21:43:30.234067+00:00
[2023-01-03T22:43:30.275+0100] {processor.py:175} INFO - Processing /home/chrisfleig/.local/lib/python3.10/site-packages/airflow/example_dags/example_short_circuit_operator.py took 0.100 seconds
[2023-01-03T22:44:09.173+0100] {processor.py:153} INFO - Started process (PID=9304) to work on /home/chrisfleig/.local/lib/python3.10/site-packages/airflow/example_dags/example_short_circuit_operator.py
[2023-01-03T22:44:09.174+0100] {processor.py:743} INFO - Processing file /home/chrisfleig/.local/lib/python3.10/site-packages/airflow/example_dags/example_short_circuit_operator.py for tasks to queue
[2023-01-03T22:44:09.175+0100] {logging_mixin.py:137} INFO - [2023-01-03T22:44:09.175+0100] {dagbag.py:538} INFO - Filling up the DagBag from /home/chrisfleig/.local/lib/python3.10/site-packages/airflow/example_dags/example_short_circuit_operator.py
[2023-01-03T22:44:09.190+0100] {processor.py:753} INFO - DAG(s) dict_keys(['example_short_circuit_operator']) retrieved from /home/chrisfleig/.local/lib/python3.10/site-packages/airflow/example_dags/example_short_circuit_operator.py
[2023-01-03T22:44:09.210+0100] {logging_mixin.py:137} INFO - [2023-01-03T22:44:09.210+0100] {dag.py:2676} INFO - Sync 1 DAGs
[2023-01-03T22:44:09.226+0100] {logging_mixin.py:137} INFO - [2023-01-03T22:44:09.226+0100] {dag.py:3423} INFO - Setting next_dagrun for example_short_circuit_operator to 2023-01-02T21:44:09.226312+00:00, run_after=2023-01-03T21:44:09.226312+00:00
[2023-01-03T22:44:09.295+0100] {processor.py:175} INFO - Processing /home/chrisfleig/.local/lib/python3.10/site-packages/airflow/example_dags/example_short_circuit_operator.py took 0.124 seconds
[2023-01-03T22:44:47.169+0100] {processor.py:153} INFO - Started process (PID=9342) to work on /home/chrisfleig/.local/lib/python3.10/site-packages/airflow/example_dags/example_short_circuit_operator.py
[2023-01-03T22:44:47.170+0100] {processor.py:743} INFO - Processing file /home/chrisfleig/.local/lib/python3.10/site-packages/airflow/example_dags/example_short_circuit_operator.py for tasks to queue
[2023-01-03T22:44:47.170+0100] {logging_mixin.py:137} INFO - [2023-01-03T22:44:47.170+0100] {dagbag.py:538} INFO - Filling up the DagBag from /home/chrisfleig/.local/lib/python3.10/site-packages/airflow/example_dags/example_short_circuit_operator.py
[2023-01-03T22:44:47.185+0100] {processor.py:753} INFO - DAG(s) dict_keys(['example_short_circuit_operator']) retrieved from /home/chrisfleig/.local/lib/python3.10/site-packages/airflow/example_dags/example_short_circuit_operator.py
[2023-01-03T22:44:47.206+0100] {logging_mixin.py:137} INFO - [2023-01-03T22:44:47.206+0100] {dag.py:2676} INFO - Sync 1 DAGs
[2023-01-03T22:44:47.223+0100] {logging_mixin.py:137} INFO - [2023-01-03T22:44:47.223+0100] {dag.py:3423} INFO - Setting next_dagrun for example_short_circuit_operator to 2023-01-02T21:44:47.223475+00:00, run_after=2023-01-03T21:44:47.223475+00:00
[2023-01-03T22:44:47.259+0100] {processor.py:175} INFO - Processing /home/chrisfleig/.local/lib/python3.10/site-packages/airflow/example_dags/example_short_circuit_operator.py took 0.092 seconds
[2023-01-03T22:45:27.421+0100] {processor.py:153} INFO - Started process (PID=9380) to work on /home/chrisfleig/.local/lib/python3.10/site-packages/airflow/example_dags/example_short_circuit_operator.py
[2023-01-03T22:45:27.422+0100] {processor.py:743} INFO - Processing file /home/chrisfleig/.local/lib/python3.10/site-packages/airflow/example_dags/example_short_circuit_operator.py for tasks to queue
[2023-01-03T22:45:27.422+0100] {logging_mixin.py:137} INFO - [2023-01-03T22:45:27.422+0100] {dagbag.py:538} INFO - Filling up the DagBag from /home/chrisfleig/.local/lib/python3.10/site-packages/airflow/example_dags/example_short_circuit_operator.py
[2023-01-03T22:45:27.436+0100] {processor.py:753} INFO - DAG(s) dict_keys(['example_short_circuit_operator']) retrieved from /home/chrisfleig/.local/lib/python3.10/site-packages/airflow/example_dags/example_short_circuit_operator.py
[2023-01-03T22:45:27.457+0100] {logging_mixin.py:137} INFO - [2023-01-03T22:45:27.456+0100] {dag.py:2676} INFO - Sync 1 DAGs
[2023-01-03T22:45:27.474+0100] {logging_mixin.py:137} INFO - [2023-01-03T22:45:27.474+0100] {dag.py:3423} INFO - Setting next_dagrun for example_short_circuit_operator to 2023-01-02T21:45:27.473961+00:00, run_after=2023-01-03T21:45:27.473961+00:00
[2023-01-03T22:45:27.513+0100] {processor.py:175} INFO - Processing /home/chrisfleig/.local/lib/python3.10/site-packages/airflow/example_dags/example_short_circuit_operator.py took 0.094 seconds
[2023-01-03T22:46:05.551+0100] {processor.py:153} INFO - Started process (PID=9418) to work on /home/chrisfleig/.local/lib/python3.10/site-packages/airflow/example_dags/example_short_circuit_operator.py
[2023-01-03T22:46:05.552+0100] {processor.py:743} INFO - Processing file /home/chrisfleig/.local/lib/python3.10/site-packages/airflow/example_dags/example_short_circuit_operator.py for tasks to queue
[2023-01-03T22:46:05.552+0100] {logging_mixin.py:137} INFO - [2023-01-03T22:46:05.552+0100] {dagbag.py:538} INFO - Filling up the DagBag from /home/chrisfleig/.local/lib/python3.10/site-packages/airflow/example_dags/example_short_circuit_operator.py
[2023-01-03T22:46:05.567+0100] {processor.py:753} INFO - DAG(s) dict_keys(['example_short_circuit_operator']) retrieved from /home/chrisfleig/.local/lib/python3.10/site-packages/airflow/example_dags/example_short_circuit_operator.py
[2023-01-03T22:46:05.588+0100] {logging_mixin.py:137} INFO - [2023-01-03T22:46:05.588+0100] {dag.py:2676} INFO - Sync 1 DAGs
[2023-01-03T22:46:05.607+0100] {logging_mixin.py:137} INFO - [2023-01-03T22:46:05.607+0100] {dag.py:3423} INFO - Setting next_dagrun for example_short_circuit_operator to 2023-01-02T21:46:05.607227+00:00, run_after=2023-01-03T21:46:05.607227+00:00
[2023-01-03T22:46:05.644+0100] {processor.py:175} INFO - Processing /home/chrisfleig/.local/lib/python3.10/site-packages/airflow/example_dags/example_short_circuit_operator.py took 0.096 seconds
[2023-01-03T22:46:41.825+0100] {processor.py:153} INFO - Started process (PID=9456) to work on /home/chrisfleig/.local/lib/python3.10/site-packages/airflow/example_dags/example_short_circuit_operator.py
[2023-01-03T22:46:41.826+0100] {processor.py:743} INFO - Processing file /home/chrisfleig/.local/lib/python3.10/site-packages/airflow/example_dags/example_short_circuit_operator.py for tasks to queue
[2023-01-03T22:46:41.827+0100] {logging_mixin.py:137} INFO - [2023-01-03T22:46:41.827+0100] {dagbag.py:538} INFO - Filling up the DagBag from /home/chrisfleig/.local/lib/python3.10/site-packages/airflow/example_dags/example_short_circuit_operator.py
[2023-01-03T22:46:41.840+0100] {processor.py:753} INFO - DAG(s) dict_keys(['example_short_circuit_operator']) retrieved from /home/chrisfleig/.local/lib/python3.10/site-packages/airflow/example_dags/example_short_circuit_operator.py
[2023-01-03T22:46:41.862+0100] {logging_mixin.py:137} INFO - [2023-01-03T22:46:41.861+0100] {dag.py:2676} INFO - Sync 1 DAGs
[2023-01-03T22:46:41.879+0100] {logging_mixin.py:137} INFO - [2023-01-03T22:46:41.879+0100] {dag.py:3423} INFO - Setting next_dagrun for example_short_circuit_operator to 2023-01-02T21:46:41.878880+00:00, run_after=2023-01-03T21:46:41.878880+00:00
[2023-01-03T22:46:41.914+0100] {processor.py:175} INFO - Processing /home/chrisfleig/.local/lib/python3.10/site-packages/airflow/example_dags/example_short_circuit_operator.py took 0.091 seconds
[2023-01-03T22:47:21.139+0100] {processor.py:153} INFO - Started process (PID=9494) to work on /home/chrisfleig/.local/lib/python3.10/site-packages/airflow/example_dags/example_short_circuit_operator.py
[2023-01-03T22:47:21.140+0100] {processor.py:743} INFO - Processing file /home/chrisfleig/.local/lib/python3.10/site-packages/airflow/example_dags/example_short_circuit_operator.py for tasks to queue
[2023-01-03T22:47:21.141+0100] {logging_mixin.py:137} INFO - [2023-01-03T22:47:21.140+0100] {dagbag.py:538} INFO - Filling up the DagBag from /home/chrisfleig/.local/lib/python3.10/site-packages/airflow/example_dags/example_short_circuit_operator.py
[2023-01-03T22:47:21.154+0100] {processor.py:753} INFO - DAG(s) dict_keys(['example_short_circuit_operator']) retrieved from /home/chrisfleig/.local/lib/python3.10/site-packages/airflow/example_dags/example_short_circuit_operator.py
[2023-01-03T22:47:21.174+0100] {logging_mixin.py:137} INFO - [2023-01-03T22:47:21.174+0100] {dag.py:2676} INFO - Sync 1 DAGs
[2023-01-03T22:47:21.190+0100] {logging_mixin.py:137} INFO - [2023-01-03T22:47:21.190+0100] {dag.py:3423} INFO - Setting next_dagrun for example_short_circuit_operator to 2023-01-02T21:47:21.190634+00:00, run_after=2023-01-03T21:47:21.190634+00:00
[2023-01-03T22:47:21.225+0100] {processor.py:175} INFO - Processing /home/chrisfleig/.local/lib/python3.10/site-packages/airflow/example_dags/example_short_circuit_operator.py took 0.089 seconds
[2023-01-03T22:47:59.343+0100] {processor.py:153} INFO - Started process (PID=9532) to work on /home/chrisfleig/.local/lib/python3.10/site-packages/airflow/example_dags/example_short_circuit_operator.py
[2023-01-03T22:47:59.345+0100] {processor.py:743} INFO - Processing file /home/chrisfleig/.local/lib/python3.10/site-packages/airflow/example_dags/example_short_circuit_operator.py for tasks to queue
[2023-01-03T22:47:59.345+0100] {logging_mixin.py:137} INFO - [2023-01-03T22:47:59.345+0100] {dagbag.py:538} INFO - Filling up the DagBag from /home/chrisfleig/.local/lib/python3.10/site-packages/airflow/example_dags/example_short_circuit_operator.py
[2023-01-03T22:47:59.360+0100] {processor.py:753} INFO - DAG(s) dict_keys(['example_short_circuit_operator']) retrieved from /home/chrisfleig/.local/lib/python3.10/site-packages/airflow/example_dags/example_short_circuit_operator.py
[2023-01-03T22:47:59.381+0100] {logging_mixin.py:137} INFO - [2023-01-03T22:47:59.381+0100] {dag.py:2676} INFO - Sync 1 DAGs
[2023-01-03T22:47:59.398+0100] {logging_mixin.py:137} INFO - [2023-01-03T22:47:59.398+0100] {dag.py:3423} INFO - Setting next_dagrun for example_short_circuit_operator to 2023-01-02T21:47:59.398231+00:00, run_after=2023-01-03T21:47:59.398231+00:00
[2023-01-03T22:47:59.434+0100] {processor.py:175} INFO - Processing /home/chrisfleig/.local/lib/python3.10/site-packages/airflow/example_dags/example_short_circuit_operator.py took 0.093 seconds
[2023-01-03T22:48:40.052+0100] {processor.py:153} INFO - Started process (PID=9570) to work on /home/chrisfleig/.local/lib/python3.10/site-packages/airflow/example_dags/example_short_circuit_operator.py
[2023-01-03T22:48:40.053+0100] {processor.py:743} INFO - Processing file /home/chrisfleig/.local/lib/python3.10/site-packages/airflow/example_dags/example_short_circuit_operator.py for tasks to queue
[2023-01-03T22:48:40.054+0100] {logging_mixin.py:137} INFO - [2023-01-03T22:48:40.054+0100] {dagbag.py:538} INFO - Filling up the DagBag from /home/chrisfleig/.local/lib/python3.10/site-packages/airflow/example_dags/example_short_circuit_operator.py
[2023-01-03T22:48:40.067+0100] {processor.py:753} INFO - DAG(s) dict_keys(['example_short_circuit_operator']) retrieved from /home/chrisfleig/.local/lib/python3.10/site-packages/airflow/example_dags/example_short_circuit_operator.py
[2023-01-03T22:48:40.088+0100] {logging_mixin.py:137} INFO - [2023-01-03T22:48:40.088+0100] {dag.py:2676} INFO - Sync 1 DAGs
[2023-01-03T22:48:40.105+0100] {logging_mixin.py:137} INFO - [2023-01-03T22:48:40.105+0100] {dag.py:3423} INFO - Setting next_dagrun for example_short_circuit_operator to 2023-01-02T21:48:40.105227+00:00, run_after=2023-01-03T21:48:40.105227+00:00
[2023-01-03T22:48:40.155+0100] {processor.py:175} INFO - Processing /home/chrisfleig/.local/lib/python3.10/site-packages/airflow/example_dags/example_short_circuit_operator.py took 0.106 seconds
[2023-01-03T22:49:21.414+0100] {processor.py:153} INFO - Started process (PID=9608) to work on /home/chrisfleig/.local/lib/python3.10/site-packages/airflow/example_dags/example_short_circuit_operator.py
[2023-01-03T22:49:21.415+0100] {processor.py:743} INFO - Processing file /home/chrisfleig/.local/lib/python3.10/site-packages/airflow/example_dags/example_short_circuit_operator.py for tasks to queue
[2023-01-03T22:49:21.416+0100] {logging_mixin.py:137} INFO - [2023-01-03T22:49:21.416+0100] {dagbag.py:538} INFO - Filling up the DagBag from /home/chrisfleig/.local/lib/python3.10/site-packages/airflow/example_dags/example_short_circuit_operator.py
[2023-01-03T22:49:21.429+0100] {processor.py:753} INFO - DAG(s) dict_keys(['example_short_circuit_operator']) retrieved from /home/chrisfleig/.local/lib/python3.10/site-packages/airflow/example_dags/example_short_circuit_operator.py
[2023-01-03T22:49:21.450+0100] {logging_mixin.py:137} INFO - [2023-01-03T22:49:21.450+0100] {dag.py:2676} INFO - Sync 1 DAGs
[2023-01-03T22:49:21.467+0100] {logging_mixin.py:137} INFO - [2023-01-03T22:49:21.467+0100] {dag.py:3423} INFO - Setting next_dagrun for example_short_circuit_operator to 2023-01-02T21:49:21.467071+00:00, run_after=2023-01-03T21:49:21.467071+00:00
[2023-01-03T22:49:21.501+0100] {processor.py:175} INFO - Processing /home/chrisfleig/.local/lib/python3.10/site-packages/airflow/example_dags/example_short_circuit_operator.py took 0.089 seconds
[2023-01-03T22:50:00.094+0100] {processor.py:153} INFO - Started process (PID=9646) to work on /home/chrisfleig/.local/lib/python3.10/site-packages/airflow/example_dags/example_short_circuit_operator.py
[2023-01-03T22:50:00.095+0100] {processor.py:743} INFO - Processing file /home/chrisfleig/.local/lib/python3.10/site-packages/airflow/example_dags/example_short_circuit_operator.py for tasks to queue
[2023-01-03T22:50:00.096+0100] {logging_mixin.py:137} INFO - [2023-01-03T22:50:00.096+0100] {dagbag.py:538} INFO - Filling up the DagBag from /home/chrisfleig/.local/lib/python3.10/site-packages/airflow/example_dags/example_short_circuit_operator.py
[2023-01-03T22:50:00.110+0100] {processor.py:753} INFO - DAG(s) dict_keys(['example_short_circuit_operator']) retrieved from /home/chrisfleig/.local/lib/python3.10/site-packages/airflow/example_dags/example_short_circuit_operator.py
[2023-01-03T22:50:00.132+0100] {logging_mixin.py:137} INFO - [2023-01-03T22:50:00.132+0100] {dag.py:2676} INFO - Sync 1 DAGs
[2023-01-03T22:50:00.151+0100] {logging_mixin.py:137} INFO - [2023-01-03T22:50:00.151+0100] {dag.py:3423} INFO - Setting next_dagrun for example_short_circuit_operator to 2023-01-02T21:50:00.151049+00:00, run_after=2023-01-03T21:50:00.151049+00:00
[2023-01-03T22:50:00.187+0100] {processor.py:175} INFO - Processing /home/chrisfleig/.local/lib/python3.10/site-packages/airflow/example_dags/example_short_circuit_operator.py took 0.095 seconds
[2023-01-03T22:50:40.281+0100] {processor.py:153} INFO - Started process (PID=9684) to work on /home/chrisfleig/.local/lib/python3.10/site-packages/airflow/example_dags/example_short_circuit_operator.py
[2023-01-03T22:50:40.282+0100] {processor.py:743} INFO - Processing file /home/chrisfleig/.local/lib/python3.10/site-packages/airflow/example_dags/example_short_circuit_operator.py for tasks to queue
[2023-01-03T22:50:40.282+0100] {logging_mixin.py:137} INFO - [2023-01-03T22:50:40.282+0100] {dagbag.py:538} INFO - Filling up the DagBag from /home/chrisfleig/.local/lib/python3.10/site-packages/airflow/example_dags/example_short_circuit_operator.py
[2023-01-03T22:50:40.297+0100] {processor.py:753} INFO - DAG(s) dict_keys(['example_short_circuit_operator']) retrieved from /home/chrisfleig/.local/lib/python3.10/site-packages/airflow/example_dags/example_short_circuit_operator.py
[2023-01-03T22:50:40.318+0100] {logging_mixin.py:137} INFO - [2023-01-03T22:50:40.318+0100] {dag.py:2676} INFO - Sync 1 DAGs
[2023-01-03T22:50:40.340+0100] {logging_mixin.py:137} INFO - [2023-01-03T22:50:40.340+0100] {dag.py:3423} INFO - Setting next_dagrun for example_short_circuit_operator to 2023-01-02T21:50:40.337943+00:00, run_after=2023-01-03T21:50:40.337943+00:00
[2023-01-03T22:50:40.378+0100] {processor.py:175} INFO - Processing /home/chrisfleig/.local/lib/python3.10/site-packages/airflow/example_dags/example_short_circuit_operator.py took 0.100 seconds
[2023-01-03T22:51:18.180+0100] {processor.py:153} INFO - Started process (PID=9722) to work on /home/chrisfleig/.local/lib/python3.10/site-packages/airflow/example_dags/example_short_circuit_operator.py
[2023-01-03T22:51:18.181+0100] {processor.py:743} INFO - Processing file /home/chrisfleig/.local/lib/python3.10/site-packages/airflow/example_dags/example_short_circuit_operator.py for tasks to queue
[2023-01-03T22:51:18.182+0100] {logging_mixin.py:137} INFO - [2023-01-03T22:51:18.182+0100] {dagbag.py:538} INFO - Filling up the DagBag from /home/chrisfleig/.local/lib/python3.10/site-packages/airflow/example_dags/example_short_circuit_operator.py
[2023-01-03T22:51:18.196+0100] {processor.py:753} INFO - DAG(s) dict_keys(['example_short_circuit_operator']) retrieved from /home/chrisfleig/.local/lib/python3.10/site-packages/airflow/example_dags/example_short_circuit_operator.py
[2023-01-03T22:51:18.219+0100] {logging_mixin.py:137} INFO - [2023-01-03T22:51:18.219+0100] {dag.py:2676} INFO - Sync 1 DAGs
[2023-01-03T22:51:18.237+0100] {logging_mixin.py:137} INFO - [2023-01-03T22:51:18.237+0100] {dag.py:3423} INFO - Setting next_dagrun for example_short_circuit_operator to 2023-01-02T21:51:18.237501+00:00, run_after=2023-01-03T21:51:18.237501+00:00
[2023-01-03T22:51:18.274+0100] {processor.py:175} INFO - Processing /home/chrisfleig/.local/lib/python3.10/site-packages/airflow/example_dags/example_short_circuit_operator.py took 0.097 seconds
[2023-01-03T22:51:58.286+0100] {processor.py:153} INFO - Started process (PID=9760) to work on /home/chrisfleig/.local/lib/python3.10/site-packages/airflow/example_dags/example_short_circuit_operator.py
[2023-01-03T22:51:58.287+0100] {processor.py:743} INFO - Processing file /home/chrisfleig/.local/lib/python3.10/site-packages/airflow/example_dags/example_short_circuit_operator.py for tasks to queue
[2023-01-03T22:51:58.287+0100] {logging_mixin.py:137} INFO - [2023-01-03T22:51:58.287+0100] {dagbag.py:538} INFO - Filling up the DagBag from /home/chrisfleig/.local/lib/python3.10/site-packages/airflow/example_dags/example_short_circuit_operator.py
[2023-01-03T22:51:58.301+0100] {processor.py:753} INFO - DAG(s) dict_keys(['example_short_circuit_operator']) retrieved from /home/chrisfleig/.local/lib/python3.10/site-packages/airflow/example_dags/example_short_circuit_operator.py
[2023-01-03T22:51:58.322+0100] {logging_mixin.py:137} INFO - [2023-01-03T22:51:58.322+0100] {dag.py:2676} INFO - Sync 1 DAGs
[2023-01-03T22:51:58.338+0100] {logging_mixin.py:137} INFO - [2023-01-03T22:51:58.338+0100] {dag.py:3423} INFO - Setting next_dagrun for example_short_circuit_operator to 2023-01-02T21:51:58.338357+00:00, run_after=2023-01-03T21:51:58.338357+00:00
[2023-01-03T22:51:58.374+0100] {processor.py:175} INFO - Processing /home/chrisfleig/.local/lib/python3.10/site-packages/airflow/example_dags/example_short_circuit_operator.py took 0.091 seconds
[2023-01-03T22:52:39.142+0100] {processor.py:153} INFO - Started process (PID=9798) to work on /home/chrisfleig/.local/lib/python3.10/site-packages/airflow/example_dags/example_short_circuit_operator.py
[2023-01-03T22:52:39.143+0100] {processor.py:743} INFO - Processing file /home/chrisfleig/.local/lib/python3.10/site-packages/airflow/example_dags/example_short_circuit_operator.py for tasks to queue
[2023-01-03T22:52:39.144+0100] {logging_mixin.py:137} INFO - [2023-01-03T22:52:39.144+0100] {dagbag.py:538} INFO - Filling up the DagBag from /home/chrisfleig/.local/lib/python3.10/site-packages/airflow/example_dags/example_short_circuit_operator.py
[2023-01-03T22:52:39.161+0100] {processor.py:753} INFO - DAG(s) dict_keys(['example_short_circuit_operator']) retrieved from /home/chrisfleig/.local/lib/python3.10/site-packages/airflow/example_dags/example_short_circuit_operator.py
[2023-01-03T22:52:39.187+0100] {logging_mixin.py:137} INFO - [2023-01-03T22:52:39.187+0100] {dag.py:2676} INFO - Sync 1 DAGs
[2023-01-03T22:52:39.218+0100] {logging_mixin.py:137} INFO - [2023-01-03T22:52:39.218+0100] {dag.py:3423} INFO - Setting next_dagrun for example_short_circuit_operator to 2023-01-02T21:52:39.217677+00:00, run_after=2023-01-03T21:52:39.217677+00:00
[2023-01-03T22:52:39.266+0100] {processor.py:175} INFO - Processing /home/chrisfleig/.local/lib/python3.10/site-packages/airflow/example_dags/example_short_circuit_operator.py took 0.126 seconds
[2023-01-03T22:53:17.966+0100] {processor.py:153} INFO - Started process (PID=9836) to work on /home/chrisfleig/.local/lib/python3.10/site-packages/airflow/example_dags/example_short_circuit_operator.py
[2023-01-03T22:53:17.967+0100] {processor.py:743} INFO - Processing file /home/chrisfleig/.local/lib/python3.10/site-packages/airflow/example_dags/example_short_circuit_operator.py for tasks to queue
[2023-01-03T22:53:17.968+0100] {logging_mixin.py:137} INFO - [2023-01-03T22:53:17.968+0100] {dagbag.py:538} INFO - Filling up the DagBag from /home/chrisfleig/.local/lib/python3.10/site-packages/airflow/example_dags/example_short_circuit_operator.py
[2023-01-03T22:53:17.981+0100] {processor.py:753} INFO - DAG(s) dict_keys(['example_short_circuit_operator']) retrieved from /home/chrisfleig/.local/lib/python3.10/site-packages/airflow/example_dags/example_short_circuit_operator.py
[2023-01-03T22:53:18.003+0100] {logging_mixin.py:137} INFO - [2023-01-03T22:53:18.003+0100] {dag.py:2676} INFO - Sync 1 DAGs
[2023-01-03T22:53:18.020+0100] {logging_mixin.py:137} INFO - [2023-01-03T22:53:18.020+0100] {dag.py:3423} INFO - Setting next_dagrun for example_short_circuit_operator to 2023-01-02T21:53:18.019908+00:00, run_after=2023-01-03T21:53:18.019908+00:00
[2023-01-03T22:53:18.061+0100] {processor.py:175} INFO - Processing /home/chrisfleig/.local/lib/python3.10/site-packages/airflow/example_dags/example_short_circuit_operator.py took 0.098 seconds
[2023-01-03T22:53:58.372+0100] {processor.py:153} INFO - Started process (PID=9876) to work on /home/chrisfleig/.local/lib/python3.10/site-packages/airflow/example_dags/example_short_circuit_operator.py
[2023-01-03T22:53:58.373+0100] {processor.py:743} INFO - Processing file /home/chrisfleig/.local/lib/python3.10/site-packages/airflow/example_dags/example_short_circuit_operator.py for tasks to queue
[2023-01-03T22:53:58.375+0100] {logging_mixin.py:137} INFO - [2023-01-03T22:53:58.374+0100] {dagbag.py:538} INFO - Filling up the DagBag from /home/chrisfleig/.local/lib/python3.10/site-packages/airflow/example_dags/example_short_circuit_operator.py
[2023-01-03T22:53:58.394+0100] {processor.py:753} INFO - DAG(s) dict_keys(['example_short_circuit_operator']) retrieved from /home/chrisfleig/.local/lib/python3.10/site-packages/airflow/example_dags/example_short_circuit_operator.py
[2023-01-03T22:53:58.424+0100] {logging_mixin.py:137} INFO - [2023-01-03T22:53:58.423+0100] {dag.py:2676} INFO - Sync 1 DAGs
[2023-01-03T22:53:58.449+0100] {logging_mixin.py:137} INFO - [2023-01-03T22:53:58.449+0100] {dag.py:3423} INFO - Setting next_dagrun for example_short_circuit_operator to 2023-01-02T21:53:58.449052+00:00, run_after=2023-01-03T21:53:58.449052+00:00
[2023-01-03T22:53:58.487+0100] {processor.py:175} INFO - Processing /home/chrisfleig/.local/lib/python3.10/site-packages/airflow/example_dags/example_short_circuit_operator.py took 0.120 seconds
[2023-01-03T22:54:41.894+0100] {processor.py:153} INFO - Started process (PID=9919) to work on /home/chrisfleig/.local/lib/python3.10/site-packages/airflow/example_dags/example_short_circuit_operator.py
[2023-01-03T22:54:41.901+0100] {processor.py:743} INFO - Processing file /home/chrisfleig/.local/lib/python3.10/site-packages/airflow/example_dags/example_short_circuit_operator.py for tasks to queue
[2023-01-03T22:54:41.904+0100] {logging_mixin.py:137} INFO - [2023-01-03T22:54:41.904+0100] {dagbag.py:538} INFO - Filling up the DagBag from /home/chrisfleig/.local/lib/python3.10/site-packages/airflow/example_dags/example_short_circuit_operator.py
[2023-01-03T22:54:41.953+0100] {processor.py:753} INFO - DAG(s) dict_keys(['example_short_circuit_operator']) retrieved from /home/chrisfleig/.local/lib/python3.10/site-packages/airflow/example_dags/example_short_circuit_operator.py
[2023-01-03T22:54:42.013+0100] {logging_mixin.py:137} INFO - [2023-01-03T22:54:42.013+0100] {dag.py:2676} INFO - Sync 1 DAGs
[2023-01-03T22:54:42.087+0100] {logging_mixin.py:137} INFO - [2023-01-03T22:54:42.086+0100] {dag.py:3423} INFO - Setting next_dagrun for example_short_circuit_operator to 2023-01-02T21:54:42.086616+00:00, run_after=2023-01-03T21:54:42.086616+00:00
[2023-01-03T22:54:42.364+0100] {processor.py:175} INFO - Processing /home/chrisfleig/.local/lib/python3.10/site-packages/airflow/example_dags/example_short_circuit_operator.py took 0.483 seconds
[2023-01-03T22:55:24.412+0100] {processor.py:153} INFO - Started process (PID=9957) to work on /home/chrisfleig/.local/lib/python3.10/site-packages/airflow/example_dags/example_short_circuit_operator.py
[2023-01-03T22:55:24.413+0100] {processor.py:743} INFO - Processing file /home/chrisfleig/.local/lib/python3.10/site-packages/airflow/example_dags/example_short_circuit_operator.py for tasks to queue
[2023-01-03T22:55:24.413+0100] {logging_mixin.py:137} INFO - [2023-01-03T22:55:24.413+0100] {dagbag.py:538} INFO - Filling up the DagBag from /home/chrisfleig/.local/lib/python3.10/site-packages/airflow/example_dags/example_short_circuit_operator.py
[2023-01-03T22:55:24.430+0100] {processor.py:753} INFO - DAG(s) dict_keys(['example_short_circuit_operator']) retrieved from /home/chrisfleig/.local/lib/python3.10/site-packages/airflow/example_dags/example_short_circuit_operator.py
[2023-01-03T22:55:24.456+0100] {logging_mixin.py:137} INFO - [2023-01-03T22:55:24.455+0100] {dag.py:2676} INFO - Sync 1 DAGs
[2023-01-03T22:55:24.474+0100] {logging_mixin.py:137} INFO - [2023-01-03T22:55:24.474+0100] {dag.py:3423} INFO - Setting next_dagrun for example_short_circuit_operator to 2023-01-02T21:55:24.473900+00:00, run_after=2023-01-03T21:55:24.473900+00:00
[2023-01-03T22:55:24.525+0100] {processor.py:175} INFO - Processing /home/chrisfleig/.local/lib/python3.10/site-packages/airflow/example_dags/example_short_circuit_operator.py took 0.115 seconds
[2023-01-03T22:56:06.847+0100] {processor.py:153} INFO - Started process (PID=10000) to work on /home/chrisfleig/.local/lib/python3.10/site-packages/airflow/example_dags/example_short_circuit_operator.py
[2023-01-03T22:56:06.850+0100] {processor.py:743} INFO - Processing file /home/chrisfleig/.local/lib/python3.10/site-packages/airflow/example_dags/example_short_circuit_operator.py for tasks to queue
[2023-01-03T22:56:06.858+0100] {logging_mixin.py:137} INFO - [2023-01-03T22:56:06.858+0100] {dagbag.py:538} INFO - Filling up the DagBag from /home/chrisfleig/.local/lib/python3.10/site-packages/airflow/example_dags/example_short_circuit_operator.py
[2023-01-03T22:56:06.889+0100] {processor.py:753} INFO - DAG(s) dict_keys(['example_short_circuit_operator']) retrieved from /home/chrisfleig/.local/lib/python3.10/site-packages/airflow/example_dags/example_short_circuit_operator.py
[2023-01-03T22:56:06.925+0100] {logging_mixin.py:137} INFO - [2023-01-03T22:56:06.924+0100] {dag.py:2676} INFO - Sync 1 DAGs
[2023-01-03T22:56:06.946+0100] {logging_mixin.py:137} INFO - [2023-01-03T22:56:06.946+0100] {dag.py:3423} INFO - Setting next_dagrun for example_short_circuit_operator to 2023-01-02T21:56:06.945939+00:00, run_after=2023-01-03T21:56:06.945939+00:00
[2023-01-03T22:56:06.999+0100] {processor.py:175} INFO - Processing /home/chrisfleig/.local/lib/python3.10/site-packages/airflow/example_dags/example_short_circuit_operator.py took 0.156 seconds
[2023-01-03T22:56:49.236+0100] {processor.py:153} INFO - Started process (PID=10039) to work on /home/chrisfleig/.local/lib/python3.10/site-packages/airflow/example_dags/example_short_circuit_operator.py
[2023-01-03T22:56:49.237+0100] {processor.py:743} INFO - Processing file /home/chrisfleig/.local/lib/python3.10/site-packages/airflow/example_dags/example_short_circuit_operator.py for tasks to queue
[2023-01-03T22:56:49.238+0100] {logging_mixin.py:137} INFO - [2023-01-03T22:56:49.238+0100] {dagbag.py:538} INFO - Filling up the DagBag from /home/chrisfleig/.local/lib/python3.10/site-packages/airflow/example_dags/example_short_circuit_operator.py
[2023-01-03T22:56:49.257+0100] {processor.py:753} INFO - DAG(s) dict_keys(['example_short_circuit_operator']) retrieved from /home/chrisfleig/.local/lib/python3.10/site-packages/airflow/example_dags/example_short_circuit_operator.py
[2023-01-03T22:56:49.286+0100] {logging_mixin.py:137} INFO - [2023-01-03T22:56:49.286+0100] {dag.py:2676} INFO - Sync 1 DAGs
[2023-01-03T22:56:49.308+0100] {logging_mixin.py:137} INFO - [2023-01-03T22:56:49.307+0100] {dag.py:3423} INFO - Setting next_dagrun for example_short_circuit_operator to 2023-01-02T21:56:49.307670+00:00, run_after=2023-01-03T21:56:49.307670+00:00
[2023-01-03T22:56:49.348+0100] {processor.py:175} INFO - Processing /home/chrisfleig/.local/lib/python3.10/site-packages/airflow/example_dags/example_short_circuit_operator.py took 0.116 seconds
