[2023-01-03T22:11:03.857+0100] {processor.py:153} INFO - Started process (PID=8200) to work on /home/chrisfleig/.local/lib/python3.10/site-packages/airflow/example_dags/example_branch_operator_decorator.py
[2023-01-03T22:11:03.858+0100] {processor.py:743} INFO - Processing file /home/chrisfleig/.local/lib/python3.10/site-packages/airflow/example_dags/example_branch_operator_decorator.py for tasks to queue
[2023-01-03T22:11:03.858+0100] {logging_mixin.py:137} INFO - [2023-01-03T22:11:03.858+0100] {dagbag.py:538} INFO - Filling up the DagBag from /home/chrisfleig/.local/lib/python3.10/site-packages/airflow/example_dags/example_branch_operator_decorator.py
[2023-01-03T22:11:03.882+0100] {processor.py:753} INFO - DAG(s) dict_keys(['example_branch_python_operator_decorator']) retrieved from /home/chrisfleig/.local/lib/python3.10/site-packages/airflow/example_dags/example_branch_operator_decorator.py
[2023-01-03T22:11:04.038+0100] {logging_mixin.py:137} INFO - [2023-01-03T22:11:04.037+0100] {manager.py:504} INFO - Created Permission View: can edit on DAG:example_branch_python_operator_decorator
[2023-01-03T22:11:04.064+0100] {logging_mixin.py:137} INFO - [2023-01-03T22:11:04.064+0100] {manager.py:504} INFO - Created Permission View: can delete on DAG:example_branch_python_operator_decorator
[2023-01-03T22:11:04.089+0100] {logging_mixin.py:137} INFO - [2023-01-03T22:11:04.088+0100] {manager.py:504} INFO - Created Permission View: can read on DAG:example_branch_python_operator_decorator
[2023-01-03T22:11:04.089+0100] {logging_mixin.py:137} INFO - [2023-01-03T22:11:04.089+0100] {dag.py:2676} INFO - Sync 1 DAGs
[2023-01-03T22:11:04.100+0100] {logging_mixin.py:137} INFO - [2023-01-03T22:11:04.100+0100] {dag.py:2697} INFO - Creating ORM DAG for example_branch_python_operator_decorator
[2023-01-03T22:11:04.112+0100] {logging_mixin.py:137} INFO - [2023-01-03T22:11:04.112+0100] {dag.py:3423} INFO - Setting next_dagrun for example_branch_python_operator_decorator to 2023-01-02T00:00:00+00:00, run_after=2023-01-03T00:00:00+00:00
[2023-01-03T22:11:04.155+0100] {processor.py:175} INFO - Processing /home/chrisfleig/.local/lib/python3.10/site-packages/airflow/example_dags/example_branch_operator_decorator.py took 0.300 seconds
[2023-01-03T22:11:45.128+0100] {processor.py:153} INFO - Started process (PID=8238) to work on /home/chrisfleig/.local/lib/python3.10/site-packages/airflow/example_dags/example_branch_operator_decorator.py
[2023-01-03T22:11:45.129+0100] {processor.py:743} INFO - Processing file /home/chrisfleig/.local/lib/python3.10/site-packages/airflow/example_dags/example_branch_operator_decorator.py for tasks to queue
[2023-01-03T22:11:45.132+0100] {logging_mixin.py:137} INFO - [2023-01-03T22:11:45.131+0100] {dagbag.py:538} INFO - Filling up the DagBag from /home/chrisfleig/.local/lib/python3.10/site-packages/airflow/example_dags/example_branch_operator_decorator.py
[2023-01-03T22:11:45.159+0100] {processor.py:753} INFO - DAG(s) dict_keys(['example_branch_python_operator_decorator']) retrieved from /home/chrisfleig/.local/lib/python3.10/site-packages/airflow/example_dags/example_branch_operator_decorator.py
[2023-01-03T22:11:45.186+0100] {logging_mixin.py:137} INFO - [2023-01-03T22:11:45.186+0100] {dag.py:2676} INFO - Sync 1 DAGs
[2023-01-03T22:11:45.207+0100] {logging_mixin.py:137} INFO - [2023-01-03T22:11:45.207+0100] {dag.py:3423} INFO - Setting next_dagrun for example_branch_python_operator_decorator to 2023-01-02T00:00:00+00:00, run_after=2023-01-03T00:00:00+00:00
[2023-01-03T22:11:45.246+0100] {processor.py:175} INFO - Processing /home/chrisfleig/.local/lib/python3.10/site-packages/airflow/example_dags/example_branch_operator_decorator.py took 0.120 seconds
[2023-01-03T22:12:24.744+0100] {processor.py:153} INFO - Started process (PID=8276) to work on /home/chrisfleig/.local/lib/python3.10/site-packages/airflow/example_dags/example_branch_operator_decorator.py
[2023-01-03T22:12:24.745+0100] {processor.py:743} INFO - Processing file /home/chrisfleig/.local/lib/python3.10/site-packages/airflow/example_dags/example_branch_operator_decorator.py for tasks to queue
[2023-01-03T22:12:24.746+0100] {logging_mixin.py:137} INFO - [2023-01-03T22:12:24.745+0100] {dagbag.py:538} INFO - Filling up the DagBag from /home/chrisfleig/.local/lib/python3.10/site-packages/airflow/example_dags/example_branch_operator_decorator.py
[2023-01-03T22:12:24.770+0100] {processor.py:753} INFO - DAG(s) dict_keys(['example_branch_python_operator_decorator']) retrieved from /home/chrisfleig/.local/lib/python3.10/site-packages/airflow/example_dags/example_branch_operator_decorator.py
[2023-01-03T22:12:24.792+0100] {logging_mixin.py:137} INFO - [2023-01-03T22:12:24.792+0100] {dag.py:2676} INFO - Sync 1 DAGs
[2023-01-03T22:12:24.811+0100] {logging_mixin.py:137} INFO - [2023-01-03T22:12:24.811+0100] {dag.py:3423} INFO - Setting next_dagrun for example_branch_python_operator_decorator to 2023-01-02T00:00:00+00:00, run_after=2023-01-03T00:00:00+00:00
[2023-01-03T22:12:24.852+0100] {processor.py:175} INFO - Processing /home/chrisfleig/.local/lib/python3.10/site-packages/airflow/example_dags/example_branch_operator_decorator.py took 0.110 seconds
[2023-01-03T22:13:03.485+0100] {processor.py:153} INFO - Started process (PID=8314) to work on /home/chrisfleig/.local/lib/python3.10/site-packages/airflow/example_dags/example_branch_operator_decorator.py
[2023-01-03T22:13:03.486+0100] {processor.py:743} INFO - Processing file /home/chrisfleig/.local/lib/python3.10/site-packages/airflow/example_dags/example_branch_operator_decorator.py for tasks to queue
[2023-01-03T22:13:03.486+0100] {logging_mixin.py:137} INFO - [2023-01-03T22:13:03.486+0100] {dagbag.py:538} INFO - Filling up the DagBag from /home/chrisfleig/.local/lib/python3.10/site-packages/airflow/example_dags/example_branch_operator_decorator.py
[2023-01-03T22:13:03.510+0100] {processor.py:753} INFO - DAG(s) dict_keys(['example_branch_python_operator_decorator']) retrieved from /home/chrisfleig/.local/lib/python3.10/site-packages/airflow/example_dags/example_branch_operator_decorator.py
[2023-01-03T22:13:03.532+0100] {logging_mixin.py:137} INFO - [2023-01-03T22:13:03.532+0100] {dag.py:2676} INFO - Sync 1 DAGs
[2023-01-03T22:13:03.550+0100] {logging_mixin.py:137} INFO - [2023-01-03T22:13:03.550+0100] {dag.py:3423} INFO - Setting next_dagrun for example_branch_python_operator_decorator to 2023-01-02T00:00:00+00:00, run_after=2023-01-03T00:00:00+00:00
[2023-01-03T22:13:03.586+0100] {processor.py:175} INFO - Processing /home/chrisfleig/.local/lib/python3.10/site-packages/airflow/example_dags/example_branch_operator_decorator.py took 0.104 seconds
[2023-01-03T22:13:43.154+0100] {processor.py:153} INFO - Started process (PID=8352) to work on /home/chrisfleig/.local/lib/python3.10/site-packages/airflow/example_dags/example_branch_operator_decorator.py
[2023-01-03T22:13:43.160+0100] {processor.py:743} INFO - Processing file /home/chrisfleig/.local/lib/python3.10/site-packages/airflow/example_dags/example_branch_operator_decorator.py for tasks to queue
[2023-01-03T22:13:43.161+0100] {logging_mixin.py:137} INFO - [2023-01-03T22:13:43.161+0100] {dagbag.py:538} INFO - Filling up the DagBag from /home/chrisfleig/.local/lib/python3.10/site-packages/airflow/example_dags/example_branch_operator_decorator.py
[2023-01-03T22:13:43.187+0100] {processor.py:753} INFO - DAG(s) dict_keys(['example_branch_python_operator_decorator']) retrieved from /home/chrisfleig/.local/lib/python3.10/site-packages/airflow/example_dags/example_branch_operator_decorator.py
[2023-01-03T22:13:43.211+0100] {logging_mixin.py:137} INFO - [2023-01-03T22:13:43.211+0100] {dag.py:2676} INFO - Sync 1 DAGs
[2023-01-03T22:13:43.234+0100] {logging_mixin.py:137} INFO - [2023-01-03T22:13:43.234+0100] {dag.py:3423} INFO - Setting next_dagrun for example_branch_python_operator_decorator to 2023-01-02T00:00:00+00:00, run_after=2023-01-03T00:00:00+00:00
[2023-01-03T22:13:43.276+0100] {processor.py:175} INFO - Processing /home/chrisfleig/.local/lib/python3.10/site-packages/airflow/example_dags/example_branch_operator_decorator.py took 0.126 seconds
[2023-01-03T22:14:21.811+0100] {processor.py:153} INFO - Started process (PID=8390) to work on /home/chrisfleig/.local/lib/python3.10/site-packages/airflow/example_dags/example_branch_operator_decorator.py
[2023-01-03T22:14:21.812+0100] {processor.py:743} INFO - Processing file /home/chrisfleig/.local/lib/python3.10/site-packages/airflow/example_dags/example_branch_operator_decorator.py for tasks to queue
[2023-01-03T22:14:21.813+0100] {logging_mixin.py:137} INFO - [2023-01-03T22:14:21.813+0100] {dagbag.py:538} INFO - Filling up the DagBag from /home/chrisfleig/.local/lib/python3.10/site-packages/airflow/example_dags/example_branch_operator_decorator.py
[2023-01-03T22:14:21.835+0100] {processor.py:753} INFO - DAG(s) dict_keys(['example_branch_python_operator_decorator']) retrieved from /home/chrisfleig/.local/lib/python3.10/site-packages/airflow/example_dags/example_branch_operator_decorator.py
[2023-01-03T22:14:21.857+0100] {logging_mixin.py:137} INFO - [2023-01-03T22:14:21.857+0100] {dag.py:2676} INFO - Sync 1 DAGs
[2023-01-03T22:14:21.877+0100] {logging_mixin.py:137} INFO - [2023-01-03T22:14:21.877+0100] {dag.py:3423} INFO - Setting next_dagrun for example_branch_python_operator_decorator to 2023-01-02T00:00:00+00:00, run_after=2023-01-03T00:00:00+00:00
[2023-01-03T22:14:21.912+0100] {processor.py:175} INFO - Processing /home/chrisfleig/.local/lib/python3.10/site-packages/airflow/example_dags/example_branch_operator_decorator.py took 0.103 seconds
[2023-01-03T22:14:59.894+0100] {processor.py:153} INFO - Started process (PID=8428) to work on /home/chrisfleig/.local/lib/python3.10/site-packages/airflow/example_dags/example_branch_operator_decorator.py
[2023-01-03T22:14:59.895+0100] {processor.py:743} INFO - Processing file /home/chrisfleig/.local/lib/python3.10/site-packages/airflow/example_dags/example_branch_operator_decorator.py for tasks to queue
[2023-01-03T22:14:59.896+0100] {logging_mixin.py:137} INFO - [2023-01-03T22:14:59.896+0100] {dagbag.py:538} INFO - Filling up the DagBag from /home/chrisfleig/.local/lib/python3.10/site-packages/airflow/example_dags/example_branch_operator_decorator.py
[2023-01-03T22:14:59.918+0100] {processor.py:753} INFO - DAG(s) dict_keys(['example_branch_python_operator_decorator']) retrieved from /home/chrisfleig/.local/lib/python3.10/site-packages/airflow/example_dags/example_branch_operator_decorator.py
[2023-01-03T22:14:59.941+0100] {logging_mixin.py:137} INFO - [2023-01-03T22:14:59.941+0100] {dag.py:2676} INFO - Sync 1 DAGs
[2023-01-03T22:14:59.959+0100] {logging_mixin.py:137} INFO - [2023-01-03T22:14:59.959+0100] {dag.py:3423} INFO - Setting next_dagrun for example_branch_python_operator_decorator to 2023-01-02T00:00:00+00:00, run_after=2023-01-03T00:00:00+00:00
[2023-01-03T22:14:59.995+0100] {processor.py:175} INFO - Processing /home/chrisfleig/.local/lib/python3.10/site-packages/airflow/example_dags/example_branch_operator_decorator.py took 0.103 seconds
[2023-01-03T22:15:40.005+0100] {processor.py:153} INFO - Started process (PID=8467) to work on /home/chrisfleig/.local/lib/python3.10/site-packages/airflow/example_dags/example_branch_operator_decorator.py
[2023-01-03T22:15:40.006+0100] {processor.py:743} INFO - Processing file /home/chrisfleig/.local/lib/python3.10/site-packages/airflow/example_dags/example_branch_operator_decorator.py for tasks to queue
[2023-01-03T22:15:40.006+0100] {logging_mixin.py:137} INFO - [2023-01-03T22:15:40.006+0100] {dagbag.py:538} INFO - Filling up the DagBag from /home/chrisfleig/.local/lib/python3.10/site-packages/airflow/example_dags/example_branch_operator_decorator.py
[2023-01-03T22:15:40.028+0100] {processor.py:753} INFO - DAG(s) dict_keys(['example_branch_python_operator_decorator']) retrieved from /home/chrisfleig/.local/lib/python3.10/site-packages/airflow/example_dags/example_branch_operator_decorator.py
[2023-01-03T22:15:40.049+0100] {logging_mixin.py:137} INFO - [2023-01-03T22:15:40.049+0100] {dag.py:2676} INFO - Sync 1 DAGs
[2023-01-03T22:15:40.067+0100] {logging_mixin.py:137} INFO - [2023-01-03T22:15:40.066+0100] {dag.py:3423} INFO - Setting next_dagrun for example_branch_python_operator_decorator to 2023-01-02T00:00:00+00:00, run_after=2023-01-03T00:00:00+00:00
[2023-01-03T22:15:40.102+0100] {processor.py:175} INFO - Processing /home/chrisfleig/.local/lib/python3.10/site-packages/airflow/example_dags/example_branch_operator_decorator.py took 0.100 seconds
[2023-01-03T22:31:34.795+0100] {processor.py:153} INFO - Started process (PID=8563) to work on /home/chrisfleig/.local/lib/python3.10/site-packages/airflow/example_dags/example_branch_operator_decorator.py
[2023-01-03T22:31:34.796+0100] {processor.py:743} INFO - Processing file /home/chrisfleig/.local/lib/python3.10/site-packages/airflow/example_dags/example_branch_operator_decorator.py for tasks to queue
[2023-01-03T22:31:34.797+0100] {logging_mixin.py:137} INFO - [2023-01-03T22:31:34.796+0100] {dagbag.py:538} INFO - Filling up the DagBag from /home/chrisfleig/.local/lib/python3.10/site-packages/airflow/example_dags/example_branch_operator_decorator.py
[2023-01-03T22:31:34.824+0100] {processor.py:753} INFO - DAG(s) dict_keys(['example_branch_python_operator_decorator']) retrieved from /home/chrisfleig/.local/lib/python3.10/site-packages/airflow/example_dags/example_branch_operator_decorator.py
[2023-01-03T22:31:34.834+0100] {logging_mixin.py:137} INFO - [2023-01-03T22:31:34.834+0100] {dag.py:2676} INFO - Sync 1 DAGs
[2023-01-03T22:31:34.859+0100] {logging_mixin.py:137} INFO - [2023-01-03T22:31:34.859+0100] {dag.py:3423} INFO - Setting next_dagrun for example_branch_python_operator_decorator to 2023-01-02T00:00:00+00:00, run_after=2023-01-03T00:00:00+00:00
[2023-01-03T22:31:34.925+0100] {processor.py:175} INFO - Processing /home/chrisfleig/.local/lib/python3.10/site-packages/airflow/example_dags/example_branch_operator_decorator.py took 0.133 seconds
[2023-01-03T22:32:15.512+0100] {processor.py:153} INFO - Started process (PID=8601) to work on /home/chrisfleig/.local/lib/python3.10/site-packages/airflow/example_dags/example_branch_operator_decorator.py
[2023-01-03T22:32:15.514+0100] {processor.py:743} INFO - Processing file /home/chrisfleig/.local/lib/python3.10/site-packages/airflow/example_dags/example_branch_operator_decorator.py for tasks to queue
[2023-01-03T22:32:15.514+0100] {logging_mixin.py:137} INFO - [2023-01-03T22:32:15.514+0100] {dagbag.py:538} INFO - Filling up the DagBag from /home/chrisfleig/.local/lib/python3.10/site-packages/airflow/example_dags/example_branch_operator_decorator.py
[2023-01-03T22:32:15.536+0100] {processor.py:753} INFO - DAG(s) dict_keys(['example_branch_python_operator_decorator']) retrieved from /home/chrisfleig/.local/lib/python3.10/site-packages/airflow/example_dags/example_branch_operator_decorator.py
[2023-01-03T22:32:15.558+0100] {logging_mixin.py:137} INFO - [2023-01-03T22:32:15.558+0100] {dag.py:2676} INFO - Sync 1 DAGs
[2023-01-03T22:32:15.577+0100] {logging_mixin.py:137} INFO - [2023-01-03T22:32:15.577+0100] {dag.py:3423} INFO - Setting next_dagrun for example_branch_python_operator_decorator to 2023-01-02T00:00:00+00:00, run_after=2023-01-03T00:00:00+00:00
[2023-01-03T22:32:15.613+0100] {processor.py:175} INFO - Processing /home/chrisfleig/.local/lib/python3.10/site-packages/airflow/example_dags/example_branch_operator_decorator.py took 0.103 seconds
[2023-01-03T22:32:53.396+0100] {processor.py:153} INFO - Started process (PID=8639) to work on /home/chrisfleig/.local/lib/python3.10/site-packages/airflow/example_dags/example_branch_operator_decorator.py
[2023-01-03T22:32:53.398+0100] {processor.py:743} INFO - Processing file /home/chrisfleig/.local/lib/python3.10/site-packages/airflow/example_dags/example_branch_operator_decorator.py for tasks to queue
[2023-01-03T22:32:53.399+0100] {logging_mixin.py:137} INFO - [2023-01-03T22:32:53.398+0100] {dagbag.py:538} INFO - Filling up the DagBag from /home/chrisfleig/.local/lib/python3.10/site-packages/airflow/example_dags/example_branch_operator_decorator.py
[2023-01-03T22:32:53.445+0100] {processor.py:753} INFO - DAG(s) dict_keys(['example_branch_python_operator_decorator']) retrieved from /home/chrisfleig/.local/lib/python3.10/site-packages/airflow/example_dags/example_branch_operator_decorator.py
[2023-01-03T22:32:53.480+0100] {logging_mixin.py:137} INFO - [2023-01-03T22:32:53.480+0100] {dag.py:2676} INFO - Sync 1 DAGs
[2023-01-03T22:32:53.517+0100] {logging_mixin.py:137} INFO - [2023-01-03T22:32:53.517+0100] {dag.py:3423} INFO - Setting next_dagrun for example_branch_python_operator_decorator to 2023-01-02T00:00:00+00:00, run_after=2023-01-03T00:00:00+00:00
[2023-01-03T22:32:53.565+0100] {processor.py:175} INFO - Processing /home/chrisfleig/.local/lib/python3.10/site-packages/airflow/example_dags/example_branch_operator_decorator.py took 0.173 seconds
[2023-01-03T22:33:31.779+0100] {processor.py:153} INFO - Started process (PID=8677) to work on /home/chrisfleig/.local/lib/python3.10/site-packages/airflow/example_dags/example_branch_operator_decorator.py
[2023-01-03T22:33:31.780+0100] {processor.py:743} INFO - Processing file /home/chrisfleig/.local/lib/python3.10/site-packages/airflow/example_dags/example_branch_operator_decorator.py for tasks to queue
[2023-01-03T22:33:31.780+0100] {logging_mixin.py:137} INFO - [2023-01-03T22:33:31.780+0100] {dagbag.py:538} INFO - Filling up the DagBag from /home/chrisfleig/.local/lib/python3.10/site-packages/airflow/example_dags/example_branch_operator_decorator.py
[2023-01-03T22:33:31.803+0100] {processor.py:753} INFO - DAG(s) dict_keys(['example_branch_python_operator_decorator']) retrieved from /home/chrisfleig/.local/lib/python3.10/site-packages/airflow/example_dags/example_branch_operator_decorator.py
[2023-01-03T22:33:31.823+0100] {logging_mixin.py:137} INFO - [2023-01-03T22:33:31.823+0100] {dag.py:2676} INFO - Sync 1 DAGs
[2023-01-03T22:33:31.840+0100] {logging_mixin.py:137} INFO - [2023-01-03T22:33:31.840+0100] {dag.py:3423} INFO - Setting next_dagrun for example_branch_python_operator_decorator to 2023-01-02T00:00:00+00:00, run_after=2023-01-03T00:00:00+00:00
[2023-01-03T22:33:31.873+0100] {processor.py:175} INFO - Processing /home/chrisfleig/.local/lib/python3.10/site-packages/airflow/example_dags/example_branch_operator_decorator.py took 0.097 seconds
[2023-01-03T22:34:11.036+0100] {processor.py:153} INFO - Started process (PID=8715) to work on /home/chrisfleig/.local/lib/python3.10/site-packages/airflow/example_dags/example_branch_operator_decorator.py
[2023-01-03T22:34:11.037+0100] {processor.py:743} INFO - Processing file /home/chrisfleig/.local/lib/python3.10/site-packages/airflow/example_dags/example_branch_operator_decorator.py for tasks to queue
[2023-01-03T22:34:11.038+0100] {logging_mixin.py:137} INFO - [2023-01-03T22:34:11.037+0100] {dagbag.py:538} INFO - Filling up the DagBag from /home/chrisfleig/.local/lib/python3.10/site-packages/airflow/example_dags/example_branch_operator_decorator.py
[2023-01-03T22:34:11.062+0100] {processor.py:753} INFO - DAG(s) dict_keys(['example_branch_python_operator_decorator']) retrieved from /home/chrisfleig/.local/lib/python3.10/site-packages/airflow/example_dags/example_branch_operator_decorator.py
[2023-01-03T22:34:11.083+0100] {logging_mixin.py:137} INFO - [2023-01-03T22:34:11.082+0100] {dag.py:2676} INFO - Sync 1 DAGs
[2023-01-03T22:34:11.100+0100] {logging_mixin.py:137} INFO - [2023-01-03T22:34:11.100+0100] {dag.py:3423} INFO - Setting next_dagrun for example_branch_python_operator_decorator to 2023-01-02T00:00:00+00:00, run_after=2023-01-03T00:00:00+00:00
[2023-01-03T22:34:11.137+0100] {processor.py:175} INFO - Processing /home/chrisfleig/.local/lib/python3.10/site-packages/airflow/example_dags/example_branch_operator_decorator.py took 0.104 seconds
[2023-01-03T22:34:51.378+0100] {processor.py:153} INFO - Started process (PID=8753) to work on /home/chrisfleig/.local/lib/python3.10/site-packages/airflow/example_dags/example_branch_operator_decorator.py
[2023-01-03T22:34:51.379+0100] {processor.py:743} INFO - Processing file /home/chrisfleig/.local/lib/python3.10/site-packages/airflow/example_dags/example_branch_operator_decorator.py for tasks to queue
[2023-01-03T22:34:51.380+0100] {logging_mixin.py:137} INFO - [2023-01-03T22:34:51.380+0100] {dagbag.py:538} INFO - Filling up the DagBag from /home/chrisfleig/.local/lib/python3.10/site-packages/airflow/example_dags/example_branch_operator_decorator.py
[2023-01-03T22:34:51.402+0100] {processor.py:753} INFO - DAG(s) dict_keys(['example_branch_python_operator_decorator']) retrieved from /home/chrisfleig/.local/lib/python3.10/site-packages/airflow/example_dags/example_branch_operator_decorator.py
[2023-01-03T22:34:51.423+0100] {logging_mixin.py:137} INFO - [2023-01-03T22:34:51.423+0100] {dag.py:2676} INFO - Sync 1 DAGs
[2023-01-03T22:34:51.442+0100] {logging_mixin.py:137} INFO - [2023-01-03T22:34:51.441+0100] {dag.py:3423} INFO - Setting next_dagrun for example_branch_python_operator_decorator to 2023-01-02T00:00:00+00:00, run_after=2023-01-03T00:00:00+00:00
[2023-01-03T22:34:51.476+0100] {processor.py:175} INFO - Processing /home/chrisfleig/.local/lib/python3.10/site-packages/airflow/example_dags/example_branch_operator_decorator.py took 0.100 seconds
[2023-01-03T22:35:31.258+0100] {processor.py:153} INFO - Started process (PID=8791) to work on /home/chrisfleig/.local/lib/python3.10/site-packages/airflow/example_dags/example_branch_operator_decorator.py
[2023-01-03T22:35:31.259+0100] {processor.py:743} INFO - Processing file /home/chrisfleig/.local/lib/python3.10/site-packages/airflow/example_dags/example_branch_operator_decorator.py for tasks to queue
[2023-01-03T22:35:31.260+0100] {logging_mixin.py:137} INFO - [2023-01-03T22:35:31.260+0100] {dagbag.py:538} INFO - Filling up the DagBag from /home/chrisfleig/.local/lib/python3.10/site-packages/airflow/example_dags/example_branch_operator_decorator.py
[2023-01-03T22:35:31.283+0100] {processor.py:753} INFO - DAG(s) dict_keys(['example_branch_python_operator_decorator']) retrieved from /home/chrisfleig/.local/lib/python3.10/site-packages/airflow/example_dags/example_branch_operator_decorator.py
[2023-01-03T22:35:31.304+0100] {logging_mixin.py:137} INFO - [2023-01-03T22:35:31.304+0100] {dag.py:2676} INFO - Sync 1 DAGs
[2023-01-03T22:35:31.322+0100] {logging_mixin.py:137} INFO - [2023-01-03T22:35:31.322+0100] {dag.py:3423} INFO - Setting next_dagrun for example_branch_python_operator_decorator to 2023-01-02T00:00:00+00:00, run_after=2023-01-03T00:00:00+00:00
[2023-01-03T22:35:31.357+0100] {processor.py:175} INFO - Processing /home/chrisfleig/.local/lib/python3.10/site-packages/airflow/example_dags/example_branch_operator_decorator.py took 0.101 seconds
[2023-01-03T22:36:09.996+0100] {processor.py:153} INFO - Started process (PID=8829) to work on /home/chrisfleig/.local/lib/python3.10/site-packages/airflow/example_dags/example_branch_operator_decorator.py
[2023-01-03T22:36:09.997+0100] {processor.py:743} INFO - Processing file /home/chrisfleig/.local/lib/python3.10/site-packages/airflow/example_dags/example_branch_operator_decorator.py for tasks to queue
[2023-01-03T22:36:09.998+0100] {logging_mixin.py:137} INFO - [2023-01-03T22:36:09.997+0100] {dagbag.py:538} INFO - Filling up the DagBag from /home/chrisfleig/.local/lib/python3.10/site-packages/airflow/example_dags/example_branch_operator_decorator.py
[2023-01-03T22:36:10.020+0100] {processor.py:753} INFO - DAG(s) dict_keys(['example_branch_python_operator_decorator']) retrieved from /home/chrisfleig/.local/lib/python3.10/site-packages/airflow/example_dags/example_branch_operator_decorator.py
[2023-01-03T22:36:10.043+0100] {logging_mixin.py:137} INFO - [2023-01-03T22:36:10.043+0100] {dag.py:2676} INFO - Sync 1 DAGs
[2023-01-03T22:36:10.064+0100] {logging_mixin.py:137} INFO - [2023-01-03T22:36:10.064+0100] {dag.py:3423} INFO - Setting next_dagrun for example_branch_python_operator_decorator to 2023-01-02T00:00:00+00:00, run_after=2023-01-03T00:00:00+00:00
[2023-01-03T22:36:10.102+0100] {processor.py:175} INFO - Processing /home/chrisfleig/.local/lib/python3.10/site-packages/airflow/example_dags/example_branch_operator_decorator.py took 0.108 seconds
[2023-01-03T22:36:47.865+0100] {processor.py:153} INFO - Started process (PID=8867) to work on /home/chrisfleig/.local/lib/python3.10/site-packages/airflow/example_dags/example_branch_operator_decorator.py
[2023-01-03T22:36:47.866+0100] {processor.py:743} INFO - Processing file /home/chrisfleig/.local/lib/python3.10/site-packages/airflow/example_dags/example_branch_operator_decorator.py for tasks to queue
[2023-01-03T22:36:47.868+0100] {logging_mixin.py:137} INFO - [2023-01-03T22:36:47.867+0100] {dagbag.py:538} INFO - Filling up the DagBag from /home/chrisfleig/.local/lib/python3.10/site-packages/airflow/example_dags/example_branch_operator_decorator.py
[2023-01-03T22:36:47.899+0100] {processor.py:753} INFO - DAG(s) dict_keys(['example_branch_python_operator_decorator']) retrieved from /home/chrisfleig/.local/lib/python3.10/site-packages/airflow/example_dags/example_branch_operator_decorator.py
[2023-01-03T22:36:47.923+0100] {logging_mixin.py:137} INFO - [2023-01-03T22:36:47.923+0100] {dag.py:2676} INFO - Sync 1 DAGs
[2023-01-03T22:36:47.944+0100] {logging_mixin.py:137} INFO - [2023-01-03T22:36:47.944+0100] {dag.py:3423} INFO - Setting next_dagrun for example_branch_python_operator_decorator to 2023-01-02T00:00:00+00:00, run_after=2023-01-03T00:00:00+00:00
[2023-01-03T22:36:47.980+0100] {processor.py:175} INFO - Processing /home/chrisfleig/.local/lib/python3.10/site-packages/airflow/example_dags/example_branch_operator_decorator.py took 0.117 seconds
[2023-01-03T22:37:25.699+0100] {processor.py:153} INFO - Started process (PID=8905) to work on /home/chrisfleig/.local/lib/python3.10/site-packages/airflow/example_dags/example_branch_operator_decorator.py
[2023-01-03T22:37:25.700+0100] {processor.py:743} INFO - Processing file /home/chrisfleig/.local/lib/python3.10/site-packages/airflow/example_dags/example_branch_operator_decorator.py for tasks to queue
[2023-01-03T22:37:25.700+0100] {logging_mixin.py:137} INFO - [2023-01-03T22:37:25.700+0100] {dagbag.py:538} INFO - Filling up the DagBag from /home/chrisfleig/.local/lib/python3.10/site-packages/airflow/example_dags/example_branch_operator_decorator.py
[2023-01-03T22:37:25.725+0100] {processor.py:753} INFO - DAG(s) dict_keys(['example_branch_python_operator_decorator']) retrieved from /home/chrisfleig/.local/lib/python3.10/site-packages/airflow/example_dags/example_branch_operator_decorator.py
[2023-01-03T22:37:25.747+0100] {logging_mixin.py:137} INFO - [2023-01-03T22:37:25.747+0100] {dag.py:2676} INFO - Sync 1 DAGs
[2023-01-03T22:37:25.766+0100] {logging_mixin.py:137} INFO - [2023-01-03T22:37:25.766+0100] {dag.py:3423} INFO - Setting next_dagrun for example_branch_python_operator_decorator to 2023-01-02T00:00:00+00:00, run_after=2023-01-03T00:00:00+00:00
[2023-01-03T22:37:25.805+0100] {processor.py:175} INFO - Processing /home/chrisfleig/.local/lib/python3.10/site-packages/airflow/example_dags/example_branch_operator_decorator.py took 0.109 seconds
[2023-01-03T22:38:03.862+0100] {processor.py:153} INFO - Started process (PID=8943) to work on /home/chrisfleig/.local/lib/python3.10/site-packages/airflow/example_dags/example_branch_operator_decorator.py
[2023-01-03T22:38:03.863+0100] {processor.py:743} INFO - Processing file /home/chrisfleig/.local/lib/python3.10/site-packages/airflow/example_dags/example_branch_operator_decorator.py for tasks to queue
[2023-01-03T22:38:03.864+0100] {logging_mixin.py:137} INFO - [2023-01-03T22:38:03.863+0100] {dagbag.py:538} INFO - Filling up the DagBag from /home/chrisfleig/.local/lib/python3.10/site-packages/airflow/example_dags/example_branch_operator_decorator.py
[2023-01-03T22:38:03.899+0100] {processor.py:753} INFO - DAG(s) dict_keys(['example_branch_python_operator_decorator']) retrieved from /home/chrisfleig/.local/lib/python3.10/site-packages/airflow/example_dags/example_branch_operator_decorator.py
[2023-01-03T22:38:03.930+0100] {logging_mixin.py:137} INFO - [2023-01-03T22:38:03.930+0100] {dag.py:2676} INFO - Sync 1 DAGs
[2023-01-03T22:38:03.952+0100] {logging_mixin.py:137} INFO - [2023-01-03T22:38:03.952+0100] {dag.py:3423} INFO - Setting next_dagrun for example_branch_python_operator_decorator to 2023-01-02T00:00:00+00:00, run_after=2023-01-03T00:00:00+00:00
[2023-01-03T22:38:03.995+0100] {processor.py:175} INFO - Processing /home/chrisfleig/.local/lib/python3.10/site-packages/airflow/example_dags/example_branch_operator_decorator.py took 0.139 seconds
[2023-01-03T22:38:43.078+0100] {processor.py:153} INFO - Started process (PID=8981) to work on /home/chrisfleig/.local/lib/python3.10/site-packages/airflow/example_dags/example_branch_operator_decorator.py
[2023-01-03T22:38:43.079+0100] {processor.py:743} INFO - Processing file /home/chrisfleig/.local/lib/python3.10/site-packages/airflow/example_dags/example_branch_operator_decorator.py for tasks to queue
[2023-01-03T22:38:43.080+0100] {logging_mixin.py:137} INFO - [2023-01-03T22:38:43.079+0100] {dagbag.py:538} INFO - Filling up the DagBag from /home/chrisfleig/.local/lib/python3.10/site-packages/airflow/example_dags/example_branch_operator_decorator.py
[2023-01-03T22:38:43.103+0100] {processor.py:753} INFO - DAG(s) dict_keys(['example_branch_python_operator_decorator']) retrieved from /home/chrisfleig/.local/lib/python3.10/site-packages/airflow/example_dags/example_branch_operator_decorator.py
[2023-01-03T22:38:43.125+0100] {logging_mixin.py:137} INFO - [2023-01-03T22:38:43.125+0100] {dag.py:2676} INFO - Sync 1 DAGs
[2023-01-03T22:38:43.143+0100] {logging_mixin.py:137} INFO - [2023-01-03T22:38:43.143+0100] {dag.py:3423} INFO - Setting next_dagrun for example_branch_python_operator_decorator to 2023-01-02T00:00:00+00:00, run_after=2023-01-03T00:00:00+00:00
[2023-01-03T22:38:43.180+0100] {processor.py:175} INFO - Processing /home/chrisfleig/.local/lib/python3.10/site-packages/airflow/example_dags/example_branch_operator_decorator.py took 0.105 seconds
[2023-01-03T22:39:21.781+0100] {processor.py:153} INFO - Started process (PID=9019) to work on /home/chrisfleig/.local/lib/python3.10/site-packages/airflow/example_dags/example_branch_operator_decorator.py
[2023-01-03T22:39:21.781+0100] {processor.py:743} INFO - Processing file /home/chrisfleig/.local/lib/python3.10/site-packages/airflow/example_dags/example_branch_operator_decorator.py for tasks to queue
[2023-01-03T22:39:21.782+0100] {logging_mixin.py:137} INFO - [2023-01-03T22:39:21.782+0100] {dagbag.py:538} INFO - Filling up the DagBag from /home/chrisfleig/.local/lib/python3.10/site-packages/airflow/example_dags/example_branch_operator_decorator.py
[2023-01-03T22:39:21.805+0100] {processor.py:753} INFO - DAG(s) dict_keys(['example_branch_python_operator_decorator']) retrieved from /home/chrisfleig/.local/lib/python3.10/site-packages/airflow/example_dags/example_branch_operator_decorator.py
[2023-01-03T22:39:21.826+0100] {logging_mixin.py:137} INFO - [2023-01-03T22:39:21.826+0100] {dag.py:2676} INFO - Sync 1 DAGs
[2023-01-03T22:39:21.845+0100] {logging_mixin.py:137} INFO - [2023-01-03T22:39:21.845+0100] {dag.py:3423} INFO - Setting next_dagrun for example_branch_python_operator_decorator to 2023-01-02T00:00:00+00:00, run_after=2023-01-03T00:00:00+00:00
[2023-01-03T22:39:21.879+0100] {processor.py:175} INFO - Processing /home/chrisfleig/.local/lib/python3.10/site-packages/airflow/example_dags/example_branch_operator_decorator.py took 0.101 seconds
[2023-01-03T22:40:02.312+0100] {processor.py:153} INFO - Started process (PID=9057) to work on /home/chrisfleig/.local/lib/python3.10/site-packages/airflow/example_dags/example_branch_operator_decorator.py
[2023-01-03T22:40:02.313+0100] {processor.py:743} INFO - Processing file /home/chrisfleig/.local/lib/python3.10/site-packages/airflow/example_dags/example_branch_operator_decorator.py for tasks to queue
[2023-01-03T22:40:02.314+0100] {logging_mixin.py:137} INFO - [2023-01-03T22:40:02.314+0100] {dagbag.py:538} INFO - Filling up the DagBag from /home/chrisfleig/.local/lib/python3.10/site-packages/airflow/example_dags/example_branch_operator_decorator.py
[2023-01-03T22:40:02.336+0100] {processor.py:753} INFO - DAG(s) dict_keys(['example_branch_python_operator_decorator']) retrieved from /home/chrisfleig/.local/lib/python3.10/site-packages/airflow/example_dags/example_branch_operator_decorator.py
[2023-01-03T22:40:02.357+0100] {logging_mixin.py:137} INFO - [2023-01-03T22:40:02.356+0100] {dag.py:2676} INFO - Sync 1 DAGs
[2023-01-03T22:40:02.375+0100] {logging_mixin.py:137} INFO - [2023-01-03T22:40:02.375+0100] {dag.py:3423} INFO - Setting next_dagrun for example_branch_python_operator_decorator to 2023-01-02T00:00:00+00:00, run_after=2023-01-03T00:00:00+00:00
[2023-01-03T22:40:02.412+0100] {processor.py:175} INFO - Processing /home/chrisfleig/.local/lib/python3.10/site-packages/airflow/example_dags/example_branch_operator_decorator.py took 0.102 seconds
[2023-01-03T22:40:40.239+0100] {processor.py:153} INFO - Started process (PID=9095) to work on /home/chrisfleig/.local/lib/python3.10/site-packages/airflow/example_dags/example_branch_operator_decorator.py
[2023-01-03T22:40:40.240+0100] {processor.py:743} INFO - Processing file /home/chrisfleig/.local/lib/python3.10/site-packages/airflow/example_dags/example_branch_operator_decorator.py for tasks to queue
[2023-01-03T22:40:40.240+0100] {logging_mixin.py:137} INFO - [2023-01-03T22:40:40.240+0100] {dagbag.py:538} INFO - Filling up the DagBag from /home/chrisfleig/.local/lib/python3.10/site-packages/airflow/example_dags/example_branch_operator_decorator.py
[2023-01-03T22:40:40.264+0100] {processor.py:753} INFO - DAG(s) dict_keys(['example_branch_python_operator_decorator']) retrieved from /home/chrisfleig/.local/lib/python3.10/site-packages/airflow/example_dags/example_branch_operator_decorator.py
[2023-01-03T22:40:40.284+0100] {logging_mixin.py:137} INFO - [2023-01-03T22:40:40.284+0100] {dag.py:2676} INFO - Sync 1 DAGs
[2023-01-03T22:40:40.303+0100] {logging_mixin.py:137} INFO - [2023-01-03T22:40:40.303+0100] {dag.py:3423} INFO - Setting next_dagrun for example_branch_python_operator_decorator to 2023-01-02T00:00:00+00:00, run_after=2023-01-03T00:00:00+00:00
[2023-01-03T22:40:40.340+0100] {processor.py:175} INFO - Processing /home/chrisfleig/.local/lib/python3.10/site-packages/airflow/example_dags/example_branch_operator_decorator.py took 0.104 seconds
[2023-01-03T22:41:17.001+0100] {processor.py:153} INFO - Started process (PID=9133) to work on /home/chrisfleig/.local/lib/python3.10/site-packages/airflow/example_dags/example_branch_operator_decorator.py
[2023-01-03T22:41:17.002+0100] {processor.py:743} INFO - Processing file /home/chrisfleig/.local/lib/python3.10/site-packages/airflow/example_dags/example_branch_operator_decorator.py for tasks to queue
[2023-01-03T22:41:17.002+0100] {logging_mixin.py:137} INFO - [2023-01-03T22:41:17.002+0100] {dagbag.py:538} INFO - Filling up the DagBag from /home/chrisfleig/.local/lib/python3.10/site-packages/airflow/example_dags/example_branch_operator_decorator.py
[2023-01-03T22:41:17.025+0100] {processor.py:753} INFO - DAG(s) dict_keys(['example_branch_python_operator_decorator']) retrieved from /home/chrisfleig/.local/lib/python3.10/site-packages/airflow/example_dags/example_branch_operator_decorator.py
[2023-01-03T22:41:17.046+0100] {logging_mixin.py:137} INFO - [2023-01-03T22:41:17.046+0100] {dag.py:2676} INFO - Sync 1 DAGs
[2023-01-03T22:41:17.063+0100] {logging_mixin.py:137} INFO - [2023-01-03T22:41:17.063+0100] {dag.py:3423} INFO - Setting next_dagrun for example_branch_python_operator_decorator to 2023-01-02T00:00:00+00:00, run_after=2023-01-03T00:00:00+00:00
[2023-01-03T22:41:17.102+0100] {processor.py:175} INFO - Processing /home/chrisfleig/.local/lib/python3.10/site-packages/airflow/example_dags/example_branch_operator_decorator.py took 0.104 seconds
[2023-01-03T22:41:55.964+0100] {processor.py:153} INFO - Started process (PID=9173) to work on /home/chrisfleig/.local/lib/python3.10/site-packages/airflow/example_dags/example_branch_operator_decorator.py
[2023-01-03T22:41:55.965+0100] {processor.py:743} INFO - Processing file /home/chrisfleig/.local/lib/python3.10/site-packages/airflow/example_dags/example_branch_operator_decorator.py for tasks to queue
[2023-01-03T22:41:55.966+0100] {logging_mixin.py:137} INFO - [2023-01-03T22:41:55.966+0100] {dagbag.py:538} INFO - Filling up the DagBag from /home/chrisfleig/.local/lib/python3.10/site-packages/airflow/example_dags/example_branch_operator_decorator.py
[2023-01-03T22:41:55.988+0100] {processor.py:753} INFO - DAG(s) dict_keys(['example_branch_python_operator_decorator']) retrieved from /home/chrisfleig/.local/lib/python3.10/site-packages/airflow/example_dags/example_branch_operator_decorator.py
[2023-01-03T22:41:56.009+0100] {logging_mixin.py:137} INFO - [2023-01-03T22:41:56.009+0100] {dag.py:2676} INFO - Sync 1 DAGs
[2023-01-03T22:41:56.026+0100] {logging_mixin.py:137} INFO - [2023-01-03T22:41:56.026+0100] {dag.py:3423} INFO - Setting next_dagrun for example_branch_python_operator_decorator to 2023-01-02T00:00:00+00:00, run_after=2023-01-03T00:00:00+00:00
[2023-01-03T22:41:56.063+0100] {processor.py:175} INFO - Processing /home/chrisfleig/.local/lib/python3.10/site-packages/airflow/example_dags/example_branch_operator_decorator.py took 0.101 seconds
[2023-01-03T22:42:35.161+0100] {processor.py:153} INFO - Started process (PID=9213) to work on /home/chrisfleig/.local/lib/python3.10/site-packages/airflow/example_dags/example_branch_operator_decorator.py
[2023-01-03T22:42:35.162+0100] {processor.py:743} INFO - Processing file /home/chrisfleig/.local/lib/python3.10/site-packages/airflow/example_dags/example_branch_operator_decorator.py for tasks to queue
[2023-01-03T22:42:35.163+0100] {logging_mixin.py:137} INFO - [2023-01-03T22:42:35.163+0100] {dagbag.py:538} INFO - Filling up the DagBag from /home/chrisfleig/.local/lib/python3.10/site-packages/airflow/example_dags/example_branch_operator_decorator.py
[2023-01-03T22:42:35.185+0100] {processor.py:753} INFO - DAG(s) dict_keys(['example_branch_python_operator_decorator']) retrieved from /home/chrisfleig/.local/lib/python3.10/site-packages/airflow/example_dags/example_branch_operator_decorator.py
[2023-01-03T22:42:35.205+0100] {logging_mixin.py:137} INFO - [2023-01-03T22:42:35.205+0100] {dag.py:2676} INFO - Sync 1 DAGs
[2023-01-03T22:42:35.222+0100] {logging_mixin.py:137} INFO - [2023-01-03T22:42:35.222+0100] {dag.py:3423} INFO - Setting next_dagrun for example_branch_python_operator_decorator to 2023-01-02T00:00:00+00:00, run_after=2023-01-03T00:00:00+00:00
[2023-01-03T22:42:35.260+0100] {processor.py:175} INFO - Processing /home/chrisfleig/.local/lib/python3.10/site-packages/airflow/example_dags/example_branch_operator_decorator.py took 0.101 seconds
[2023-01-03T22:43:14.005+0100] {processor.py:153} INFO - Started process (PID=9251) to work on /home/chrisfleig/.local/lib/python3.10/site-packages/airflow/example_dags/example_branch_operator_decorator.py
[2023-01-03T22:43:14.009+0100] {processor.py:743} INFO - Processing file /home/chrisfleig/.local/lib/python3.10/site-packages/airflow/example_dags/example_branch_operator_decorator.py for tasks to queue
[2023-01-03T22:43:14.013+0100] {logging_mixin.py:137} INFO - [2023-01-03T22:43:14.010+0100] {dagbag.py:538} INFO - Filling up the DagBag from /home/chrisfleig/.local/lib/python3.10/site-packages/airflow/example_dags/example_branch_operator_decorator.py
[2023-01-03T22:43:14.041+0100] {processor.py:753} INFO - DAG(s) dict_keys(['example_branch_python_operator_decorator']) retrieved from /home/chrisfleig/.local/lib/python3.10/site-packages/airflow/example_dags/example_branch_operator_decorator.py
[2023-01-03T22:43:14.062+0100] {logging_mixin.py:137} INFO - [2023-01-03T22:43:14.062+0100] {dag.py:2676} INFO - Sync 1 DAGs
[2023-01-03T22:43:14.081+0100] {logging_mixin.py:137} INFO - [2023-01-03T22:43:14.081+0100] {dag.py:3423} INFO - Setting next_dagrun for example_branch_python_operator_decorator to 2023-01-02T00:00:00+00:00, run_after=2023-01-03T00:00:00+00:00
[2023-01-03T22:43:14.166+0100] {processor.py:175} INFO - Processing /home/chrisfleig/.local/lib/python3.10/site-packages/airflow/example_dags/example_branch_operator_decorator.py took 0.166 seconds
[2023-01-03T22:43:53.214+0100] {processor.py:153} INFO - Started process (PID=9289) to work on /home/chrisfleig/.local/lib/python3.10/site-packages/airflow/example_dags/example_branch_operator_decorator.py
[2023-01-03T22:43:53.216+0100] {processor.py:743} INFO - Processing file /home/chrisfleig/.local/lib/python3.10/site-packages/airflow/example_dags/example_branch_operator_decorator.py for tasks to queue
[2023-01-03T22:43:53.217+0100] {logging_mixin.py:137} INFO - [2023-01-03T22:43:53.217+0100] {dagbag.py:538} INFO - Filling up the DagBag from /home/chrisfleig/.local/lib/python3.10/site-packages/airflow/example_dags/example_branch_operator_decorator.py
[2023-01-03T22:43:53.256+0100] {processor.py:753} INFO - DAG(s) dict_keys(['example_branch_python_operator_decorator']) retrieved from /home/chrisfleig/.local/lib/python3.10/site-packages/airflow/example_dags/example_branch_operator_decorator.py
[2023-01-03T22:43:53.337+0100] {logging_mixin.py:137} INFO - [2023-01-03T22:43:53.336+0100] {dag.py:2676} INFO - Sync 1 DAGs
[2023-01-03T22:43:53.356+0100] {logging_mixin.py:137} INFO - [2023-01-03T22:43:53.355+0100] {dag.py:3423} INFO - Setting next_dagrun for example_branch_python_operator_decorator to 2023-01-02T00:00:00+00:00, run_after=2023-01-03T00:00:00+00:00
[2023-01-03T22:43:53.394+0100] {processor.py:175} INFO - Processing /home/chrisfleig/.local/lib/python3.10/site-packages/airflow/example_dags/example_branch_operator_decorator.py took 0.184 seconds
[2023-01-03T22:44:31.452+0100] {processor.py:153} INFO - Started process (PID=9327) to work on /home/chrisfleig/.local/lib/python3.10/site-packages/airflow/example_dags/example_branch_operator_decorator.py
[2023-01-03T22:44:31.453+0100] {processor.py:743} INFO - Processing file /home/chrisfleig/.local/lib/python3.10/site-packages/airflow/example_dags/example_branch_operator_decorator.py for tasks to queue
[2023-01-03T22:44:31.454+0100] {logging_mixin.py:137} INFO - [2023-01-03T22:44:31.453+0100] {dagbag.py:538} INFO - Filling up the DagBag from /home/chrisfleig/.local/lib/python3.10/site-packages/airflow/example_dags/example_branch_operator_decorator.py
[2023-01-03T22:44:31.476+0100] {processor.py:753} INFO - DAG(s) dict_keys(['example_branch_python_operator_decorator']) retrieved from /home/chrisfleig/.local/lib/python3.10/site-packages/airflow/example_dags/example_branch_operator_decorator.py
[2023-01-03T22:44:31.498+0100] {logging_mixin.py:137} INFO - [2023-01-03T22:44:31.498+0100] {dag.py:2676} INFO - Sync 1 DAGs
[2023-01-03T22:44:31.522+0100] {logging_mixin.py:137} INFO - [2023-01-03T22:44:31.521+0100] {dag.py:3423} INFO - Setting next_dagrun for example_branch_python_operator_decorator to 2023-01-02T00:00:00+00:00, run_after=2023-01-03T00:00:00+00:00
[2023-01-03T22:44:31.555+0100] {processor.py:175} INFO - Processing /home/chrisfleig/.local/lib/python3.10/site-packages/airflow/example_dags/example_branch_operator_decorator.py took 0.105 seconds
[2023-01-03T22:45:11.146+0100] {processor.py:153} INFO - Started process (PID=9365) to work on /home/chrisfleig/.local/lib/python3.10/site-packages/airflow/example_dags/example_branch_operator_decorator.py
[2023-01-03T22:45:11.147+0100] {processor.py:743} INFO - Processing file /home/chrisfleig/.local/lib/python3.10/site-packages/airflow/example_dags/example_branch_operator_decorator.py for tasks to queue
[2023-01-03T22:45:11.148+0100] {logging_mixin.py:137} INFO - [2023-01-03T22:45:11.147+0100] {dagbag.py:538} INFO - Filling up the DagBag from /home/chrisfleig/.local/lib/python3.10/site-packages/airflow/example_dags/example_branch_operator_decorator.py
[2023-01-03T22:45:11.172+0100] {processor.py:753} INFO - DAG(s) dict_keys(['example_branch_python_operator_decorator']) retrieved from /home/chrisfleig/.local/lib/python3.10/site-packages/airflow/example_dags/example_branch_operator_decorator.py
[2023-01-03T22:45:11.193+0100] {logging_mixin.py:137} INFO - [2023-01-03T22:45:11.193+0100] {dag.py:2676} INFO - Sync 1 DAGs
[2023-01-03T22:45:11.211+0100] {logging_mixin.py:137} INFO - [2023-01-03T22:45:11.211+0100] {dag.py:3423} INFO - Setting next_dagrun for example_branch_python_operator_decorator to 2023-01-02T00:00:00+00:00, run_after=2023-01-03T00:00:00+00:00
[2023-01-03T22:45:11.248+0100] {processor.py:175} INFO - Processing /home/chrisfleig/.local/lib/python3.10/site-packages/airflow/example_dags/example_branch_operator_decorator.py took 0.105 seconds
[2023-01-03T22:45:49.814+0100] {processor.py:153} INFO - Started process (PID=9403) to work on /home/chrisfleig/.local/lib/python3.10/site-packages/airflow/example_dags/example_branch_operator_decorator.py
[2023-01-03T22:45:49.815+0100] {processor.py:743} INFO - Processing file /home/chrisfleig/.local/lib/python3.10/site-packages/airflow/example_dags/example_branch_operator_decorator.py for tasks to queue
[2023-01-03T22:45:49.815+0100] {logging_mixin.py:137} INFO - [2023-01-03T22:45:49.815+0100] {dagbag.py:538} INFO - Filling up the DagBag from /home/chrisfleig/.local/lib/python3.10/site-packages/airflow/example_dags/example_branch_operator_decorator.py
[2023-01-03T22:45:49.837+0100] {processor.py:753} INFO - DAG(s) dict_keys(['example_branch_python_operator_decorator']) retrieved from /home/chrisfleig/.local/lib/python3.10/site-packages/airflow/example_dags/example_branch_operator_decorator.py
[2023-01-03T22:45:49.858+0100] {logging_mixin.py:137} INFO - [2023-01-03T22:45:49.858+0100] {dag.py:2676} INFO - Sync 1 DAGs
[2023-01-03T22:45:49.875+0100] {logging_mixin.py:137} INFO - [2023-01-03T22:45:49.875+0100] {dag.py:3423} INFO - Setting next_dagrun for example_branch_python_operator_decorator to 2023-01-02T00:00:00+00:00, run_after=2023-01-03T00:00:00+00:00
[2023-01-03T22:45:49.911+0100] {processor.py:175} INFO - Processing /home/chrisfleig/.local/lib/python3.10/site-packages/airflow/example_dags/example_branch_operator_decorator.py took 0.100 seconds
[2023-01-03T22:46:26.504+0100] {processor.py:153} INFO - Started process (PID=9441) to work on /home/chrisfleig/.local/lib/python3.10/site-packages/airflow/example_dags/example_branch_operator_decorator.py
[2023-01-03T22:46:26.505+0100] {processor.py:743} INFO - Processing file /home/chrisfleig/.local/lib/python3.10/site-packages/airflow/example_dags/example_branch_operator_decorator.py for tasks to queue
[2023-01-03T22:46:26.506+0100] {logging_mixin.py:137} INFO - [2023-01-03T22:46:26.506+0100] {dagbag.py:538} INFO - Filling up the DagBag from /home/chrisfleig/.local/lib/python3.10/site-packages/airflow/example_dags/example_branch_operator_decorator.py
[2023-01-03T22:46:26.528+0100] {processor.py:753} INFO - DAG(s) dict_keys(['example_branch_python_operator_decorator']) retrieved from /home/chrisfleig/.local/lib/python3.10/site-packages/airflow/example_dags/example_branch_operator_decorator.py
[2023-01-03T22:46:26.549+0100] {logging_mixin.py:137} INFO - [2023-01-03T22:46:26.549+0100] {dag.py:2676} INFO - Sync 1 DAGs
[2023-01-03T22:46:26.566+0100] {logging_mixin.py:137} INFO - [2023-01-03T22:46:26.566+0100] {dag.py:3423} INFO - Setting next_dagrun for example_branch_python_operator_decorator to 2023-01-02T00:00:00+00:00, run_after=2023-01-03T00:00:00+00:00
[2023-01-03T22:46:26.611+0100] {processor.py:175} INFO - Processing /home/chrisfleig/.local/lib/python3.10/site-packages/airflow/example_dags/example_branch_operator_decorator.py took 0.109 seconds
[2023-01-03T22:47:05.616+0100] {processor.py:153} INFO - Started process (PID=9479) to work on /home/chrisfleig/.local/lib/python3.10/site-packages/airflow/example_dags/example_branch_operator_decorator.py
[2023-01-03T22:47:05.617+0100] {processor.py:743} INFO - Processing file /home/chrisfleig/.local/lib/python3.10/site-packages/airflow/example_dags/example_branch_operator_decorator.py for tasks to queue
[2023-01-03T22:47:05.618+0100] {logging_mixin.py:137} INFO - [2023-01-03T22:47:05.618+0100] {dagbag.py:538} INFO - Filling up the DagBag from /home/chrisfleig/.local/lib/python3.10/site-packages/airflow/example_dags/example_branch_operator_decorator.py
[2023-01-03T22:47:05.642+0100] {processor.py:753} INFO - DAG(s) dict_keys(['example_branch_python_operator_decorator']) retrieved from /home/chrisfleig/.local/lib/python3.10/site-packages/airflow/example_dags/example_branch_operator_decorator.py
[2023-01-03T22:47:05.664+0100] {logging_mixin.py:137} INFO - [2023-01-03T22:47:05.664+0100] {dag.py:2676} INFO - Sync 1 DAGs
[2023-01-03T22:47:05.683+0100] {logging_mixin.py:137} INFO - [2023-01-03T22:47:05.683+0100] {dag.py:3423} INFO - Setting next_dagrun for example_branch_python_operator_decorator to 2023-01-02T00:00:00+00:00, run_after=2023-01-03T00:00:00+00:00
[2023-01-03T22:47:05.718+0100] {processor.py:175} INFO - Processing /home/chrisfleig/.local/lib/python3.10/site-packages/airflow/example_dags/example_branch_operator_decorator.py took 0.105 seconds
[2023-01-03T22:47:43.555+0100] {processor.py:153} INFO - Started process (PID=9517) to work on /home/chrisfleig/.local/lib/python3.10/site-packages/airflow/example_dags/example_branch_operator_decorator.py
[2023-01-03T22:47:43.556+0100] {processor.py:743} INFO - Processing file /home/chrisfleig/.local/lib/python3.10/site-packages/airflow/example_dags/example_branch_operator_decorator.py for tasks to queue
[2023-01-03T22:47:43.557+0100] {logging_mixin.py:137} INFO - [2023-01-03T22:47:43.557+0100] {dagbag.py:538} INFO - Filling up the DagBag from /home/chrisfleig/.local/lib/python3.10/site-packages/airflow/example_dags/example_branch_operator_decorator.py
[2023-01-03T22:47:43.580+0100] {processor.py:753} INFO - DAG(s) dict_keys(['example_branch_python_operator_decorator']) retrieved from /home/chrisfleig/.local/lib/python3.10/site-packages/airflow/example_dags/example_branch_operator_decorator.py
[2023-01-03T22:47:43.601+0100] {logging_mixin.py:137} INFO - [2023-01-03T22:47:43.600+0100] {dag.py:2676} INFO - Sync 1 DAGs
[2023-01-03T22:47:43.619+0100] {logging_mixin.py:137} INFO - [2023-01-03T22:47:43.618+0100] {dag.py:3423} INFO - Setting next_dagrun for example_branch_python_operator_decorator to 2023-01-02T00:00:00+00:00, run_after=2023-01-03T00:00:00+00:00
[2023-01-03T22:47:43.654+0100] {processor.py:175} INFO - Processing /home/chrisfleig/.local/lib/python3.10/site-packages/airflow/example_dags/example_branch_operator_decorator.py took 0.102 seconds
[2023-01-03T22:48:24.073+0100] {processor.py:153} INFO - Started process (PID=9555) to work on /home/chrisfleig/.local/lib/python3.10/site-packages/airflow/example_dags/example_branch_operator_decorator.py
[2023-01-03T22:48:24.074+0100] {processor.py:743} INFO - Processing file /home/chrisfleig/.local/lib/python3.10/site-packages/airflow/example_dags/example_branch_operator_decorator.py for tasks to queue
[2023-01-03T22:48:24.075+0100] {logging_mixin.py:137} INFO - [2023-01-03T22:48:24.074+0100] {dagbag.py:538} INFO - Filling up the DagBag from /home/chrisfleig/.local/lib/python3.10/site-packages/airflow/example_dags/example_branch_operator_decorator.py
[2023-01-03T22:48:24.097+0100] {processor.py:753} INFO - DAG(s) dict_keys(['example_branch_python_operator_decorator']) retrieved from /home/chrisfleig/.local/lib/python3.10/site-packages/airflow/example_dags/example_branch_operator_decorator.py
[2023-01-03T22:48:24.117+0100] {logging_mixin.py:137} INFO - [2023-01-03T22:48:24.117+0100] {dag.py:2676} INFO - Sync 1 DAGs
[2023-01-03T22:48:24.134+0100] {logging_mixin.py:137} INFO - [2023-01-03T22:48:24.134+0100] {dag.py:3423} INFO - Setting next_dagrun for example_branch_python_operator_decorator to 2023-01-02T00:00:00+00:00, run_after=2023-01-03T00:00:00+00:00
[2023-01-03T22:48:24.174+0100] {processor.py:175} INFO - Processing /home/chrisfleig/.local/lib/python3.10/site-packages/airflow/example_dags/example_branch_operator_decorator.py took 0.103 seconds
[2023-01-03T22:49:04.759+0100] {processor.py:153} INFO - Started process (PID=9593) to work on /home/chrisfleig/.local/lib/python3.10/site-packages/airflow/example_dags/example_branch_operator_decorator.py
[2023-01-03T22:49:04.761+0100] {processor.py:743} INFO - Processing file /home/chrisfleig/.local/lib/python3.10/site-packages/airflow/example_dags/example_branch_operator_decorator.py for tasks to queue
[2023-01-03T22:49:04.762+0100] {logging_mixin.py:137} INFO - [2023-01-03T22:49:04.762+0100] {dagbag.py:538} INFO - Filling up the DagBag from /home/chrisfleig/.local/lib/python3.10/site-packages/airflow/example_dags/example_branch_operator_decorator.py
[2023-01-03T22:49:04.799+0100] {processor.py:753} INFO - DAG(s) dict_keys(['example_branch_python_operator_decorator']) retrieved from /home/chrisfleig/.local/lib/python3.10/site-packages/airflow/example_dags/example_branch_operator_decorator.py
[2023-01-03T22:49:04.845+0100] {logging_mixin.py:137} INFO - [2023-01-03T22:49:04.845+0100] {dag.py:2676} INFO - Sync 1 DAGs
[2023-01-03T22:49:04.871+0100] {logging_mixin.py:137} INFO - [2023-01-03T22:49:04.871+0100] {dag.py:3423} INFO - Setting next_dagrun for example_branch_python_operator_decorator to 2023-01-02T00:00:00+00:00, run_after=2023-01-03T00:00:00+00:00
[2023-01-03T22:49:04.908+0100] {processor.py:175} INFO - Processing /home/chrisfleig/.local/lib/python3.10/site-packages/airflow/example_dags/example_branch_operator_decorator.py took 0.154 seconds
[2023-01-03T22:49:44.909+0100] {processor.py:153} INFO - Started process (PID=9631) to work on /home/chrisfleig/.local/lib/python3.10/site-packages/airflow/example_dags/example_branch_operator_decorator.py
[2023-01-03T22:49:44.910+0100] {processor.py:743} INFO - Processing file /home/chrisfleig/.local/lib/python3.10/site-packages/airflow/example_dags/example_branch_operator_decorator.py for tasks to queue
[2023-01-03T22:49:44.911+0100] {logging_mixin.py:137} INFO - [2023-01-03T22:49:44.911+0100] {dagbag.py:538} INFO - Filling up the DagBag from /home/chrisfleig/.local/lib/python3.10/site-packages/airflow/example_dags/example_branch_operator_decorator.py
[2023-01-03T22:49:44.933+0100] {processor.py:753} INFO - DAG(s) dict_keys(['example_branch_python_operator_decorator']) retrieved from /home/chrisfleig/.local/lib/python3.10/site-packages/airflow/example_dags/example_branch_operator_decorator.py
[2023-01-03T22:49:44.953+0100] {logging_mixin.py:137} INFO - [2023-01-03T22:49:44.952+0100] {dag.py:2676} INFO - Sync 1 DAGs
[2023-01-03T22:49:44.971+0100] {logging_mixin.py:137} INFO - [2023-01-03T22:49:44.971+0100] {dag.py:3423} INFO - Setting next_dagrun for example_branch_python_operator_decorator to 2023-01-02T00:00:00+00:00, run_after=2023-01-03T00:00:00+00:00
[2023-01-03T22:49:45.006+0100] {processor.py:175} INFO - Processing /home/chrisfleig/.local/lib/python3.10/site-packages/airflow/example_dags/example_branch_operator_decorator.py took 0.099 seconds
[2023-01-03T22:50:23.334+0100] {processor.py:153} INFO - Started process (PID=9669) to work on /home/chrisfleig/.local/lib/python3.10/site-packages/airflow/example_dags/example_branch_operator_decorator.py
[2023-01-03T22:50:23.335+0100] {processor.py:743} INFO - Processing file /home/chrisfleig/.local/lib/python3.10/site-packages/airflow/example_dags/example_branch_operator_decorator.py for tasks to queue
[2023-01-03T22:50:23.335+0100] {logging_mixin.py:137} INFO - [2023-01-03T22:50:23.335+0100] {dagbag.py:538} INFO - Filling up the DagBag from /home/chrisfleig/.local/lib/python3.10/site-packages/airflow/example_dags/example_branch_operator_decorator.py
[2023-01-03T22:50:23.359+0100] {processor.py:753} INFO - DAG(s) dict_keys(['example_branch_python_operator_decorator']) retrieved from /home/chrisfleig/.local/lib/python3.10/site-packages/airflow/example_dags/example_branch_operator_decorator.py
[2023-01-03T22:50:23.380+0100] {logging_mixin.py:137} INFO - [2023-01-03T22:50:23.380+0100] {dag.py:2676} INFO - Sync 1 DAGs
[2023-01-03T22:50:23.397+0100] {logging_mixin.py:137} INFO - [2023-01-03T22:50:23.397+0100] {dag.py:3423} INFO - Setting next_dagrun for example_branch_python_operator_decorator to 2023-01-02T00:00:00+00:00, run_after=2023-01-03T00:00:00+00:00
[2023-01-03T22:50:23.432+0100] {processor.py:175} INFO - Processing /home/chrisfleig/.local/lib/python3.10/site-packages/airflow/example_dags/example_branch_operator_decorator.py took 0.101 seconds
[2023-01-03T22:51:03.660+0100] {processor.py:153} INFO - Started process (PID=9707) to work on /home/chrisfleig/.local/lib/python3.10/site-packages/airflow/example_dags/example_branch_operator_decorator.py
[2023-01-03T22:51:03.661+0100] {processor.py:743} INFO - Processing file /home/chrisfleig/.local/lib/python3.10/site-packages/airflow/example_dags/example_branch_operator_decorator.py for tasks to queue
[2023-01-03T22:51:03.661+0100] {logging_mixin.py:137} INFO - [2023-01-03T22:51:03.661+0100] {dagbag.py:538} INFO - Filling up the DagBag from /home/chrisfleig/.local/lib/python3.10/site-packages/airflow/example_dags/example_branch_operator_decorator.py
[2023-01-03T22:51:03.684+0100] {processor.py:753} INFO - DAG(s) dict_keys(['example_branch_python_operator_decorator']) retrieved from /home/chrisfleig/.local/lib/python3.10/site-packages/airflow/example_dags/example_branch_operator_decorator.py
[2023-01-03T22:51:03.705+0100] {logging_mixin.py:137} INFO - [2023-01-03T22:51:03.705+0100] {dag.py:2676} INFO - Sync 1 DAGs
[2023-01-03T22:51:03.723+0100] {logging_mixin.py:137} INFO - [2023-01-03T22:51:03.723+0100] {dag.py:3423} INFO - Setting next_dagrun for example_branch_python_operator_decorator to 2023-01-02T00:00:00+00:00, run_after=2023-01-03T00:00:00+00:00
[2023-01-03T22:51:03.763+0100] {processor.py:175} INFO - Processing /home/chrisfleig/.local/lib/python3.10/site-packages/airflow/example_dags/example_branch_operator_decorator.py took 0.106 seconds
[2023-01-03T22:51:41.516+0100] {processor.py:153} INFO - Started process (PID=9745) to work on /home/chrisfleig/.local/lib/python3.10/site-packages/airflow/example_dags/example_branch_operator_decorator.py
[2023-01-03T22:51:41.517+0100] {processor.py:743} INFO - Processing file /home/chrisfleig/.local/lib/python3.10/site-packages/airflow/example_dags/example_branch_operator_decorator.py for tasks to queue
[2023-01-03T22:51:41.518+0100] {logging_mixin.py:137} INFO - [2023-01-03T22:51:41.518+0100] {dagbag.py:538} INFO - Filling up the DagBag from /home/chrisfleig/.local/lib/python3.10/site-packages/airflow/example_dags/example_branch_operator_decorator.py
[2023-01-03T22:51:41.541+0100] {processor.py:753} INFO - DAG(s) dict_keys(['example_branch_python_operator_decorator']) retrieved from /home/chrisfleig/.local/lib/python3.10/site-packages/airflow/example_dags/example_branch_operator_decorator.py
[2023-01-03T22:51:41.562+0100] {logging_mixin.py:137} INFO - [2023-01-03T22:51:41.562+0100] {dag.py:2676} INFO - Sync 1 DAGs
[2023-01-03T22:51:41.581+0100] {logging_mixin.py:137} INFO - [2023-01-03T22:51:41.581+0100] {dag.py:3423} INFO - Setting next_dagrun for example_branch_python_operator_decorator to 2023-01-02T00:00:00+00:00, run_after=2023-01-03T00:00:00+00:00
[2023-01-03T22:51:41.618+0100] {processor.py:175} INFO - Processing /home/chrisfleig/.local/lib/python3.10/site-packages/airflow/example_dags/example_branch_operator_decorator.py took 0.104 seconds
[2023-01-03T22:52:23.174+0100] {processor.py:153} INFO - Started process (PID=9783) to work on /home/chrisfleig/.local/lib/python3.10/site-packages/airflow/example_dags/example_branch_operator_decorator.py
[2023-01-03T22:52:23.176+0100] {processor.py:743} INFO - Processing file /home/chrisfleig/.local/lib/python3.10/site-packages/airflow/example_dags/example_branch_operator_decorator.py for tasks to queue
[2023-01-03T22:52:23.176+0100] {logging_mixin.py:137} INFO - [2023-01-03T22:52:23.176+0100] {dagbag.py:538} INFO - Filling up the DagBag from /home/chrisfleig/.local/lib/python3.10/site-packages/airflow/example_dags/example_branch_operator_decorator.py
[2023-01-03T22:52:23.208+0100] {processor.py:753} INFO - DAG(s) dict_keys(['example_branch_python_operator_decorator']) retrieved from /home/chrisfleig/.local/lib/python3.10/site-packages/airflow/example_dags/example_branch_operator_decorator.py
[2023-01-03T22:52:23.254+0100] {logging_mixin.py:137} INFO - [2023-01-03T22:52:23.254+0100] {dag.py:2676} INFO - Sync 1 DAGs
[2023-01-03T22:52:23.291+0100] {logging_mixin.py:137} INFO - [2023-01-03T22:52:23.291+0100] {dag.py:3423} INFO - Setting next_dagrun for example_branch_python_operator_decorator to 2023-01-02T00:00:00+00:00, run_after=2023-01-03T00:00:00+00:00
[2023-01-03T22:52:23.362+0100] {processor.py:175} INFO - Processing /home/chrisfleig/.local/lib/python3.10/site-packages/airflow/example_dags/example_branch_operator_decorator.py took 0.191 seconds
[2023-01-03T22:53:02.149+0100] {processor.py:153} INFO - Started process (PID=9821) to work on /home/chrisfleig/.local/lib/python3.10/site-packages/airflow/example_dags/example_branch_operator_decorator.py
[2023-01-03T22:53:02.150+0100] {processor.py:743} INFO - Processing file /home/chrisfleig/.local/lib/python3.10/site-packages/airflow/example_dags/example_branch_operator_decorator.py for tasks to queue
[2023-01-03T22:53:02.151+0100] {logging_mixin.py:137} INFO - [2023-01-03T22:53:02.151+0100] {dagbag.py:538} INFO - Filling up the DagBag from /home/chrisfleig/.local/lib/python3.10/site-packages/airflow/example_dags/example_branch_operator_decorator.py
[2023-01-03T22:53:02.175+0100] {processor.py:753} INFO - DAG(s) dict_keys(['example_branch_python_operator_decorator']) retrieved from /home/chrisfleig/.local/lib/python3.10/site-packages/airflow/example_dags/example_branch_operator_decorator.py
[2023-01-03T22:53:02.199+0100] {logging_mixin.py:137} INFO - [2023-01-03T22:53:02.199+0100] {dag.py:2676} INFO - Sync 1 DAGs
[2023-01-03T22:53:02.216+0100] {logging_mixin.py:137} INFO - [2023-01-03T22:53:02.216+0100] {dag.py:3423} INFO - Setting next_dagrun for example_branch_python_operator_decorator to 2023-01-02T00:00:00+00:00, run_after=2023-01-03T00:00:00+00:00
[2023-01-03T22:53:02.253+0100] {processor.py:175} INFO - Processing /home/chrisfleig/.local/lib/python3.10/site-packages/airflow/example_dags/example_branch_operator_decorator.py took 0.106 seconds
[2023-01-03T22:53:40.071+0100] {processor.py:153} INFO - Started process (PID=9861) to work on /home/chrisfleig/.local/lib/python3.10/site-packages/airflow/example_dags/example_branch_operator_decorator.py
[2023-01-03T22:53:40.072+0100] {processor.py:743} INFO - Processing file /home/chrisfleig/.local/lib/python3.10/site-packages/airflow/example_dags/example_branch_operator_decorator.py for tasks to queue
[2023-01-03T22:53:40.073+0100] {logging_mixin.py:137} INFO - [2023-01-03T22:53:40.072+0100] {dagbag.py:538} INFO - Filling up the DagBag from /home/chrisfleig/.local/lib/python3.10/site-packages/airflow/example_dags/example_branch_operator_decorator.py
[2023-01-03T22:53:40.110+0100] {processor.py:753} INFO - DAG(s) dict_keys(['example_branch_python_operator_decorator']) retrieved from /home/chrisfleig/.local/lib/python3.10/site-packages/airflow/example_dags/example_branch_operator_decorator.py
[2023-01-03T22:53:40.151+0100] {logging_mixin.py:137} INFO - [2023-01-03T22:53:40.151+0100] {dag.py:2676} INFO - Sync 1 DAGs
[2023-01-03T22:53:40.181+0100] {logging_mixin.py:137} INFO - [2023-01-03T22:53:40.180+0100] {dag.py:3423} INFO - Setting next_dagrun for example_branch_python_operator_decorator to 2023-01-02T00:00:00+00:00, run_after=2023-01-03T00:00:00+00:00
[2023-01-03T22:53:40.215+0100] {processor.py:175} INFO - Processing /home/chrisfleig/.local/lib/python3.10/site-packages/airflow/example_dags/example_branch_operator_decorator.py took 0.147 seconds
[2023-01-03T22:54:23.266+0100] {processor.py:153} INFO - Started process (PID=9903) to work on /home/chrisfleig/.local/lib/python3.10/site-packages/airflow/example_dags/example_branch_operator_decorator.py
[2023-01-03T22:54:23.267+0100] {processor.py:743} INFO - Processing file /home/chrisfleig/.local/lib/python3.10/site-packages/airflow/example_dags/example_branch_operator_decorator.py for tasks to queue
[2023-01-03T22:54:23.268+0100] {logging_mixin.py:137} INFO - [2023-01-03T22:54:23.267+0100] {dagbag.py:538} INFO - Filling up the DagBag from /home/chrisfleig/.local/lib/python3.10/site-packages/airflow/example_dags/example_branch_operator_decorator.py
[2023-01-03T22:54:23.293+0100] {processor.py:753} INFO - DAG(s) dict_keys(['example_branch_python_operator_decorator']) retrieved from /home/chrisfleig/.local/lib/python3.10/site-packages/airflow/example_dags/example_branch_operator_decorator.py
[2023-01-03T22:54:23.318+0100] {logging_mixin.py:137} INFO - [2023-01-03T22:54:23.318+0100] {dag.py:2676} INFO - Sync 1 DAGs
[2023-01-03T22:54:23.340+0100] {logging_mixin.py:137} INFO - [2023-01-03T22:54:23.339+0100] {dag.py:3423} INFO - Setting next_dagrun for example_branch_python_operator_decorator to 2023-01-02T00:00:00+00:00, run_after=2023-01-03T00:00:00+00:00
[2023-01-03T22:54:23.382+0100] {processor.py:175} INFO - Processing /home/chrisfleig/.local/lib/python3.10/site-packages/airflow/example_dags/example_branch_operator_decorator.py took 0.118 seconds
[2023-01-03T22:55:06.788+0100] {processor.py:153} INFO - Started process (PID=9942) to work on /home/chrisfleig/.local/lib/python3.10/site-packages/airflow/example_dags/example_branch_operator_decorator.py
[2023-01-03T22:55:06.789+0100] {processor.py:743} INFO - Processing file /home/chrisfleig/.local/lib/python3.10/site-packages/airflow/example_dags/example_branch_operator_decorator.py for tasks to queue
[2023-01-03T22:55:06.790+0100] {logging_mixin.py:137} INFO - [2023-01-03T22:55:06.790+0100] {dagbag.py:538} INFO - Filling up the DagBag from /home/chrisfleig/.local/lib/python3.10/site-packages/airflow/example_dags/example_branch_operator_decorator.py
[2023-01-03T22:55:06.822+0100] {processor.py:753} INFO - DAG(s) dict_keys(['example_branch_python_operator_decorator']) retrieved from /home/chrisfleig/.local/lib/python3.10/site-packages/airflow/example_dags/example_branch_operator_decorator.py
[2023-01-03T22:55:06.858+0100] {logging_mixin.py:137} INFO - [2023-01-03T22:55:06.858+0100] {dag.py:2676} INFO - Sync 1 DAGs
[2023-01-03T22:55:06.900+0100] {logging_mixin.py:137} INFO - [2023-01-03T22:55:06.899+0100] {dag.py:3423} INFO - Setting next_dagrun for example_branch_python_operator_decorator to 2023-01-02T00:00:00+00:00, run_after=2023-01-03T00:00:00+00:00
[2023-01-03T22:55:06.956+0100] {processor.py:175} INFO - Processing /home/chrisfleig/.local/lib/python3.10/site-packages/airflow/example_dags/example_branch_operator_decorator.py took 0.170 seconds
[2023-01-03T22:55:49.207+0100] {processor.py:153} INFO - Started process (PID=9981) to work on /home/chrisfleig/.local/lib/python3.10/site-packages/airflow/example_dags/example_branch_operator_decorator.py
[2023-01-03T22:55:49.216+0100] {processor.py:743} INFO - Processing file /home/chrisfleig/.local/lib/python3.10/site-packages/airflow/example_dags/example_branch_operator_decorator.py for tasks to queue
[2023-01-03T22:55:49.217+0100] {logging_mixin.py:137} INFO - [2023-01-03T22:55:49.217+0100] {dagbag.py:538} INFO - Filling up the DagBag from /home/chrisfleig/.local/lib/python3.10/site-packages/airflow/example_dags/example_branch_operator_decorator.py
[2023-01-03T22:55:49.253+0100] {processor.py:753} INFO - DAG(s) dict_keys(['example_branch_python_operator_decorator']) retrieved from /home/chrisfleig/.local/lib/python3.10/site-packages/airflow/example_dags/example_branch_operator_decorator.py
[2023-01-03T22:55:49.288+0100] {logging_mixin.py:137} INFO - [2023-01-03T22:55:49.288+0100] {dag.py:2676} INFO - Sync 1 DAGs
[2023-01-03T22:55:49.311+0100] {logging_mixin.py:137} INFO - [2023-01-03T22:55:49.310+0100] {dag.py:3423} INFO - Setting next_dagrun for example_branch_python_operator_decorator to 2023-01-02T00:00:00+00:00, run_after=2023-01-03T00:00:00+00:00
[2023-01-03T22:55:49.363+0100] {processor.py:175} INFO - Processing /home/chrisfleig/.local/lib/python3.10/site-packages/airflow/example_dags/example_branch_operator_decorator.py took 0.160 seconds
[2023-01-03T22:56:32.196+0100] {processor.py:153} INFO - Started process (PID=10024) to work on /home/chrisfleig/.local/lib/python3.10/site-packages/airflow/example_dags/example_branch_operator_decorator.py
[2023-01-03T22:56:32.197+0100] {processor.py:743} INFO - Processing file /home/chrisfleig/.local/lib/python3.10/site-packages/airflow/example_dags/example_branch_operator_decorator.py for tasks to queue
[2023-01-03T22:56:32.198+0100] {logging_mixin.py:137} INFO - [2023-01-03T22:56:32.198+0100] {dagbag.py:538} INFO - Filling up the DagBag from /home/chrisfleig/.local/lib/python3.10/site-packages/airflow/example_dags/example_branch_operator_decorator.py
[2023-01-03T22:56:32.223+0100] {processor.py:753} INFO - DAG(s) dict_keys(['example_branch_python_operator_decorator']) retrieved from /home/chrisfleig/.local/lib/python3.10/site-packages/airflow/example_dags/example_branch_operator_decorator.py
[2023-01-03T22:56:32.247+0100] {logging_mixin.py:137} INFO - [2023-01-03T22:56:32.247+0100] {dag.py:2676} INFO - Sync 1 DAGs
[2023-01-03T22:56:32.272+0100] {logging_mixin.py:137} INFO - [2023-01-03T22:56:32.271+0100] {dag.py:3423} INFO - Setting next_dagrun for example_branch_python_operator_decorator to 2023-01-02T00:00:00+00:00, run_after=2023-01-03T00:00:00+00:00
[2023-01-03T22:56:32.309+0100] {processor.py:175} INFO - Processing /home/chrisfleig/.local/lib/python3.10/site-packages/airflow/example_dags/example_branch_operator_decorator.py took 0.116 seconds
