[2023-01-03T22:10:53.236+0100] {processor.py:153} INFO - Started process (PID=8192) to work on /home/chrisfleig/.local/lib/python3.10/site-packages/airflow/example_dags/example_xcom.py
[2023-01-03T22:10:53.237+0100] {processor.py:743} INFO - Processing file /home/chrisfleig/.local/lib/python3.10/site-packages/airflow/example_dags/example_xcom.py for tasks to queue
[2023-01-03T22:10:53.237+0100] {logging_mixin.py:137} INFO - [2023-01-03T22:10:53.237+0100] {dagbag.py:538} INFO - Filling up the DagBag from /home/chrisfleig/.local/lib/python3.10/site-packages/airflow/example_dags/example_xcom.py
[2023-01-03T22:10:53.258+0100] {processor.py:753} INFO - DAG(s) dict_keys(['example_xcom']) retrieved from /home/chrisfleig/.local/lib/python3.10/site-packages/airflow/example_dags/example_xcom.py
[2023-01-03T22:10:53.391+0100] {logging_mixin.py:137} INFO - [2023-01-03T22:10:53.391+0100] {manager.py:504} INFO - Created Permission View: can edit on DAG:example_xcom
[2023-01-03T22:10:53.414+0100] {logging_mixin.py:137} INFO - [2023-01-03T22:10:53.414+0100] {manager.py:504} INFO - Created Permission View: can delete on DAG:example_xcom
[2023-01-03T22:10:53.438+0100] {logging_mixin.py:137} INFO - [2023-01-03T22:10:53.438+0100] {manager.py:504} INFO - Created Permission View: can read on DAG:example_xcom
[2023-01-03T22:10:53.438+0100] {logging_mixin.py:137} INFO - [2023-01-03T22:10:53.438+0100] {dag.py:2676} INFO - Sync 1 DAGs
[2023-01-03T22:10:53.447+0100] {logging_mixin.py:137} INFO - [2023-01-03T22:10:53.446+0100] {dag.py:2697} INFO - Creating ORM DAG for example_xcom
[2023-01-03T22:10:53.455+0100] {logging_mixin.py:137} INFO - [2023-01-03T22:10:53.454+0100] {dag.py:3423} INFO - Setting next_dagrun for example_xcom to 2021-01-01T00:00:00+00:00, run_after=2021-01-01T00:00:00+00:00
[2023-01-03T22:10:53.495+0100] {processor.py:175} INFO - Processing /home/chrisfleig/.local/lib/python3.10/site-packages/airflow/example_dags/example_xcom.py took 0.261 seconds
[2023-01-03T22:11:38.476+0100] {processor.py:153} INFO - Started process (PID=8230) to work on /home/chrisfleig/.local/lib/python3.10/site-packages/airflow/example_dags/example_xcom.py
[2023-01-03T22:11:38.477+0100] {processor.py:743} INFO - Processing file /home/chrisfleig/.local/lib/python3.10/site-packages/airflow/example_dags/example_xcom.py for tasks to queue
[2023-01-03T22:11:38.478+0100] {logging_mixin.py:137} INFO - [2023-01-03T22:11:38.477+0100] {dagbag.py:538} INFO - Filling up the DagBag from /home/chrisfleig/.local/lib/python3.10/site-packages/airflow/example_dags/example_xcom.py
[2023-01-03T22:11:38.500+0100] {processor.py:753} INFO - DAG(s) dict_keys(['example_xcom']) retrieved from /home/chrisfleig/.local/lib/python3.10/site-packages/airflow/example_dags/example_xcom.py
[2023-01-03T22:11:38.520+0100] {logging_mixin.py:137} INFO - [2023-01-03T22:11:38.520+0100] {dag.py:2676} INFO - Sync 1 DAGs
[2023-01-03T22:11:38.536+0100] {logging_mixin.py:137} INFO - [2023-01-03T22:11:38.536+0100] {dag.py:3423} INFO - Setting next_dagrun for example_xcom to 2021-01-01T00:00:00+00:00, run_after=2021-01-01T00:00:00+00:00
[2023-01-03T22:11:38.570+0100] {processor.py:175} INFO - Processing /home/chrisfleig/.local/lib/python3.10/site-packages/airflow/example_dags/example_xcom.py took 0.097 seconds
[2023-01-03T22:12:16.391+0100] {processor.py:153} INFO - Started process (PID=8268) to work on /home/chrisfleig/.local/lib/python3.10/site-packages/airflow/example_dags/example_xcom.py
[2023-01-03T22:12:16.392+0100] {processor.py:743} INFO - Processing file /home/chrisfleig/.local/lib/python3.10/site-packages/airflow/example_dags/example_xcom.py for tasks to queue
[2023-01-03T22:12:16.393+0100] {logging_mixin.py:137} INFO - [2023-01-03T22:12:16.393+0100] {dagbag.py:538} INFO - Filling up the DagBag from /home/chrisfleig/.local/lib/python3.10/site-packages/airflow/example_dags/example_xcom.py
[2023-01-03T22:12:16.420+0100] {processor.py:753} INFO - DAG(s) dict_keys(['example_xcom']) retrieved from /home/chrisfleig/.local/lib/python3.10/site-packages/airflow/example_dags/example_xcom.py
[2023-01-03T22:12:16.442+0100] {logging_mixin.py:137} INFO - [2023-01-03T22:12:16.442+0100] {dag.py:2676} INFO - Sync 1 DAGs
[2023-01-03T22:12:16.459+0100] {logging_mixin.py:137} INFO - [2023-01-03T22:12:16.459+0100] {dag.py:3423} INFO - Setting next_dagrun for example_xcom to 2021-01-01T00:00:00+00:00, run_after=2021-01-01T00:00:00+00:00
[2023-01-03T22:12:16.498+0100] {processor.py:175} INFO - Processing /home/chrisfleig/.local/lib/python3.10/site-packages/airflow/example_dags/example_xcom.py took 0.110 seconds
[2023-01-03T22:12:56.690+0100] {processor.py:153} INFO - Started process (PID=8306) to work on /home/chrisfleig/.local/lib/python3.10/site-packages/airflow/example_dags/example_xcom.py
[2023-01-03T22:12:56.691+0100] {processor.py:743} INFO - Processing file /home/chrisfleig/.local/lib/python3.10/site-packages/airflow/example_dags/example_xcom.py for tasks to queue
[2023-01-03T22:12:56.692+0100] {logging_mixin.py:137} INFO - [2023-01-03T22:12:56.692+0100] {dagbag.py:538} INFO - Filling up the DagBag from /home/chrisfleig/.local/lib/python3.10/site-packages/airflow/example_dags/example_xcom.py
[2023-01-03T22:12:56.718+0100] {processor.py:753} INFO - DAG(s) dict_keys(['example_xcom']) retrieved from /home/chrisfleig/.local/lib/python3.10/site-packages/airflow/example_dags/example_xcom.py
[2023-01-03T22:12:56.741+0100] {logging_mixin.py:137} INFO - [2023-01-03T22:12:56.741+0100] {dag.py:2676} INFO - Sync 1 DAGs
[2023-01-03T22:12:56.759+0100] {logging_mixin.py:137} INFO - [2023-01-03T22:12:56.759+0100] {dag.py:3423} INFO - Setting next_dagrun for example_xcom to 2021-01-01T00:00:00+00:00, run_after=2021-01-01T00:00:00+00:00
[2023-01-03T22:12:56.798+0100] {processor.py:175} INFO - Processing /home/chrisfleig/.local/lib/python3.10/site-packages/airflow/example_dags/example_xcom.py took 0.110 seconds
[2023-01-03T22:13:34.884+0100] {processor.py:153} INFO - Started process (PID=8344) to work on /home/chrisfleig/.local/lib/python3.10/site-packages/airflow/example_dags/example_xcom.py
[2023-01-03T22:13:34.885+0100] {processor.py:743} INFO - Processing file /home/chrisfleig/.local/lib/python3.10/site-packages/airflow/example_dags/example_xcom.py for tasks to queue
[2023-01-03T22:13:34.886+0100] {logging_mixin.py:137} INFO - [2023-01-03T22:13:34.886+0100] {dagbag.py:538} INFO - Filling up the DagBag from /home/chrisfleig/.local/lib/python3.10/site-packages/airflow/example_dags/example_xcom.py
[2023-01-03T22:13:34.907+0100] {processor.py:753} INFO - DAG(s) dict_keys(['example_xcom']) retrieved from /home/chrisfleig/.local/lib/python3.10/site-packages/airflow/example_dags/example_xcom.py
[2023-01-03T22:13:34.927+0100] {logging_mixin.py:137} INFO - [2023-01-03T22:13:34.927+0100] {dag.py:2676} INFO - Sync 1 DAGs
[2023-01-03T22:13:34.945+0100] {logging_mixin.py:137} INFO - [2023-01-03T22:13:34.944+0100] {dag.py:3423} INFO - Setting next_dagrun for example_xcom to 2021-01-01T00:00:00+00:00, run_after=2021-01-01T00:00:00+00:00
[2023-01-03T22:13:34.978+0100] {processor.py:175} INFO - Processing /home/chrisfleig/.local/lib/python3.10/site-packages/airflow/example_dags/example_xcom.py took 0.096 seconds
[2023-01-03T22:14:13.786+0100] {processor.py:153} INFO - Started process (PID=8382) to work on /home/chrisfleig/.local/lib/python3.10/site-packages/airflow/example_dags/example_xcom.py
[2023-01-03T22:14:13.788+0100] {processor.py:743} INFO - Processing file /home/chrisfleig/.local/lib/python3.10/site-packages/airflow/example_dags/example_xcom.py for tasks to queue
[2023-01-03T22:14:13.788+0100] {logging_mixin.py:137} INFO - [2023-01-03T22:14:13.788+0100] {dagbag.py:538} INFO - Filling up the DagBag from /home/chrisfleig/.local/lib/python3.10/site-packages/airflow/example_dags/example_xcom.py
[2023-01-03T22:14:13.810+0100] {processor.py:753} INFO - DAG(s) dict_keys(['example_xcom']) retrieved from /home/chrisfleig/.local/lib/python3.10/site-packages/airflow/example_dags/example_xcom.py
[2023-01-03T22:14:13.831+0100] {logging_mixin.py:137} INFO - [2023-01-03T22:14:13.831+0100] {dag.py:2676} INFO - Sync 1 DAGs
[2023-01-03T22:14:13.848+0100] {logging_mixin.py:137} INFO - [2023-01-03T22:14:13.848+0100] {dag.py:3423} INFO - Setting next_dagrun for example_xcom to 2021-01-01T00:00:00+00:00, run_after=2021-01-01T00:00:00+00:00
[2023-01-03T22:14:13.882+0100] {processor.py:175} INFO - Processing /home/chrisfleig/.local/lib/python3.10/site-packages/airflow/example_dags/example_xcom.py took 0.098 seconds
[2023-01-03T22:14:52.937+0100] {processor.py:153} INFO - Started process (PID=8420) to work on /home/chrisfleig/.local/lib/python3.10/site-packages/airflow/example_dags/example_xcom.py
[2023-01-03T22:14:52.938+0100] {processor.py:743} INFO - Processing file /home/chrisfleig/.local/lib/python3.10/site-packages/airflow/example_dags/example_xcom.py for tasks to queue
[2023-01-03T22:14:52.938+0100] {logging_mixin.py:137} INFO - [2023-01-03T22:14:52.938+0100] {dagbag.py:538} INFO - Filling up the DagBag from /home/chrisfleig/.local/lib/python3.10/site-packages/airflow/example_dags/example_xcom.py
[2023-01-03T22:14:52.960+0100] {processor.py:753} INFO - DAG(s) dict_keys(['example_xcom']) retrieved from /home/chrisfleig/.local/lib/python3.10/site-packages/airflow/example_dags/example_xcom.py
[2023-01-03T22:14:52.982+0100] {logging_mixin.py:137} INFO - [2023-01-03T22:14:52.982+0100] {dag.py:2676} INFO - Sync 1 DAGs
[2023-01-03T22:14:52.999+0100] {logging_mixin.py:137} INFO - [2023-01-03T22:14:52.999+0100] {dag.py:3423} INFO - Setting next_dagrun for example_xcom to 2021-01-01T00:00:00+00:00, run_after=2021-01-01T00:00:00+00:00
[2023-01-03T22:14:53.034+0100] {processor.py:175} INFO - Processing /home/chrisfleig/.local/lib/python3.10/site-packages/airflow/example_dags/example_xcom.py took 0.100 seconds
[2023-01-03T22:15:31.507+0100] {processor.py:153} INFO - Started process (PID=8459) to work on /home/chrisfleig/.local/lib/python3.10/site-packages/airflow/example_dags/example_xcom.py
[2023-01-03T22:15:31.508+0100] {processor.py:743} INFO - Processing file /home/chrisfleig/.local/lib/python3.10/site-packages/airflow/example_dags/example_xcom.py for tasks to queue
[2023-01-03T22:15:31.508+0100] {logging_mixin.py:137} INFO - [2023-01-03T22:15:31.508+0100] {dagbag.py:538} INFO - Filling up the DagBag from /home/chrisfleig/.local/lib/python3.10/site-packages/airflow/example_dags/example_xcom.py
[2023-01-03T22:15:31.529+0100] {processor.py:753} INFO - DAG(s) dict_keys(['example_xcom']) retrieved from /home/chrisfleig/.local/lib/python3.10/site-packages/airflow/example_dags/example_xcom.py
[2023-01-03T22:15:31.550+0100] {logging_mixin.py:137} INFO - [2023-01-03T22:15:31.550+0100] {dag.py:2676} INFO - Sync 1 DAGs
[2023-01-03T22:15:31.566+0100] {logging_mixin.py:137} INFO - [2023-01-03T22:15:31.566+0100] {dag.py:3423} INFO - Setting next_dagrun for example_xcom to 2021-01-01T00:00:00+00:00, run_after=2021-01-01T00:00:00+00:00
[2023-01-03T22:15:31.602+0100] {processor.py:175} INFO - Processing /home/chrisfleig/.local/lib/python3.10/site-packages/airflow/example_dags/example_xcom.py took 0.098 seconds
[2023-01-03T22:31:25.781+0100] {processor.py:153} INFO - Started process (PID=8555) to work on /home/chrisfleig/.local/lib/python3.10/site-packages/airflow/example_dags/example_xcom.py
[2023-01-03T22:31:25.782+0100] {processor.py:743} INFO - Processing file /home/chrisfleig/.local/lib/python3.10/site-packages/airflow/example_dags/example_xcom.py for tasks to queue
[2023-01-03T22:31:25.783+0100] {logging_mixin.py:137} INFO - [2023-01-03T22:31:25.783+0100] {dagbag.py:538} INFO - Filling up the DagBag from /home/chrisfleig/.local/lib/python3.10/site-packages/airflow/example_dags/example_xcom.py
[2023-01-03T22:31:25.803+0100] {processor.py:753} INFO - DAG(s) dict_keys(['example_xcom']) retrieved from /home/chrisfleig/.local/lib/python3.10/site-packages/airflow/example_dags/example_xcom.py
[2023-01-03T22:31:25.813+0100] {logging_mixin.py:137} INFO - [2023-01-03T22:31:25.813+0100] {dag.py:2676} INFO - Sync 1 DAGs
[2023-01-03T22:31:25.832+0100] {logging_mixin.py:137} INFO - [2023-01-03T22:31:25.832+0100] {dag.py:3423} INFO - Setting next_dagrun for example_xcom to 2021-01-01T00:00:00+00:00, run_after=2021-01-01T00:00:00+00:00
[2023-01-03T22:31:25.866+0100] {processor.py:175} INFO - Processing /home/chrisfleig/.local/lib/python3.10/site-packages/airflow/example_dags/example_xcom.py took 0.088 seconds
[2023-01-03T22:32:06.644+0100] {processor.py:153} INFO - Started process (PID=8593) to work on /home/chrisfleig/.local/lib/python3.10/site-packages/airflow/example_dags/example_xcom.py
[2023-01-03T22:32:06.645+0100] {processor.py:743} INFO - Processing file /home/chrisfleig/.local/lib/python3.10/site-packages/airflow/example_dags/example_xcom.py for tasks to queue
[2023-01-03T22:32:06.646+0100] {logging_mixin.py:137} INFO - [2023-01-03T22:32:06.646+0100] {dagbag.py:538} INFO - Filling up the DagBag from /home/chrisfleig/.local/lib/python3.10/site-packages/airflow/example_dags/example_xcom.py
[2023-01-03T22:32:06.667+0100] {processor.py:753} INFO - DAG(s) dict_keys(['example_xcom']) retrieved from /home/chrisfleig/.local/lib/python3.10/site-packages/airflow/example_dags/example_xcom.py
[2023-01-03T22:32:06.688+0100] {logging_mixin.py:137} INFO - [2023-01-03T22:32:06.687+0100] {dag.py:2676} INFO - Sync 1 DAGs
[2023-01-03T22:32:06.703+0100] {logging_mixin.py:137} INFO - [2023-01-03T22:32:06.703+0100] {dag.py:3423} INFO - Setting next_dagrun for example_xcom to 2021-01-01T00:00:00+00:00, run_after=2021-01-01T00:00:00+00:00
[2023-01-03T22:32:06.738+0100] {processor.py:175} INFO - Processing /home/chrisfleig/.local/lib/python3.10/site-packages/airflow/example_dags/example_xcom.py took 0.096 seconds
[2023-01-03T22:32:44.676+0100] {processor.py:153} INFO - Started process (PID=8631) to work on /home/chrisfleig/.local/lib/python3.10/site-packages/airflow/example_dags/example_xcom.py
[2023-01-03T22:32:44.677+0100] {processor.py:743} INFO - Processing file /home/chrisfleig/.local/lib/python3.10/site-packages/airflow/example_dags/example_xcom.py for tasks to queue
[2023-01-03T22:32:44.678+0100] {logging_mixin.py:137} INFO - [2023-01-03T22:32:44.678+0100] {dagbag.py:538} INFO - Filling up the DagBag from /home/chrisfleig/.local/lib/python3.10/site-packages/airflow/example_dags/example_xcom.py
[2023-01-03T22:32:44.700+0100] {processor.py:753} INFO - DAG(s) dict_keys(['example_xcom']) retrieved from /home/chrisfleig/.local/lib/python3.10/site-packages/airflow/example_dags/example_xcom.py
[2023-01-03T22:32:44.721+0100] {logging_mixin.py:137} INFO - [2023-01-03T22:32:44.721+0100] {dag.py:2676} INFO - Sync 1 DAGs
[2023-01-03T22:32:44.744+0100] {logging_mixin.py:137} INFO - [2023-01-03T22:32:44.744+0100] {dag.py:3423} INFO - Setting next_dagrun for example_xcom to 2021-01-01T00:00:00+00:00, run_after=2021-01-01T00:00:00+00:00
[2023-01-03T22:32:44.787+0100] {processor.py:175} INFO - Processing /home/chrisfleig/.local/lib/python3.10/site-packages/airflow/example_dags/example_xcom.py took 0.113 seconds
[2023-01-03T22:33:24.941+0100] {processor.py:153} INFO - Started process (PID=8669) to work on /home/chrisfleig/.local/lib/python3.10/site-packages/airflow/example_dags/example_xcom.py
[2023-01-03T22:33:24.944+0100] {processor.py:743} INFO - Processing file /home/chrisfleig/.local/lib/python3.10/site-packages/airflow/example_dags/example_xcom.py for tasks to queue
[2023-01-03T22:33:24.945+0100] {logging_mixin.py:137} INFO - [2023-01-03T22:33:24.945+0100] {dagbag.py:538} INFO - Filling up the DagBag from /home/chrisfleig/.local/lib/python3.10/site-packages/airflow/example_dags/example_xcom.py
[2023-01-03T22:33:24.978+0100] {processor.py:753} INFO - DAG(s) dict_keys(['example_xcom']) retrieved from /home/chrisfleig/.local/lib/python3.10/site-packages/airflow/example_dags/example_xcom.py
[2023-01-03T22:33:24.998+0100] {logging_mixin.py:137} INFO - [2023-01-03T22:33:24.997+0100] {dag.py:2676} INFO - Sync 1 DAGs
[2023-01-03T22:33:25.014+0100] {logging_mixin.py:137} INFO - [2023-01-03T22:33:25.014+0100] {dag.py:3423} INFO - Setting next_dagrun for example_xcom to 2021-01-01T00:00:00+00:00, run_after=2021-01-01T00:00:00+00:00
[2023-01-03T22:33:25.047+0100] {processor.py:175} INFO - Processing /home/chrisfleig/.local/lib/python3.10/site-packages/airflow/example_dags/example_xcom.py took 0.109 seconds
[2023-01-03T22:34:02.817+0100] {processor.py:153} INFO - Started process (PID=8707) to work on /home/chrisfleig/.local/lib/python3.10/site-packages/airflow/example_dags/example_xcom.py
[2023-01-03T22:34:02.818+0100] {processor.py:743} INFO - Processing file /home/chrisfleig/.local/lib/python3.10/site-packages/airflow/example_dags/example_xcom.py for tasks to queue
[2023-01-03T22:34:02.819+0100] {logging_mixin.py:137} INFO - [2023-01-03T22:34:02.819+0100] {dagbag.py:538} INFO - Filling up the DagBag from /home/chrisfleig/.local/lib/python3.10/site-packages/airflow/example_dags/example_xcom.py
[2023-01-03T22:34:02.840+0100] {processor.py:753} INFO - DAG(s) dict_keys(['example_xcom']) retrieved from /home/chrisfleig/.local/lib/python3.10/site-packages/airflow/example_dags/example_xcom.py
[2023-01-03T22:34:02.860+0100] {logging_mixin.py:137} INFO - [2023-01-03T22:34:02.860+0100] {dag.py:2676} INFO - Sync 1 DAGs
[2023-01-03T22:34:02.876+0100] {logging_mixin.py:137} INFO - [2023-01-03T22:34:02.875+0100] {dag.py:3423} INFO - Setting next_dagrun for example_xcom to 2021-01-01T00:00:00+00:00, run_after=2021-01-01T00:00:00+00:00
[2023-01-03T22:34:02.912+0100] {processor.py:175} INFO - Processing /home/chrisfleig/.local/lib/python3.10/site-packages/airflow/example_dags/example_xcom.py took 0.097 seconds
[2023-01-03T22:34:43.325+0100] {processor.py:153} INFO - Started process (PID=8745) to work on /home/chrisfleig/.local/lib/python3.10/site-packages/airflow/example_dags/example_xcom.py
[2023-01-03T22:34:43.326+0100] {processor.py:743} INFO - Processing file /home/chrisfleig/.local/lib/python3.10/site-packages/airflow/example_dags/example_xcom.py for tasks to queue
[2023-01-03T22:34:43.326+0100] {logging_mixin.py:137} INFO - [2023-01-03T22:34:43.326+0100] {dagbag.py:538} INFO - Filling up the DagBag from /home/chrisfleig/.local/lib/python3.10/site-packages/airflow/example_dags/example_xcom.py
[2023-01-03T22:34:43.348+0100] {processor.py:753} INFO - DAG(s) dict_keys(['example_xcom']) retrieved from /home/chrisfleig/.local/lib/python3.10/site-packages/airflow/example_dags/example_xcom.py
[2023-01-03T22:34:43.368+0100] {logging_mixin.py:137} INFO - [2023-01-03T22:34:43.367+0100] {dag.py:2676} INFO - Sync 1 DAGs
[2023-01-03T22:34:43.385+0100] {logging_mixin.py:137} INFO - [2023-01-03T22:34:43.385+0100] {dag.py:3423} INFO - Setting next_dagrun for example_xcom to 2021-01-01T00:00:00+00:00, run_after=2021-01-01T00:00:00+00:00
[2023-01-03T22:34:43.421+0100] {processor.py:175} INFO - Processing /home/chrisfleig/.local/lib/python3.10/site-packages/airflow/example_dags/example_xcom.py took 0.099 seconds
[2023-01-03T22:35:22.757+0100] {processor.py:153} INFO - Started process (PID=8783) to work on /home/chrisfleig/.local/lib/python3.10/site-packages/airflow/example_dags/example_xcom.py
[2023-01-03T22:35:22.758+0100] {processor.py:743} INFO - Processing file /home/chrisfleig/.local/lib/python3.10/site-packages/airflow/example_dags/example_xcom.py for tasks to queue
[2023-01-03T22:35:22.758+0100] {logging_mixin.py:137} INFO - [2023-01-03T22:35:22.758+0100] {dagbag.py:538} INFO - Filling up the DagBag from /home/chrisfleig/.local/lib/python3.10/site-packages/airflow/example_dags/example_xcom.py
[2023-01-03T22:35:22.779+0100] {processor.py:753} INFO - DAG(s) dict_keys(['example_xcom']) retrieved from /home/chrisfleig/.local/lib/python3.10/site-packages/airflow/example_dags/example_xcom.py
[2023-01-03T22:35:22.799+0100] {logging_mixin.py:137} INFO - [2023-01-03T22:35:22.799+0100] {dag.py:2676} INFO - Sync 1 DAGs
[2023-01-03T22:35:22.821+0100] {logging_mixin.py:137} INFO - [2023-01-03T22:35:22.820+0100] {dag.py:3423} INFO - Setting next_dagrun for example_xcom to 2021-01-01T00:00:00+00:00, run_after=2021-01-01T00:00:00+00:00
[2023-01-03T22:35:22.855+0100] {processor.py:175} INFO - Processing /home/chrisfleig/.local/lib/python3.10/site-packages/airflow/example_dags/example_xcom.py took 0.101 seconds
[2023-01-03T22:36:01.850+0100] {processor.py:153} INFO - Started process (PID=8821) to work on /home/chrisfleig/.local/lib/python3.10/site-packages/airflow/example_dags/example_xcom.py
[2023-01-03T22:36:01.851+0100] {processor.py:743} INFO - Processing file /home/chrisfleig/.local/lib/python3.10/site-packages/airflow/example_dags/example_xcom.py for tasks to queue
[2023-01-03T22:36:01.851+0100] {logging_mixin.py:137} INFO - [2023-01-03T22:36:01.851+0100] {dagbag.py:538} INFO - Filling up the DagBag from /home/chrisfleig/.local/lib/python3.10/site-packages/airflow/example_dags/example_xcom.py
[2023-01-03T22:36:01.872+0100] {processor.py:753} INFO - DAG(s) dict_keys(['example_xcom']) retrieved from /home/chrisfleig/.local/lib/python3.10/site-packages/airflow/example_dags/example_xcom.py
[2023-01-03T22:36:01.892+0100] {logging_mixin.py:137} INFO - [2023-01-03T22:36:01.892+0100] {dag.py:2676} INFO - Sync 1 DAGs
[2023-01-03T22:36:01.909+0100] {logging_mixin.py:137} INFO - [2023-01-03T22:36:01.909+0100] {dag.py:3423} INFO - Setting next_dagrun for example_xcom to 2021-01-01T00:00:00+00:00, run_after=2021-01-01T00:00:00+00:00
[2023-01-03T22:36:01.943+0100] {processor.py:175} INFO - Processing /home/chrisfleig/.local/lib/python3.10/site-packages/airflow/example_dags/example_xcom.py took 0.096 seconds
[2023-01-03T22:36:39.712+0100] {processor.py:153} INFO - Started process (PID=8859) to work on /home/chrisfleig/.local/lib/python3.10/site-packages/airflow/example_dags/example_xcom.py
[2023-01-03T22:36:39.713+0100] {processor.py:743} INFO - Processing file /home/chrisfleig/.local/lib/python3.10/site-packages/airflow/example_dags/example_xcom.py for tasks to queue
[2023-01-03T22:36:39.714+0100] {logging_mixin.py:137} INFO - [2023-01-03T22:36:39.714+0100] {dagbag.py:538} INFO - Filling up the DagBag from /home/chrisfleig/.local/lib/python3.10/site-packages/airflow/example_dags/example_xcom.py
[2023-01-03T22:36:39.735+0100] {processor.py:753} INFO - DAG(s) dict_keys(['example_xcom']) retrieved from /home/chrisfleig/.local/lib/python3.10/site-packages/airflow/example_dags/example_xcom.py
[2023-01-03T22:36:39.755+0100] {logging_mixin.py:137} INFO - [2023-01-03T22:36:39.755+0100] {dag.py:2676} INFO - Sync 1 DAGs
[2023-01-03T22:36:39.771+0100] {logging_mixin.py:137} INFO - [2023-01-03T22:36:39.771+0100] {dag.py:3423} INFO - Setting next_dagrun for example_xcom to 2021-01-01T00:00:00+00:00, run_after=2021-01-01T00:00:00+00:00
[2023-01-03T22:36:39.805+0100] {processor.py:175} INFO - Processing /home/chrisfleig/.local/lib/python3.10/site-packages/airflow/example_dags/example_xcom.py took 0.095 seconds
[2023-01-03T22:37:16.899+0100] {processor.py:153} INFO - Started process (PID=8897) to work on /home/chrisfleig/.local/lib/python3.10/site-packages/airflow/example_dags/example_xcom.py
[2023-01-03T22:37:16.900+0100] {processor.py:743} INFO - Processing file /home/chrisfleig/.local/lib/python3.10/site-packages/airflow/example_dags/example_xcom.py for tasks to queue
[2023-01-03T22:37:16.901+0100] {logging_mixin.py:137} INFO - [2023-01-03T22:37:16.901+0100] {dagbag.py:538} INFO - Filling up the DagBag from /home/chrisfleig/.local/lib/python3.10/site-packages/airflow/example_dags/example_xcom.py
[2023-01-03T22:37:16.922+0100] {processor.py:753} INFO - DAG(s) dict_keys(['example_xcom']) retrieved from /home/chrisfleig/.local/lib/python3.10/site-packages/airflow/example_dags/example_xcom.py
[2023-01-03T22:37:16.943+0100] {logging_mixin.py:137} INFO - [2023-01-03T22:37:16.943+0100] {dag.py:2676} INFO - Sync 1 DAGs
[2023-01-03T22:37:16.959+0100] {logging_mixin.py:137} INFO - [2023-01-03T22:37:16.959+0100] {dag.py:3423} INFO - Setting next_dagrun for example_xcom to 2021-01-01T00:00:00+00:00, run_after=2021-01-01T00:00:00+00:00
[2023-01-03T22:37:16.993+0100] {processor.py:175} INFO - Processing /home/chrisfleig/.local/lib/python3.10/site-packages/airflow/example_dags/example_xcom.py took 0.096 seconds
[2023-01-03T22:37:55.931+0100] {processor.py:153} INFO - Started process (PID=8935) to work on /home/chrisfleig/.local/lib/python3.10/site-packages/airflow/example_dags/example_xcom.py
[2023-01-03T22:37:55.932+0100] {processor.py:743} INFO - Processing file /home/chrisfleig/.local/lib/python3.10/site-packages/airflow/example_dags/example_xcom.py for tasks to queue
[2023-01-03T22:37:55.933+0100] {logging_mixin.py:137} INFO - [2023-01-03T22:37:55.933+0100] {dagbag.py:538} INFO - Filling up the DagBag from /home/chrisfleig/.local/lib/python3.10/site-packages/airflow/example_dags/example_xcom.py
[2023-01-03T22:37:55.956+0100] {processor.py:753} INFO - DAG(s) dict_keys(['example_xcom']) retrieved from /home/chrisfleig/.local/lib/python3.10/site-packages/airflow/example_dags/example_xcom.py
[2023-01-03T22:37:55.978+0100] {logging_mixin.py:137} INFO - [2023-01-03T22:37:55.977+0100] {dag.py:2676} INFO - Sync 1 DAGs
[2023-01-03T22:37:55.995+0100] {logging_mixin.py:137} INFO - [2023-01-03T22:37:55.994+0100] {dag.py:3423} INFO - Setting next_dagrun for example_xcom to 2021-01-01T00:00:00+00:00, run_after=2021-01-01T00:00:00+00:00
[2023-01-03T22:37:56.030+0100] {processor.py:175} INFO - Processing /home/chrisfleig/.local/lib/python3.10/site-packages/airflow/example_dags/example_xcom.py took 0.101 seconds
[2023-01-03T22:38:34.601+0100] {processor.py:153} INFO - Started process (PID=8973) to work on /home/chrisfleig/.local/lib/python3.10/site-packages/airflow/example_dags/example_xcom.py
[2023-01-03T22:38:34.602+0100] {processor.py:743} INFO - Processing file /home/chrisfleig/.local/lib/python3.10/site-packages/airflow/example_dags/example_xcom.py for tasks to queue
[2023-01-03T22:38:34.603+0100] {logging_mixin.py:137} INFO - [2023-01-03T22:38:34.603+0100] {dagbag.py:538} INFO - Filling up the DagBag from /home/chrisfleig/.local/lib/python3.10/site-packages/airflow/example_dags/example_xcom.py
[2023-01-03T22:38:34.629+0100] {processor.py:753} INFO - DAG(s) dict_keys(['example_xcom']) retrieved from /home/chrisfleig/.local/lib/python3.10/site-packages/airflow/example_dags/example_xcom.py
[2023-01-03T22:38:34.697+0100] {logging_mixin.py:137} INFO - [2023-01-03T22:38:34.697+0100] {dag.py:2676} INFO - Sync 1 DAGs
[2023-01-03T22:38:34.802+0100] {logging_mixin.py:137} INFO - [2023-01-03T22:38:34.792+0100] {dag.py:3423} INFO - Setting next_dagrun for example_xcom to 2021-01-01T00:00:00+00:00, run_after=2021-01-01T00:00:00+00:00
[2023-01-03T22:38:34.877+0100] {processor.py:175} INFO - Processing /home/chrisfleig/.local/lib/python3.10/site-packages/airflow/example_dags/example_xcom.py took 0.279 seconds
[2023-01-03T22:39:12.947+0100] {processor.py:153} INFO - Started process (PID=9011) to work on /home/chrisfleig/.local/lib/python3.10/site-packages/airflow/example_dags/example_xcom.py
[2023-01-03T22:39:12.948+0100] {processor.py:743} INFO - Processing file /home/chrisfleig/.local/lib/python3.10/site-packages/airflow/example_dags/example_xcom.py for tasks to queue
[2023-01-03T22:39:12.949+0100] {logging_mixin.py:137} INFO - [2023-01-03T22:39:12.949+0100] {dagbag.py:538} INFO - Filling up the DagBag from /home/chrisfleig/.local/lib/python3.10/site-packages/airflow/example_dags/example_xcom.py
[2023-01-03T22:39:12.978+0100] {processor.py:753} INFO - DAG(s) dict_keys(['example_xcom']) retrieved from /home/chrisfleig/.local/lib/python3.10/site-packages/airflow/example_dags/example_xcom.py
[2023-01-03T22:39:13.004+0100] {logging_mixin.py:137} INFO - [2023-01-03T22:39:13.004+0100] {dag.py:2676} INFO - Sync 1 DAGs
[2023-01-03T22:39:13.025+0100] {logging_mixin.py:137} INFO - [2023-01-03T22:39:13.025+0100] {dag.py:3423} INFO - Setting next_dagrun for example_xcom to 2021-01-01T00:00:00+00:00, run_after=2021-01-01T00:00:00+00:00
[2023-01-03T22:39:13.059+0100] {processor.py:175} INFO - Processing /home/chrisfleig/.local/lib/python3.10/site-packages/airflow/example_dags/example_xcom.py took 0.114 seconds
[2023-01-03T22:39:53.488+0100] {processor.py:153} INFO - Started process (PID=9049) to work on /home/chrisfleig/.local/lib/python3.10/site-packages/airflow/example_dags/example_xcom.py
[2023-01-03T22:39:53.490+0100] {processor.py:743} INFO - Processing file /home/chrisfleig/.local/lib/python3.10/site-packages/airflow/example_dags/example_xcom.py for tasks to queue
[2023-01-03T22:39:53.491+0100] {logging_mixin.py:137} INFO - [2023-01-03T22:39:53.490+0100] {dagbag.py:538} INFO - Filling up the DagBag from /home/chrisfleig/.local/lib/python3.10/site-packages/airflow/example_dags/example_xcom.py
[2023-01-03T22:39:53.512+0100] {processor.py:753} INFO - DAG(s) dict_keys(['example_xcom']) retrieved from /home/chrisfleig/.local/lib/python3.10/site-packages/airflow/example_dags/example_xcom.py
[2023-01-03T22:39:53.532+0100] {logging_mixin.py:137} INFO - [2023-01-03T22:39:53.532+0100] {dag.py:2676} INFO - Sync 1 DAGs
[2023-01-03T22:39:53.552+0100] {logging_mixin.py:137} INFO - [2023-01-03T22:39:53.552+0100] {dag.py:3423} INFO - Setting next_dagrun for example_xcom to 2021-01-01T00:00:00+00:00, run_after=2021-01-01T00:00:00+00:00
[2023-01-03T22:39:53.592+0100] {processor.py:175} INFO - Processing /home/chrisfleig/.local/lib/python3.10/site-packages/airflow/example_dags/example_xcom.py took 0.106 seconds
[2023-01-03T22:40:32.557+0100] {processor.py:153} INFO - Started process (PID=9087) to work on /home/chrisfleig/.local/lib/python3.10/site-packages/airflow/example_dags/example_xcom.py
[2023-01-03T22:40:32.558+0100] {processor.py:743} INFO - Processing file /home/chrisfleig/.local/lib/python3.10/site-packages/airflow/example_dags/example_xcom.py for tasks to queue
[2023-01-03T22:40:32.558+0100] {logging_mixin.py:137} INFO - [2023-01-03T22:40:32.558+0100] {dagbag.py:538} INFO - Filling up the DagBag from /home/chrisfleig/.local/lib/python3.10/site-packages/airflow/example_dags/example_xcom.py
[2023-01-03T22:40:32.579+0100] {processor.py:753} INFO - DAG(s) dict_keys(['example_xcom']) retrieved from /home/chrisfleig/.local/lib/python3.10/site-packages/airflow/example_dags/example_xcom.py
[2023-01-03T22:40:32.602+0100] {logging_mixin.py:137} INFO - [2023-01-03T22:40:32.602+0100] {dag.py:2676} INFO - Sync 1 DAGs
[2023-01-03T22:40:32.620+0100] {logging_mixin.py:137} INFO - [2023-01-03T22:40:32.620+0100] {dag.py:3423} INFO - Setting next_dagrun for example_xcom to 2021-01-01T00:00:00+00:00, run_after=2021-01-01T00:00:00+00:00
[2023-01-03T22:40:32.657+0100] {processor.py:175} INFO - Processing /home/chrisfleig/.local/lib/python3.10/site-packages/airflow/example_dags/example_xcom.py took 0.103 seconds
[2023-01-03T22:41:09.282+0100] {processor.py:153} INFO - Started process (PID=9125) to work on /home/chrisfleig/.local/lib/python3.10/site-packages/airflow/example_dags/example_xcom.py
[2023-01-03T22:41:09.283+0100] {processor.py:743} INFO - Processing file /home/chrisfleig/.local/lib/python3.10/site-packages/airflow/example_dags/example_xcom.py for tasks to queue
[2023-01-03T22:41:09.284+0100] {logging_mixin.py:137} INFO - [2023-01-03T22:41:09.284+0100] {dagbag.py:538} INFO - Filling up the DagBag from /home/chrisfleig/.local/lib/python3.10/site-packages/airflow/example_dags/example_xcom.py
[2023-01-03T22:41:09.306+0100] {processor.py:753} INFO - DAG(s) dict_keys(['example_xcom']) retrieved from /home/chrisfleig/.local/lib/python3.10/site-packages/airflow/example_dags/example_xcom.py
[2023-01-03T22:41:09.328+0100] {logging_mixin.py:137} INFO - [2023-01-03T22:41:09.328+0100] {dag.py:2676} INFO - Sync 1 DAGs
[2023-01-03T22:41:09.344+0100] {logging_mixin.py:137} INFO - [2023-01-03T22:41:09.343+0100] {dag.py:3423} INFO - Setting next_dagrun for example_xcom to 2021-01-01T00:00:00+00:00, run_after=2021-01-01T00:00:00+00:00
[2023-01-03T22:41:09.379+0100] {processor.py:175} INFO - Processing /home/chrisfleig/.local/lib/python3.10/site-packages/airflow/example_dags/example_xcom.py took 0.100 seconds
[2023-01-03T22:41:47.157+0100] {processor.py:153} INFO - Started process (PID=9163) to work on /home/chrisfleig/.local/lib/python3.10/site-packages/airflow/example_dags/example_xcom.py
[2023-01-03T22:41:47.158+0100] {processor.py:743} INFO - Processing file /home/chrisfleig/.local/lib/python3.10/site-packages/airflow/example_dags/example_xcom.py for tasks to queue
[2023-01-03T22:41:47.159+0100] {logging_mixin.py:137} INFO - [2023-01-03T22:41:47.159+0100] {dagbag.py:538} INFO - Filling up the DagBag from /home/chrisfleig/.local/lib/python3.10/site-packages/airflow/example_dags/example_xcom.py
[2023-01-03T22:41:47.181+0100] {processor.py:753} INFO - DAG(s) dict_keys(['example_xcom']) retrieved from /home/chrisfleig/.local/lib/python3.10/site-packages/airflow/example_dags/example_xcom.py
[2023-01-03T22:41:47.203+0100] {logging_mixin.py:137} INFO - [2023-01-03T22:41:47.202+0100] {dag.py:2676} INFO - Sync 1 DAGs
[2023-01-03T22:41:47.220+0100] {logging_mixin.py:137} INFO - [2023-01-03T22:41:47.219+0100] {dag.py:3423} INFO - Setting next_dagrun for example_xcom to 2021-01-01T00:00:00+00:00, run_after=2021-01-01T00:00:00+00:00
[2023-01-03T22:41:47.261+0100] {processor.py:175} INFO - Processing /home/chrisfleig/.local/lib/python3.10/site-packages/airflow/example_dags/example_xcom.py took 0.106 seconds
[2023-01-03T22:42:27.138+0100] {processor.py:153} INFO - Started process (PID=9205) to work on /home/chrisfleig/.local/lib/python3.10/site-packages/airflow/example_dags/example_xcom.py
[2023-01-03T22:42:27.139+0100] {processor.py:743} INFO - Processing file /home/chrisfleig/.local/lib/python3.10/site-packages/airflow/example_dags/example_xcom.py for tasks to queue
[2023-01-03T22:42:27.140+0100] {logging_mixin.py:137} INFO - [2023-01-03T22:42:27.140+0100] {dagbag.py:538} INFO - Filling up the DagBag from /home/chrisfleig/.local/lib/python3.10/site-packages/airflow/example_dags/example_xcom.py
[2023-01-03T22:42:27.161+0100] {processor.py:753} INFO - DAG(s) dict_keys(['example_xcom']) retrieved from /home/chrisfleig/.local/lib/python3.10/site-packages/airflow/example_dags/example_xcom.py
[2023-01-03T22:42:27.181+0100] {logging_mixin.py:137} INFO - [2023-01-03T22:42:27.181+0100] {dag.py:2676} INFO - Sync 1 DAGs
[2023-01-03T22:42:27.197+0100] {logging_mixin.py:137} INFO - [2023-01-03T22:42:27.197+0100] {dag.py:3423} INFO - Setting next_dagrun for example_xcom to 2021-01-01T00:00:00+00:00, run_after=2021-01-01T00:00:00+00:00
[2023-01-03T22:42:27.234+0100] {processor.py:175} INFO - Processing /home/chrisfleig/.local/lib/python3.10/site-packages/airflow/example_dags/example_xcom.py took 0.098 seconds
[2023-01-03T22:43:05.843+0100] {processor.py:153} INFO - Started process (PID=9243) to work on /home/chrisfleig/.local/lib/python3.10/site-packages/airflow/example_dags/example_xcom.py
[2023-01-03T22:43:05.844+0100] {processor.py:743} INFO - Processing file /home/chrisfleig/.local/lib/python3.10/site-packages/airflow/example_dags/example_xcom.py for tasks to queue
[2023-01-03T22:43:05.845+0100] {logging_mixin.py:137} INFO - [2023-01-03T22:43:05.845+0100] {dagbag.py:538} INFO - Filling up the DagBag from /home/chrisfleig/.local/lib/python3.10/site-packages/airflow/example_dags/example_xcom.py
[2023-01-03T22:43:05.868+0100] {processor.py:753} INFO - DAG(s) dict_keys(['example_xcom']) retrieved from /home/chrisfleig/.local/lib/python3.10/site-packages/airflow/example_dags/example_xcom.py
[2023-01-03T22:43:05.890+0100] {logging_mixin.py:137} INFO - [2023-01-03T22:43:05.890+0100] {dag.py:2676} INFO - Sync 1 DAGs
[2023-01-03T22:43:05.910+0100] {logging_mixin.py:137} INFO - [2023-01-03T22:43:05.910+0100] {dag.py:3423} INFO - Setting next_dagrun for example_xcom to 2021-01-01T00:00:00+00:00, run_after=2021-01-01T00:00:00+00:00
[2023-01-03T22:43:05.958+0100] {processor.py:175} INFO - Processing /home/chrisfleig/.local/lib/python3.10/site-packages/airflow/example_dags/example_xcom.py took 0.117 seconds
[2023-01-03T22:43:45.241+0100] {processor.py:153} INFO - Started process (PID=9281) to work on /home/chrisfleig/.local/lib/python3.10/site-packages/airflow/example_dags/example_xcom.py
[2023-01-03T22:43:45.242+0100] {processor.py:743} INFO - Processing file /home/chrisfleig/.local/lib/python3.10/site-packages/airflow/example_dags/example_xcom.py for tasks to queue
[2023-01-03T22:43:45.243+0100] {logging_mixin.py:137} INFO - [2023-01-03T22:43:45.243+0100] {dagbag.py:538} INFO - Filling up the DagBag from /home/chrisfleig/.local/lib/python3.10/site-packages/airflow/example_dags/example_xcom.py
[2023-01-03T22:43:45.264+0100] {processor.py:753} INFO - DAG(s) dict_keys(['example_xcom']) retrieved from /home/chrisfleig/.local/lib/python3.10/site-packages/airflow/example_dags/example_xcom.py
[2023-01-03T22:43:45.289+0100] {logging_mixin.py:137} INFO - [2023-01-03T22:43:45.289+0100] {dag.py:2676} INFO - Sync 1 DAGs
[2023-01-03T22:43:45.308+0100] {logging_mixin.py:137} INFO - [2023-01-03T22:43:45.308+0100] {dag.py:3423} INFO - Setting next_dagrun for example_xcom to 2021-01-01T00:00:00+00:00, run_after=2021-01-01T00:00:00+00:00
[2023-01-03T22:43:45.344+0100] {processor.py:175} INFO - Processing /home/chrisfleig/.local/lib/python3.10/site-packages/airflow/example_dags/example_xcom.py took 0.105 seconds
[2023-01-03T22:44:24.516+0100] {processor.py:153} INFO - Started process (PID=9319) to work on /home/chrisfleig/.local/lib/python3.10/site-packages/airflow/example_dags/example_xcom.py
[2023-01-03T22:44:24.517+0100] {processor.py:743} INFO - Processing file /home/chrisfleig/.local/lib/python3.10/site-packages/airflow/example_dags/example_xcom.py for tasks to queue
[2023-01-03T22:44:24.517+0100] {logging_mixin.py:137} INFO - [2023-01-03T22:44:24.517+0100] {dagbag.py:538} INFO - Filling up the DagBag from /home/chrisfleig/.local/lib/python3.10/site-packages/airflow/example_dags/example_xcom.py
[2023-01-03T22:44:24.540+0100] {processor.py:753} INFO - DAG(s) dict_keys(['example_xcom']) retrieved from /home/chrisfleig/.local/lib/python3.10/site-packages/airflow/example_dags/example_xcom.py
[2023-01-03T22:44:24.560+0100] {logging_mixin.py:137} INFO - [2023-01-03T22:44:24.559+0100] {dag.py:2676} INFO - Sync 1 DAGs
[2023-01-03T22:44:24.576+0100] {logging_mixin.py:137} INFO - [2023-01-03T22:44:24.576+0100] {dag.py:3423} INFO - Setting next_dagrun for example_xcom to 2021-01-01T00:00:00+00:00, run_after=2021-01-01T00:00:00+00:00
[2023-01-03T22:44:24.617+0100] {processor.py:175} INFO - Processing /home/chrisfleig/.local/lib/python3.10/site-packages/airflow/example_dags/example_xcom.py took 0.104 seconds
[2023-01-03T22:45:02.751+0100] {processor.py:153} INFO - Started process (PID=9357) to work on /home/chrisfleig/.local/lib/python3.10/site-packages/airflow/example_dags/example_xcom.py
[2023-01-03T22:45:02.752+0100] {processor.py:743} INFO - Processing file /home/chrisfleig/.local/lib/python3.10/site-packages/airflow/example_dags/example_xcom.py for tasks to queue
[2023-01-03T22:45:02.752+0100] {logging_mixin.py:137} INFO - [2023-01-03T22:45:02.752+0100] {dagbag.py:538} INFO - Filling up the DagBag from /home/chrisfleig/.local/lib/python3.10/site-packages/airflow/example_dags/example_xcom.py
[2023-01-03T22:45:02.773+0100] {processor.py:753} INFO - DAG(s) dict_keys(['example_xcom']) retrieved from /home/chrisfleig/.local/lib/python3.10/site-packages/airflow/example_dags/example_xcom.py
[2023-01-03T22:45:02.793+0100] {logging_mixin.py:137} INFO - [2023-01-03T22:45:02.793+0100] {dag.py:2676} INFO - Sync 1 DAGs
[2023-01-03T22:45:02.810+0100] {logging_mixin.py:137} INFO - [2023-01-03T22:45:02.810+0100] {dag.py:3423} INFO - Setting next_dagrun for example_xcom to 2021-01-01T00:00:00+00:00, run_after=2021-01-01T00:00:00+00:00
[2023-01-03T22:45:02.847+0100] {processor.py:175} INFO - Processing /home/chrisfleig/.local/lib/python3.10/site-packages/airflow/example_dags/example_xcom.py took 0.098 seconds
[2023-01-03T22:45:41.420+0100] {processor.py:153} INFO - Started process (PID=9395) to work on /home/chrisfleig/.local/lib/python3.10/site-packages/airflow/example_dags/example_xcom.py
[2023-01-03T22:45:41.421+0100] {processor.py:743} INFO - Processing file /home/chrisfleig/.local/lib/python3.10/site-packages/airflow/example_dags/example_xcom.py for tasks to queue
[2023-01-03T22:45:41.421+0100] {logging_mixin.py:137} INFO - [2023-01-03T22:45:41.421+0100] {dagbag.py:538} INFO - Filling up the DagBag from /home/chrisfleig/.local/lib/python3.10/site-packages/airflow/example_dags/example_xcom.py
[2023-01-03T22:45:41.442+0100] {processor.py:753} INFO - DAG(s) dict_keys(['example_xcom']) retrieved from /home/chrisfleig/.local/lib/python3.10/site-packages/airflow/example_dags/example_xcom.py
[2023-01-03T22:45:41.463+0100] {logging_mixin.py:137} INFO - [2023-01-03T22:45:41.463+0100] {dag.py:2676} INFO - Sync 1 DAGs
[2023-01-03T22:45:41.479+0100] {logging_mixin.py:137} INFO - [2023-01-03T22:45:41.479+0100] {dag.py:3423} INFO - Setting next_dagrun for example_xcom to 2021-01-01T00:00:00+00:00, run_after=2021-01-01T00:00:00+00:00
[2023-01-03T22:45:41.519+0100] {processor.py:175} INFO - Processing /home/chrisfleig/.local/lib/python3.10/site-packages/airflow/example_dags/example_xcom.py took 0.102 seconds
[2023-01-03T22:46:19.667+0100] {processor.py:153} INFO - Started process (PID=9433) to work on /home/chrisfleig/.local/lib/python3.10/site-packages/airflow/example_dags/example_xcom.py
[2023-01-03T22:46:19.667+0100] {processor.py:743} INFO - Processing file /home/chrisfleig/.local/lib/python3.10/site-packages/airflow/example_dags/example_xcom.py for tasks to queue
[2023-01-03T22:46:19.668+0100] {logging_mixin.py:137} INFO - [2023-01-03T22:46:19.668+0100] {dagbag.py:538} INFO - Filling up the DagBag from /home/chrisfleig/.local/lib/python3.10/site-packages/airflow/example_dags/example_xcom.py
[2023-01-03T22:46:19.688+0100] {processor.py:753} INFO - DAG(s) dict_keys(['example_xcom']) retrieved from /home/chrisfleig/.local/lib/python3.10/site-packages/airflow/example_dags/example_xcom.py
[2023-01-03T22:46:19.709+0100] {logging_mixin.py:137} INFO - [2023-01-03T22:46:19.709+0100] {dag.py:2676} INFO - Sync 1 DAGs
[2023-01-03T22:46:19.725+0100] {logging_mixin.py:137} INFO - [2023-01-03T22:46:19.725+0100] {dag.py:3423} INFO - Setting next_dagrun for example_xcom to 2021-01-01T00:00:00+00:00, run_after=2021-01-01T00:00:00+00:00
[2023-01-03T22:46:19.760+0100] {processor.py:175} INFO - Processing /home/chrisfleig/.local/lib/python3.10/site-packages/airflow/example_dags/example_xcom.py took 0.095 seconds
[2023-01-03T22:46:56.715+0100] {processor.py:153} INFO - Started process (PID=9471) to work on /home/chrisfleig/.local/lib/python3.10/site-packages/airflow/example_dags/example_xcom.py
[2023-01-03T22:46:56.716+0100] {processor.py:743} INFO - Processing file /home/chrisfleig/.local/lib/python3.10/site-packages/airflow/example_dags/example_xcom.py for tasks to queue
[2023-01-03T22:46:56.717+0100] {logging_mixin.py:137} INFO - [2023-01-03T22:46:56.717+0100] {dagbag.py:538} INFO - Filling up the DagBag from /home/chrisfleig/.local/lib/python3.10/site-packages/airflow/example_dags/example_xcom.py
[2023-01-03T22:46:56.737+0100] {processor.py:753} INFO - DAG(s) dict_keys(['example_xcom']) retrieved from /home/chrisfleig/.local/lib/python3.10/site-packages/airflow/example_dags/example_xcom.py
[2023-01-03T22:46:56.757+0100] {logging_mixin.py:137} INFO - [2023-01-03T22:46:56.757+0100] {dag.py:2676} INFO - Sync 1 DAGs
[2023-01-03T22:46:56.773+0100] {logging_mixin.py:137} INFO - [2023-01-03T22:46:56.773+0100] {dag.py:3423} INFO - Setting next_dagrun for example_xcom to 2021-01-01T00:00:00+00:00, run_after=2021-01-01T00:00:00+00:00
[2023-01-03T22:46:56.808+0100] {processor.py:175} INFO - Processing /home/chrisfleig/.local/lib/python3.10/site-packages/airflow/example_dags/example_xcom.py took 0.096 seconds
[2023-01-03T22:47:36.558+0100] {processor.py:153} INFO - Started process (PID=9509) to work on /home/chrisfleig/.local/lib/python3.10/site-packages/airflow/example_dags/example_xcom.py
[2023-01-03T22:47:36.559+0100] {processor.py:743} INFO - Processing file /home/chrisfleig/.local/lib/python3.10/site-packages/airflow/example_dags/example_xcom.py for tasks to queue
[2023-01-03T22:47:36.559+0100] {logging_mixin.py:137} INFO - [2023-01-03T22:47:36.559+0100] {dagbag.py:538} INFO - Filling up the DagBag from /home/chrisfleig/.local/lib/python3.10/site-packages/airflow/example_dags/example_xcom.py
[2023-01-03T22:47:36.580+0100] {processor.py:753} INFO - DAG(s) dict_keys(['example_xcom']) retrieved from /home/chrisfleig/.local/lib/python3.10/site-packages/airflow/example_dags/example_xcom.py
[2023-01-03T22:47:36.600+0100] {logging_mixin.py:137} INFO - [2023-01-03T22:47:36.600+0100] {dag.py:2676} INFO - Sync 1 DAGs
[2023-01-03T22:47:36.616+0100] {logging_mixin.py:137} INFO - [2023-01-03T22:47:36.616+0100] {dag.py:3423} INFO - Setting next_dagrun for example_xcom to 2021-01-01T00:00:00+00:00, run_after=2021-01-01T00:00:00+00:00
[2023-01-03T22:47:36.654+0100] {processor.py:175} INFO - Processing /home/chrisfleig/.local/lib/python3.10/site-packages/airflow/example_dags/example_xcom.py took 0.098 seconds
[2023-01-03T22:48:15.062+0100] {processor.py:153} INFO - Started process (PID=9547) to work on /home/chrisfleig/.local/lib/python3.10/site-packages/airflow/example_dags/example_xcom.py
[2023-01-03T22:48:15.064+0100] {processor.py:743} INFO - Processing file /home/chrisfleig/.local/lib/python3.10/site-packages/airflow/example_dags/example_xcom.py for tasks to queue
[2023-01-03T22:48:15.064+0100] {logging_mixin.py:137} INFO - [2023-01-03T22:48:15.064+0100] {dagbag.py:538} INFO - Filling up the DagBag from /home/chrisfleig/.local/lib/python3.10/site-packages/airflow/example_dags/example_xcom.py
[2023-01-03T22:48:15.088+0100] {processor.py:753} INFO - DAG(s) dict_keys(['example_xcom']) retrieved from /home/chrisfleig/.local/lib/python3.10/site-packages/airflow/example_dags/example_xcom.py
[2023-01-03T22:48:15.111+0100] {logging_mixin.py:137} INFO - [2023-01-03T22:48:15.111+0100] {dag.py:2676} INFO - Sync 1 DAGs
[2023-01-03T22:48:15.129+0100] {logging_mixin.py:137} INFO - [2023-01-03T22:48:15.129+0100] {dag.py:3423} INFO - Setting next_dagrun for example_xcom to 2021-01-01T00:00:00+00:00, run_after=2021-01-01T00:00:00+00:00
[2023-01-03T22:48:15.171+0100] {processor.py:175} INFO - Processing /home/chrisfleig/.local/lib/python3.10/site-packages/airflow/example_dags/example_xcom.py took 0.111 seconds
[2023-01-03T22:48:56.948+0100] {processor.py:153} INFO - Started process (PID=9585) to work on /home/chrisfleig/.local/lib/python3.10/site-packages/airflow/example_dags/example_xcom.py
[2023-01-03T22:48:56.949+0100] {processor.py:743} INFO - Processing file /home/chrisfleig/.local/lib/python3.10/site-packages/airflow/example_dags/example_xcom.py for tasks to queue
[2023-01-03T22:48:56.950+0100] {logging_mixin.py:137} INFO - [2023-01-03T22:48:56.950+0100] {dagbag.py:538} INFO - Filling up the DagBag from /home/chrisfleig/.local/lib/python3.10/site-packages/airflow/example_dags/example_xcom.py
[2023-01-03T22:48:56.971+0100] {processor.py:753} INFO - DAG(s) dict_keys(['example_xcom']) retrieved from /home/chrisfleig/.local/lib/python3.10/site-packages/airflow/example_dags/example_xcom.py
[2023-01-03T22:48:56.992+0100] {logging_mixin.py:137} INFO - [2023-01-03T22:48:56.992+0100] {dag.py:2676} INFO - Sync 1 DAGs
[2023-01-03T22:48:57.010+0100] {logging_mixin.py:137} INFO - [2023-01-03T22:48:57.010+0100] {dag.py:3423} INFO - Setting next_dagrun for example_xcom to 2021-01-01T00:00:00+00:00, run_after=2021-01-01T00:00:00+00:00
[2023-01-03T22:48:57.047+0100] {processor.py:175} INFO - Processing /home/chrisfleig/.local/lib/python3.10/site-packages/airflow/example_dags/example_xcom.py took 0.101 seconds
[2023-01-03T22:49:36.560+0100] {processor.py:153} INFO - Started process (PID=9623) to work on /home/chrisfleig/.local/lib/python3.10/site-packages/airflow/example_dags/example_xcom.py
[2023-01-03T22:49:36.561+0100] {processor.py:743} INFO - Processing file /home/chrisfleig/.local/lib/python3.10/site-packages/airflow/example_dags/example_xcom.py for tasks to queue
[2023-01-03T22:49:36.562+0100] {logging_mixin.py:137} INFO - [2023-01-03T22:49:36.562+0100] {dagbag.py:538} INFO - Filling up the DagBag from /home/chrisfleig/.local/lib/python3.10/site-packages/airflow/example_dags/example_xcom.py
[2023-01-03T22:49:36.586+0100] {processor.py:753} INFO - DAG(s) dict_keys(['example_xcom']) retrieved from /home/chrisfleig/.local/lib/python3.10/site-packages/airflow/example_dags/example_xcom.py
[2023-01-03T22:49:36.609+0100] {logging_mixin.py:137} INFO - [2023-01-03T22:49:36.608+0100] {dag.py:2676} INFO - Sync 1 DAGs
[2023-01-03T22:49:36.626+0100] {logging_mixin.py:137} INFO - [2023-01-03T22:49:36.626+0100] {dag.py:3423} INFO - Setting next_dagrun for example_xcom to 2021-01-01T00:00:00+00:00, run_after=2021-01-01T00:00:00+00:00
[2023-01-03T22:49:36.662+0100] {processor.py:175} INFO - Processing /home/chrisfleig/.local/lib/python3.10/site-packages/airflow/example_dags/example_xcom.py took 0.104 seconds
[2023-01-03T22:50:15.260+0100] {processor.py:153} INFO - Started process (PID=9661) to work on /home/chrisfleig/.local/lib/python3.10/site-packages/airflow/example_dags/example_xcom.py
[2023-01-03T22:50:15.261+0100] {processor.py:743} INFO - Processing file /home/chrisfleig/.local/lib/python3.10/site-packages/airflow/example_dags/example_xcom.py for tasks to queue
[2023-01-03T22:50:15.262+0100] {logging_mixin.py:137} INFO - [2023-01-03T22:50:15.261+0100] {dagbag.py:538} INFO - Filling up the DagBag from /home/chrisfleig/.local/lib/python3.10/site-packages/airflow/example_dags/example_xcom.py
[2023-01-03T22:50:15.284+0100] {processor.py:753} INFO - DAG(s) dict_keys(['example_xcom']) retrieved from /home/chrisfleig/.local/lib/python3.10/site-packages/airflow/example_dags/example_xcom.py
[2023-01-03T22:50:15.305+0100] {logging_mixin.py:137} INFO - [2023-01-03T22:50:15.305+0100] {dag.py:2676} INFO - Sync 1 DAGs
[2023-01-03T22:50:15.321+0100] {logging_mixin.py:137} INFO - [2023-01-03T22:50:15.321+0100] {dag.py:3423} INFO - Setting next_dagrun for example_xcom to 2021-01-01T00:00:00+00:00, run_after=2021-01-01T00:00:00+00:00
[2023-01-03T22:50:15.355+0100] {processor.py:175} INFO - Processing /home/chrisfleig/.local/lib/python3.10/site-packages/airflow/example_dags/example_xcom.py took 0.098 seconds
[2023-01-03T22:50:55.584+0100] {processor.py:153} INFO - Started process (PID=9699) to work on /home/chrisfleig/.local/lib/python3.10/site-packages/airflow/example_dags/example_xcom.py
[2023-01-03T22:50:55.585+0100] {processor.py:743} INFO - Processing file /home/chrisfleig/.local/lib/python3.10/site-packages/airflow/example_dags/example_xcom.py for tasks to queue
[2023-01-03T22:50:55.585+0100] {logging_mixin.py:137} INFO - [2023-01-03T22:50:55.585+0100] {dagbag.py:538} INFO - Filling up the DagBag from /home/chrisfleig/.local/lib/python3.10/site-packages/airflow/example_dags/example_xcom.py
[2023-01-03T22:50:55.606+0100] {processor.py:753} INFO - DAG(s) dict_keys(['example_xcom']) retrieved from /home/chrisfleig/.local/lib/python3.10/site-packages/airflow/example_dags/example_xcom.py
[2023-01-03T22:50:55.627+0100] {logging_mixin.py:137} INFO - [2023-01-03T22:50:55.627+0100] {dag.py:2676} INFO - Sync 1 DAGs
[2023-01-03T22:50:55.643+0100] {logging_mixin.py:137} INFO - [2023-01-03T22:50:55.643+0100] {dag.py:3423} INFO - Setting next_dagrun for example_xcom to 2021-01-01T00:00:00+00:00, run_after=2021-01-01T00:00:00+00:00
[2023-01-03T22:50:55.676+0100] {processor.py:175} INFO - Processing /home/chrisfleig/.local/lib/python3.10/site-packages/airflow/example_dags/example_xcom.py took 0.095 seconds
[2023-01-03T22:51:33.613+0100] {processor.py:153} INFO - Started process (PID=9737) to work on /home/chrisfleig/.local/lib/python3.10/site-packages/airflow/example_dags/example_xcom.py
[2023-01-03T22:51:33.614+0100] {processor.py:743} INFO - Processing file /home/chrisfleig/.local/lib/python3.10/site-packages/airflow/example_dags/example_xcom.py for tasks to queue
[2023-01-03T22:51:33.615+0100] {logging_mixin.py:137} INFO - [2023-01-03T22:51:33.615+0100] {dagbag.py:538} INFO - Filling up the DagBag from /home/chrisfleig/.local/lib/python3.10/site-packages/airflow/example_dags/example_xcom.py
[2023-01-03T22:51:33.637+0100] {processor.py:753} INFO - DAG(s) dict_keys(['example_xcom']) retrieved from /home/chrisfleig/.local/lib/python3.10/site-packages/airflow/example_dags/example_xcom.py
[2023-01-03T22:51:33.657+0100] {logging_mixin.py:137} INFO - [2023-01-03T22:51:33.657+0100] {dag.py:2676} INFO - Sync 1 DAGs
[2023-01-03T22:51:33.672+0100] {logging_mixin.py:137} INFO - [2023-01-03T22:51:33.672+0100] {dag.py:3423} INFO - Setting next_dagrun for example_xcom to 2021-01-01T00:00:00+00:00, run_after=2021-01-01T00:00:00+00:00
[2023-01-03T22:51:33.707+0100] {processor.py:175} INFO - Processing /home/chrisfleig/.local/lib/python3.10/site-packages/airflow/example_dags/example_xcom.py took 0.096 seconds
[2023-01-03T22:52:14.163+0100] {processor.py:153} INFO - Started process (PID=9775) to work on /home/chrisfleig/.local/lib/python3.10/site-packages/airflow/example_dags/example_xcom.py
[2023-01-03T22:52:14.164+0100] {processor.py:743} INFO - Processing file /home/chrisfleig/.local/lib/python3.10/site-packages/airflow/example_dags/example_xcom.py for tasks to queue
[2023-01-03T22:52:14.165+0100] {logging_mixin.py:137} INFO - [2023-01-03T22:52:14.165+0100] {dagbag.py:538} INFO - Filling up the DagBag from /home/chrisfleig/.local/lib/python3.10/site-packages/airflow/example_dags/example_xcom.py
[2023-01-03T22:52:14.196+0100] {processor.py:753} INFO - DAG(s) dict_keys(['example_xcom']) retrieved from /home/chrisfleig/.local/lib/python3.10/site-packages/airflow/example_dags/example_xcom.py
[2023-01-03T22:52:14.219+0100] {logging_mixin.py:137} INFO - [2023-01-03T22:52:14.219+0100] {dag.py:2676} INFO - Sync 1 DAGs
[2023-01-03T22:52:14.242+0100] {logging_mixin.py:137} INFO - [2023-01-03T22:52:14.242+0100] {dag.py:3423} INFO - Setting next_dagrun for example_xcom to 2021-01-01T00:00:00+00:00, run_after=2021-01-01T00:00:00+00:00
[2023-01-03T22:52:14.285+0100] {processor.py:175} INFO - Processing /home/chrisfleig/.local/lib/python3.10/site-packages/airflow/example_dags/example_xcom.py took 0.126 seconds
[2023-01-03T22:52:54.219+0100] {processor.py:153} INFO - Started process (PID=9813) to work on /home/chrisfleig/.local/lib/python3.10/site-packages/airflow/example_dags/example_xcom.py
[2023-01-03T22:52:54.220+0100] {processor.py:743} INFO - Processing file /home/chrisfleig/.local/lib/python3.10/site-packages/airflow/example_dags/example_xcom.py for tasks to queue
[2023-01-03T22:52:54.220+0100] {logging_mixin.py:137} INFO - [2023-01-03T22:52:54.220+0100] {dagbag.py:538} INFO - Filling up the DagBag from /home/chrisfleig/.local/lib/python3.10/site-packages/airflow/example_dags/example_xcom.py
[2023-01-03T22:52:54.242+0100] {processor.py:753} INFO - DAG(s) dict_keys(['example_xcom']) retrieved from /home/chrisfleig/.local/lib/python3.10/site-packages/airflow/example_dags/example_xcom.py
[2023-01-03T22:52:54.262+0100] {logging_mixin.py:137} INFO - [2023-01-03T22:52:54.262+0100] {dag.py:2676} INFO - Sync 1 DAGs
[2023-01-03T22:52:54.278+0100] {logging_mixin.py:137} INFO - [2023-01-03T22:52:54.277+0100] {dag.py:3423} INFO - Setting next_dagrun for example_xcom to 2021-01-01T00:00:00+00:00, run_after=2021-01-01T00:00:00+00:00
[2023-01-03T22:52:54.312+0100] {processor.py:175} INFO - Processing /home/chrisfleig/.local/lib/python3.10/site-packages/airflow/example_dags/example_xcom.py took 0.096 seconds
[2023-01-03T22:53:32.266+0100] {processor.py:153} INFO - Started process (PID=9853) to work on /home/chrisfleig/.local/lib/python3.10/site-packages/airflow/example_dags/example_xcom.py
[2023-01-03T22:53:32.267+0100] {processor.py:743} INFO - Processing file /home/chrisfleig/.local/lib/python3.10/site-packages/airflow/example_dags/example_xcom.py for tasks to queue
[2023-01-03T22:53:32.268+0100] {logging_mixin.py:137} INFO - [2023-01-03T22:53:32.267+0100] {dagbag.py:538} INFO - Filling up the DagBag from /home/chrisfleig/.local/lib/python3.10/site-packages/airflow/example_dags/example_xcom.py
[2023-01-03T22:53:32.295+0100] {processor.py:753} INFO - DAG(s) dict_keys(['example_xcom']) retrieved from /home/chrisfleig/.local/lib/python3.10/site-packages/airflow/example_dags/example_xcom.py
[2023-01-03T22:53:32.317+0100] {logging_mixin.py:137} INFO - [2023-01-03T22:53:32.317+0100] {dag.py:2676} INFO - Sync 1 DAGs
[2023-01-03T22:53:32.336+0100] {logging_mixin.py:137} INFO - [2023-01-03T22:53:32.336+0100] {dag.py:3423} INFO - Setting next_dagrun for example_xcom to 2021-01-01T00:00:00+00:00, run_after=2021-01-01T00:00:00+00:00
[2023-01-03T22:53:32.371+0100] {processor.py:175} INFO - Processing /home/chrisfleig/.local/lib/python3.10/site-packages/airflow/example_dags/example_xcom.py took 0.107 seconds
[2023-01-03T22:54:15.224+0100] {processor.py:153} INFO - Started process (PID=9894) to work on /home/chrisfleig/.local/lib/python3.10/site-packages/airflow/example_dags/example_xcom.py
[2023-01-03T22:54:15.225+0100] {processor.py:743} INFO - Processing file /home/chrisfleig/.local/lib/python3.10/site-packages/airflow/example_dags/example_xcom.py for tasks to queue
[2023-01-03T22:54:15.226+0100] {logging_mixin.py:137} INFO - [2023-01-03T22:54:15.226+0100] {dagbag.py:538} INFO - Filling up the DagBag from /home/chrisfleig/.local/lib/python3.10/site-packages/airflow/example_dags/example_xcom.py
[2023-01-03T22:54:15.249+0100] {processor.py:753} INFO - DAG(s) dict_keys(['example_xcom']) retrieved from /home/chrisfleig/.local/lib/python3.10/site-packages/airflow/example_dags/example_xcom.py
[2023-01-03T22:54:15.275+0100] {logging_mixin.py:137} INFO - [2023-01-03T22:54:15.275+0100] {dag.py:2676} INFO - Sync 1 DAGs
[2023-01-03T22:54:15.299+0100] {logging_mixin.py:137} INFO - [2023-01-03T22:54:15.299+0100] {dag.py:3423} INFO - Setting next_dagrun for example_xcom to 2021-01-01T00:00:00+00:00, run_after=2021-01-01T00:00:00+00:00
[2023-01-03T22:54:15.337+0100] {processor.py:175} INFO - Processing /home/chrisfleig/.local/lib/python3.10/site-packages/airflow/example_dags/example_xcom.py took 0.115 seconds
[2023-01-03T22:54:57.816+0100] {processor.py:153} INFO - Started process (PID=9934) to work on /home/chrisfleig/.local/lib/python3.10/site-packages/airflow/example_dags/example_xcom.py
[2023-01-03T22:54:57.817+0100] {processor.py:743} INFO - Processing file /home/chrisfleig/.local/lib/python3.10/site-packages/airflow/example_dags/example_xcom.py for tasks to queue
[2023-01-03T22:54:57.818+0100] {logging_mixin.py:137} INFO - [2023-01-03T22:54:57.818+0100] {dagbag.py:538} INFO - Filling up the DagBag from /home/chrisfleig/.local/lib/python3.10/site-packages/airflow/example_dags/example_xcom.py
[2023-01-03T22:54:57.842+0100] {processor.py:753} INFO - DAG(s) dict_keys(['example_xcom']) retrieved from /home/chrisfleig/.local/lib/python3.10/site-packages/airflow/example_dags/example_xcom.py
[2023-01-03T22:54:57.866+0100] {logging_mixin.py:137} INFO - [2023-01-03T22:54:57.866+0100] {dag.py:2676} INFO - Sync 1 DAGs
[2023-01-03T22:54:57.884+0100] {logging_mixin.py:137} INFO - [2023-01-03T22:54:57.884+0100] {dag.py:3423} INFO - Setting next_dagrun for example_xcom to 2021-01-01T00:00:00+00:00, run_after=2021-01-01T00:00:00+00:00
[2023-01-03T22:54:57.928+0100] {processor.py:175} INFO - Processing /home/chrisfleig/.local/lib/python3.10/site-packages/airflow/example_dags/example_xcom.py took 0.115 seconds
[2023-01-03T22:55:40.888+0100] {processor.py:153} INFO - Started process (PID=9972) to work on /home/chrisfleig/.local/lib/python3.10/site-packages/airflow/example_dags/example_xcom.py
[2023-01-03T22:55:40.890+0100] {processor.py:743} INFO - Processing file /home/chrisfleig/.local/lib/python3.10/site-packages/airflow/example_dags/example_xcom.py for tasks to queue
[2023-01-03T22:55:40.891+0100] {logging_mixin.py:137} INFO - [2023-01-03T22:55:40.891+0100] {dagbag.py:538} INFO - Filling up the DagBag from /home/chrisfleig/.local/lib/python3.10/site-packages/airflow/example_dags/example_xcom.py
[2023-01-03T22:55:40.919+0100] {processor.py:753} INFO - DAG(s) dict_keys(['example_xcom']) retrieved from /home/chrisfleig/.local/lib/python3.10/site-packages/airflow/example_dags/example_xcom.py
[2023-01-03T22:55:40.940+0100] {logging_mixin.py:137} INFO - [2023-01-03T22:55:40.940+0100] {dag.py:2676} INFO - Sync 1 DAGs
[2023-01-03T22:55:40.958+0100] {logging_mixin.py:137} INFO - [2023-01-03T22:55:40.958+0100] {dag.py:3423} INFO - Setting next_dagrun for example_xcom to 2021-01-01T00:00:00+00:00, run_after=2021-01-01T00:00:00+00:00
[2023-01-03T22:55:41.006+0100] {processor.py:175} INFO - Processing /home/chrisfleig/.local/lib/python3.10/site-packages/airflow/example_dags/example_xcom.py took 0.121 seconds
[2023-01-03T22:56:22.452+0100] {processor.py:153} INFO - Started process (PID=10015) to work on /home/chrisfleig/.local/lib/python3.10/site-packages/airflow/example_dags/example_xcom.py
[2023-01-03T22:56:22.455+0100] {processor.py:743} INFO - Processing file /home/chrisfleig/.local/lib/python3.10/site-packages/airflow/example_dags/example_xcom.py for tasks to queue
[2023-01-03T22:56:22.456+0100] {logging_mixin.py:137} INFO - [2023-01-03T22:56:22.456+0100] {dagbag.py:538} INFO - Filling up the DagBag from /home/chrisfleig/.local/lib/python3.10/site-packages/airflow/example_dags/example_xcom.py
[2023-01-03T22:56:22.550+0100] {processor.py:753} INFO - DAG(s) dict_keys(['example_xcom']) retrieved from /home/chrisfleig/.local/lib/python3.10/site-packages/airflow/example_dags/example_xcom.py
[2023-01-03T22:56:22.649+0100] {logging_mixin.py:137} INFO - [2023-01-03T22:56:22.648+0100] {dag.py:2676} INFO - Sync 1 DAGs
[2023-01-03T22:56:22.738+0100] {logging_mixin.py:137} INFO - [2023-01-03T22:56:22.738+0100] {dag.py:3423} INFO - Setting next_dagrun for example_xcom to 2021-01-01T00:00:00+00:00, run_after=2021-01-01T00:00:00+00:00
[2023-01-03T22:56:22.848+0100] {processor.py:175} INFO - Processing /home/chrisfleig/.local/lib/python3.10/site-packages/airflow/example_dags/example_xcom.py took 0.410 seconds
[2023-01-03T22:57:05.924+0100] {processor.py:153} INFO - Started process (PID=10054) to work on /home/chrisfleig/.local/lib/python3.10/site-packages/airflow/example_dags/example_xcom.py
[2023-01-03T22:57:05.925+0100] {processor.py:743} INFO - Processing file /home/chrisfleig/.local/lib/python3.10/site-packages/airflow/example_dags/example_xcom.py for tasks to queue
[2023-01-03T22:57:05.926+0100] {logging_mixin.py:137} INFO - [2023-01-03T22:57:05.926+0100] {dagbag.py:538} INFO - Filling up the DagBag from /home/chrisfleig/.local/lib/python3.10/site-packages/airflow/example_dags/example_xcom.py
[2023-01-03T22:57:05.950+0100] {processor.py:753} INFO - DAG(s) dict_keys(['example_xcom']) retrieved from /home/chrisfleig/.local/lib/python3.10/site-packages/airflow/example_dags/example_xcom.py
[2023-01-03T22:57:05.973+0100] {logging_mixin.py:137} INFO - [2023-01-03T22:57:05.972+0100] {dag.py:2676} INFO - Sync 1 DAGs
[2023-01-03T22:57:05.997+0100] {logging_mixin.py:137} INFO - [2023-01-03T22:57:05.997+0100] {dag.py:3423} INFO - Setting next_dagrun for example_xcom to 2021-01-01T00:00:00+00:00, run_after=2021-01-01T00:00:00+00:00
[2023-01-03T22:57:06.036+0100] {processor.py:175} INFO - Processing /home/chrisfleig/.local/lib/python3.10/site-packages/airflow/example_dags/example_xcom.py took 0.115 seconds
