[2023-01-03T22:11:01.266+0100] {processor.py:153} INFO - Started process (PID=8198) to work on /home/chrisfleig/.local/lib/python3.10/site-packages/airflow/example_dags/example_branch_day_of_week_operator.py
[2023-01-03T22:11:01.267+0100] {processor.py:743} INFO - Processing file /home/chrisfleig/.local/lib/python3.10/site-packages/airflow/example_dags/example_branch_day_of_week_operator.py for tasks to queue
[2023-01-03T22:11:01.267+0100] {logging_mixin.py:137} INFO - [2023-01-03T22:11:01.267+0100] {dagbag.py:538} INFO - Filling up the DagBag from /home/chrisfleig/.local/lib/python3.10/site-packages/airflow/example_dags/example_branch_day_of_week_operator.py
[2023-01-03T22:11:01.281+0100] {processor.py:753} INFO - DAG(s) dict_keys(['example_weekday_branch_operator']) retrieved from /home/chrisfleig/.local/lib/python3.10/site-packages/airflow/example_dags/example_branch_day_of_week_operator.py
[2023-01-03T22:11:01.408+0100] {logging_mixin.py:137} INFO - [2023-01-03T22:11:01.408+0100] {manager.py:504} INFO - Created Permission View: can edit on DAG:example_weekday_branch_operator
[2023-01-03T22:11:01.437+0100] {logging_mixin.py:137} INFO - [2023-01-03T22:11:01.437+0100] {manager.py:504} INFO - Created Permission View: can delete on DAG:example_weekday_branch_operator
[2023-01-03T22:11:01.467+0100] {logging_mixin.py:137} INFO - [2023-01-03T22:11:01.467+0100] {manager.py:504} INFO - Created Permission View: can read on DAG:example_weekday_branch_operator
[2023-01-03T22:11:01.468+0100] {logging_mixin.py:137} INFO - [2023-01-03T22:11:01.467+0100] {dag.py:2676} INFO - Sync 1 DAGs
[2023-01-03T22:11:01.477+0100] {logging_mixin.py:137} INFO - [2023-01-03T22:11:01.477+0100] {dag.py:2697} INFO - Creating ORM DAG for example_weekday_branch_operator
[2023-01-03T22:11:01.486+0100] {logging_mixin.py:137} INFO - [2023-01-03T22:11:01.486+0100] {dag.py:3423} INFO - Setting next_dagrun for example_weekday_branch_operator to 2023-01-02T00:00:00+00:00, run_after=2023-01-03T00:00:00+00:00
[2023-01-03T22:11:01.530+0100] {processor.py:175} INFO - Processing /home/chrisfleig/.local/lib/python3.10/site-packages/airflow/example_dags/example_branch_day_of_week_operator.py took 0.266 seconds
[2023-01-03T22:11:43.570+0100] {processor.py:153} INFO - Started process (PID=8236) to work on /home/chrisfleig/.local/lib/python3.10/site-packages/airflow/example_dags/example_branch_day_of_week_operator.py
[2023-01-03T22:11:43.571+0100] {processor.py:743} INFO - Processing file /home/chrisfleig/.local/lib/python3.10/site-packages/airflow/example_dags/example_branch_day_of_week_operator.py for tasks to queue
[2023-01-03T22:11:43.572+0100] {logging_mixin.py:137} INFO - [2023-01-03T22:11:43.572+0100] {dagbag.py:538} INFO - Filling up the DagBag from /home/chrisfleig/.local/lib/python3.10/site-packages/airflow/example_dags/example_branch_day_of_week_operator.py
[2023-01-03T22:11:43.587+0100] {processor.py:753} INFO - DAG(s) dict_keys(['example_weekday_branch_operator']) retrieved from /home/chrisfleig/.local/lib/python3.10/site-packages/airflow/example_dags/example_branch_day_of_week_operator.py
[2023-01-03T22:11:43.612+0100] {logging_mixin.py:137} INFO - [2023-01-03T22:11:43.611+0100] {dag.py:2676} INFO - Sync 1 DAGs
[2023-01-03T22:11:43.629+0100] {logging_mixin.py:137} INFO - [2023-01-03T22:11:43.629+0100] {dag.py:3423} INFO - Setting next_dagrun for example_weekday_branch_operator to 2023-01-02T00:00:00+00:00, run_after=2023-01-03T00:00:00+00:00
[2023-01-03T22:11:43.669+0100] {processor.py:175} INFO - Processing /home/chrisfleig/.local/lib/python3.10/site-packages/airflow/example_dags/example_branch_day_of_week_operator.py took 0.102 seconds
[2023-01-03T22:12:22.921+0100] {processor.py:153} INFO - Started process (PID=8274) to work on /home/chrisfleig/.local/lib/python3.10/site-packages/airflow/example_dags/example_branch_day_of_week_operator.py
[2023-01-03T22:12:22.922+0100] {processor.py:743} INFO - Processing file /home/chrisfleig/.local/lib/python3.10/site-packages/airflow/example_dags/example_branch_day_of_week_operator.py for tasks to queue
[2023-01-03T22:12:22.923+0100] {logging_mixin.py:137} INFO - [2023-01-03T22:12:22.923+0100] {dagbag.py:538} INFO - Filling up the DagBag from /home/chrisfleig/.local/lib/python3.10/site-packages/airflow/example_dags/example_branch_day_of_week_operator.py
[2023-01-03T22:12:22.939+0100] {processor.py:753} INFO - DAG(s) dict_keys(['example_weekday_branch_operator']) retrieved from /home/chrisfleig/.local/lib/python3.10/site-packages/airflow/example_dags/example_branch_day_of_week_operator.py
[2023-01-03T22:12:22.960+0100] {logging_mixin.py:137} INFO - [2023-01-03T22:12:22.960+0100] {dag.py:2676} INFO - Sync 1 DAGs
[2023-01-03T22:12:22.980+0100] {logging_mixin.py:137} INFO - [2023-01-03T22:12:22.980+0100] {dag.py:3423} INFO - Setting next_dagrun for example_weekday_branch_operator to 2023-01-02T00:00:00+00:00, run_after=2023-01-03T00:00:00+00:00
[2023-01-03T22:12:23.016+0100] {processor.py:175} INFO - Processing /home/chrisfleig/.local/lib/python3.10/site-packages/airflow/example_dags/example_branch_day_of_week_operator.py took 0.098 seconds
[2023-01-03T22:13:02.095+0100] {processor.py:153} INFO - Started process (PID=8312) to work on /home/chrisfleig/.local/lib/python3.10/site-packages/airflow/example_dags/example_branch_day_of_week_operator.py
[2023-01-03T22:13:02.096+0100] {processor.py:743} INFO - Processing file /home/chrisfleig/.local/lib/python3.10/site-packages/airflow/example_dags/example_branch_day_of_week_operator.py for tasks to queue
[2023-01-03T22:13:02.096+0100] {logging_mixin.py:137} INFO - [2023-01-03T22:13:02.096+0100] {dagbag.py:538} INFO - Filling up the DagBag from /home/chrisfleig/.local/lib/python3.10/site-packages/airflow/example_dags/example_branch_day_of_week_operator.py
[2023-01-03T22:13:02.110+0100] {processor.py:753} INFO - DAG(s) dict_keys(['example_weekday_branch_operator']) retrieved from /home/chrisfleig/.local/lib/python3.10/site-packages/airflow/example_dags/example_branch_day_of_week_operator.py
[2023-01-03T22:13:02.131+0100] {logging_mixin.py:137} INFO - [2023-01-03T22:13:02.131+0100] {dag.py:2676} INFO - Sync 1 DAGs
[2023-01-03T22:13:02.148+0100] {logging_mixin.py:137} INFO - [2023-01-03T22:13:02.148+0100] {dag.py:3423} INFO - Setting next_dagrun for example_weekday_branch_operator to 2023-01-02T00:00:00+00:00, run_after=2023-01-03T00:00:00+00:00
[2023-01-03T22:13:02.182+0100] {processor.py:175} INFO - Processing /home/chrisfleig/.local/lib/python3.10/site-packages/airflow/example_dags/example_branch_day_of_week_operator.py took 0.089 seconds
[2023-01-03T22:13:41.298+0100] {processor.py:153} INFO - Started process (PID=8350) to work on /home/chrisfleig/.local/lib/python3.10/site-packages/airflow/example_dags/example_branch_day_of_week_operator.py
[2023-01-03T22:13:41.299+0100] {processor.py:743} INFO - Processing file /home/chrisfleig/.local/lib/python3.10/site-packages/airflow/example_dags/example_branch_day_of_week_operator.py for tasks to queue
[2023-01-03T22:13:41.300+0100] {logging_mixin.py:137} INFO - [2023-01-03T22:13:41.300+0100] {dagbag.py:538} INFO - Filling up the DagBag from /home/chrisfleig/.local/lib/python3.10/site-packages/airflow/example_dags/example_branch_day_of_week_operator.py
[2023-01-03T22:13:41.315+0100] {processor.py:753} INFO - DAG(s) dict_keys(['example_weekday_branch_operator']) retrieved from /home/chrisfleig/.local/lib/python3.10/site-packages/airflow/example_dags/example_branch_day_of_week_operator.py
[2023-01-03T22:13:41.339+0100] {logging_mixin.py:137} INFO - [2023-01-03T22:13:41.339+0100] {dag.py:2676} INFO - Sync 1 DAGs
[2023-01-03T22:13:41.360+0100] {logging_mixin.py:137} INFO - [2023-01-03T22:13:41.360+0100] {dag.py:3423} INFO - Setting next_dagrun for example_weekday_branch_operator to 2023-01-02T00:00:00+00:00, run_after=2023-01-03T00:00:00+00:00
[2023-01-03T22:13:41.398+0100] {processor.py:175} INFO - Processing /home/chrisfleig/.local/lib/python3.10/site-packages/airflow/example_dags/example_branch_day_of_week_operator.py took 0.102 seconds
[2023-01-03T22:14:19.731+0100] {processor.py:153} INFO - Started process (PID=8388) to work on /home/chrisfleig/.local/lib/python3.10/site-packages/airflow/example_dags/example_branch_day_of_week_operator.py
[2023-01-03T22:14:19.732+0100] {processor.py:743} INFO - Processing file /home/chrisfleig/.local/lib/python3.10/site-packages/airflow/example_dags/example_branch_day_of_week_operator.py for tasks to queue
[2023-01-03T22:14:19.733+0100] {logging_mixin.py:137} INFO - [2023-01-03T22:14:19.732+0100] {dagbag.py:538} INFO - Filling up the DagBag from /home/chrisfleig/.local/lib/python3.10/site-packages/airflow/example_dags/example_branch_day_of_week_operator.py
[2023-01-03T22:14:19.748+0100] {processor.py:753} INFO - DAG(s) dict_keys(['example_weekday_branch_operator']) retrieved from /home/chrisfleig/.local/lib/python3.10/site-packages/airflow/example_dags/example_branch_day_of_week_operator.py
[2023-01-03T22:14:19.771+0100] {logging_mixin.py:137} INFO - [2023-01-03T22:14:19.771+0100] {dag.py:2676} INFO - Sync 1 DAGs
[2023-01-03T22:14:19.792+0100] {logging_mixin.py:137} INFO - [2023-01-03T22:14:19.792+0100] {dag.py:3423} INFO - Setting next_dagrun for example_weekday_branch_operator to 2023-01-02T00:00:00+00:00, run_after=2023-01-03T00:00:00+00:00
[2023-01-03T22:14:19.829+0100] {processor.py:175} INFO - Processing /home/chrisfleig/.local/lib/python3.10/site-packages/airflow/example_dags/example_branch_day_of_week_operator.py took 0.100 seconds
[2023-01-03T22:14:58.197+0100] {processor.py:153} INFO - Started process (PID=8426) to work on /home/chrisfleig/.local/lib/python3.10/site-packages/airflow/example_dags/example_branch_day_of_week_operator.py
[2023-01-03T22:14:58.198+0100] {processor.py:743} INFO - Processing file /home/chrisfleig/.local/lib/python3.10/site-packages/airflow/example_dags/example_branch_day_of_week_operator.py for tasks to queue
[2023-01-03T22:14:58.198+0100] {logging_mixin.py:137} INFO - [2023-01-03T22:14:58.198+0100] {dagbag.py:538} INFO - Filling up the DagBag from /home/chrisfleig/.local/lib/python3.10/site-packages/airflow/example_dags/example_branch_day_of_week_operator.py
[2023-01-03T22:14:58.213+0100] {processor.py:753} INFO - DAG(s) dict_keys(['example_weekday_branch_operator']) retrieved from /home/chrisfleig/.local/lib/python3.10/site-packages/airflow/example_dags/example_branch_day_of_week_operator.py
[2023-01-03T22:14:58.234+0100] {logging_mixin.py:137} INFO - [2023-01-03T22:14:58.234+0100] {dag.py:2676} INFO - Sync 1 DAGs
[2023-01-03T22:14:58.253+0100] {logging_mixin.py:137} INFO - [2023-01-03T22:14:58.253+0100] {dag.py:3423} INFO - Setting next_dagrun for example_weekday_branch_operator to 2023-01-02T00:00:00+00:00, run_after=2023-01-03T00:00:00+00:00
[2023-01-03T22:14:58.292+0100] {processor.py:175} INFO - Processing /home/chrisfleig/.local/lib/python3.10/site-packages/airflow/example_dags/example_branch_day_of_week_operator.py took 0.098 seconds
[2023-01-03T22:15:38.373+0100] {processor.py:153} INFO - Started process (PID=8465) to work on /home/chrisfleig/.local/lib/python3.10/site-packages/airflow/example_dags/example_branch_day_of_week_operator.py
[2023-01-03T22:15:38.374+0100] {processor.py:743} INFO - Processing file /home/chrisfleig/.local/lib/python3.10/site-packages/airflow/example_dags/example_branch_day_of_week_operator.py for tasks to queue
[2023-01-03T22:15:38.375+0100] {logging_mixin.py:137} INFO - [2023-01-03T22:15:38.375+0100] {dagbag.py:538} INFO - Filling up the DagBag from /home/chrisfleig/.local/lib/python3.10/site-packages/airflow/example_dags/example_branch_day_of_week_operator.py
[2023-01-03T22:15:38.388+0100] {processor.py:753} INFO - DAG(s) dict_keys(['example_weekday_branch_operator']) retrieved from /home/chrisfleig/.local/lib/python3.10/site-packages/airflow/example_dags/example_branch_day_of_week_operator.py
[2023-01-03T22:15:38.409+0100] {logging_mixin.py:137} INFO - [2023-01-03T22:15:38.408+0100] {dag.py:2676} INFO - Sync 1 DAGs
[2023-01-03T22:15:38.427+0100] {logging_mixin.py:137} INFO - [2023-01-03T22:15:38.426+0100] {dag.py:3423} INFO - Setting next_dagrun for example_weekday_branch_operator to 2023-01-02T00:00:00+00:00, run_after=2023-01-03T00:00:00+00:00
[2023-01-03T22:15:38.464+0100] {processor.py:175} INFO - Processing /home/chrisfleig/.local/lib/python3.10/site-packages/airflow/example_dags/example_branch_day_of_week_operator.py took 0.093 seconds
[2023-01-03T22:31:32.319+0100] {processor.py:153} INFO - Started process (PID=8561) to work on /home/chrisfleig/.local/lib/python3.10/site-packages/airflow/example_dags/example_branch_day_of_week_operator.py
[2023-01-03T22:31:32.321+0100] {processor.py:743} INFO - Processing file /home/chrisfleig/.local/lib/python3.10/site-packages/airflow/example_dags/example_branch_day_of_week_operator.py for tasks to queue
[2023-01-03T22:31:32.322+0100] {logging_mixin.py:137} INFO - [2023-01-03T22:31:32.321+0100] {dagbag.py:538} INFO - Filling up the DagBag from /home/chrisfleig/.local/lib/python3.10/site-packages/airflow/example_dags/example_branch_day_of_week_operator.py
[2023-01-03T22:31:32.360+0100] {processor.py:753} INFO - DAG(s) dict_keys(['example_weekday_branch_operator']) retrieved from /home/chrisfleig/.local/lib/python3.10/site-packages/airflow/example_dags/example_branch_day_of_week_operator.py
[2023-01-03T22:31:32.391+0100] {logging_mixin.py:137} INFO - [2023-01-03T22:31:32.391+0100] {dag.py:2676} INFO - Sync 1 DAGs
[2023-01-03T22:31:32.427+0100] {logging_mixin.py:137} INFO - [2023-01-03T22:31:32.427+0100] {dag.py:3423} INFO - Setting next_dagrun for example_weekday_branch_operator to 2023-01-02T00:00:00+00:00, run_after=2023-01-03T00:00:00+00:00
[2023-01-03T22:31:32.485+0100] {processor.py:175} INFO - Processing /home/chrisfleig/.local/lib/python3.10/site-packages/airflow/example_dags/example_branch_day_of_week_operator.py took 0.170 seconds
[2023-01-03T22:32:13.014+0100] {processor.py:153} INFO - Started process (PID=8599) to work on /home/chrisfleig/.local/lib/python3.10/site-packages/airflow/example_dags/example_branch_day_of_week_operator.py
[2023-01-03T22:32:13.016+0100] {processor.py:743} INFO - Processing file /home/chrisfleig/.local/lib/python3.10/site-packages/airflow/example_dags/example_branch_day_of_week_operator.py for tasks to queue
[2023-01-03T22:32:13.016+0100] {logging_mixin.py:137} INFO - [2023-01-03T22:32:13.016+0100] {dagbag.py:538} INFO - Filling up the DagBag from /home/chrisfleig/.local/lib/python3.10/site-packages/airflow/example_dags/example_branch_day_of_week_operator.py
[2023-01-03T22:32:13.032+0100] {processor.py:753} INFO - DAG(s) dict_keys(['example_weekday_branch_operator']) retrieved from /home/chrisfleig/.local/lib/python3.10/site-packages/airflow/example_dags/example_branch_day_of_week_operator.py
[2023-01-03T22:32:13.053+0100] {logging_mixin.py:137} INFO - [2023-01-03T22:32:13.053+0100] {dag.py:2676} INFO - Sync 1 DAGs
[2023-01-03T22:32:13.072+0100] {logging_mixin.py:137} INFO - [2023-01-03T22:32:13.072+0100] {dag.py:3423} INFO - Setting next_dagrun for example_weekday_branch_operator to 2023-01-02T00:00:00+00:00, run_after=2023-01-03T00:00:00+00:00
[2023-01-03T22:32:13.110+0100] {processor.py:175} INFO - Processing /home/chrisfleig/.local/lib/python3.10/site-packages/airflow/example_dags/example_branch_day_of_week_operator.py took 0.100 seconds
[2023-01-03T22:32:51.018+0100] {processor.py:153} INFO - Started process (PID=8637) to work on /home/chrisfleig/.local/lib/python3.10/site-packages/airflow/example_dags/example_branch_day_of_week_operator.py
[2023-01-03T22:32:51.019+0100] {processor.py:743} INFO - Processing file /home/chrisfleig/.local/lib/python3.10/site-packages/airflow/example_dags/example_branch_day_of_week_operator.py for tasks to queue
[2023-01-03T22:32:51.019+0100] {logging_mixin.py:137} INFO - [2023-01-03T22:32:51.019+0100] {dagbag.py:538} INFO - Filling up the DagBag from /home/chrisfleig/.local/lib/python3.10/site-packages/airflow/example_dags/example_branch_day_of_week_operator.py
[2023-01-03T22:32:51.034+0100] {processor.py:753} INFO - DAG(s) dict_keys(['example_weekday_branch_operator']) retrieved from /home/chrisfleig/.local/lib/python3.10/site-packages/airflow/example_dags/example_branch_day_of_week_operator.py
[2023-01-03T22:32:51.056+0100] {logging_mixin.py:137} INFO - [2023-01-03T22:32:51.055+0100] {dag.py:2676} INFO - Sync 1 DAGs
[2023-01-03T22:32:51.074+0100] {logging_mixin.py:137} INFO - [2023-01-03T22:32:51.074+0100] {dag.py:3423} INFO - Setting next_dagrun for example_weekday_branch_operator to 2023-01-02T00:00:00+00:00, run_after=2023-01-03T00:00:00+00:00
[2023-01-03T22:32:51.111+0100] {processor.py:175} INFO - Processing /home/chrisfleig/.local/lib/python3.10/site-packages/airflow/example_dags/example_branch_day_of_week_operator.py took 0.096 seconds
[2023-01-03T22:33:30.391+0100] {processor.py:153} INFO - Started process (PID=8675) to work on /home/chrisfleig/.local/lib/python3.10/site-packages/airflow/example_dags/example_branch_day_of_week_operator.py
[2023-01-03T22:33:30.392+0100] {processor.py:743} INFO - Processing file /home/chrisfleig/.local/lib/python3.10/site-packages/airflow/example_dags/example_branch_day_of_week_operator.py for tasks to queue
[2023-01-03T22:33:30.392+0100] {logging_mixin.py:137} INFO - [2023-01-03T22:33:30.392+0100] {dagbag.py:538} INFO - Filling up the DagBag from /home/chrisfleig/.local/lib/python3.10/site-packages/airflow/example_dags/example_branch_day_of_week_operator.py
[2023-01-03T22:33:30.406+0100] {processor.py:753} INFO - DAG(s) dict_keys(['example_weekday_branch_operator']) retrieved from /home/chrisfleig/.local/lib/python3.10/site-packages/airflow/example_dags/example_branch_day_of_week_operator.py
[2023-01-03T22:33:30.426+0100] {logging_mixin.py:137} INFO - [2023-01-03T22:33:30.426+0100] {dag.py:2676} INFO - Sync 1 DAGs
[2023-01-03T22:33:30.444+0100] {logging_mixin.py:137} INFO - [2023-01-03T22:33:30.443+0100] {dag.py:3423} INFO - Setting next_dagrun for example_weekday_branch_operator to 2023-01-02T00:00:00+00:00, run_after=2023-01-03T00:00:00+00:00
[2023-01-03T22:33:30.478+0100] {processor.py:175} INFO - Processing /home/chrisfleig/.local/lib/python3.10/site-packages/airflow/example_dags/example_branch_day_of_week_operator.py took 0.090 seconds
[2023-01-03T22:34:08.535+0100] {processor.py:153} INFO - Started process (PID=8713) to work on /home/chrisfleig/.local/lib/python3.10/site-packages/airflow/example_dags/example_branch_day_of_week_operator.py
[2023-01-03T22:34:08.538+0100] {processor.py:743} INFO - Processing file /home/chrisfleig/.local/lib/python3.10/site-packages/airflow/example_dags/example_branch_day_of_week_operator.py for tasks to queue
[2023-01-03T22:34:08.539+0100] {logging_mixin.py:137} INFO - [2023-01-03T22:34:08.539+0100] {dagbag.py:538} INFO - Filling up the DagBag from /home/chrisfleig/.local/lib/python3.10/site-packages/airflow/example_dags/example_branch_day_of_week_operator.py
[2023-01-03T22:34:08.560+0100] {processor.py:753} INFO - DAG(s) dict_keys(['example_weekday_branch_operator']) retrieved from /home/chrisfleig/.local/lib/python3.10/site-packages/airflow/example_dags/example_branch_day_of_week_operator.py
[2023-01-03T22:34:08.585+0100] {logging_mixin.py:137} INFO - [2023-01-03T22:34:08.585+0100] {dag.py:2676} INFO - Sync 1 DAGs
[2023-01-03T22:34:08.608+0100] {logging_mixin.py:137} INFO - [2023-01-03T22:34:08.608+0100] {dag.py:3423} INFO - Setting next_dagrun for example_weekday_branch_operator to 2023-01-02T00:00:00+00:00, run_after=2023-01-03T00:00:00+00:00
[2023-01-03T22:34:08.645+0100] {processor.py:175} INFO - Processing /home/chrisfleig/.local/lib/python3.10/site-packages/airflow/example_dags/example_branch_day_of_week_operator.py took 0.113 seconds
[2023-01-03T22:34:49.335+0100] {processor.py:153} INFO - Started process (PID=8751) to work on /home/chrisfleig/.local/lib/python3.10/site-packages/airflow/example_dags/example_branch_day_of_week_operator.py
[2023-01-03T22:34:49.336+0100] {processor.py:743} INFO - Processing file /home/chrisfleig/.local/lib/python3.10/site-packages/airflow/example_dags/example_branch_day_of_week_operator.py for tasks to queue
[2023-01-03T22:34:49.336+0100] {logging_mixin.py:137} INFO - [2023-01-03T22:34:49.336+0100] {dagbag.py:538} INFO - Filling up the DagBag from /home/chrisfleig/.local/lib/python3.10/site-packages/airflow/example_dags/example_branch_day_of_week_operator.py
[2023-01-03T22:34:49.354+0100] {processor.py:753} INFO - DAG(s) dict_keys(['example_weekday_branch_operator']) retrieved from /home/chrisfleig/.local/lib/python3.10/site-packages/airflow/example_dags/example_branch_day_of_week_operator.py
[2023-01-03T22:34:49.375+0100] {logging_mixin.py:137} INFO - [2023-01-03T22:34:49.375+0100] {dag.py:2676} INFO - Sync 1 DAGs
[2023-01-03T22:34:49.394+0100] {logging_mixin.py:137} INFO - [2023-01-03T22:34:49.394+0100] {dag.py:3423} INFO - Setting next_dagrun for example_weekday_branch_operator to 2023-01-02T00:00:00+00:00, run_after=2023-01-03T00:00:00+00:00
[2023-01-03T22:34:49.427+0100] {processor.py:175} INFO - Processing /home/chrisfleig/.local/lib/python3.10/site-packages/airflow/example_dags/example_branch_day_of_week_operator.py took 0.096 seconds
[2023-01-03T22:35:29.158+0100] {processor.py:153} INFO - Started process (PID=8789) to work on /home/chrisfleig/.local/lib/python3.10/site-packages/airflow/example_dags/example_branch_day_of_week_operator.py
[2023-01-03T22:35:29.159+0100] {processor.py:743} INFO - Processing file /home/chrisfleig/.local/lib/python3.10/site-packages/airflow/example_dags/example_branch_day_of_week_operator.py for tasks to queue
[2023-01-03T22:35:29.160+0100] {logging_mixin.py:137} INFO - [2023-01-03T22:35:29.159+0100] {dagbag.py:538} INFO - Filling up the DagBag from /home/chrisfleig/.local/lib/python3.10/site-packages/airflow/example_dags/example_branch_day_of_week_operator.py
[2023-01-03T22:35:29.173+0100] {processor.py:753} INFO - DAG(s) dict_keys(['example_weekday_branch_operator']) retrieved from /home/chrisfleig/.local/lib/python3.10/site-packages/airflow/example_dags/example_branch_day_of_week_operator.py
[2023-01-03T22:35:29.193+0100] {logging_mixin.py:137} INFO - [2023-01-03T22:35:29.193+0100] {dag.py:2676} INFO - Sync 1 DAGs
[2023-01-03T22:35:29.211+0100] {logging_mixin.py:137} INFO - [2023-01-03T22:35:29.211+0100] {dag.py:3423} INFO - Setting next_dagrun for example_weekday_branch_operator to 2023-01-02T00:00:00+00:00, run_after=2023-01-03T00:00:00+00:00
[2023-01-03T22:35:29.249+0100] {processor.py:175} INFO - Processing /home/chrisfleig/.local/lib/python3.10/site-packages/airflow/example_dags/example_branch_day_of_week_operator.py took 0.094 seconds
[2023-01-03T22:36:08.113+0100] {processor.py:153} INFO - Started process (PID=8827) to work on /home/chrisfleig/.local/lib/python3.10/site-packages/airflow/example_dags/example_branch_day_of_week_operator.py
[2023-01-03T22:36:08.114+0100] {processor.py:743} INFO - Processing file /home/chrisfleig/.local/lib/python3.10/site-packages/airflow/example_dags/example_branch_day_of_week_operator.py for tasks to queue
[2023-01-03T22:36:08.115+0100] {logging_mixin.py:137} INFO - [2023-01-03T22:36:08.114+0100] {dagbag.py:538} INFO - Filling up the DagBag from /home/chrisfleig/.local/lib/python3.10/site-packages/airflow/example_dags/example_branch_day_of_week_operator.py
[2023-01-03T22:36:08.129+0100] {processor.py:753} INFO - DAG(s) dict_keys(['example_weekday_branch_operator']) retrieved from /home/chrisfleig/.local/lib/python3.10/site-packages/airflow/example_dags/example_branch_day_of_week_operator.py
[2023-01-03T22:36:08.151+0100] {logging_mixin.py:137} INFO - [2023-01-03T22:36:08.151+0100] {dag.py:2676} INFO - Sync 1 DAGs
[2023-01-03T22:36:08.171+0100] {logging_mixin.py:137} INFO - [2023-01-03T22:36:08.171+0100] {dag.py:3423} INFO - Setting next_dagrun for example_weekday_branch_operator to 2023-01-02T00:00:00+00:00, run_after=2023-01-03T00:00:00+00:00
[2023-01-03T22:36:08.205+0100] {processor.py:175} INFO - Processing /home/chrisfleig/.local/lib/python3.10/site-packages/airflow/example_dags/example_branch_day_of_week_operator.py took 0.096 seconds
[2023-01-03T22:36:45.362+0100] {processor.py:153} INFO - Started process (PID=8865) to work on /home/chrisfleig/.local/lib/python3.10/site-packages/airflow/example_dags/example_branch_day_of_week_operator.py
[2023-01-03T22:36:45.363+0100] {processor.py:743} INFO - Processing file /home/chrisfleig/.local/lib/python3.10/site-packages/airflow/example_dags/example_branch_day_of_week_operator.py for tasks to queue
[2023-01-03T22:36:45.364+0100] {logging_mixin.py:137} INFO - [2023-01-03T22:36:45.364+0100] {dagbag.py:538} INFO - Filling up the DagBag from /home/chrisfleig/.local/lib/python3.10/site-packages/airflow/example_dags/example_branch_day_of_week_operator.py
[2023-01-03T22:36:45.378+0100] {processor.py:753} INFO - DAG(s) dict_keys(['example_weekday_branch_operator']) retrieved from /home/chrisfleig/.local/lib/python3.10/site-packages/airflow/example_dags/example_branch_day_of_week_operator.py
[2023-01-03T22:36:45.400+0100] {logging_mixin.py:137} INFO - [2023-01-03T22:36:45.400+0100] {dag.py:2676} INFO - Sync 1 DAGs
[2023-01-03T22:36:45.419+0100] {logging_mixin.py:137} INFO - [2023-01-03T22:36:45.419+0100] {dag.py:3423} INFO - Setting next_dagrun for example_weekday_branch_operator to 2023-01-02T00:00:00+00:00, run_after=2023-01-03T00:00:00+00:00
[2023-01-03T22:36:45.460+0100] {processor.py:175} INFO - Processing /home/chrisfleig/.local/lib/python3.10/site-packages/airflow/example_dags/example_branch_day_of_week_operator.py took 0.100 seconds
[2023-01-03T22:37:23.333+0100] {processor.py:153} INFO - Started process (PID=8903) to work on /home/chrisfleig/.local/lib/python3.10/site-packages/airflow/example_dags/example_branch_day_of_week_operator.py
[2023-01-03T22:37:23.334+0100] {processor.py:743} INFO - Processing file /home/chrisfleig/.local/lib/python3.10/site-packages/airflow/example_dags/example_branch_day_of_week_operator.py for tasks to queue
[2023-01-03T22:37:23.334+0100] {logging_mixin.py:137} INFO - [2023-01-03T22:37:23.334+0100] {dagbag.py:538} INFO - Filling up the DagBag from /home/chrisfleig/.local/lib/python3.10/site-packages/airflow/example_dags/example_branch_day_of_week_operator.py
[2023-01-03T22:37:23.348+0100] {processor.py:753} INFO - DAG(s) dict_keys(['example_weekday_branch_operator']) retrieved from /home/chrisfleig/.local/lib/python3.10/site-packages/airflow/example_dags/example_branch_day_of_week_operator.py
[2023-01-03T22:37:23.369+0100] {logging_mixin.py:137} INFO - [2023-01-03T22:37:23.368+0100] {dag.py:2676} INFO - Sync 1 DAGs
[2023-01-03T22:37:23.386+0100] {logging_mixin.py:137} INFO - [2023-01-03T22:37:23.386+0100] {dag.py:3423} INFO - Setting next_dagrun for example_weekday_branch_operator to 2023-01-02T00:00:00+00:00, run_after=2023-01-03T00:00:00+00:00
[2023-01-03T22:37:23.422+0100] {processor.py:175} INFO - Processing /home/chrisfleig/.local/lib/python3.10/site-packages/airflow/example_dags/example_branch_day_of_week_operator.py took 0.092 seconds
[2023-01-03T22:38:02.229+0100] {processor.py:153} INFO - Started process (PID=8941) to work on /home/chrisfleig/.local/lib/python3.10/site-packages/airflow/example_dags/example_branch_day_of_week_operator.py
[2023-01-03T22:38:02.231+0100] {processor.py:743} INFO - Processing file /home/chrisfleig/.local/lib/python3.10/site-packages/airflow/example_dags/example_branch_day_of_week_operator.py for tasks to queue
[2023-01-03T22:38:02.231+0100] {logging_mixin.py:137} INFO - [2023-01-03T22:38:02.231+0100] {dagbag.py:538} INFO - Filling up the DagBag from /home/chrisfleig/.local/lib/python3.10/site-packages/airflow/example_dags/example_branch_day_of_week_operator.py
[2023-01-03T22:38:02.251+0100] {processor.py:753} INFO - DAG(s) dict_keys(['example_weekday_branch_operator']) retrieved from /home/chrisfleig/.local/lib/python3.10/site-packages/airflow/example_dags/example_branch_day_of_week_operator.py
[2023-01-03T22:38:02.279+0100] {logging_mixin.py:137} INFO - [2023-01-03T22:38:02.279+0100] {dag.py:2676} INFO - Sync 1 DAGs
[2023-01-03T22:38:02.300+0100] {logging_mixin.py:137} INFO - [2023-01-03T22:38:02.300+0100] {dag.py:3423} INFO - Setting next_dagrun for example_weekday_branch_operator to 2023-01-02T00:00:00+00:00, run_after=2023-01-03T00:00:00+00:00
[2023-01-03T22:38:02.341+0100] {processor.py:175} INFO - Processing /home/chrisfleig/.local/lib/python3.10/site-packages/airflow/example_dags/example_branch_day_of_week_operator.py took 0.115 seconds
[2023-01-03T22:38:40.575+0100] {processor.py:153} INFO - Started process (PID=8979) to work on /home/chrisfleig/.local/lib/python3.10/site-packages/airflow/example_dags/example_branch_day_of_week_operator.py
[2023-01-03T22:38:40.576+0100] {processor.py:743} INFO - Processing file /home/chrisfleig/.local/lib/python3.10/site-packages/airflow/example_dags/example_branch_day_of_week_operator.py for tasks to queue
[2023-01-03T22:38:40.576+0100] {logging_mixin.py:137} INFO - [2023-01-03T22:38:40.576+0100] {dagbag.py:538} INFO - Filling up the DagBag from /home/chrisfleig/.local/lib/python3.10/site-packages/airflow/example_dags/example_branch_day_of_week_operator.py
[2023-01-03T22:38:40.591+0100] {processor.py:753} INFO - DAG(s) dict_keys(['example_weekday_branch_operator']) retrieved from /home/chrisfleig/.local/lib/python3.10/site-packages/airflow/example_dags/example_branch_day_of_week_operator.py
[2023-01-03T22:38:40.614+0100] {logging_mixin.py:137} INFO - [2023-01-03T22:38:40.614+0100] {dag.py:2676} INFO - Sync 1 DAGs
[2023-01-03T22:38:40.634+0100] {logging_mixin.py:137} INFO - [2023-01-03T22:38:40.634+0100] {dag.py:3423} INFO - Setting next_dagrun for example_weekday_branch_operator to 2023-01-02T00:00:00+00:00, run_after=2023-01-03T00:00:00+00:00
[2023-01-03T22:38:40.675+0100] {processor.py:175} INFO - Processing /home/chrisfleig/.local/lib/python3.10/site-packages/airflow/example_dags/example_branch_day_of_week_operator.py took 0.102 seconds
[2023-01-03T22:39:19.485+0100] {processor.py:153} INFO - Started process (PID=9017) to work on /home/chrisfleig/.local/lib/python3.10/site-packages/airflow/example_dags/example_branch_day_of_week_operator.py
[2023-01-03T22:39:19.486+0100] {processor.py:743} INFO - Processing file /home/chrisfleig/.local/lib/python3.10/site-packages/airflow/example_dags/example_branch_day_of_week_operator.py for tasks to queue
[2023-01-03T22:39:19.486+0100] {logging_mixin.py:137} INFO - [2023-01-03T22:39:19.486+0100] {dagbag.py:538} INFO - Filling up the DagBag from /home/chrisfleig/.local/lib/python3.10/site-packages/airflow/example_dags/example_branch_day_of_week_operator.py
[2023-01-03T22:39:19.500+0100] {processor.py:753} INFO - DAG(s) dict_keys(['example_weekday_branch_operator']) retrieved from /home/chrisfleig/.local/lib/python3.10/site-packages/airflow/example_dags/example_branch_day_of_week_operator.py
[2023-01-03T22:39:19.521+0100] {logging_mixin.py:137} INFO - [2023-01-03T22:39:19.521+0100] {dag.py:2676} INFO - Sync 1 DAGs
[2023-01-03T22:39:19.539+0100] {logging_mixin.py:137} INFO - [2023-01-03T22:39:19.539+0100] {dag.py:3423} INFO - Setting next_dagrun for example_weekday_branch_operator to 2023-01-02T00:00:00+00:00, run_after=2023-01-03T00:00:00+00:00
[2023-01-03T22:39:19.575+0100] {processor.py:175} INFO - Processing /home/chrisfleig/.local/lib/python3.10/site-packages/airflow/example_dags/example_branch_day_of_week_operator.py took 0.093 seconds
[2023-01-03T22:39:59.841+0100] {processor.py:153} INFO - Started process (PID=9055) to work on /home/chrisfleig/.local/lib/python3.10/site-packages/airflow/example_dags/example_branch_day_of_week_operator.py
[2023-01-03T22:39:59.842+0100] {processor.py:743} INFO - Processing file /home/chrisfleig/.local/lib/python3.10/site-packages/airflow/example_dags/example_branch_day_of_week_operator.py for tasks to queue
[2023-01-03T22:39:59.842+0100] {logging_mixin.py:137} INFO - [2023-01-03T22:39:59.842+0100] {dagbag.py:538} INFO - Filling up the DagBag from /home/chrisfleig/.local/lib/python3.10/site-packages/airflow/example_dags/example_branch_day_of_week_operator.py
[2023-01-03T22:39:59.856+0100] {processor.py:753} INFO - DAG(s) dict_keys(['example_weekday_branch_operator']) retrieved from /home/chrisfleig/.local/lib/python3.10/site-packages/airflow/example_dags/example_branch_day_of_week_operator.py
[2023-01-03T22:39:59.876+0100] {logging_mixin.py:137} INFO - [2023-01-03T22:39:59.876+0100] {dag.py:2676} INFO - Sync 1 DAGs
[2023-01-03T22:39:59.895+0100] {logging_mixin.py:137} INFO - [2023-01-03T22:39:59.895+0100] {dag.py:3423} INFO - Setting next_dagrun for example_weekday_branch_operator to 2023-01-02T00:00:00+00:00, run_after=2023-01-03T00:00:00+00:00
[2023-01-03T22:39:59.935+0100] {processor.py:175} INFO - Processing /home/chrisfleig/.local/lib/python3.10/site-packages/airflow/example_dags/example_branch_day_of_week_operator.py took 0.097 seconds
[2023-01-03T22:40:37.767+0100] {processor.py:153} INFO - Started process (PID=9093) to work on /home/chrisfleig/.local/lib/python3.10/site-packages/airflow/example_dags/example_branch_day_of_week_operator.py
[2023-01-03T22:40:37.768+0100] {processor.py:743} INFO - Processing file /home/chrisfleig/.local/lib/python3.10/site-packages/airflow/example_dags/example_branch_day_of_week_operator.py for tasks to queue
[2023-01-03T22:40:37.769+0100] {logging_mixin.py:137} INFO - [2023-01-03T22:40:37.769+0100] {dagbag.py:538} INFO - Filling up the DagBag from /home/chrisfleig/.local/lib/python3.10/site-packages/airflow/example_dags/example_branch_day_of_week_operator.py
[2023-01-03T22:40:37.789+0100] {processor.py:753} INFO - DAG(s) dict_keys(['example_weekday_branch_operator']) retrieved from /home/chrisfleig/.local/lib/python3.10/site-packages/airflow/example_dags/example_branch_day_of_week_operator.py
[2023-01-03T22:40:37.816+0100] {logging_mixin.py:137} INFO - [2023-01-03T22:40:37.816+0100] {dag.py:2676} INFO - Sync 1 DAGs
[2023-01-03T22:40:37.836+0100] {logging_mixin.py:137} INFO - [2023-01-03T22:40:37.836+0100] {dag.py:3423} INFO - Setting next_dagrun for example_weekday_branch_operator to 2023-01-02T00:00:00+00:00, run_after=2023-01-03T00:00:00+00:00
[2023-01-03T22:40:37.872+0100] {processor.py:175} INFO - Processing /home/chrisfleig/.local/lib/python3.10/site-packages/airflow/example_dags/example_branch_day_of_week_operator.py took 0.108 seconds
[2023-01-03T22:41:16.063+0100] {processor.py:153} INFO - Started process (PID=9131) to work on /home/chrisfleig/.local/lib/python3.10/site-packages/airflow/example_dags/example_branch_day_of_week_operator.py
[2023-01-03T22:41:16.064+0100] {processor.py:743} INFO - Processing file /home/chrisfleig/.local/lib/python3.10/site-packages/airflow/example_dags/example_branch_day_of_week_operator.py for tasks to queue
[2023-01-03T22:41:16.065+0100] {logging_mixin.py:137} INFO - [2023-01-03T22:41:16.065+0100] {dagbag.py:538} INFO - Filling up the DagBag from /home/chrisfleig/.local/lib/python3.10/site-packages/airflow/example_dags/example_branch_day_of_week_operator.py
[2023-01-03T22:41:16.081+0100] {processor.py:753} INFO - DAG(s) dict_keys(['example_weekday_branch_operator']) retrieved from /home/chrisfleig/.local/lib/python3.10/site-packages/airflow/example_dags/example_branch_day_of_week_operator.py
[2023-01-03T22:41:16.102+0100] {logging_mixin.py:137} INFO - [2023-01-03T22:41:16.102+0100] {dag.py:2676} INFO - Sync 1 DAGs
[2023-01-03T22:41:16.124+0100] {logging_mixin.py:137} INFO - [2023-01-03T22:41:16.124+0100] {dag.py:3423} INFO - Setting next_dagrun for example_weekday_branch_operator to 2023-01-02T00:00:00+00:00, run_after=2023-01-03T00:00:00+00:00
[2023-01-03T22:41:16.163+0100] {processor.py:175} INFO - Processing /home/chrisfleig/.local/lib/python3.10/site-packages/airflow/example_dags/example_branch_day_of_week_operator.py took 0.103 seconds
[2023-01-03T22:41:53.555+0100] {processor.py:153} INFO - Started process (PID=9169) to work on /home/chrisfleig/.local/lib/python3.10/site-packages/airflow/example_dags/example_branch_day_of_week_operator.py
[2023-01-03T22:41:53.556+0100] {processor.py:743} INFO - Processing file /home/chrisfleig/.local/lib/python3.10/site-packages/airflow/example_dags/example_branch_day_of_week_operator.py for tasks to queue
[2023-01-03T22:41:53.557+0100] {logging_mixin.py:137} INFO - [2023-01-03T22:41:53.556+0100] {dagbag.py:538} INFO - Filling up the DagBag from /home/chrisfleig/.local/lib/python3.10/site-packages/airflow/example_dags/example_branch_day_of_week_operator.py
[2023-01-03T22:41:53.571+0100] {processor.py:753} INFO - DAG(s) dict_keys(['example_weekday_branch_operator']) retrieved from /home/chrisfleig/.local/lib/python3.10/site-packages/airflow/example_dags/example_branch_day_of_week_operator.py
[2023-01-03T22:41:53.596+0100] {logging_mixin.py:137} INFO - [2023-01-03T22:41:53.596+0100] {dag.py:2676} INFO - Sync 1 DAGs
[2023-01-03T22:41:53.614+0100] {logging_mixin.py:137} INFO - [2023-01-03T22:41:53.614+0100] {dag.py:3423} INFO - Setting next_dagrun for example_weekday_branch_operator to 2023-01-02T00:00:00+00:00, run_after=2023-01-03T00:00:00+00:00
[2023-01-03T22:41:53.648+0100] {processor.py:175} INFO - Processing /home/chrisfleig/.local/lib/python3.10/site-packages/airflow/example_dags/example_branch_day_of_week_operator.py took 0.096 seconds
[2023-01-03T22:42:33.529+0100] {processor.py:153} INFO - Started process (PID=9211) to work on /home/chrisfleig/.local/lib/python3.10/site-packages/airflow/example_dags/example_branch_day_of_week_operator.py
[2023-01-03T22:42:33.530+0100] {processor.py:743} INFO - Processing file /home/chrisfleig/.local/lib/python3.10/site-packages/airflow/example_dags/example_branch_day_of_week_operator.py for tasks to queue
[2023-01-03T22:42:33.530+0100] {logging_mixin.py:137} INFO - [2023-01-03T22:42:33.530+0100] {dagbag.py:538} INFO - Filling up the DagBag from /home/chrisfleig/.local/lib/python3.10/site-packages/airflow/example_dags/example_branch_day_of_week_operator.py
[2023-01-03T22:42:33.544+0100] {processor.py:753} INFO - DAG(s) dict_keys(['example_weekday_branch_operator']) retrieved from /home/chrisfleig/.local/lib/python3.10/site-packages/airflow/example_dags/example_branch_day_of_week_operator.py
[2023-01-03T22:42:33.565+0100] {logging_mixin.py:137} INFO - [2023-01-03T22:42:33.564+0100] {dag.py:2676} INFO - Sync 1 DAGs
[2023-01-03T22:42:33.582+0100] {logging_mixin.py:137} INFO - [2023-01-03T22:42:33.582+0100] {dag.py:3423} INFO - Setting next_dagrun for example_weekday_branch_operator to 2023-01-02T00:00:00+00:00, run_after=2023-01-03T00:00:00+00:00
[2023-01-03T22:42:33.617+0100] {processor.py:175} INFO - Processing /home/chrisfleig/.local/lib/python3.10/site-packages/airflow/example_dags/example_branch_day_of_week_operator.py took 0.091 seconds
[2023-01-03T22:43:11.601+0100] {processor.py:153} INFO - Started process (PID=9249) to work on /home/chrisfleig/.local/lib/python3.10/site-packages/airflow/example_dags/example_branch_day_of_week_operator.py
[2023-01-03T22:43:11.602+0100] {processor.py:743} INFO - Processing file /home/chrisfleig/.local/lib/python3.10/site-packages/airflow/example_dags/example_branch_day_of_week_operator.py for tasks to queue
[2023-01-03T22:43:11.603+0100] {logging_mixin.py:137} INFO - [2023-01-03T22:43:11.603+0100] {dagbag.py:538} INFO - Filling up the DagBag from /home/chrisfleig/.local/lib/python3.10/site-packages/airflow/example_dags/example_branch_day_of_week_operator.py
[2023-01-03T22:43:11.618+0100] {processor.py:753} INFO - DAG(s) dict_keys(['example_weekday_branch_operator']) retrieved from /home/chrisfleig/.local/lib/python3.10/site-packages/airflow/example_dags/example_branch_day_of_week_operator.py
[2023-01-03T22:43:11.640+0100] {logging_mixin.py:137} INFO - [2023-01-03T22:43:11.640+0100] {dag.py:2676} INFO - Sync 1 DAGs
[2023-01-03T22:43:11.658+0100] {logging_mixin.py:137} INFO - [2023-01-03T22:43:11.658+0100] {dag.py:3423} INFO - Setting next_dagrun for example_weekday_branch_operator to 2023-01-02T00:00:00+00:00, run_after=2023-01-03T00:00:00+00:00
[2023-01-03T22:43:11.693+0100] {processor.py:175} INFO - Processing /home/chrisfleig/.local/lib/python3.10/site-packages/airflow/example_dags/example_branch_day_of_week_operator.py took 0.095 seconds
[2023-01-03T22:43:51.568+0100] {processor.py:153} INFO - Started process (PID=9287) to work on /home/chrisfleig/.local/lib/python3.10/site-packages/airflow/example_dags/example_branch_day_of_week_operator.py
[2023-01-03T22:43:51.570+0100] {processor.py:743} INFO - Processing file /home/chrisfleig/.local/lib/python3.10/site-packages/airflow/example_dags/example_branch_day_of_week_operator.py for tasks to queue
[2023-01-03T22:43:51.570+0100] {logging_mixin.py:137} INFO - [2023-01-03T22:43:51.570+0100] {dagbag.py:538} INFO - Filling up the DagBag from /home/chrisfleig/.local/lib/python3.10/site-packages/airflow/example_dags/example_branch_day_of_week_operator.py
[2023-01-03T22:43:51.585+0100] {processor.py:753} INFO - DAG(s) dict_keys(['example_weekday_branch_operator']) retrieved from /home/chrisfleig/.local/lib/python3.10/site-packages/airflow/example_dags/example_branch_day_of_week_operator.py
[2023-01-03T22:43:51.606+0100] {logging_mixin.py:137} INFO - [2023-01-03T22:43:51.606+0100] {dag.py:2676} INFO - Sync 1 DAGs
[2023-01-03T22:43:51.624+0100] {logging_mixin.py:137} INFO - [2023-01-03T22:43:51.624+0100] {dag.py:3423} INFO - Setting next_dagrun for example_weekday_branch_operator to 2023-01-02T00:00:00+00:00, run_after=2023-01-03T00:00:00+00:00
[2023-01-03T22:43:51.662+0100] {processor.py:175} INFO - Processing /home/chrisfleig/.local/lib/python3.10/site-packages/airflow/example_dags/example_branch_day_of_week_operator.py took 0.097 seconds
[2023-01-03T22:44:29.867+0100] {processor.py:153} INFO - Started process (PID=9325) to work on /home/chrisfleig/.local/lib/python3.10/site-packages/airflow/example_dags/example_branch_day_of_week_operator.py
[2023-01-03T22:44:29.868+0100] {processor.py:743} INFO - Processing file /home/chrisfleig/.local/lib/python3.10/site-packages/airflow/example_dags/example_branch_day_of_week_operator.py for tasks to queue
[2023-01-03T22:44:29.868+0100] {logging_mixin.py:137} INFO - [2023-01-03T22:44:29.868+0100] {dagbag.py:538} INFO - Filling up the DagBag from /home/chrisfleig/.local/lib/python3.10/site-packages/airflow/example_dags/example_branch_day_of_week_operator.py
[2023-01-03T22:44:29.882+0100] {processor.py:753} INFO - DAG(s) dict_keys(['example_weekday_branch_operator']) retrieved from /home/chrisfleig/.local/lib/python3.10/site-packages/airflow/example_dags/example_branch_day_of_week_operator.py
[2023-01-03T22:44:29.903+0100] {logging_mixin.py:137} INFO - [2023-01-03T22:44:29.903+0100] {dag.py:2676} INFO - Sync 1 DAGs
[2023-01-03T22:44:29.920+0100] {logging_mixin.py:137} INFO - [2023-01-03T22:44:29.920+0100] {dag.py:3423} INFO - Setting next_dagrun for example_weekday_branch_operator to 2023-01-02T00:00:00+00:00, run_after=2023-01-03T00:00:00+00:00
[2023-01-03T22:44:29.955+0100] {processor.py:175} INFO - Processing /home/chrisfleig/.local/lib/python3.10/site-packages/airflow/example_dags/example_branch_day_of_week_operator.py took 0.091 seconds
[2023-01-03T22:45:09.262+0100] {processor.py:153} INFO - Started process (PID=9363) to work on /home/chrisfleig/.local/lib/python3.10/site-packages/airflow/example_dags/example_branch_day_of_week_operator.py
[2023-01-03T22:45:09.263+0100] {processor.py:743} INFO - Processing file /home/chrisfleig/.local/lib/python3.10/site-packages/airflow/example_dags/example_branch_day_of_week_operator.py for tasks to queue
[2023-01-03T22:45:09.264+0100] {logging_mixin.py:137} INFO - [2023-01-03T22:45:09.264+0100] {dagbag.py:538} INFO - Filling up the DagBag from /home/chrisfleig/.local/lib/python3.10/site-packages/airflow/example_dags/example_branch_day_of_week_operator.py
[2023-01-03T22:45:09.277+0100] {processor.py:753} INFO - DAG(s) dict_keys(['example_weekday_branch_operator']) retrieved from /home/chrisfleig/.local/lib/python3.10/site-packages/airflow/example_dags/example_branch_day_of_week_operator.py
[2023-01-03T22:45:09.300+0100] {logging_mixin.py:137} INFO - [2023-01-03T22:45:09.300+0100] {dag.py:2676} INFO - Sync 1 DAGs
[2023-01-03T22:45:09.320+0100] {logging_mixin.py:137} INFO - [2023-01-03T22:45:09.320+0100] {dag.py:3423} INFO - Setting next_dagrun for example_weekday_branch_operator to 2023-01-02T00:00:00+00:00, run_after=2023-01-03T00:00:00+00:00
[2023-01-03T22:45:09.358+0100] {processor.py:175} INFO - Processing /home/chrisfleig/.local/lib/python3.10/site-packages/airflow/example_dags/example_branch_day_of_week_operator.py took 0.098 seconds
[2023-01-03T22:45:48.053+0100] {processor.py:153} INFO - Started process (PID=9401) to work on /home/chrisfleig/.local/lib/python3.10/site-packages/airflow/example_dags/example_branch_day_of_week_operator.py
[2023-01-03T22:45:48.054+0100] {processor.py:743} INFO - Processing file /home/chrisfleig/.local/lib/python3.10/site-packages/airflow/example_dags/example_branch_day_of_week_operator.py for tasks to queue
[2023-01-03T22:45:48.054+0100] {logging_mixin.py:137} INFO - [2023-01-03T22:45:48.054+0100] {dagbag.py:538} INFO - Filling up the DagBag from /home/chrisfleig/.local/lib/python3.10/site-packages/airflow/example_dags/example_branch_day_of_week_operator.py
[2023-01-03T22:45:48.068+0100] {processor.py:753} INFO - DAG(s) dict_keys(['example_weekday_branch_operator']) retrieved from /home/chrisfleig/.local/lib/python3.10/site-packages/airflow/example_dags/example_branch_day_of_week_operator.py
[2023-01-03T22:45:48.088+0100] {logging_mixin.py:137} INFO - [2023-01-03T22:45:48.088+0100] {dag.py:2676} INFO - Sync 1 DAGs
[2023-01-03T22:45:48.106+0100] {logging_mixin.py:137} INFO - [2023-01-03T22:45:48.106+0100] {dag.py:3423} INFO - Setting next_dagrun for example_weekday_branch_operator to 2023-01-02T00:00:00+00:00, run_after=2023-01-03T00:00:00+00:00
[2023-01-03T22:45:48.142+0100] {processor.py:175} INFO - Processing /home/chrisfleig/.local/lib/python3.10/site-packages/airflow/example_dags/example_branch_day_of_week_operator.py took 0.092 seconds
[2023-01-03T22:46:25.058+0100] {processor.py:153} INFO - Started process (PID=9439) to work on /home/chrisfleig/.local/lib/python3.10/site-packages/airflow/example_dags/example_branch_day_of_week_operator.py
[2023-01-03T22:46:25.059+0100] {processor.py:743} INFO - Processing file /home/chrisfleig/.local/lib/python3.10/site-packages/airflow/example_dags/example_branch_day_of_week_operator.py for tasks to queue
[2023-01-03T22:46:25.059+0100] {logging_mixin.py:137} INFO - [2023-01-03T22:46:25.059+0100] {dagbag.py:538} INFO - Filling up the DagBag from /home/chrisfleig/.local/lib/python3.10/site-packages/airflow/example_dags/example_branch_day_of_week_operator.py
[2023-01-03T22:46:25.073+0100] {processor.py:753} INFO - DAG(s) dict_keys(['example_weekday_branch_operator']) retrieved from /home/chrisfleig/.local/lib/python3.10/site-packages/airflow/example_dags/example_branch_day_of_week_operator.py
[2023-01-03T22:46:25.094+0100] {logging_mixin.py:137} INFO - [2023-01-03T22:46:25.094+0100] {dag.py:2676} INFO - Sync 1 DAGs
[2023-01-03T22:46:25.111+0100] {logging_mixin.py:137} INFO - [2023-01-03T22:46:25.111+0100] {dag.py:3423} INFO - Setting next_dagrun for example_weekday_branch_operator to 2023-01-02T00:00:00+00:00, run_after=2023-01-03T00:00:00+00:00
[2023-01-03T22:46:25.146+0100] {processor.py:175} INFO - Processing /home/chrisfleig/.local/lib/python3.10/site-packages/airflow/example_dags/example_branch_day_of_week_operator.py took 0.091 seconds
[2023-01-03T22:47:03.145+0100] {processor.py:153} INFO - Started process (PID=9477) to work on /home/chrisfleig/.local/lib/python3.10/site-packages/airflow/example_dags/example_branch_day_of_week_operator.py
[2023-01-03T22:47:03.146+0100] {processor.py:743} INFO - Processing file /home/chrisfleig/.local/lib/python3.10/site-packages/airflow/example_dags/example_branch_day_of_week_operator.py for tasks to queue
[2023-01-03T22:47:03.146+0100] {logging_mixin.py:137} INFO - [2023-01-03T22:47:03.146+0100] {dagbag.py:538} INFO - Filling up the DagBag from /home/chrisfleig/.local/lib/python3.10/site-packages/airflow/example_dags/example_branch_day_of_week_operator.py
[2023-01-03T22:47:03.160+0100] {processor.py:753} INFO - DAG(s) dict_keys(['example_weekday_branch_operator']) retrieved from /home/chrisfleig/.local/lib/python3.10/site-packages/airflow/example_dags/example_branch_day_of_week_operator.py
[2023-01-03T22:47:03.180+0100] {logging_mixin.py:137} INFO - [2023-01-03T22:47:03.180+0100] {dag.py:2676} INFO - Sync 1 DAGs
[2023-01-03T22:47:03.200+0100] {logging_mixin.py:137} INFO - [2023-01-03T22:47:03.200+0100] {dag.py:3423} INFO - Setting next_dagrun for example_weekday_branch_operator to 2023-01-02T00:00:00+00:00, run_after=2023-01-03T00:00:00+00:00
[2023-01-03T22:47:03.241+0100] {processor.py:175} INFO - Processing /home/chrisfleig/.local/lib/python3.10/site-packages/airflow/example_dags/example_branch_day_of_week_operator.py took 0.098 seconds
[2023-01-03T22:47:42.428+0100] {processor.py:153} INFO - Started process (PID=9515) to work on /home/chrisfleig/.local/lib/python3.10/site-packages/airflow/example_dags/example_branch_day_of_week_operator.py
[2023-01-03T22:47:42.429+0100] {processor.py:743} INFO - Processing file /home/chrisfleig/.local/lib/python3.10/site-packages/airflow/example_dags/example_branch_day_of_week_operator.py for tasks to queue
[2023-01-03T22:47:42.429+0100] {logging_mixin.py:137} INFO - [2023-01-03T22:47:42.429+0100] {dagbag.py:538} INFO - Filling up the DagBag from /home/chrisfleig/.local/lib/python3.10/site-packages/airflow/example_dags/example_branch_day_of_week_operator.py
[2023-01-03T22:47:42.444+0100] {processor.py:753} INFO - DAG(s) dict_keys(['example_weekday_branch_operator']) retrieved from /home/chrisfleig/.local/lib/python3.10/site-packages/airflow/example_dags/example_branch_day_of_week_operator.py
[2023-01-03T22:47:42.465+0100] {logging_mixin.py:137} INFO - [2023-01-03T22:47:42.465+0100] {dag.py:2676} INFO - Sync 1 DAGs
[2023-01-03T22:47:42.482+0100] {logging_mixin.py:137} INFO - [2023-01-03T22:47:42.482+0100] {dag.py:3423} INFO - Setting next_dagrun for example_weekday_branch_operator to 2023-01-02T00:00:00+00:00, run_after=2023-01-03T00:00:00+00:00
[2023-01-03T22:47:42.517+0100] {processor.py:175} INFO - Processing /home/chrisfleig/.local/lib/python3.10/site-packages/airflow/example_dags/example_branch_day_of_week_operator.py took 0.092 seconds
[2023-01-03T22:48:21.596+0100] {processor.py:153} INFO - Started process (PID=9553) to work on /home/chrisfleig/.local/lib/python3.10/site-packages/airflow/example_dags/example_branch_day_of_week_operator.py
[2023-01-03T22:48:21.597+0100] {processor.py:743} INFO - Processing file /home/chrisfleig/.local/lib/python3.10/site-packages/airflow/example_dags/example_branch_day_of_week_operator.py for tasks to queue
[2023-01-03T22:48:21.598+0100] {logging_mixin.py:137} INFO - [2023-01-03T22:48:21.598+0100] {dagbag.py:538} INFO - Filling up the DagBag from /home/chrisfleig/.local/lib/python3.10/site-packages/airflow/example_dags/example_branch_day_of_week_operator.py
[2023-01-03T22:48:21.618+0100] {processor.py:753} INFO - DAG(s) dict_keys(['example_weekday_branch_operator']) retrieved from /home/chrisfleig/.local/lib/python3.10/site-packages/airflow/example_dags/example_branch_day_of_week_operator.py
[2023-01-03T22:48:21.646+0100] {logging_mixin.py:137} INFO - [2023-01-03T22:48:21.646+0100] {dag.py:2676} INFO - Sync 1 DAGs
[2023-01-03T22:48:21.670+0100] {logging_mixin.py:137} INFO - [2023-01-03T22:48:21.670+0100] {dag.py:3423} INFO - Setting next_dagrun for example_weekday_branch_operator to 2023-01-02T00:00:00+00:00, run_after=2023-01-03T00:00:00+00:00
[2023-01-03T22:48:21.709+0100] {processor.py:175} INFO - Processing /home/chrisfleig/.local/lib/python3.10/site-packages/airflow/example_dags/example_branch_day_of_week_operator.py took 0.116 seconds
[2023-01-03T22:49:02.575+0100] {processor.py:153} INFO - Started process (PID=9591) to work on /home/chrisfleig/.local/lib/python3.10/site-packages/airflow/example_dags/example_branch_day_of_week_operator.py
[2023-01-03T22:49:02.576+0100] {processor.py:743} INFO - Processing file /home/chrisfleig/.local/lib/python3.10/site-packages/airflow/example_dags/example_branch_day_of_week_operator.py for tasks to queue
[2023-01-03T22:49:02.576+0100] {logging_mixin.py:137} INFO - [2023-01-03T22:49:02.576+0100] {dagbag.py:538} INFO - Filling up the DagBag from /home/chrisfleig/.local/lib/python3.10/site-packages/airflow/example_dags/example_branch_day_of_week_operator.py
[2023-01-03T22:49:02.590+0100] {processor.py:753} INFO - DAG(s) dict_keys(['example_weekday_branch_operator']) retrieved from /home/chrisfleig/.local/lib/python3.10/site-packages/airflow/example_dags/example_branch_day_of_week_operator.py
[2023-01-03T22:49:02.610+0100] {logging_mixin.py:137} INFO - [2023-01-03T22:49:02.610+0100] {dag.py:2676} INFO - Sync 1 DAGs
[2023-01-03T22:49:02.627+0100] {logging_mixin.py:137} INFO - [2023-01-03T22:49:02.627+0100] {dag.py:3423} INFO - Setting next_dagrun for example_weekday_branch_operator to 2023-01-02T00:00:00+00:00, run_after=2023-01-03T00:00:00+00:00
[2023-01-03T22:49:02.669+0100] {processor.py:175} INFO - Processing /home/chrisfleig/.local/lib/python3.10/site-packages/airflow/example_dags/example_branch_day_of_week_operator.py took 0.097 seconds
[2023-01-03T22:49:43.925+0100] {processor.py:153} INFO - Started process (PID=9629) to work on /home/chrisfleig/.local/lib/python3.10/site-packages/airflow/example_dags/example_branch_day_of_week_operator.py
[2023-01-03T22:49:43.925+0100] {processor.py:743} INFO - Processing file /home/chrisfleig/.local/lib/python3.10/site-packages/airflow/example_dags/example_branch_day_of_week_operator.py for tasks to queue
[2023-01-03T22:49:43.926+0100] {logging_mixin.py:137} INFO - [2023-01-03T22:49:43.926+0100] {dagbag.py:538} INFO - Filling up the DagBag from /home/chrisfleig/.local/lib/python3.10/site-packages/airflow/example_dags/example_branch_day_of_week_operator.py
[2023-01-03T22:49:43.940+0100] {processor.py:753} INFO - DAG(s) dict_keys(['example_weekday_branch_operator']) retrieved from /home/chrisfleig/.local/lib/python3.10/site-packages/airflow/example_dags/example_branch_day_of_week_operator.py
[2023-01-03T22:49:43.959+0100] {logging_mixin.py:137} INFO - [2023-01-03T22:49:43.959+0100] {dag.py:2676} INFO - Sync 1 DAGs
[2023-01-03T22:49:43.978+0100] {logging_mixin.py:137} INFO - [2023-01-03T22:49:43.977+0100] {dag.py:3423} INFO - Setting next_dagrun for example_weekday_branch_operator to 2023-01-02T00:00:00+00:00, run_after=2023-01-03T00:00:00+00:00
[2023-01-03T22:49:44.011+0100] {processor.py:175} INFO - Processing /home/chrisfleig/.local/lib/python3.10/site-packages/airflow/example_dags/example_branch_day_of_week_operator.py took 0.089 seconds
[2023-01-03T22:50:20.937+0100] {processor.py:153} INFO - Started process (PID=9667) to work on /home/chrisfleig/.local/lib/python3.10/site-packages/airflow/example_dags/example_branch_day_of_week_operator.py
[2023-01-03T22:50:20.938+0100] {processor.py:743} INFO - Processing file /home/chrisfleig/.local/lib/python3.10/site-packages/airflow/example_dags/example_branch_day_of_week_operator.py for tasks to queue
[2023-01-03T22:50:20.939+0100] {logging_mixin.py:137} INFO - [2023-01-03T22:50:20.939+0100] {dagbag.py:538} INFO - Filling up the DagBag from /home/chrisfleig/.local/lib/python3.10/site-packages/airflow/example_dags/example_branch_day_of_week_operator.py
[2023-01-03T22:50:20.952+0100] {processor.py:753} INFO - DAG(s) dict_keys(['example_weekday_branch_operator']) retrieved from /home/chrisfleig/.local/lib/python3.10/site-packages/airflow/example_dags/example_branch_day_of_week_operator.py
[2023-01-03T22:50:20.973+0100] {logging_mixin.py:137} INFO - [2023-01-03T22:50:20.972+0100] {dag.py:2676} INFO - Sync 1 DAGs
[2023-01-03T22:50:20.991+0100] {logging_mixin.py:137} INFO - [2023-01-03T22:50:20.991+0100] {dag.py:3423} INFO - Setting next_dagrun for example_weekday_branch_operator to 2023-01-02T00:00:00+00:00, run_after=2023-01-03T00:00:00+00:00
[2023-01-03T22:50:21.027+0100] {processor.py:175} INFO - Processing /home/chrisfleig/.local/lib/python3.10/site-packages/airflow/example_dags/example_branch_day_of_week_operator.py took 0.093 seconds
[2023-01-03T22:51:02.015+0100] {processor.py:153} INFO - Started process (PID=9705) to work on /home/chrisfleig/.local/lib/python3.10/site-packages/airflow/example_dags/example_branch_day_of_week_operator.py
[2023-01-03T22:51:02.016+0100] {processor.py:743} INFO - Processing file /home/chrisfleig/.local/lib/python3.10/site-packages/airflow/example_dags/example_branch_day_of_week_operator.py for tasks to queue
[2023-01-03T22:51:02.017+0100] {logging_mixin.py:137} INFO - [2023-01-03T22:51:02.016+0100] {dagbag.py:538} INFO - Filling up the DagBag from /home/chrisfleig/.local/lib/python3.10/site-packages/airflow/example_dags/example_branch_day_of_week_operator.py
[2023-01-03T22:51:02.034+0100] {processor.py:753} INFO - DAG(s) dict_keys(['example_weekday_branch_operator']) retrieved from /home/chrisfleig/.local/lib/python3.10/site-packages/airflow/example_dags/example_branch_day_of_week_operator.py
[2023-01-03T22:51:02.064+0100] {logging_mixin.py:137} INFO - [2023-01-03T22:51:02.064+0100] {dag.py:2676} INFO - Sync 1 DAGs
[2023-01-03T22:51:02.087+0100] {logging_mixin.py:137} INFO - [2023-01-03T22:51:02.087+0100] {dag.py:3423} INFO - Setting next_dagrun for example_weekday_branch_operator to 2023-01-02T00:00:00+00:00, run_after=2023-01-03T00:00:00+00:00
[2023-01-03T22:51:02.136+0100] {processor.py:175} INFO - Processing /home/chrisfleig/.local/lib/python3.10/site-packages/airflow/example_dags/example_branch_day_of_week_operator.py took 0.124 seconds
[2023-01-03T22:51:39.121+0100] {processor.py:153} INFO - Started process (PID=9743) to work on /home/chrisfleig/.local/lib/python3.10/site-packages/airflow/example_dags/example_branch_day_of_week_operator.py
[2023-01-03T22:51:39.122+0100] {processor.py:743} INFO - Processing file /home/chrisfleig/.local/lib/python3.10/site-packages/airflow/example_dags/example_branch_day_of_week_operator.py for tasks to queue
[2023-01-03T22:51:39.123+0100] {logging_mixin.py:137} INFO - [2023-01-03T22:51:39.123+0100] {dagbag.py:538} INFO - Filling up the DagBag from /home/chrisfleig/.local/lib/python3.10/site-packages/airflow/example_dags/example_branch_day_of_week_operator.py
[2023-01-03T22:51:39.136+0100] {processor.py:753} INFO - DAG(s) dict_keys(['example_weekday_branch_operator']) retrieved from /home/chrisfleig/.local/lib/python3.10/site-packages/airflow/example_dags/example_branch_day_of_week_operator.py
[2023-01-03T22:51:39.157+0100] {logging_mixin.py:137} INFO - [2023-01-03T22:51:39.157+0100] {dag.py:2676} INFO - Sync 1 DAGs
[2023-01-03T22:51:39.174+0100] {logging_mixin.py:137} INFO - [2023-01-03T22:51:39.174+0100] {dag.py:3423} INFO - Setting next_dagrun for example_weekday_branch_operator to 2023-01-02T00:00:00+00:00, run_after=2023-01-03T00:00:00+00:00
[2023-01-03T22:51:39.211+0100] {processor.py:175} INFO - Processing /home/chrisfleig/.local/lib/python3.10/site-packages/airflow/example_dags/example_branch_day_of_week_operator.py took 0.092 seconds
[2023-01-03T22:52:20.662+0100] {processor.py:153} INFO - Started process (PID=9781) to work on /home/chrisfleig/.local/lib/python3.10/site-packages/airflow/example_dags/example_branch_day_of_week_operator.py
[2023-01-03T22:52:20.663+0100] {processor.py:743} INFO - Processing file /home/chrisfleig/.local/lib/python3.10/site-packages/airflow/example_dags/example_branch_day_of_week_operator.py for tasks to queue
[2023-01-03T22:52:20.664+0100] {logging_mixin.py:137} INFO - [2023-01-03T22:52:20.663+0100] {dagbag.py:538} INFO - Filling up the DagBag from /home/chrisfleig/.local/lib/python3.10/site-packages/airflow/example_dags/example_branch_day_of_week_operator.py
[2023-01-03T22:52:20.681+0100] {processor.py:753} INFO - DAG(s) dict_keys(['example_weekday_branch_operator']) retrieved from /home/chrisfleig/.local/lib/python3.10/site-packages/airflow/example_dags/example_branch_day_of_week_operator.py
[2023-01-03T22:52:20.704+0100] {logging_mixin.py:137} INFO - [2023-01-03T22:52:20.703+0100] {dag.py:2676} INFO - Sync 1 DAGs
[2023-01-03T22:52:20.722+0100] {logging_mixin.py:137} INFO - [2023-01-03T22:52:20.722+0100] {dag.py:3423} INFO - Setting next_dagrun for example_weekday_branch_operator to 2023-01-02T00:00:00+00:00, run_after=2023-01-03T00:00:00+00:00
[2023-01-03T22:52:20.757+0100] {processor.py:175} INFO - Processing /home/chrisfleig/.local/lib/python3.10/site-packages/airflow/example_dags/example_branch_day_of_week_operator.py took 0.098 seconds
[2023-01-03T22:53:00.521+0100] {processor.py:153} INFO - Started process (PID=9819) to work on /home/chrisfleig/.local/lib/python3.10/site-packages/airflow/example_dags/example_branch_day_of_week_operator.py
[2023-01-03T22:53:00.522+0100] {processor.py:743} INFO - Processing file /home/chrisfleig/.local/lib/python3.10/site-packages/airflow/example_dags/example_branch_day_of_week_operator.py for tasks to queue
[2023-01-03T22:53:00.523+0100] {logging_mixin.py:137} INFO - [2023-01-03T22:53:00.523+0100] {dagbag.py:538} INFO - Filling up the DagBag from /home/chrisfleig/.local/lib/python3.10/site-packages/airflow/example_dags/example_branch_day_of_week_operator.py
[2023-01-03T22:53:00.537+0100] {processor.py:753} INFO - DAG(s) dict_keys(['example_weekday_branch_operator']) retrieved from /home/chrisfleig/.local/lib/python3.10/site-packages/airflow/example_dags/example_branch_day_of_week_operator.py
[2023-01-03T22:53:00.559+0100] {logging_mixin.py:137} INFO - [2023-01-03T22:53:00.559+0100] {dag.py:2676} INFO - Sync 1 DAGs
[2023-01-03T22:53:00.577+0100] {logging_mixin.py:137} INFO - [2023-01-03T22:53:00.577+0100] {dag.py:3423} INFO - Setting next_dagrun for example_weekday_branch_operator to 2023-01-02T00:00:00+00:00, run_after=2023-01-03T00:00:00+00:00
[2023-01-03T22:53:00.616+0100] {processor.py:175} INFO - Processing /home/chrisfleig/.local/lib/python3.10/site-packages/airflow/example_dags/example_branch_day_of_week_operator.py took 0.098 seconds
[2023-01-03T22:53:38.517+0100] {processor.py:153} INFO - Started process (PID=9859) to work on /home/chrisfleig/.local/lib/python3.10/site-packages/airflow/example_dags/example_branch_day_of_week_operator.py
[2023-01-03T22:53:38.518+0100] {processor.py:743} INFO - Processing file /home/chrisfleig/.local/lib/python3.10/site-packages/airflow/example_dags/example_branch_day_of_week_operator.py for tasks to queue
[2023-01-03T22:53:38.519+0100] {logging_mixin.py:137} INFO - [2023-01-03T22:53:38.518+0100] {dagbag.py:538} INFO - Filling up the DagBag from /home/chrisfleig/.local/lib/python3.10/site-packages/airflow/example_dags/example_branch_day_of_week_operator.py
[2023-01-03T22:53:38.532+0100] {processor.py:753} INFO - DAG(s) dict_keys(['example_weekday_branch_operator']) retrieved from /home/chrisfleig/.local/lib/python3.10/site-packages/airflow/example_dags/example_branch_day_of_week_operator.py
[2023-01-03T22:53:38.553+0100] {logging_mixin.py:137} INFO - [2023-01-03T22:53:38.553+0100] {dag.py:2676} INFO - Sync 1 DAGs
[2023-01-03T22:53:38.570+0100] {logging_mixin.py:137} INFO - [2023-01-03T22:53:38.570+0100] {dag.py:3423} INFO - Setting next_dagrun for example_weekday_branch_operator to 2023-01-02T00:00:00+00:00, run_after=2023-01-03T00:00:00+00:00
[2023-01-03T22:53:38.609+0100] {processor.py:175} INFO - Processing /home/chrisfleig/.local/lib/python3.10/site-packages/airflow/example_dags/example_branch_day_of_week_operator.py took 0.094 seconds
[2023-01-03T22:54:20.748+0100] {processor.py:153} INFO - Started process (PID=9901) to work on /home/chrisfleig/.local/lib/python3.10/site-packages/airflow/example_dags/example_branch_day_of_week_operator.py
[2023-01-03T22:54:20.749+0100] {processor.py:743} INFO - Processing file /home/chrisfleig/.local/lib/python3.10/site-packages/airflow/example_dags/example_branch_day_of_week_operator.py for tasks to queue
[2023-01-03T22:54:20.750+0100] {logging_mixin.py:137} INFO - [2023-01-03T22:54:20.750+0100] {dagbag.py:538} INFO - Filling up the DagBag from /home/chrisfleig/.local/lib/python3.10/site-packages/airflow/example_dags/example_branch_day_of_week_operator.py
[2023-01-03T22:54:20.768+0100] {processor.py:753} INFO - DAG(s) dict_keys(['example_weekday_branch_operator']) retrieved from /home/chrisfleig/.local/lib/python3.10/site-packages/airflow/example_dags/example_branch_day_of_week_operator.py
[2023-01-03T22:54:20.794+0100] {logging_mixin.py:137} INFO - [2023-01-03T22:54:20.794+0100] {dag.py:2676} INFO - Sync 1 DAGs
[2023-01-03T22:54:20.817+0100] {logging_mixin.py:137} INFO - [2023-01-03T22:54:20.817+0100] {dag.py:3423} INFO - Setting next_dagrun for example_weekday_branch_operator to 2023-01-02T00:00:00+00:00, run_after=2023-01-03T00:00:00+00:00
[2023-01-03T22:54:20.855+0100] {processor.py:175} INFO - Processing /home/chrisfleig/.local/lib/python3.10/site-packages/airflow/example_dags/example_branch_day_of_week_operator.py took 0.110 seconds
[2023-01-03T22:55:04.175+0100] {processor.py:153} INFO - Started process (PID=9940) to work on /home/chrisfleig/.local/lib/python3.10/site-packages/airflow/example_dags/example_branch_day_of_week_operator.py
[2023-01-03T22:55:04.179+0100] {processor.py:743} INFO - Processing file /home/chrisfleig/.local/lib/python3.10/site-packages/airflow/example_dags/example_branch_day_of_week_operator.py for tasks to queue
[2023-01-03T22:55:04.180+0100] {logging_mixin.py:137} INFO - [2023-01-03T22:55:04.180+0100] {dagbag.py:538} INFO - Filling up the DagBag from /home/chrisfleig/.local/lib/python3.10/site-packages/airflow/example_dags/example_branch_day_of_week_operator.py
[2023-01-03T22:55:04.215+0100] {processor.py:753} INFO - DAG(s) dict_keys(['example_weekday_branch_operator']) retrieved from /home/chrisfleig/.local/lib/python3.10/site-packages/airflow/example_dags/example_branch_day_of_week_operator.py
[2023-01-03T22:55:04.267+0100] {logging_mixin.py:137} INFO - [2023-01-03T22:55:04.266+0100] {dag.py:2676} INFO - Sync 1 DAGs
[2023-01-03T22:55:04.327+0100] {logging_mixin.py:137} INFO - [2023-01-03T22:55:04.327+0100] {dag.py:3423} INFO - Setting next_dagrun for example_weekday_branch_operator to 2023-01-02T00:00:00+00:00, run_after=2023-01-03T00:00:00+00:00
[2023-01-03T22:55:04.414+0100] {processor.py:175} INFO - Processing /home/chrisfleig/.local/lib/python3.10/site-packages/airflow/example_dags/example_branch_day_of_week_operator.py took 0.244 seconds
[2023-01-03T22:55:46.430+0100] {processor.py:153} INFO - Started process (PID=9979) to work on /home/chrisfleig/.local/lib/python3.10/site-packages/airflow/example_dags/example_branch_day_of_week_operator.py
[2023-01-03T22:55:46.431+0100] {processor.py:743} INFO - Processing file /home/chrisfleig/.local/lib/python3.10/site-packages/airflow/example_dags/example_branch_day_of_week_operator.py for tasks to queue
[2023-01-03T22:55:46.432+0100] {logging_mixin.py:137} INFO - [2023-01-03T22:55:46.432+0100] {dagbag.py:538} INFO - Filling up the DagBag from /home/chrisfleig/.local/lib/python3.10/site-packages/airflow/example_dags/example_branch_day_of_week_operator.py
[2023-01-03T22:55:46.447+0100] {processor.py:753} INFO - DAG(s) dict_keys(['example_weekday_branch_operator']) retrieved from /home/chrisfleig/.local/lib/python3.10/site-packages/airflow/example_dags/example_branch_day_of_week_operator.py
[2023-01-03T22:55:46.473+0100] {logging_mixin.py:137} INFO - [2023-01-03T22:55:46.472+0100] {dag.py:2676} INFO - Sync 1 DAGs
[2023-01-03T22:55:46.499+0100] {logging_mixin.py:137} INFO - [2023-01-03T22:55:46.499+0100] {dag.py:3423} INFO - Setting next_dagrun for example_weekday_branch_operator to 2023-01-02T00:00:00+00:00, run_after=2023-01-03T00:00:00+00:00
[2023-01-03T22:55:46.540+0100] {processor.py:175} INFO - Processing /home/chrisfleig/.local/lib/python3.10/site-packages/airflow/example_dags/example_branch_day_of_week_operator.py took 0.113 seconds
[2023-01-03T22:56:29.590+0100] {processor.py:153} INFO - Started process (PID=10022) to work on /home/chrisfleig/.local/lib/python3.10/site-packages/airflow/example_dags/example_branch_day_of_week_operator.py
[2023-01-03T22:56:29.591+0100] {processor.py:743} INFO - Processing file /home/chrisfleig/.local/lib/python3.10/site-packages/airflow/example_dags/example_branch_day_of_week_operator.py for tasks to queue
[2023-01-03T22:56:29.592+0100] {logging_mixin.py:137} INFO - [2023-01-03T22:56:29.592+0100] {dagbag.py:538} INFO - Filling up the DagBag from /home/chrisfleig/.local/lib/python3.10/site-packages/airflow/example_dags/example_branch_day_of_week_operator.py
[2023-01-03T22:56:29.611+0100] {processor.py:753} INFO - DAG(s) dict_keys(['example_weekday_branch_operator']) retrieved from /home/chrisfleig/.local/lib/python3.10/site-packages/airflow/example_dags/example_branch_day_of_week_operator.py
[2023-01-03T22:56:29.635+0100] {logging_mixin.py:137} INFO - [2023-01-03T22:56:29.635+0100] {dag.py:2676} INFO - Sync 1 DAGs
[2023-01-03T22:56:29.659+0100] {logging_mixin.py:137} INFO - [2023-01-03T22:56:29.659+0100] {dag.py:3423} INFO - Setting next_dagrun for example_weekday_branch_operator to 2023-01-02T00:00:00+00:00, run_after=2023-01-03T00:00:00+00:00
[2023-01-03T22:56:29.704+0100] {processor.py:175} INFO - Processing /home/chrisfleig/.local/lib/python3.10/site-packages/airflow/example_dags/example_branch_day_of_week_operator.py took 0.118 seconds
