[2023-01-03T22:10:59.930+0100] {processor.py:153} INFO - Started process (PID=8197) to work on /home/chrisfleig/.local/lib/python3.10/site-packages/airflow/example_dags/example_nested_branch_dag.py
[2023-01-03T22:10:59.931+0100] {processor.py:743} INFO - Processing file /home/chrisfleig/.local/lib/python3.10/site-packages/airflow/example_dags/example_nested_branch_dag.py for tasks to queue
[2023-01-03T22:10:59.931+0100] {logging_mixin.py:137} INFO - [2023-01-03T22:10:59.931+0100] {dagbag.py:538} INFO - Filling up the DagBag from /home/chrisfleig/.local/lib/python3.10/site-packages/airflow/example_dags/example_nested_branch_dag.py
[2023-01-03T22:10:59.953+0100] {processor.py:753} INFO - DAG(s) dict_keys(['example_nested_branch_dag']) retrieved from /home/chrisfleig/.local/lib/python3.10/site-packages/airflow/example_dags/example_nested_branch_dag.py
[2023-01-03T22:11:00.097+0100] {logging_mixin.py:137} INFO - [2023-01-03T22:11:00.097+0100] {manager.py:504} INFO - Created Permission View: can edit on DAG:example_nested_branch_dag
[2023-01-03T22:11:00.122+0100] {logging_mixin.py:137} INFO - [2023-01-03T22:11:00.122+0100] {manager.py:504} INFO - Created Permission View: can delete on DAG:example_nested_branch_dag
[2023-01-03T22:11:00.146+0100] {logging_mixin.py:137} INFO - [2023-01-03T22:11:00.145+0100] {manager.py:504} INFO - Created Permission View: can read on DAG:example_nested_branch_dag
[2023-01-03T22:11:00.146+0100] {logging_mixin.py:137} INFO - [2023-01-03T22:11:00.146+0100] {dag.py:2676} INFO - Sync 1 DAGs
[2023-01-03T22:11:00.155+0100] {logging_mixin.py:137} INFO - [2023-01-03T22:11:00.154+0100] {dag.py:2697} INFO - Creating ORM DAG for example_nested_branch_dag
[2023-01-03T22:11:00.163+0100] {logging_mixin.py:137} INFO - [2023-01-03T22:11:00.163+0100] {dag.py:3423} INFO - Setting next_dagrun for example_nested_branch_dag to 2023-01-02T00:00:00+00:00, run_after=2023-01-03T00:00:00+00:00
[2023-01-03T22:11:00.204+0100] {processor.py:175} INFO - Processing /home/chrisfleig/.local/lib/python3.10/site-packages/airflow/example_dags/example_nested_branch_dag.py took 0.277 seconds
[2023-01-03T22:11:42.330+0100] {processor.py:153} INFO - Started process (PID=8235) to work on /home/chrisfleig/.local/lib/python3.10/site-packages/airflow/example_dags/example_nested_branch_dag.py
[2023-01-03T22:11:42.332+0100] {processor.py:743} INFO - Processing file /home/chrisfleig/.local/lib/python3.10/site-packages/airflow/example_dags/example_nested_branch_dag.py for tasks to queue
[2023-01-03T22:11:42.333+0100] {logging_mixin.py:137} INFO - [2023-01-03T22:11:42.332+0100] {dagbag.py:538} INFO - Filling up the DagBag from /home/chrisfleig/.local/lib/python3.10/site-packages/airflow/example_dags/example_nested_branch_dag.py
[2023-01-03T22:11:42.357+0100] {processor.py:753} INFO - DAG(s) dict_keys(['example_nested_branch_dag']) retrieved from /home/chrisfleig/.local/lib/python3.10/site-packages/airflow/example_dags/example_nested_branch_dag.py
[2023-01-03T22:11:42.382+0100] {logging_mixin.py:137} INFO - [2023-01-03T22:11:42.382+0100] {dag.py:2676} INFO - Sync 1 DAGs
[2023-01-03T22:11:42.402+0100] {logging_mixin.py:137} INFO - [2023-01-03T22:11:42.402+0100] {dag.py:3423} INFO - Setting next_dagrun for example_nested_branch_dag to 2023-01-02T00:00:00+00:00, run_after=2023-01-03T00:00:00+00:00
[2023-01-03T22:11:42.440+0100] {processor.py:175} INFO - Processing /home/chrisfleig/.local/lib/python3.10/site-packages/airflow/example_dags/example_nested_branch_dag.py took 0.113 seconds
[2023-01-03T22:12:21.655+0100] {processor.py:153} INFO - Started process (PID=8273) to work on /home/chrisfleig/.local/lib/python3.10/site-packages/airflow/example_dags/example_nested_branch_dag.py
[2023-01-03T22:12:21.657+0100] {processor.py:743} INFO - Processing file /home/chrisfleig/.local/lib/python3.10/site-packages/airflow/example_dags/example_nested_branch_dag.py for tasks to queue
[2023-01-03T22:12:21.657+0100] {logging_mixin.py:137} INFO - [2023-01-03T22:12:21.657+0100] {dagbag.py:538} INFO - Filling up the DagBag from /home/chrisfleig/.local/lib/python3.10/site-packages/airflow/example_dags/example_nested_branch_dag.py
[2023-01-03T22:12:21.686+0100] {processor.py:753} INFO - DAG(s) dict_keys(['example_nested_branch_dag']) retrieved from /home/chrisfleig/.local/lib/python3.10/site-packages/airflow/example_dags/example_nested_branch_dag.py
[2023-01-03T22:12:21.708+0100] {logging_mixin.py:137} INFO - [2023-01-03T22:12:21.708+0100] {dag.py:2676} INFO - Sync 1 DAGs
[2023-01-03T22:12:21.728+0100] {logging_mixin.py:137} INFO - [2023-01-03T22:12:21.728+0100] {dag.py:3423} INFO - Setting next_dagrun for example_nested_branch_dag to 2023-01-02T00:00:00+00:00, run_after=2023-01-03T00:00:00+00:00
[2023-01-03T22:12:21.765+0100] {processor.py:175} INFO - Processing /home/chrisfleig/.local/lib/python3.10/site-packages/airflow/example_dags/example_nested_branch_dag.py took 0.112 seconds
[2023-01-03T22:13:00.861+0100] {processor.py:153} INFO - Started process (PID=8311) to work on /home/chrisfleig/.local/lib/python3.10/site-packages/airflow/example_dags/example_nested_branch_dag.py
[2023-01-03T22:13:00.862+0100] {processor.py:743} INFO - Processing file /home/chrisfleig/.local/lib/python3.10/site-packages/airflow/example_dags/example_nested_branch_dag.py for tasks to queue
[2023-01-03T22:13:00.863+0100] {logging_mixin.py:137} INFO - [2023-01-03T22:13:00.863+0100] {dagbag.py:538} INFO - Filling up the DagBag from /home/chrisfleig/.local/lib/python3.10/site-packages/airflow/example_dags/example_nested_branch_dag.py
[2023-01-03T22:13:00.886+0100] {processor.py:753} INFO - DAG(s) dict_keys(['example_nested_branch_dag']) retrieved from /home/chrisfleig/.local/lib/python3.10/site-packages/airflow/example_dags/example_nested_branch_dag.py
[2023-01-03T22:13:00.906+0100] {logging_mixin.py:137} INFO - [2023-01-03T22:13:00.906+0100] {dag.py:2676} INFO - Sync 1 DAGs
[2023-01-03T22:13:00.924+0100] {logging_mixin.py:137} INFO - [2023-01-03T22:13:00.924+0100] {dag.py:3423} INFO - Setting next_dagrun for example_nested_branch_dag to 2023-01-02T00:00:00+00:00, run_after=2023-01-03T00:00:00+00:00
[2023-01-03T22:13:00.959+0100] {processor.py:175} INFO - Processing /home/chrisfleig/.local/lib/python3.10/site-packages/airflow/example_dags/example_nested_branch_dag.py took 0.101 seconds
[2023-01-03T22:13:40.031+0100] {processor.py:153} INFO - Started process (PID=8349) to work on /home/chrisfleig/.local/lib/python3.10/site-packages/airflow/example_dags/example_nested_branch_dag.py
[2023-01-03T22:13:40.033+0100] {processor.py:743} INFO - Processing file /home/chrisfleig/.local/lib/python3.10/site-packages/airflow/example_dags/example_nested_branch_dag.py for tasks to queue
[2023-01-03T22:13:40.033+0100] {logging_mixin.py:137} INFO - [2023-01-03T22:13:40.033+0100] {dagbag.py:538} INFO - Filling up the DagBag from /home/chrisfleig/.local/lib/python3.10/site-packages/airflow/example_dags/example_nested_branch_dag.py
[2023-01-03T22:13:40.060+0100] {processor.py:753} INFO - DAG(s) dict_keys(['example_nested_branch_dag']) retrieved from /home/chrisfleig/.local/lib/python3.10/site-packages/airflow/example_dags/example_nested_branch_dag.py
[2023-01-03T22:13:40.082+0100] {logging_mixin.py:137} INFO - [2023-01-03T22:13:40.081+0100] {dag.py:2676} INFO - Sync 1 DAGs
[2023-01-03T22:13:40.101+0100] {logging_mixin.py:137} INFO - [2023-01-03T22:13:40.101+0100] {dag.py:3423} INFO - Setting next_dagrun for example_nested_branch_dag to 2023-01-02T00:00:00+00:00, run_after=2023-01-03T00:00:00+00:00
[2023-01-03T22:13:40.138+0100] {processor.py:175} INFO - Processing /home/chrisfleig/.local/lib/python3.10/site-packages/airflow/example_dags/example_nested_branch_dag.py took 0.111 seconds
[2023-01-03T22:14:18.496+0100] {processor.py:153} INFO - Started process (PID=8387) to work on /home/chrisfleig/.local/lib/python3.10/site-packages/airflow/example_dags/example_nested_branch_dag.py
[2023-01-03T22:14:18.497+0100] {processor.py:743} INFO - Processing file /home/chrisfleig/.local/lib/python3.10/site-packages/airflow/example_dags/example_nested_branch_dag.py for tasks to queue
[2023-01-03T22:14:18.497+0100] {logging_mixin.py:137} INFO - [2023-01-03T22:14:18.497+0100] {dagbag.py:538} INFO - Filling up the DagBag from /home/chrisfleig/.local/lib/python3.10/site-packages/airflow/example_dags/example_nested_branch_dag.py
[2023-01-03T22:14:18.519+0100] {processor.py:753} INFO - DAG(s) dict_keys(['example_nested_branch_dag']) retrieved from /home/chrisfleig/.local/lib/python3.10/site-packages/airflow/example_dags/example_nested_branch_dag.py
[2023-01-03T22:14:18.540+0100] {logging_mixin.py:137} INFO - [2023-01-03T22:14:18.539+0100] {dag.py:2676} INFO - Sync 1 DAGs
[2023-01-03T22:14:18.558+0100] {logging_mixin.py:137} INFO - [2023-01-03T22:14:18.558+0100] {dag.py:3423} INFO - Setting next_dagrun for example_nested_branch_dag to 2023-01-02T00:00:00+00:00, run_after=2023-01-03T00:00:00+00:00
[2023-01-03T22:14:18.591+0100] {processor.py:175} INFO - Processing /home/chrisfleig/.local/lib/python3.10/site-packages/airflow/example_dags/example_nested_branch_dag.py took 0.098 seconds
[2023-01-03T22:14:57.939+0100] {processor.py:153} INFO - Started process (PID=8425) to work on /home/chrisfleig/.local/lib/python3.10/site-packages/airflow/example_dags/example_nested_branch_dag.py
[2023-01-03T22:14:57.940+0100] {processor.py:743} INFO - Processing file /home/chrisfleig/.local/lib/python3.10/site-packages/airflow/example_dags/example_nested_branch_dag.py for tasks to queue
[2023-01-03T22:14:57.940+0100] {logging_mixin.py:137} INFO - [2023-01-03T22:14:57.940+0100] {dagbag.py:538} INFO - Filling up the DagBag from /home/chrisfleig/.local/lib/python3.10/site-packages/airflow/example_dags/example_nested_branch_dag.py
[2023-01-03T22:14:57.962+0100] {processor.py:753} INFO - DAG(s) dict_keys(['example_nested_branch_dag']) retrieved from /home/chrisfleig/.local/lib/python3.10/site-packages/airflow/example_dags/example_nested_branch_dag.py
[2023-01-03T22:14:57.985+0100] {logging_mixin.py:137} INFO - [2023-01-03T22:14:57.985+0100] {dag.py:2676} INFO - Sync 1 DAGs
[2023-01-03T22:14:58.003+0100] {logging_mixin.py:137} INFO - [2023-01-03T22:14:58.003+0100] {dag.py:3423} INFO - Setting next_dagrun for example_nested_branch_dag to 2023-01-02T00:00:00+00:00, run_after=2023-01-03T00:00:00+00:00
[2023-01-03T22:14:58.039+0100] {processor.py:175} INFO - Processing /home/chrisfleig/.local/lib/python3.10/site-packages/airflow/example_dags/example_nested_branch_dag.py took 0.103 seconds
[2023-01-03T22:15:37.139+0100] {processor.py:153} INFO - Started process (PID=8464) to work on /home/chrisfleig/.local/lib/python3.10/site-packages/airflow/example_dags/example_nested_branch_dag.py
[2023-01-03T22:15:37.140+0100] {processor.py:743} INFO - Processing file /home/chrisfleig/.local/lib/python3.10/site-packages/airflow/example_dags/example_nested_branch_dag.py for tasks to queue
[2023-01-03T22:15:37.141+0100] {logging_mixin.py:137} INFO - [2023-01-03T22:15:37.140+0100] {dagbag.py:538} INFO - Filling up the DagBag from /home/chrisfleig/.local/lib/python3.10/site-packages/airflow/example_dags/example_nested_branch_dag.py
[2023-01-03T22:15:37.165+0100] {processor.py:753} INFO - DAG(s) dict_keys(['example_nested_branch_dag']) retrieved from /home/chrisfleig/.local/lib/python3.10/site-packages/airflow/example_dags/example_nested_branch_dag.py
[2023-01-03T22:15:37.189+0100] {logging_mixin.py:137} INFO - [2023-01-03T22:15:37.188+0100] {dag.py:2676} INFO - Sync 1 DAGs
[2023-01-03T22:15:37.207+0100] {logging_mixin.py:137} INFO - [2023-01-03T22:15:37.207+0100] {dag.py:3423} INFO - Setting next_dagrun for example_nested_branch_dag to 2023-01-02T00:00:00+00:00, run_after=2023-01-03T00:00:00+00:00
[2023-01-03T22:15:37.243+0100] {processor.py:175} INFO - Processing /home/chrisfleig/.local/lib/python3.10/site-packages/airflow/example_dags/example_nested_branch_dag.py took 0.106 seconds
[2023-01-03T22:31:30.790+0100] {processor.py:153} INFO - Started process (PID=8560) to work on /home/chrisfleig/.local/lib/python3.10/site-packages/airflow/example_dags/example_nested_branch_dag.py
[2023-01-03T22:31:30.798+0100] {processor.py:743} INFO - Processing file /home/chrisfleig/.local/lib/python3.10/site-packages/airflow/example_dags/example_nested_branch_dag.py for tasks to queue
[2023-01-03T22:31:30.800+0100] {logging_mixin.py:137} INFO - [2023-01-03T22:31:30.799+0100] {dagbag.py:538} INFO - Filling up the DagBag from /home/chrisfleig/.local/lib/python3.10/site-packages/airflow/example_dags/example_nested_branch_dag.py
[2023-01-03T22:31:30.853+0100] {processor.py:753} INFO - DAG(s) dict_keys(['example_nested_branch_dag']) retrieved from /home/chrisfleig/.local/lib/python3.10/site-packages/airflow/example_dags/example_nested_branch_dag.py
[2023-01-03T22:31:30.876+0100] {logging_mixin.py:137} INFO - [2023-01-03T22:31:30.876+0100] {dag.py:2676} INFO - Sync 1 DAGs
[2023-01-03T22:31:30.934+0100] {logging_mixin.py:137} INFO - [2023-01-03T22:31:30.934+0100] {dag.py:3423} INFO - Setting next_dagrun for example_nested_branch_dag to 2023-01-02T00:00:00+00:00, run_after=2023-01-03T00:00:00+00:00
[2023-01-03T22:31:31.049+0100] {processor.py:175} INFO - Processing /home/chrisfleig/.local/lib/python3.10/site-packages/airflow/example_dags/example_nested_branch_dag.py took 0.263 seconds
[2023-01-03T22:32:12.513+0100] {processor.py:153} INFO - Started process (PID=8598) to work on /home/chrisfleig/.local/lib/python3.10/site-packages/airflow/example_dags/example_nested_branch_dag.py
[2023-01-03T22:32:12.515+0100] {processor.py:743} INFO - Processing file /home/chrisfleig/.local/lib/python3.10/site-packages/airflow/example_dags/example_nested_branch_dag.py for tasks to queue
[2023-01-03T22:32:12.515+0100] {logging_mixin.py:137} INFO - [2023-01-03T22:32:12.515+0100] {dagbag.py:538} INFO - Filling up the DagBag from /home/chrisfleig/.local/lib/python3.10/site-packages/airflow/example_dags/example_nested_branch_dag.py
[2023-01-03T22:32:12.538+0100] {processor.py:753} INFO - DAG(s) dict_keys(['example_nested_branch_dag']) retrieved from /home/chrisfleig/.local/lib/python3.10/site-packages/airflow/example_dags/example_nested_branch_dag.py
[2023-01-03T22:32:12.563+0100] {logging_mixin.py:137} INFO - [2023-01-03T22:32:12.563+0100] {dag.py:2676} INFO - Sync 1 DAGs
[2023-01-03T22:32:12.583+0100] {logging_mixin.py:137} INFO - [2023-01-03T22:32:12.582+0100] {dag.py:3423} INFO - Setting next_dagrun for example_nested_branch_dag to 2023-01-02T00:00:00+00:00, run_after=2023-01-03T00:00:00+00:00
[2023-01-03T22:32:12.622+0100] {processor.py:175} INFO - Processing /home/chrisfleig/.local/lib/python3.10/site-packages/airflow/example_dags/example_nested_branch_dag.py took 0.111 seconds
[2023-01-03T22:32:49.760+0100] {processor.py:153} INFO - Started process (PID=8636) to work on /home/chrisfleig/.local/lib/python3.10/site-packages/airflow/example_dags/example_nested_branch_dag.py
[2023-01-03T22:32:49.766+0100] {processor.py:743} INFO - Processing file /home/chrisfleig/.local/lib/python3.10/site-packages/airflow/example_dags/example_nested_branch_dag.py for tasks to queue
[2023-01-03T22:32:49.769+0100] {logging_mixin.py:137} INFO - [2023-01-03T22:32:49.769+0100] {dagbag.py:538} INFO - Filling up the DagBag from /home/chrisfleig/.local/lib/python3.10/site-packages/airflow/example_dags/example_nested_branch_dag.py
[2023-01-03T22:32:49.810+0100] {processor.py:753} INFO - DAG(s) dict_keys(['example_nested_branch_dag']) retrieved from /home/chrisfleig/.local/lib/python3.10/site-packages/airflow/example_dags/example_nested_branch_dag.py
[2023-01-03T22:32:49.832+0100] {logging_mixin.py:137} INFO - [2023-01-03T22:32:49.832+0100] {dag.py:2676} INFO - Sync 1 DAGs
[2023-01-03T22:32:49.851+0100] {logging_mixin.py:137} INFO - [2023-01-03T22:32:49.850+0100] {dag.py:3423} INFO - Setting next_dagrun for example_nested_branch_dag to 2023-01-02T00:00:00+00:00, run_after=2023-01-03T00:00:00+00:00
[2023-01-03T22:32:49.884+0100] {processor.py:175} INFO - Processing /home/chrisfleig/.local/lib/python3.10/site-packages/airflow/example_dags/example_nested_branch_dag.py took 0.127 seconds
[2023-01-03T22:33:29.157+0100] {processor.py:153} INFO - Started process (PID=8674) to work on /home/chrisfleig/.local/lib/python3.10/site-packages/airflow/example_dags/example_nested_branch_dag.py
[2023-01-03T22:33:29.158+0100] {processor.py:743} INFO - Processing file /home/chrisfleig/.local/lib/python3.10/site-packages/airflow/example_dags/example_nested_branch_dag.py for tasks to queue
[2023-01-03T22:33:29.158+0100] {logging_mixin.py:137} INFO - [2023-01-03T22:33:29.158+0100] {dagbag.py:538} INFO - Filling up the DagBag from /home/chrisfleig/.local/lib/python3.10/site-packages/airflow/example_dags/example_nested_branch_dag.py
[2023-01-03T22:33:29.182+0100] {processor.py:753} INFO - DAG(s) dict_keys(['example_nested_branch_dag']) retrieved from /home/chrisfleig/.local/lib/python3.10/site-packages/airflow/example_dags/example_nested_branch_dag.py
[2023-01-03T22:33:29.207+0100] {logging_mixin.py:137} INFO - [2023-01-03T22:33:29.207+0100] {dag.py:2676} INFO - Sync 1 DAGs
[2023-01-03T22:33:29.228+0100] {logging_mixin.py:137} INFO - [2023-01-03T22:33:29.227+0100] {dag.py:3423} INFO - Setting next_dagrun for example_nested_branch_dag to 2023-01-02T00:00:00+00:00, run_after=2023-01-03T00:00:00+00:00
[2023-01-03T22:33:29.265+0100] {processor.py:175} INFO - Processing /home/chrisfleig/.local/lib/python3.10/site-packages/airflow/example_dags/example_nested_branch_dag.py took 0.112 seconds
[2023-01-03T22:34:08.035+0100] {processor.py:153} INFO - Started process (PID=8712) to work on /home/chrisfleig/.local/lib/python3.10/site-packages/airflow/example_dags/example_nested_branch_dag.py
[2023-01-03T22:34:08.036+0100] {processor.py:743} INFO - Processing file /home/chrisfleig/.local/lib/python3.10/site-packages/airflow/example_dags/example_nested_branch_dag.py for tasks to queue
[2023-01-03T22:34:08.037+0100] {logging_mixin.py:137} INFO - [2023-01-03T22:34:08.036+0100] {dagbag.py:538} INFO - Filling up the DagBag from /home/chrisfleig/.local/lib/python3.10/site-packages/airflow/example_dags/example_nested_branch_dag.py
[2023-01-03T22:34:08.062+0100] {processor.py:753} INFO - DAG(s) dict_keys(['example_nested_branch_dag']) retrieved from /home/chrisfleig/.local/lib/python3.10/site-packages/airflow/example_dags/example_nested_branch_dag.py
[2023-01-03T22:34:08.083+0100] {logging_mixin.py:137} INFO - [2023-01-03T22:34:08.083+0100] {dag.py:2676} INFO - Sync 1 DAGs
[2023-01-03T22:34:08.103+0100] {logging_mixin.py:137} INFO - [2023-01-03T22:34:08.103+0100] {dag.py:3423} INFO - Setting next_dagrun for example_nested_branch_dag to 2023-01-02T00:00:00+00:00, run_after=2023-01-03T00:00:00+00:00
[2023-01-03T22:34:08.142+0100] {processor.py:175} INFO - Processing /home/chrisfleig/.local/lib/python3.10/site-packages/airflow/example_dags/example_nested_branch_dag.py took 0.110 seconds
[2023-01-03T22:34:48.382+0100] {processor.py:153} INFO - Started process (PID=8750) to work on /home/chrisfleig/.local/lib/python3.10/site-packages/airflow/example_dags/example_nested_branch_dag.py
[2023-01-03T22:34:48.383+0100] {processor.py:743} INFO - Processing file /home/chrisfleig/.local/lib/python3.10/site-packages/airflow/example_dags/example_nested_branch_dag.py for tasks to queue
[2023-01-03T22:34:48.384+0100] {logging_mixin.py:137} INFO - [2023-01-03T22:34:48.384+0100] {dagbag.py:538} INFO - Filling up the DagBag from /home/chrisfleig/.local/lib/python3.10/site-packages/airflow/example_dags/example_nested_branch_dag.py
[2023-01-03T22:34:48.406+0100] {processor.py:753} INFO - DAG(s) dict_keys(['example_nested_branch_dag']) retrieved from /home/chrisfleig/.local/lib/python3.10/site-packages/airflow/example_dags/example_nested_branch_dag.py
[2023-01-03T22:34:48.426+0100] {logging_mixin.py:137} INFO - [2023-01-03T22:34:48.426+0100] {dag.py:2676} INFO - Sync 1 DAGs
[2023-01-03T22:34:48.443+0100] {logging_mixin.py:137} INFO - [2023-01-03T22:34:48.443+0100] {dag.py:3423} INFO - Setting next_dagrun for example_nested_branch_dag to 2023-01-02T00:00:00+00:00, run_after=2023-01-03T00:00:00+00:00
[2023-01-03T22:34:48.482+0100] {processor.py:175} INFO - Processing /home/chrisfleig/.local/lib/python3.10/site-packages/airflow/example_dags/example_nested_branch_dag.py took 0.102 seconds
[2023-01-03T22:35:27.924+0100] {processor.py:153} INFO - Started process (PID=8788) to work on /home/chrisfleig/.local/lib/python3.10/site-packages/airflow/example_dags/example_nested_branch_dag.py
[2023-01-03T22:35:27.925+0100] {processor.py:743} INFO - Processing file /home/chrisfleig/.local/lib/python3.10/site-packages/airflow/example_dags/example_nested_branch_dag.py for tasks to queue
[2023-01-03T22:35:27.926+0100] {logging_mixin.py:137} INFO - [2023-01-03T22:35:27.926+0100] {dagbag.py:538} INFO - Filling up the DagBag from /home/chrisfleig/.local/lib/python3.10/site-packages/airflow/example_dags/example_nested_branch_dag.py
[2023-01-03T22:35:27.950+0100] {processor.py:753} INFO - DAG(s) dict_keys(['example_nested_branch_dag']) retrieved from /home/chrisfleig/.local/lib/python3.10/site-packages/airflow/example_dags/example_nested_branch_dag.py
[2023-01-03T22:35:27.971+0100] {logging_mixin.py:137} INFO - [2023-01-03T22:35:27.970+0100] {dag.py:2676} INFO - Sync 1 DAGs
[2023-01-03T22:35:27.990+0100] {logging_mixin.py:137} INFO - [2023-01-03T22:35:27.990+0100] {dag.py:3423} INFO - Setting next_dagrun for example_nested_branch_dag to 2023-01-02T00:00:00+00:00, run_after=2023-01-03T00:00:00+00:00
[2023-01-03T22:35:28.024+0100] {processor.py:175} INFO - Processing /home/chrisfleig/.local/lib/python3.10/site-packages/airflow/example_dags/example_nested_branch_dag.py took 0.102 seconds
[2023-01-03T22:36:06.835+0100] {processor.py:153} INFO - Started process (PID=8826) to work on /home/chrisfleig/.local/lib/python3.10/site-packages/airflow/example_dags/example_nested_branch_dag.py
[2023-01-03T22:36:06.836+0100] {processor.py:743} INFO - Processing file /home/chrisfleig/.local/lib/python3.10/site-packages/airflow/example_dags/example_nested_branch_dag.py for tasks to queue
[2023-01-03T22:36:06.837+0100] {logging_mixin.py:137} INFO - [2023-01-03T22:36:06.837+0100] {dagbag.py:538} INFO - Filling up the DagBag from /home/chrisfleig/.local/lib/python3.10/site-packages/airflow/example_dags/example_nested_branch_dag.py
[2023-01-03T22:36:06.884+0100] {processor.py:753} INFO - DAG(s) dict_keys(['example_nested_branch_dag']) retrieved from /home/chrisfleig/.local/lib/python3.10/site-packages/airflow/example_dags/example_nested_branch_dag.py
[2023-01-03T22:36:06.934+0100] {logging_mixin.py:137} INFO - [2023-01-03T22:36:06.933+0100] {dag.py:2676} INFO - Sync 1 DAGs
[2023-01-03T22:36:06.980+0100] {logging_mixin.py:137} INFO - [2023-01-03T22:36:06.977+0100] {dag.py:3423} INFO - Setting next_dagrun for example_nested_branch_dag to 2023-01-02T00:00:00+00:00, run_after=2023-01-03T00:00:00+00:00
[2023-01-03T22:36:07.028+0100] {processor.py:175} INFO - Processing /home/chrisfleig/.local/lib/python3.10/site-packages/airflow/example_dags/example_nested_branch_dag.py took 0.197 seconds
[2023-01-03T22:36:44.968+0100] {processor.py:153} INFO - Started process (PID=8864) to work on /home/chrisfleig/.local/lib/python3.10/site-packages/airflow/example_dags/example_nested_branch_dag.py
[2023-01-03T22:36:44.969+0100] {processor.py:743} INFO - Processing file /home/chrisfleig/.local/lib/python3.10/site-packages/airflow/example_dags/example_nested_branch_dag.py for tasks to queue
[2023-01-03T22:36:44.969+0100] {logging_mixin.py:137} INFO - [2023-01-03T22:36:44.969+0100] {dagbag.py:538} INFO - Filling up the DagBag from /home/chrisfleig/.local/lib/python3.10/site-packages/airflow/example_dags/example_nested_branch_dag.py
[2023-01-03T22:36:44.994+0100] {processor.py:753} INFO - DAG(s) dict_keys(['example_nested_branch_dag']) retrieved from /home/chrisfleig/.local/lib/python3.10/site-packages/airflow/example_dags/example_nested_branch_dag.py
[2023-01-03T22:36:45.016+0100] {logging_mixin.py:137} INFO - [2023-01-03T22:36:45.016+0100] {dag.py:2676} INFO - Sync 1 DAGs
[2023-01-03T22:36:45.035+0100] {logging_mixin.py:137} INFO - [2023-01-03T22:36:45.035+0100] {dag.py:3423} INFO - Setting next_dagrun for example_nested_branch_dag to 2023-01-02T00:00:00+00:00, run_after=2023-01-03T00:00:00+00:00
[2023-01-03T22:36:45.074+0100] {processor.py:175} INFO - Processing /home/chrisfleig/.local/lib/python3.10/site-packages/airflow/example_dags/example_nested_branch_dag.py took 0.108 seconds
[2023-01-03T22:37:22.065+0100] {processor.py:153} INFO - Started process (PID=8902) to work on /home/chrisfleig/.local/lib/python3.10/site-packages/airflow/example_dags/example_nested_branch_dag.py
[2023-01-03T22:37:22.066+0100] {processor.py:743} INFO - Processing file /home/chrisfleig/.local/lib/python3.10/site-packages/airflow/example_dags/example_nested_branch_dag.py for tasks to queue
[2023-01-03T22:37:22.067+0100] {logging_mixin.py:137} INFO - [2023-01-03T22:37:22.067+0100] {dagbag.py:538} INFO - Filling up the DagBag from /home/chrisfleig/.local/lib/python3.10/site-packages/airflow/example_dags/example_nested_branch_dag.py
[2023-01-03T22:37:22.088+0100] {processor.py:753} INFO - DAG(s) dict_keys(['example_nested_branch_dag']) retrieved from /home/chrisfleig/.local/lib/python3.10/site-packages/airflow/example_dags/example_nested_branch_dag.py
[2023-01-03T22:37:22.109+0100] {logging_mixin.py:137} INFO - [2023-01-03T22:37:22.109+0100] {dag.py:2676} INFO - Sync 1 DAGs
[2023-01-03T22:37:22.126+0100] {logging_mixin.py:137} INFO - [2023-01-03T22:37:22.126+0100] {dag.py:3423} INFO - Setting next_dagrun for example_nested_branch_dag to 2023-01-02T00:00:00+00:00, run_after=2023-01-03T00:00:00+00:00
[2023-01-03T22:37:22.165+0100] {processor.py:175} INFO - Processing /home/chrisfleig/.local/lib/python3.10/site-packages/airflow/example_dags/example_nested_branch_dag.py took 0.102 seconds
[2023-01-03T22:38:00.995+0100] {processor.py:153} INFO - Started process (PID=8940) to work on /home/chrisfleig/.local/lib/python3.10/site-packages/airflow/example_dags/example_nested_branch_dag.py
[2023-01-03T22:38:00.996+0100] {processor.py:743} INFO - Processing file /home/chrisfleig/.local/lib/python3.10/site-packages/airflow/example_dags/example_nested_branch_dag.py for tasks to queue
[2023-01-03T22:38:00.996+0100] {logging_mixin.py:137} INFO - [2023-01-03T22:38:00.996+0100] {dagbag.py:538} INFO - Filling up the DagBag from /home/chrisfleig/.local/lib/python3.10/site-packages/airflow/example_dags/example_nested_branch_dag.py
[2023-01-03T22:38:01.024+0100] {processor.py:753} INFO - DAG(s) dict_keys(['example_nested_branch_dag']) retrieved from /home/chrisfleig/.local/lib/python3.10/site-packages/airflow/example_dags/example_nested_branch_dag.py
[2023-01-03T22:38:01.049+0100] {logging_mixin.py:137} INFO - [2023-01-03T22:38:01.049+0100] {dag.py:2676} INFO - Sync 1 DAGs
[2023-01-03T22:38:01.069+0100] {logging_mixin.py:137} INFO - [2023-01-03T22:38:01.069+0100] {dag.py:3423} INFO - Setting next_dagrun for example_nested_branch_dag to 2023-01-02T00:00:00+00:00, run_after=2023-01-03T00:00:00+00:00
[2023-01-03T22:38:01.112+0100] {processor.py:175} INFO - Processing /home/chrisfleig/.local/lib/python3.10/site-packages/airflow/example_dags/example_nested_branch_dag.py took 0.120 seconds
[2023-01-03T22:38:39.841+0100] {processor.py:153} INFO - Started process (PID=8978) to work on /home/chrisfleig/.local/lib/python3.10/site-packages/airflow/example_dags/example_nested_branch_dag.py
[2023-01-03T22:38:39.842+0100] {processor.py:743} INFO - Processing file /home/chrisfleig/.local/lib/python3.10/site-packages/airflow/example_dags/example_nested_branch_dag.py for tasks to queue
[2023-01-03T22:38:39.842+0100] {logging_mixin.py:137} INFO - [2023-01-03T22:38:39.842+0100] {dagbag.py:538} INFO - Filling up the DagBag from /home/chrisfleig/.local/lib/python3.10/site-packages/airflow/example_dags/example_nested_branch_dag.py
[2023-01-03T22:38:39.865+0100] {processor.py:753} INFO - DAG(s) dict_keys(['example_nested_branch_dag']) retrieved from /home/chrisfleig/.local/lib/python3.10/site-packages/airflow/example_dags/example_nested_branch_dag.py
[2023-01-03T22:38:39.886+0100] {logging_mixin.py:137} INFO - [2023-01-03T22:38:39.885+0100] {dag.py:2676} INFO - Sync 1 DAGs
[2023-01-03T22:38:39.903+0100] {logging_mixin.py:137} INFO - [2023-01-03T22:38:39.903+0100] {dag.py:3423} INFO - Setting next_dagrun for example_nested_branch_dag to 2023-01-02T00:00:00+00:00, run_after=2023-01-03T00:00:00+00:00
[2023-01-03T22:38:39.940+0100] {processor.py:175} INFO - Processing /home/chrisfleig/.local/lib/python3.10/site-packages/airflow/example_dags/example_nested_branch_dag.py took 0.101 seconds
[2023-01-03T22:39:18.251+0100] {processor.py:153} INFO - Started process (PID=9016) to work on /home/chrisfleig/.local/lib/python3.10/site-packages/airflow/example_dags/example_nested_branch_dag.py
[2023-01-03T22:39:18.252+0100] {processor.py:743} INFO - Processing file /home/chrisfleig/.local/lib/python3.10/site-packages/airflow/example_dags/example_nested_branch_dag.py for tasks to queue
[2023-01-03T22:39:18.253+0100] {logging_mixin.py:137} INFO - [2023-01-03T22:39:18.253+0100] {dagbag.py:538} INFO - Filling up the DagBag from /home/chrisfleig/.local/lib/python3.10/site-packages/airflow/example_dags/example_nested_branch_dag.py
[2023-01-03T22:39:18.277+0100] {processor.py:753} INFO - DAG(s) dict_keys(['example_nested_branch_dag']) retrieved from /home/chrisfleig/.local/lib/python3.10/site-packages/airflow/example_dags/example_nested_branch_dag.py
[2023-01-03T22:39:18.299+0100] {logging_mixin.py:137} INFO - [2023-01-03T22:39:18.298+0100] {dag.py:2676} INFO - Sync 1 DAGs
[2023-01-03T22:39:18.319+0100] {logging_mixin.py:137} INFO - [2023-01-03T22:39:18.319+0100] {dag.py:3423} INFO - Setting next_dagrun for example_nested_branch_dag to 2023-01-02T00:00:00+00:00, run_after=2023-01-03T00:00:00+00:00
[2023-01-03T22:39:18.359+0100] {processor.py:175} INFO - Processing /home/chrisfleig/.local/lib/python3.10/site-packages/airflow/example_dags/example_nested_branch_dag.py took 0.112 seconds
[2023-01-03T22:39:58.568+0100] {processor.py:153} INFO - Started process (PID=9054) to work on /home/chrisfleig/.local/lib/python3.10/site-packages/airflow/example_dags/example_nested_branch_dag.py
[2023-01-03T22:39:58.569+0100] {processor.py:743} INFO - Processing file /home/chrisfleig/.local/lib/python3.10/site-packages/airflow/example_dags/example_nested_branch_dag.py for tasks to queue
[2023-01-03T22:39:58.570+0100] {logging_mixin.py:137} INFO - [2023-01-03T22:39:58.570+0100] {dagbag.py:538} INFO - Filling up the DagBag from /home/chrisfleig/.local/lib/python3.10/site-packages/airflow/example_dags/example_nested_branch_dag.py
[2023-01-03T22:39:58.592+0100] {processor.py:753} INFO - DAG(s) dict_keys(['example_nested_branch_dag']) retrieved from /home/chrisfleig/.local/lib/python3.10/site-packages/airflow/example_dags/example_nested_branch_dag.py
[2023-01-03T22:39:58.612+0100] {logging_mixin.py:137} INFO - [2023-01-03T22:39:58.612+0100] {dag.py:2676} INFO - Sync 1 DAGs
[2023-01-03T22:39:58.630+0100] {logging_mixin.py:137} INFO - [2023-01-03T22:39:58.630+0100] {dag.py:3423} INFO - Setting next_dagrun for example_nested_branch_dag to 2023-01-02T00:00:00+00:00, run_after=2023-01-03T00:00:00+00:00
[2023-01-03T22:39:58.665+0100] {processor.py:175} INFO - Processing /home/chrisfleig/.local/lib/python3.10/site-packages/airflow/example_dags/example_nested_branch_dag.py took 0.100 seconds
[2023-01-03T22:40:37.163+0100] {processor.py:153} INFO - Started process (PID=9092) to work on /home/chrisfleig/.local/lib/python3.10/site-packages/airflow/example_dags/example_nested_branch_dag.py
[2023-01-03T22:40:37.165+0100] {processor.py:743} INFO - Processing file /home/chrisfleig/.local/lib/python3.10/site-packages/airflow/example_dags/example_nested_branch_dag.py for tasks to queue
[2023-01-03T22:40:37.165+0100] {logging_mixin.py:137} INFO - [2023-01-03T22:40:37.165+0100] {dagbag.py:538} INFO - Filling up the DagBag from /home/chrisfleig/.local/lib/python3.10/site-packages/airflow/example_dags/example_nested_branch_dag.py
[2023-01-03T22:40:37.199+0100] {processor.py:753} INFO - DAG(s) dict_keys(['example_nested_branch_dag']) retrieved from /home/chrisfleig/.local/lib/python3.10/site-packages/airflow/example_dags/example_nested_branch_dag.py
[2023-01-03T22:40:37.233+0100] {logging_mixin.py:137} INFO - [2023-01-03T22:40:37.233+0100] {dag.py:2676} INFO - Sync 1 DAGs
[2023-01-03T22:40:37.259+0100] {logging_mixin.py:137} INFO - [2023-01-03T22:40:37.259+0100] {dag.py:3423} INFO - Setting next_dagrun for example_nested_branch_dag to 2023-01-02T00:00:00+00:00, run_after=2023-01-03T00:00:00+00:00
[2023-01-03T22:40:37.300+0100] {processor.py:175} INFO - Processing /home/chrisfleig/.local/lib/python3.10/site-packages/airflow/example_dags/example_nested_branch_dag.py took 0.141 seconds
[2023-01-03T22:41:15.370+0100] {processor.py:153} INFO - Started process (PID=9130) to work on /home/chrisfleig/.local/lib/python3.10/site-packages/airflow/example_dags/example_nested_branch_dag.py
[2023-01-03T22:41:15.371+0100] {processor.py:743} INFO - Processing file /home/chrisfleig/.local/lib/python3.10/site-packages/airflow/example_dags/example_nested_branch_dag.py for tasks to queue
[2023-01-03T22:41:15.372+0100] {logging_mixin.py:137} INFO - [2023-01-03T22:41:15.372+0100] {dagbag.py:538} INFO - Filling up the DagBag from /home/chrisfleig/.local/lib/python3.10/site-packages/airflow/example_dags/example_nested_branch_dag.py
[2023-01-03T22:41:15.394+0100] {processor.py:753} INFO - DAG(s) dict_keys(['example_nested_branch_dag']) retrieved from /home/chrisfleig/.local/lib/python3.10/site-packages/airflow/example_dags/example_nested_branch_dag.py
[2023-01-03T22:41:15.414+0100] {logging_mixin.py:137} INFO - [2023-01-03T22:41:15.414+0100] {dag.py:2676} INFO - Sync 1 DAGs
[2023-01-03T22:41:15.431+0100] {logging_mixin.py:137} INFO - [2023-01-03T22:41:15.431+0100] {dag.py:3423} INFO - Setting next_dagrun for example_nested_branch_dag to 2023-01-02T00:00:00+00:00, run_after=2023-01-03T00:00:00+00:00
[2023-01-03T22:41:15.466+0100] {processor.py:175} INFO - Processing /home/chrisfleig/.local/lib/python3.10/site-packages/airflow/example_dags/example_nested_branch_dag.py took 0.098 seconds
[2023-01-03T22:41:53.263+0100] {processor.py:153} INFO - Started process (PID=9168) to work on /home/chrisfleig/.local/lib/python3.10/site-packages/airflow/example_dags/example_nested_branch_dag.py
[2023-01-03T22:41:53.264+0100] {processor.py:743} INFO - Processing file /home/chrisfleig/.local/lib/python3.10/site-packages/airflow/example_dags/example_nested_branch_dag.py for tasks to queue
[2023-01-03T22:41:53.264+0100] {logging_mixin.py:137} INFO - [2023-01-03T22:41:53.264+0100] {dagbag.py:538} INFO - Filling up the DagBag from /home/chrisfleig/.local/lib/python3.10/site-packages/airflow/example_dags/example_nested_branch_dag.py
[2023-01-03T22:41:53.299+0100] {processor.py:753} INFO - DAG(s) dict_keys(['example_nested_branch_dag']) retrieved from /home/chrisfleig/.local/lib/python3.10/site-packages/airflow/example_dags/example_nested_branch_dag.py
[2023-01-03T22:41:53.327+0100] {logging_mixin.py:137} INFO - [2023-01-03T22:41:53.326+0100] {dag.py:2676} INFO - Sync 1 DAGs
[2023-01-03T22:41:53.349+0100] {logging_mixin.py:137} INFO - [2023-01-03T22:41:53.349+0100] {dag.py:3423} INFO - Setting next_dagrun for example_nested_branch_dag to 2023-01-02T00:00:00+00:00, run_after=2023-01-03T00:00:00+00:00
[2023-01-03T22:41:53.386+0100] {processor.py:175} INFO - Processing /home/chrisfleig/.local/lib/python3.10/site-packages/airflow/example_dags/example_nested_branch_dag.py took 0.128 seconds
[2023-01-03T22:42:32.295+0100] {processor.py:153} INFO - Started process (PID=9210) to work on /home/chrisfleig/.local/lib/python3.10/site-packages/airflow/example_dags/example_nested_branch_dag.py
[2023-01-03T22:42:32.296+0100] {processor.py:743} INFO - Processing file /home/chrisfleig/.local/lib/python3.10/site-packages/airflow/example_dags/example_nested_branch_dag.py for tasks to queue
[2023-01-03T22:42:32.296+0100] {logging_mixin.py:137} INFO - [2023-01-03T22:42:32.296+0100] {dagbag.py:538} INFO - Filling up the DagBag from /home/chrisfleig/.local/lib/python3.10/site-packages/airflow/example_dags/example_nested_branch_dag.py
[2023-01-03T22:42:32.319+0100] {processor.py:753} INFO - DAG(s) dict_keys(['example_nested_branch_dag']) retrieved from /home/chrisfleig/.local/lib/python3.10/site-packages/airflow/example_dags/example_nested_branch_dag.py
[2023-01-03T22:42:32.339+0100] {logging_mixin.py:137} INFO - [2023-01-03T22:42:32.339+0100] {dag.py:2676} INFO - Sync 1 DAGs
[2023-01-03T22:42:32.357+0100] {logging_mixin.py:137} INFO - [2023-01-03T22:42:32.356+0100] {dag.py:3423} INFO - Setting next_dagrun for example_nested_branch_dag to 2023-01-02T00:00:00+00:00, run_after=2023-01-03T00:00:00+00:00
[2023-01-03T22:42:32.391+0100] {processor.py:175} INFO - Processing /home/chrisfleig/.local/lib/python3.10/site-packages/airflow/example_dags/example_nested_branch_dag.py took 0.099 seconds
[2023-01-03T22:43:10.562+0100] {processor.py:153} INFO - Started process (PID=9248) to work on /home/chrisfleig/.local/lib/python3.10/site-packages/airflow/example_dags/example_nested_branch_dag.py
[2023-01-03T22:43:10.563+0100] {processor.py:743} INFO - Processing file /home/chrisfleig/.local/lib/python3.10/site-packages/airflow/example_dags/example_nested_branch_dag.py for tasks to queue
[2023-01-03T22:43:10.563+0100] {logging_mixin.py:137} INFO - [2023-01-03T22:43:10.563+0100] {dagbag.py:538} INFO - Filling up the DagBag from /home/chrisfleig/.local/lib/python3.10/site-packages/airflow/example_dags/example_nested_branch_dag.py
[2023-01-03T22:43:10.588+0100] {processor.py:753} INFO - DAG(s) dict_keys(['example_nested_branch_dag']) retrieved from /home/chrisfleig/.local/lib/python3.10/site-packages/airflow/example_dags/example_nested_branch_dag.py
[2023-01-03T22:43:10.609+0100] {logging_mixin.py:137} INFO - [2023-01-03T22:43:10.609+0100] {dag.py:2676} INFO - Sync 1 DAGs
[2023-01-03T22:43:10.627+0100] {logging_mixin.py:137} INFO - [2023-01-03T22:43:10.627+0100] {dag.py:3423} INFO - Setting next_dagrun for example_nested_branch_dag to 2023-01-02T00:00:00+00:00, run_after=2023-01-03T00:00:00+00:00
[2023-01-03T22:43:10.664+0100] {processor.py:175} INFO - Processing /home/chrisfleig/.local/lib/python3.10/site-packages/airflow/example_dags/example_nested_branch_dag.py took 0.105 seconds
[2023-01-03T22:43:50.332+0100] {processor.py:153} INFO - Started process (PID=9286) to work on /home/chrisfleig/.local/lib/python3.10/site-packages/airflow/example_dags/example_nested_branch_dag.py
[2023-01-03T22:43:50.333+0100] {processor.py:743} INFO - Processing file /home/chrisfleig/.local/lib/python3.10/site-packages/airflow/example_dags/example_nested_branch_dag.py for tasks to queue
[2023-01-03T22:43:50.334+0100] {logging_mixin.py:137} INFO - [2023-01-03T22:43:50.334+0100] {dagbag.py:538} INFO - Filling up the DagBag from /home/chrisfleig/.local/lib/python3.10/site-packages/airflow/example_dags/example_nested_branch_dag.py
[2023-01-03T22:43:50.361+0100] {processor.py:753} INFO - DAG(s) dict_keys(['example_nested_branch_dag']) retrieved from /home/chrisfleig/.local/lib/python3.10/site-packages/airflow/example_dags/example_nested_branch_dag.py
[2023-01-03T22:43:50.381+0100] {logging_mixin.py:137} INFO - [2023-01-03T22:43:50.381+0100] {dag.py:2676} INFO - Sync 1 DAGs
[2023-01-03T22:43:50.398+0100] {logging_mixin.py:137} INFO - [2023-01-03T22:43:50.398+0100] {dag.py:3423} INFO - Setting next_dagrun for example_nested_branch_dag to 2023-01-02T00:00:00+00:00, run_after=2023-01-03T00:00:00+00:00
[2023-01-03T22:43:50.436+0100] {processor.py:175} INFO - Processing /home/chrisfleig/.local/lib/python3.10/site-packages/airflow/example_dags/example_nested_branch_dag.py took 0.107 seconds
[2023-01-03T22:44:29.013+0100] {processor.py:153} INFO - Started process (PID=9324) to work on /home/chrisfleig/.local/lib/python3.10/site-packages/airflow/example_dags/example_nested_branch_dag.py
[2023-01-03T22:44:29.015+0100] {processor.py:743} INFO - Processing file /home/chrisfleig/.local/lib/python3.10/site-packages/airflow/example_dags/example_nested_branch_dag.py for tasks to queue
[2023-01-03T22:44:29.016+0100] {logging_mixin.py:137} INFO - [2023-01-03T22:44:29.016+0100] {dagbag.py:538} INFO - Filling up the DagBag from /home/chrisfleig/.local/lib/python3.10/site-packages/airflow/example_dags/example_nested_branch_dag.py
[2023-01-03T22:44:29.037+0100] {processor.py:753} INFO - DAG(s) dict_keys(['example_nested_branch_dag']) retrieved from /home/chrisfleig/.local/lib/python3.10/site-packages/airflow/example_dags/example_nested_branch_dag.py
[2023-01-03T22:44:29.057+0100] {logging_mixin.py:137} INFO - [2023-01-03T22:44:29.057+0100] {dag.py:2676} INFO - Sync 1 DAGs
[2023-01-03T22:44:29.075+0100] {logging_mixin.py:137} INFO - [2023-01-03T22:44:29.075+0100] {dag.py:3423} INFO - Setting next_dagrun for example_nested_branch_dag to 2023-01-02T00:00:00+00:00, run_after=2023-01-03T00:00:00+00:00
[2023-01-03T22:44:29.110+0100] {processor.py:175} INFO - Processing /home/chrisfleig/.local/lib/python3.10/site-packages/airflow/example_dags/example_nested_branch_dag.py took 0.099 seconds
[2023-01-03T22:45:08.027+0100] {processor.py:153} INFO - Started process (PID=9362) to work on /home/chrisfleig/.local/lib/python3.10/site-packages/airflow/example_dags/example_nested_branch_dag.py
[2023-01-03T22:45:08.029+0100] {processor.py:743} INFO - Processing file /home/chrisfleig/.local/lib/python3.10/site-packages/airflow/example_dags/example_nested_branch_dag.py for tasks to queue
[2023-01-03T22:45:08.030+0100] {logging_mixin.py:137} INFO - [2023-01-03T22:45:08.029+0100] {dagbag.py:538} INFO - Filling up the DagBag from /home/chrisfleig/.local/lib/python3.10/site-packages/airflow/example_dags/example_nested_branch_dag.py
[2023-01-03T22:45:08.054+0100] {processor.py:753} INFO - DAG(s) dict_keys(['example_nested_branch_dag']) retrieved from /home/chrisfleig/.local/lib/python3.10/site-packages/airflow/example_dags/example_nested_branch_dag.py
[2023-01-03T22:45:08.076+0100] {logging_mixin.py:137} INFO - [2023-01-03T22:45:08.075+0100] {dag.py:2676} INFO - Sync 1 DAGs
[2023-01-03T22:45:08.094+0100] {logging_mixin.py:137} INFO - [2023-01-03T22:45:08.094+0100] {dag.py:3423} INFO - Setting next_dagrun for example_nested_branch_dag to 2023-01-02T00:00:00+00:00, run_after=2023-01-03T00:00:00+00:00
[2023-01-03T22:45:08.131+0100] {processor.py:175} INFO - Processing /home/chrisfleig/.local/lib/python3.10/site-packages/airflow/example_dags/example_nested_branch_dag.py took 0.108 seconds
[2023-01-03T22:45:46.819+0100] {processor.py:153} INFO - Started process (PID=9400) to work on /home/chrisfleig/.local/lib/python3.10/site-packages/airflow/example_dags/example_nested_branch_dag.py
[2023-01-03T22:45:46.820+0100] {processor.py:743} INFO - Processing file /home/chrisfleig/.local/lib/python3.10/site-packages/airflow/example_dags/example_nested_branch_dag.py for tasks to queue
[2023-01-03T22:45:46.821+0100] {logging_mixin.py:137} INFO - [2023-01-03T22:45:46.821+0100] {dagbag.py:538} INFO - Filling up the DagBag from /home/chrisfleig/.local/lib/python3.10/site-packages/airflow/example_dags/example_nested_branch_dag.py
[2023-01-03T22:45:46.842+0100] {processor.py:753} INFO - DAG(s) dict_keys(['example_nested_branch_dag']) retrieved from /home/chrisfleig/.local/lib/python3.10/site-packages/airflow/example_dags/example_nested_branch_dag.py
[2023-01-03T22:45:46.863+0100] {logging_mixin.py:137} INFO - [2023-01-03T22:45:46.863+0100] {dag.py:2676} INFO - Sync 1 DAGs
[2023-01-03T22:45:46.881+0100] {logging_mixin.py:137} INFO - [2023-01-03T22:45:46.881+0100] {dag.py:3423} INFO - Setting next_dagrun for example_nested_branch_dag to 2023-01-02T00:00:00+00:00, run_after=2023-01-03T00:00:00+00:00
[2023-01-03T22:45:46.918+0100] {processor.py:175} INFO - Processing /home/chrisfleig/.local/lib/python3.10/site-packages/airflow/example_dags/example_nested_branch_dag.py took 0.101 seconds
[2023-01-03T22:46:23.825+0100] {processor.py:153} INFO - Started process (PID=9438) to work on /home/chrisfleig/.local/lib/python3.10/site-packages/airflow/example_dags/example_nested_branch_dag.py
[2023-01-03T22:46:23.826+0100] {processor.py:743} INFO - Processing file /home/chrisfleig/.local/lib/python3.10/site-packages/airflow/example_dags/example_nested_branch_dag.py for tasks to queue
[2023-01-03T22:46:23.826+0100] {logging_mixin.py:137} INFO - [2023-01-03T22:46:23.826+0100] {dagbag.py:538} INFO - Filling up the DagBag from /home/chrisfleig/.local/lib/python3.10/site-packages/airflow/example_dags/example_nested_branch_dag.py
[2023-01-03T22:46:23.848+0100] {processor.py:753} INFO - DAG(s) dict_keys(['example_nested_branch_dag']) retrieved from /home/chrisfleig/.local/lib/python3.10/site-packages/airflow/example_dags/example_nested_branch_dag.py
[2023-01-03T22:46:23.869+0100] {logging_mixin.py:137} INFO - [2023-01-03T22:46:23.869+0100] {dag.py:2676} INFO - Sync 1 DAGs
[2023-01-03T22:46:23.886+0100] {logging_mixin.py:137} INFO - [2023-01-03T22:46:23.886+0100] {dag.py:3423} INFO - Setting next_dagrun for example_nested_branch_dag to 2023-01-02T00:00:00+00:00, run_after=2023-01-03T00:00:00+00:00
[2023-01-03T22:46:23.922+0100] {processor.py:175} INFO - Processing /home/chrisfleig/.local/lib/python3.10/site-packages/airflow/example_dags/example_nested_branch_dag.py took 0.099 seconds
[2023-01-03T22:47:01.880+0100] {processor.py:153} INFO - Started process (PID=9476) to work on /home/chrisfleig/.local/lib/python3.10/site-packages/airflow/example_dags/example_nested_branch_dag.py
[2023-01-03T22:47:01.881+0100] {processor.py:743} INFO - Processing file /home/chrisfleig/.local/lib/python3.10/site-packages/airflow/example_dags/example_nested_branch_dag.py for tasks to queue
[2023-01-03T22:47:01.882+0100] {logging_mixin.py:137} INFO - [2023-01-03T22:47:01.882+0100] {dagbag.py:538} INFO - Filling up the DagBag from /home/chrisfleig/.local/lib/python3.10/site-packages/airflow/example_dags/example_nested_branch_dag.py
[2023-01-03T22:47:01.906+0100] {processor.py:753} INFO - DAG(s) dict_keys(['example_nested_branch_dag']) retrieved from /home/chrisfleig/.local/lib/python3.10/site-packages/airflow/example_dags/example_nested_branch_dag.py
[2023-01-03T22:47:01.927+0100] {logging_mixin.py:137} INFO - [2023-01-03T22:47:01.927+0100] {dag.py:2676} INFO - Sync 1 DAGs
[2023-01-03T22:47:01.945+0100] {logging_mixin.py:137} INFO - [2023-01-03T22:47:01.945+0100] {dag.py:3423} INFO - Setting next_dagrun for example_nested_branch_dag to 2023-01-02T00:00:00+00:00, run_after=2023-01-03T00:00:00+00:00
[2023-01-03T22:47:01.980+0100] {processor.py:175} INFO - Processing /home/chrisfleig/.local/lib/python3.10/site-packages/airflow/example_dags/example_nested_branch_dag.py took 0.103 seconds
[2023-01-03T22:47:41.821+0100] {processor.py:153} INFO - Started process (PID=9514) to work on /home/chrisfleig/.local/lib/python3.10/site-packages/airflow/example_dags/example_nested_branch_dag.py
[2023-01-03T22:47:41.822+0100] {processor.py:743} INFO - Processing file /home/chrisfleig/.local/lib/python3.10/site-packages/airflow/example_dags/example_nested_branch_dag.py for tasks to queue
[2023-01-03T22:47:41.823+0100] {logging_mixin.py:137} INFO - [2023-01-03T22:47:41.823+0100] {dagbag.py:538} INFO - Filling up the DagBag from /home/chrisfleig/.local/lib/python3.10/site-packages/airflow/example_dags/example_nested_branch_dag.py
[2023-01-03T22:47:41.845+0100] {processor.py:753} INFO - DAG(s) dict_keys(['example_nested_branch_dag']) retrieved from /home/chrisfleig/.local/lib/python3.10/site-packages/airflow/example_dags/example_nested_branch_dag.py
[2023-01-03T22:47:41.865+0100] {logging_mixin.py:137} INFO - [2023-01-03T22:47:41.865+0100] {dag.py:2676} INFO - Sync 1 DAGs
[2023-01-03T22:47:41.882+0100] {logging_mixin.py:137} INFO - [2023-01-03T22:47:41.882+0100] {dag.py:3423} INFO - Setting next_dagrun for example_nested_branch_dag to 2023-01-02T00:00:00+00:00, run_after=2023-01-03T00:00:00+00:00
[2023-01-03T22:47:41.916+0100] {processor.py:175} INFO - Processing /home/chrisfleig/.local/lib/python3.10/site-packages/airflow/example_dags/example_nested_branch_dag.py took 0.097 seconds
[2023-01-03T22:48:20.331+0100] {processor.py:153} INFO - Started process (PID=9552) to work on /home/chrisfleig/.local/lib/python3.10/site-packages/airflow/example_dags/example_nested_branch_dag.py
[2023-01-03T22:48:20.332+0100] {processor.py:743} INFO - Processing file /home/chrisfleig/.local/lib/python3.10/site-packages/airflow/example_dags/example_nested_branch_dag.py for tasks to queue
[2023-01-03T22:48:20.333+0100] {logging_mixin.py:137} INFO - [2023-01-03T22:48:20.332+0100] {dagbag.py:538} INFO - Filling up the DagBag from /home/chrisfleig/.local/lib/python3.10/site-packages/airflow/example_dags/example_nested_branch_dag.py
[2023-01-03T22:48:20.355+0100] {processor.py:753} INFO - DAG(s) dict_keys(['example_nested_branch_dag']) retrieved from /home/chrisfleig/.local/lib/python3.10/site-packages/airflow/example_dags/example_nested_branch_dag.py
[2023-01-03T22:48:20.376+0100] {logging_mixin.py:137} INFO - [2023-01-03T22:48:20.376+0100] {dag.py:2676} INFO - Sync 1 DAGs
[2023-01-03T22:48:20.394+0100] {logging_mixin.py:137} INFO - [2023-01-03T22:48:20.394+0100] {dag.py:3423} INFO - Setting next_dagrun for example_nested_branch_dag to 2023-01-02T00:00:00+00:00, run_after=2023-01-03T00:00:00+00:00
[2023-01-03T22:48:20.433+0100] {processor.py:175} INFO - Processing /home/chrisfleig/.local/lib/python3.10/site-packages/airflow/example_dags/example_nested_branch_dag.py took 0.105 seconds
[2023-01-03T22:49:01.672+0100] {processor.py:153} INFO - Started process (PID=9590) to work on /home/chrisfleig/.local/lib/python3.10/site-packages/airflow/example_dags/example_nested_branch_dag.py
[2023-01-03T22:49:01.674+0100] {processor.py:743} INFO - Processing file /home/chrisfleig/.local/lib/python3.10/site-packages/airflow/example_dags/example_nested_branch_dag.py for tasks to queue
[2023-01-03T22:49:01.674+0100] {logging_mixin.py:137} INFO - [2023-01-03T22:49:01.674+0100] {dagbag.py:538} INFO - Filling up the DagBag from /home/chrisfleig/.local/lib/python3.10/site-packages/airflow/example_dags/example_nested_branch_dag.py
[2023-01-03T22:49:01.698+0100] {processor.py:753} INFO - DAG(s) dict_keys(['example_nested_branch_dag']) retrieved from /home/chrisfleig/.local/lib/python3.10/site-packages/airflow/example_dags/example_nested_branch_dag.py
[2023-01-03T22:49:01.719+0100] {logging_mixin.py:137} INFO - [2023-01-03T22:49:01.719+0100] {dag.py:2676} INFO - Sync 1 DAGs
[2023-01-03T22:49:01.738+0100] {logging_mixin.py:137} INFO - [2023-01-03T22:49:01.738+0100] {dag.py:3423} INFO - Setting next_dagrun for example_nested_branch_dag to 2023-01-02T00:00:00+00:00, run_after=2023-01-03T00:00:00+00:00
[2023-01-03T22:49:01.781+0100] {processor.py:175} INFO - Processing /home/chrisfleig/.local/lib/python3.10/site-packages/airflow/example_dags/example_nested_branch_dag.py took 0.111 seconds
[2023-01-03T22:49:42.691+0100] {processor.py:153} INFO - Started process (PID=9628) to work on /home/chrisfleig/.local/lib/python3.10/site-packages/airflow/example_dags/example_nested_branch_dag.py
[2023-01-03T22:49:42.692+0100] {processor.py:743} INFO - Processing file /home/chrisfleig/.local/lib/python3.10/site-packages/airflow/example_dags/example_nested_branch_dag.py for tasks to queue
[2023-01-03T22:49:42.693+0100] {logging_mixin.py:137} INFO - [2023-01-03T22:49:42.693+0100] {dagbag.py:538} INFO - Filling up the DagBag from /home/chrisfleig/.local/lib/python3.10/site-packages/airflow/example_dags/example_nested_branch_dag.py
[2023-01-03T22:49:42.715+0100] {processor.py:753} INFO - DAG(s) dict_keys(['example_nested_branch_dag']) retrieved from /home/chrisfleig/.local/lib/python3.10/site-packages/airflow/example_dags/example_nested_branch_dag.py
[2023-01-03T22:49:42.734+0100] {logging_mixin.py:137} INFO - [2023-01-03T22:49:42.734+0100] {dag.py:2676} INFO - Sync 1 DAGs
[2023-01-03T22:49:42.753+0100] {logging_mixin.py:137} INFO - [2023-01-03T22:49:42.752+0100] {dag.py:3423} INFO - Setting next_dagrun for example_nested_branch_dag to 2023-01-02T00:00:00+00:00, run_after=2023-01-03T00:00:00+00:00
[2023-01-03T22:49:42.786+0100] {processor.py:175} INFO - Processing /home/chrisfleig/.local/lib/python3.10/site-packages/airflow/example_dags/example_nested_branch_dag.py took 0.097 seconds
[2023-01-03T22:50:20.321+0100] {processor.py:153} INFO - Started process (PID=9666) to work on /home/chrisfleig/.local/lib/python3.10/site-packages/airflow/example_dags/example_nested_branch_dag.py
[2023-01-03T22:50:20.322+0100] {processor.py:743} INFO - Processing file /home/chrisfleig/.local/lib/python3.10/site-packages/airflow/example_dags/example_nested_branch_dag.py for tasks to queue
[2023-01-03T22:50:20.322+0100] {logging_mixin.py:137} INFO - [2023-01-03T22:50:20.322+0100] {dagbag.py:538} INFO - Filling up the DagBag from /home/chrisfleig/.local/lib/python3.10/site-packages/airflow/example_dags/example_nested_branch_dag.py
[2023-01-03T22:50:20.344+0100] {processor.py:753} INFO - DAG(s) dict_keys(['example_nested_branch_dag']) retrieved from /home/chrisfleig/.local/lib/python3.10/site-packages/airflow/example_dags/example_nested_branch_dag.py
[2023-01-03T22:50:20.365+0100] {logging_mixin.py:137} INFO - [2023-01-03T22:50:20.365+0100] {dag.py:2676} INFO - Sync 1 DAGs
[2023-01-03T22:50:20.382+0100] {logging_mixin.py:137} INFO - [2023-01-03T22:50:20.382+0100] {dag.py:3423} INFO - Setting next_dagrun for example_nested_branch_dag to 2023-01-02T00:00:00+00:00, run_after=2023-01-03T00:00:00+00:00
[2023-01-03T22:50:20.417+0100] {processor.py:175} INFO - Processing /home/chrisfleig/.local/lib/python3.10/site-packages/airflow/example_dags/example_nested_branch_dag.py took 0.099 seconds
[2023-01-03T22:51:00.776+0100] {processor.py:153} INFO - Started process (PID=9704) to work on /home/chrisfleig/.local/lib/python3.10/site-packages/airflow/example_dags/example_nested_branch_dag.py
[2023-01-03T22:51:00.778+0100] {processor.py:743} INFO - Processing file /home/chrisfleig/.local/lib/python3.10/site-packages/airflow/example_dags/example_nested_branch_dag.py for tasks to queue
[2023-01-03T22:51:00.780+0100] {logging_mixin.py:137} INFO - [2023-01-03T22:51:00.779+0100] {dagbag.py:538} INFO - Filling up the DagBag from /home/chrisfleig/.local/lib/python3.10/site-packages/airflow/example_dags/example_nested_branch_dag.py
[2023-01-03T22:51:00.809+0100] {processor.py:753} INFO - DAG(s) dict_keys(['example_nested_branch_dag']) retrieved from /home/chrisfleig/.local/lib/python3.10/site-packages/airflow/example_dags/example_nested_branch_dag.py
[2023-01-03T22:51:00.838+0100] {logging_mixin.py:137} INFO - [2023-01-03T22:51:00.838+0100] {dag.py:2676} INFO - Sync 1 DAGs
[2023-01-03T22:51:00.864+0100] {logging_mixin.py:137} INFO - [2023-01-03T22:51:00.864+0100] {dag.py:3423} INFO - Setting next_dagrun for example_nested_branch_dag to 2023-01-02T00:00:00+00:00, run_after=2023-01-03T00:00:00+00:00
[2023-01-03T22:51:00.906+0100] {processor.py:175} INFO - Processing /home/chrisfleig/.local/lib/python3.10/site-packages/airflow/example_dags/example_nested_branch_dag.py took 0.133 seconds
[2023-01-03T22:51:37.996+0100] {processor.py:153} INFO - Started process (PID=9742) to work on /home/chrisfleig/.local/lib/python3.10/site-packages/airflow/example_dags/example_nested_branch_dag.py
[2023-01-03T22:51:37.997+0100] {processor.py:743} INFO - Processing file /home/chrisfleig/.local/lib/python3.10/site-packages/airflow/example_dags/example_nested_branch_dag.py for tasks to queue
[2023-01-03T22:51:37.998+0100] {logging_mixin.py:137} INFO - [2023-01-03T22:51:37.998+0100] {dagbag.py:538} INFO - Filling up the DagBag from /home/chrisfleig/.local/lib/python3.10/site-packages/airflow/example_dags/example_nested_branch_dag.py
[2023-01-03T22:51:38.021+0100] {processor.py:753} INFO - DAG(s) dict_keys(['example_nested_branch_dag']) retrieved from /home/chrisfleig/.local/lib/python3.10/site-packages/airflow/example_dags/example_nested_branch_dag.py
[2023-01-03T22:51:38.041+0100] {logging_mixin.py:137} INFO - [2023-01-03T22:51:38.041+0100] {dag.py:2676} INFO - Sync 1 DAGs
[2023-01-03T22:51:38.058+0100] {logging_mixin.py:137} INFO - [2023-01-03T22:51:38.058+0100] {dag.py:3423} INFO - Setting next_dagrun for example_nested_branch_dag to 2023-01-02T00:00:00+00:00, run_after=2023-01-03T00:00:00+00:00
[2023-01-03T22:51:38.098+0100] {processor.py:175} INFO - Processing /home/chrisfleig/.local/lib/python3.10/site-packages/airflow/example_dags/example_nested_branch_dag.py took 0.104 seconds
[2023-01-03T22:52:19.556+0100] {processor.py:153} INFO - Started process (PID=9780) to work on /home/chrisfleig/.local/lib/python3.10/site-packages/airflow/example_dags/example_nested_branch_dag.py
[2023-01-03T22:52:19.557+0100] {processor.py:743} INFO - Processing file /home/chrisfleig/.local/lib/python3.10/site-packages/airflow/example_dags/example_nested_branch_dag.py for tasks to queue
[2023-01-03T22:52:19.558+0100] {logging_mixin.py:137} INFO - [2023-01-03T22:52:19.557+0100] {dagbag.py:538} INFO - Filling up the DagBag from /home/chrisfleig/.local/lib/python3.10/site-packages/airflow/example_dags/example_nested_branch_dag.py
[2023-01-03T22:52:19.581+0100] {processor.py:753} INFO - DAG(s) dict_keys(['example_nested_branch_dag']) retrieved from /home/chrisfleig/.local/lib/python3.10/site-packages/airflow/example_dags/example_nested_branch_dag.py
[2023-01-03T22:52:19.601+0100] {logging_mixin.py:137} INFO - [2023-01-03T22:52:19.601+0100] {dag.py:2676} INFO - Sync 1 DAGs
[2023-01-03T22:52:19.620+0100] {logging_mixin.py:137} INFO - [2023-01-03T22:52:19.620+0100] {dag.py:3423} INFO - Setting next_dagrun for example_nested_branch_dag to 2023-01-02T00:00:00+00:00, run_after=2023-01-03T00:00:00+00:00
[2023-01-03T22:52:19.655+0100] {processor.py:175} INFO - Processing /home/chrisfleig/.local/lib/python3.10/site-packages/airflow/example_dags/example_nested_branch_dag.py took 0.101 seconds
[2023-01-03T22:52:59.287+0100] {processor.py:153} INFO - Started process (PID=9818) to work on /home/chrisfleig/.local/lib/python3.10/site-packages/airflow/example_dags/example_nested_branch_dag.py
[2023-01-03T22:52:59.288+0100] {processor.py:743} INFO - Processing file /home/chrisfleig/.local/lib/python3.10/site-packages/airflow/example_dags/example_nested_branch_dag.py for tasks to queue
[2023-01-03T22:52:59.288+0100] {logging_mixin.py:137} INFO - [2023-01-03T22:52:59.288+0100] {dagbag.py:538} INFO - Filling up the DagBag from /home/chrisfleig/.local/lib/python3.10/site-packages/airflow/example_dags/example_nested_branch_dag.py
[2023-01-03T22:52:59.312+0100] {processor.py:753} INFO - DAG(s) dict_keys(['example_nested_branch_dag']) retrieved from /home/chrisfleig/.local/lib/python3.10/site-packages/airflow/example_dags/example_nested_branch_dag.py
[2023-01-03T22:52:59.335+0100] {logging_mixin.py:137} INFO - [2023-01-03T22:52:59.334+0100] {dag.py:2676} INFO - Sync 1 DAGs
[2023-01-03T22:52:59.353+0100] {logging_mixin.py:137} INFO - [2023-01-03T22:52:59.353+0100] {dag.py:3423} INFO - Setting next_dagrun for example_nested_branch_dag to 2023-01-02T00:00:00+00:00, run_after=2023-01-03T00:00:00+00:00
[2023-01-03T22:52:59.391+0100] {processor.py:175} INFO - Processing /home/chrisfleig/.local/lib/python3.10/site-packages/airflow/example_dags/example_nested_branch_dag.py took 0.107 seconds
[2023-01-03T22:53:37.284+0100] {processor.py:153} INFO - Started process (PID=9858) to work on /home/chrisfleig/.local/lib/python3.10/site-packages/airflow/example_dags/example_nested_branch_dag.py
[2023-01-03T22:53:37.285+0100] {processor.py:743} INFO - Processing file /home/chrisfleig/.local/lib/python3.10/site-packages/airflow/example_dags/example_nested_branch_dag.py for tasks to queue
[2023-01-03T22:53:37.286+0100] {logging_mixin.py:137} INFO - [2023-01-03T22:53:37.286+0100] {dagbag.py:538} INFO - Filling up the DagBag from /home/chrisfleig/.local/lib/python3.10/site-packages/airflow/example_dags/example_nested_branch_dag.py
[2023-01-03T22:53:37.310+0100] {processor.py:753} INFO - DAG(s) dict_keys(['example_nested_branch_dag']) retrieved from /home/chrisfleig/.local/lib/python3.10/site-packages/airflow/example_dags/example_nested_branch_dag.py
[2023-01-03T22:53:37.333+0100] {logging_mixin.py:137} INFO - [2023-01-03T22:53:37.333+0100] {dag.py:2676} INFO - Sync 1 DAGs
[2023-01-03T22:53:37.354+0100] {logging_mixin.py:137} INFO - [2023-01-03T22:53:37.354+0100] {dag.py:3423} INFO - Setting next_dagrun for example_nested_branch_dag to 2023-01-02T00:00:00+00:00, run_after=2023-01-03T00:00:00+00:00
[2023-01-03T22:53:37.389+0100] {processor.py:175} INFO - Processing /home/chrisfleig/.local/lib/python3.10/site-packages/airflow/example_dags/example_nested_branch_dag.py took 0.107 seconds
[2023-01-03T22:54:20.102+0100] {processor.py:153} INFO - Started process (PID=9900) to work on /home/chrisfleig/.local/lib/python3.10/site-packages/airflow/example_dags/example_nested_branch_dag.py
[2023-01-03T22:54:20.104+0100] {processor.py:743} INFO - Processing file /home/chrisfleig/.local/lib/python3.10/site-packages/airflow/example_dags/example_nested_branch_dag.py for tasks to queue
[2023-01-03T22:54:20.104+0100] {logging_mixin.py:137} INFO - [2023-01-03T22:54:20.104+0100] {dagbag.py:538} INFO - Filling up the DagBag from /home/chrisfleig/.local/lib/python3.10/site-packages/airflow/example_dags/example_nested_branch_dag.py
[2023-01-03T22:54:20.129+0100] {processor.py:753} INFO - DAG(s) dict_keys(['example_nested_branch_dag']) retrieved from /home/chrisfleig/.local/lib/python3.10/site-packages/airflow/example_dags/example_nested_branch_dag.py
[2023-01-03T22:54:20.153+0100] {logging_mixin.py:137} INFO - [2023-01-03T22:54:20.153+0100] {dag.py:2676} INFO - Sync 1 DAGs
[2023-01-03T22:54:20.175+0100] {logging_mixin.py:137} INFO - [2023-01-03T22:54:20.174+0100] {dag.py:3423} INFO - Setting next_dagrun for example_nested_branch_dag to 2023-01-02T00:00:00+00:00, run_after=2023-01-03T00:00:00+00:00
[2023-01-03T22:54:20.218+0100] {processor.py:175} INFO - Processing /home/chrisfleig/.local/lib/python3.10/site-packages/airflow/example_dags/example_nested_branch_dag.py took 0.119 seconds
[2023-01-03T22:55:03.091+0100] {processor.py:153} INFO - Started process (PID=9939) to work on /home/chrisfleig/.local/lib/python3.10/site-packages/airflow/example_dags/example_nested_branch_dag.py
[2023-01-03T22:55:03.093+0100] {processor.py:743} INFO - Processing file /home/chrisfleig/.local/lib/python3.10/site-packages/airflow/example_dags/example_nested_branch_dag.py for tasks to queue
[2023-01-03T22:55:03.094+0100] {logging_mixin.py:137} INFO - [2023-01-03T22:55:03.094+0100] {dagbag.py:538} INFO - Filling up the DagBag from /home/chrisfleig/.local/lib/python3.10/site-packages/airflow/example_dags/example_nested_branch_dag.py
[2023-01-03T22:55:03.156+0100] {processor.py:753} INFO - DAG(s) dict_keys(['example_nested_branch_dag']) retrieved from /home/chrisfleig/.local/lib/python3.10/site-packages/airflow/example_dags/example_nested_branch_dag.py
[2023-01-03T22:55:03.218+0100] {logging_mixin.py:137} INFO - [2023-01-03T22:55:03.218+0100] {dag.py:2676} INFO - Sync 1 DAGs
[2023-01-03T22:55:03.276+0100] {logging_mixin.py:137} INFO - [2023-01-03T22:55:03.276+0100] {dag.py:3423} INFO - Setting next_dagrun for example_nested_branch_dag to 2023-01-02T00:00:00+00:00, run_after=2023-01-03T00:00:00+00:00
[2023-01-03T22:55:03.353+0100] {processor.py:175} INFO - Processing /home/chrisfleig/.local/lib/python3.10/site-packages/airflow/example_dags/example_nested_branch_dag.py took 0.270 seconds
[2023-01-03T22:55:46.150+0100] {processor.py:153} INFO - Started process (PID=9978) to work on /home/chrisfleig/.local/lib/python3.10/site-packages/airflow/example_dags/example_nested_branch_dag.py
[2023-01-03T22:55:46.151+0100] {processor.py:743} INFO - Processing file /home/chrisfleig/.local/lib/python3.10/site-packages/airflow/example_dags/example_nested_branch_dag.py for tasks to queue
[2023-01-03T22:55:46.151+0100] {logging_mixin.py:137} INFO - [2023-01-03T22:55:46.151+0100] {dagbag.py:538} INFO - Filling up the DagBag from /home/chrisfleig/.local/lib/python3.10/site-packages/airflow/example_dags/example_nested_branch_dag.py
[2023-01-03T22:55:46.180+0100] {processor.py:753} INFO - DAG(s) dict_keys(['example_nested_branch_dag']) retrieved from /home/chrisfleig/.local/lib/python3.10/site-packages/airflow/example_dags/example_nested_branch_dag.py
[2023-01-03T22:55:46.207+0100] {logging_mixin.py:137} INFO - [2023-01-03T22:55:46.207+0100] {dag.py:2676} INFO - Sync 1 DAGs
[2023-01-03T22:55:46.230+0100] {logging_mixin.py:137} INFO - [2023-01-03T22:55:46.230+0100] {dag.py:3423} INFO - Setting next_dagrun for example_nested_branch_dag to 2023-01-02T00:00:00+00:00, run_after=2023-01-03T00:00:00+00:00
[2023-01-03T22:55:46.274+0100] {processor.py:175} INFO - Processing /home/chrisfleig/.local/lib/python3.10/site-packages/airflow/example_dags/example_nested_branch_dag.py took 0.127 seconds
[2023-01-03T22:56:28.247+0100] {processor.py:153} INFO - Started process (PID=10021) to work on /home/chrisfleig/.local/lib/python3.10/site-packages/airflow/example_dags/example_nested_branch_dag.py
[2023-01-03T22:56:28.250+0100] {processor.py:743} INFO - Processing file /home/chrisfleig/.local/lib/python3.10/site-packages/airflow/example_dags/example_nested_branch_dag.py for tasks to queue
[2023-01-03T22:56:28.251+0100] {logging_mixin.py:137} INFO - [2023-01-03T22:56:28.251+0100] {dagbag.py:538} INFO - Filling up the DagBag from /home/chrisfleig/.local/lib/python3.10/site-packages/airflow/example_dags/example_nested_branch_dag.py
[2023-01-03T22:56:28.381+0100] {processor.py:753} INFO - DAG(s) dict_keys(['example_nested_branch_dag']) retrieved from /home/chrisfleig/.local/lib/python3.10/site-packages/airflow/example_dags/example_nested_branch_dag.py
[2023-01-03T22:56:28.493+0100] {logging_mixin.py:137} INFO - [2023-01-03T22:56:28.492+0100] {dag.py:2676} INFO - Sync 1 DAGs
[2023-01-03T22:56:28.541+0100] {logging_mixin.py:137} INFO - [2023-01-03T22:56:28.541+0100] {dag.py:3423} INFO - Setting next_dagrun for example_nested_branch_dag to 2023-01-02T00:00:00+00:00, run_after=2023-01-03T00:00:00+00:00
[2023-01-03T22:56:28.612+0100] {processor.py:175} INFO - Processing /home/chrisfleig/.local/lib/python3.10/site-packages/airflow/example_dags/example_nested_branch_dag.py took 0.380 seconds
[2023-01-03T22:57:10.558+0100] {processor.py:153} INFO - Started process (PID=10060) to work on /home/chrisfleig/.local/lib/python3.10/site-packages/airflow/example_dags/example_nested_branch_dag.py
[2023-01-03T22:57:10.560+0100] {processor.py:743} INFO - Processing file /home/chrisfleig/.local/lib/python3.10/site-packages/airflow/example_dags/example_nested_branch_dag.py for tasks to queue
[2023-01-03T22:57:10.560+0100] {logging_mixin.py:137} INFO - [2023-01-03T22:57:10.560+0100] {dagbag.py:538} INFO - Filling up the DagBag from /home/chrisfleig/.local/lib/python3.10/site-packages/airflow/example_dags/example_nested_branch_dag.py
[2023-01-03T22:57:10.591+0100] {processor.py:753} INFO - DAG(s) dict_keys(['example_nested_branch_dag']) retrieved from /home/chrisfleig/.local/lib/python3.10/site-packages/airflow/example_dags/example_nested_branch_dag.py
[2023-01-03T22:57:10.617+0100] {logging_mixin.py:137} INFO - [2023-01-03T22:57:10.617+0100] {dag.py:2676} INFO - Sync 1 DAGs
[2023-01-03T22:57:10.638+0100] {logging_mixin.py:137} INFO - [2023-01-03T22:57:10.638+0100] {dag.py:3423} INFO - Setting next_dagrun for example_nested_branch_dag to 2023-01-02T00:00:00+00:00, run_after=2023-01-03T00:00:00+00:00
[2023-01-03T22:57:10.677+0100] {processor.py:175} INFO - Processing /home/chrisfleig/.local/lib/python3.10/site-packages/airflow/example_dags/example_nested_branch_dag.py took 0.122 seconds
