[2023-01-03T22:11:05.297+0100] {processor.py:153} INFO - Started process (PID=8201) to work on /home/chrisfleig/.local/lib/python3.10/site-packages/airflow/example_dags/example_sla_dag.py
[2023-01-03T22:11:05.298+0100] {processor.py:743} INFO - Processing file /home/chrisfleig/.local/lib/python3.10/site-packages/airflow/example_dags/example_sla_dag.py for tasks to queue
[2023-01-03T22:11:05.298+0100] {logging_mixin.py:137} INFO - [2023-01-03T22:11:05.298+0100] {dagbag.py:538} INFO - Filling up the DagBag from /home/chrisfleig/.local/lib/python3.10/site-packages/airflow/example_dags/example_sla_dag.py
[2023-01-03T22:11:05.324+0100] {processor.py:753} INFO - DAG(s) dict_keys(['example_sla_dag']) retrieved from /home/chrisfleig/.local/lib/python3.10/site-packages/airflow/example_dags/example_sla_dag.py
[2023-01-03T22:11:05.470+0100] {logging_mixin.py:137} INFO - [2023-01-03T22:11:05.470+0100] {manager.py:504} INFO - Created Permission View: can edit on DAG:example_sla_dag
[2023-01-03T22:11:05.495+0100] {logging_mixin.py:137} INFO - [2023-01-03T22:11:05.495+0100] {manager.py:504} INFO - Created Permission View: can delete on DAG:example_sla_dag
[2023-01-03T22:11:05.523+0100] {logging_mixin.py:137} INFO - [2023-01-03T22:11:05.522+0100] {manager.py:504} INFO - Created Permission View: can read on DAG:example_sla_dag
[2023-01-03T22:11:05.523+0100] {logging_mixin.py:137} INFO - [2023-01-03T22:11:05.523+0100] {dag.py:2676} INFO - Sync 1 DAGs
[2023-01-03T22:11:05.531+0100] {logging_mixin.py:137} INFO - [2023-01-03T22:11:05.531+0100] {dag.py:2697} INFO - Creating ORM DAG for example_sla_dag
[2023-01-03T22:11:05.542+0100] {logging_mixin.py:137} INFO - [2023-01-03T22:11:05.542+0100] {dag.py:3423} INFO - Setting next_dagrun for example_sla_dag to 2023-01-03T21:08:00+00:00, run_after=2023-01-03T21:10:00+00:00
[2023-01-03T22:11:05.581+0100] {processor.py:175} INFO - Processing /home/chrisfleig/.local/lib/python3.10/site-packages/airflow/example_dags/example_sla_dag.py took 0.289 seconds
[2023-01-03T22:11:46.408+0100] {processor.py:153} INFO - Started process (PID=8239) to work on /home/chrisfleig/.local/lib/python3.10/site-packages/airflow/example_dags/example_sla_dag.py
[2023-01-03T22:11:46.409+0100] {processor.py:743} INFO - Processing file /home/chrisfleig/.local/lib/python3.10/site-packages/airflow/example_dags/example_sla_dag.py for tasks to queue
[2023-01-03T22:11:46.409+0100] {logging_mixin.py:137} INFO - [2023-01-03T22:11:46.409+0100] {dagbag.py:538} INFO - Filling up the DagBag from /home/chrisfleig/.local/lib/python3.10/site-packages/airflow/example_dags/example_sla_dag.py
[2023-01-03T22:11:46.430+0100] {processor.py:753} INFO - DAG(s) dict_keys(['example_sla_dag']) retrieved from /home/chrisfleig/.local/lib/python3.10/site-packages/airflow/example_dags/example_sla_dag.py
[2023-01-03T22:11:46.451+0100] {logging_mixin.py:137} INFO - [2023-01-03T22:11:46.450+0100] {dag.py:2676} INFO - Sync 1 DAGs
[2023-01-03T22:11:46.470+0100] {logging_mixin.py:137} INFO - [2023-01-03T22:11:46.469+0100] {dag.py:3423} INFO - Setting next_dagrun for example_sla_dag to 2023-01-03T21:08:00+00:00, run_after=2023-01-03T21:10:00+00:00
[2023-01-03T22:11:46.503+0100] {processor.py:175} INFO - Processing /home/chrisfleig/.local/lib/python3.10/site-packages/airflow/example_dags/example_sla_dag.py took 0.098 seconds
[2023-01-03T22:12:25.983+0100] {processor.py:153} INFO - Started process (PID=8277) to work on /home/chrisfleig/.local/lib/python3.10/site-packages/airflow/example_dags/example_sla_dag.py
[2023-01-03T22:12:25.984+0100] {processor.py:743} INFO - Processing file /home/chrisfleig/.local/lib/python3.10/site-packages/airflow/example_dags/example_sla_dag.py for tasks to queue
[2023-01-03T22:12:25.984+0100] {logging_mixin.py:137} INFO - [2023-01-03T22:12:25.984+0100] {dagbag.py:538} INFO - Filling up the DagBag from /home/chrisfleig/.local/lib/python3.10/site-packages/airflow/example_dags/example_sla_dag.py
[2023-01-03T22:12:26.008+0100] {processor.py:753} INFO - DAG(s) dict_keys(['example_sla_dag']) retrieved from /home/chrisfleig/.local/lib/python3.10/site-packages/airflow/example_dags/example_sla_dag.py
[2023-01-03T22:12:26.031+0100] {logging_mixin.py:137} INFO - [2023-01-03T22:12:26.031+0100] {dag.py:2676} INFO - Sync 1 DAGs
[2023-01-03T22:12:26.049+0100] {logging_mixin.py:137} INFO - [2023-01-03T22:12:26.049+0100] {dag.py:3423} INFO - Setting next_dagrun for example_sla_dag to 2023-01-03T21:10:00+00:00, run_after=2023-01-03T21:12:00+00:00
[2023-01-03T22:12:26.092+0100] {processor.py:175} INFO - Processing /home/chrisfleig/.local/lib/python3.10/site-packages/airflow/example_dags/example_sla_dag.py took 0.112 seconds
[2023-01-03T22:13:04.743+0100] {processor.py:153} INFO - Started process (PID=8315) to work on /home/chrisfleig/.local/lib/python3.10/site-packages/airflow/example_dags/example_sla_dag.py
[2023-01-03T22:13:04.744+0100] {processor.py:743} INFO - Processing file /home/chrisfleig/.local/lib/python3.10/site-packages/airflow/example_dags/example_sla_dag.py for tasks to queue
[2023-01-03T22:13:04.744+0100] {logging_mixin.py:137} INFO - [2023-01-03T22:13:04.744+0100] {dagbag.py:538} INFO - Filling up the DagBag from /home/chrisfleig/.local/lib/python3.10/site-packages/airflow/example_dags/example_sla_dag.py
[2023-01-03T22:13:04.766+0100] {processor.py:753} INFO - DAG(s) dict_keys(['example_sla_dag']) retrieved from /home/chrisfleig/.local/lib/python3.10/site-packages/airflow/example_dags/example_sla_dag.py
[2023-01-03T22:13:04.785+0100] {logging_mixin.py:137} INFO - [2023-01-03T22:13:04.785+0100] {dag.py:2676} INFO - Sync 1 DAGs
[2023-01-03T22:13:04.804+0100] {logging_mixin.py:137} INFO - [2023-01-03T22:13:04.804+0100] {dag.py:3423} INFO - Setting next_dagrun for example_sla_dag to 2023-01-03T21:10:00+00:00, run_after=2023-01-03T21:12:00+00:00
[2023-01-03T22:13:04.841+0100] {processor.py:175} INFO - Processing /home/chrisfleig/.local/lib/python3.10/site-packages/airflow/example_dags/example_sla_dag.py took 0.101 seconds
[2023-01-03T22:13:43.805+0100] {processor.py:153} INFO - Started process (PID=8353) to work on /home/chrisfleig/.local/lib/python3.10/site-packages/airflow/example_dags/example_sla_dag.py
[2023-01-03T22:13:43.806+0100] {processor.py:743} INFO - Processing file /home/chrisfleig/.local/lib/python3.10/site-packages/airflow/example_dags/example_sla_dag.py for tasks to queue
[2023-01-03T22:13:43.808+0100] {logging_mixin.py:137} INFO - [2023-01-03T22:13:43.807+0100] {dagbag.py:538} INFO - Filling up the DagBag from /home/chrisfleig/.local/lib/python3.10/site-packages/airflow/example_dags/example_sla_dag.py
[2023-01-03T22:13:43.829+0100] {processor.py:753} INFO - DAG(s) dict_keys(['example_sla_dag']) retrieved from /home/chrisfleig/.local/lib/python3.10/site-packages/airflow/example_dags/example_sla_dag.py
[2023-01-03T22:13:43.851+0100] {logging_mixin.py:137} INFO - [2023-01-03T22:13:43.850+0100] {dag.py:2676} INFO - Sync 1 DAGs
[2023-01-03T22:13:43.872+0100] {logging_mixin.py:137} INFO - [2023-01-03T22:13:43.872+0100] {dag.py:3423} INFO - Setting next_dagrun for example_sla_dag to 2023-01-03T21:10:00+00:00, run_after=2023-01-03T21:12:00+00:00
[2023-01-03T22:13:43.907+0100] {processor.py:175} INFO - Processing /home/chrisfleig/.local/lib/python3.10/site-packages/airflow/example_dags/example_sla_dag.py took 0.105 seconds
[2023-01-03T22:14:23.072+0100] {processor.py:153} INFO - Started process (PID=8391) to work on /home/chrisfleig/.local/lib/python3.10/site-packages/airflow/example_dags/example_sla_dag.py
[2023-01-03T22:14:23.074+0100] {processor.py:743} INFO - Processing file /home/chrisfleig/.local/lib/python3.10/site-packages/airflow/example_dags/example_sla_dag.py for tasks to queue
[2023-01-03T22:14:23.075+0100] {logging_mixin.py:137} INFO - [2023-01-03T22:14:23.074+0100] {dagbag.py:538} INFO - Filling up the DagBag from /home/chrisfleig/.local/lib/python3.10/site-packages/airflow/example_dags/example_sla_dag.py
[2023-01-03T22:14:23.096+0100] {processor.py:753} INFO - DAG(s) dict_keys(['example_sla_dag']) retrieved from /home/chrisfleig/.local/lib/python3.10/site-packages/airflow/example_dags/example_sla_dag.py
[2023-01-03T22:14:23.115+0100] {logging_mixin.py:137} INFO - [2023-01-03T22:14:23.115+0100] {dag.py:2676} INFO - Sync 1 DAGs
[2023-01-03T22:14:23.135+0100] {logging_mixin.py:137} INFO - [2023-01-03T22:14:23.135+0100] {dag.py:3423} INFO - Setting next_dagrun for example_sla_dag to 2023-01-03T21:12:00+00:00, run_after=2023-01-03T21:14:00+00:00
[2023-01-03T22:14:23.174+0100] {processor.py:175} INFO - Processing /home/chrisfleig/.local/lib/python3.10/site-packages/airflow/example_dags/example_sla_dag.py took 0.105 seconds
[2023-01-03T22:15:01.130+0100] {processor.py:153} INFO - Started process (PID=8429) to work on /home/chrisfleig/.local/lib/python3.10/site-packages/airflow/example_dags/example_sla_dag.py
[2023-01-03T22:15:01.131+0100] {processor.py:743} INFO - Processing file /home/chrisfleig/.local/lib/python3.10/site-packages/airflow/example_dags/example_sla_dag.py for tasks to queue
[2023-01-03T22:15:01.132+0100] {logging_mixin.py:137} INFO - [2023-01-03T22:15:01.132+0100] {dagbag.py:538} INFO - Filling up the DagBag from /home/chrisfleig/.local/lib/python3.10/site-packages/airflow/example_dags/example_sla_dag.py
[2023-01-03T22:15:01.152+0100] {processor.py:753} INFO - DAG(s) dict_keys(['example_sla_dag']) retrieved from /home/chrisfleig/.local/lib/python3.10/site-packages/airflow/example_dags/example_sla_dag.py
[2023-01-03T22:15:01.173+0100] {logging_mixin.py:137} INFO - [2023-01-03T22:15:01.173+0100] {dag.py:2676} INFO - Sync 1 DAGs
[2023-01-03T22:15:01.192+0100] {logging_mixin.py:137} INFO - [2023-01-03T22:15:01.192+0100] {dag.py:3423} INFO - Setting next_dagrun for example_sla_dag to 2023-01-03T21:12:00+00:00, run_after=2023-01-03T21:14:00+00:00
[2023-01-03T22:15:01.225+0100] {processor.py:175} INFO - Processing /home/chrisfleig/.local/lib/python3.10/site-packages/airflow/example_dags/example_sla_dag.py took 0.097 seconds
[2023-01-03T22:15:41.267+0100] {processor.py:153} INFO - Started process (PID=8468) to work on /home/chrisfleig/.local/lib/python3.10/site-packages/airflow/example_dags/example_sla_dag.py
[2023-01-03T22:15:41.269+0100] {processor.py:743} INFO - Processing file /home/chrisfleig/.local/lib/python3.10/site-packages/airflow/example_dags/example_sla_dag.py for tasks to queue
[2023-01-03T22:15:41.269+0100] {logging_mixin.py:137} INFO - [2023-01-03T22:15:41.269+0100] {dagbag.py:538} INFO - Filling up the DagBag from /home/chrisfleig/.local/lib/python3.10/site-packages/airflow/example_dags/example_sla_dag.py
[2023-01-03T22:15:41.289+0100] {processor.py:753} INFO - DAG(s) dict_keys(['example_sla_dag']) retrieved from /home/chrisfleig/.local/lib/python3.10/site-packages/airflow/example_dags/example_sla_dag.py
[2023-01-03T22:15:41.310+0100] {logging_mixin.py:137} INFO - [2023-01-03T22:15:41.310+0100] {dag.py:2676} INFO - Sync 1 DAGs
[2023-01-03T22:15:41.328+0100] {logging_mixin.py:137} INFO - [2023-01-03T22:15:41.328+0100] {dag.py:3423} INFO - Setting next_dagrun for example_sla_dag to 2023-01-03T21:12:00+00:00, run_after=2023-01-03T21:14:00+00:00
[2023-01-03T22:15:41.364+0100] {processor.py:175} INFO - Processing /home/chrisfleig/.local/lib/python3.10/site-packages/airflow/example_dags/example_sla_dag.py took 0.099 seconds
[2023-01-03T22:31:35.924+0100] {processor.py:153} INFO - Started process (PID=8564) to work on /home/chrisfleig/.local/lib/python3.10/site-packages/airflow/example_dags/example_sla_dag.py
[2023-01-03T22:31:35.926+0100] {processor.py:743} INFO - Processing file /home/chrisfleig/.local/lib/python3.10/site-packages/airflow/example_dags/example_sla_dag.py for tasks to queue
[2023-01-03T22:31:35.926+0100] {logging_mixin.py:137} INFO - [2023-01-03T22:31:35.926+0100] {dagbag.py:538} INFO - Filling up the DagBag from /home/chrisfleig/.local/lib/python3.10/site-packages/airflow/example_dags/example_sla_dag.py
[2023-01-03T22:31:35.959+0100] {processor.py:753} INFO - DAG(s) dict_keys(['example_sla_dag']) retrieved from /home/chrisfleig/.local/lib/python3.10/site-packages/airflow/example_dags/example_sla_dag.py
[2023-01-03T22:31:35.994+0100] {logging_mixin.py:137} INFO - [2023-01-03T22:31:35.994+0100] {dag.py:2676} INFO - Sync 1 DAGs
[2023-01-03T22:31:36.058+0100] {logging_mixin.py:137} INFO - [2023-01-03T22:31:36.058+0100] {dag.py:3423} INFO - Setting next_dagrun for example_sla_dag to 2023-01-03T21:28:00+00:00, run_after=2023-01-03T21:30:00+00:00
[2023-01-03T22:31:36.104+0100] {processor.py:175} INFO - Processing /home/chrisfleig/.local/lib/python3.10/site-packages/airflow/example_dags/example_sla_dag.py took 0.182 seconds
[2023-01-03T22:32:15.781+0100] {processor.py:153} INFO - Started process (PID=8602) to work on /home/chrisfleig/.local/lib/python3.10/site-packages/airflow/example_dags/example_sla_dag.py
[2023-01-03T22:32:15.782+0100] {processor.py:743} INFO - Processing file /home/chrisfleig/.local/lib/python3.10/site-packages/airflow/example_dags/example_sla_dag.py for tasks to queue
[2023-01-03T22:32:15.783+0100] {logging_mixin.py:137} INFO - [2023-01-03T22:32:15.783+0100] {dagbag.py:538} INFO - Filling up the DagBag from /home/chrisfleig/.local/lib/python3.10/site-packages/airflow/example_dags/example_sla_dag.py
[2023-01-03T22:32:15.803+0100] {processor.py:753} INFO - DAG(s) dict_keys(['example_sla_dag']) retrieved from /home/chrisfleig/.local/lib/python3.10/site-packages/airflow/example_dags/example_sla_dag.py
[2023-01-03T22:32:15.824+0100] {logging_mixin.py:137} INFO - [2023-01-03T22:32:15.824+0100] {dag.py:2676} INFO - Sync 1 DAGs
[2023-01-03T22:32:15.842+0100] {logging_mixin.py:137} INFO - [2023-01-03T22:32:15.842+0100] {dag.py:3423} INFO - Setting next_dagrun for example_sla_dag to 2023-01-03T21:30:00+00:00, run_after=2023-01-03T21:32:00+00:00
[2023-01-03T22:32:15.878+0100] {processor.py:175} INFO - Processing /home/chrisfleig/.local/lib/python3.10/site-packages/airflow/example_dags/example_sla_dag.py took 0.099 seconds
[2023-01-03T22:32:54.651+0100] {processor.py:153} INFO - Started process (PID=8640) to work on /home/chrisfleig/.local/lib/python3.10/site-packages/airflow/example_dags/example_sla_dag.py
[2023-01-03T22:32:54.653+0100] {processor.py:743} INFO - Processing file /home/chrisfleig/.local/lib/python3.10/site-packages/airflow/example_dags/example_sla_dag.py for tasks to queue
[2023-01-03T22:32:54.654+0100] {logging_mixin.py:137} INFO - [2023-01-03T22:32:54.654+0100] {dagbag.py:538} INFO - Filling up the DagBag from /home/chrisfleig/.local/lib/python3.10/site-packages/airflow/example_dags/example_sla_dag.py
[2023-01-03T22:32:54.699+0100] {processor.py:753} INFO - DAG(s) dict_keys(['example_sla_dag']) retrieved from /home/chrisfleig/.local/lib/python3.10/site-packages/airflow/example_dags/example_sla_dag.py
[2023-01-03T22:32:54.748+0100] {logging_mixin.py:137} INFO - [2023-01-03T22:32:54.747+0100] {dag.py:2676} INFO - Sync 1 DAGs
[2023-01-03T22:32:54.780+0100] {logging_mixin.py:137} INFO - [2023-01-03T22:32:54.780+0100] {dag.py:3423} INFO - Setting next_dagrun for example_sla_dag to 2023-01-03T21:30:00+00:00, run_after=2023-01-03T21:32:00+00:00
[2023-01-03T22:32:54.818+0100] {processor.py:175} INFO - Processing /home/chrisfleig/.local/lib/python3.10/site-packages/airflow/example_dags/example_sla_dag.py took 0.179 seconds
[2023-01-03T22:33:32.422+0100] {processor.py:153} INFO - Started process (PID=8678) to work on /home/chrisfleig/.local/lib/python3.10/site-packages/airflow/example_dags/example_sla_dag.py
[2023-01-03T22:33:32.423+0100] {processor.py:743} INFO - Processing file /home/chrisfleig/.local/lib/python3.10/site-packages/airflow/example_dags/example_sla_dag.py for tasks to queue
[2023-01-03T22:33:32.423+0100] {logging_mixin.py:137} INFO - [2023-01-03T22:33:32.423+0100] {dagbag.py:538} INFO - Filling up the DagBag from /home/chrisfleig/.local/lib/python3.10/site-packages/airflow/example_dags/example_sla_dag.py
[2023-01-03T22:33:32.445+0100] {processor.py:753} INFO - DAG(s) dict_keys(['example_sla_dag']) retrieved from /home/chrisfleig/.local/lib/python3.10/site-packages/airflow/example_dags/example_sla_dag.py
[2023-01-03T22:33:32.464+0100] {logging_mixin.py:137} INFO - [2023-01-03T22:33:32.464+0100] {dag.py:2676} INFO - Sync 1 DAGs
[2023-01-03T22:33:32.482+0100] {logging_mixin.py:137} INFO - [2023-01-03T22:33:32.482+0100] {dag.py:3423} INFO - Setting next_dagrun for example_sla_dag to 2023-01-03T21:30:00+00:00, run_after=2023-01-03T21:32:00+00:00
[2023-01-03T22:33:32.515+0100] {processor.py:175} INFO - Processing /home/chrisfleig/.local/lib/python3.10/site-packages/airflow/example_dags/example_sla_dag.py took 0.096 seconds
[2023-01-03T22:34:12.269+0100] {processor.py:153} INFO - Started process (PID=8716) to work on /home/chrisfleig/.local/lib/python3.10/site-packages/airflow/example_dags/example_sla_dag.py
[2023-01-03T22:34:12.270+0100] {processor.py:743} INFO - Processing file /home/chrisfleig/.local/lib/python3.10/site-packages/airflow/example_dags/example_sla_dag.py for tasks to queue
[2023-01-03T22:34:12.271+0100] {logging_mixin.py:137} INFO - [2023-01-03T22:34:12.271+0100] {dagbag.py:538} INFO - Filling up the DagBag from /home/chrisfleig/.local/lib/python3.10/site-packages/airflow/example_dags/example_sla_dag.py
[2023-01-03T22:34:12.300+0100] {processor.py:753} INFO - DAG(s) dict_keys(['example_sla_dag']) retrieved from /home/chrisfleig/.local/lib/python3.10/site-packages/airflow/example_dags/example_sla_dag.py
[2023-01-03T22:34:12.322+0100] {logging_mixin.py:137} INFO - [2023-01-03T22:34:12.321+0100] {dag.py:2676} INFO - Sync 1 DAGs
[2023-01-03T22:34:12.341+0100] {logging_mixin.py:137} INFO - [2023-01-03T22:34:12.341+0100] {dag.py:3423} INFO - Setting next_dagrun for example_sla_dag to 2023-01-03T21:32:00+00:00, run_after=2023-01-03T21:34:00+00:00
[2023-01-03T22:34:12.377+0100] {processor.py:175} INFO - Processing /home/chrisfleig/.local/lib/python3.10/site-packages/airflow/example_dags/example_sla_dag.py took 0.111 seconds
[2023-01-03T22:34:52.611+0100] {processor.py:153} INFO - Started process (PID=8754) to work on /home/chrisfleig/.local/lib/python3.10/site-packages/airflow/example_dags/example_sla_dag.py
[2023-01-03T22:34:52.613+0100] {processor.py:743} INFO - Processing file /home/chrisfleig/.local/lib/python3.10/site-packages/airflow/example_dags/example_sla_dag.py for tasks to queue
[2023-01-03T22:34:52.613+0100] {logging_mixin.py:137} INFO - [2023-01-03T22:34:52.613+0100] {dagbag.py:538} INFO - Filling up the DagBag from /home/chrisfleig/.local/lib/python3.10/site-packages/airflow/example_dags/example_sla_dag.py
[2023-01-03T22:34:52.634+0100] {processor.py:753} INFO - DAG(s) dict_keys(['example_sla_dag']) retrieved from /home/chrisfleig/.local/lib/python3.10/site-packages/airflow/example_dags/example_sla_dag.py
[2023-01-03T22:34:52.653+0100] {logging_mixin.py:137} INFO - [2023-01-03T22:34:52.653+0100] {dag.py:2676} INFO - Sync 1 DAGs
[2023-01-03T22:34:52.673+0100] {logging_mixin.py:137} INFO - [2023-01-03T22:34:52.673+0100] {dag.py:3423} INFO - Setting next_dagrun for example_sla_dag to 2023-01-03T21:32:00+00:00, run_after=2023-01-03T21:34:00+00:00
[2023-01-03T22:34:52.708+0100] {processor.py:175} INFO - Processing /home/chrisfleig/.local/lib/python3.10/site-packages/airflow/example_dags/example_sla_dag.py took 0.099 seconds
[2023-01-03T22:35:31.924+0100] {processor.py:153} INFO - Started process (PID=8792) to work on /home/chrisfleig/.local/lib/python3.10/site-packages/airflow/example_dags/example_sla_dag.py
[2023-01-03T22:35:31.925+0100] {processor.py:743} INFO - Processing file /home/chrisfleig/.local/lib/python3.10/site-packages/airflow/example_dags/example_sla_dag.py for tasks to queue
[2023-01-03T22:35:31.926+0100] {logging_mixin.py:137} INFO - [2023-01-03T22:35:31.926+0100] {dagbag.py:538} INFO - Filling up the DagBag from /home/chrisfleig/.local/lib/python3.10/site-packages/airflow/example_dags/example_sla_dag.py
[2023-01-03T22:35:31.949+0100] {processor.py:753} INFO - DAG(s) dict_keys(['example_sla_dag']) retrieved from /home/chrisfleig/.local/lib/python3.10/site-packages/airflow/example_dags/example_sla_dag.py
[2023-01-03T22:35:31.971+0100] {logging_mixin.py:137} INFO - [2023-01-03T22:35:31.971+0100] {dag.py:2676} INFO - Sync 1 DAGs
[2023-01-03T22:35:31.993+0100] {logging_mixin.py:137} INFO - [2023-01-03T22:35:31.993+0100] {dag.py:3423} INFO - Setting next_dagrun for example_sla_dag to 2023-01-03T21:32:00+00:00, run_after=2023-01-03T21:34:00+00:00
[2023-01-03T22:35:32.028+0100] {processor.py:175} INFO - Processing /home/chrisfleig/.local/lib/python3.10/site-packages/airflow/example_dags/example_sla_dag.py took 0.106 seconds
[2023-01-03T22:36:10.851+0100] {processor.py:153} INFO - Started process (PID=8830) to work on /home/chrisfleig/.local/lib/python3.10/site-packages/airflow/example_dags/example_sla_dag.py
[2023-01-03T22:36:10.852+0100] {processor.py:743} INFO - Processing file /home/chrisfleig/.local/lib/python3.10/site-packages/airflow/example_dags/example_sla_dag.py for tasks to queue
[2023-01-03T22:36:10.852+0100] {logging_mixin.py:137} INFO - [2023-01-03T22:36:10.852+0100] {dagbag.py:538} INFO - Filling up the DagBag from /home/chrisfleig/.local/lib/python3.10/site-packages/airflow/example_dags/example_sla_dag.py
[2023-01-03T22:36:10.876+0100] {processor.py:753} INFO - DAG(s) dict_keys(['example_sla_dag']) retrieved from /home/chrisfleig/.local/lib/python3.10/site-packages/airflow/example_dags/example_sla_dag.py
[2023-01-03T22:36:10.901+0100] {logging_mixin.py:137} INFO - [2023-01-03T22:36:10.901+0100] {dag.py:2676} INFO - Sync 1 DAGs
[2023-01-03T22:36:10.923+0100] {logging_mixin.py:137} INFO - [2023-01-03T22:36:10.923+0100] {dag.py:3423} INFO - Setting next_dagrun for example_sla_dag to 2023-01-03T21:34:00+00:00, run_after=2023-01-03T21:36:00+00:00
[2023-01-03T22:36:10.983+0100] {processor.py:175} INFO - Processing /home/chrisfleig/.local/lib/python3.10/site-packages/airflow/example_dags/example_sla_dag.py took 0.134 seconds
[2023-01-03T22:36:49.097+0100] {processor.py:153} INFO - Started process (PID=8868) to work on /home/chrisfleig/.local/lib/python3.10/site-packages/airflow/example_dags/example_sla_dag.py
[2023-01-03T22:36:49.098+0100] {processor.py:743} INFO - Processing file /home/chrisfleig/.local/lib/python3.10/site-packages/airflow/example_dags/example_sla_dag.py for tasks to queue
[2023-01-03T22:36:49.098+0100] {logging_mixin.py:137} INFO - [2023-01-03T22:36:49.098+0100] {dagbag.py:538} INFO - Filling up the DagBag from /home/chrisfleig/.local/lib/python3.10/site-packages/airflow/example_dags/example_sla_dag.py
[2023-01-03T22:36:49.120+0100] {processor.py:753} INFO - DAG(s) dict_keys(['example_sla_dag']) retrieved from /home/chrisfleig/.local/lib/python3.10/site-packages/airflow/example_dags/example_sla_dag.py
[2023-01-03T22:36:49.143+0100] {logging_mixin.py:137} INFO - [2023-01-03T22:36:49.142+0100] {dag.py:2676} INFO - Sync 1 DAGs
[2023-01-03T22:36:49.164+0100] {logging_mixin.py:137} INFO - [2023-01-03T22:36:49.164+0100] {dag.py:3423} INFO - Setting next_dagrun for example_sla_dag to 2023-01-03T21:34:00+00:00, run_after=2023-01-03T21:36:00+00:00
[2023-01-03T22:36:49.199+0100] {processor.py:175} INFO - Processing /home/chrisfleig/.local/lib/python3.10/site-packages/airflow/example_dags/example_sla_dag.py took 0.105 seconds
[2023-01-03T22:37:26.939+0100] {processor.py:153} INFO - Started process (PID=8906) to work on /home/chrisfleig/.local/lib/python3.10/site-packages/airflow/example_dags/example_sla_dag.py
[2023-01-03T22:37:26.941+0100] {processor.py:743} INFO - Processing file /home/chrisfleig/.local/lib/python3.10/site-packages/airflow/example_dags/example_sla_dag.py for tasks to queue
[2023-01-03T22:37:26.941+0100] {logging_mixin.py:137} INFO - [2023-01-03T22:37:26.941+0100] {dagbag.py:538} INFO - Filling up the DagBag from /home/chrisfleig/.local/lib/python3.10/site-packages/airflow/example_dags/example_sla_dag.py
[2023-01-03T22:37:26.962+0100] {processor.py:753} INFO - DAG(s) dict_keys(['example_sla_dag']) retrieved from /home/chrisfleig/.local/lib/python3.10/site-packages/airflow/example_dags/example_sla_dag.py
[2023-01-03T22:37:26.989+0100] {logging_mixin.py:137} INFO - [2023-01-03T22:37:26.989+0100] {dag.py:2676} INFO - Sync 1 DAGs
[2023-01-03T22:37:27.010+0100] {logging_mixin.py:137} INFO - [2023-01-03T22:37:27.010+0100] {dag.py:3423} INFO - Setting next_dagrun for example_sla_dag to 2023-01-03T21:34:00+00:00, run_after=2023-01-03T21:36:00+00:00
[2023-01-03T22:37:27.045+0100] {processor.py:175} INFO - Processing /home/chrisfleig/.local/lib/python3.10/site-packages/airflow/example_dags/example_sla_dag.py took 0.108 seconds
[2023-01-03T22:38:05.119+0100] {processor.py:153} INFO - Started process (PID=8944) to work on /home/chrisfleig/.local/lib/python3.10/site-packages/airflow/example_dags/example_sla_dag.py
[2023-01-03T22:38:05.120+0100] {processor.py:743} INFO - Processing file /home/chrisfleig/.local/lib/python3.10/site-packages/airflow/example_dags/example_sla_dag.py for tasks to queue
[2023-01-03T22:38:05.120+0100] {logging_mixin.py:137} INFO - [2023-01-03T22:38:05.120+0100] {dagbag.py:538} INFO - Filling up the DagBag from /home/chrisfleig/.local/lib/python3.10/site-packages/airflow/example_dags/example_sla_dag.py
[2023-01-03T22:38:05.146+0100] {processor.py:753} INFO - DAG(s) dict_keys(['example_sla_dag']) retrieved from /home/chrisfleig/.local/lib/python3.10/site-packages/airflow/example_dags/example_sla_dag.py
[2023-01-03T22:38:05.167+0100] {logging_mixin.py:137} INFO - [2023-01-03T22:38:05.167+0100] {dag.py:2676} INFO - Sync 1 DAGs
[2023-01-03T22:38:05.186+0100] {logging_mixin.py:137} INFO - [2023-01-03T22:38:05.186+0100] {dag.py:3423} INFO - Setting next_dagrun for example_sla_dag to 2023-01-03T21:36:00+00:00, run_after=2023-01-03T21:38:00+00:00
[2023-01-03T22:38:05.228+0100] {processor.py:175} INFO - Processing /home/chrisfleig/.local/lib/python3.10/site-packages/airflow/example_dags/example_sla_dag.py took 0.112 seconds
[2023-01-03T22:38:43.601+0100] {processor.py:153} INFO - Started process (PID=8982) to work on /home/chrisfleig/.local/lib/python3.10/site-packages/airflow/example_dags/example_sla_dag.py
[2023-01-03T22:38:43.602+0100] {processor.py:743} INFO - Processing file /home/chrisfleig/.local/lib/python3.10/site-packages/airflow/example_dags/example_sla_dag.py for tasks to queue
[2023-01-03T22:38:43.603+0100] {logging_mixin.py:137} INFO - [2023-01-03T22:38:43.602+0100] {dagbag.py:538} INFO - Filling up the DagBag from /home/chrisfleig/.local/lib/python3.10/site-packages/airflow/example_dags/example_sla_dag.py
[2023-01-03T22:38:43.625+0100] {processor.py:753} INFO - DAG(s) dict_keys(['example_sla_dag']) retrieved from /home/chrisfleig/.local/lib/python3.10/site-packages/airflow/example_dags/example_sla_dag.py
[2023-01-03T22:38:43.648+0100] {logging_mixin.py:137} INFO - [2023-01-03T22:38:43.648+0100] {dag.py:2676} INFO - Sync 1 DAGs
[2023-01-03T22:38:43.670+0100] {logging_mixin.py:137} INFO - [2023-01-03T22:38:43.670+0100] {dag.py:3423} INFO - Setting next_dagrun for example_sla_dag to 2023-01-03T21:36:00+00:00, run_after=2023-01-03T21:38:00+00:00
[2023-01-03T22:38:43.709+0100] {processor.py:175} INFO - Processing /home/chrisfleig/.local/lib/python3.10/site-packages/airflow/example_dags/example_sla_dag.py took 0.111 seconds
[2023-01-03T22:39:22.239+0100] {processor.py:153} INFO - Started process (PID=9020) to work on /home/chrisfleig/.local/lib/python3.10/site-packages/airflow/example_dags/example_sla_dag.py
[2023-01-03T22:39:22.240+0100] {processor.py:743} INFO - Processing file /home/chrisfleig/.local/lib/python3.10/site-packages/airflow/example_dags/example_sla_dag.py for tasks to queue
[2023-01-03T22:39:22.241+0100] {logging_mixin.py:137} INFO - [2023-01-03T22:39:22.241+0100] {dagbag.py:538} INFO - Filling up the DagBag from /home/chrisfleig/.local/lib/python3.10/site-packages/airflow/example_dags/example_sla_dag.py
[2023-01-03T22:39:22.262+0100] {processor.py:753} INFO - DAG(s) dict_keys(['example_sla_dag']) retrieved from /home/chrisfleig/.local/lib/python3.10/site-packages/airflow/example_dags/example_sla_dag.py
[2023-01-03T22:39:22.282+0100] {logging_mixin.py:137} INFO - [2023-01-03T22:39:22.282+0100] {dag.py:2676} INFO - Sync 1 DAGs
[2023-01-03T22:39:22.303+0100] {logging_mixin.py:137} INFO - [2023-01-03T22:39:22.303+0100] {dag.py:3423} INFO - Setting next_dagrun for example_sla_dag to 2023-01-03T21:36:00+00:00, run_after=2023-01-03T21:38:00+00:00
[2023-01-03T22:39:22.336+0100] {processor.py:175} INFO - Processing /home/chrisfleig/.local/lib/python3.10/site-packages/airflow/example_dags/example_sla_dag.py took 0.100 seconds
[2023-01-03T22:40:03.548+0100] {processor.py:153} INFO - Started process (PID=9058) to work on /home/chrisfleig/.local/lib/python3.10/site-packages/airflow/example_dags/example_sla_dag.py
[2023-01-03T22:40:03.550+0100] {processor.py:743} INFO - Processing file /home/chrisfleig/.local/lib/python3.10/site-packages/airflow/example_dags/example_sla_dag.py for tasks to queue
[2023-01-03T22:40:03.551+0100] {logging_mixin.py:137} INFO - [2023-01-03T22:40:03.550+0100] {dagbag.py:538} INFO - Filling up the DagBag from /home/chrisfleig/.local/lib/python3.10/site-packages/airflow/example_dags/example_sla_dag.py
[2023-01-03T22:40:03.573+0100] {processor.py:753} INFO - DAG(s) dict_keys(['example_sla_dag']) retrieved from /home/chrisfleig/.local/lib/python3.10/site-packages/airflow/example_dags/example_sla_dag.py
[2023-01-03T22:40:03.592+0100] {logging_mixin.py:137} INFO - [2023-01-03T22:40:03.592+0100] {dag.py:2676} INFO - Sync 1 DAGs
[2023-01-03T22:40:03.611+0100] {logging_mixin.py:137} INFO - [2023-01-03T22:40:03.611+0100] {dag.py:3423} INFO - Setting next_dagrun for example_sla_dag to 2023-01-03T21:38:00+00:00, run_after=2023-01-03T21:40:00+00:00
[2023-01-03T22:40:03.650+0100] {processor.py:175} INFO - Processing /home/chrisfleig/.local/lib/python3.10/site-packages/airflow/example_dags/example_sla_dag.py took 0.105 seconds
[2023-01-03T22:40:40.592+0100] {processor.py:153} INFO - Started process (PID=9096) to work on /home/chrisfleig/.local/lib/python3.10/site-packages/airflow/example_dags/example_sla_dag.py
[2023-01-03T22:40:40.593+0100] {processor.py:743} INFO - Processing file /home/chrisfleig/.local/lib/python3.10/site-packages/airflow/example_dags/example_sla_dag.py for tasks to queue
[2023-01-03T22:40:40.595+0100] {logging_mixin.py:137} INFO - [2023-01-03T22:40:40.594+0100] {dagbag.py:538} INFO - Filling up the DagBag from /home/chrisfleig/.local/lib/python3.10/site-packages/airflow/example_dags/example_sla_dag.py
[2023-01-03T22:40:40.628+0100] {processor.py:753} INFO - DAG(s) dict_keys(['example_sla_dag']) retrieved from /home/chrisfleig/.local/lib/python3.10/site-packages/airflow/example_dags/example_sla_dag.py
[2023-01-03T22:40:40.667+0100] {logging_mixin.py:137} INFO - [2023-01-03T22:40:40.666+0100] {dag.py:2676} INFO - Sync 1 DAGs
[2023-01-03T22:40:40.702+0100] {logging_mixin.py:137} INFO - [2023-01-03T22:40:40.702+0100] {dag.py:3423} INFO - Setting next_dagrun for example_sla_dag to 2023-01-03T21:38:00+00:00, run_after=2023-01-03T21:40:00+00:00
[2023-01-03T22:40:40.759+0100] {processor.py:175} INFO - Processing /home/chrisfleig/.local/lib/python3.10/site-packages/airflow/example_dags/example_sla_dag.py took 0.171 seconds
[2023-01-03T22:41:17.383+0100] {processor.py:153} INFO - Started process (PID=9134) to work on /home/chrisfleig/.local/lib/python3.10/site-packages/airflow/example_dags/example_sla_dag.py
[2023-01-03T22:41:17.384+0100] {processor.py:743} INFO - Processing file /home/chrisfleig/.local/lib/python3.10/site-packages/airflow/example_dags/example_sla_dag.py for tasks to queue
[2023-01-03T22:41:17.384+0100] {logging_mixin.py:137} INFO - [2023-01-03T22:41:17.384+0100] {dagbag.py:538} INFO - Filling up the DagBag from /home/chrisfleig/.local/lib/python3.10/site-packages/airflow/example_dags/example_sla_dag.py
[2023-01-03T22:41:17.409+0100] {processor.py:753} INFO - DAG(s) dict_keys(['example_sla_dag']) retrieved from /home/chrisfleig/.local/lib/python3.10/site-packages/airflow/example_dags/example_sla_dag.py
[2023-01-03T22:41:17.434+0100] {logging_mixin.py:137} INFO - [2023-01-03T22:41:17.434+0100] {dag.py:2676} INFO - Sync 1 DAGs
[2023-01-03T22:41:17.457+0100] {logging_mixin.py:137} INFO - [2023-01-03T22:41:17.457+0100] {dag.py:3423} INFO - Setting next_dagrun for example_sla_dag to 2023-01-03T21:38:00+00:00, run_after=2023-01-03T21:40:00+00:00
[2023-01-03T22:41:17.505+0100] {processor.py:175} INFO - Processing /home/chrisfleig/.local/lib/python3.10/site-packages/airflow/example_dags/example_sla_dag.py took 0.125 seconds
[2023-01-03T22:41:57.199+0100] {processor.py:153} INFO - Started process (PID=9174) to work on /home/chrisfleig/.local/lib/python3.10/site-packages/airflow/example_dags/example_sla_dag.py
[2023-01-03T22:41:57.200+0100] {processor.py:743} INFO - Processing file /home/chrisfleig/.local/lib/python3.10/site-packages/airflow/example_dags/example_sla_dag.py for tasks to queue
[2023-01-03T22:41:57.201+0100] {logging_mixin.py:137} INFO - [2023-01-03T22:41:57.201+0100] {dagbag.py:538} INFO - Filling up the DagBag from /home/chrisfleig/.local/lib/python3.10/site-packages/airflow/example_dags/example_sla_dag.py
[2023-01-03T22:41:57.222+0100] {processor.py:753} INFO - DAG(s) dict_keys(['example_sla_dag']) retrieved from /home/chrisfleig/.local/lib/python3.10/site-packages/airflow/example_dags/example_sla_dag.py
[2023-01-03T22:41:57.242+0100] {logging_mixin.py:137} INFO - [2023-01-03T22:41:57.242+0100] {dag.py:2676} INFO - Sync 1 DAGs
[2023-01-03T22:41:57.260+0100] {logging_mixin.py:137} INFO - [2023-01-03T22:41:57.260+0100] {dag.py:3423} INFO - Setting next_dagrun for example_sla_dag to 2023-01-03T21:38:00+00:00, run_after=2023-01-03T21:40:00+00:00
[2023-01-03T22:41:57.294+0100] {processor.py:175} INFO - Processing /home/chrisfleig/.local/lib/python3.10/site-packages/airflow/example_dags/example_sla_dag.py took 0.098 seconds
[2023-01-03T22:42:36.425+0100] {processor.py:153} INFO - Started process (PID=9214) to work on /home/chrisfleig/.local/lib/python3.10/site-packages/airflow/example_dags/example_sla_dag.py
[2023-01-03T22:42:36.426+0100] {processor.py:743} INFO - Processing file /home/chrisfleig/.local/lib/python3.10/site-packages/airflow/example_dags/example_sla_dag.py for tasks to queue
[2023-01-03T22:42:36.427+0100] {logging_mixin.py:137} INFO - [2023-01-03T22:42:36.427+0100] {dagbag.py:538} INFO - Filling up the DagBag from /home/chrisfleig/.local/lib/python3.10/site-packages/airflow/example_dags/example_sla_dag.py
[2023-01-03T22:42:36.450+0100] {processor.py:753} INFO - DAG(s) dict_keys(['example_sla_dag']) retrieved from /home/chrisfleig/.local/lib/python3.10/site-packages/airflow/example_dags/example_sla_dag.py
[2023-01-03T22:42:36.471+0100] {logging_mixin.py:137} INFO - [2023-01-03T22:42:36.471+0100] {dag.py:2676} INFO - Sync 1 DAGs
[2023-01-03T22:42:36.492+0100] {logging_mixin.py:137} INFO - [2023-01-03T22:42:36.491+0100] {dag.py:3423} INFO - Setting next_dagrun for example_sla_dag to 2023-01-03T21:40:00+00:00, run_after=2023-01-03T21:42:00+00:00
[2023-01-03T22:42:36.530+0100] {processor.py:175} INFO - Processing /home/chrisfleig/.local/lib/python3.10/site-packages/airflow/example_dags/example_sla_dag.py took 0.108 seconds
[2023-01-03T22:43:15.366+0100] {processor.py:153} INFO - Started process (PID=9252) to work on /home/chrisfleig/.local/lib/python3.10/site-packages/airflow/example_dags/example_sla_dag.py
[2023-01-03T22:43:15.367+0100] {processor.py:743} INFO - Processing file /home/chrisfleig/.local/lib/python3.10/site-packages/airflow/example_dags/example_sla_dag.py for tasks to queue
[2023-01-03T22:43:15.368+0100] {logging_mixin.py:137} INFO - [2023-01-03T22:43:15.368+0100] {dagbag.py:538} INFO - Filling up the DagBag from /home/chrisfleig/.local/lib/python3.10/site-packages/airflow/example_dags/example_sla_dag.py
[2023-01-03T22:43:15.395+0100] {processor.py:753} INFO - DAG(s) dict_keys(['example_sla_dag']) retrieved from /home/chrisfleig/.local/lib/python3.10/site-packages/airflow/example_dags/example_sla_dag.py
[2023-01-03T22:43:15.418+0100] {logging_mixin.py:137} INFO - [2023-01-03T22:43:15.418+0100] {dag.py:2676} INFO - Sync 1 DAGs
[2023-01-03T22:43:15.445+0100] {logging_mixin.py:137} INFO - [2023-01-03T22:43:15.445+0100] {dag.py:3423} INFO - Setting next_dagrun for example_sla_dag to 2023-01-03T21:40:00+00:00, run_after=2023-01-03T21:42:00+00:00
[2023-01-03T22:43:15.509+0100] {processor.py:175} INFO - Processing /home/chrisfleig/.local/lib/python3.10/site-packages/airflow/example_dags/example_sla_dag.py took 0.145 seconds
[2023-01-03T22:43:54.495+0100] {processor.py:153} INFO - Started process (PID=9290) to work on /home/chrisfleig/.local/lib/python3.10/site-packages/airflow/example_dags/example_sla_dag.py
[2023-01-03T22:43:54.501+0100] {processor.py:743} INFO - Processing file /home/chrisfleig/.local/lib/python3.10/site-packages/airflow/example_dags/example_sla_dag.py for tasks to queue
[2023-01-03T22:43:54.502+0100] {logging_mixin.py:137} INFO - [2023-01-03T22:43:54.502+0100] {dagbag.py:538} INFO - Filling up the DagBag from /home/chrisfleig/.local/lib/python3.10/site-packages/airflow/example_dags/example_sla_dag.py
[2023-01-03T22:43:54.533+0100] {processor.py:753} INFO - DAG(s) dict_keys(['example_sla_dag']) retrieved from /home/chrisfleig/.local/lib/python3.10/site-packages/airflow/example_dags/example_sla_dag.py
[2023-01-03T22:43:54.562+0100] {logging_mixin.py:137} INFO - [2023-01-03T22:43:54.562+0100] {dag.py:2676} INFO - Sync 1 DAGs
[2023-01-03T22:43:54.601+0100] {logging_mixin.py:137} INFO - [2023-01-03T22:43:54.600+0100] {dag.py:3423} INFO - Setting next_dagrun for example_sla_dag to 2023-01-03T21:40:00+00:00, run_after=2023-01-03T21:42:00+00:00
[2023-01-03T22:43:54.659+0100] {processor.py:175} INFO - Processing /home/chrisfleig/.local/lib/python3.10/site-packages/airflow/example_dags/example_sla_dag.py took 0.168 seconds
[2023-01-03T22:44:32.686+0100] {processor.py:153} INFO - Started process (PID=9328) to work on /home/chrisfleig/.local/lib/python3.10/site-packages/airflow/example_dags/example_sla_dag.py
[2023-01-03T22:44:32.687+0100] {processor.py:743} INFO - Processing file /home/chrisfleig/.local/lib/python3.10/site-packages/airflow/example_dags/example_sla_dag.py for tasks to queue
[2023-01-03T22:44:32.687+0100] {logging_mixin.py:137} INFO - [2023-01-03T22:44:32.687+0100] {dagbag.py:538} INFO - Filling up the DagBag from /home/chrisfleig/.local/lib/python3.10/site-packages/airflow/example_dags/example_sla_dag.py
[2023-01-03T22:44:32.708+0100] {processor.py:753} INFO - DAG(s) dict_keys(['example_sla_dag']) retrieved from /home/chrisfleig/.local/lib/python3.10/site-packages/airflow/example_dags/example_sla_dag.py
[2023-01-03T22:44:32.727+0100] {logging_mixin.py:137} INFO - [2023-01-03T22:44:32.727+0100] {dag.py:2676} INFO - Sync 1 DAGs
[2023-01-03T22:44:32.747+0100] {logging_mixin.py:137} INFO - [2023-01-03T22:44:32.747+0100] {dag.py:3423} INFO - Setting next_dagrun for example_sla_dag to 2023-01-03T21:42:00+00:00, run_after=2023-01-03T21:44:00+00:00
[2023-01-03T22:44:32.783+0100] {processor.py:175} INFO - Processing /home/chrisfleig/.local/lib/python3.10/site-packages/airflow/example_dags/example_sla_dag.py took 0.100 seconds
[2023-01-03T22:45:12.029+0100] {processor.py:153} INFO - Started process (PID=9366) to work on /home/chrisfleig/.local/lib/python3.10/site-packages/airflow/example_dags/example_sla_dag.py
[2023-01-03T22:45:12.030+0100] {processor.py:743} INFO - Processing file /home/chrisfleig/.local/lib/python3.10/site-packages/airflow/example_dags/example_sla_dag.py for tasks to queue
[2023-01-03T22:45:12.031+0100] {logging_mixin.py:137} INFO - [2023-01-03T22:45:12.031+0100] {dagbag.py:538} INFO - Filling up the DagBag from /home/chrisfleig/.local/lib/python3.10/site-packages/airflow/example_dags/example_sla_dag.py
[2023-01-03T22:45:12.057+0100] {processor.py:753} INFO - DAG(s) dict_keys(['example_sla_dag']) retrieved from /home/chrisfleig/.local/lib/python3.10/site-packages/airflow/example_dags/example_sla_dag.py
[2023-01-03T22:45:12.085+0100] {logging_mixin.py:137} INFO - [2023-01-03T22:45:12.084+0100] {dag.py:2676} INFO - Sync 1 DAGs
[2023-01-03T22:45:12.128+0100] {logging_mixin.py:137} INFO - [2023-01-03T22:45:12.128+0100] {dag.py:3423} INFO - Setting next_dagrun for example_sla_dag to 2023-01-03T21:42:00+00:00, run_after=2023-01-03T21:44:00+00:00
[2023-01-03T22:45:12.178+0100] {processor.py:175} INFO - Processing /home/chrisfleig/.local/lib/python3.10/site-packages/airflow/example_dags/example_sla_dag.py took 0.154 seconds
[2023-01-03T22:45:51.047+0100] {processor.py:153} INFO - Started process (PID=9404) to work on /home/chrisfleig/.local/lib/python3.10/site-packages/airflow/example_dags/example_sla_dag.py
[2023-01-03T22:45:51.048+0100] {processor.py:743} INFO - Processing file /home/chrisfleig/.local/lib/python3.10/site-packages/airflow/example_dags/example_sla_dag.py for tasks to queue
[2023-01-03T22:45:51.049+0100] {logging_mixin.py:137} INFO - [2023-01-03T22:45:51.048+0100] {dagbag.py:538} INFO - Filling up the DagBag from /home/chrisfleig/.local/lib/python3.10/site-packages/airflow/example_dags/example_sla_dag.py
[2023-01-03T22:45:51.070+0100] {processor.py:753} INFO - DAG(s) dict_keys(['example_sla_dag']) retrieved from /home/chrisfleig/.local/lib/python3.10/site-packages/airflow/example_dags/example_sla_dag.py
[2023-01-03T22:45:51.093+0100] {logging_mixin.py:137} INFO - [2023-01-03T22:45:51.093+0100] {dag.py:2676} INFO - Sync 1 DAGs
[2023-01-03T22:45:51.112+0100] {logging_mixin.py:137} INFO - [2023-01-03T22:45:51.112+0100] {dag.py:3423} INFO - Setting next_dagrun for example_sla_dag to 2023-01-03T21:42:00+00:00, run_after=2023-01-03T21:44:00+00:00
[2023-01-03T22:45:51.147+0100] {processor.py:175} INFO - Processing /home/chrisfleig/.local/lib/python3.10/site-packages/airflow/example_dags/example_sla_dag.py took 0.102 seconds
[2023-01-03T22:46:26.927+0100] {processor.py:153} INFO - Started process (PID=9442) to work on /home/chrisfleig/.local/lib/python3.10/site-packages/airflow/example_dags/example_sla_dag.py
[2023-01-03T22:46:26.928+0100] {processor.py:743} INFO - Processing file /home/chrisfleig/.local/lib/python3.10/site-packages/airflow/example_dags/example_sla_dag.py for tasks to queue
[2023-01-03T22:46:26.929+0100] {logging_mixin.py:137} INFO - [2023-01-03T22:46:26.929+0100] {dagbag.py:538} INFO - Filling up the DagBag from /home/chrisfleig/.local/lib/python3.10/site-packages/airflow/example_dags/example_sla_dag.py
[2023-01-03T22:46:26.949+0100] {processor.py:753} INFO - DAG(s) dict_keys(['example_sla_dag']) retrieved from /home/chrisfleig/.local/lib/python3.10/site-packages/airflow/example_dags/example_sla_dag.py
[2023-01-03T22:46:26.970+0100] {logging_mixin.py:137} INFO - [2023-01-03T22:46:26.970+0100] {dag.py:2676} INFO - Sync 1 DAGs
[2023-01-03T22:46:26.988+0100] {logging_mixin.py:137} INFO - [2023-01-03T22:46:26.988+0100] {dag.py:3423} INFO - Setting next_dagrun for example_sla_dag to 2023-01-03T21:44:00+00:00, run_after=2023-01-03T21:46:00+00:00
[2023-01-03T22:46:27.028+0100] {processor.py:175} INFO - Processing /home/chrisfleig/.local/lib/python3.10/site-packages/airflow/example_dags/example_sla_dag.py took 0.103 seconds
[2023-01-03T22:47:06.849+0100] {processor.py:153} INFO - Started process (PID=9480) to work on /home/chrisfleig/.local/lib/python3.10/site-packages/airflow/example_dags/example_sla_dag.py
[2023-01-03T22:47:06.851+0100] {processor.py:743} INFO - Processing file /home/chrisfleig/.local/lib/python3.10/site-packages/airflow/example_dags/example_sla_dag.py for tasks to queue
[2023-01-03T22:47:06.851+0100] {logging_mixin.py:137} INFO - [2023-01-03T22:47:06.851+0100] {dagbag.py:538} INFO - Filling up the DagBag from /home/chrisfleig/.local/lib/python3.10/site-packages/airflow/example_dags/example_sla_dag.py
[2023-01-03T22:47:06.872+0100] {processor.py:753} INFO - DAG(s) dict_keys(['example_sla_dag']) retrieved from /home/chrisfleig/.local/lib/python3.10/site-packages/airflow/example_dags/example_sla_dag.py
[2023-01-03T22:47:06.891+0100] {logging_mixin.py:137} INFO - [2023-01-03T22:47:06.891+0100] {dag.py:2676} INFO - Sync 1 DAGs
[2023-01-03T22:47:06.910+0100] {logging_mixin.py:137} INFO - [2023-01-03T22:47:06.910+0100] {dag.py:3423} INFO - Setting next_dagrun for example_sla_dag to 2023-01-03T21:44:00+00:00, run_after=2023-01-03T21:46:00+00:00
[2023-01-03T22:47:06.956+0100] {processor.py:175} INFO - Processing /home/chrisfleig/.local/lib/python3.10/site-packages/airflow/example_dags/example_sla_dag.py took 0.109 seconds
[2023-01-03T22:47:44.824+0100] {processor.py:153} INFO - Started process (PID=9518) to work on /home/chrisfleig/.local/lib/python3.10/site-packages/airflow/example_dags/example_sla_dag.py
[2023-01-03T22:47:44.826+0100] {processor.py:743} INFO - Processing file /home/chrisfleig/.local/lib/python3.10/site-packages/airflow/example_dags/example_sla_dag.py for tasks to queue
[2023-01-03T22:47:44.826+0100] {logging_mixin.py:137} INFO - [2023-01-03T22:47:44.826+0100] {dagbag.py:538} INFO - Filling up the DagBag from /home/chrisfleig/.local/lib/python3.10/site-packages/airflow/example_dags/example_sla_dag.py
[2023-01-03T22:47:44.851+0100] {processor.py:753} INFO - DAG(s) dict_keys(['example_sla_dag']) retrieved from /home/chrisfleig/.local/lib/python3.10/site-packages/airflow/example_dags/example_sla_dag.py
[2023-01-03T22:47:44.875+0100] {logging_mixin.py:137} INFO - [2023-01-03T22:47:44.875+0100] {dag.py:2676} INFO - Sync 1 DAGs
[2023-01-03T22:47:44.894+0100] {logging_mixin.py:137} INFO - [2023-01-03T22:47:44.894+0100] {dag.py:3423} INFO - Setting next_dagrun for example_sla_dag to 2023-01-03T21:44:00+00:00, run_after=2023-01-03T21:46:00+00:00
[2023-01-03T22:47:44.934+0100] {processor.py:175} INFO - Processing /home/chrisfleig/.local/lib/python3.10/site-packages/airflow/example_dags/example_sla_dag.py took 0.114 seconds
[2023-01-03T22:48:25.306+0100] {processor.py:153} INFO - Started process (PID=9556) to work on /home/chrisfleig/.local/lib/python3.10/site-packages/airflow/example_dags/example_sla_dag.py
[2023-01-03T22:48:25.307+0100] {processor.py:743} INFO - Processing file /home/chrisfleig/.local/lib/python3.10/site-packages/airflow/example_dags/example_sla_dag.py for tasks to queue
[2023-01-03T22:48:25.307+0100] {logging_mixin.py:137} INFO - [2023-01-03T22:48:25.307+0100] {dagbag.py:538} INFO - Filling up the DagBag from /home/chrisfleig/.local/lib/python3.10/site-packages/airflow/example_dags/example_sla_dag.py
[2023-01-03T22:48:25.328+0100] {processor.py:753} INFO - DAG(s) dict_keys(['example_sla_dag']) retrieved from /home/chrisfleig/.local/lib/python3.10/site-packages/airflow/example_dags/example_sla_dag.py
[2023-01-03T22:48:25.347+0100] {logging_mixin.py:137} INFO - [2023-01-03T22:48:25.347+0100] {dag.py:2676} INFO - Sync 1 DAGs
[2023-01-03T22:48:25.366+0100] {logging_mixin.py:137} INFO - [2023-01-03T22:48:25.366+0100] {dag.py:3423} INFO - Setting next_dagrun for example_sla_dag to 2023-01-03T21:46:00+00:00, run_after=2023-01-03T21:48:00+00:00
[2023-01-03T22:48:25.402+0100] {processor.py:175} INFO - Processing /home/chrisfleig/.local/lib/python3.10/site-packages/airflow/example_dags/example_sla_dag.py took 0.099 seconds
[2023-01-03T22:49:05.993+0100] {processor.py:153} INFO - Started process (PID=9594) to work on /home/chrisfleig/.local/lib/python3.10/site-packages/airflow/example_dags/example_sla_dag.py
[2023-01-03T22:49:05.994+0100] {processor.py:743} INFO - Processing file /home/chrisfleig/.local/lib/python3.10/site-packages/airflow/example_dags/example_sla_dag.py for tasks to queue
[2023-01-03T22:49:05.995+0100] {logging_mixin.py:137} INFO - [2023-01-03T22:49:05.995+0100] {dagbag.py:538} INFO - Filling up the DagBag from /home/chrisfleig/.local/lib/python3.10/site-packages/airflow/example_dags/example_sla_dag.py
[2023-01-03T22:49:06.027+0100] {processor.py:753} INFO - DAG(s) dict_keys(['example_sla_dag']) retrieved from /home/chrisfleig/.local/lib/python3.10/site-packages/airflow/example_dags/example_sla_dag.py
[2023-01-03T22:49:06.073+0100] {logging_mixin.py:137} INFO - [2023-01-03T22:49:06.073+0100] {dag.py:2676} INFO - Sync 1 DAGs
[2023-01-03T22:49:06.113+0100] {logging_mixin.py:137} INFO - [2023-01-03T22:49:06.113+0100] {dag.py:3423} INFO - Setting next_dagrun for example_sla_dag to 2023-01-03T21:46:00+00:00, run_after=2023-01-03T21:48:00+00:00
[2023-01-03T22:49:06.157+0100] {processor.py:175} INFO - Processing /home/chrisfleig/.local/lib/python3.10/site-packages/airflow/example_dags/example_sla_dag.py took 0.167 seconds
[2023-01-03T22:49:46.148+0100] {processor.py:153} INFO - Started process (PID=9632) to work on /home/chrisfleig/.local/lib/python3.10/site-packages/airflow/example_dags/example_sla_dag.py
[2023-01-03T22:49:46.149+0100] {processor.py:743} INFO - Processing file /home/chrisfleig/.local/lib/python3.10/site-packages/airflow/example_dags/example_sla_dag.py for tasks to queue
[2023-01-03T22:49:46.150+0100] {logging_mixin.py:137} INFO - [2023-01-03T22:49:46.150+0100] {dagbag.py:538} INFO - Filling up the DagBag from /home/chrisfleig/.local/lib/python3.10/site-packages/airflow/example_dags/example_sla_dag.py
[2023-01-03T22:49:46.175+0100] {processor.py:753} INFO - DAG(s) dict_keys(['example_sla_dag']) retrieved from /home/chrisfleig/.local/lib/python3.10/site-packages/airflow/example_dags/example_sla_dag.py
[2023-01-03T22:49:46.237+0100] {logging_mixin.py:137} INFO - [2023-01-03T22:49:46.236+0100] {dag.py:2676} INFO - Sync 1 DAGs
[2023-01-03T22:49:46.319+0100] {logging_mixin.py:137} INFO - [2023-01-03T22:49:46.319+0100] {dag.py:3423} INFO - Setting next_dagrun for example_sla_dag to 2023-01-03T21:46:00+00:00, run_after=2023-01-03T21:48:00+00:00
[2023-01-03T22:49:46.399+0100] {processor.py:175} INFO - Processing /home/chrisfleig/.local/lib/python3.10/site-packages/airflow/example_dags/example_sla_dag.py took 0.255 seconds
[2023-01-03T22:50:24.565+0100] {processor.py:153} INFO - Started process (PID=9670) to work on /home/chrisfleig/.local/lib/python3.10/site-packages/airflow/example_dags/example_sla_dag.py
[2023-01-03T22:50:24.566+0100] {processor.py:743} INFO - Processing file /home/chrisfleig/.local/lib/python3.10/site-packages/airflow/example_dags/example_sla_dag.py for tasks to queue
[2023-01-03T22:50:24.567+0100] {logging_mixin.py:137} INFO - [2023-01-03T22:50:24.567+0100] {dagbag.py:538} INFO - Filling up the DagBag from /home/chrisfleig/.local/lib/python3.10/site-packages/airflow/example_dags/example_sla_dag.py
[2023-01-03T22:50:24.587+0100] {processor.py:753} INFO - DAG(s) dict_keys(['example_sla_dag']) retrieved from /home/chrisfleig/.local/lib/python3.10/site-packages/airflow/example_dags/example_sla_dag.py
[2023-01-03T22:50:24.608+0100] {logging_mixin.py:137} INFO - [2023-01-03T22:50:24.607+0100] {dag.py:2676} INFO - Sync 1 DAGs
[2023-01-03T22:50:24.626+0100] {logging_mixin.py:137} INFO - [2023-01-03T22:50:24.626+0100] {dag.py:3423} INFO - Setting next_dagrun for example_sla_dag to 2023-01-03T21:48:00+00:00, run_after=2023-01-03T21:50:00+00:00
[2023-01-03T22:50:24.668+0100] {processor.py:175} INFO - Processing /home/chrisfleig/.local/lib/python3.10/site-packages/airflow/example_dags/example_sla_dag.py took 0.105 seconds
[2023-01-03T22:51:04.898+0100] {processor.py:153} INFO - Started process (PID=9708) to work on /home/chrisfleig/.local/lib/python3.10/site-packages/airflow/example_dags/example_sla_dag.py
[2023-01-03T22:51:04.900+0100] {processor.py:743} INFO - Processing file /home/chrisfleig/.local/lib/python3.10/site-packages/airflow/example_dags/example_sla_dag.py for tasks to queue
[2023-01-03T22:51:04.901+0100] {logging_mixin.py:137} INFO - [2023-01-03T22:51:04.901+0100] {dagbag.py:538} INFO - Filling up the DagBag from /home/chrisfleig/.local/lib/python3.10/site-packages/airflow/example_dags/example_sla_dag.py
[2023-01-03T22:51:04.935+0100] {processor.py:753} INFO - DAG(s) dict_keys(['example_sla_dag']) retrieved from /home/chrisfleig/.local/lib/python3.10/site-packages/airflow/example_dags/example_sla_dag.py
[2023-01-03T22:51:04.967+0100] {logging_mixin.py:137} INFO - [2023-01-03T22:51:04.966+0100] {dag.py:2676} INFO - Sync 1 DAGs
[2023-01-03T22:51:04.993+0100] {logging_mixin.py:137} INFO - [2023-01-03T22:51:04.993+0100] {dag.py:3423} INFO - Setting next_dagrun for example_sla_dag to 2023-01-03T21:48:00+00:00, run_after=2023-01-03T21:50:00+00:00
[2023-01-03T22:51:05.038+0100] {processor.py:175} INFO - Processing /home/chrisfleig/.local/lib/python3.10/site-packages/airflow/example_dags/example_sla_dag.py took 0.143 seconds
[2023-01-03T22:51:42.751+0100] {processor.py:153} INFO - Started process (PID=9746) to work on /home/chrisfleig/.local/lib/python3.10/site-packages/airflow/example_dags/example_sla_dag.py
[2023-01-03T22:51:42.752+0100] {processor.py:743} INFO - Processing file /home/chrisfleig/.local/lib/python3.10/site-packages/airflow/example_dags/example_sla_dag.py for tasks to queue
[2023-01-03T22:51:42.753+0100] {logging_mixin.py:137} INFO - [2023-01-03T22:51:42.752+0100] {dagbag.py:538} INFO - Filling up the DagBag from /home/chrisfleig/.local/lib/python3.10/site-packages/airflow/example_dags/example_sla_dag.py
[2023-01-03T22:51:42.774+0100] {processor.py:753} INFO - DAG(s) dict_keys(['example_sla_dag']) retrieved from /home/chrisfleig/.local/lib/python3.10/site-packages/airflow/example_dags/example_sla_dag.py
[2023-01-03T22:51:42.795+0100] {logging_mixin.py:137} INFO - [2023-01-03T22:51:42.795+0100] {dag.py:2676} INFO - Sync 1 DAGs
[2023-01-03T22:51:42.815+0100] {logging_mixin.py:137} INFO - [2023-01-03T22:51:42.814+0100] {dag.py:3423} INFO - Setting next_dagrun for example_sla_dag to 2023-01-03T21:48:00+00:00, run_after=2023-01-03T21:50:00+00:00
[2023-01-03T22:51:42.853+0100] {processor.py:175} INFO - Processing /home/chrisfleig/.local/lib/python3.10/site-packages/airflow/example_dags/example_sla_dag.py took 0.105 seconds
[2023-01-03T22:52:24.444+0100] {processor.py:153} INFO - Started process (PID=9784) to work on /home/chrisfleig/.local/lib/python3.10/site-packages/airflow/example_dags/example_sla_dag.py
[2023-01-03T22:52:24.445+0100] {processor.py:743} INFO - Processing file /home/chrisfleig/.local/lib/python3.10/site-packages/airflow/example_dags/example_sla_dag.py for tasks to queue
[2023-01-03T22:52:24.446+0100] {logging_mixin.py:137} INFO - [2023-01-03T22:52:24.446+0100] {dagbag.py:538} INFO - Filling up the DagBag from /home/chrisfleig/.local/lib/python3.10/site-packages/airflow/example_dags/example_sla_dag.py
[2023-01-03T22:52:24.473+0100] {processor.py:753} INFO - DAG(s) dict_keys(['example_sla_dag']) retrieved from /home/chrisfleig/.local/lib/python3.10/site-packages/airflow/example_dags/example_sla_dag.py
[2023-01-03T22:52:24.495+0100] {logging_mixin.py:137} INFO - [2023-01-03T22:52:24.495+0100] {dag.py:2676} INFO - Sync 1 DAGs
[2023-01-03T22:52:24.515+0100] {logging_mixin.py:137} INFO - [2023-01-03T22:52:24.515+0100] {dag.py:3423} INFO - Setting next_dagrun for example_sla_dag to 2023-01-03T21:50:00+00:00, run_after=2023-01-03T21:52:00+00:00
[2023-01-03T22:52:24.552+0100] {processor.py:175} INFO - Processing /home/chrisfleig/.local/lib/python3.10/site-packages/airflow/example_dags/example_sla_dag.py took 0.111 seconds
[2023-01-03T22:53:03.430+0100] {processor.py:153} INFO - Started process (PID=9822) to work on /home/chrisfleig/.local/lib/python3.10/site-packages/airflow/example_dags/example_sla_dag.py
[2023-01-03T22:53:03.431+0100] {processor.py:743} INFO - Processing file /home/chrisfleig/.local/lib/python3.10/site-packages/airflow/example_dags/example_sla_dag.py for tasks to queue
[2023-01-03T22:53:03.431+0100] {logging_mixin.py:137} INFO - [2023-01-03T22:53:03.431+0100] {dagbag.py:538} INFO - Filling up the DagBag from /home/chrisfleig/.local/lib/python3.10/site-packages/airflow/example_dags/example_sla_dag.py
[2023-01-03T22:53:03.453+0100] {processor.py:753} INFO - DAG(s) dict_keys(['example_sla_dag']) retrieved from /home/chrisfleig/.local/lib/python3.10/site-packages/airflow/example_dags/example_sla_dag.py
[2023-01-03T22:53:03.474+0100] {logging_mixin.py:137} INFO - [2023-01-03T22:53:03.474+0100] {dag.py:2676} INFO - Sync 1 DAGs
[2023-01-03T22:53:03.494+0100] {logging_mixin.py:137} INFO - [2023-01-03T22:53:03.494+0100] {dag.py:3423} INFO - Setting next_dagrun for example_sla_dag to 2023-01-03T21:50:00+00:00, run_after=2023-01-03T21:52:00+00:00
[2023-01-03T22:53:03.536+0100] {processor.py:175} INFO - Processing /home/chrisfleig/.local/lib/python3.10/site-packages/airflow/example_dags/example_sla_dag.py took 0.108 seconds
[2023-01-03T22:53:41.302+0100] {processor.py:153} INFO - Started process (PID=9862) to work on /home/chrisfleig/.local/lib/python3.10/site-packages/airflow/example_dags/example_sla_dag.py
[2023-01-03T22:53:41.303+0100] {processor.py:743} INFO - Processing file /home/chrisfleig/.local/lib/python3.10/site-packages/airflow/example_dags/example_sla_dag.py for tasks to queue
[2023-01-03T22:53:41.304+0100] {logging_mixin.py:137} INFO - [2023-01-03T22:53:41.304+0100] {dagbag.py:538} INFO - Filling up the DagBag from /home/chrisfleig/.local/lib/python3.10/site-packages/airflow/example_dags/example_sla_dag.py
[2023-01-03T22:53:41.326+0100] {processor.py:753} INFO - DAG(s) dict_keys(['example_sla_dag']) retrieved from /home/chrisfleig/.local/lib/python3.10/site-packages/airflow/example_dags/example_sla_dag.py
[2023-01-03T22:53:41.348+0100] {logging_mixin.py:137} INFO - [2023-01-03T22:53:41.348+0100] {dag.py:2676} INFO - Sync 1 DAGs
[2023-01-03T22:53:41.369+0100] {logging_mixin.py:137} INFO - [2023-01-03T22:53:41.369+0100] {dag.py:3423} INFO - Setting next_dagrun for example_sla_dag to 2023-01-03T21:50:00+00:00, run_after=2023-01-03T21:52:00+00:00
[2023-01-03T22:53:41.406+0100] {processor.py:175} INFO - Processing /home/chrisfleig/.local/lib/python3.10/site-packages/airflow/example_dags/example_sla_dag.py took 0.107 seconds
[2023-01-03T22:54:24.507+0100] {processor.py:153} INFO - Started process (PID=9904) to work on /home/chrisfleig/.local/lib/python3.10/site-packages/airflow/example_dags/example_sla_dag.py
[2023-01-03T22:54:24.509+0100] {processor.py:743} INFO - Processing file /home/chrisfleig/.local/lib/python3.10/site-packages/airflow/example_dags/example_sla_dag.py for tasks to queue
[2023-01-03T22:54:24.510+0100] {logging_mixin.py:137} INFO - [2023-01-03T22:54:24.509+0100] {dagbag.py:538} INFO - Filling up the DagBag from /home/chrisfleig/.local/lib/python3.10/site-packages/airflow/example_dags/example_sla_dag.py
[2023-01-03T22:54:24.549+0100] {processor.py:753} INFO - DAG(s) dict_keys(['example_sla_dag']) retrieved from /home/chrisfleig/.local/lib/python3.10/site-packages/airflow/example_dags/example_sla_dag.py
[2023-01-03T22:54:24.588+0100] {logging_mixin.py:137} INFO - [2023-01-03T22:54:24.588+0100] {dag.py:2676} INFO - Sync 1 DAGs
[2023-01-03T22:54:24.633+0100] {logging_mixin.py:137} INFO - [2023-01-03T22:54:24.633+0100] {dag.py:3423} INFO - Setting next_dagrun for example_sla_dag to 2023-01-03T21:52:00+00:00, run_after=2023-01-03T21:54:00+00:00
[2023-01-03T22:54:24.686+0100] {processor.py:175} INFO - Processing /home/chrisfleig/.local/lib/python3.10/site-packages/airflow/example_dags/example_sla_dag.py took 0.184 seconds
[2023-01-03T22:55:08.056+0100] {processor.py:153} INFO - Started process (PID=9943) to work on /home/chrisfleig/.local/lib/python3.10/site-packages/airflow/example_dags/example_sla_dag.py
[2023-01-03T22:55:08.057+0100] {processor.py:743} INFO - Processing file /home/chrisfleig/.local/lib/python3.10/site-packages/airflow/example_dags/example_sla_dag.py for tasks to queue
[2023-01-03T22:55:08.058+0100] {logging_mixin.py:137} INFO - [2023-01-03T22:55:08.058+0100] {dagbag.py:538} INFO - Filling up the DagBag from /home/chrisfleig/.local/lib/python3.10/site-packages/airflow/example_dags/example_sla_dag.py
[2023-01-03T22:55:08.110+0100] {processor.py:753} INFO - DAG(s) dict_keys(['example_sla_dag']) retrieved from /home/chrisfleig/.local/lib/python3.10/site-packages/airflow/example_dags/example_sla_dag.py
[2023-01-03T22:55:08.141+0100] {logging_mixin.py:137} INFO - [2023-01-03T22:55:08.140+0100] {dag.py:2676} INFO - Sync 1 DAGs
[2023-01-03T22:55:08.181+0100] {logging_mixin.py:137} INFO - [2023-01-03T22:55:08.180+0100] {dag.py:3423} INFO - Setting next_dagrun for example_sla_dag to 2023-01-03T21:52:00+00:00, run_after=2023-01-03T21:54:00+00:00
[2023-01-03T22:55:08.273+0100] {processor.py:175} INFO - Processing /home/chrisfleig/.local/lib/python3.10/site-packages/airflow/example_dags/example_sla_dag.py took 0.220 seconds
[2023-01-03T22:55:49.919+0100] {processor.py:153} INFO - Started process (PID=9982) to work on /home/chrisfleig/.local/lib/python3.10/site-packages/airflow/example_dags/example_sla_dag.py
[2023-01-03T22:55:49.922+0100] {processor.py:743} INFO - Processing file /home/chrisfleig/.local/lib/python3.10/site-packages/airflow/example_dags/example_sla_dag.py for tasks to queue
[2023-01-03T22:55:49.930+0100] {logging_mixin.py:137} INFO - [2023-01-03T22:55:49.926+0100] {dagbag.py:538} INFO - Filling up the DagBag from /home/chrisfleig/.local/lib/python3.10/site-packages/airflow/example_dags/example_sla_dag.py
[2023-01-03T22:55:49.999+0100] {processor.py:753} INFO - DAG(s) dict_keys(['example_sla_dag']) retrieved from /home/chrisfleig/.local/lib/python3.10/site-packages/airflow/example_dags/example_sla_dag.py
[2023-01-03T22:55:50.061+0100] {logging_mixin.py:137} INFO - [2023-01-03T22:55:50.061+0100] {dag.py:2676} INFO - Sync 1 DAGs
[2023-01-03T22:55:50.099+0100] {logging_mixin.py:137} INFO - [2023-01-03T22:55:50.099+0100] {dag.py:3423} INFO - Setting next_dagrun for example_sla_dag to 2023-01-03T21:52:00+00:00, run_after=2023-01-03T21:54:00+00:00
[2023-01-03T22:55:50.156+0100] {processor.py:175} INFO - Processing /home/chrisfleig/.local/lib/python3.10/site-packages/airflow/example_dags/example_sla_dag.py took 0.241 seconds
[2023-01-03T22:56:33.434+0100] {processor.py:153} INFO - Started process (PID=10025) to work on /home/chrisfleig/.local/lib/python3.10/site-packages/airflow/example_dags/example_sla_dag.py
[2023-01-03T22:56:33.436+0100] {processor.py:743} INFO - Processing file /home/chrisfleig/.local/lib/python3.10/site-packages/airflow/example_dags/example_sla_dag.py for tasks to queue
[2023-01-03T22:56:33.436+0100] {logging_mixin.py:137} INFO - [2023-01-03T22:56:33.436+0100] {dagbag.py:538} INFO - Filling up the DagBag from /home/chrisfleig/.local/lib/python3.10/site-packages/airflow/example_dags/example_sla_dag.py
[2023-01-03T22:56:33.465+0100] {processor.py:753} INFO - DAG(s) dict_keys(['example_sla_dag']) retrieved from /home/chrisfleig/.local/lib/python3.10/site-packages/airflow/example_dags/example_sla_dag.py
[2023-01-03T22:56:33.490+0100] {logging_mixin.py:137} INFO - [2023-01-03T22:56:33.490+0100] {dag.py:2676} INFO - Sync 1 DAGs
[2023-01-03T22:56:33.513+0100] {logging_mixin.py:137} INFO - [2023-01-03T22:56:33.513+0100] {dag.py:3423} INFO - Setting next_dagrun for example_sla_dag to 2023-01-03T21:54:00+00:00, run_after=2023-01-03T21:56:00+00:00
[2023-01-03T22:56:33.550+0100] {processor.py:175} INFO - Processing /home/chrisfleig/.local/lib/python3.10/site-packages/airflow/example_dags/example_sla_dag.py took 0.119 seconds
