[2023-01-03T22:10:56.407+0100] {processor.py:153} INFO - Started process (PID=8194) to work on /home/chrisfleig/.local/lib/python3.10/site-packages/airflow/example_dags/example_dag_decorator.py
[2023-01-03T22:10:56.407+0100] {processor.py:743} INFO - Processing file /home/chrisfleig/.local/lib/python3.10/site-packages/airflow/example_dags/example_dag_decorator.py for tasks to queue
[2023-01-03T22:10:56.408+0100] {logging_mixin.py:137} INFO - [2023-01-03T22:10:56.408+0100] {dagbag.py:538} INFO - Filling up the DagBag from /home/chrisfleig/.local/lib/python3.10/site-packages/airflow/example_dags/example_dag_decorator.py
[2023-01-03T22:10:56.424+0100] {logging_mixin.py:137} INFO - [2023-01-03T22:10:56.424+0100] {taskmixin.py:205} WARNING - Dependency <Task(_PythonDecoratedOperator): prepare_email>, send_email already registered for DAG: example_dag_decorator
[2023-01-03T22:10:56.424+0100] {logging_mixin.py:137} INFO - [2023-01-03T22:10:56.424+0100] {taskmixin.py:205} WARNING - Dependency <Task(EmailOperator): send_email>, prepare_email already registered for DAG: example_dag_decorator
[2023-01-03T22:10:56.433+0100] {processor.py:753} INFO - DAG(s) dict_keys(['example_dag_decorator']) retrieved from /home/chrisfleig/.local/lib/python3.10/site-packages/airflow/example_dags/example_dag_decorator.py
[2023-01-03T22:10:56.563+0100] {logging_mixin.py:137} INFO - [2023-01-03T22:10:56.562+0100] {manager.py:504} INFO - Created Permission View: can edit on DAG:example_dag_decorator
[2023-01-03T22:10:56.588+0100] {logging_mixin.py:137} INFO - [2023-01-03T22:10:56.587+0100] {manager.py:504} INFO - Created Permission View: can delete on DAG:example_dag_decorator
[2023-01-03T22:10:56.611+0100] {logging_mixin.py:137} INFO - [2023-01-03T22:10:56.611+0100] {manager.py:504} INFO - Created Permission View: can read on DAG:example_dag_decorator
[2023-01-03T22:10:56.612+0100] {logging_mixin.py:137} INFO - [2023-01-03T22:10:56.611+0100] {dag.py:2676} INFO - Sync 1 DAGs
[2023-01-03T22:10:56.620+0100] {logging_mixin.py:137} INFO - [2023-01-03T22:10:56.620+0100] {dag.py:2697} INFO - Creating ORM DAG for example_dag_decorator
[2023-01-03T22:10:56.627+0100] {logging_mixin.py:137} INFO - [2023-01-03T22:10:56.627+0100] {dag.py:3423} INFO - Setting next_dagrun for example_dag_decorator to None, run_after=None
[2023-01-03T22:10:56.667+0100] {processor.py:175} INFO - Processing /home/chrisfleig/.local/lib/python3.10/site-packages/airflow/example_dags/example_dag_decorator.py took 0.263 seconds
[2023-01-03T22:11:39.987+0100] {processor.py:153} INFO - Started process (PID=8232) to work on /home/chrisfleig/.local/lib/python3.10/site-packages/airflow/example_dags/example_dag_decorator.py
[2023-01-03T22:11:39.988+0100] {processor.py:743} INFO - Processing file /home/chrisfleig/.local/lib/python3.10/site-packages/airflow/example_dags/example_dag_decorator.py for tasks to queue
[2023-01-03T22:11:39.988+0100] {logging_mixin.py:137} INFO - [2023-01-03T22:11:39.988+0100] {dagbag.py:538} INFO - Filling up the DagBag from /home/chrisfleig/.local/lib/python3.10/site-packages/airflow/example_dags/example_dag_decorator.py
[2023-01-03T22:11:40.008+0100] {logging_mixin.py:137} INFO - [2023-01-03T22:11:40.007+0100] {taskmixin.py:205} WARNING - Dependency <Task(_PythonDecoratedOperator): prepare_email>, send_email already registered for DAG: example_dag_decorator
[2023-01-03T22:11:40.008+0100] {logging_mixin.py:137} INFO - [2023-01-03T22:11:40.008+0100] {taskmixin.py:205} WARNING - Dependency <Task(EmailOperator): send_email>, prepare_email already registered for DAG: example_dag_decorator
[2023-01-03T22:11:40.020+0100] {processor.py:753} INFO - DAG(s) dict_keys(['example_dag_decorator']) retrieved from /home/chrisfleig/.local/lib/python3.10/site-packages/airflow/example_dags/example_dag_decorator.py
[2023-01-03T22:11:40.068+0100] {logging_mixin.py:137} INFO - [2023-01-03T22:11:40.067+0100] {dag.py:2676} INFO - Sync 1 DAGs
[2023-01-03T22:11:40.085+0100] {logging_mixin.py:137} INFO - [2023-01-03T22:11:40.085+0100] {dag.py:3423} INFO - Setting next_dagrun for example_dag_decorator to None, run_after=None
[2023-01-03T22:11:40.127+0100] {processor.py:175} INFO - Processing /home/chrisfleig/.local/lib/python3.10/site-packages/airflow/example_dags/example_dag_decorator.py took 0.142 seconds
[2023-01-03T22:12:18.897+0100] {processor.py:153} INFO - Started process (PID=8270) to work on /home/chrisfleig/.local/lib/python3.10/site-packages/airflow/example_dags/example_dag_decorator.py
[2023-01-03T22:12:18.897+0100] {processor.py:743} INFO - Processing file /home/chrisfleig/.local/lib/python3.10/site-packages/airflow/example_dags/example_dag_decorator.py for tasks to queue
[2023-01-03T22:12:18.898+0100] {logging_mixin.py:137} INFO - [2023-01-03T22:12:18.898+0100] {dagbag.py:538} INFO - Filling up the DagBag from /home/chrisfleig/.local/lib/python3.10/site-packages/airflow/example_dags/example_dag_decorator.py
[2023-01-03T22:12:18.916+0100] {logging_mixin.py:137} INFO - [2023-01-03T22:12:18.916+0100] {taskmixin.py:205} WARNING - Dependency <Task(_PythonDecoratedOperator): prepare_email>, send_email already registered for DAG: example_dag_decorator
[2023-01-03T22:12:18.916+0100] {logging_mixin.py:137} INFO - [2023-01-03T22:12:18.916+0100] {taskmixin.py:205} WARNING - Dependency <Task(EmailOperator): send_email>, prepare_email already registered for DAG: example_dag_decorator
[2023-01-03T22:12:18.926+0100] {processor.py:753} INFO - DAG(s) dict_keys(['example_dag_decorator']) retrieved from /home/chrisfleig/.local/lib/python3.10/site-packages/airflow/example_dags/example_dag_decorator.py
[2023-01-03T22:12:18.971+0100] {logging_mixin.py:137} INFO - [2023-01-03T22:12:18.971+0100] {dag.py:2676} INFO - Sync 1 DAGs
[2023-01-03T22:12:18.988+0100] {logging_mixin.py:137} INFO - [2023-01-03T22:12:18.987+0100] {dag.py:3423} INFO - Setting next_dagrun for example_dag_decorator to None, run_after=None
[2023-01-03T22:12:19.023+0100] {processor.py:175} INFO - Processing /home/chrisfleig/.local/lib/python3.10/site-packages/airflow/example_dags/example_dag_decorator.py took 0.128 seconds
[2023-01-03T22:12:58.225+0100] {processor.py:153} INFO - Started process (PID=8308) to work on /home/chrisfleig/.local/lib/python3.10/site-packages/airflow/example_dags/example_dag_decorator.py
[2023-01-03T22:12:58.226+0100] {processor.py:743} INFO - Processing file /home/chrisfleig/.local/lib/python3.10/site-packages/airflow/example_dags/example_dag_decorator.py for tasks to queue
[2023-01-03T22:12:58.227+0100] {logging_mixin.py:137} INFO - [2023-01-03T22:12:58.226+0100] {dagbag.py:538} INFO - Filling up the DagBag from /home/chrisfleig/.local/lib/python3.10/site-packages/airflow/example_dags/example_dag_decorator.py
[2023-01-03T22:12:58.245+0100] {logging_mixin.py:137} INFO - [2023-01-03T22:12:58.245+0100] {taskmixin.py:205} WARNING - Dependency <Task(_PythonDecoratedOperator): prepare_email>, send_email already registered for DAG: example_dag_decorator
[2023-01-03T22:12:58.246+0100] {logging_mixin.py:137} INFO - [2023-01-03T22:12:58.245+0100] {taskmixin.py:205} WARNING - Dependency <Task(EmailOperator): send_email>, prepare_email already registered for DAG: example_dag_decorator
[2023-01-03T22:12:58.255+0100] {processor.py:753} INFO - DAG(s) dict_keys(['example_dag_decorator']) retrieved from /home/chrisfleig/.local/lib/python3.10/site-packages/airflow/example_dags/example_dag_decorator.py
[2023-01-03T22:12:58.304+0100] {logging_mixin.py:137} INFO - [2023-01-03T22:12:58.304+0100] {dag.py:2676} INFO - Sync 1 DAGs
[2023-01-03T22:12:58.320+0100] {logging_mixin.py:137} INFO - [2023-01-03T22:12:58.320+0100] {dag.py:3423} INFO - Setting next_dagrun for example_dag_decorator to None, run_after=None
[2023-01-03T22:12:58.359+0100] {processor.py:175} INFO - Processing /home/chrisfleig/.local/lib/python3.10/site-packages/airflow/example_dags/example_dag_decorator.py took 0.137 seconds
[2023-01-03T22:13:36.409+0100] {processor.py:153} INFO - Started process (PID=8346) to work on /home/chrisfleig/.local/lib/python3.10/site-packages/airflow/example_dags/example_dag_decorator.py
[2023-01-03T22:13:36.410+0100] {processor.py:743} INFO - Processing file /home/chrisfleig/.local/lib/python3.10/site-packages/airflow/example_dags/example_dag_decorator.py for tasks to queue
[2023-01-03T22:13:36.411+0100] {logging_mixin.py:137} INFO - [2023-01-03T22:13:36.411+0100] {dagbag.py:538} INFO - Filling up the DagBag from /home/chrisfleig/.local/lib/python3.10/site-packages/airflow/example_dags/example_dag_decorator.py
[2023-01-03T22:13:36.429+0100] {logging_mixin.py:137} INFO - [2023-01-03T22:13:36.429+0100] {taskmixin.py:205} WARNING - Dependency <Task(_PythonDecoratedOperator): prepare_email>, send_email already registered for DAG: example_dag_decorator
[2023-01-03T22:13:36.429+0100] {logging_mixin.py:137} INFO - [2023-01-03T22:13:36.429+0100] {taskmixin.py:205} WARNING - Dependency <Task(EmailOperator): send_email>, prepare_email already registered for DAG: example_dag_decorator
[2023-01-03T22:13:36.439+0100] {processor.py:753} INFO - DAG(s) dict_keys(['example_dag_decorator']) retrieved from /home/chrisfleig/.local/lib/python3.10/site-packages/airflow/example_dags/example_dag_decorator.py
[2023-01-03T22:13:36.500+0100] {logging_mixin.py:137} INFO - [2023-01-03T22:13:36.500+0100] {dag.py:2676} INFO - Sync 1 DAGs
[2023-01-03T22:13:36.516+0100] {logging_mixin.py:137} INFO - [2023-01-03T22:13:36.516+0100] {dag.py:3423} INFO - Setting next_dagrun for example_dag_decorator to None, run_after=None
[2023-01-03T22:13:36.571+0100] {processor.py:175} INFO - Processing /home/chrisfleig/.local/lib/python3.10/site-packages/airflow/example_dags/example_dag_decorator.py took 0.165 seconds
[2023-01-03T22:14:15.522+0100] {processor.py:153} INFO - Started process (PID=8384) to work on /home/chrisfleig/.local/lib/python3.10/site-packages/airflow/example_dags/example_dag_decorator.py
[2023-01-03T22:14:15.523+0100] {processor.py:743} INFO - Processing file /home/chrisfleig/.local/lib/python3.10/site-packages/airflow/example_dags/example_dag_decorator.py for tasks to queue
[2023-01-03T22:14:15.523+0100] {logging_mixin.py:137} INFO - [2023-01-03T22:14:15.523+0100] {dagbag.py:538} INFO - Filling up the DagBag from /home/chrisfleig/.local/lib/python3.10/site-packages/airflow/example_dags/example_dag_decorator.py
[2023-01-03T22:14:15.540+0100] {logging_mixin.py:137} INFO - [2023-01-03T22:14:15.539+0100] {taskmixin.py:205} WARNING - Dependency <Task(_PythonDecoratedOperator): prepare_email>, send_email already registered for DAG: example_dag_decorator
[2023-01-03T22:14:15.540+0100] {logging_mixin.py:137} INFO - [2023-01-03T22:14:15.540+0100] {taskmixin.py:205} WARNING - Dependency <Task(EmailOperator): send_email>, prepare_email already registered for DAG: example_dag_decorator
[2023-01-03T22:14:15.549+0100] {processor.py:753} INFO - DAG(s) dict_keys(['example_dag_decorator']) retrieved from /home/chrisfleig/.local/lib/python3.10/site-packages/airflow/example_dags/example_dag_decorator.py
[2023-01-03T22:14:15.600+0100] {logging_mixin.py:137} INFO - [2023-01-03T22:14:15.600+0100] {dag.py:2676} INFO - Sync 1 DAGs
[2023-01-03T22:14:15.619+0100] {logging_mixin.py:137} INFO - [2023-01-03T22:14:15.618+0100] {dag.py:3423} INFO - Setting next_dagrun for example_dag_decorator to None, run_after=None
[2023-01-03T22:14:15.663+0100] {processor.py:175} INFO - Processing /home/chrisfleig/.local/lib/python3.10/site-packages/airflow/example_dags/example_dag_decorator.py took 0.144 seconds
[2023-01-03T22:14:55.433+0100] {processor.py:153} INFO - Started process (PID=8422) to work on /home/chrisfleig/.local/lib/python3.10/site-packages/airflow/example_dags/example_dag_decorator.py
[2023-01-03T22:14:55.434+0100] {processor.py:743} INFO - Processing file /home/chrisfleig/.local/lib/python3.10/site-packages/airflow/example_dags/example_dag_decorator.py for tasks to queue
[2023-01-03T22:14:55.434+0100] {logging_mixin.py:137} INFO - [2023-01-03T22:14:55.434+0100] {dagbag.py:538} INFO - Filling up the DagBag from /home/chrisfleig/.local/lib/python3.10/site-packages/airflow/example_dags/example_dag_decorator.py
[2023-01-03T22:14:55.450+0100] {logging_mixin.py:137} INFO - [2023-01-03T22:14:55.450+0100] {taskmixin.py:205} WARNING - Dependency <Task(_PythonDecoratedOperator): prepare_email>, send_email already registered for DAG: example_dag_decorator
[2023-01-03T22:14:55.450+0100] {logging_mixin.py:137} INFO - [2023-01-03T22:14:55.450+0100] {taskmixin.py:205} WARNING - Dependency <Task(EmailOperator): send_email>, prepare_email already registered for DAG: example_dag_decorator
[2023-01-03T22:14:55.460+0100] {processor.py:753} INFO - DAG(s) dict_keys(['example_dag_decorator']) retrieved from /home/chrisfleig/.local/lib/python3.10/site-packages/airflow/example_dags/example_dag_decorator.py
[2023-01-03T22:14:55.506+0100] {logging_mixin.py:137} INFO - [2023-01-03T22:14:55.506+0100] {dag.py:2676} INFO - Sync 1 DAGs
[2023-01-03T22:14:55.522+0100] {logging_mixin.py:137} INFO - [2023-01-03T22:14:55.522+0100] {dag.py:3423} INFO - Setting next_dagrun for example_dag_decorator to None, run_after=None
[2023-01-03T22:14:55.559+0100] {processor.py:175} INFO - Processing /home/chrisfleig/.local/lib/python3.10/site-packages/airflow/example_dags/example_dag_decorator.py took 0.129 seconds
[2023-01-03T22:15:33.973+0100] {processor.py:153} INFO - Started process (PID=8461) to work on /home/chrisfleig/.local/lib/python3.10/site-packages/airflow/example_dags/example_dag_decorator.py
[2023-01-03T22:15:33.974+0100] {processor.py:743} INFO - Processing file /home/chrisfleig/.local/lib/python3.10/site-packages/airflow/example_dags/example_dag_decorator.py for tasks to queue
[2023-01-03T22:15:33.974+0100] {logging_mixin.py:137} INFO - [2023-01-03T22:15:33.974+0100] {dagbag.py:538} INFO - Filling up the DagBag from /home/chrisfleig/.local/lib/python3.10/site-packages/airflow/example_dags/example_dag_decorator.py
[2023-01-03T22:15:33.990+0100] {logging_mixin.py:137} INFO - [2023-01-03T22:15:33.990+0100] {taskmixin.py:205} WARNING - Dependency <Task(_PythonDecoratedOperator): prepare_email>, send_email already registered for DAG: example_dag_decorator
[2023-01-03T22:15:33.990+0100] {logging_mixin.py:137} INFO - [2023-01-03T22:15:33.990+0100] {taskmixin.py:205} WARNING - Dependency <Task(EmailOperator): send_email>, prepare_email already registered for DAG: example_dag_decorator
[2023-01-03T22:15:33.999+0100] {processor.py:753} INFO - DAG(s) dict_keys(['example_dag_decorator']) retrieved from /home/chrisfleig/.local/lib/python3.10/site-packages/airflow/example_dags/example_dag_decorator.py
[2023-01-03T22:15:34.046+0100] {logging_mixin.py:137} INFO - [2023-01-03T22:15:34.046+0100] {dag.py:2676} INFO - Sync 1 DAGs
[2023-01-03T22:15:34.060+0100] {logging_mixin.py:137} INFO - [2023-01-03T22:15:34.060+0100] {dag.py:3423} INFO - Setting next_dagrun for example_dag_decorator to None, run_after=None
[2023-01-03T22:15:34.100+0100] {processor.py:175} INFO - Processing /home/chrisfleig/.local/lib/python3.10/site-packages/airflow/example_dags/example_dag_decorator.py took 0.129 seconds
[2023-01-03T22:31:27.156+0100] {processor.py:153} INFO - Started process (PID=8557) to work on /home/chrisfleig/.local/lib/python3.10/site-packages/airflow/example_dags/example_dag_decorator.py
[2023-01-03T22:31:27.157+0100] {processor.py:743} INFO - Processing file /home/chrisfleig/.local/lib/python3.10/site-packages/airflow/example_dags/example_dag_decorator.py for tasks to queue
[2023-01-03T22:31:27.157+0100] {logging_mixin.py:137} INFO - [2023-01-03T22:31:27.157+0100] {dagbag.py:538} INFO - Filling up the DagBag from /home/chrisfleig/.local/lib/python3.10/site-packages/airflow/example_dags/example_dag_decorator.py
[2023-01-03T22:31:27.172+0100] {logging_mixin.py:137} INFO - [2023-01-03T22:31:27.172+0100] {taskmixin.py:205} WARNING - Dependency <Task(_PythonDecoratedOperator): prepare_email>, send_email already registered for DAG: example_dag_decorator
[2023-01-03T22:31:27.173+0100] {logging_mixin.py:137} INFO - [2023-01-03T22:31:27.173+0100] {taskmixin.py:205} WARNING - Dependency <Task(EmailOperator): send_email>, prepare_email already registered for DAG: example_dag_decorator
[2023-01-03T22:31:27.185+0100] {processor.py:753} INFO - DAG(s) dict_keys(['example_dag_decorator']) retrieved from /home/chrisfleig/.local/lib/python3.10/site-packages/airflow/example_dags/example_dag_decorator.py
[2023-01-03T22:31:27.194+0100] {logging_mixin.py:137} INFO - [2023-01-03T22:31:27.194+0100] {dag.py:2676} INFO - Sync 1 DAGs
[2023-01-03T22:31:27.212+0100] {logging_mixin.py:137} INFO - [2023-01-03T22:31:27.212+0100] {dag.py:3423} INFO - Setting next_dagrun for example_dag_decorator to None, run_after=None
[2023-01-03T22:31:27.245+0100] {processor.py:175} INFO - Processing /home/chrisfleig/.local/lib/python3.10/site-packages/airflow/example_dags/example_dag_decorator.py took 0.091 seconds
[2023-01-03T22:32:09.014+0100] {processor.py:153} INFO - Started process (PID=8595) to work on /home/chrisfleig/.local/lib/python3.10/site-packages/airflow/example_dags/example_dag_decorator.py
[2023-01-03T22:32:09.016+0100] {processor.py:743} INFO - Processing file /home/chrisfleig/.local/lib/python3.10/site-packages/airflow/example_dags/example_dag_decorator.py for tasks to queue
[2023-01-03T22:32:09.016+0100] {logging_mixin.py:137} INFO - [2023-01-03T22:32:09.016+0100] {dagbag.py:538} INFO - Filling up the DagBag from /home/chrisfleig/.local/lib/python3.10/site-packages/airflow/example_dags/example_dag_decorator.py
[2023-01-03T22:32:09.035+0100] {logging_mixin.py:137} INFO - [2023-01-03T22:32:09.035+0100] {taskmixin.py:205} WARNING - Dependency <Task(_PythonDecoratedOperator): prepare_email>, send_email already registered for DAG: example_dag_decorator
[2023-01-03T22:32:09.035+0100] {logging_mixin.py:137} INFO - [2023-01-03T22:32:09.035+0100] {taskmixin.py:205} WARNING - Dependency <Task(EmailOperator): send_email>, prepare_email already registered for DAG: example_dag_decorator
[2023-01-03T22:32:09.046+0100] {processor.py:753} INFO - DAG(s) dict_keys(['example_dag_decorator']) retrieved from /home/chrisfleig/.local/lib/python3.10/site-packages/airflow/example_dags/example_dag_decorator.py
[2023-01-03T22:32:09.096+0100] {logging_mixin.py:137} INFO - [2023-01-03T22:32:09.096+0100] {dag.py:2676} INFO - Sync 1 DAGs
[2023-01-03T22:32:09.112+0100] {logging_mixin.py:137} INFO - [2023-01-03T22:32:09.112+0100] {dag.py:3423} INFO - Setting next_dagrun for example_dag_decorator to None, run_after=None
[2023-01-03T22:32:09.152+0100] {processor.py:175} INFO - Processing /home/chrisfleig/.local/lib/python3.10/site-packages/airflow/example_dags/example_dag_decorator.py took 0.141 seconds
[2023-01-03T22:32:46.940+0100] {processor.py:153} INFO - Started process (PID=8633) to work on /home/chrisfleig/.local/lib/python3.10/site-packages/airflow/example_dags/example_dag_decorator.py
[2023-01-03T22:32:46.941+0100] {processor.py:743} INFO - Processing file /home/chrisfleig/.local/lib/python3.10/site-packages/airflow/example_dags/example_dag_decorator.py for tasks to queue
[2023-01-03T22:32:46.942+0100] {logging_mixin.py:137} INFO - [2023-01-03T22:32:46.941+0100] {dagbag.py:538} INFO - Filling up the DagBag from /home/chrisfleig/.local/lib/python3.10/site-packages/airflow/example_dags/example_dag_decorator.py
[2023-01-03T22:32:46.957+0100] {logging_mixin.py:137} INFO - [2023-01-03T22:32:46.957+0100] {taskmixin.py:205} WARNING - Dependency <Task(_PythonDecoratedOperator): prepare_email>, send_email already registered for DAG: example_dag_decorator
[2023-01-03T22:32:46.957+0100] {logging_mixin.py:137} INFO - [2023-01-03T22:32:46.957+0100] {taskmixin.py:205} WARNING - Dependency <Task(EmailOperator): send_email>, prepare_email already registered for DAG: example_dag_decorator
[2023-01-03T22:32:46.967+0100] {processor.py:753} INFO - DAG(s) dict_keys(['example_dag_decorator']) retrieved from /home/chrisfleig/.local/lib/python3.10/site-packages/airflow/example_dags/example_dag_decorator.py
[2023-01-03T22:32:47.012+0100] {logging_mixin.py:137} INFO - [2023-01-03T22:32:47.011+0100] {dag.py:2676} INFO - Sync 1 DAGs
[2023-01-03T22:32:47.029+0100] {logging_mixin.py:137} INFO - [2023-01-03T22:32:47.029+0100] {dag.py:3423} INFO - Setting next_dagrun for example_dag_decorator to None, run_after=None
[2023-01-03T22:32:47.064+0100] {processor.py:175} INFO - Processing /home/chrisfleig/.local/lib/python3.10/site-packages/airflow/example_dags/example_dag_decorator.py took 0.127 seconds
[2023-01-03T22:33:26.446+0100] {processor.py:153} INFO - Started process (PID=8671) to work on /home/chrisfleig/.local/lib/python3.10/site-packages/airflow/example_dags/example_dag_decorator.py
[2023-01-03T22:33:26.450+0100] {processor.py:743} INFO - Processing file /home/chrisfleig/.local/lib/python3.10/site-packages/airflow/example_dags/example_dag_decorator.py for tasks to queue
[2023-01-03T22:33:26.451+0100] {logging_mixin.py:137} INFO - [2023-01-03T22:33:26.450+0100] {dagbag.py:538} INFO - Filling up the DagBag from /home/chrisfleig/.local/lib/python3.10/site-packages/airflow/example_dags/example_dag_decorator.py
[2023-01-03T22:33:26.474+0100] {logging_mixin.py:137} INFO - [2023-01-03T22:33:26.474+0100] {taskmixin.py:205} WARNING - Dependency <Task(_PythonDecoratedOperator): prepare_email>, send_email already registered for DAG: example_dag_decorator
[2023-01-03T22:33:26.475+0100] {logging_mixin.py:137} INFO - [2023-01-03T22:33:26.474+0100] {taskmixin.py:205} WARNING - Dependency <Task(EmailOperator): send_email>, prepare_email already registered for DAG: example_dag_decorator
[2023-01-03T22:33:26.487+0100] {processor.py:753} INFO - DAG(s) dict_keys(['example_dag_decorator']) retrieved from /home/chrisfleig/.local/lib/python3.10/site-packages/airflow/example_dags/example_dag_decorator.py
[2023-01-03T22:33:26.547+0100] {logging_mixin.py:137} INFO - [2023-01-03T22:33:26.547+0100] {dag.py:2676} INFO - Sync 1 DAGs
[2023-01-03T22:33:26.564+0100] {logging_mixin.py:137} INFO - [2023-01-03T22:33:26.564+0100] {dag.py:3423} INFO - Setting next_dagrun for example_dag_decorator to None, run_after=None
[2023-01-03T22:33:26.600+0100] {processor.py:175} INFO - Processing /home/chrisfleig/.local/lib/python3.10/site-packages/airflow/example_dags/example_dag_decorator.py took 0.157 seconds
[2023-01-03T22:34:04.534+0100] {processor.py:153} INFO - Started process (PID=8709) to work on /home/chrisfleig/.local/lib/python3.10/site-packages/airflow/example_dags/example_dag_decorator.py
[2023-01-03T22:34:04.535+0100] {processor.py:743} INFO - Processing file /home/chrisfleig/.local/lib/python3.10/site-packages/airflow/example_dags/example_dag_decorator.py for tasks to queue
[2023-01-03T22:34:04.536+0100] {logging_mixin.py:137} INFO - [2023-01-03T22:34:04.536+0100] {dagbag.py:538} INFO - Filling up the DagBag from /home/chrisfleig/.local/lib/python3.10/site-packages/airflow/example_dags/example_dag_decorator.py
[2023-01-03T22:34:04.552+0100] {logging_mixin.py:137} INFO - [2023-01-03T22:34:04.552+0100] {taskmixin.py:205} WARNING - Dependency <Task(_PythonDecoratedOperator): prepare_email>, send_email already registered for DAG: example_dag_decorator
[2023-01-03T22:34:04.552+0100] {logging_mixin.py:137} INFO - [2023-01-03T22:34:04.552+0100] {taskmixin.py:205} WARNING - Dependency <Task(EmailOperator): send_email>, prepare_email already registered for DAG: example_dag_decorator
[2023-01-03T22:34:04.561+0100] {processor.py:753} INFO - DAG(s) dict_keys(['example_dag_decorator']) retrieved from /home/chrisfleig/.local/lib/python3.10/site-packages/airflow/example_dags/example_dag_decorator.py
[2023-01-03T22:34:04.606+0100] {logging_mixin.py:137} INFO - [2023-01-03T22:34:04.606+0100] {dag.py:2676} INFO - Sync 1 DAGs
[2023-01-03T22:34:04.621+0100] {logging_mixin.py:137} INFO - [2023-01-03T22:34:04.620+0100] {dag.py:3423} INFO - Setting next_dagrun for example_dag_decorator to None, run_after=None
[2023-01-03T22:34:04.657+0100] {processor.py:175} INFO - Processing /home/chrisfleig/.local/lib/python3.10/site-packages/airflow/example_dags/example_dag_decorator.py took 0.125 seconds
[2023-01-03T22:34:44.856+0100] {processor.py:153} INFO - Started process (PID=8747) to work on /home/chrisfleig/.local/lib/python3.10/site-packages/airflow/example_dags/example_dag_decorator.py
[2023-01-03T22:34:44.857+0100] {processor.py:743} INFO - Processing file /home/chrisfleig/.local/lib/python3.10/site-packages/airflow/example_dags/example_dag_decorator.py for tasks to queue
[2023-01-03T22:34:44.857+0100] {logging_mixin.py:137} INFO - [2023-01-03T22:34:44.857+0100] {dagbag.py:538} INFO - Filling up the DagBag from /home/chrisfleig/.local/lib/python3.10/site-packages/airflow/example_dags/example_dag_decorator.py
[2023-01-03T22:34:44.875+0100] {logging_mixin.py:137} INFO - [2023-01-03T22:34:44.874+0100] {taskmixin.py:205} WARNING - Dependency <Task(_PythonDecoratedOperator): prepare_email>, send_email already registered for DAG: example_dag_decorator
[2023-01-03T22:34:44.875+0100] {logging_mixin.py:137} INFO - [2023-01-03T22:34:44.875+0100] {taskmixin.py:205} WARNING - Dependency <Task(EmailOperator): send_email>, prepare_email already registered for DAG: example_dag_decorator
[2023-01-03T22:34:44.885+0100] {processor.py:753} INFO - DAG(s) dict_keys(['example_dag_decorator']) retrieved from /home/chrisfleig/.local/lib/python3.10/site-packages/airflow/example_dags/example_dag_decorator.py
[2023-01-03T22:34:44.934+0100] {logging_mixin.py:137} INFO - [2023-01-03T22:34:44.934+0100] {dag.py:2676} INFO - Sync 1 DAGs
[2023-01-03T22:34:44.949+0100] {logging_mixin.py:137} INFO - [2023-01-03T22:34:44.949+0100] {dag.py:3423} INFO - Setting next_dagrun for example_dag_decorator to None, run_after=None
[2023-01-03T22:34:44.986+0100] {processor.py:175} INFO - Processing /home/chrisfleig/.local/lib/python3.10/site-packages/airflow/example_dags/example_dag_decorator.py took 0.132 seconds
[2023-01-03T22:35:25.236+0100] {processor.py:153} INFO - Started process (PID=8785) to work on /home/chrisfleig/.local/lib/python3.10/site-packages/airflow/example_dags/example_dag_decorator.py
[2023-01-03T22:35:25.237+0100] {processor.py:743} INFO - Processing file /home/chrisfleig/.local/lib/python3.10/site-packages/airflow/example_dags/example_dag_decorator.py for tasks to queue
[2023-01-03T22:35:25.238+0100] {logging_mixin.py:137} INFO - [2023-01-03T22:35:25.238+0100] {dagbag.py:538} INFO - Filling up the DagBag from /home/chrisfleig/.local/lib/python3.10/site-packages/airflow/example_dags/example_dag_decorator.py
[2023-01-03T22:35:25.259+0100] {logging_mixin.py:137} INFO - [2023-01-03T22:35:25.258+0100] {taskmixin.py:205} WARNING - Dependency <Task(_PythonDecoratedOperator): prepare_email>, send_email already registered for DAG: example_dag_decorator
[2023-01-03T22:35:25.259+0100] {logging_mixin.py:137} INFO - [2023-01-03T22:35:25.259+0100] {taskmixin.py:205} WARNING - Dependency <Task(EmailOperator): send_email>, prepare_email already registered for DAG: example_dag_decorator
[2023-01-03T22:35:25.272+0100] {processor.py:753} INFO - DAG(s) dict_keys(['example_dag_decorator']) retrieved from /home/chrisfleig/.local/lib/python3.10/site-packages/airflow/example_dags/example_dag_decorator.py
[2023-01-03T22:35:25.328+0100] {logging_mixin.py:137} INFO - [2023-01-03T22:35:25.328+0100] {dag.py:2676} INFO - Sync 1 DAGs
[2023-01-03T22:35:25.345+0100] {logging_mixin.py:137} INFO - [2023-01-03T22:35:25.345+0100] {dag.py:3423} INFO - Setting next_dagrun for example_dag_decorator to None, run_after=None
[2023-01-03T22:35:25.385+0100] {processor.py:175} INFO - Processing /home/chrisfleig/.local/lib/python3.10/site-packages/airflow/example_dags/example_dag_decorator.py took 0.153 seconds
[2023-01-03T22:36:03.477+0100] {processor.py:153} INFO - Started process (PID=8823) to work on /home/chrisfleig/.local/lib/python3.10/site-packages/airflow/example_dags/example_dag_decorator.py
[2023-01-03T22:36:03.478+0100] {processor.py:743} INFO - Processing file /home/chrisfleig/.local/lib/python3.10/site-packages/airflow/example_dags/example_dag_decorator.py for tasks to queue
[2023-01-03T22:36:03.478+0100] {logging_mixin.py:137} INFO - [2023-01-03T22:36:03.478+0100] {dagbag.py:538} INFO - Filling up the DagBag from /home/chrisfleig/.local/lib/python3.10/site-packages/airflow/example_dags/example_dag_decorator.py
[2023-01-03T22:36:03.494+0100] {logging_mixin.py:137} INFO - [2023-01-03T22:36:03.493+0100] {taskmixin.py:205} WARNING - Dependency <Task(_PythonDecoratedOperator): prepare_email>, send_email already registered for DAG: example_dag_decorator
[2023-01-03T22:36:03.494+0100] {logging_mixin.py:137} INFO - [2023-01-03T22:36:03.494+0100] {taskmixin.py:205} WARNING - Dependency <Task(EmailOperator): send_email>, prepare_email already registered for DAG: example_dag_decorator
[2023-01-03T22:36:03.503+0100] {processor.py:753} INFO - DAG(s) dict_keys(['example_dag_decorator']) retrieved from /home/chrisfleig/.local/lib/python3.10/site-packages/airflow/example_dags/example_dag_decorator.py
[2023-01-03T22:36:03.549+0100] {logging_mixin.py:137} INFO - [2023-01-03T22:36:03.549+0100] {dag.py:2676} INFO - Sync 1 DAGs
[2023-01-03T22:36:03.563+0100] {logging_mixin.py:137} INFO - [2023-01-03T22:36:03.563+0100] {dag.py:3423} INFO - Setting next_dagrun for example_dag_decorator to None, run_after=None
[2023-01-03T22:36:03.598+0100] {processor.py:175} INFO - Processing /home/chrisfleig/.local/lib/python3.10/site-packages/airflow/example_dags/example_dag_decorator.py took 0.123 seconds
[2023-01-03T22:36:41.363+0100] {processor.py:153} INFO - Started process (PID=8861) to work on /home/chrisfleig/.local/lib/python3.10/site-packages/airflow/example_dags/example_dag_decorator.py
[2023-01-03T22:36:41.364+0100] {processor.py:743} INFO - Processing file /home/chrisfleig/.local/lib/python3.10/site-packages/airflow/example_dags/example_dag_decorator.py for tasks to queue
[2023-01-03T22:36:41.365+0100] {logging_mixin.py:137} INFO - [2023-01-03T22:36:41.365+0100] {dagbag.py:538} INFO - Filling up the DagBag from /home/chrisfleig/.local/lib/python3.10/site-packages/airflow/example_dags/example_dag_decorator.py
[2023-01-03T22:36:41.380+0100] {logging_mixin.py:137} INFO - [2023-01-03T22:36:41.380+0100] {taskmixin.py:205} WARNING - Dependency <Task(_PythonDecoratedOperator): prepare_email>, send_email already registered for DAG: example_dag_decorator
[2023-01-03T22:36:41.381+0100] {logging_mixin.py:137} INFO - [2023-01-03T22:36:41.380+0100] {taskmixin.py:205} WARNING - Dependency <Task(EmailOperator): send_email>, prepare_email already registered for DAG: example_dag_decorator
[2023-01-03T22:36:41.392+0100] {processor.py:753} INFO - DAG(s) dict_keys(['example_dag_decorator']) retrieved from /home/chrisfleig/.local/lib/python3.10/site-packages/airflow/example_dags/example_dag_decorator.py
[2023-01-03T22:36:41.453+0100] {logging_mixin.py:137} INFO - [2023-01-03T22:36:41.453+0100] {dag.py:2676} INFO - Sync 1 DAGs
[2023-01-03T22:36:41.472+0100] {logging_mixin.py:137} INFO - [2023-01-03T22:36:41.472+0100] {dag.py:3423} INFO - Setting next_dagrun for example_dag_decorator to None, run_after=None
[2023-01-03T22:36:41.519+0100] {processor.py:175} INFO - Processing /home/chrisfleig/.local/lib/python3.10/site-packages/airflow/example_dags/example_dag_decorator.py took 0.158 seconds
[2023-01-03T22:37:19.301+0100] {processor.py:153} INFO - Started process (PID=8899) to work on /home/chrisfleig/.local/lib/python3.10/site-packages/airflow/example_dags/example_dag_decorator.py
[2023-01-03T22:37:19.302+0100] {processor.py:743} INFO - Processing file /home/chrisfleig/.local/lib/python3.10/site-packages/airflow/example_dags/example_dag_decorator.py for tasks to queue
[2023-01-03T22:37:19.302+0100] {logging_mixin.py:137} INFO - [2023-01-03T22:37:19.302+0100] {dagbag.py:538} INFO - Filling up the DagBag from /home/chrisfleig/.local/lib/python3.10/site-packages/airflow/example_dags/example_dag_decorator.py
[2023-01-03T22:37:19.319+0100] {logging_mixin.py:137} INFO - [2023-01-03T22:37:19.319+0100] {taskmixin.py:205} WARNING - Dependency <Task(_PythonDecoratedOperator): prepare_email>, send_email already registered for DAG: example_dag_decorator
[2023-01-03T22:37:19.319+0100] {logging_mixin.py:137} INFO - [2023-01-03T22:37:19.319+0100] {taskmixin.py:205} WARNING - Dependency <Task(EmailOperator): send_email>, prepare_email already registered for DAG: example_dag_decorator
[2023-01-03T22:37:19.330+0100] {processor.py:753} INFO - DAG(s) dict_keys(['example_dag_decorator']) retrieved from /home/chrisfleig/.local/lib/python3.10/site-packages/airflow/example_dags/example_dag_decorator.py
[2023-01-03T22:37:19.380+0100] {logging_mixin.py:137} INFO - [2023-01-03T22:37:19.380+0100] {dag.py:2676} INFO - Sync 1 DAGs
[2023-01-03T22:37:19.398+0100] {logging_mixin.py:137} INFO - [2023-01-03T22:37:19.398+0100] {dag.py:3423} INFO - Setting next_dagrun for example_dag_decorator to None, run_after=None
[2023-01-03T22:37:19.436+0100] {processor.py:175} INFO - Processing /home/chrisfleig/.local/lib/python3.10/site-packages/airflow/example_dags/example_dag_decorator.py took 0.137 seconds
[2023-01-03T22:37:58.400+0100] {processor.py:153} INFO - Started process (PID=8937) to work on /home/chrisfleig/.local/lib/python3.10/site-packages/airflow/example_dags/example_dag_decorator.py
[2023-01-03T22:37:58.401+0100] {processor.py:743} INFO - Processing file /home/chrisfleig/.local/lib/python3.10/site-packages/airflow/example_dags/example_dag_decorator.py for tasks to queue
[2023-01-03T22:37:58.402+0100] {logging_mixin.py:137} INFO - [2023-01-03T22:37:58.402+0100] {dagbag.py:538} INFO - Filling up the DagBag from /home/chrisfleig/.local/lib/python3.10/site-packages/airflow/example_dags/example_dag_decorator.py
[2023-01-03T22:37:58.417+0100] {logging_mixin.py:137} INFO - [2023-01-03T22:37:58.417+0100] {taskmixin.py:205} WARNING - Dependency <Task(_PythonDecoratedOperator): prepare_email>, send_email already registered for DAG: example_dag_decorator
[2023-01-03T22:37:58.418+0100] {logging_mixin.py:137} INFO - [2023-01-03T22:37:58.418+0100] {taskmixin.py:205} WARNING - Dependency <Task(EmailOperator): send_email>, prepare_email already registered for DAG: example_dag_decorator
[2023-01-03T22:37:58.427+0100] {processor.py:753} INFO - DAG(s) dict_keys(['example_dag_decorator']) retrieved from /home/chrisfleig/.local/lib/python3.10/site-packages/airflow/example_dags/example_dag_decorator.py
[2023-01-03T22:37:58.474+0100] {logging_mixin.py:137} INFO - [2023-01-03T22:37:58.474+0100] {dag.py:2676} INFO - Sync 1 DAGs
[2023-01-03T22:37:58.491+0100] {logging_mixin.py:137} INFO - [2023-01-03T22:37:58.490+0100] {dag.py:3423} INFO - Setting next_dagrun for example_dag_decorator to None, run_after=None
[2023-01-03T22:37:58.531+0100] {processor.py:175} INFO - Processing /home/chrisfleig/.local/lib/python3.10/site-packages/airflow/example_dags/example_dag_decorator.py took 0.134 seconds
[2023-01-03T22:38:36.134+0100] {processor.py:153} INFO - Started process (PID=8975) to work on /home/chrisfleig/.local/lib/python3.10/site-packages/airflow/example_dags/example_dag_decorator.py
[2023-01-03T22:38:36.135+0100] {processor.py:743} INFO - Processing file /home/chrisfleig/.local/lib/python3.10/site-packages/airflow/example_dags/example_dag_decorator.py for tasks to queue
[2023-01-03T22:38:36.135+0100] {logging_mixin.py:137} INFO - [2023-01-03T22:38:36.135+0100] {dagbag.py:538} INFO - Filling up the DagBag from /home/chrisfleig/.local/lib/python3.10/site-packages/airflow/example_dags/example_dag_decorator.py
[2023-01-03T22:38:36.153+0100] {logging_mixin.py:137} INFO - [2023-01-03T22:38:36.152+0100] {taskmixin.py:205} WARNING - Dependency <Task(_PythonDecoratedOperator): prepare_email>, send_email already registered for DAG: example_dag_decorator
[2023-01-03T22:38:36.153+0100] {logging_mixin.py:137} INFO - [2023-01-03T22:38:36.153+0100] {taskmixin.py:205} WARNING - Dependency <Task(EmailOperator): send_email>, prepare_email already registered for DAG: example_dag_decorator
[2023-01-03T22:38:36.163+0100] {processor.py:753} INFO - DAG(s) dict_keys(['example_dag_decorator']) retrieved from /home/chrisfleig/.local/lib/python3.10/site-packages/airflow/example_dags/example_dag_decorator.py
[2023-01-03T22:38:36.223+0100] {logging_mixin.py:137} INFO - [2023-01-03T22:38:36.223+0100] {dag.py:2676} INFO - Sync 1 DAGs
[2023-01-03T22:38:36.243+0100] {logging_mixin.py:137} INFO - [2023-01-03T22:38:36.242+0100] {dag.py:3423} INFO - Setting next_dagrun for example_dag_decorator to None, run_after=None
[2023-01-03T22:38:36.281+0100] {processor.py:175} INFO - Processing /home/chrisfleig/.local/lib/python3.10/site-packages/airflow/example_dags/example_dag_decorator.py took 0.151 seconds
[2023-01-03T22:39:15.344+0100] {processor.py:153} INFO - Started process (PID=9013) to work on /home/chrisfleig/.local/lib/python3.10/site-packages/airflow/example_dags/example_dag_decorator.py
[2023-01-03T22:39:15.345+0100] {processor.py:743} INFO - Processing file /home/chrisfleig/.local/lib/python3.10/site-packages/airflow/example_dags/example_dag_decorator.py for tasks to queue
[2023-01-03T22:39:15.346+0100] {logging_mixin.py:137} INFO - [2023-01-03T22:39:15.346+0100] {dagbag.py:538} INFO - Filling up the DagBag from /home/chrisfleig/.local/lib/python3.10/site-packages/airflow/example_dags/example_dag_decorator.py
[2023-01-03T22:39:15.362+0100] {logging_mixin.py:137} INFO - [2023-01-03T22:39:15.362+0100] {taskmixin.py:205} WARNING - Dependency <Task(_PythonDecoratedOperator): prepare_email>, send_email already registered for DAG: example_dag_decorator
[2023-01-03T22:39:15.362+0100] {logging_mixin.py:137} INFO - [2023-01-03T22:39:15.362+0100] {taskmixin.py:205} WARNING - Dependency <Task(EmailOperator): send_email>, prepare_email already registered for DAG: example_dag_decorator
[2023-01-03T22:39:15.372+0100] {processor.py:753} INFO - DAG(s) dict_keys(['example_dag_decorator']) retrieved from /home/chrisfleig/.local/lib/python3.10/site-packages/airflow/example_dags/example_dag_decorator.py
[2023-01-03T22:39:15.419+0100] {logging_mixin.py:137} INFO - [2023-01-03T22:39:15.419+0100] {dag.py:2676} INFO - Sync 1 DAGs
[2023-01-03T22:39:15.434+0100] {logging_mixin.py:137} INFO - [2023-01-03T22:39:15.434+0100] {dag.py:3423} INFO - Setting next_dagrun for example_dag_decorator to None, run_after=None
[2023-01-03T22:39:15.475+0100] {processor.py:175} INFO - Processing /home/chrisfleig/.local/lib/python3.10/site-packages/airflow/example_dags/example_dag_decorator.py took 0.133 seconds
[2023-01-03T22:39:55.068+0100] {processor.py:153} INFO - Started process (PID=9051) to work on /home/chrisfleig/.local/lib/python3.10/site-packages/airflow/example_dags/example_dag_decorator.py
[2023-01-03T22:39:55.069+0100] {processor.py:743} INFO - Processing file /home/chrisfleig/.local/lib/python3.10/site-packages/airflow/example_dags/example_dag_decorator.py for tasks to queue
[2023-01-03T22:39:55.070+0100] {logging_mixin.py:137} INFO - [2023-01-03T22:39:55.069+0100] {dagbag.py:538} INFO - Filling up the DagBag from /home/chrisfleig/.local/lib/python3.10/site-packages/airflow/example_dags/example_dag_decorator.py
[2023-01-03T22:39:55.085+0100] {logging_mixin.py:137} INFO - [2023-01-03T22:39:55.085+0100] {taskmixin.py:205} WARNING - Dependency <Task(_PythonDecoratedOperator): prepare_email>, send_email already registered for DAG: example_dag_decorator
[2023-01-03T22:39:55.085+0100] {logging_mixin.py:137} INFO - [2023-01-03T22:39:55.085+0100] {taskmixin.py:205} WARNING - Dependency <Task(EmailOperator): send_email>, prepare_email already registered for DAG: example_dag_decorator
[2023-01-03T22:39:55.094+0100] {processor.py:753} INFO - DAG(s) dict_keys(['example_dag_decorator']) retrieved from /home/chrisfleig/.local/lib/python3.10/site-packages/airflow/example_dags/example_dag_decorator.py
[2023-01-03T22:39:55.143+0100] {logging_mixin.py:137} INFO - [2023-01-03T22:39:55.143+0100] {dag.py:2676} INFO - Sync 1 DAGs
[2023-01-03T22:39:55.158+0100] {logging_mixin.py:137} INFO - [2023-01-03T22:39:55.158+0100] {dag.py:3423} INFO - Setting next_dagrun for example_dag_decorator to None, run_after=None
[2023-01-03T22:39:55.197+0100] {processor.py:175} INFO - Processing /home/chrisfleig/.local/lib/python3.10/site-packages/airflow/example_dags/example_dag_decorator.py took 0.131 seconds
[2023-01-03T22:40:35.026+0100] {processor.py:153} INFO - Started process (PID=9089) to work on /home/chrisfleig/.local/lib/python3.10/site-packages/airflow/example_dags/example_dag_decorator.py
[2023-01-03T22:40:35.027+0100] {processor.py:743} INFO - Processing file /home/chrisfleig/.local/lib/python3.10/site-packages/airflow/example_dags/example_dag_decorator.py for tasks to queue
[2023-01-03T22:40:35.027+0100] {logging_mixin.py:137} INFO - [2023-01-03T22:40:35.027+0100] {dagbag.py:538} INFO - Filling up the DagBag from /home/chrisfleig/.local/lib/python3.10/site-packages/airflow/example_dags/example_dag_decorator.py
[2023-01-03T22:40:35.046+0100] {logging_mixin.py:137} INFO - [2023-01-03T22:40:35.045+0100] {taskmixin.py:205} WARNING - Dependency <Task(_PythonDecoratedOperator): prepare_email>, send_email already registered for DAG: example_dag_decorator
[2023-01-03T22:40:35.046+0100] {logging_mixin.py:137} INFO - [2023-01-03T22:40:35.046+0100] {taskmixin.py:205} WARNING - Dependency <Task(EmailOperator): send_email>, prepare_email already registered for DAG: example_dag_decorator
[2023-01-03T22:40:35.057+0100] {processor.py:753} INFO - DAG(s) dict_keys(['example_dag_decorator']) retrieved from /home/chrisfleig/.local/lib/python3.10/site-packages/airflow/example_dags/example_dag_decorator.py
[2023-01-03T22:40:35.115+0100] {logging_mixin.py:137} INFO - [2023-01-03T22:40:35.115+0100] {dag.py:2676} INFO - Sync 1 DAGs
[2023-01-03T22:40:35.133+0100] {logging_mixin.py:137} INFO - [2023-01-03T22:40:35.133+0100] {dag.py:3423} INFO - Setting next_dagrun for example_dag_decorator to None, run_after=None
[2023-01-03T22:40:35.171+0100] {processor.py:175} INFO - Processing /home/chrisfleig/.local/lib/python3.10/site-packages/airflow/example_dags/example_dag_decorator.py took 0.148 seconds
[2023-01-03T22:41:11.737+0100] {processor.py:153} INFO - Started process (PID=9127) to work on /home/chrisfleig/.local/lib/python3.10/site-packages/airflow/example_dags/example_dag_decorator.py
[2023-01-03T22:41:11.738+0100] {processor.py:743} INFO - Processing file /home/chrisfleig/.local/lib/python3.10/site-packages/airflow/example_dags/example_dag_decorator.py for tasks to queue
[2023-01-03T22:41:11.738+0100] {logging_mixin.py:137} INFO - [2023-01-03T22:41:11.738+0100] {dagbag.py:538} INFO - Filling up the DagBag from /home/chrisfleig/.local/lib/python3.10/site-packages/airflow/example_dags/example_dag_decorator.py
[2023-01-03T22:41:11.754+0100] {logging_mixin.py:137} INFO - [2023-01-03T22:41:11.754+0100] {taskmixin.py:205} WARNING - Dependency <Task(_PythonDecoratedOperator): prepare_email>, send_email already registered for DAG: example_dag_decorator
[2023-01-03T22:41:11.754+0100] {logging_mixin.py:137} INFO - [2023-01-03T22:41:11.754+0100] {taskmixin.py:205} WARNING - Dependency <Task(EmailOperator): send_email>, prepare_email already registered for DAG: example_dag_decorator
[2023-01-03T22:41:11.764+0100] {processor.py:753} INFO - DAG(s) dict_keys(['example_dag_decorator']) retrieved from /home/chrisfleig/.local/lib/python3.10/site-packages/airflow/example_dags/example_dag_decorator.py
[2023-01-03T22:41:11.812+0100] {logging_mixin.py:137} INFO - [2023-01-03T22:41:11.812+0100] {dag.py:2676} INFO - Sync 1 DAGs
[2023-01-03T22:41:11.826+0100] {logging_mixin.py:137} INFO - [2023-01-03T22:41:11.826+0100] {dag.py:3423} INFO - Setting next_dagrun for example_dag_decorator to None, run_after=None
[2023-01-03T22:41:11.864+0100] {processor.py:175} INFO - Processing /home/chrisfleig/.local/lib/python3.10/site-packages/airflow/example_dags/example_dag_decorator.py took 0.130 seconds
[2023-01-03T22:41:49.653+0100] {processor.py:153} INFO - Started process (PID=9165) to work on /home/chrisfleig/.local/lib/python3.10/site-packages/airflow/example_dags/example_dag_decorator.py
[2023-01-03T22:41:49.654+0100] {processor.py:743} INFO - Processing file /home/chrisfleig/.local/lib/python3.10/site-packages/airflow/example_dags/example_dag_decorator.py for tasks to queue
[2023-01-03T22:41:49.655+0100] {logging_mixin.py:137} INFO - [2023-01-03T22:41:49.655+0100] {dagbag.py:538} INFO - Filling up the DagBag from /home/chrisfleig/.local/lib/python3.10/site-packages/airflow/example_dags/example_dag_decorator.py
[2023-01-03T22:41:49.670+0100] {logging_mixin.py:137} INFO - [2023-01-03T22:41:49.670+0100] {taskmixin.py:205} WARNING - Dependency <Task(_PythonDecoratedOperator): prepare_email>, send_email already registered for DAG: example_dag_decorator
[2023-01-03T22:41:49.670+0100] {logging_mixin.py:137} INFO - [2023-01-03T22:41:49.670+0100] {taskmixin.py:205} WARNING - Dependency <Task(EmailOperator): send_email>, prepare_email already registered for DAG: example_dag_decorator
[2023-01-03T22:41:49.680+0100] {processor.py:753} INFO - DAG(s) dict_keys(['example_dag_decorator']) retrieved from /home/chrisfleig/.local/lib/python3.10/site-packages/airflow/example_dags/example_dag_decorator.py
[2023-01-03T22:41:49.727+0100] {logging_mixin.py:137} INFO - [2023-01-03T22:41:49.727+0100] {dag.py:2676} INFO - Sync 1 DAGs
[2023-01-03T22:41:49.744+0100] {logging_mixin.py:137} INFO - [2023-01-03T22:41:49.744+0100] {dag.py:3423} INFO - Setting next_dagrun for example_dag_decorator to None, run_after=None
[2023-01-03T22:41:49.780+0100] {processor.py:175} INFO - Processing /home/chrisfleig/.local/lib/python3.10/site-packages/airflow/example_dags/example_dag_decorator.py took 0.129 seconds
[2023-01-03T22:42:29.046+0100] {processor.py:153} INFO - Started process (PID=9207) to work on /home/chrisfleig/.local/lib/python3.10/site-packages/airflow/example_dags/example_dag_decorator.py
[2023-01-03T22:42:29.047+0100] {processor.py:743} INFO - Processing file /home/chrisfleig/.local/lib/python3.10/site-packages/airflow/example_dags/example_dag_decorator.py for tasks to queue
[2023-01-03T22:42:29.047+0100] {logging_mixin.py:137} INFO - [2023-01-03T22:42:29.047+0100] {dagbag.py:538} INFO - Filling up the DagBag from /home/chrisfleig/.local/lib/python3.10/site-packages/airflow/example_dags/example_dag_decorator.py
[2023-01-03T22:42:29.063+0100] {logging_mixin.py:137} INFO - [2023-01-03T22:42:29.063+0100] {taskmixin.py:205} WARNING - Dependency <Task(_PythonDecoratedOperator): prepare_email>, send_email already registered for DAG: example_dag_decorator
[2023-01-03T22:42:29.063+0100] {logging_mixin.py:137} INFO - [2023-01-03T22:42:29.063+0100] {taskmixin.py:205} WARNING - Dependency <Task(EmailOperator): send_email>, prepare_email already registered for DAG: example_dag_decorator
[2023-01-03T22:42:29.073+0100] {processor.py:753} INFO - DAG(s) dict_keys(['example_dag_decorator']) retrieved from /home/chrisfleig/.local/lib/python3.10/site-packages/airflow/example_dags/example_dag_decorator.py
[2023-01-03T22:42:29.121+0100] {logging_mixin.py:137} INFO - [2023-01-03T22:42:29.121+0100] {dag.py:2676} INFO - Sync 1 DAGs
[2023-01-03T22:42:29.143+0100] {logging_mixin.py:137} INFO - [2023-01-03T22:42:29.143+0100] {dag.py:3423} INFO - Setting next_dagrun for example_dag_decorator to None, run_after=None
[2023-01-03T22:42:29.186+0100] {processor.py:175} INFO - Processing /home/chrisfleig/.local/lib/python3.10/site-packages/airflow/example_dags/example_dag_decorator.py took 0.143 seconds
[2023-01-03T22:43:07.604+0100] {processor.py:153} INFO - Started process (PID=9245) to work on /home/chrisfleig/.local/lib/python3.10/site-packages/airflow/example_dags/example_dag_decorator.py
[2023-01-03T22:43:07.605+0100] {processor.py:743} INFO - Processing file /home/chrisfleig/.local/lib/python3.10/site-packages/airflow/example_dags/example_dag_decorator.py for tasks to queue
[2023-01-03T22:43:07.606+0100] {logging_mixin.py:137} INFO - [2023-01-03T22:43:07.606+0100] {dagbag.py:538} INFO - Filling up the DagBag from /home/chrisfleig/.local/lib/python3.10/site-packages/airflow/example_dags/example_dag_decorator.py
[2023-01-03T22:43:07.624+0100] {logging_mixin.py:137} INFO - [2023-01-03T22:43:07.624+0100] {taskmixin.py:205} WARNING - Dependency <Task(_PythonDecoratedOperator): prepare_email>, send_email already registered for DAG: example_dag_decorator
[2023-01-03T22:43:07.624+0100] {logging_mixin.py:137} INFO - [2023-01-03T22:43:07.624+0100] {taskmixin.py:205} WARNING - Dependency <Task(EmailOperator): send_email>, prepare_email already registered for DAG: example_dag_decorator
[2023-01-03T22:43:07.634+0100] {processor.py:753} INFO - DAG(s) dict_keys(['example_dag_decorator']) retrieved from /home/chrisfleig/.local/lib/python3.10/site-packages/airflow/example_dags/example_dag_decorator.py
[2023-01-03T22:43:07.717+0100] {logging_mixin.py:137} INFO - [2023-01-03T22:43:07.717+0100] {dag.py:2676} INFO - Sync 1 DAGs
[2023-01-03T22:43:07.800+0100] {logging_mixin.py:137} INFO - [2023-01-03T22:43:07.800+0100] {dag.py:3423} INFO - Setting next_dagrun for example_dag_decorator to None, run_after=None
[2023-01-03T22:43:07.942+0100] {processor.py:175} INFO - Processing /home/chrisfleig/.local/lib/python3.10/site-packages/airflow/example_dags/example_dag_decorator.py took 0.342 seconds
[2023-01-03T22:43:47.711+0100] {processor.py:153} INFO - Started process (PID=9283) to work on /home/chrisfleig/.local/lib/python3.10/site-packages/airflow/example_dags/example_dag_decorator.py
[2023-01-03T22:43:47.712+0100] {processor.py:743} INFO - Processing file /home/chrisfleig/.local/lib/python3.10/site-packages/airflow/example_dags/example_dag_decorator.py for tasks to queue
[2023-01-03T22:43:47.712+0100] {logging_mixin.py:137} INFO - [2023-01-03T22:43:47.712+0100] {dagbag.py:538} INFO - Filling up the DagBag from /home/chrisfleig/.local/lib/python3.10/site-packages/airflow/example_dags/example_dag_decorator.py
[2023-01-03T22:43:47.732+0100] {logging_mixin.py:137} INFO - [2023-01-03T22:43:47.732+0100] {taskmixin.py:205} WARNING - Dependency <Task(_PythonDecoratedOperator): prepare_email>, send_email already registered for DAG: example_dag_decorator
[2023-01-03T22:43:47.732+0100] {logging_mixin.py:137} INFO - [2023-01-03T22:43:47.732+0100] {taskmixin.py:205} WARNING - Dependency <Task(EmailOperator): send_email>, prepare_email already registered for DAG: example_dag_decorator
[2023-01-03T22:43:47.746+0100] {processor.py:753} INFO - DAG(s) dict_keys(['example_dag_decorator']) retrieved from /home/chrisfleig/.local/lib/python3.10/site-packages/airflow/example_dags/example_dag_decorator.py
[2023-01-03T22:43:47.807+0100] {logging_mixin.py:137} INFO - [2023-01-03T22:43:47.807+0100] {dag.py:2676} INFO - Sync 1 DAGs
[2023-01-03T22:43:47.825+0100] {logging_mixin.py:137} INFO - [2023-01-03T22:43:47.825+0100] {dag.py:3423} INFO - Setting next_dagrun for example_dag_decorator to None, run_after=None
[2023-01-03T22:43:47.871+0100] {processor.py:175} INFO - Processing /home/chrisfleig/.local/lib/python3.10/site-packages/airflow/example_dags/example_dag_decorator.py took 0.163 seconds
[2023-01-03T22:44:25.404+0100] {processor.py:153} INFO - Started process (PID=9321) to work on /home/chrisfleig/.local/lib/python3.10/site-packages/airflow/example_dags/example_dag_decorator.py
[2023-01-03T22:44:25.405+0100] {processor.py:743} INFO - Processing file /home/chrisfleig/.local/lib/python3.10/site-packages/airflow/example_dags/example_dag_decorator.py for tasks to queue
[2023-01-03T22:44:25.405+0100] {logging_mixin.py:137} INFO - [2023-01-03T22:44:25.405+0100] {dagbag.py:538} INFO - Filling up the DagBag from /home/chrisfleig/.local/lib/python3.10/site-packages/airflow/example_dags/example_dag_decorator.py
[2023-01-03T22:44:25.425+0100] {logging_mixin.py:137} INFO - [2023-01-03T22:44:25.424+0100] {taskmixin.py:205} WARNING - Dependency <Task(_PythonDecoratedOperator): prepare_email>, send_email already registered for DAG: example_dag_decorator
[2023-01-03T22:44:25.425+0100] {logging_mixin.py:137} INFO - [2023-01-03T22:44:25.425+0100] {taskmixin.py:205} WARNING - Dependency <Task(EmailOperator): send_email>, prepare_email already registered for DAG: example_dag_decorator
[2023-01-03T22:44:25.437+0100] {processor.py:753} INFO - DAG(s) dict_keys(['example_dag_decorator']) retrieved from /home/chrisfleig/.local/lib/python3.10/site-packages/airflow/example_dags/example_dag_decorator.py
[2023-01-03T22:44:25.490+0100] {logging_mixin.py:137} INFO - [2023-01-03T22:44:25.490+0100] {dag.py:2676} INFO - Sync 1 DAGs
[2023-01-03T22:44:25.505+0100] {logging_mixin.py:137} INFO - [2023-01-03T22:44:25.505+0100] {dag.py:3423} INFO - Setting next_dagrun for example_dag_decorator to None, run_after=None
[2023-01-03T22:44:25.543+0100] {processor.py:175} INFO - Processing /home/chrisfleig/.local/lib/python3.10/site-packages/airflow/example_dags/example_dag_decorator.py took 0.143 seconds
[2023-01-03T22:45:05.217+0100] {processor.py:153} INFO - Started process (PID=9359) to work on /home/chrisfleig/.local/lib/python3.10/site-packages/airflow/example_dags/example_dag_decorator.py
[2023-01-03T22:45:05.218+0100] {processor.py:743} INFO - Processing file /home/chrisfleig/.local/lib/python3.10/site-packages/airflow/example_dags/example_dag_decorator.py for tasks to queue
[2023-01-03T22:45:05.218+0100] {logging_mixin.py:137} INFO - [2023-01-03T22:45:05.218+0100] {dagbag.py:538} INFO - Filling up the DagBag from /home/chrisfleig/.local/lib/python3.10/site-packages/airflow/example_dags/example_dag_decorator.py
[2023-01-03T22:45:05.234+0100] {logging_mixin.py:137} INFO - [2023-01-03T22:45:05.234+0100] {taskmixin.py:205} WARNING - Dependency <Task(_PythonDecoratedOperator): prepare_email>, send_email already registered for DAG: example_dag_decorator
[2023-01-03T22:45:05.234+0100] {logging_mixin.py:137} INFO - [2023-01-03T22:45:05.234+0100] {taskmixin.py:205} WARNING - Dependency <Task(EmailOperator): send_email>, prepare_email already registered for DAG: example_dag_decorator
[2023-01-03T22:45:05.243+0100] {processor.py:753} INFO - DAG(s) dict_keys(['example_dag_decorator']) retrieved from /home/chrisfleig/.local/lib/python3.10/site-packages/airflow/example_dags/example_dag_decorator.py
[2023-01-03T22:45:05.291+0100] {logging_mixin.py:137} INFO - [2023-01-03T22:45:05.291+0100] {dag.py:2676} INFO - Sync 1 DAGs
[2023-01-03T22:45:05.309+0100] {logging_mixin.py:137} INFO - [2023-01-03T22:45:05.309+0100] {dag.py:3423} INFO - Setting next_dagrun for example_dag_decorator to None, run_after=None
[2023-01-03T22:45:05.353+0100] {processor.py:175} INFO - Processing /home/chrisfleig/.local/lib/python3.10/site-packages/airflow/example_dags/example_dag_decorator.py took 0.139 seconds
[2023-01-03T22:45:43.294+0100] {processor.py:153} INFO - Started process (PID=9397) to work on /home/chrisfleig/.local/lib/python3.10/site-packages/airflow/example_dags/example_dag_decorator.py
[2023-01-03T22:45:43.295+0100] {processor.py:743} INFO - Processing file /home/chrisfleig/.local/lib/python3.10/site-packages/airflow/example_dags/example_dag_decorator.py for tasks to queue
[2023-01-03T22:45:43.296+0100] {logging_mixin.py:137} INFO - [2023-01-03T22:45:43.296+0100] {dagbag.py:538} INFO - Filling up the DagBag from /home/chrisfleig/.local/lib/python3.10/site-packages/airflow/example_dags/example_dag_decorator.py
[2023-01-03T22:45:43.311+0100] {logging_mixin.py:137} INFO - [2023-01-03T22:45:43.311+0100] {taskmixin.py:205} WARNING - Dependency <Task(_PythonDecoratedOperator): prepare_email>, send_email already registered for DAG: example_dag_decorator
[2023-01-03T22:45:43.312+0100] {logging_mixin.py:137} INFO - [2023-01-03T22:45:43.311+0100] {taskmixin.py:205} WARNING - Dependency <Task(EmailOperator): send_email>, prepare_email already registered for DAG: example_dag_decorator
[2023-01-03T22:45:43.321+0100] {processor.py:753} INFO - DAG(s) dict_keys(['example_dag_decorator']) retrieved from /home/chrisfleig/.local/lib/python3.10/site-packages/airflow/example_dags/example_dag_decorator.py
[2023-01-03T22:45:43.366+0100] {logging_mixin.py:137} INFO - [2023-01-03T22:45:43.366+0100] {dag.py:2676} INFO - Sync 1 DAGs
[2023-01-03T22:45:43.381+0100] {logging_mixin.py:137} INFO - [2023-01-03T22:45:43.381+0100] {dag.py:3423} INFO - Setting next_dagrun for example_dag_decorator to None, run_after=None
[2023-01-03T22:45:43.418+0100] {processor.py:175} INFO - Processing /home/chrisfleig/.local/lib/python3.10/site-packages/airflow/example_dags/example_dag_decorator.py took 0.127 seconds
[2023-01-03T22:46:21.242+0100] {processor.py:153} INFO - Started process (PID=9435) to work on /home/chrisfleig/.local/lib/python3.10/site-packages/airflow/example_dags/example_dag_decorator.py
[2023-01-03T22:46:21.243+0100] {processor.py:743} INFO - Processing file /home/chrisfleig/.local/lib/python3.10/site-packages/airflow/example_dags/example_dag_decorator.py for tasks to queue
[2023-01-03T22:46:21.244+0100] {logging_mixin.py:137} INFO - [2023-01-03T22:46:21.244+0100] {dagbag.py:538} INFO - Filling up the DagBag from /home/chrisfleig/.local/lib/python3.10/site-packages/airflow/example_dags/example_dag_decorator.py
[2023-01-03T22:46:21.259+0100] {logging_mixin.py:137} INFO - [2023-01-03T22:46:21.259+0100] {taskmixin.py:205} WARNING - Dependency <Task(_PythonDecoratedOperator): prepare_email>, send_email already registered for DAG: example_dag_decorator
[2023-01-03T22:46:21.260+0100] {logging_mixin.py:137} INFO - [2023-01-03T22:46:21.259+0100] {taskmixin.py:205} WARNING - Dependency <Task(EmailOperator): send_email>, prepare_email already registered for DAG: example_dag_decorator
[2023-01-03T22:46:21.269+0100] {processor.py:753} INFO - DAG(s) dict_keys(['example_dag_decorator']) retrieved from /home/chrisfleig/.local/lib/python3.10/site-packages/airflow/example_dags/example_dag_decorator.py
[2023-01-03T22:46:21.315+0100] {logging_mixin.py:137} INFO - [2023-01-03T22:46:21.315+0100] {dag.py:2676} INFO - Sync 1 DAGs
[2023-01-03T22:46:21.331+0100] {logging_mixin.py:137} INFO - [2023-01-03T22:46:21.331+0100] {dag.py:3423} INFO - Setting next_dagrun for example_dag_decorator to None, run_after=None
[2023-01-03T22:46:21.366+0100] {processor.py:175} INFO - Processing /home/chrisfleig/.local/lib/python3.10/site-packages/airflow/example_dags/example_dag_decorator.py took 0.127 seconds
[2023-01-03T22:46:58.641+0100] {processor.py:153} INFO - Started process (PID=9473) to work on /home/chrisfleig/.local/lib/python3.10/site-packages/airflow/example_dags/example_dag_decorator.py
[2023-01-03T22:46:58.642+0100] {processor.py:743} INFO - Processing file /home/chrisfleig/.local/lib/python3.10/site-packages/airflow/example_dags/example_dag_decorator.py for tasks to queue
[2023-01-03T22:46:58.642+0100] {logging_mixin.py:137} INFO - [2023-01-03T22:46:58.642+0100] {dagbag.py:538} INFO - Filling up the DagBag from /home/chrisfleig/.local/lib/python3.10/site-packages/airflow/example_dags/example_dag_decorator.py
[2023-01-03T22:46:58.659+0100] {logging_mixin.py:137} INFO - [2023-01-03T22:46:58.658+0100] {taskmixin.py:205} WARNING - Dependency <Task(_PythonDecoratedOperator): prepare_email>, send_email already registered for DAG: example_dag_decorator
[2023-01-03T22:46:58.659+0100] {logging_mixin.py:137} INFO - [2023-01-03T22:46:58.659+0100] {taskmixin.py:205} WARNING - Dependency <Task(EmailOperator): send_email>, prepare_email already registered for DAG: example_dag_decorator
[2023-01-03T22:46:58.669+0100] {processor.py:753} INFO - DAG(s) dict_keys(['example_dag_decorator']) retrieved from /home/chrisfleig/.local/lib/python3.10/site-packages/airflow/example_dags/example_dag_decorator.py
[2023-01-03T22:46:58.718+0100] {logging_mixin.py:137} INFO - [2023-01-03T22:46:58.718+0100] {dag.py:2676} INFO - Sync 1 DAGs
[2023-01-03T22:46:58.735+0100] {logging_mixin.py:137} INFO - [2023-01-03T22:46:58.735+0100] {dag.py:3423} INFO - Setting next_dagrun for example_dag_decorator to None, run_after=None
[2023-01-03T22:46:58.774+0100] {processor.py:175} INFO - Processing /home/chrisfleig/.local/lib/python3.10/site-packages/airflow/example_dags/example_dag_decorator.py took 0.136 seconds
[2023-01-03T22:47:38.291+0100] {processor.py:153} INFO - Started process (PID=9511) to work on /home/chrisfleig/.local/lib/python3.10/site-packages/airflow/example_dags/example_dag_decorator.py
[2023-01-03T22:47:38.292+0100] {processor.py:743} INFO - Processing file /home/chrisfleig/.local/lib/python3.10/site-packages/airflow/example_dags/example_dag_decorator.py for tasks to queue
[2023-01-03T22:47:38.293+0100] {logging_mixin.py:137} INFO - [2023-01-03T22:47:38.293+0100] {dagbag.py:538} INFO - Filling up the DagBag from /home/chrisfleig/.local/lib/python3.10/site-packages/airflow/example_dags/example_dag_decorator.py
[2023-01-03T22:47:38.309+0100] {logging_mixin.py:137} INFO - [2023-01-03T22:47:38.309+0100] {taskmixin.py:205} WARNING - Dependency <Task(_PythonDecoratedOperator): prepare_email>, send_email already registered for DAG: example_dag_decorator
[2023-01-03T22:47:38.309+0100] {logging_mixin.py:137} INFO - [2023-01-03T22:47:38.309+0100] {taskmixin.py:205} WARNING - Dependency <Task(EmailOperator): send_email>, prepare_email already registered for DAG: example_dag_decorator
[2023-01-03T22:47:38.318+0100] {processor.py:753} INFO - DAG(s) dict_keys(['example_dag_decorator']) retrieved from /home/chrisfleig/.local/lib/python3.10/site-packages/airflow/example_dags/example_dag_decorator.py
[2023-01-03T22:47:38.363+0100] {logging_mixin.py:137} INFO - [2023-01-03T22:47:38.362+0100] {dag.py:2676} INFO - Sync 1 DAGs
[2023-01-03T22:47:38.378+0100] {logging_mixin.py:137} INFO - [2023-01-03T22:47:38.378+0100] {dag.py:3423} INFO - Setting next_dagrun for example_dag_decorator to None, run_after=None
[2023-01-03T22:47:38.414+0100] {processor.py:175} INFO - Processing /home/chrisfleig/.local/lib/python3.10/site-packages/airflow/example_dags/example_dag_decorator.py took 0.126 seconds
[2023-01-03T22:48:17.569+0100] {processor.py:153} INFO - Started process (PID=9549) to work on /home/chrisfleig/.local/lib/python3.10/site-packages/airflow/example_dags/example_dag_decorator.py
[2023-01-03T22:48:17.571+0100] {processor.py:743} INFO - Processing file /home/chrisfleig/.local/lib/python3.10/site-packages/airflow/example_dags/example_dag_decorator.py for tasks to queue
[2023-01-03T22:48:17.572+0100] {logging_mixin.py:137} INFO - [2023-01-03T22:48:17.572+0100] {dagbag.py:538} INFO - Filling up the DagBag from /home/chrisfleig/.local/lib/python3.10/site-packages/airflow/example_dags/example_dag_decorator.py
[2023-01-03T22:48:17.590+0100] {logging_mixin.py:137} INFO - [2023-01-03T22:48:17.590+0100] {taskmixin.py:205} WARNING - Dependency <Task(_PythonDecoratedOperator): prepare_email>, send_email already registered for DAG: example_dag_decorator
[2023-01-03T22:48:17.590+0100] {logging_mixin.py:137} INFO - [2023-01-03T22:48:17.590+0100] {taskmixin.py:205} WARNING - Dependency <Task(EmailOperator): send_email>, prepare_email already registered for DAG: example_dag_decorator
[2023-01-03T22:48:17.600+0100] {processor.py:753} INFO - DAG(s) dict_keys(['example_dag_decorator']) retrieved from /home/chrisfleig/.local/lib/python3.10/site-packages/airflow/example_dags/example_dag_decorator.py
[2023-01-03T22:48:17.653+0100] {logging_mixin.py:137} INFO - [2023-01-03T22:48:17.652+0100] {dag.py:2676} INFO - Sync 1 DAGs
[2023-01-03T22:48:17.669+0100] {logging_mixin.py:137} INFO - [2023-01-03T22:48:17.669+0100] {dag.py:3423} INFO - Setting next_dagrun for example_dag_decorator to None, run_after=None
[2023-01-03T22:48:17.710+0100] {processor.py:175} INFO - Processing /home/chrisfleig/.local/lib/python3.10/site-packages/airflow/example_dags/example_dag_decorator.py took 0.144 seconds
[2023-01-03T22:48:58.579+0100] {processor.py:153} INFO - Started process (PID=9587) to work on /home/chrisfleig/.local/lib/python3.10/site-packages/airflow/example_dags/example_dag_decorator.py
[2023-01-03T22:48:58.591+0100] {processor.py:743} INFO - Processing file /home/chrisfleig/.local/lib/python3.10/site-packages/airflow/example_dags/example_dag_decorator.py for tasks to queue
[2023-01-03T22:48:58.593+0100] {logging_mixin.py:137} INFO - [2023-01-03T22:48:58.593+0100] {dagbag.py:538} INFO - Filling up the DagBag from /home/chrisfleig/.local/lib/python3.10/site-packages/airflow/example_dags/example_dag_decorator.py
[2023-01-03T22:48:58.613+0100] {logging_mixin.py:137} INFO - [2023-01-03T22:48:58.613+0100] {taskmixin.py:205} WARNING - Dependency <Task(_PythonDecoratedOperator): prepare_email>, send_email already registered for DAG: example_dag_decorator
[2023-01-03T22:48:58.613+0100] {logging_mixin.py:137} INFO - [2023-01-03T22:48:58.613+0100] {taskmixin.py:205} WARNING - Dependency <Task(EmailOperator): send_email>, prepare_email already registered for DAG: example_dag_decorator
[2023-01-03T22:48:58.632+0100] {processor.py:753} INFO - DAG(s) dict_keys(['example_dag_decorator']) retrieved from /home/chrisfleig/.local/lib/python3.10/site-packages/airflow/example_dags/example_dag_decorator.py
[2023-01-03T22:48:58.847+0100] {logging_mixin.py:137} INFO - [2023-01-03T22:48:58.847+0100] {dag.py:2676} INFO - Sync 1 DAGs
[2023-01-03T22:48:58.872+0100] {logging_mixin.py:137} INFO - [2023-01-03T22:48:58.872+0100] {dag.py:3423} INFO - Setting next_dagrun for example_dag_decorator to None, run_after=None
[2023-01-03T22:48:58.910+0100] {processor.py:175} INFO - Processing /home/chrisfleig/.local/lib/python3.10/site-packages/airflow/example_dags/example_dag_decorator.py took 0.336 seconds
[2023-01-03T22:49:38.930+0100] {processor.py:153} INFO - Started process (PID=9625) to work on /home/chrisfleig/.local/lib/python3.10/site-packages/airflow/example_dags/example_dag_decorator.py
[2023-01-03T22:49:38.936+0100] {processor.py:743} INFO - Processing file /home/chrisfleig/.local/lib/python3.10/site-packages/airflow/example_dags/example_dag_decorator.py for tasks to queue
[2023-01-03T22:49:38.937+0100] {logging_mixin.py:137} INFO - [2023-01-03T22:49:38.937+0100] {dagbag.py:538} INFO - Filling up the DagBag from /home/chrisfleig/.local/lib/python3.10/site-packages/airflow/example_dags/example_dag_decorator.py
[2023-01-03T22:49:38.955+0100] {logging_mixin.py:137} INFO - [2023-01-03T22:49:38.955+0100] {taskmixin.py:205} WARNING - Dependency <Task(_PythonDecoratedOperator): prepare_email>, send_email already registered for DAG: example_dag_decorator
[2023-01-03T22:49:38.956+0100] {logging_mixin.py:137} INFO - [2023-01-03T22:49:38.956+0100] {taskmixin.py:205} WARNING - Dependency <Task(EmailOperator): send_email>, prepare_email already registered for DAG: example_dag_decorator
[2023-01-03T22:49:38.966+0100] {processor.py:753} INFO - DAG(s) dict_keys(['example_dag_decorator']) retrieved from /home/chrisfleig/.local/lib/python3.10/site-packages/airflow/example_dags/example_dag_decorator.py
[2023-01-03T22:49:39.011+0100] {logging_mixin.py:137} INFO - [2023-01-03T22:49:39.011+0100] {dag.py:2676} INFO - Sync 1 DAGs
[2023-01-03T22:49:39.025+0100] {logging_mixin.py:137} INFO - [2023-01-03T22:49:39.025+0100] {dag.py:3423} INFO - Setting next_dagrun for example_dag_decorator to None, run_after=None
[2023-01-03T22:49:39.060+0100] {processor.py:175} INFO - Processing /home/chrisfleig/.local/lib/python3.10/site-packages/airflow/example_dags/example_dag_decorator.py took 0.132 seconds
[2023-01-03T22:50:16.938+0100] {processor.py:153} INFO - Started process (PID=9663) to work on /home/chrisfleig/.local/lib/python3.10/site-packages/airflow/example_dags/example_dag_decorator.py
[2023-01-03T22:50:16.939+0100] {processor.py:743} INFO - Processing file /home/chrisfleig/.local/lib/python3.10/site-packages/airflow/example_dags/example_dag_decorator.py for tasks to queue
[2023-01-03T22:50:16.940+0100] {logging_mixin.py:137} INFO - [2023-01-03T22:50:16.940+0100] {dagbag.py:538} INFO - Filling up the DagBag from /home/chrisfleig/.local/lib/python3.10/site-packages/airflow/example_dags/example_dag_decorator.py
[2023-01-03T22:50:16.957+0100] {logging_mixin.py:137} INFO - [2023-01-03T22:50:16.957+0100] {taskmixin.py:205} WARNING - Dependency <Task(_PythonDecoratedOperator): prepare_email>, send_email already registered for DAG: example_dag_decorator
[2023-01-03T22:50:16.957+0100] {logging_mixin.py:137} INFO - [2023-01-03T22:50:16.957+0100] {taskmixin.py:205} WARNING - Dependency <Task(EmailOperator): send_email>, prepare_email already registered for DAG: example_dag_decorator
[2023-01-03T22:50:16.967+0100] {processor.py:753} INFO - DAG(s) dict_keys(['example_dag_decorator']) retrieved from /home/chrisfleig/.local/lib/python3.10/site-packages/airflow/example_dags/example_dag_decorator.py
[2023-01-03T22:50:17.016+0100] {logging_mixin.py:137} INFO - [2023-01-03T22:50:17.015+0100] {dag.py:2676} INFO - Sync 1 DAGs
[2023-01-03T22:50:17.033+0100] {logging_mixin.py:137} INFO - [2023-01-03T22:50:17.033+0100] {dag.py:3423} INFO - Setting next_dagrun for example_dag_decorator to None, run_after=None
[2023-01-03T22:50:17.072+0100] {processor.py:175} INFO - Processing /home/chrisfleig/.local/lib/python3.10/site-packages/airflow/example_dags/example_dag_decorator.py took 0.137 seconds
[2023-01-03T22:50:57.033+0100] {processor.py:153} INFO - Started process (PID=9701) to work on /home/chrisfleig/.local/lib/python3.10/site-packages/airflow/example_dags/example_dag_decorator.py
[2023-01-03T22:50:57.034+0100] {processor.py:743} INFO - Processing file /home/chrisfleig/.local/lib/python3.10/site-packages/airflow/example_dags/example_dag_decorator.py for tasks to queue
[2023-01-03T22:50:57.034+0100] {logging_mixin.py:137} INFO - [2023-01-03T22:50:57.034+0100] {dagbag.py:538} INFO - Filling up the DagBag from /home/chrisfleig/.local/lib/python3.10/site-packages/airflow/example_dags/example_dag_decorator.py
[2023-01-03T22:50:57.055+0100] {logging_mixin.py:137} INFO - [2023-01-03T22:50:57.054+0100] {taskmixin.py:205} WARNING - Dependency <Task(_PythonDecoratedOperator): prepare_email>, send_email already registered for DAG: example_dag_decorator
[2023-01-03T22:50:57.055+0100] {logging_mixin.py:137} INFO - [2023-01-03T22:50:57.055+0100] {taskmixin.py:205} WARNING - Dependency <Task(EmailOperator): send_email>, prepare_email already registered for DAG: example_dag_decorator
[2023-01-03T22:50:57.067+0100] {processor.py:753} INFO - DAG(s) dict_keys(['example_dag_decorator']) retrieved from /home/chrisfleig/.local/lib/python3.10/site-packages/airflow/example_dags/example_dag_decorator.py
[2023-01-03T22:50:57.124+0100] {logging_mixin.py:137} INFO - [2023-01-03T22:50:57.123+0100] {dag.py:2676} INFO - Sync 1 DAGs
[2023-01-03T22:50:57.147+0100] {logging_mixin.py:137} INFO - [2023-01-03T22:50:57.147+0100] {dag.py:3423} INFO - Setting next_dagrun for example_dag_decorator to None, run_after=None
[2023-01-03T22:50:57.287+0100] {processor.py:175} INFO - Processing /home/chrisfleig/.local/lib/python3.10/site-packages/airflow/example_dags/example_dag_decorator.py took 0.258 seconds
[2023-01-03T22:51:35.122+0100] {processor.py:153} INFO - Started process (PID=9739) to work on /home/chrisfleig/.local/lib/python3.10/site-packages/airflow/example_dags/example_dag_decorator.py
[2023-01-03T22:51:35.123+0100] {processor.py:743} INFO - Processing file /home/chrisfleig/.local/lib/python3.10/site-packages/airflow/example_dags/example_dag_decorator.py for tasks to queue
[2023-01-03T22:51:35.124+0100] {logging_mixin.py:137} INFO - [2023-01-03T22:51:35.124+0100] {dagbag.py:538} INFO - Filling up the DagBag from /home/chrisfleig/.local/lib/python3.10/site-packages/airflow/example_dags/example_dag_decorator.py
[2023-01-03T22:51:35.139+0100] {logging_mixin.py:137} INFO - [2023-01-03T22:51:35.139+0100] {taskmixin.py:205} WARNING - Dependency <Task(_PythonDecoratedOperator): prepare_email>, send_email already registered for DAG: example_dag_decorator
[2023-01-03T22:51:35.139+0100] {logging_mixin.py:137} INFO - [2023-01-03T22:51:35.139+0100] {taskmixin.py:205} WARNING - Dependency <Task(EmailOperator): send_email>, prepare_email already registered for DAG: example_dag_decorator
[2023-01-03T22:51:35.149+0100] {processor.py:753} INFO - DAG(s) dict_keys(['example_dag_decorator']) retrieved from /home/chrisfleig/.local/lib/python3.10/site-packages/airflow/example_dags/example_dag_decorator.py
[2023-01-03T22:51:35.194+0100] {logging_mixin.py:137} INFO - [2023-01-03T22:51:35.193+0100] {dag.py:2676} INFO - Sync 1 DAGs
[2023-01-03T22:51:35.210+0100] {logging_mixin.py:137} INFO - [2023-01-03T22:51:35.209+0100] {dag.py:3423} INFO - Setting next_dagrun for example_dag_decorator to None, run_after=None
[2023-01-03T22:51:35.246+0100] {processor.py:175} INFO - Processing /home/chrisfleig/.local/lib/python3.10/site-packages/airflow/example_dags/example_dag_decorator.py took 0.128 seconds
[2023-01-03T22:52:16.661+0100] {processor.py:153} INFO - Started process (PID=9777) to work on /home/chrisfleig/.local/lib/python3.10/site-packages/airflow/example_dags/example_dag_decorator.py
[2023-01-03T22:52:16.662+0100] {processor.py:743} INFO - Processing file /home/chrisfleig/.local/lib/python3.10/site-packages/airflow/example_dags/example_dag_decorator.py for tasks to queue
[2023-01-03T22:52:16.662+0100] {logging_mixin.py:137} INFO - [2023-01-03T22:52:16.662+0100] {dagbag.py:538} INFO - Filling up the DagBag from /home/chrisfleig/.local/lib/python3.10/site-packages/airflow/example_dags/example_dag_decorator.py
[2023-01-03T22:52:16.679+0100] {logging_mixin.py:137} INFO - [2023-01-03T22:52:16.679+0100] {taskmixin.py:205} WARNING - Dependency <Task(_PythonDecoratedOperator): prepare_email>, send_email already registered for DAG: example_dag_decorator
[2023-01-03T22:52:16.679+0100] {logging_mixin.py:137} INFO - [2023-01-03T22:52:16.679+0100] {taskmixin.py:205} WARNING - Dependency <Task(EmailOperator): send_email>, prepare_email already registered for DAG: example_dag_decorator
[2023-01-03T22:52:16.688+0100] {processor.py:753} INFO - DAG(s) dict_keys(['example_dag_decorator']) retrieved from /home/chrisfleig/.local/lib/python3.10/site-packages/airflow/example_dags/example_dag_decorator.py
[2023-01-03T22:52:16.733+0100] {logging_mixin.py:137} INFO - [2023-01-03T22:52:16.733+0100] {dag.py:2676} INFO - Sync 1 DAGs
[2023-01-03T22:52:16.749+0100] {logging_mixin.py:137} INFO - [2023-01-03T22:52:16.749+0100] {dag.py:3423} INFO - Setting next_dagrun for example_dag_decorator to None, run_after=None
[2023-01-03T22:52:16.786+0100] {processor.py:175} INFO - Processing /home/chrisfleig/.local/lib/python3.10/site-packages/airflow/example_dags/example_dag_decorator.py took 0.128 seconds
[2023-01-03T22:52:56.588+0100] {processor.py:153} INFO - Started process (PID=9815) to work on /home/chrisfleig/.local/lib/python3.10/site-packages/airflow/example_dags/example_dag_decorator.py
[2023-01-03T22:52:56.589+0100] {processor.py:743} INFO - Processing file /home/chrisfleig/.local/lib/python3.10/site-packages/airflow/example_dags/example_dag_decorator.py for tasks to queue
[2023-01-03T22:52:56.590+0100] {logging_mixin.py:137} INFO - [2023-01-03T22:52:56.590+0100] {dagbag.py:538} INFO - Filling up the DagBag from /home/chrisfleig/.local/lib/python3.10/site-packages/airflow/example_dags/example_dag_decorator.py
[2023-01-03T22:52:56.607+0100] {logging_mixin.py:137} INFO - [2023-01-03T22:52:56.606+0100] {taskmixin.py:205} WARNING - Dependency <Task(_PythonDecoratedOperator): prepare_email>, send_email already registered for DAG: example_dag_decorator
[2023-01-03T22:52:56.607+0100] {logging_mixin.py:137} INFO - [2023-01-03T22:52:56.607+0100] {taskmixin.py:205} WARNING - Dependency <Task(EmailOperator): send_email>, prepare_email already registered for DAG: example_dag_decorator
[2023-01-03T22:52:56.616+0100] {processor.py:753} INFO - DAG(s) dict_keys(['example_dag_decorator']) retrieved from /home/chrisfleig/.local/lib/python3.10/site-packages/airflow/example_dags/example_dag_decorator.py
[2023-01-03T22:52:56.667+0100] {logging_mixin.py:137} INFO - [2023-01-03T22:52:56.667+0100] {dag.py:2676} INFO - Sync 1 DAGs
[2023-01-03T22:52:56.682+0100] {logging_mixin.py:137} INFO - [2023-01-03T22:52:56.682+0100] {dag.py:3423} INFO - Setting next_dagrun for example_dag_decorator to None, run_after=None
[2023-01-03T22:52:56.725+0100] {processor.py:175} INFO - Processing /home/chrisfleig/.local/lib/python3.10/site-packages/airflow/example_dags/example_dag_decorator.py took 0.139 seconds
[2023-01-03T22:53:33.546+0100] {processor.py:153} INFO - Started process (PID=9855) to work on /home/chrisfleig/.local/lib/python3.10/site-packages/airflow/example_dags/example_dag_decorator.py
[2023-01-03T22:53:33.547+0100] {processor.py:743} INFO - Processing file /home/chrisfleig/.local/lib/python3.10/site-packages/airflow/example_dags/example_dag_decorator.py for tasks to queue
[2023-01-03T22:53:33.548+0100] {logging_mixin.py:137} INFO - [2023-01-03T22:53:33.548+0100] {dagbag.py:538} INFO - Filling up the DagBag from /home/chrisfleig/.local/lib/python3.10/site-packages/airflow/example_dags/example_dag_decorator.py
[2023-01-03T22:53:33.564+0100] {logging_mixin.py:137} INFO - [2023-01-03T22:53:33.563+0100] {taskmixin.py:205} WARNING - Dependency <Task(_PythonDecoratedOperator): prepare_email>, send_email already registered for DAG: example_dag_decorator
[2023-01-03T22:53:33.564+0100] {logging_mixin.py:137} INFO - [2023-01-03T22:53:33.564+0100] {taskmixin.py:205} WARNING - Dependency <Task(EmailOperator): send_email>, prepare_email already registered for DAG: example_dag_decorator
[2023-01-03T22:53:33.573+0100] {processor.py:753} INFO - DAG(s) dict_keys(['example_dag_decorator']) retrieved from /home/chrisfleig/.local/lib/python3.10/site-packages/airflow/example_dags/example_dag_decorator.py
[2023-01-03T22:53:33.620+0100] {logging_mixin.py:137} INFO - [2023-01-03T22:53:33.620+0100] {dag.py:2676} INFO - Sync 1 DAGs
[2023-01-03T22:53:33.635+0100] {logging_mixin.py:137} INFO - [2023-01-03T22:53:33.635+0100] {dag.py:3423} INFO - Setting next_dagrun for example_dag_decorator to None, run_after=None
[2023-01-03T22:53:33.671+0100] {processor.py:175} INFO - Processing /home/chrisfleig/.local/lib/python3.10/site-packages/airflow/example_dags/example_dag_decorator.py took 0.128 seconds
[2023-01-03T22:54:16.753+0100] {processor.py:153} INFO - Started process (PID=9896) to work on /home/chrisfleig/.local/lib/python3.10/site-packages/airflow/example_dags/example_dag_decorator.py
[2023-01-03T22:54:16.754+0100] {processor.py:743} INFO - Processing file /home/chrisfleig/.local/lib/python3.10/site-packages/airflow/example_dags/example_dag_decorator.py for tasks to queue
[2023-01-03T22:54:16.755+0100] {logging_mixin.py:137} INFO - [2023-01-03T22:54:16.755+0100] {dagbag.py:538} INFO - Filling up the DagBag from /home/chrisfleig/.local/lib/python3.10/site-packages/airflow/example_dags/example_dag_decorator.py
[2023-01-03T22:54:16.788+0100] {logging_mixin.py:137} INFO - [2023-01-03T22:54:16.787+0100] {taskmixin.py:205} WARNING - Dependency <Task(_PythonDecoratedOperator): prepare_email>, send_email already registered for DAG: example_dag_decorator
[2023-01-03T22:54:16.788+0100] {logging_mixin.py:137} INFO - [2023-01-03T22:54:16.788+0100] {taskmixin.py:205} WARNING - Dependency <Task(EmailOperator): send_email>, prepare_email already registered for DAG: example_dag_decorator
[2023-01-03T22:54:16.806+0100] {processor.py:753} INFO - DAG(s) dict_keys(['example_dag_decorator']) retrieved from /home/chrisfleig/.local/lib/python3.10/site-packages/airflow/example_dags/example_dag_decorator.py
[2023-01-03T22:54:16.943+0100] {logging_mixin.py:137} INFO - [2023-01-03T22:54:16.943+0100] {dag.py:2676} INFO - Sync 1 DAGs
[2023-01-03T22:54:16.986+0100] {logging_mixin.py:137} INFO - [2023-01-03T22:54:16.985+0100] {dag.py:3423} INFO - Setting next_dagrun for example_dag_decorator to None, run_after=None
[2023-01-03T22:54:17.048+0100] {processor.py:175} INFO - Processing /home/chrisfleig/.local/lib/python3.10/site-packages/airflow/example_dags/example_dag_decorator.py took 0.299 seconds
[2023-01-03T22:55:00.435+0100] {processor.py:153} INFO - Started process (PID=9936) to work on /home/chrisfleig/.local/lib/python3.10/site-packages/airflow/example_dags/example_dag_decorator.py
[2023-01-03T22:55:00.436+0100] {processor.py:743} INFO - Processing file /home/chrisfleig/.local/lib/python3.10/site-packages/airflow/example_dags/example_dag_decorator.py for tasks to queue
[2023-01-03T22:55:00.437+0100] {logging_mixin.py:137} INFO - [2023-01-03T22:55:00.436+0100] {dagbag.py:538} INFO - Filling up the DagBag from /home/chrisfleig/.local/lib/python3.10/site-packages/airflow/example_dags/example_dag_decorator.py
[2023-01-03T22:55:00.463+0100] {logging_mixin.py:137} INFO - [2023-01-03T22:55:00.463+0100] {taskmixin.py:205} WARNING - Dependency <Task(_PythonDecoratedOperator): prepare_email>, send_email already registered for DAG: example_dag_decorator
[2023-01-03T22:55:00.463+0100] {logging_mixin.py:137} INFO - [2023-01-03T22:55:00.463+0100] {taskmixin.py:205} WARNING - Dependency <Task(EmailOperator): send_email>, prepare_email already registered for DAG: example_dag_decorator
[2023-01-03T22:55:00.479+0100] {processor.py:753} INFO - DAG(s) dict_keys(['example_dag_decorator']) retrieved from /home/chrisfleig/.local/lib/python3.10/site-packages/airflow/example_dags/example_dag_decorator.py
[2023-01-03T22:55:00.567+0100] {logging_mixin.py:137} INFO - [2023-01-03T22:55:00.567+0100] {dag.py:2676} INFO - Sync 1 DAGs
[2023-01-03T22:55:00.596+0100] {logging_mixin.py:137} INFO - [2023-01-03T22:55:00.595+0100] {dag.py:3423} INFO - Setting next_dagrun for example_dag_decorator to None, run_after=None
[2023-01-03T22:55:00.660+0100] {processor.py:175} INFO - Processing /home/chrisfleig/.local/lib/python3.10/site-packages/airflow/example_dags/example_dag_decorator.py took 0.228 seconds
[2023-01-03T22:55:42.421+0100] {processor.py:153} INFO - Started process (PID=9974) to work on /home/chrisfleig/.local/lib/python3.10/site-packages/airflow/example_dags/example_dag_decorator.py
[2023-01-03T22:55:42.422+0100] {processor.py:743} INFO - Processing file /home/chrisfleig/.local/lib/python3.10/site-packages/airflow/example_dags/example_dag_decorator.py for tasks to queue
[2023-01-03T22:55:42.422+0100] {logging_mixin.py:137} INFO - [2023-01-03T22:55:42.422+0100] {dagbag.py:538} INFO - Filling up the DagBag from /home/chrisfleig/.local/lib/python3.10/site-packages/airflow/example_dags/example_dag_decorator.py
[2023-01-03T22:55:42.439+0100] {logging_mixin.py:137} INFO - [2023-01-03T22:55:42.439+0100] {taskmixin.py:205} WARNING - Dependency <Task(_PythonDecoratedOperator): prepare_email>, send_email already registered for DAG: example_dag_decorator
[2023-01-03T22:55:42.439+0100] {logging_mixin.py:137} INFO - [2023-01-03T22:55:42.439+0100] {taskmixin.py:205} WARNING - Dependency <Task(EmailOperator): send_email>, prepare_email already registered for DAG: example_dag_decorator
[2023-01-03T22:55:42.449+0100] {processor.py:753} INFO - DAG(s) dict_keys(['example_dag_decorator']) retrieved from /home/chrisfleig/.local/lib/python3.10/site-packages/airflow/example_dags/example_dag_decorator.py
[2023-01-03T22:55:42.496+0100] {logging_mixin.py:137} INFO - [2023-01-03T22:55:42.496+0100] {dag.py:2676} INFO - Sync 1 DAGs
[2023-01-03T22:55:42.512+0100] {logging_mixin.py:137} INFO - [2023-01-03T22:55:42.512+0100] {dag.py:3423} INFO - Setting next_dagrun for example_dag_decorator to None, run_after=None
[2023-01-03T22:55:42.630+0100] {processor.py:175} INFO - Processing /home/chrisfleig/.local/lib/python3.10/site-packages/airflow/example_dags/example_dag_decorator.py took 0.212 seconds
[2023-01-03T22:56:24.093+0100] {processor.py:153} INFO - Started process (PID=10017) to work on /home/chrisfleig/.local/lib/python3.10/site-packages/airflow/example_dags/example_dag_decorator.py
[2023-01-03T22:56:24.095+0100] {processor.py:743} INFO - Processing file /home/chrisfleig/.local/lib/python3.10/site-packages/airflow/example_dags/example_dag_decorator.py for tasks to queue
[2023-01-03T22:56:24.096+0100] {logging_mixin.py:137} INFO - [2023-01-03T22:56:24.095+0100] {dagbag.py:538} INFO - Filling up the DagBag from /home/chrisfleig/.local/lib/python3.10/site-packages/airflow/example_dags/example_dag_decorator.py
[2023-01-03T22:56:24.130+0100] {logging_mixin.py:137} INFO - [2023-01-03T22:56:24.129+0100] {taskmixin.py:205} WARNING - Dependency <Task(_PythonDecoratedOperator): prepare_email>, send_email already registered for DAG: example_dag_decorator
[2023-01-03T22:56:24.131+0100] {logging_mixin.py:137} INFO - [2023-01-03T22:56:24.130+0100] {taskmixin.py:205} WARNING - Dependency <Task(EmailOperator): send_email>, prepare_email already registered for DAG: example_dag_decorator
[2023-01-03T22:56:24.157+0100] {processor.py:753} INFO - DAG(s) dict_keys(['example_dag_decorator']) retrieved from /home/chrisfleig/.local/lib/python3.10/site-packages/airflow/example_dags/example_dag_decorator.py
[2023-01-03T22:56:24.291+0100] {logging_mixin.py:137} INFO - [2023-01-03T22:56:24.291+0100] {dag.py:2676} INFO - Sync 1 DAGs
[2023-01-03T22:56:24.347+0100] {logging_mixin.py:137} INFO - [2023-01-03T22:56:24.346+0100] {dag.py:3423} INFO - Setting next_dagrun for example_dag_decorator to None, run_after=None
[2023-01-03T22:56:24.414+0100] {processor.py:175} INFO - Processing /home/chrisfleig/.local/lib/python3.10/site-packages/airflow/example_dags/example_dag_decorator.py took 0.326 seconds
[2023-01-03T22:57:06.816+0100] {processor.py:153} INFO - Started process (PID=10056) to work on /home/chrisfleig/.local/lib/python3.10/site-packages/airflow/example_dags/example_dag_decorator.py
[2023-01-03T22:57:06.817+0100] {processor.py:743} INFO - Processing file /home/chrisfleig/.local/lib/python3.10/site-packages/airflow/example_dags/example_dag_decorator.py for tasks to queue
[2023-01-03T22:57:06.818+0100] {logging_mixin.py:137} INFO - [2023-01-03T22:57:06.818+0100] {dagbag.py:538} INFO - Filling up the DagBag from /home/chrisfleig/.local/lib/python3.10/site-packages/airflow/example_dags/example_dag_decorator.py
[2023-01-03T22:57:06.835+0100] {logging_mixin.py:137} INFO - [2023-01-03T22:57:06.835+0100] {taskmixin.py:205} WARNING - Dependency <Task(_PythonDecoratedOperator): prepare_email>, send_email already registered for DAG: example_dag_decorator
[2023-01-03T22:57:06.835+0100] {logging_mixin.py:137} INFO - [2023-01-03T22:57:06.835+0100] {taskmixin.py:205} WARNING - Dependency <Task(EmailOperator): send_email>, prepare_email already registered for DAG: example_dag_decorator
[2023-01-03T22:57:06.845+0100] {processor.py:753} INFO - DAG(s) dict_keys(['example_dag_decorator']) retrieved from /home/chrisfleig/.local/lib/python3.10/site-packages/airflow/example_dags/example_dag_decorator.py
[2023-01-03T22:57:06.899+0100] {logging_mixin.py:137} INFO - [2023-01-03T22:57:06.899+0100] {dag.py:2676} INFO - Sync 1 DAGs
[2023-01-03T22:57:06.916+0100] {logging_mixin.py:137} INFO - [2023-01-03T22:57:06.916+0100] {dag.py:3423} INFO - Setting next_dagrun for example_dag_decorator to None, run_after=None
[2023-01-03T22:57:06.955+0100] {processor.py:175} INFO - Processing /home/chrisfleig/.local/lib/python3.10/site-packages/airflow/example_dags/example_dag_decorator.py took 0.142 seconds
