[2023-01-03T22:11:23.948+0100] {processor.py:153} INFO - Started process (PID=8217) to work on /home/chrisfleig/.local/lib/python3.10/site-packages/airflow/example_dags/example_latest_only_with_trigger.py
[2023-01-03T22:11:23.949+0100] {processor.py:743} INFO - Processing file /home/chrisfleig/.local/lib/python3.10/site-packages/airflow/example_dags/example_latest_only_with_trigger.py for tasks to queue
[2023-01-03T22:11:23.949+0100] {logging_mixin.py:137} INFO - [2023-01-03T22:11:23.949+0100] {dagbag.py:538} INFO - Filling up the DagBag from /home/chrisfleig/.local/lib/python3.10/site-packages/airflow/example_dags/example_latest_only_with_trigger.py
[2023-01-03T22:11:23.960+0100] {processor.py:753} INFO - DAG(s) dict_keys(['latest_only_with_trigger']) retrieved from /home/chrisfleig/.local/lib/python3.10/site-packages/airflow/example_dags/example_latest_only_with_trigger.py
[2023-01-03T22:11:24.089+0100] {logging_mixin.py:137} INFO - [2023-01-03T22:11:24.089+0100] {manager.py:504} INFO - Created Permission View: can edit on DAG:latest_only_with_trigger
[2023-01-03T22:11:24.116+0100] {logging_mixin.py:137} INFO - [2023-01-03T22:11:24.116+0100] {manager.py:504} INFO - Created Permission View: can delete on DAG:latest_only_with_trigger
[2023-01-03T22:11:24.139+0100] {logging_mixin.py:137} INFO - [2023-01-03T22:11:24.139+0100] {manager.py:504} INFO - Created Permission View: can read on DAG:latest_only_with_trigger
[2023-01-03T22:11:24.139+0100] {logging_mixin.py:137} INFO - [2023-01-03T22:11:24.139+0100] {dag.py:2676} INFO - Sync 1 DAGs
[2023-01-03T22:11:24.148+0100] {logging_mixin.py:137} INFO - [2023-01-03T22:11:24.148+0100] {dag.py:2697} INFO - Creating ORM DAG for latest_only_with_trigger
[2023-01-03T22:11:24.156+0100] {logging_mixin.py:137} INFO - [2023-01-03T22:11:24.156+0100] {dag.py:3423} INFO - Setting next_dagrun for latest_only_with_trigger to 2023-01-03T17:11:24.155854+00:00, run_after=2023-01-03T21:11:24.155854+00:00
[2023-01-03T22:11:24.199+0100] {processor.py:175} INFO - Processing /home/chrisfleig/.local/lib/python3.10/site-packages/airflow/example_dags/example_latest_only_with_trigger.py took 0.254 seconds
[2023-01-03T22:12:04.161+0100] {processor.py:153} INFO - Started process (PID=8255) to work on /home/chrisfleig/.local/lib/python3.10/site-packages/airflow/example_dags/example_latest_only_with_trigger.py
[2023-01-03T22:12:04.162+0100] {processor.py:743} INFO - Processing file /home/chrisfleig/.local/lib/python3.10/site-packages/airflow/example_dags/example_latest_only_with_trigger.py for tasks to queue
[2023-01-03T22:12:04.162+0100] {logging_mixin.py:137} INFO - [2023-01-03T22:12:04.162+0100] {dagbag.py:538} INFO - Filling up the DagBag from /home/chrisfleig/.local/lib/python3.10/site-packages/airflow/example_dags/example_latest_only_with_trigger.py
[2023-01-03T22:12:04.175+0100] {processor.py:753} INFO - DAG(s) dict_keys(['latest_only_with_trigger']) retrieved from /home/chrisfleig/.local/lib/python3.10/site-packages/airflow/example_dags/example_latest_only_with_trigger.py
[2023-01-03T22:12:04.198+0100] {logging_mixin.py:137} INFO - [2023-01-03T22:12:04.198+0100] {dag.py:2676} INFO - Sync 1 DAGs
[2023-01-03T22:12:04.215+0100] {logging_mixin.py:137} INFO - [2023-01-03T22:12:04.214+0100] {dag.py:3423} INFO - Setting next_dagrun for latest_only_with_trigger to 2023-01-03T17:12:04.214791+00:00, run_after=2023-01-03T21:12:04.214791+00:00
[2023-01-03T22:12:04.251+0100] {processor.py:175} INFO - Processing /home/chrisfleig/.local/lib/python3.10/site-packages/airflow/example_dags/example_latest_only_with_trigger.py took 0.093 seconds
[2023-01-03T22:12:42.713+0100] {processor.py:153} INFO - Started process (PID=8293) to work on /home/chrisfleig/.local/lib/python3.10/site-packages/airflow/example_dags/example_latest_only_with_trigger.py
[2023-01-03T22:12:42.714+0100] {processor.py:743} INFO - Processing file /home/chrisfleig/.local/lib/python3.10/site-packages/airflow/example_dags/example_latest_only_with_trigger.py for tasks to queue
[2023-01-03T22:12:42.715+0100] {logging_mixin.py:137} INFO - [2023-01-03T22:12:42.715+0100] {dagbag.py:538} INFO - Filling up the DagBag from /home/chrisfleig/.local/lib/python3.10/site-packages/airflow/example_dags/example_latest_only_with_trigger.py
[2023-01-03T22:12:42.731+0100] {processor.py:753} INFO - DAG(s) dict_keys(['latest_only_with_trigger']) retrieved from /home/chrisfleig/.local/lib/python3.10/site-packages/airflow/example_dags/example_latest_only_with_trigger.py
[2023-01-03T22:12:42.753+0100] {logging_mixin.py:137} INFO - [2023-01-03T22:12:42.753+0100] {dag.py:2676} INFO - Sync 1 DAGs
[2023-01-03T22:12:42.771+0100] {logging_mixin.py:137} INFO - [2023-01-03T22:12:42.770+0100] {dag.py:3423} INFO - Setting next_dagrun for latest_only_with_trigger to 2023-01-03T17:12:42.770718+00:00, run_after=2023-01-03T21:12:42.770718+00:00
[2023-01-03T22:12:42.806+0100] {processor.py:175} INFO - Processing /home/chrisfleig/.local/lib/python3.10/site-packages/airflow/example_dags/example_latest_only_with_trigger.py took 0.096 seconds
[2023-01-03T22:13:21.828+0100] {processor.py:153} INFO - Started process (PID=8331) to work on /home/chrisfleig/.local/lib/python3.10/site-packages/airflow/example_dags/example_latest_only_with_trigger.py
[2023-01-03T22:13:21.829+0100] {processor.py:743} INFO - Processing file /home/chrisfleig/.local/lib/python3.10/site-packages/airflow/example_dags/example_latest_only_with_trigger.py for tasks to queue
[2023-01-03T22:13:21.829+0100] {logging_mixin.py:137} INFO - [2023-01-03T22:13:21.829+0100] {dagbag.py:538} INFO - Filling up the DagBag from /home/chrisfleig/.local/lib/python3.10/site-packages/airflow/example_dags/example_latest_only_with_trigger.py
[2023-01-03T22:13:21.843+0100] {processor.py:753} INFO - DAG(s) dict_keys(['latest_only_with_trigger']) retrieved from /home/chrisfleig/.local/lib/python3.10/site-packages/airflow/example_dags/example_latest_only_with_trigger.py
[2023-01-03T22:13:21.866+0100] {logging_mixin.py:137} INFO - [2023-01-03T22:13:21.866+0100] {dag.py:2676} INFO - Sync 1 DAGs
[2023-01-03T22:13:21.883+0100] {logging_mixin.py:137} INFO - [2023-01-03T22:13:21.883+0100] {dag.py:3423} INFO - Setting next_dagrun for latest_only_with_trigger to 2023-01-03T17:13:21.883555+00:00, run_after=2023-01-03T21:13:21.883555+00:00
[2023-01-03T22:13:21.918+0100] {processor.py:175} INFO - Processing /home/chrisfleig/.local/lib/python3.10/site-packages/airflow/example_dags/example_latest_only_with_trigger.py took 0.095 seconds
[2023-01-03T22:14:00.284+0100] {processor.py:153} INFO - Started process (PID=8369) to work on /home/chrisfleig/.local/lib/python3.10/site-packages/airflow/example_dags/example_latest_only_with_trigger.py
[2023-01-03T22:14:00.286+0100] {processor.py:743} INFO - Processing file /home/chrisfleig/.local/lib/python3.10/site-packages/airflow/example_dags/example_latest_only_with_trigger.py for tasks to queue
[2023-01-03T22:14:00.286+0100] {logging_mixin.py:137} INFO - [2023-01-03T22:14:00.286+0100] {dagbag.py:538} INFO - Filling up the DagBag from /home/chrisfleig/.local/lib/python3.10/site-packages/airflow/example_dags/example_latest_only_with_trigger.py
[2023-01-03T22:14:00.299+0100] {processor.py:753} INFO - DAG(s) dict_keys(['latest_only_with_trigger']) retrieved from /home/chrisfleig/.local/lib/python3.10/site-packages/airflow/example_dags/example_latest_only_with_trigger.py
[2023-01-03T22:14:00.321+0100] {logging_mixin.py:137} INFO - [2023-01-03T22:14:00.320+0100] {dag.py:2676} INFO - Sync 1 DAGs
[2023-01-03T22:14:00.338+0100] {logging_mixin.py:137} INFO - [2023-01-03T22:14:00.338+0100] {dag.py:3423} INFO - Setting next_dagrun for latest_only_with_trigger to 2023-01-03T17:14:00.338534+00:00, run_after=2023-01-03T21:14:00.338534+00:00
[2023-01-03T22:14:00.379+0100] {processor.py:175} INFO - Processing /home/chrisfleig/.local/lib/python3.10/site-packages/airflow/example_dags/example_latest_only_with_trigger.py took 0.097 seconds
[2023-01-03T22:14:40.102+0100] {processor.py:153} INFO - Started process (PID=8407) to work on /home/chrisfleig/.local/lib/python3.10/site-packages/airflow/example_dags/example_latest_only_with_trigger.py
[2023-01-03T22:14:40.103+0100] {processor.py:743} INFO - Processing file /home/chrisfleig/.local/lib/python3.10/site-packages/airflow/example_dags/example_latest_only_with_trigger.py for tasks to queue
[2023-01-03T22:14:40.103+0100] {logging_mixin.py:137} INFO - [2023-01-03T22:14:40.103+0100] {dagbag.py:538} INFO - Filling up the DagBag from /home/chrisfleig/.local/lib/python3.10/site-packages/airflow/example_dags/example_latest_only_with_trigger.py
[2023-01-03T22:14:40.115+0100] {processor.py:753} INFO - DAG(s) dict_keys(['latest_only_with_trigger']) retrieved from /home/chrisfleig/.local/lib/python3.10/site-packages/airflow/example_dags/example_latest_only_with_trigger.py
[2023-01-03T22:14:40.135+0100] {logging_mixin.py:137} INFO - [2023-01-03T22:14:40.135+0100] {dag.py:2676} INFO - Sync 1 DAGs
[2023-01-03T22:14:40.153+0100] {logging_mixin.py:137} INFO - [2023-01-03T22:14:40.153+0100] {dag.py:3423} INFO - Setting next_dagrun for latest_only_with_trigger to 2023-01-03T17:14:40.152914+00:00, run_after=2023-01-03T21:14:40.152914+00:00
[2023-01-03T22:14:40.190+0100] {processor.py:175} INFO - Processing /home/chrisfleig/.local/lib/python3.10/site-packages/airflow/example_dags/example_latest_only_with_trigger.py took 0.091 seconds
[2023-01-03T22:15:18.411+0100] {processor.py:153} INFO - Started process (PID=8445) to work on /home/chrisfleig/.local/lib/python3.10/site-packages/airflow/example_dags/example_latest_only_with_trigger.py
[2023-01-03T22:15:18.412+0100] {processor.py:743} INFO - Processing file /home/chrisfleig/.local/lib/python3.10/site-packages/airflow/example_dags/example_latest_only_with_trigger.py for tasks to queue
[2023-01-03T22:15:18.413+0100] {logging_mixin.py:137} INFO - [2023-01-03T22:15:18.413+0100] {dagbag.py:538} INFO - Filling up the DagBag from /home/chrisfleig/.local/lib/python3.10/site-packages/airflow/example_dags/example_latest_only_with_trigger.py
[2023-01-03T22:15:18.430+0100] {processor.py:753} INFO - DAG(s) dict_keys(['latest_only_with_trigger']) retrieved from /home/chrisfleig/.local/lib/python3.10/site-packages/airflow/example_dags/example_latest_only_with_trigger.py
[2023-01-03T22:15:18.455+0100] {logging_mixin.py:137} INFO - [2023-01-03T22:15:18.455+0100] {dag.py:2676} INFO - Sync 1 DAGs
[2023-01-03T22:15:18.479+0100] {logging_mixin.py:137} INFO - [2023-01-03T22:15:18.479+0100] {dag.py:3423} INFO - Setting next_dagrun for latest_only_with_trigger to 2023-01-03T17:15:18.478992+00:00, run_after=2023-01-03T21:15:18.478992+00:00
[2023-01-03T22:15:18.527+0100] {processor.py:175} INFO - Processing /home/chrisfleig/.local/lib/python3.10/site-packages/airflow/example_dags/example_latest_only_with_trigger.py took 0.119 seconds
[2023-01-03T22:31:52.189+0100] {processor.py:153} INFO - Started process (PID=8580) to work on /home/chrisfleig/.local/lib/python3.10/site-packages/airflow/example_dags/example_latest_only_with_trigger.py
[2023-01-03T22:31:52.190+0100] {processor.py:743} INFO - Processing file /home/chrisfleig/.local/lib/python3.10/site-packages/airflow/example_dags/example_latest_only_with_trigger.py for tasks to queue
[2023-01-03T22:31:52.191+0100] {logging_mixin.py:137} INFO - [2023-01-03T22:31:52.191+0100] {dagbag.py:538} INFO - Filling up the DagBag from /home/chrisfleig/.local/lib/python3.10/site-packages/airflow/example_dags/example_latest_only_with_trigger.py
[2023-01-03T22:31:52.204+0100] {processor.py:753} INFO - DAG(s) dict_keys(['latest_only_with_trigger']) retrieved from /home/chrisfleig/.local/lib/python3.10/site-packages/airflow/example_dags/example_latest_only_with_trigger.py
[2023-01-03T22:31:52.224+0100] {logging_mixin.py:137} INFO - [2023-01-03T22:31:52.224+0100] {dag.py:2676} INFO - Sync 1 DAGs
[2023-01-03T22:31:52.246+0100] {logging_mixin.py:137} INFO - [2023-01-03T22:31:52.245+0100] {dag.py:3423} INFO - Setting next_dagrun for latest_only_with_trigger to 2023-01-03T17:31:52.245801+00:00, run_after=2023-01-03T21:31:52.245801+00:00
[2023-01-03T22:31:52.286+0100] {processor.py:175} INFO - Processing /home/chrisfleig/.local/lib/python3.10/site-packages/airflow/example_dags/example_latest_only_with_trigger.py took 0.100 seconds
[2023-01-03T22:32:31.805+0100] {processor.py:153} INFO - Started process (PID=8618) to work on /home/chrisfleig/.local/lib/python3.10/site-packages/airflow/example_dags/example_latest_only_with_trigger.py
[2023-01-03T22:32:31.806+0100] {processor.py:743} INFO - Processing file /home/chrisfleig/.local/lib/python3.10/site-packages/airflow/example_dags/example_latest_only_with_trigger.py for tasks to queue
[2023-01-03T22:32:31.807+0100] {logging_mixin.py:137} INFO - [2023-01-03T22:32:31.807+0100] {dagbag.py:538} INFO - Filling up the DagBag from /home/chrisfleig/.local/lib/python3.10/site-packages/airflow/example_dags/example_latest_only_with_trigger.py
[2023-01-03T22:32:31.818+0100] {processor.py:753} INFO - DAG(s) dict_keys(['latest_only_with_trigger']) retrieved from /home/chrisfleig/.local/lib/python3.10/site-packages/airflow/example_dags/example_latest_only_with_trigger.py
[2023-01-03T22:32:31.839+0100] {logging_mixin.py:137} INFO - [2023-01-03T22:32:31.839+0100] {dag.py:2676} INFO - Sync 1 DAGs
[2023-01-03T22:32:31.855+0100] {logging_mixin.py:137} INFO - [2023-01-03T22:32:31.855+0100] {dag.py:3423} INFO - Setting next_dagrun for latest_only_with_trigger to 2023-01-03T17:32:31.855309+00:00, run_after=2023-01-03T21:32:31.855309+00:00
[2023-01-03T22:32:31.889+0100] {processor.py:175} INFO - Processing /home/chrisfleig/.local/lib/python3.10/site-packages/airflow/example_dags/example_latest_only_with_trigger.py took 0.086 seconds
[2023-01-03T22:33:10.804+0100] {processor.py:153} INFO - Started process (PID=8656) to work on /home/chrisfleig/.local/lib/python3.10/site-packages/airflow/example_dags/example_latest_only_with_trigger.py
[2023-01-03T22:33:10.805+0100] {processor.py:743} INFO - Processing file /home/chrisfleig/.local/lib/python3.10/site-packages/airflow/example_dags/example_latest_only_with_trigger.py for tasks to queue
[2023-01-03T22:33:10.807+0100] {logging_mixin.py:137} INFO - [2023-01-03T22:33:10.806+0100] {dagbag.py:538} INFO - Filling up the DagBag from /home/chrisfleig/.local/lib/python3.10/site-packages/airflow/example_dags/example_latest_only_with_trigger.py
[2023-01-03T22:33:10.819+0100] {processor.py:753} INFO - DAG(s) dict_keys(['latest_only_with_trigger']) retrieved from /home/chrisfleig/.local/lib/python3.10/site-packages/airflow/example_dags/example_latest_only_with_trigger.py
[2023-01-03T22:33:10.845+0100] {logging_mixin.py:137} INFO - [2023-01-03T22:33:10.845+0100] {dag.py:2676} INFO - Sync 1 DAGs
[2023-01-03T22:33:10.864+0100] {logging_mixin.py:137} INFO - [2023-01-03T22:33:10.863+0100] {dag.py:3423} INFO - Setting next_dagrun for latest_only_with_trigger to 2023-01-03T17:33:10.863712+00:00, run_after=2023-01-03T21:33:10.863712+00:00
[2023-01-03T22:33:10.910+0100] {processor.py:175} INFO - Processing /home/chrisfleig/.local/lib/python3.10/site-packages/airflow/example_dags/example_latest_only_with_trigger.py took 0.108 seconds
[2023-01-03T22:33:49.530+0100] {processor.py:153} INFO - Started process (PID=8694) to work on /home/chrisfleig/.local/lib/python3.10/site-packages/airflow/example_dags/example_latest_only_with_trigger.py
[2023-01-03T22:33:49.531+0100] {processor.py:743} INFO - Processing file /home/chrisfleig/.local/lib/python3.10/site-packages/airflow/example_dags/example_latest_only_with_trigger.py for tasks to queue
[2023-01-03T22:33:49.531+0100] {logging_mixin.py:137} INFO - [2023-01-03T22:33:49.531+0100] {dagbag.py:538} INFO - Filling up the DagBag from /home/chrisfleig/.local/lib/python3.10/site-packages/airflow/example_dags/example_latest_only_with_trigger.py
[2023-01-03T22:33:49.544+0100] {processor.py:753} INFO - DAG(s) dict_keys(['latest_only_with_trigger']) retrieved from /home/chrisfleig/.local/lib/python3.10/site-packages/airflow/example_dags/example_latest_only_with_trigger.py
[2023-01-03T22:33:49.563+0100] {logging_mixin.py:137} INFO - [2023-01-03T22:33:49.563+0100] {dag.py:2676} INFO - Sync 1 DAGs
[2023-01-03T22:33:49.579+0100] {logging_mixin.py:137} INFO - [2023-01-03T22:33:49.579+0100] {dag.py:3423} INFO - Setting next_dagrun for latest_only_with_trigger to 2023-01-03T17:33:49.579627+00:00, run_after=2023-01-03T21:33:49.579627+00:00
[2023-01-03T22:33:49.616+0100] {processor.py:175} INFO - Processing /home/chrisfleig/.local/lib/python3.10/site-packages/airflow/example_dags/example_latest_only_with_trigger.py took 0.088 seconds
[2023-01-03T22:34:29.331+0100] {processor.py:153} INFO - Started process (PID=8732) to work on /home/chrisfleig/.local/lib/python3.10/site-packages/airflow/example_dags/example_latest_only_with_trigger.py
[2023-01-03T22:34:29.332+0100] {processor.py:743} INFO - Processing file /home/chrisfleig/.local/lib/python3.10/site-packages/airflow/example_dags/example_latest_only_with_trigger.py for tasks to queue
[2023-01-03T22:34:29.332+0100] {logging_mixin.py:137} INFO - [2023-01-03T22:34:29.332+0100] {dagbag.py:538} INFO - Filling up the DagBag from /home/chrisfleig/.local/lib/python3.10/site-packages/airflow/example_dags/example_latest_only_with_trigger.py
[2023-01-03T22:34:29.345+0100] {processor.py:753} INFO - DAG(s) dict_keys(['latest_only_with_trigger']) retrieved from /home/chrisfleig/.local/lib/python3.10/site-packages/airflow/example_dags/example_latest_only_with_trigger.py
[2023-01-03T22:34:29.366+0100] {logging_mixin.py:137} INFO - [2023-01-03T22:34:29.365+0100] {dag.py:2676} INFO - Sync 1 DAGs
[2023-01-03T22:34:29.383+0100] {logging_mixin.py:137} INFO - [2023-01-03T22:34:29.383+0100] {dag.py:3423} INFO - Setting next_dagrun for latest_only_with_trigger to 2023-01-03T17:34:29.382971+00:00, run_after=2023-01-03T21:34:29.382971+00:00
[2023-01-03T22:34:29.419+0100] {processor.py:175} INFO - Processing /home/chrisfleig/.local/lib/python3.10/site-packages/airflow/example_dags/example_latest_only_with_trigger.py took 0.091 seconds
[2023-01-03T22:35:09.638+0100] {processor.py:153} INFO - Started process (PID=8770) to work on /home/chrisfleig/.local/lib/python3.10/site-packages/airflow/example_dags/example_latest_only_with_trigger.py
[2023-01-03T22:35:09.639+0100] {processor.py:743} INFO - Processing file /home/chrisfleig/.local/lib/python3.10/site-packages/airflow/example_dags/example_latest_only_with_trigger.py for tasks to queue
[2023-01-03T22:35:09.640+0100] {logging_mixin.py:137} INFO - [2023-01-03T22:35:09.639+0100] {dagbag.py:538} INFO - Filling up the DagBag from /home/chrisfleig/.local/lib/python3.10/site-packages/airflow/example_dags/example_latest_only_with_trigger.py
[2023-01-03T22:35:09.653+0100] {processor.py:753} INFO - DAG(s) dict_keys(['latest_only_with_trigger']) retrieved from /home/chrisfleig/.local/lib/python3.10/site-packages/airflow/example_dags/example_latest_only_with_trigger.py
[2023-01-03T22:35:09.674+0100] {logging_mixin.py:137} INFO - [2023-01-03T22:35:09.673+0100] {dag.py:2676} INFO - Sync 1 DAGs
[2023-01-03T22:35:09.690+0100] {logging_mixin.py:137} INFO - [2023-01-03T22:35:09.690+0100] {dag.py:3423} INFO - Setting next_dagrun for latest_only_with_trigger to 2023-01-03T17:35:09.690340+00:00, run_after=2023-01-03T21:35:09.690340+00:00
[2023-01-03T22:35:09.730+0100] {processor.py:175} INFO - Processing /home/chrisfleig/.local/lib/python3.10/site-packages/airflow/example_dags/example_latest_only_with_trigger.py took 0.095 seconds
[2023-01-03T22:35:48.767+0100] {processor.py:153} INFO - Started process (PID=8808) to work on /home/chrisfleig/.local/lib/python3.10/site-packages/airflow/example_dags/example_latest_only_with_trigger.py
[2023-01-03T22:35:48.768+0100] {processor.py:743} INFO - Processing file /home/chrisfleig/.local/lib/python3.10/site-packages/airflow/example_dags/example_latest_only_with_trigger.py for tasks to queue
[2023-01-03T22:35:48.768+0100] {logging_mixin.py:137} INFO - [2023-01-03T22:35:48.768+0100] {dagbag.py:538} INFO - Filling up the DagBag from /home/chrisfleig/.local/lib/python3.10/site-packages/airflow/example_dags/example_latest_only_with_trigger.py
[2023-01-03T22:35:48.781+0100] {processor.py:753} INFO - DAG(s) dict_keys(['latest_only_with_trigger']) retrieved from /home/chrisfleig/.local/lib/python3.10/site-packages/airflow/example_dags/example_latest_only_with_trigger.py
[2023-01-03T22:35:48.802+0100] {logging_mixin.py:137} INFO - [2023-01-03T22:35:48.802+0100] {dag.py:2676} INFO - Sync 1 DAGs
[2023-01-03T22:35:48.824+0100] {logging_mixin.py:137} INFO - [2023-01-03T22:35:48.824+0100] {dag.py:3423} INFO - Setting next_dagrun for latest_only_with_trigger to 2023-01-03T17:35:48.824354+00:00, run_after=2023-01-03T21:35:48.824354+00:00
[2023-01-03T22:35:48.861+0100] {processor.py:175} INFO - Processing /home/chrisfleig/.local/lib/python3.10/site-packages/airflow/example_dags/example_latest_only_with_trigger.py took 0.097 seconds
[2023-01-03T22:36:26.962+0100] {processor.py:153} INFO - Started process (PID=8846) to work on /home/chrisfleig/.local/lib/python3.10/site-packages/airflow/example_dags/example_latest_only_with_trigger.py
[2023-01-03T22:36:26.963+0100] {processor.py:743} INFO - Processing file /home/chrisfleig/.local/lib/python3.10/site-packages/airflow/example_dags/example_latest_only_with_trigger.py for tasks to queue
[2023-01-03T22:36:26.964+0100] {logging_mixin.py:137} INFO - [2023-01-03T22:36:26.964+0100] {dagbag.py:538} INFO - Filling up the DagBag from /home/chrisfleig/.local/lib/python3.10/site-packages/airflow/example_dags/example_latest_only_with_trigger.py
[2023-01-03T22:36:26.978+0100] {processor.py:753} INFO - DAG(s) dict_keys(['latest_only_with_trigger']) retrieved from /home/chrisfleig/.local/lib/python3.10/site-packages/airflow/example_dags/example_latest_only_with_trigger.py
[2023-01-03T22:36:27.004+0100] {logging_mixin.py:137} INFO - [2023-01-03T22:36:27.004+0100] {dag.py:2676} INFO - Sync 1 DAGs
[2023-01-03T22:36:27.024+0100] {logging_mixin.py:137} INFO - [2023-01-03T22:36:27.024+0100] {dag.py:3423} INFO - Setting next_dagrun for latest_only_with_trigger to 2023-01-03T17:36:27.024544+00:00, run_after=2023-01-03T21:36:27.024544+00:00
[2023-01-03T22:36:27.067+0100] {processor.py:175} INFO - Processing /home/chrisfleig/.local/lib/python3.10/site-packages/airflow/example_dags/example_latest_only_with_trigger.py took 0.109 seconds
[2023-01-03T22:37:04.999+0100] {processor.py:153} INFO - Started process (PID=8884) to work on /home/chrisfleig/.local/lib/python3.10/site-packages/airflow/example_dags/example_latest_only_with_trigger.py
[2023-01-03T22:37:05.000+0100] {processor.py:743} INFO - Processing file /home/chrisfleig/.local/lib/python3.10/site-packages/airflow/example_dags/example_latest_only_with_trigger.py for tasks to queue
[2023-01-03T22:37:05.001+0100] {logging_mixin.py:137} INFO - [2023-01-03T22:37:05.001+0100] {dagbag.py:538} INFO - Filling up the DagBag from /home/chrisfleig/.local/lib/python3.10/site-packages/airflow/example_dags/example_latest_only_with_trigger.py
[2023-01-03T22:37:05.014+0100] {processor.py:753} INFO - DAG(s) dict_keys(['latest_only_with_trigger']) retrieved from /home/chrisfleig/.local/lib/python3.10/site-packages/airflow/example_dags/example_latest_only_with_trigger.py
[2023-01-03T22:37:05.036+0100] {logging_mixin.py:137} INFO - [2023-01-03T22:37:05.036+0100] {dag.py:2676} INFO - Sync 1 DAGs
[2023-01-03T22:37:05.054+0100] {logging_mixin.py:137} INFO - [2023-01-03T22:37:05.054+0100] {dag.py:3423} INFO - Setting next_dagrun for latest_only_with_trigger to 2023-01-03T17:37:05.054105+00:00, run_after=2023-01-03T21:37:05.054105+00:00
[2023-01-03T22:37:05.092+0100] {processor.py:175} INFO - Processing /home/chrisfleig/.local/lib/python3.10/site-packages/airflow/example_dags/example_latest_only_with_trigger.py took 0.095 seconds
[2023-01-03T22:37:42.468+0100] {processor.py:153} INFO - Started process (PID=8922) to work on /home/chrisfleig/.local/lib/python3.10/site-packages/airflow/example_dags/example_latest_only_with_trigger.py
[2023-01-03T22:37:42.469+0100] {processor.py:743} INFO - Processing file /home/chrisfleig/.local/lib/python3.10/site-packages/airflow/example_dags/example_latest_only_with_trigger.py for tasks to queue
[2023-01-03T22:37:42.469+0100] {logging_mixin.py:137} INFO - [2023-01-03T22:37:42.469+0100] {dagbag.py:538} INFO - Filling up the DagBag from /home/chrisfleig/.local/lib/python3.10/site-packages/airflow/example_dags/example_latest_only_with_trigger.py
[2023-01-03T22:37:42.482+0100] {processor.py:753} INFO - DAG(s) dict_keys(['latest_only_with_trigger']) retrieved from /home/chrisfleig/.local/lib/python3.10/site-packages/airflow/example_dags/example_latest_only_with_trigger.py
[2023-01-03T22:37:42.503+0100] {logging_mixin.py:137} INFO - [2023-01-03T22:37:42.503+0100] {dag.py:2676} INFO - Sync 1 DAGs
[2023-01-03T22:37:42.519+0100] {logging_mixin.py:137} INFO - [2023-01-03T22:37:42.519+0100] {dag.py:3423} INFO - Setting next_dagrun for latest_only_with_trigger to 2023-01-03T17:37:42.519369+00:00, run_after=2023-01-03T21:37:42.519369+00:00
[2023-01-03T22:37:42.555+0100] {processor.py:175} INFO - Processing /home/chrisfleig/.local/lib/python3.10/site-packages/airflow/example_dags/example_latest_only_with_trigger.py took 0.090 seconds
[2023-01-03T22:38:20.998+0100] {processor.py:153} INFO - Started process (PID=8960) to work on /home/chrisfleig/.local/lib/python3.10/site-packages/airflow/example_dags/example_latest_only_with_trigger.py
[2023-01-03T22:38:20.999+0100] {processor.py:743} INFO - Processing file /home/chrisfleig/.local/lib/python3.10/site-packages/airflow/example_dags/example_latest_only_with_trigger.py for tasks to queue
[2023-01-03T22:38:20.999+0100] {logging_mixin.py:137} INFO - [2023-01-03T22:38:20.999+0100] {dagbag.py:538} INFO - Filling up the DagBag from /home/chrisfleig/.local/lib/python3.10/site-packages/airflow/example_dags/example_latest_only_with_trigger.py
[2023-01-03T22:38:21.012+0100] {processor.py:753} INFO - DAG(s) dict_keys(['latest_only_with_trigger']) retrieved from /home/chrisfleig/.local/lib/python3.10/site-packages/airflow/example_dags/example_latest_only_with_trigger.py
[2023-01-03T22:38:21.031+0100] {logging_mixin.py:137} INFO - [2023-01-03T22:38:21.031+0100] {dag.py:2676} INFO - Sync 1 DAGs
[2023-01-03T22:38:21.047+0100] {logging_mixin.py:137} INFO - [2023-01-03T22:38:21.047+0100] {dag.py:3423} INFO - Setting next_dagrun for latest_only_with_trigger to 2023-01-03T17:38:21.047582+00:00, run_after=2023-01-03T21:38:21.047582+00:00
[2023-01-03T22:38:21.082+0100] {processor.py:175} INFO - Processing /home/chrisfleig/.local/lib/python3.10/site-packages/airflow/example_dags/example_latest_only_with_trigger.py took 0.086 seconds
[2023-01-03T22:39:00.978+0100] {processor.py:153} INFO - Started process (PID=8998) to work on /home/chrisfleig/.local/lib/python3.10/site-packages/airflow/example_dags/example_latest_only_with_trigger.py
[2023-01-03T22:39:00.979+0100] {processor.py:743} INFO - Processing file /home/chrisfleig/.local/lib/python3.10/site-packages/airflow/example_dags/example_latest_only_with_trigger.py for tasks to queue
[2023-01-03T22:39:00.979+0100] {logging_mixin.py:137} INFO - [2023-01-03T22:39:00.979+0100] {dagbag.py:538} INFO - Filling up the DagBag from /home/chrisfleig/.local/lib/python3.10/site-packages/airflow/example_dags/example_latest_only_with_trigger.py
[2023-01-03T22:39:00.991+0100] {processor.py:753} INFO - DAG(s) dict_keys(['latest_only_with_trigger']) retrieved from /home/chrisfleig/.local/lib/python3.10/site-packages/airflow/example_dags/example_latest_only_with_trigger.py
[2023-01-03T22:39:01.012+0100] {logging_mixin.py:137} INFO - [2023-01-03T22:39:01.012+0100] {dag.py:2676} INFO - Sync 1 DAGs
[2023-01-03T22:39:01.028+0100] {logging_mixin.py:137} INFO - [2023-01-03T22:39:01.028+0100] {dag.py:3423} INFO - Setting next_dagrun for latest_only_with_trigger to 2023-01-03T17:39:01.028476+00:00, run_after=2023-01-03T21:39:01.028476+00:00
[2023-01-03T22:39:01.064+0100] {processor.py:175} INFO - Processing /home/chrisfleig/.local/lib/python3.10/site-packages/airflow/example_dags/example_latest_only_with_trigger.py took 0.089 seconds
[2023-01-03T22:39:40.327+0100] {processor.py:153} INFO - Started process (PID=9036) to work on /home/chrisfleig/.local/lib/python3.10/site-packages/airflow/example_dags/example_latest_only_with_trigger.py
[2023-01-03T22:39:40.328+0100] {processor.py:743} INFO - Processing file /home/chrisfleig/.local/lib/python3.10/site-packages/airflow/example_dags/example_latest_only_with_trigger.py for tasks to queue
[2023-01-03T22:39:40.328+0100] {logging_mixin.py:137} INFO - [2023-01-03T22:39:40.328+0100] {dagbag.py:538} INFO - Filling up the DagBag from /home/chrisfleig/.local/lib/python3.10/site-packages/airflow/example_dags/example_latest_only_with_trigger.py
[2023-01-03T22:39:40.341+0100] {processor.py:753} INFO - DAG(s) dict_keys(['latest_only_with_trigger']) retrieved from /home/chrisfleig/.local/lib/python3.10/site-packages/airflow/example_dags/example_latest_only_with_trigger.py
[2023-01-03T22:39:40.361+0100] {logging_mixin.py:137} INFO - [2023-01-03T22:39:40.360+0100] {dag.py:2676} INFO - Sync 1 DAGs
[2023-01-03T22:39:40.377+0100] {logging_mixin.py:137} INFO - [2023-01-03T22:39:40.377+0100] {dag.py:3423} INFO - Setting next_dagrun for latest_only_with_trigger to 2023-01-03T17:39:40.376857+00:00, run_after=2023-01-03T21:39:40.376857+00:00
[2023-01-03T22:39:40.412+0100] {processor.py:175} INFO - Processing /home/chrisfleig/.local/lib/python3.10/site-packages/airflow/example_dags/example_latest_only_with_trigger.py took 0.087 seconds
[2023-01-03T22:40:19.526+0100] {processor.py:153} INFO - Started process (PID=9074) to work on /home/chrisfleig/.local/lib/python3.10/site-packages/airflow/example_dags/example_latest_only_with_trigger.py
[2023-01-03T22:40:19.527+0100] {processor.py:743} INFO - Processing file /home/chrisfleig/.local/lib/python3.10/site-packages/airflow/example_dags/example_latest_only_with_trigger.py for tasks to queue
[2023-01-03T22:40:19.528+0100] {logging_mixin.py:137} INFO - [2023-01-03T22:40:19.527+0100] {dagbag.py:538} INFO - Filling up the DagBag from /home/chrisfleig/.local/lib/python3.10/site-packages/airflow/example_dags/example_latest_only_with_trigger.py
[2023-01-03T22:40:19.539+0100] {processor.py:753} INFO - DAG(s) dict_keys(['latest_only_with_trigger']) retrieved from /home/chrisfleig/.local/lib/python3.10/site-packages/airflow/example_dags/example_latest_only_with_trigger.py
[2023-01-03T22:40:19.584+0100] {logging_mixin.py:137} INFO - [2023-01-03T22:40:19.584+0100] {dag.py:2676} INFO - Sync 1 DAGs
[2023-01-03T22:40:19.634+0100] {logging_mixin.py:137} INFO - [2023-01-03T22:40:19.634+0100] {dag.py:3423} INFO - Setting next_dagrun for latest_only_with_trigger to 2023-01-03T17:40:19.634243+00:00, run_after=2023-01-03T21:40:19.634243+00:00
[2023-01-03T22:40:19.680+0100] {processor.py:175} INFO - Processing /home/chrisfleig/.local/lib/python3.10/site-packages/airflow/example_dags/example_latest_only_with_trigger.py took 0.157 seconds
[2023-01-03T22:40:57.422+0100] {processor.py:153} INFO - Started process (PID=9112) to work on /home/chrisfleig/.local/lib/python3.10/site-packages/airflow/example_dags/example_latest_only_with_trigger.py
[2023-01-03T22:40:57.423+0100] {processor.py:743} INFO - Processing file /home/chrisfleig/.local/lib/python3.10/site-packages/airflow/example_dags/example_latest_only_with_trigger.py for tasks to queue
[2023-01-03T22:40:57.424+0100] {logging_mixin.py:137} INFO - [2023-01-03T22:40:57.423+0100] {dagbag.py:538} INFO - Filling up the DagBag from /home/chrisfleig/.local/lib/python3.10/site-packages/airflow/example_dags/example_latest_only_with_trigger.py
[2023-01-03T22:40:57.437+0100] {processor.py:753} INFO - DAG(s) dict_keys(['latest_only_with_trigger']) retrieved from /home/chrisfleig/.local/lib/python3.10/site-packages/airflow/example_dags/example_latest_only_with_trigger.py
[2023-01-03T22:40:57.458+0100] {logging_mixin.py:137} INFO - [2023-01-03T22:40:57.458+0100] {dag.py:2676} INFO - Sync 1 DAGs
[2023-01-03T22:40:57.477+0100] {logging_mixin.py:137} INFO - [2023-01-03T22:40:57.476+0100] {dag.py:3423} INFO - Setting next_dagrun for latest_only_with_trigger to 2023-01-03T17:40:57.476673+00:00, run_after=2023-01-03T21:40:57.476673+00:00
[2023-01-03T22:40:57.514+0100] {processor.py:175} INFO - Processing /home/chrisfleig/.local/lib/python3.10/site-packages/airflow/example_dags/example_latest_only_with_trigger.py took 0.095 seconds
[2023-01-03T22:41:35.250+0100] {processor.py:153} INFO - Started process (PID=9150) to work on /home/chrisfleig/.local/lib/python3.10/site-packages/airflow/example_dags/example_latest_only_with_trigger.py
[2023-01-03T22:41:35.251+0100] {processor.py:743} INFO - Processing file /home/chrisfleig/.local/lib/python3.10/site-packages/airflow/example_dags/example_latest_only_with_trigger.py for tasks to queue
[2023-01-03T22:41:35.252+0100] {logging_mixin.py:137} INFO - [2023-01-03T22:41:35.252+0100] {dagbag.py:538} INFO - Filling up the DagBag from /home/chrisfleig/.local/lib/python3.10/site-packages/airflow/example_dags/example_latest_only_with_trigger.py
[2023-01-03T22:41:35.263+0100] {processor.py:753} INFO - DAG(s) dict_keys(['latest_only_with_trigger']) retrieved from /home/chrisfleig/.local/lib/python3.10/site-packages/airflow/example_dags/example_latest_only_with_trigger.py
[2023-01-03T22:41:35.283+0100] {logging_mixin.py:137} INFO - [2023-01-03T22:41:35.283+0100] {dag.py:2676} INFO - Sync 1 DAGs
[2023-01-03T22:41:35.299+0100] {logging_mixin.py:137} INFO - [2023-01-03T22:41:35.299+0100] {dag.py:3423} INFO - Setting next_dagrun for latest_only_with_trigger to 2023-01-03T17:41:35.299570+00:00, run_after=2023-01-03T21:41:35.299570+00:00
[2023-01-03T22:41:35.333+0100] {processor.py:175} INFO - Processing /home/chrisfleig/.local/lib/python3.10/site-packages/airflow/example_dags/example_latest_only_with_trigger.py took 0.086 seconds
[2023-01-03T22:42:13.917+0100] {processor.py:153} INFO - Started process (PID=9190) to work on /home/chrisfleig/.local/lib/python3.10/site-packages/airflow/example_dags/example_latest_only_with_trigger.py
[2023-01-03T22:42:13.918+0100] {processor.py:743} INFO - Processing file /home/chrisfleig/.local/lib/python3.10/site-packages/airflow/example_dags/example_latest_only_with_trigger.py for tasks to queue
[2023-01-03T22:42:13.918+0100] {logging_mixin.py:137} INFO - [2023-01-03T22:42:13.918+0100] {dagbag.py:538} INFO - Filling up the DagBag from /home/chrisfleig/.local/lib/python3.10/site-packages/airflow/example_dags/example_latest_only_with_trigger.py
[2023-01-03T22:42:13.931+0100] {processor.py:753} INFO - DAG(s) dict_keys(['latest_only_with_trigger']) retrieved from /home/chrisfleig/.local/lib/python3.10/site-packages/airflow/example_dags/example_latest_only_with_trigger.py
[2023-01-03T22:42:13.951+0100] {logging_mixin.py:137} INFO - [2023-01-03T22:42:13.951+0100] {dag.py:2676} INFO - Sync 1 DAGs
[2023-01-03T22:42:13.967+0100] {logging_mixin.py:137} INFO - [2023-01-03T22:42:13.967+0100] {dag.py:3423} INFO - Setting next_dagrun for latest_only_with_trigger to 2023-01-03T17:42:13.967321+00:00, run_after=2023-01-03T21:42:13.967321+00:00
[2023-01-03T22:42:14.004+0100] {processor.py:175} INFO - Processing /home/chrisfleig/.local/lib/python3.10/site-packages/airflow/example_dags/example_latest_only_with_trigger.py took 0.090 seconds
[2023-01-03T22:42:52.951+0100] {processor.py:153} INFO - Started process (PID=9230) to work on /home/chrisfleig/.local/lib/python3.10/site-packages/airflow/example_dags/example_latest_only_with_trigger.py
[2023-01-03T22:42:52.952+0100] {processor.py:743} INFO - Processing file /home/chrisfleig/.local/lib/python3.10/site-packages/airflow/example_dags/example_latest_only_with_trigger.py for tasks to queue
[2023-01-03T22:42:52.953+0100] {logging_mixin.py:137} INFO - [2023-01-03T22:42:52.953+0100] {dagbag.py:538} INFO - Filling up the DagBag from /home/chrisfleig/.local/lib/python3.10/site-packages/airflow/example_dags/example_latest_only_with_trigger.py
[2023-01-03T22:42:52.965+0100] {processor.py:753} INFO - DAG(s) dict_keys(['latest_only_with_trigger']) retrieved from /home/chrisfleig/.local/lib/python3.10/site-packages/airflow/example_dags/example_latest_only_with_trigger.py
[2023-01-03T22:42:52.988+0100] {logging_mixin.py:137} INFO - [2023-01-03T22:42:52.988+0100] {dag.py:2676} INFO - Sync 1 DAGs
[2023-01-03T22:42:53.005+0100] {logging_mixin.py:137} INFO - [2023-01-03T22:42:53.004+0100] {dag.py:3423} INFO - Setting next_dagrun for latest_only_with_trigger to 2023-01-03T17:42:53.004685+00:00, run_after=2023-01-03T21:42:53.004685+00:00
[2023-01-03T22:42:53.041+0100] {processor.py:175} INFO - Processing /home/chrisfleig/.local/lib/python3.10/site-packages/airflow/example_dags/example_latest_only_with_trigger.py took 0.093 seconds
[2023-01-03T22:43:32.297+0100] {processor.py:153} INFO - Started process (PID=9268) to work on /home/chrisfleig/.local/lib/python3.10/site-packages/airflow/example_dags/example_latest_only_with_trigger.py
[2023-01-03T22:43:32.298+0100] {processor.py:743} INFO - Processing file /home/chrisfleig/.local/lib/python3.10/site-packages/airflow/example_dags/example_latest_only_with_trigger.py for tasks to queue
[2023-01-03T22:43:32.298+0100] {logging_mixin.py:137} INFO - [2023-01-03T22:43:32.298+0100] {dagbag.py:538} INFO - Filling up the DagBag from /home/chrisfleig/.local/lib/python3.10/site-packages/airflow/example_dags/example_latest_only_with_trigger.py
[2023-01-03T22:43:32.313+0100] {processor.py:753} INFO - DAG(s) dict_keys(['latest_only_with_trigger']) retrieved from /home/chrisfleig/.local/lib/python3.10/site-packages/airflow/example_dags/example_latest_only_with_trigger.py
[2023-01-03T22:43:32.335+0100] {logging_mixin.py:137} INFO - [2023-01-03T22:43:32.335+0100] {dag.py:2676} INFO - Sync 1 DAGs
[2023-01-03T22:43:32.355+0100] {logging_mixin.py:137} INFO - [2023-01-03T22:43:32.355+0100] {dag.py:3423} INFO - Setting next_dagrun for latest_only_with_trigger to 2023-01-03T17:43:32.355265+00:00, run_after=2023-01-03T21:43:32.355265+00:00
[2023-01-03T22:43:32.394+0100] {processor.py:175} INFO - Processing /home/chrisfleig/.local/lib/python3.10/site-packages/airflow/example_dags/example_latest_only_with_trigger.py took 0.101 seconds
[2023-01-03T22:44:10.266+0100] {processor.py:153} INFO - Started process (PID=9306) to work on /home/chrisfleig/.local/lib/python3.10/site-packages/airflow/example_dags/example_latest_only_with_trigger.py
[2023-01-03T22:44:10.267+0100] {processor.py:743} INFO - Processing file /home/chrisfleig/.local/lib/python3.10/site-packages/airflow/example_dags/example_latest_only_with_trigger.py for tasks to queue
[2023-01-03T22:44:10.268+0100] {logging_mixin.py:137} INFO - [2023-01-03T22:44:10.268+0100] {dagbag.py:538} INFO - Filling up the DagBag from /home/chrisfleig/.local/lib/python3.10/site-packages/airflow/example_dags/example_latest_only_with_trigger.py
[2023-01-03T22:44:10.280+0100] {processor.py:753} INFO - DAG(s) dict_keys(['latest_only_with_trigger']) retrieved from /home/chrisfleig/.local/lib/python3.10/site-packages/airflow/example_dags/example_latest_only_with_trigger.py
[2023-01-03T22:44:10.300+0100] {logging_mixin.py:137} INFO - [2023-01-03T22:44:10.299+0100] {dag.py:2676} INFO - Sync 1 DAGs
[2023-01-03T22:44:10.316+0100] {logging_mixin.py:137} INFO - [2023-01-03T22:44:10.315+0100] {dag.py:3423} INFO - Setting next_dagrun for latest_only_with_trigger to 2023-01-03T17:44:10.315678+00:00, run_after=2023-01-03T21:44:10.315678+00:00
[2023-01-03T22:44:10.354+0100] {processor.py:175} INFO - Processing /home/chrisfleig/.local/lib/python3.10/site-packages/airflow/example_dags/example_latest_only_with_trigger.py took 0.090 seconds
[2023-01-03T22:44:49.435+0100] {processor.py:153} INFO - Started process (PID=9344) to work on /home/chrisfleig/.local/lib/python3.10/site-packages/airflow/example_dags/example_latest_only_with_trigger.py
[2023-01-03T22:44:49.436+0100] {processor.py:743} INFO - Processing file /home/chrisfleig/.local/lib/python3.10/site-packages/airflow/example_dags/example_latest_only_with_trigger.py for tasks to queue
[2023-01-03T22:44:49.436+0100] {logging_mixin.py:137} INFO - [2023-01-03T22:44:49.436+0100] {dagbag.py:538} INFO - Filling up the DagBag from /home/chrisfleig/.local/lib/python3.10/site-packages/airflow/example_dags/example_latest_only_with_trigger.py
[2023-01-03T22:44:49.448+0100] {processor.py:753} INFO - DAG(s) dict_keys(['latest_only_with_trigger']) retrieved from /home/chrisfleig/.local/lib/python3.10/site-packages/airflow/example_dags/example_latest_only_with_trigger.py
[2023-01-03T22:44:49.468+0100] {logging_mixin.py:137} INFO - [2023-01-03T22:44:49.468+0100] {dag.py:2676} INFO - Sync 1 DAGs
[2023-01-03T22:44:49.485+0100] {logging_mixin.py:137} INFO - [2023-01-03T22:44:49.485+0100] {dag.py:3423} INFO - Setting next_dagrun for latest_only_with_trigger to 2023-01-03T17:44:49.485354+00:00, run_after=2023-01-03T21:44:49.485354+00:00
[2023-01-03T22:44:49.521+0100] {processor.py:175} INFO - Processing /home/chrisfleig/.local/lib/python3.10/site-packages/airflow/example_dags/example_latest_only_with_trigger.py took 0.088 seconds
[2023-01-03T22:45:28.874+0100] {processor.py:153} INFO - Started process (PID=9382) to work on /home/chrisfleig/.local/lib/python3.10/site-packages/airflow/example_dags/example_latest_only_with_trigger.py
[2023-01-03T22:45:28.875+0100] {processor.py:743} INFO - Processing file /home/chrisfleig/.local/lib/python3.10/site-packages/airflow/example_dags/example_latest_only_with_trigger.py for tasks to queue
[2023-01-03T22:45:28.875+0100] {logging_mixin.py:137} INFO - [2023-01-03T22:45:28.875+0100] {dagbag.py:538} INFO - Filling up the DagBag from /home/chrisfleig/.local/lib/python3.10/site-packages/airflow/example_dags/example_latest_only_with_trigger.py
[2023-01-03T22:45:28.887+0100] {processor.py:753} INFO - DAG(s) dict_keys(['latest_only_with_trigger']) retrieved from /home/chrisfleig/.local/lib/python3.10/site-packages/airflow/example_dags/example_latest_only_with_trigger.py
[2023-01-03T22:45:28.907+0100] {logging_mixin.py:137} INFO - [2023-01-03T22:45:28.907+0100] {dag.py:2676} INFO - Sync 1 DAGs
[2023-01-03T22:45:28.924+0100] {logging_mixin.py:137} INFO - [2023-01-03T22:45:28.924+0100] {dag.py:3423} INFO - Setting next_dagrun for latest_only_with_trigger to 2023-01-03T17:45:28.924148+00:00, run_after=2023-01-03T21:45:28.924148+00:00
[2023-01-03T22:45:28.964+0100] {processor.py:175} INFO - Processing /home/chrisfleig/.local/lib/python3.10/site-packages/airflow/example_dags/example_latest_only_with_trigger.py took 0.093 seconds
[2023-01-03T22:46:07.922+0100] {processor.py:153} INFO - Started process (PID=9420) to work on /home/chrisfleig/.local/lib/python3.10/site-packages/airflow/example_dags/example_latest_only_with_trigger.py
[2023-01-03T22:46:07.923+0100] {processor.py:743} INFO - Processing file /home/chrisfleig/.local/lib/python3.10/site-packages/airflow/example_dags/example_latest_only_with_trigger.py for tasks to queue
[2023-01-03T22:46:07.923+0100] {logging_mixin.py:137} INFO - [2023-01-03T22:46:07.923+0100] {dagbag.py:538} INFO - Filling up the DagBag from /home/chrisfleig/.local/lib/python3.10/site-packages/airflow/example_dags/example_latest_only_with_trigger.py
[2023-01-03T22:46:07.935+0100] {processor.py:753} INFO - DAG(s) dict_keys(['latest_only_with_trigger']) retrieved from /home/chrisfleig/.local/lib/python3.10/site-packages/airflow/example_dags/example_latest_only_with_trigger.py
[2023-01-03T22:46:07.955+0100] {logging_mixin.py:137} INFO - [2023-01-03T22:46:07.955+0100] {dag.py:2676} INFO - Sync 1 DAGs
[2023-01-03T22:46:07.972+0100] {logging_mixin.py:137} INFO - [2023-01-03T22:46:07.972+0100] {dag.py:3423} INFO - Setting next_dagrun for latest_only_with_trigger to 2023-01-03T17:46:07.972024+00:00, run_after=2023-01-03T21:46:07.972024+00:00
[2023-01-03T22:46:08.012+0100] {processor.py:175} INFO - Processing /home/chrisfleig/.local/lib/python3.10/site-packages/airflow/example_dags/example_latest_only_with_trigger.py took 0.093 seconds
[2023-01-03T22:46:43.401+0100] {processor.py:153} INFO - Started process (PID=9458) to work on /home/chrisfleig/.local/lib/python3.10/site-packages/airflow/example_dags/example_latest_only_with_trigger.py
[2023-01-03T22:46:43.402+0100] {processor.py:743} INFO - Processing file /home/chrisfleig/.local/lib/python3.10/site-packages/airflow/example_dags/example_latest_only_with_trigger.py for tasks to queue
[2023-01-03T22:46:43.402+0100] {logging_mixin.py:137} INFO - [2023-01-03T22:46:43.402+0100] {dagbag.py:538} INFO - Filling up the DagBag from /home/chrisfleig/.local/lib/python3.10/site-packages/airflow/example_dags/example_latest_only_with_trigger.py
[2023-01-03T22:46:43.418+0100] {processor.py:753} INFO - DAG(s) dict_keys(['latest_only_with_trigger']) retrieved from /home/chrisfleig/.local/lib/python3.10/site-packages/airflow/example_dags/example_latest_only_with_trigger.py
[2023-01-03T22:46:43.439+0100] {logging_mixin.py:137} INFO - [2023-01-03T22:46:43.439+0100] {dag.py:2676} INFO - Sync 1 DAGs
[2023-01-03T22:46:43.458+0100] {logging_mixin.py:137} INFO - [2023-01-03T22:46:43.457+0100] {dag.py:3423} INFO - Setting next_dagrun for latest_only_with_trigger to 2023-01-03T17:46:43.457726+00:00, run_after=2023-01-03T21:46:43.457726+00:00
[2023-01-03T22:46:43.504+0100] {processor.py:175} INFO - Processing /home/chrisfleig/.local/lib/python3.10/site-packages/airflow/example_dags/example_latest_only_with_trigger.py took 0.106 seconds
[2023-01-03T22:47:22.833+0100] {processor.py:153} INFO - Started process (PID=9496) to work on /home/chrisfleig/.local/lib/python3.10/site-packages/airflow/example_dags/example_latest_only_with_trigger.py
[2023-01-03T22:47:22.834+0100] {processor.py:743} INFO - Processing file /home/chrisfleig/.local/lib/python3.10/site-packages/airflow/example_dags/example_latest_only_with_trigger.py for tasks to queue
[2023-01-03T22:47:22.835+0100] {logging_mixin.py:137} INFO - [2023-01-03T22:47:22.835+0100] {dagbag.py:538} INFO - Filling up the DagBag from /home/chrisfleig/.local/lib/python3.10/site-packages/airflow/example_dags/example_latest_only_with_trigger.py
[2023-01-03T22:47:22.847+0100] {processor.py:753} INFO - DAG(s) dict_keys(['latest_only_with_trigger']) retrieved from /home/chrisfleig/.local/lib/python3.10/site-packages/airflow/example_dags/example_latest_only_with_trigger.py
[2023-01-03T22:47:22.868+0100] {logging_mixin.py:137} INFO - [2023-01-03T22:47:22.868+0100] {dag.py:2676} INFO - Sync 1 DAGs
[2023-01-03T22:47:22.885+0100] {logging_mixin.py:137} INFO - [2023-01-03T22:47:22.885+0100] {dag.py:3423} INFO - Setting next_dagrun for latest_only_with_trigger to 2023-01-03T17:47:22.885312+00:00, run_after=2023-01-03T21:47:22.885312+00:00
[2023-01-03T22:47:22.920+0100] {processor.py:175} INFO - Processing /home/chrisfleig/.local/lib/python3.10/site-packages/airflow/example_dags/example_latest_only_with_trigger.py took 0.089 seconds
[2023-01-03T22:48:01.642+0100] {processor.py:153} INFO - Started process (PID=9534) to work on /home/chrisfleig/.local/lib/python3.10/site-packages/airflow/example_dags/example_latest_only_with_trigger.py
[2023-01-03T22:48:01.643+0100] {processor.py:743} INFO - Processing file /home/chrisfleig/.local/lib/python3.10/site-packages/airflow/example_dags/example_latest_only_with_trigger.py for tasks to queue
[2023-01-03T22:48:01.644+0100] {logging_mixin.py:137} INFO - [2023-01-03T22:48:01.644+0100] {dagbag.py:538} INFO - Filling up the DagBag from /home/chrisfleig/.local/lib/python3.10/site-packages/airflow/example_dags/example_latest_only_with_trigger.py
[2023-01-03T22:48:01.660+0100] {processor.py:753} INFO - DAG(s) dict_keys(['latest_only_with_trigger']) retrieved from /home/chrisfleig/.local/lib/python3.10/site-packages/airflow/example_dags/example_latest_only_with_trigger.py
[2023-01-03T22:48:01.687+0100] {logging_mixin.py:137} INFO - [2023-01-03T22:48:01.687+0100] {dag.py:2676} INFO - Sync 1 DAGs
[2023-01-03T22:48:01.709+0100] {logging_mixin.py:137} INFO - [2023-01-03T22:48:01.708+0100] {dag.py:3423} INFO - Setting next_dagrun for latest_only_with_trigger to 2023-01-03T17:48:01.708523+00:00, run_after=2023-01-03T21:48:01.708523+00:00
[2023-01-03T22:48:01.747+0100] {processor.py:175} INFO - Processing /home/chrisfleig/.local/lib/python3.10/site-packages/airflow/example_dags/example_latest_only_with_trigger.py took 0.109 seconds
[2023-01-03T22:48:42.766+0100] {processor.py:153} INFO - Started process (PID=9572) to work on /home/chrisfleig/.local/lib/python3.10/site-packages/airflow/example_dags/example_latest_only_with_trigger.py
[2023-01-03T22:48:42.770+0100] {processor.py:743} INFO - Processing file /home/chrisfleig/.local/lib/python3.10/site-packages/airflow/example_dags/example_latest_only_with_trigger.py for tasks to queue
[2023-01-03T22:48:42.771+0100] {logging_mixin.py:137} INFO - [2023-01-03T22:48:42.771+0100] {dagbag.py:538} INFO - Filling up the DagBag from /home/chrisfleig/.local/lib/python3.10/site-packages/airflow/example_dags/example_latest_only_with_trigger.py
[2023-01-03T22:48:42.788+0100] {processor.py:753} INFO - DAG(s) dict_keys(['latest_only_with_trigger']) retrieved from /home/chrisfleig/.local/lib/python3.10/site-packages/airflow/example_dags/example_latest_only_with_trigger.py
[2023-01-03T22:48:42.823+0100] {logging_mixin.py:137} INFO - [2023-01-03T22:48:42.823+0100] {dag.py:2676} INFO - Sync 1 DAGs
[2023-01-03T22:48:42.875+0100] {logging_mixin.py:137} INFO - [2023-01-03T22:48:42.874+0100] {dag.py:3423} INFO - Setting next_dagrun for latest_only_with_trigger to 2023-01-03T17:48:42.874394+00:00, run_after=2023-01-03T21:48:42.874394+00:00
[2023-01-03T22:48:42.986+0100] {processor.py:175} INFO - Processing /home/chrisfleig/.local/lib/python3.10/site-packages/airflow/example_dags/example_latest_only_with_trigger.py took 0.223 seconds
[2023-01-03T22:49:23.318+0100] {processor.py:153} INFO - Started process (PID=9610) to work on /home/chrisfleig/.local/lib/python3.10/site-packages/airflow/example_dags/example_latest_only_with_trigger.py
[2023-01-03T22:49:23.319+0100] {processor.py:743} INFO - Processing file /home/chrisfleig/.local/lib/python3.10/site-packages/airflow/example_dags/example_latest_only_with_trigger.py for tasks to queue
[2023-01-03T22:49:23.319+0100] {logging_mixin.py:137} INFO - [2023-01-03T22:49:23.319+0100] {dagbag.py:538} INFO - Filling up the DagBag from /home/chrisfleig/.local/lib/python3.10/site-packages/airflow/example_dags/example_latest_only_with_trigger.py
[2023-01-03T22:49:23.330+0100] {processor.py:753} INFO - DAG(s) dict_keys(['latest_only_with_trigger']) retrieved from /home/chrisfleig/.local/lib/python3.10/site-packages/airflow/example_dags/example_latest_only_with_trigger.py
[2023-01-03T22:49:23.350+0100] {logging_mixin.py:137} INFO - [2023-01-03T22:49:23.350+0100] {dag.py:2676} INFO - Sync 1 DAGs
[2023-01-03T22:49:23.367+0100] {logging_mixin.py:137} INFO - [2023-01-03T22:49:23.367+0100] {dag.py:3423} INFO - Setting next_dagrun for latest_only_with_trigger to 2023-01-03T17:49:23.367392+00:00, run_after=2023-01-03T21:49:23.367392+00:00
[2023-01-03T22:49:23.402+0100] {processor.py:175} INFO - Processing /home/chrisfleig/.local/lib/python3.10/site-packages/airflow/example_dags/example_latest_only_with_trigger.py took 0.088 seconds
[2023-01-03T22:50:02.495+0100] {processor.py:153} INFO - Started process (PID=9648) to work on /home/chrisfleig/.local/lib/python3.10/site-packages/airflow/example_dags/example_latest_only_with_trigger.py
[2023-01-03T22:50:02.496+0100] {processor.py:743} INFO - Processing file /home/chrisfleig/.local/lib/python3.10/site-packages/airflow/example_dags/example_latest_only_with_trigger.py for tasks to queue
[2023-01-03T22:50:02.496+0100] {logging_mixin.py:137} INFO - [2023-01-03T22:50:02.496+0100] {dagbag.py:538} INFO - Filling up the DagBag from /home/chrisfleig/.local/lib/python3.10/site-packages/airflow/example_dags/example_latest_only_with_trigger.py
[2023-01-03T22:50:02.509+0100] {processor.py:753} INFO - DAG(s) dict_keys(['latest_only_with_trigger']) retrieved from /home/chrisfleig/.local/lib/python3.10/site-packages/airflow/example_dags/example_latest_only_with_trigger.py
[2023-01-03T22:50:02.529+0100] {logging_mixin.py:137} INFO - [2023-01-03T22:50:02.529+0100] {dag.py:2676} INFO - Sync 1 DAGs
[2023-01-03T22:50:02.546+0100] {logging_mixin.py:137} INFO - [2023-01-03T22:50:02.546+0100] {dag.py:3423} INFO - Setting next_dagrun for latest_only_with_trigger to 2023-01-03T17:50:02.546380+00:00, run_after=2023-01-03T21:50:02.546380+00:00
[2023-01-03T22:50:02.584+0100] {processor.py:175} INFO - Processing /home/chrisfleig/.local/lib/python3.10/site-packages/airflow/example_dags/example_latest_only_with_trigger.py took 0.092 seconds
[2023-01-03T22:50:41.815+0100] {processor.py:153} INFO - Started process (PID=9686) to work on /home/chrisfleig/.local/lib/python3.10/site-packages/airflow/example_dags/example_latest_only_with_trigger.py
[2023-01-03T22:50:41.816+0100] {processor.py:743} INFO - Processing file /home/chrisfleig/.local/lib/python3.10/site-packages/airflow/example_dags/example_latest_only_with_trigger.py for tasks to queue
[2023-01-03T22:50:41.816+0100] {logging_mixin.py:137} INFO - [2023-01-03T22:50:41.816+0100] {dagbag.py:538} INFO - Filling up the DagBag from /home/chrisfleig/.local/lib/python3.10/site-packages/airflow/example_dags/example_latest_only_with_trigger.py
[2023-01-03T22:50:41.828+0100] {processor.py:753} INFO - DAG(s) dict_keys(['latest_only_with_trigger']) retrieved from /home/chrisfleig/.local/lib/python3.10/site-packages/airflow/example_dags/example_latest_only_with_trigger.py
[2023-01-03T22:50:41.848+0100] {logging_mixin.py:137} INFO - [2023-01-03T22:50:41.848+0100] {dag.py:2676} INFO - Sync 1 DAGs
[2023-01-03T22:50:41.865+0100] {logging_mixin.py:137} INFO - [2023-01-03T22:50:41.865+0100] {dag.py:3423} INFO - Setting next_dagrun for latest_only_with_trigger to 2023-01-03T17:50:41.865575+00:00, run_after=2023-01-03T21:50:41.865575+00:00
[2023-01-03T22:50:41.900+0100] {processor.py:175} INFO - Processing /home/chrisfleig/.local/lib/python3.10/site-packages/airflow/example_dags/example_latest_only_with_trigger.py took 0.088 seconds
[2023-01-03T22:51:20.565+0100] {processor.py:153} INFO - Started process (PID=9724) to work on /home/chrisfleig/.local/lib/python3.10/site-packages/airflow/example_dags/example_latest_only_with_trigger.py
[2023-01-03T22:51:20.566+0100] {processor.py:743} INFO - Processing file /home/chrisfleig/.local/lib/python3.10/site-packages/airflow/example_dags/example_latest_only_with_trigger.py for tasks to queue
[2023-01-03T22:51:20.566+0100] {logging_mixin.py:137} INFO - [2023-01-03T22:51:20.566+0100] {dagbag.py:538} INFO - Filling up the DagBag from /home/chrisfleig/.local/lib/python3.10/site-packages/airflow/example_dags/example_latest_only_with_trigger.py
[2023-01-03T22:51:20.579+0100] {processor.py:753} INFO - DAG(s) dict_keys(['latest_only_with_trigger']) retrieved from /home/chrisfleig/.local/lib/python3.10/site-packages/airflow/example_dags/example_latest_only_with_trigger.py
[2023-01-03T22:51:20.601+0100] {logging_mixin.py:137} INFO - [2023-01-03T22:51:20.601+0100] {dag.py:2676} INFO - Sync 1 DAGs
[2023-01-03T22:51:20.617+0100] {logging_mixin.py:137} INFO - [2023-01-03T22:51:20.617+0100] {dag.py:3423} INFO - Setting next_dagrun for latest_only_with_trigger to 2023-01-03T17:51:20.617090+00:00, run_after=2023-01-03T21:51:20.617090+00:00
[2023-01-03T22:51:20.651+0100] {processor.py:175} INFO - Processing /home/chrisfleig/.local/lib/python3.10/site-packages/airflow/example_dags/example_latest_only_with_trigger.py took 0.090 seconds
[2023-01-03T22:51:59.915+0100] {processor.py:153} INFO - Started process (PID=9762) to work on /home/chrisfleig/.local/lib/python3.10/site-packages/airflow/example_dags/example_latest_only_with_trigger.py
[2023-01-03T22:51:59.916+0100] {processor.py:743} INFO - Processing file /home/chrisfleig/.local/lib/python3.10/site-packages/airflow/example_dags/example_latest_only_with_trigger.py for tasks to queue
[2023-01-03T22:51:59.917+0100] {logging_mixin.py:137} INFO - [2023-01-03T22:51:59.917+0100] {dagbag.py:538} INFO - Filling up the DagBag from /home/chrisfleig/.local/lib/python3.10/site-packages/airflow/example_dags/example_latest_only_with_trigger.py
[2023-01-03T22:51:59.929+0100] {processor.py:753} INFO - DAG(s) dict_keys(['latest_only_with_trigger']) retrieved from /home/chrisfleig/.local/lib/python3.10/site-packages/airflow/example_dags/example_latest_only_with_trigger.py
[2023-01-03T22:51:59.949+0100] {logging_mixin.py:137} INFO - [2023-01-03T22:51:59.949+0100] {dag.py:2676} INFO - Sync 1 DAGs
[2023-01-03T22:51:59.967+0100] {logging_mixin.py:137} INFO - [2023-01-03T22:51:59.966+0100] {dag.py:3423} INFO - Setting next_dagrun for latest_only_with_trigger to 2023-01-03T17:51:59.966580+00:00, run_after=2023-01-03T21:51:59.966580+00:00
[2023-01-03T22:52:00.001+0100] {processor.py:175} INFO - Processing /home/chrisfleig/.local/lib/python3.10/site-packages/airflow/example_dags/example_latest_only_with_trigger.py took 0.088 seconds
[2023-01-03T22:52:41.408+0100] {processor.py:153} INFO - Started process (PID=9800) to work on /home/chrisfleig/.local/lib/python3.10/site-packages/airflow/example_dags/example_latest_only_with_trigger.py
[2023-01-03T22:52:41.409+0100] {processor.py:743} INFO - Processing file /home/chrisfleig/.local/lib/python3.10/site-packages/airflow/example_dags/example_latest_only_with_trigger.py for tasks to queue
[2023-01-03T22:52:41.410+0100] {logging_mixin.py:137} INFO - [2023-01-03T22:52:41.410+0100] {dagbag.py:538} INFO - Filling up the DagBag from /home/chrisfleig/.local/lib/python3.10/site-packages/airflow/example_dags/example_latest_only_with_trigger.py
[2023-01-03T22:52:41.422+0100] {processor.py:753} INFO - DAG(s) dict_keys(['latest_only_with_trigger']) retrieved from /home/chrisfleig/.local/lib/python3.10/site-packages/airflow/example_dags/example_latest_only_with_trigger.py
[2023-01-03T22:52:41.442+0100] {logging_mixin.py:137} INFO - [2023-01-03T22:52:41.442+0100] {dag.py:2676} INFO - Sync 1 DAGs
[2023-01-03T22:52:41.458+0100] {logging_mixin.py:137} INFO - [2023-01-03T22:52:41.458+0100] {dag.py:3423} INFO - Setting next_dagrun for latest_only_with_trigger to 2023-01-03T17:52:41.458572+00:00, run_after=2023-01-03T21:52:41.458572+00:00
[2023-01-03T22:52:41.494+0100] {processor.py:175} INFO - Processing /home/chrisfleig/.local/lib/python3.10/site-packages/airflow/example_dags/example_latest_only_with_trigger.py took 0.088 seconds
[2023-01-03T22:53:19.660+0100] {processor.py:153} INFO - Started process (PID=9838) to work on /home/chrisfleig/.local/lib/python3.10/site-packages/airflow/example_dags/example_latest_only_with_trigger.py
[2023-01-03T22:53:19.662+0100] {processor.py:743} INFO - Processing file /home/chrisfleig/.local/lib/python3.10/site-packages/airflow/example_dags/example_latest_only_with_trigger.py for tasks to queue
[2023-01-03T22:53:19.662+0100] {logging_mixin.py:137} INFO - [2023-01-03T22:53:19.662+0100] {dagbag.py:538} INFO - Filling up the DagBag from /home/chrisfleig/.local/lib/python3.10/site-packages/airflow/example_dags/example_latest_only_with_trigger.py
[2023-01-03T22:53:19.675+0100] {processor.py:753} INFO - DAG(s) dict_keys(['latest_only_with_trigger']) retrieved from /home/chrisfleig/.local/lib/python3.10/site-packages/airflow/example_dags/example_latest_only_with_trigger.py
[2023-01-03T22:53:19.696+0100] {logging_mixin.py:137} INFO - [2023-01-03T22:53:19.696+0100] {dag.py:2676} INFO - Sync 1 DAGs
[2023-01-03T22:53:19.713+0100] {logging_mixin.py:137} INFO - [2023-01-03T22:53:19.713+0100] {dag.py:3423} INFO - Setting next_dagrun for latest_only_with_trigger to 2023-01-03T17:53:19.713625+00:00, run_after=2023-01-03T21:53:19.713625+00:00
[2023-01-03T22:53:19.752+0100] {processor.py:175} INFO - Processing /home/chrisfleig/.local/lib/python3.10/site-packages/airflow/example_dags/example_latest_only_with_trigger.py took 0.095 seconds
[2023-01-03T22:54:00.870+0100] {processor.py:153} INFO - Started process (PID=9881) to work on /home/chrisfleig/.local/lib/python3.10/site-packages/airflow/example_dags/example_latest_only_with_trigger.py
[2023-01-03T22:54:00.873+0100] {processor.py:743} INFO - Processing file /home/chrisfleig/.local/lib/python3.10/site-packages/airflow/example_dags/example_latest_only_with_trigger.py for tasks to queue
[2023-01-03T22:54:00.882+0100] {logging_mixin.py:137} INFO - [2023-01-03T22:54:00.882+0100] {dagbag.py:538} INFO - Filling up the DagBag from /home/chrisfleig/.local/lib/python3.10/site-packages/airflow/example_dags/example_latest_only_with_trigger.py
[2023-01-03T22:54:00.924+0100] {processor.py:753} INFO - DAG(s) dict_keys(['latest_only_with_trigger']) retrieved from /home/chrisfleig/.local/lib/python3.10/site-packages/airflow/example_dags/example_latest_only_with_trigger.py
[2023-01-03T22:54:01.012+0100] {logging_mixin.py:137} INFO - [2023-01-03T22:54:01.012+0100] {dag.py:2676} INFO - Sync 1 DAGs
[2023-01-03T22:54:01.096+0100] {logging_mixin.py:137} INFO - [2023-01-03T22:54:01.096+0100] {dag.py:3423} INFO - Setting next_dagrun for latest_only_with_trigger to 2023-01-03T17:54:01.095953+00:00, run_after=2023-01-03T21:54:01.095953+00:00
[2023-01-03T22:54:01.214+0100] {processor.py:175} INFO - Processing /home/chrisfleig/.local/lib/python3.10/site-packages/airflow/example_dags/example_latest_only_with_trigger.py took 0.348 seconds
[2023-01-03T22:54:44.717+0100] {processor.py:153} INFO - Started process (PID=9921) to work on /home/chrisfleig/.local/lib/python3.10/site-packages/airflow/example_dags/example_latest_only_with_trigger.py
[2023-01-03T22:54:44.718+0100] {processor.py:743} INFO - Processing file /home/chrisfleig/.local/lib/python3.10/site-packages/airflow/example_dags/example_latest_only_with_trigger.py for tasks to queue
[2023-01-03T22:54:44.719+0100] {logging_mixin.py:137} INFO - [2023-01-03T22:54:44.719+0100] {dagbag.py:538} INFO - Filling up the DagBag from /home/chrisfleig/.local/lib/python3.10/site-packages/airflow/example_dags/example_latest_only_with_trigger.py
[2023-01-03T22:54:44.736+0100] {processor.py:753} INFO - DAG(s) dict_keys(['latest_only_with_trigger']) retrieved from /home/chrisfleig/.local/lib/python3.10/site-packages/airflow/example_dags/example_latest_only_with_trigger.py
[2023-01-03T22:54:44.776+0100] {logging_mixin.py:137} INFO - [2023-01-03T22:54:44.776+0100] {dag.py:2676} INFO - Sync 1 DAGs
[2023-01-03T22:54:44.797+0100] {logging_mixin.py:137} INFO - [2023-01-03T22:54:44.797+0100] {dag.py:3423} INFO - Setting next_dagrun for latest_only_with_trigger to 2023-01-03T17:54:44.797361+00:00, run_after=2023-01-03T21:54:44.797361+00:00
[2023-01-03T22:54:44.838+0100] {processor.py:175} INFO - Processing /home/chrisfleig/.local/lib/python3.10/site-packages/airflow/example_dags/example_latest_only_with_trigger.py took 0.126 seconds
[2023-01-03T22:55:26.346+0100] {processor.py:153} INFO - Started process (PID=9959) to work on /home/chrisfleig/.local/lib/python3.10/site-packages/airflow/example_dags/example_latest_only_with_trigger.py
[2023-01-03T22:55:26.372+0100] {processor.py:743} INFO - Processing file /home/chrisfleig/.local/lib/python3.10/site-packages/airflow/example_dags/example_latest_only_with_trigger.py for tasks to queue
[2023-01-03T22:55:26.373+0100] {logging_mixin.py:137} INFO - [2023-01-03T22:55:26.373+0100] {dagbag.py:538} INFO - Filling up the DagBag from /home/chrisfleig/.local/lib/python3.10/site-packages/airflow/example_dags/example_latest_only_with_trigger.py
[2023-01-03T22:55:26.398+0100] {processor.py:753} INFO - DAG(s) dict_keys(['latest_only_with_trigger']) retrieved from /home/chrisfleig/.local/lib/python3.10/site-packages/airflow/example_dags/example_latest_only_with_trigger.py
[2023-01-03T22:55:26.456+0100] {logging_mixin.py:137} INFO - [2023-01-03T22:55:26.455+0100] {dag.py:2676} INFO - Sync 1 DAGs
[2023-01-03T22:55:26.524+0100] {logging_mixin.py:137} INFO - [2023-01-03T22:55:26.523+0100] {dag.py:3423} INFO - Setting next_dagrun for latest_only_with_trigger to 2023-01-03T17:55:26.523729+00:00, run_after=2023-01-03T21:55:26.523729+00:00
[2023-01-03T22:55:26.565+0100] {processor.py:175} INFO - Processing /home/chrisfleig/.local/lib/python3.10/site-packages/airflow/example_dags/example_latest_only_with_trigger.py took 0.222 seconds
[2023-01-03T22:56:09.359+0100] {processor.py:153} INFO - Started process (PID=10002) to work on /home/chrisfleig/.local/lib/python3.10/site-packages/airflow/example_dags/example_latest_only_with_trigger.py
[2023-01-03T22:56:09.361+0100] {processor.py:743} INFO - Processing file /home/chrisfleig/.local/lib/python3.10/site-packages/airflow/example_dags/example_latest_only_with_trigger.py for tasks to queue
[2023-01-03T22:56:09.362+0100] {logging_mixin.py:137} INFO - [2023-01-03T22:56:09.362+0100] {dagbag.py:538} INFO - Filling up the DagBag from /home/chrisfleig/.local/lib/python3.10/site-packages/airflow/example_dags/example_latest_only_with_trigger.py
[2023-01-03T22:56:09.376+0100] {processor.py:753} INFO - DAG(s) dict_keys(['latest_only_with_trigger']) retrieved from /home/chrisfleig/.local/lib/python3.10/site-packages/airflow/example_dags/example_latest_only_with_trigger.py
[2023-01-03T22:56:09.412+0100] {logging_mixin.py:137} INFO - [2023-01-03T22:56:09.412+0100] {dag.py:2676} INFO - Sync 1 DAGs
[2023-01-03T22:56:09.434+0100] {logging_mixin.py:137} INFO - [2023-01-03T22:56:09.434+0100] {dag.py:3423} INFO - Setting next_dagrun for latest_only_with_trigger to 2023-01-03T17:56:09.434111+00:00, run_after=2023-01-03T21:56:09.434111+00:00
[2023-01-03T22:56:09.479+0100] {processor.py:175} INFO - Processing /home/chrisfleig/.local/lib/python3.10/site-packages/airflow/example_dags/example_latest_only_with_trigger.py took 0.125 seconds
[2023-01-03T22:56:51.571+0100] {processor.py:153} INFO - Started process (PID=10041) to work on /home/chrisfleig/.local/lib/python3.10/site-packages/airflow/example_dags/example_latest_only_with_trigger.py
[2023-01-03T22:56:51.572+0100] {processor.py:743} INFO - Processing file /home/chrisfleig/.local/lib/python3.10/site-packages/airflow/example_dags/example_latest_only_with_trigger.py for tasks to queue
[2023-01-03T22:56:51.573+0100] {logging_mixin.py:137} INFO - [2023-01-03T22:56:51.573+0100] {dagbag.py:538} INFO - Filling up the DagBag from /home/chrisfleig/.local/lib/python3.10/site-packages/airflow/example_dags/example_latest_only_with_trigger.py
[2023-01-03T22:56:51.587+0100] {processor.py:753} INFO - DAG(s) dict_keys(['latest_only_with_trigger']) retrieved from /home/chrisfleig/.local/lib/python3.10/site-packages/airflow/example_dags/example_latest_only_with_trigger.py
[2023-01-03T22:56:51.612+0100] {logging_mixin.py:137} INFO - [2023-01-03T22:56:51.612+0100] {dag.py:2676} INFO - Sync 1 DAGs
[2023-01-03T22:56:51.634+0100] {logging_mixin.py:137} INFO - [2023-01-03T22:56:51.633+0100] {dag.py:3423} INFO - Setting next_dagrun for latest_only_with_trigger to 2023-01-03T17:56:51.633747+00:00, run_after=2023-01-03T21:56:51.633747+00:00
[2023-01-03T22:56:51.675+0100] {processor.py:175} INFO - Processing /home/chrisfleig/.local/lib/python3.10/site-packages/airflow/example_dags/example_latest_only_with_trigger.py took 0.107 seconds
