[2023-01-03T22:10:51.877+0100] {processor.py:153} INFO - Started process (PID=8191) to work on /home/chrisfleig/.local/lib/python3.10/site-packages/airflow/example_dags/example_sensor_decorator.py
[2023-01-03T22:10:51.877+0100] {processor.py:743} INFO - Processing file /home/chrisfleig/.local/lib/python3.10/site-packages/airflow/example_dags/example_sensor_decorator.py for tasks to queue
[2023-01-03T22:10:51.878+0100] {logging_mixin.py:137} INFO - [2023-01-03T22:10:51.878+0100] {dagbag.py:538} INFO - Filling up the DagBag from /home/chrisfleig/.local/lib/python3.10/site-packages/airflow/example_dags/example_sensor_decorator.py
[2023-01-03T22:10:51.894+0100] {logging_mixin.py:137} WARNING - /home/chrisfleig/.local/lib/python3.10/site-packages/airflow/models/dag.py:3492 RemovedInAirflow3Warning: Param `schedule_interval` is deprecated and will be removed in a future release. Please use `schedule` instead.
[2023-01-03T22:10:51.901+0100] {processor.py:753} INFO - DAG(s) dict_keys(['example_sensor_decorator']) retrieved from /home/chrisfleig/.local/lib/python3.10/site-packages/airflow/example_dags/example_sensor_decorator.py
[2023-01-03T22:10:52.024+0100] {logging_mixin.py:137} INFO - [2023-01-03T22:10:52.024+0100] {manager.py:504} INFO - Created Permission View: can edit on DAG:example_sensor_decorator
[2023-01-03T22:10:52.048+0100] {logging_mixin.py:137} INFO - [2023-01-03T22:10:52.048+0100] {manager.py:504} INFO - Created Permission View: can delete on DAG:example_sensor_decorator
[2023-01-03T22:10:52.070+0100] {logging_mixin.py:137} INFO - [2023-01-03T22:10:52.070+0100] {manager.py:504} INFO - Created Permission View: can read on DAG:example_sensor_decorator
[2023-01-03T22:10:52.071+0100] {logging_mixin.py:137} INFO - [2023-01-03T22:10:52.071+0100] {dag.py:2676} INFO - Sync 1 DAGs
[2023-01-03T22:10:52.079+0100] {logging_mixin.py:137} INFO - [2023-01-03T22:10:52.079+0100] {dag.py:2697} INFO - Creating ORM DAG for example_sensor_decorator
[2023-01-03T22:10:52.086+0100] {logging_mixin.py:137} INFO - [2023-01-03T22:10:52.086+0100] {dag.py:3423} INFO - Setting next_dagrun for example_sensor_decorator to None, run_after=None
[2023-01-03T22:10:52.125+0100] {processor.py:175} INFO - Processing /home/chrisfleig/.local/lib/python3.10/site-packages/airflow/example_dags/example_sensor_decorator.py took 0.251 seconds
[2023-01-03T22:11:37.242+0100] {processor.py:153} INFO - Started process (PID=8229) to work on /home/chrisfleig/.local/lib/python3.10/site-packages/airflow/example_dags/example_sensor_decorator.py
[2023-01-03T22:11:37.243+0100] {processor.py:743} INFO - Processing file /home/chrisfleig/.local/lib/python3.10/site-packages/airflow/example_dags/example_sensor_decorator.py for tasks to queue
[2023-01-03T22:11:37.243+0100] {logging_mixin.py:137} INFO - [2023-01-03T22:11:37.243+0100] {dagbag.py:538} INFO - Filling up the DagBag from /home/chrisfleig/.local/lib/python3.10/site-packages/airflow/example_dags/example_sensor_decorator.py
[2023-01-03T22:11:37.273+0100] {logging_mixin.py:137} WARNING - /home/chrisfleig/.local/lib/python3.10/site-packages/airflow/models/dag.py:3492 RemovedInAirflow3Warning: Param `schedule_interval` is deprecated and will be removed in a future release. Please use `schedule` instead.
[2023-01-03T22:11:37.285+0100] {processor.py:753} INFO - DAG(s) dict_keys(['example_sensor_decorator']) retrieved from /home/chrisfleig/.local/lib/python3.10/site-packages/airflow/example_dags/example_sensor_decorator.py
[2023-01-03T22:11:37.317+0100] {logging_mixin.py:137} INFO - [2023-01-03T22:11:37.316+0100] {dag.py:2676} INFO - Sync 1 DAGs
[2023-01-03T22:11:37.338+0100] {logging_mixin.py:137} INFO - [2023-01-03T22:11:37.337+0100] {dag.py:3423} INFO - Setting next_dagrun for example_sensor_decorator to None, run_after=None
[2023-01-03T22:11:37.372+0100] {processor.py:175} INFO - Processing /home/chrisfleig/.local/lib/python3.10/site-packages/airflow/example_dags/example_sensor_decorator.py took 0.133 seconds
[2023-01-03T22:12:15.745+0100] {processor.py:153} INFO - Started process (PID=8267) to work on /home/chrisfleig/.local/lib/python3.10/site-packages/airflow/example_dags/example_sensor_decorator.py
[2023-01-03T22:12:15.746+0100] {processor.py:743} INFO - Processing file /home/chrisfleig/.local/lib/python3.10/site-packages/airflow/example_dags/example_sensor_decorator.py for tasks to queue
[2023-01-03T22:12:15.746+0100] {logging_mixin.py:137} INFO - [2023-01-03T22:12:15.746+0100] {dagbag.py:538} INFO - Filling up the DagBag from /home/chrisfleig/.local/lib/python3.10/site-packages/airflow/example_dags/example_sensor_decorator.py
[2023-01-03T22:12:15.762+0100] {logging_mixin.py:137} WARNING - /home/chrisfleig/.local/lib/python3.10/site-packages/airflow/models/dag.py:3492 RemovedInAirflow3Warning: Param `schedule_interval` is deprecated and will be removed in a future release. Please use `schedule` instead.
[2023-01-03T22:12:15.770+0100] {processor.py:753} INFO - DAG(s) dict_keys(['example_sensor_decorator']) retrieved from /home/chrisfleig/.local/lib/python3.10/site-packages/airflow/example_dags/example_sensor_decorator.py
[2023-01-03T22:12:15.791+0100] {logging_mixin.py:137} INFO - [2023-01-03T22:12:15.791+0100] {dag.py:2676} INFO - Sync 1 DAGs
[2023-01-03T22:12:15.807+0100] {logging_mixin.py:137} INFO - [2023-01-03T22:12:15.807+0100] {dag.py:3423} INFO - Setting next_dagrun for example_sensor_decorator to None, run_after=None
[2023-01-03T22:12:15.848+0100] {processor.py:175} INFO - Processing /home/chrisfleig/.local/lib/python3.10/site-packages/airflow/example_dags/example_sensor_decorator.py took 0.105 seconds
[2023-01-03T22:12:55.453+0100] {processor.py:153} INFO - Started process (PID=8305) to work on /home/chrisfleig/.local/lib/python3.10/site-packages/airflow/example_dags/example_sensor_decorator.py
[2023-01-03T22:12:55.454+0100] {processor.py:743} INFO - Processing file /home/chrisfleig/.local/lib/python3.10/site-packages/airflow/example_dags/example_sensor_decorator.py for tasks to queue
[2023-01-03T22:12:55.455+0100] {logging_mixin.py:137} INFO - [2023-01-03T22:12:55.455+0100] {dagbag.py:538} INFO - Filling up the DagBag from /home/chrisfleig/.local/lib/python3.10/site-packages/airflow/example_dags/example_sensor_decorator.py
[2023-01-03T22:12:55.471+0100] {logging_mixin.py:137} WARNING - /home/chrisfleig/.local/lib/python3.10/site-packages/airflow/models/dag.py:3492 RemovedInAirflow3Warning: Param `schedule_interval` is deprecated and will be removed in a future release. Please use `schedule` instead.
[2023-01-03T22:12:55.477+0100] {processor.py:753} INFO - DAG(s) dict_keys(['example_sensor_decorator']) retrieved from /home/chrisfleig/.local/lib/python3.10/site-packages/airflow/example_dags/example_sensor_decorator.py
[2023-01-03T22:12:55.497+0100] {logging_mixin.py:137} INFO - [2023-01-03T22:12:55.497+0100] {dag.py:2676} INFO - Sync 1 DAGs
[2023-01-03T22:12:55.512+0100] {logging_mixin.py:137} INFO - [2023-01-03T22:12:55.512+0100] {dag.py:3423} INFO - Setting next_dagrun for example_sensor_decorator to None, run_after=None
[2023-01-03T22:12:55.553+0100] {processor.py:175} INFO - Processing /home/chrisfleig/.local/lib/python3.10/site-packages/airflow/example_dags/example_sensor_decorator.py took 0.102 seconds
[2023-01-03T22:13:34.622+0100] {processor.py:153} INFO - Started process (PID=8343) to work on /home/chrisfleig/.local/lib/python3.10/site-packages/airflow/example_dags/example_sensor_decorator.py
[2023-01-03T22:13:34.623+0100] {processor.py:743} INFO - Processing file /home/chrisfleig/.local/lib/python3.10/site-packages/airflow/example_dags/example_sensor_decorator.py for tasks to queue
[2023-01-03T22:13:34.624+0100] {logging_mixin.py:137} INFO - [2023-01-03T22:13:34.624+0100] {dagbag.py:538} INFO - Filling up the DagBag from /home/chrisfleig/.local/lib/python3.10/site-packages/airflow/example_dags/example_sensor_decorator.py
[2023-01-03T22:13:34.639+0100] {logging_mixin.py:137} WARNING - /home/chrisfleig/.local/lib/python3.10/site-packages/airflow/models/dag.py:3492 RemovedInAirflow3Warning: Param `schedule_interval` is deprecated and will be removed in a future release. Please use `schedule` instead.
[2023-01-03T22:13:34.645+0100] {processor.py:753} INFO - DAG(s) dict_keys(['example_sensor_decorator']) retrieved from /home/chrisfleig/.local/lib/python3.10/site-packages/airflow/example_dags/example_sensor_decorator.py
[2023-01-03T22:13:34.664+0100] {logging_mixin.py:137} INFO - [2023-01-03T22:13:34.664+0100] {dag.py:2676} INFO - Sync 1 DAGs
[2023-01-03T22:13:34.681+0100] {logging_mixin.py:137} INFO - [2023-01-03T22:13:34.681+0100] {dag.py:3423} INFO - Setting next_dagrun for example_sensor_decorator to None, run_after=None
[2023-01-03T22:13:34.717+0100] {processor.py:175} INFO - Processing /home/chrisfleig/.local/lib/python3.10/site-packages/airflow/example_dags/example_sensor_decorator.py took 0.098 seconds
[2023-01-03T22:14:12.551+0100] {processor.py:153} INFO - Started process (PID=8381) to work on /home/chrisfleig/.local/lib/python3.10/site-packages/airflow/example_dags/example_sensor_decorator.py
[2023-01-03T22:14:12.553+0100] {processor.py:743} INFO - Processing file /home/chrisfleig/.local/lib/python3.10/site-packages/airflow/example_dags/example_sensor_decorator.py for tasks to queue
[2023-01-03T22:14:12.553+0100] {logging_mixin.py:137} INFO - [2023-01-03T22:14:12.553+0100] {dagbag.py:538} INFO - Filling up the DagBag from /home/chrisfleig/.local/lib/python3.10/site-packages/airflow/example_dags/example_sensor_decorator.py
[2023-01-03T22:14:12.574+0100] {logging_mixin.py:137} WARNING - /home/chrisfleig/.local/lib/python3.10/site-packages/airflow/models/dag.py:3492 RemovedInAirflow3Warning: Param `schedule_interval` is deprecated and will be removed in a future release. Please use `schedule` instead.
[2023-01-03T22:14:12.585+0100] {processor.py:753} INFO - DAG(s) dict_keys(['example_sensor_decorator']) retrieved from /home/chrisfleig/.local/lib/python3.10/site-packages/airflow/example_dags/example_sensor_decorator.py
[2023-01-03T22:14:12.616+0100] {logging_mixin.py:137} INFO - [2023-01-03T22:14:12.615+0100] {dag.py:2676} INFO - Sync 1 DAGs
[2023-01-03T22:14:12.644+0100] {logging_mixin.py:137} INFO - [2023-01-03T22:14:12.644+0100] {dag.py:3423} INFO - Setting next_dagrun for example_sensor_decorator to None, run_after=None
[2023-01-03T22:14:12.682+0100] {processor.py:175} INFO - Processing /home/chrisfleig/.local/lib/python3.10/site-packages/airflow/example_dags/example_sensor_decorator.py took 0.133 seconds
[2023-01-03T22:14:52.545+0100] {processor.py:153} INFO - Started process (PID=8419) to work on /home/chrisfleig/.local/lib/python3.10/site-packages/airflow/example_dags/example_sensor_decorator.py
[2023-01-03T22:14:52.546+0100] {processor.py:743} INFO - Processing file /home/chrisfleig/.local/lib/python3.10/site-packages/airflow/example_dags/example_sensor_decorator.py for tasks to queue
[2023-01-03T22:14:52.546+0100] {logging_mixin.py:137} INFO - [2023-01-03T22:14:52.546+0100] {dagbag.py:538} INFO - Filling up the DagBag from /home/chrisfleig/.local/lib/python3.10/site-packages/airflow/example_dags/example_sensor_decorator.py
[2023-01-03T22:14:52.562+0100] {logging_mixin.py:137} WARNING - /home/chrisfleig/.local/lib/python3.10/site-packages/airflow/models/dag.py:3492 RemovedInAirflow3Warning: Param `schedule_interval` is deprecated and will be removed in a future release. Please use `schedule` instead.
[2023-01-03T22:14:52.568+0100] {processor.py:753} INFO - DAG(s) dict_keys(['example_sensor_decorator']) retrieved from /home/chrisfleig/.local/lib/python3.10/site-packages/airflow/example_dags/example_sensor_decorator.py
[2023-01-03T22:14:52.590+0100] {logging_mixin.py:137} INFO - [2023-01-03T22:14:52.590+0100] {dag.py:2676} INFO - Sync 1 DAGs
[2023-01-03T22:14:52.610+0100] {logging_mixin.py:137} INFO - [2023-01-03T22:14:52.610+0100] {dag.py:3423} INFO - Setting next_dagrun for example_sensor_decorator to None, run_after=None
[2023-01-03T22:14:52.648+0100] {processor.py:175} INFO - Processing /home/chrisfleig/.local/lib/python3.10/site-packages/airflow/example_dags/example_sensor_decorator.py took 0.106 seconds
[2023-01-03T22:15:30.369+0100] {processor.py:153} INFO - Started process (PID=8458) to work on /home/chrisfleig/.local/lib/python3.10/site-packages/airflow/example_dags/example_sensor_decorator.py
[2023-01-03T22:15:30.370+0100] {processor.py:743} INFO - Processing file /home/chrisfleig/.local/lib/python3.10/site-packages/airflow/example_dags/example_sensor_decorator.py for tasks to queue
[2023-01-03T22:15:30.371+0100] {logging_mixin.py:137} INFO - [2023-01-03T22:15:30.370+0100] {dagbag.py:538} INFO - Filling up the DagBag from /home/chrisfleig/.local/lib/python3.10/site-packages/airflow/example_dags/example_sensor_decorator.py
[2023-01-03T22:15:30.385+0100] {logging_mixin.py:137} WARNING - /home/chrisfleig/.local/lib/python3.10/site-packages/airflow/models/dag.py:3492 RemovedInAirflow3Warning: Param `schedule_interval` is deprecated and will be removed in a future release. Please use `schedule` instead.
[2023-01-03T22:15:30.391+0100] {processor.py:753} INFO - DAG(s) dict_keys(['example_sensor_decorator']) retrieved from /home/chrisfleig/.local/lib/python3.10/site-packages/airflow/example_dags/example_sensor_decorator.py
[2023-01-03T22:15:30.411+0100] {logging_mixin.py:137} INFO - [2023-01-03T22:15:30.411+0100] {dag.py:2676} INFO - Sync 1 DAGs
[2023-01-03T22:15:30.427+0100] {logging_mixin.py:137} INFO - [2023-01-03T22:15:30.427+0100] {dag.py:3423} INFO - Setting next_dagrun for example_sensor_decorator to None, run_after=None
[2023-01-03T22:15:30.461+0100] {processor.py:175} INFO - Processing /home/chrisfleig/.local/lib/python3.10/site-packages/airflow/example_dags/example_sensor_decorator.py took 0.094 seconds
[2023-01-03T22:31:25.426+0100] {processor.py:153} INFO - Started process (PID=8554) to work on /home/chrisfleig/.local/lib/python3.10/site-packages/airflow/example_dags/example_sensor_decorator.py
[2023-01-03T22:31:25.428+0100] {processor.py:743} INFO - Processing file /home/chrisfleig/.local/lib/python3.10/site-packages/airflow/example_dags/example_sensor_decorator.py for tasks to queue
[2023-01-03T22:31:25.428+0100] {logging_mixin.py:137} INFO - [2023-01-03T22:31:25.428+0100] {dagbag.py:538} INFO - Filling up the DagBag from /home/chrisfleig/.local/lib/python3.10/site-packages/airflow/example_dags/example_sensor_decorator.py
[2023-01-03T22:31:25.442+0100] {logging_mixin.py:137} WARNING - /home/chrisfleig/.local/lib/python3.10/site-packages/airflow/models/dag.py:3492 RemovedInAirflow3Warning: Param `schedule_interval` is deprecated and will be removed in a future release. Please use `schedule` instead.
[2023-01-03T22:31:25.449+0100] {processor.py:753} INFO - DAG(s) dict_keys(['example_sensor_decorator']) retrieved from /home/chrisfleig/.local/lib/python3.10/site-packages/airflow/example_dags/example_sensor_decorator.py
[2023-01-03T22:31:25.458+0100] {logging_mixin.py:137} INFO - [2023-01-03T22:31:25.458+0100] {dag.py:2676} INFO - Sync 1 DAGs
[2023-01-03T22:31:25.475+0100] {logging_mixin.py:137} INFO - [2023-01-03T22:31:25.475+0100] {dag.py:3423} INFO - Setting next_dagrun for example_sensor_decorator to None, run_after=None
[2023-01-03T22:31:25.509+0100] {processor.py:175} INFO - Processing /home/chrisfleig/.local/lib/python3.10/site-packages/airflow/example_dags/example_sensor_decorator.py took 0.085 seconds
[2023-01-03T22:32:06.214+0100] {processor.py:153} INFO - Started process (PID=8592) to work on /home/chrisfleig/.local/lib/python3.10/site-packages/airflow/example_dags/example_sensor_decorator.py
[2023-01-03T22:32:06.215+0100] {processor.py:743} INFO - Processing file /home/chrisfleig/.local/lib/python3.10/site-packages/airflow/example_dags/example_sensor_decorator.py for tasks to queue
[2023-01-03T22:32:06.215+0100] {logging_mixin.py:137} INFO - [2023-01-03T22:32:06.215+0100] {dagbag.py:538} INFO - Filling up the DagBag from /home/chrisfleig/.local/lib/python3.10/site-packages/airflow/example_dags/example_sensor_decorator.py
[2023-01-03T22:32:06.229+0100] {logging_mixin.py:137} WARNING - /home/chrisfleig/.local/lib/python3.10/site-packages/airflow/models/dag.py:3492 RemovedInAirflow3Warning: Param `schedule_interval` is deprecated and will be removed in a future release. Please use `schedule` instead.
[2023-01-03T22:32:06.236+0100] {processor.py:753} INFO - DAG(s) dict_keys(['example_sensor_decorator']) retrieved from /home/chrisfleig/.local/lib/python3.10/site-packages/airflow/example_dags/example_sensor_decorator.py
[2023-01-03T22:32:06.255+0100] {logging_mixin.py:137} INFO - [2023-01-03T22:32:06.255+0100] {dag.py:2676} INFO - Sync 1 DAGs
[2023-01-03T22:32:06.271+0100] {logging_mixin.py:137} INFO - [2023-01-03T22:32:06.271+0100] {dag.py:3423} INFO - Setting next_dagrun for example_sensor_decorator to None, run_after=None
[2023-01-03T22:32:06.306+0100] {processor.py:175} INFO - Processing /home/chrisfleig/.local/lib/python3.10/site-packages/airflow/example_dags/example_sensor_decorator.py took 0.096 seconds
[2023-01-03T22:32:44.301+0100] {processor.py:153} INFO - Started process (PID=8630) to work on /home/chrisfleig/.local/lib/python3.10/site-packages/airflow/example_dags/example_sensor_decorator.py
[2023-01-03T22:32:44.302+0100] {processor.py:743} INFO - Processing file /home/chrisfleig/.local/lib/python3.10/site-packages/airflow/example_dags/example_sensor_decorator.py for tasks to queue
[2023-01-03T22:32:44.303+0100] {logging_mixin.py:137} INFO - [2023-01-03T22:32:44.303+0100] {dagbag.py:538} INFO - Filling up the DagBag from /home/chrisfleig/.local/lib/python3.10/site-packages/airflow/example_dags/example_sensor_decorator.py
[2023-01-03T22:32:44.318+0100] {logging_mixin.py:137} WARNING - /home/chrisfleig/.local/lib/python3.10/site-packages/airflow/models/dag.py:3492 RemovedInAirflow3Warning: Param `schedule_interval` is deprecated and will be removed in a future release. Please use `schedule` instead.
[2023-01-03T22:32:44.324+0100] {processor.py:753} INFO - DAG(s) dict_keys(['example_sensor_decorator']) retrieved from /home/chrisfleig/.local/lib/python3.10/site-packages/airflow/example_dags/example_sensor_decorator.py
[2023-01-03T22:32:44.344+0100] {logging_mixin.py:137} INFO - [2023-01-03T22:32:44.344+0100] {dag.py:2676} INFO - Sync 1 DAGs
[2023-01-03T22:32:44.360+0100] {logging_mixin.py:137} INFO - [2023-01-03T22:32:44.360+0100] {dag.py:3423} INFO - Setting next_dagrun for example_sensor_decorator to None, run_after=None
[2023-01-03T22:32:44.397+0100] {processor.py:175} INFO - Processing /home/chrisfleig/.local/lib/python3.10/site-packages/airflow/example_dags/example_sensor_decorator.py took 0.098 seconds
[2023-01-03T22:33:23.709+0100] {processor.py:153} INFO - Started process (PID=8668) to work on /home/chrisfleig/.local/lib/python3.10/site-packages/airflow/example_dags/example_sensor_decorator.py
[2023-01-03T22:33:23.710+0100] {processor.py:743} INFO - Processing file /home/chrisfleig/.local/lib/python3.10/site-packages/airflow/example_dags/example_sensor_decorator.py for tasks to queue
[2023-01-03T22:33:23.711+0100] {logging_mixin.py:137} INFO - [2023-01-03T22:33:23.711+0100] {dagbag.py:538} INFO - Filling up the DagBag from /home/chrisfleig/.local/lib/python3.10/site-packages/airflow/example_dags/example_sensor_decorator.py
[2023-01-03T22:33:23.734+0100] {logging_mixin.py:137} WARNING - /home/chrisfleig/.local/lib/python3.10/site-packages/airflow/models/dag.py:3492 RemovedInAirflow3Warning: Param `schedule_interval` is deprecated and will be removed in a future release. Please use `schedule` instead.
[2023-01-03T22:33:23.745+0100] {processor.py:753} INFO - DAG(s) dict_keys(['example_sensor_decorator']) retrieved from /home/chrisfleig/.local/lib/python3.10/site-packages/airflow/example_dags/example_sensor_decorator.py
[2023-01-03T22:33:23.780+0100] {logging_mixin.py:137} INFO - [2023-01-03T22:33:23.779+0100] {dag.py:2676} INFO - Sync 1 DAGs
[2023-01-03T22:33:23.800+0100] {logging_mixin.py:137} INFO - [2023-01-03T22:33:23.800+0100] {dag.py:3423} INFO - Setting next_dagrun for example_sensor_decorator to None, run_after=None
[2023-01-03T22:33:23.840+0100] {processor.py:175} INFO - Processing /home/chrisfleig/.local/lib/python3.10/site-packages/airflow/example_dags/example_sensor_decorator.py took 0.135 seconds
[2023-01-03T22:34:02.042+0100] {processor.py:153} INFO - Started process (PID=8706) to work on /home/chrisfleig/.local/lib/python3.10/site-packages/airflow/example_dags/example_sensor_decorator.py
[2023-01-03T22:34:02.043+0100] {processor.py:743} INFO - Processing file /home/chrisfleig/.local/lib/python3.10/site-packages/airflow/example_dags/example_sensor_decorator.py for tasks to queue
[2023-01-03T22:34:02.043+0100] {logging_mixin.py:137} INFO - [2023-01-03T22:34:02.043+0100] {dagbag.py:538} INFO - Filling up the DagBag from /home/chrisfleig/.local/lib/python3.10/site-packages/airflow/example_dags/example_sensor_decorator.py
[2023-01-03T22:34:02.062+0100] {logging_mixin.py:137} WARNING - /home/chrisfleig/.local/lib/python3.10/site-packages/airflow/models/dag.py:3492 RemovedInAirflow3Warning: Param `schedule_interval` is deprecated and will be removed in a future release. Please use `schedule` instead.
[2023-01-03T22:34:02.070+0100] {processor.py:753} INFO - DAG(s) dict_keys(['example_sensor_decorator']) retrieved from /home/chrisfleig/.local/lib/python3.10/site-packages/airflow/example_dags/example_sensor_decorator.py
[2023-01-03T22:34:02.092+0100] {logging_mixin.py:137} INFO - [2023-01-03T22:34:02.092+0100] {dag.py:2676} INFO - Sync 1 DAGs
[2023-01-03T22:34:02.111+0100] {logging_mixin.py:137} INFO - [2023-01-03T22:34:02.110+0100] {dag.py:3423} INFO - Setting next_dagrun for example_sensor_decorator to None, run_after=None
[2023-01-03T22:34:02.156+0100] {processor.py:175} INFO - Processing /home/chrisfleig/.local/lib/python3.10/site-packages/airflow/example_dags/example_sensor_decorator.py took 0.118 seconds
[2023-01-03T22:34:42.090+0100] {processor.py:153} INFO - Started process (PID=8744) to work on /home/chrisfleig/.local/lib/python3.10/site-packages/airflow/example_dags/example_sensor_decorator.py
[2023-01-03T22:34:42.091+0100] {processor.py:743} INFO - Processing file /home/chrisfleig/.local/lib/python3.10/site-packages/airflow/example_dags/example_sensor_decorator.py for tasks to queue
[2023-01-03T22:34:42.092+0100] {logging_mixin.py:137} INFO - [2023-01-03T22:34:42.092+0100] {dagbag.py:538} INFO - Filling up the DagBag from /home/chrisfleig/.local/lib/python3.10/site-packages/airflow/example_dags/example_sensor_decorator.py
[2023-01-03T22:34:42.108+0100] {logging_mixin.py:137} WARNING - /home/chrisfleig/.local/lib/python3.10/site-packages/airflow/models/dag.py:3492 RemovedInAirflow3Warning: Param `schedule_interval` is deprecated and will be removed in a future release. Please use `schedule` instead.
[2023-01-03T22:34:42.115+0100] {processor.py:753} INFO - DAG(s) dict_keys(['example_sensor_decorator']) retrieved from /home/chrisfleig/.local/lib/python3.10/site-packages/airflow/example_dags/example_sensor_decorator.py
[2023-01-03T22:34:42.134+0100] {logging_mixin.py:137} INFO - [2023-01-03T22:34:42.134+0100] {dag.py:2676} INFO - Sync 1 DAGs
[2023-01-03T22:34:42.149+0100] {logging_mixin.py:137} INFO - [2023-01-03T22:34:42.149+0100] {dag.py:3423} INFO - Setting next_dagrun for example_sensor_decorator to None, run_after=None
[2023-01-03T22:34:42.186+0100] {processor.py:175} INFO - Processing /home/chrisfleig/.local/lib/python3.10/site-packages/airflow/example_dags/example_sensor_decorator.py took 0.098 seconds
[2023-01-03T22:35:21.596+0100] {processor.py:153} INFO - Started process (PID=8782) to work on /home/chrisfleig/.local/lib/python3.10/site-packages/airflow/example_dags/example_sensor_decorator.py
[2023-01-03T22:35:21.597+0100] {processor.py:743} INFO - Processing file /home/chrisfleig/.local/lib/python3.10/site-packages/airflow/example_dags/example_sensor_decorator.py for tasks to queue
[2023-01-03T22:35:21.597+0100] {logging_mixin.py:137} INFO - [2023-01-03T22:35:21.597+0100] {dagbag.py:538} INFO - Filling up the DagBag from /home/chrisfleig/.local/lib/python3.10/site-packages/airflow/example_dags/example_sensor_decorator.py
[2023-01-03T22:35:21.612+0100] {logging_mixin.py:137} WARNING - /home/chrisfleig/.local/lib/python3.10/site-packages/airflow/models/dag.py:3492 RemovedInAirflow3Warning: Param `schedule_interval` is deprecated and will be removed in a future release. Please use `schedule` instead.
[2023-01-03T22:35:21.618+0100] {processor.py:753} INFO - DAG(s) dict_keys(['example_sensor_decorator']) retrieved from /home/chrisfleig/.local/lib/python3.10/site-packages/airflow/example_dags/example_sensor_decorator.py
[2023-01-03T22:35:21.637+0100] {logging_mixin.py:137} INFO - [2023-01-03T22:35:21.637+0100] {dag.py:2676} INFO - Sync 1 DAGs
[2023-01-03T22:35:21.654+0100] {logging_mixin.py:137} INFO - [2023-01-03T22:35:21.654+0100] {dag.py:3423} INFO - Setting next_dagrun for example_sensor_decorator to None, run_after=None
[2023-01-03T22:35:21.689+0100] {processor.py:175} INFO - Processing /home/chrisfleig/.local/lib/python3.10/site-packages/airflow/example_dags/example_sensor_decorator.py took 0.095 seconds
[2023-01-03T22:36:00.614+0100] {processor.py:153} INFO - Started process (PID=8820) to work on /home/chrisfleig/.local/lib/python3.10/site-packages/airflow/example_dags/example_sensor_decorator.py
[2023-01-03T22:36:00.615+0100] {processor.py:743} INFO - Processing file /home/chrisfleig/.local/lib/python3.10/site-packages/airflow/example_dags/example_sensor_decorator.py for tasks to queue
[2023-01-03T22:36:00.616+0100] {logging_mixin.py:137} INFO - [2023-01-03T22:36:00.616+0100] {dagbag.py:538} INFO - Filling up the DagBag from /home/chrisfleig/.local/lib/python3.10/site-packages/airflow/example_dags/example_sensor_decorator.py
[2023-01-03T22:36:00.631+0100] {logging_mixin.py:137} WARNING - /home/chrisfleig/.local/lib/python3.10/site-packages/airflow/models/dag.py:3492 RemovedInAirflow3Warning: Param `schedule_interval` is deprecated and will be removed in a future release. Please use `schedule` instead.
[2023-01-03T22:36:00.638+0100] {processor.py:753} INFO - DAG(s) dict_keys(['example_sensor_decorator']) retrieved from /home/chrisfleig/.local/lib/python3.10/site-packages/airflow/example_dags/example_sensor_decorator.py
[2023-01-03T22:36:00.660+0100] {logging_mixin.py:137} INFO - [2023-01-03T22:36:00.660+0100] {dag.py:2676} INFO - Sync 1 DAGs
[2023-01-03T22:36:00.679+0100] {logging_mixin.py:137} INFO - [2023-01-03T22:36:00.679+0100] {dag.py:3423} INFO - Setting next_dagrun for example_sensor_decorator to None, run_after=None
[2023-01-03T22:36:00.714+0100] {processor.py:175} INFO - Processing /home/chrisfleig/.local/lib/python3.10/site-packages/airflow/example_dags/example_sensor_decorator.py took 0.102 seconds
[2023-01-03T22:36:38.579+0100] {processor.py:153} INFO - Started process (PID=8858) to work on /home/chrisfleig/.local/lib/python3.10/site-packages/airflow/example_dags/example_sensor_decorator.py
[2023-01-03T22:36:38.580+0100] {processor.py:743} INFO - Processing file /home/chrisfleig/.local/lib/python3.10/site-packages/airflow/example_dags/example_sensor_decorator.py for tasks to queue
[2023-01-03T22:36:38.581+0100] {logging_mixin.py:137} INFO - [2023-01-03T22:36:38.581+0100] {dagbag.py:538} INFO - Filling up the DagBag from /home/chrisfleig/.local/lib/python3.10/site-packages/airflow/example_dags/example_sensor_decorator.py
[2023-01-03T22:36:38.595+0100] {logging_mixin.py:137} WARNING - /home/chrisfleig/.local/lib/python3.10/site-packages/airflow/models/dag.py:3492 RemovedInAirflow3Warning: Param `schedule_interval` is deprecated and will be removed in a future release. Please use `schedule` instead.
[2023-01-03T22:36:38.602+0100] {processor.py:753} INFO - DAG(s) dict_keys(['example_sensor_decorator']) retrieved from /home/chrisfleig/.local/lib/python3.10/site-packages/airflow/example_dags/example_sensor_decorator.py
[2023-01-03T22:36:38.622+0100] {logging_mixin.py:137} INFO - [2023-01-03T22:36:38.622+0100] {dag.py:2676} INFO - Sync 1 DAGs
[2023-01-03T22:36:38.637+0100] {logging_mixin.py:137} INFO - [2023-01-03T22:36:38.637+0100] {dag.py:3423} INFO - Setting next_dagrun for example_sensor_decorator to None, run_after=None
[2023-01-03T22:36:38.670+0100] {processor.py:175} INFO - Processing /home/chrisfleig/.local/lib/python3.10/site-packages/airflow/example_dags/example_sensor_decorator.py took 0.093 seconds
[2023-01-03T22:37:16.616+0100] {processor.py:153} INFO - Started process (PID=8896) to work on /home/chrisfleig/.local/lib/python3.10/site-packages/airflow/example_dags/example_sensor_decorator.py
[2023-01-03T22:37:16.617+0100] {processor.py:743} INFO - Processing file /home/chrisfleig/.local/lib/python3.10/site-packages/airflow/example_dags/example_sensor_decorator.py for tasks to queue
[2023-01-03T22:37:16.618+0100] {logging_mixin.py:137} INFO - [2023-01-03T22:37:16.618+0100] {dagbag.py:538} INFO - Filling up the DagBag from /home/chrisfleig/.local/lib/python3.10/site-packages/airflow/example_dags/example_sensor_decorator.py
[2023-01-03T22:37:16.633+0100] {logging_mixin.py:137} WARNING - /home/chrisfleig/.local/lib/python3.10/site-packages/airflow/models/dag.py:3492 RemovedInAirflow3Warning: Param `schedule_interval` is deprecated and will be removed in a future release. Please use `schedule` instead.
[2023-01-03T22:37:16.639+0100] {processor.py:753} INFO - DAG(s) dict_keys(['example_sensor_decorator']) retrieved from /home/chrisfleig/.local/lib/python3.10/site-packages/airflow/example_dags/example_sensor_decorator.py
[2023-01-03T22:37:16.658+0100] {logging_mixin.py:137} INFO - [2023-01-03T22:37:16.658+0100] {dag.py:2676} INFO - Sync 1 DAGs
[2023-01-03T22:37:16.674+0100] {logging_mixin.py:137} INFO - [2023-01-03T22:37:16.674+0100] {dag.py:3423} INFO - Setting next_dagrun for example_sensor_decorator to None, run_after=None
[2023-01-03T22:37:16.713+0100] {processor.py:175} INFO - Processing /home/chrisfleig/.local/lib/python3.10/site-packages/airflow/example_dags/example_sensor_decorator.py took 0.099 seconds
[2023-01-03T22:37:54.695+0100] {processor.py:153} INFO - Started process (PID=8934) to work on /home/chrisfleig/.local/lib/python3.10/site-packages/airflow/example_dags/example_sensor_decorator.py
[2023-01-03T22:37:54.696+0100] {processor.py:743} INFO - Processing file /home/chrisfleig/.local/lib/python3.10/site-packages/airflow/example_dags/example_sensor_decorator.py for tasks to queue
[2023-01-03T22:37:54.697+0100] {logging_mixin.py:137} INFO - [2023-01-03T22:37:54.697+0100] {dagbag.py:538} INFO - Filling up the DagBag from /home/chrisfleig/.local/lib/python3.10/site-packages/airflow/example_dags/example_sensor_decorator.py
[2023-01-03T22:37:54.713+0100] {logging_mixin.py:137} WARNING - /home/chrisfleig/.local/lib/python3.10/site-packages/airflow/models/dag.py:3492 RemovedInAirflow3Warning: Param `schedule_interval` is deprecated and will be removed in a future release. Please use `schedule` instead.
[2023-01-03T22:37:54.720+0100] {processor.py:753} INFO - DAG(s) dict_keys(['example_sensor_decorator']) retrieved from /home/chrisfleig/.local/lib/python3.10/site-packages/airflow/example_dags/example_sensor_decorator.py
[2023-01-03T22:37:54.747+0100] {logging_mixin.py:137} INFO - [2023-01-03T22:37:54.747+0100] {dag.py:2676} INFO - Sync 1 DAGs
[2023-01-03T22:37:54.766+0100] {logging_mixin.py:137} INFO - [2023-01-03T22:37:54.765+0100] {dag.py:3423} INFO - Setting next_dagrun for example_sensor_decorator to None, run_after=None
[2023-01-03T22:37:54.804+0100] {processor.py:175} INFO - Processing /home/chrisfleig/.local/lib/python3.10/site-packages/airflow/example_dags/example_sensor_decorator.py took 0.111 seconds
[2023-01-03T22:38:33.355+0100] {processor.py:153} INFO - Started process (PID=8972) to work on /home/chrisfleig/.local/lib/python3.10/site-packages/airflow/example_dags/example_sensor_decorator.py
[2023-01-03T22:38:33.356+0100] {processor.py:743} INFO - Processing file /home/chrisfleig/.local/lib/python3.10/site-packages/airflow/example_dags/example_sensor_decorator.py for tasks to queue
[2023-01-03T22:38:33.356+0100] {logging_mixin.py:137} INFO - [2023-01-03T22:38:33.356+0100] {dagbag.py:538} INFO - Filling up the DagBag from /home/chrisfleig/.local/lib/python3.10/site-packages/airflow/example_dags/example_sensor_decorator.py
[2023-01-03T22:38:33.374+0100] {logging_mixin.py:137} WARNING - /home/chrisfleig/.local/lib/python3.10/site-packages/airflow/models/dag.py:3492 RemovedInAirflow3Warning: Param `schedule_interval` is deprecated and will be removed in a future release. Please use `schedule` instead.
[2023-01-03T22:38:33.380+0100] {processor.py:753} INFO - DAG(s) dict_keys(['example_sensor_decorator']) retrieved from /home/chrisfleig/.local/lib/python3.10/site-packages/airflow/example_dags/example_sensor_decorator.py
[2023-01-03T22:38:33.399+0100] {logging_mixin.py:137} INFO - [2023-01-03T22:38:33.399+0100] {dag.py:2676} INFO - Sync 1 DAGs
[2023-01-03T22:38:33.416+0100] {logging_mixin.py:137} INFO - [2023-01-03T22:38:33.415+0100] {dag.py:3423} INFO - Setting next_dagrun for example_sensor_decorator to None, run_after=None
[2023-01-03T22:38:33.450+0100] {processor.py:175} INFO - Processing /home/chrisfleig/.local/lib/python3.10/site-packages/airflow/example_dags/example_sensor_decorator.py took 0.098 seconds
[2023-01-03T22:39:11.781+0100] {processor.py:153} INFO - Started process (PID=9010) to work on /home/chrisfleig/.local/lib/python3.10/site-packages/airflow/example_dags/example_sensor_decorator.py
[2023-01-03T22:39:11.782+0100] {processor.py:743} INFO - Processing file /home/chrisfleig/.local/lib/python3.10/site-packages/airflow/example_dags/example_sensor_decorator.py for tasks to queue
[2023-01-03T22:39:11.783+0100] {logging_mixin.py:137} INFO - [2023-01-03T22:39:11.783+0100] {dagbag.py:538} INFO - Filling up the DagBag from /home/chrisfleig/.local/lib/python3.10/site-packages/airflow/example_dags/example_sensor_decorator.py
[2023-01-03T22:39:11.798+0100] {logging_mixin.py:137} WARNING - /home/chrisfleig/.local/lib/python3.10/site-packages/airflow/models/dag.py:3492 RemovedInAirflow3Warning: Param `schedule_interval` is deprecated and will be removed in a future release. Please use `schedule` instead.
[2023-01-03T22:39:11.805+0100] {processor.py:753} INFO - DAG(s) dict_keys(['example_sensor_decorator']) retrieved from /home/chrisfleig/.local/lib/python3.10/site-packages/airflow/example_dags/example_sensor_decorator.py
[2023-01-03T22:39:11.824+0100] {logging_mixin.py:137} INFO - [2023-01-03T22:39:11.824+0100] {dag.py:2676} INFO - Sync 1 DAGs
[2023-01-03T22:39:11.840+0100] {logging_mixin.py:137} INFO - [2023-01-03T22:39:11.840+0100] {dag.py:3423} INFO - Setting next_dagrun for example_sensor_decorator to None, run_after=None
[2023-01-03T22:39:11.875+0100] {processor.py:175} INFO - Processing /home/chrisfleig/.local/lib/python3.10/site-packages/airflow/example_dags/example_sensor_decorator.py took 0.096 seconds
[2023-01-03T22:39:52.253+0100] {processor.py:153} INFO - Started process (PID=9048) to work on /home/chrisfleig/.local/lib/python3.10/site-packages/airflow/example_dags/example_sensor_decorator.py
[2023-01-03T22:39:52.254+0100] {processor.py:743} INFO - Processing file /home/chrisfleig/.local/lib/python3.10/site-packages/airflow/example_dags/example_sensor_decorator.py for tasks to queue
[2023-01-03T22:39:52.254+0100] {logging_mixin.py:137} INFO - [2023-01-03T22:39:52.254+0100] {dagbag.py:538} INFO - Filling up the DagBag from /home/chrisfleig/.local/lib/python3.10/site-packages/airflow/example_dags/example_sensor_decorator.py
[2023-01-03T22:39:52.269+0100] {logging_mixin.py:137} WARNING - /home/chrisfleig/.local/lib/python3.10/site-packages/airflow/models/dag.py:3492 RemovedInAirflow3Warning: Param `schedule_interval` is deprecated and will be removed in a future release. Please use `schedule` instead.
[2023-01-03T22:39:52.275+0100] {processor.py:753} INFO - DAG(s) dict_keys(['example_sensor_decorator']) retrieved from /home/chrisfleig/.local/lib/python3.10/site-packages/airflow/example_dags/example_sensor_decorator.py
[2023-01-03T22:39:52.294+0100] {logging_mixin.py:137} INFO - [2023-01-03T22:39:52.294+0100] {dag.py:2676} INFO - Sync 1 DAGs
[2023-01-03T22:39:52.311+0100] {logging_mixin.py:137} INFO - [2023-01-03T22:39:52.311+0100] {dag.py:3423} INFO - Setting next_dagrun for example_sensor_decorator to None, run_after=None
[2023-01-03T22:39:52.350+0100] {processor.py:175} INFO - Processing /home/chrisfleig/.local/lib/python3.10/site-packages/airflow/example_dags/example_sensor_decorator.py took 0.100 seconds
[2023-01-03T22:40:31.323+0100] {processor.py:153} INFO - Started process (PID=9086) to work on /home/chrisfleig/.local/lib/python3.10/site-packages/airflow/example_dags/example_sensor_decorator.py
[2023-01-03T22:40:31.325+0100] {processor.py:743} INFO - Processing file /home/chrisfleig/.local/lib/python3.10/site-packages/airflow/example_dags/example_sensor_decorator.py for tasks to queue
[2023-01-03T22:40:31.325+0100] {logging_mixin.py:137} INFO - [2023-01-03T22:40:31.325+0100] {dagbag.py:538} INFO - Filling up the DagBag from /home/chrisfleig/.local/lib/python3.10/site-packages/airflow/example_dags/example_sensor_decorator.py
[2023-01-03T22:40:31.339+0100] {logging_mixin.py:137} WARNING - /home/chrisfleig/.local/lib/python3.10/site-packages/airflow/models/dag.py:3492 RemovedInAirflow3Warning: Param `schedule_interval` is deprecated and will be removed in a future release. Please use `schedule` instead.
[2023-01-03T22:40:31.346+0100] {processor.py:753} INFO - DAG(s) dict_keys(['example_sensor_decorator']) retrieved from /home/chrisfleig/.local/lib/python3.10/site-packages/airflow/example_dags/example_sensor_decorator.py
[2023-01-03T22:40:31.364+0100] {logging_mixin.py:137} INFO - [2023-01-03T22:40:31.364+0100] {dag.py:2676} INFO - Sync 1 DAGs
[2023-01-03T22:40:31.386+0100] {logging_mixin.py:137} INFO - [2023-01-03T22:40:31.386+0100] {dag.py:3423} INFO - Setting next_dagrun for example_sensor_decorator to None, run_after=None
[2023-01-03T22:40:31.424+0100] {processor.py:175} INFO - Processing /home/chrisfleig/.local/lib/python3.10/site-packages/airflow/example_dags/example_sensor_decorator.py took 0.104 seconds
[2023-01-03T22:41:08.142+0100] {processor.py:153} INFO - Started process (PID=9124) to work on /home/chrisfleig/.local/lib/python3.10/site-packages/airflow/example_dags/example_sensor_decorator.py
[2023-01-03T22:41:08.143+0100] {processor.py:743} INFO - Processing file /home/chrisfleig/.local/lib/python3.10/site-packages/airflow/example_dags/example_sensor_decorator.py for tasks to queue
[2023-01-03T22:41:08.144+0100] {logging_mixin.py:137} INFO - [2023-01-03T22:41:08.144+0100] {dagbag.py:538} INFO - Filling up the DagBag from /home/chrisfleig/.local/lib/python3.10/site-packages/airflow/example_dags/example_sensor_decorator.py
[2023-01-03T22:41:08.159+0100] {logging_mixin.py:137} WARNING - /home/chrisfleig/.local/lib/python3.10/site-packages/airflow/models/dag.py:3492 RemovedInAirflow3Warning: Param `schedule_interval` is deprecated and will be removed in a future release. Please use `schedule` instead.
[2023-01-03T22:41:08.166+0100] {processor.py:753} INFO - DAG(s) dict_keys(['example_sensor_decorator']) retrieved from /home/chrisfleig/.local/lib/python3.10/site-packages/airflow/example_dags/example_sensor_decorator.py
[2023-01-03T22:41:08.185+0100] {logging_mixin.py:137} INFO - [2023-01-03T22:41:08.185+0100] {dag.py:2676} INFO - Sync 1 DAGs
[2023-01-03T22:41:08.201+0100] {logging_mixin.py:137} INFO - [2023-01-03T22:41:08.201+0100] {dag.py:3423} INFO - Setting next_dagrun for example_sensor_decorator to None, run_after=None
[2023-01-03T22:41:08.235+0100] {processor.py:175} INFO - Processing /home/chrisfleig/.local/lib/python3.10/site-packages/airflow/example_dags/example_sensor_decorator.py took 0.096 seconds
[2023-01-03T22:41:46.880+0100] {processor.py:153} INFO - Started process (PID=9162) to work on /home/chrisfleig/.local/lib/python3.10/site-packages/airflow/example_dags/example_sensor_decorator.py
[2023-01-03T22:41:46.882+0100] {processor.py:743} INFO - Processing file /home/chrisfleig/.local/lib/python3.10/site-packages/airflow/example_dags/example_sensor_decorator.py for tasks to queue
[2023-01-03T22:41:46.882+0100] {logging_mixin.py:137} INFO - [2023-01-03T22:41:46.882+0100] {dagbag.py:538} INFO - Filling up the DagBag from /home/chrisfleig/.local/lib/python3.10/site-packages/airflow/example_dags/example_sensor_decorator.py
[2023-01-03T22:41:46.901+0100] {logging_mixin.py:137} WARNING - /home/chrisfleig/.local/lib/python3.10/site-packages/airflow/models/dag.py:3492 RemovedInAirflow3Warning: Param `schedule_interval` is deprecated and will be removed in a future release. Please use `schedule` instead.
[2023-01-03T22:41:46.908+0100] {processor.py:753} INFO - DAG(s) dict_keys(['example_sensor_decorator']) retrieved from /home/chrisfleig/.local/lib/python3.10/site-packages/airflow/example_dags/example_sensor_decorator.py
[2023-01-03T22:41:46.933+0100] {logging_mixin.py:137} INFO - [2023-01-03T22:41:46.933+0100] {dag.py:2676} INFO - Sync 1 DAGs
[2023-01-03T22:41:46.951+0100] {logging_mixin.py:137} INFO - [2023-01-03T22:41:46.951+0100] {dag.py:3423} INFO - Setting next_dagrun for example_sensor_decorator to None, run_after=None
[2023-01-03T22:41:46.987+0100] {processor.py:175} INFO - Processing /home/chrisfleig/.local/lib/python3.10/site-packages/airflow/example_dags/example_sensor_decorator.py took 0.110 seconds
[2023-01-03T22:42:26.003+0100] {processor.py:153} INFO - Started process (PID=9204) to work on /home/chrisfleig/.local/lib/python3.10/site-packages/airflow/example_dags/example_sensor_decorator.py
[2023-01-03T22:42:26.004+0100] {processor.py:743} INFO - Processing file /home/chrisfleig/.local/lib/python3.10/site-packages/airflow/example_dags/example_sensor_decorator.py for tasks to queue
[2023-01-03T22:42:26.004+0100] {logging_mixin.py:137} INFO - [2023-01-03T22:42:26.004+0100] {dagbag.py:538} INFO - Filling up the DagBag from /home/chrisfleig/.local/lib/python3.10/site-packages/airflow/example_dags/example_sensor_decorator.py
[2023-01-03T22:42:26.019+0100] {logging_mixin.py:137} WARNING - /home/chrisfleig/.local/lib/python3.10/site-packages/airflow/models/dag.py:3492 RemovedInAirflow3Warning: Param `schedule_interval` is deprecated and will be removed in a future release. Please use `schedule` instead.
[2023-01-03T22:42:26.026+0100] {processor.py:753} INFO - DAG(s) dict_keys(['example_sensor_decorator']) retrieved from /home/chrisfleig/.local/lib/python3.10/site-packages/airflow/example_dags/example_sensor_decorator.py
[2023-01-03T22:42:26.044+0100] {logging_mixin.py:137} INFO - [2023-01-03T22:42:26.044+0100] {dag.py:2676} INFO - Sync 1 DAGs
[2023-01-03T22:42:26.060+0100] {logging_mixin.py:137} INFO - [2023-01-03T22:42:26.060+0100] {dag.py:3423} INFO - Setting next_dagrun for example_sensor_decorator to None, run_after=None
[2023-01-03T22:42:26.096+0100] {processor.py:175} INFO - Processing /home/chrisfleig/.local/lib/python3.10/site-packages/airflow/example_dags/example_sensor_decorator.py took 0.096 seconds
[2023-01-03T22:43:04.604+0100] {processor.py:153} INFO - Started process (PID=9242) to work on /home/chrisfleig/.local/lib/python3.10/site-packages/airflow/example_dags/example_sensor_decorator.py
[2023-01-03T22:43:04.605+0100] {processor.py:743} INFO - Processing file /home/chrisfleig/.local/lib/python3.10/site-packages/airflow/example_dags/example_sensor_decorator.py for tasks to queue
[2023-01-03T22:43:04.606+0100] {logging_mixin.py:137} INFO - [2023-01-03T22:43:04.606+0100] {dagbag.py:538} INFO - Filling up the DagBag from /home/chrisfleig/.local/lib/python3.10/site-packages/airflow/example_dags/example_sensor_decorator.py
[2023-01-03T22:43:04.621+0100] {logging_mixin.py:137} WARNING - /home/chrisfleig/.local/lib/python3.10/site-packages/airflow/models/dag.py:3492 RemovedInAirflow3Warning: Param `schedule_interval` is deprecated and will be removed in a future release. Please use `schedule` instead.
[2023-01-03T22:43:04.629+0100] {processor.py:753} INFO - DAG(s) dict_keys(['example_sensor_decorator']) retrieved from /home/chrisfleig/.local/lib/python3.10/site-packages/airflow/example_dags/example_sensor_decorator.py
[2023-01-03T22:43:04.650+0100] {logging_mixin.py:137} INFO - [2023-01-03T22:43:04.650+0100] {dag.py:2676} INFO - Sync 1 DAGs
[2023-01-03T22:43:04.670+0100] {logging_mixin.py:137} INFO - [2023-01-03T22:43:04.670+0100] {dag.py:3423} INFO - Setting next_dagrun for example_sensor_decorator to None, run_after=None
[2023-01-03T22:43:04.713+0100] {processor.py:175} INFO - Processing /home/chrisfleig/.local/lib/python3.10/site-packages/airflow/example_dags/example_sensor_decorator.py took 0.111 seconds
[2023-01-03T22:43:44.008+0100] {processor.py:153} INFO - Started process (PID=9280) to work on /home/chrisfleig/.local/lib/python3.10/site-packages/airflow/example_dags/example_sensor_decorator.py
[2023-01-03T22:43:44.009+0100] {processor.py:743} INFO - Processing file /home/chrisfleig/.local/lib/python3.10/site-packages/airflow/example_dags/example_sensor_decorator.py for tasks to queue
[2023-01-03T22:43:44.010+0100] {logging_mixin.py:137} INFO - [2023-01-03T22:43:44.010+0100] {dagbag.py:538} INFO - Filling up the DagBag from /home/chrisfleig/.local/lib/python3.10/site-packages/airflow/example_dags/example_sensor_decorator.py
[2023-01-03T22:43:44.024+0100] {logging_mixin.py:137} WARNING - /home/chrisfleig/.local/lib/python3.10/site-packages/airflow/models/dag.py:3492 RemovedInAirflow3Warning: Param `schedule_interval` is deprecated and will be removed in a future release. Please use `schedule` instead.
[2023-01-03T22:43:44.032+0100] {processor.py:753} INFO - DAG(s) dict_keys(['example_sensor_decorator']) retrieved from /home/chrisfleig/.local/lib/python3.10/site-packages/airflow/example_dags/example_sensor_decorator.py
[2023-01-03T22:43:44.050+0100] {logging_mixin.py:137} INFO - [2023-01-03T22:43:44.050+0100] {dag.py:2676} INFO - Sync 1 DAGs
[2023-01-03T22:43:44.066+0100] {logging_mixin.py:137} INFO - [2023-01-03T22:43:44.066+0100] {dag.py:3423} INFO - Setting next_dagrun for example_sensor_decorator to None, run_after=None
[2023-01-03T22:43:44.105+0100] {processor.py:175} INFO - Processing /home/chrisfleig/.local/lib/python3.10/site-packages/airflow/example_dags/example_sensor_decorator.py took 0.100 seconds
[2023-01-03T22:44:23.381+0100] {processor.py:153} INFO - Started process (PID=9318) to work on /home/chrisfleig/.local/lib/python3.10/site-packages/airflow/example_dags/example_sensor_decorator.py
[2023-01-03T22:44:23.382+0100] {processor.py:743} INFO - Processing file /home/chrisfleig/.local/lib/python3.10/site-packages/airflow/example_dags/example_sensor_decorator.py for tasks to queue
[2023-01-03T22:44:23.383+0100] {logging_mixin.py:137} INFO - [2023-01-03T22:44:23.382+0100] {dagbag.py:538} INFO - Filling up the DagBag from /home/chrisfleig/.local/lib/python3.10/site-packages/airflow/example_dags/example_sensor_decorator.py
[2023-01-03T22:44:23.397+0100] {logging_mixin.py:137} WARNING - /home/chrisfleig/.local/lib/python3.10/site-packages/airflow/models/dag.py:3492 RemovedInAirflow3Warning: Param `schedule_interval` is deprecated and will be removed in a future release. Please use `schedule` instead.
[2023-01-03T22:44:23.403+0100] {processor.py:753} INFO - DAG(s) dict_keys(['example_sensor_decorator']) retrieved from /home/chrisfleig/.local/lib/python3.10/site-packages/airflow/example_dags/example_sensor_decorator.py
[2023-01-03T22:44:23.422+0100] {logging_mixin.py:137} INFO - [2023-01-03T22:44:23.422+0100] {dag.py:2676} INFO - Sync 1 DAGs
[2023-01-03T22:44:23.439+0100] {logging_mixin.py:137} INFO - [2023-01-03T22:44:23.439+0100] {dag.py:3423} INFO - Setting next_dagrun for example_sensor_decorator to None, run_after=None
[2023-01-03T22:44:23.473+0100] {processor.py:175} INFO - Processing /home/chrisfleig/.local/lib/python3.10/site-packages/airflow/example_dags/example_sensor_decorator.py took 0.095 seconds
[2023-01-03T22:45:01.491+0100] {processor.py:153} INFO - Started process (PID=9356) to work on /home/chrisfleig/.local/lib/python3.10/site-packages/airflow/example_dags/example_sensor_decorator.py
[2023-01-03T22:45:01.492+0100] {processor.py:743} INFO - Processing file /home/chrisfleig/.local/lib/python3.10/site-packages/airflow/example_dags/example_sensor_decorator.py for tasks to queue
[2023-01-03T22:45:01.493+0100] {logging_mixin.py:137} INFO - [2023-01-03T22:45:01.493+0100] {dagbag.py:538} INFO - Filling up the DagBag from /home/chrisfleig/.local/lib/python3.10/site-packages/airflow/example_dags/example_sensor_decorator.py
[2023-01-03T22:45:01.513+0100] {logging_mixin.py:137} WARNING - /home/chrisfleig/.local/lib/python3.10/site-packages/airflow/models/dag.py:3492 RemovedInAirflow3Warning: Param `schedule_interval` is deprecated and will be removed in a future release. Please use `schedule` instead.
[2023-01-03T22:45:01.519+0100] {processor.py:753} INFO - DAG(s) dict_keys(['example_sensor_decorator']) retrieved from /home/chrisfleig/.local/lib/python3.10/site-packages/airflow/example_dags/example_sensor_decorator.py
[2023-01-03T22:45:01.538+0100] {logging_mixin.py:137} INFO - [2023-01-03T22:45:01.538+0100] {dag.py:2676} INFO - Sync 1 DAGs
[2023-01-03T22:45:01.555+0100] {logging_mixin.py:137} INFO - [2023-01-03T22:45:01.555+0100] {dag.py:3423} INFO - Setting next_dagrun for example_sensor_decorator to None, run_after=None
[2023-01-03T22:45:01.589+0100] {processor.py:175} INFO - Processing /home/chrisfleig/.local/lib/python3.10/site-packages/airflow/example_dags/example_sensor_decorator.py took 0.100 seconds
[2023-01-03T22:45:41.036+0100] {processor.py:153} INFO - Started process (PID=9394) to work on /home/chrisfleig/.local/lib/python3.10/site-packages/airflow/example_dags/example_sensor_decorator.py
[2023-01-03T22:45:41.038+0100] {processor.py:743} INFO - Processing file /home/chrisfleig/.local/lib/python3.10/site-packages/airflow/example_dags/example_sensor_decorator.py for tasks to queue
[2023-01-03T22:45:41.038+0100] {logging_mixin.py:137} INFO - [2023-01-03T22:45:41.038+0100] {dagbag.py:538} INFO - Filling up the DagBag from /home/chrisfleig/.local/lib/python3.10/site-packages/airflow/example_dags/example_sensor_decorator.py
[2023-01-03T22:45:41.055+0100] {logging_mixin.py:137} WARNING - /home/chrisfleig/.local/lib/python3.10/site-packages/airflow/models/dag.py:3492 RemovedInAirflow3Warning: Param `schedule_interval` is deprecated and will be removed in a future release. Please use `schedule` instead.
[2023-01-03T22:45:41.063+0100] {processor.py:753} INFO - DAG(s) dict_keys(['example_sensor_decorator']) retrieved from /home/chrisfleig/.local/lib/python3.10/site-packages/airflow/example_dags/example_sensor_decorator.py
[2023-01-03T22:45:41.085+0100] {logging_mixin.py:137} INFO - [2023-01-03T22:45:41.085+0100] {dag.py:2676} INFO - Sync 1 DAGs
[2023-01-03T22:45:41.103+0100] {logging_mixin.py:137} INFO - [2023-01-03T22:45:41.103+0100] {dag.py:3423} INFO - Setting next_dagrun for example_sensor_decorator to None, run_after=None
[2023-01-03T22:45:41.139+0100] {processor.py:175} INFO - Processing /home/chrisfleig/.local/lib/python3.10/site-packages/airflow/example_dags/example_sensor_decorator.py took 0.105 seconds
[2023-01-03T22:46:18.430+0100] {processor.py:153} INFO - Started process (PID=9432) to work on /home/chrisfleig/.local/lib/python3.10/site-packages/airflow/example_dags/example_sensor_decorator.py
[2023-01-03T22:46:18.431+0100] {processor.py:743} INFO - Processing file /home/chrisfleig/.local/lib/python3.10/site-packages/airflow/example_dags/example_sensor_decorator.py for tasks to queue
[2023-01-03T22:46:18.431+0100] {logging_mixin.py:137} INFO - [2023-01-03T22:46:18.431+0100] {dagbag.py:538} INFO - Filling up the DagBag from /home/chrisfleig/.local/lib/python3.10/site-packages/airflow/example_dags/example_sensor_decorator.py
[2023-01-03T22:46:18.447+0100] {logging_mixin.py:137} WARNING - /home/chrisfleig/.local/lib/python3.10/site-packages/airflow/models/dag.py:3492 RemovedInAirflow3Warning: Param `schedule_interval` is deprecated and will be removed in a future release. Please use `schedule` instead.
[2023-01-03T22:46:18.453+0100] {processor.py:753} INFO - DAG(s) dict_keys(['example_sensor_decorator']) retrieved from /home/chrisfleig/.local/lib/python3.10/site-packages/airflow/example_dags/example_sensor_decorator.py
[2023-01-03T22:46:18.472+0100] {logging_mixin.py:137} INFO - [2023-01-03T22:46:18.472+0100] {dag.py:2676} INFO - Sync 1 DAGs
[2023-01-03T22:46:18.491+0100] {logging_mixin.py:137} INFO - [2023-01-03T22:46:18.491+0100] {dag.py:3423} INFO - Setting next_dagrun for example_sensor_decorator to None, run_after=None
[2023-01-03T22:46:18.527+0100] {processor.py:175} INFO - Processing /home/chrisfleig/.local/lib/python3.10/site-packages/airflow/example_dags/example_sensor_decorator.py took 0.100 seconds
[2023-01-03T22:46:55.477+0100] {processor.py:153} INFO - Started process (PID=9470) to work on /home/chrisfleig/.local/lib/python3.10/site-packages/airflow/example_dags/example_sensor_decorator.py
[2023-01-03T22:46:55.478+0100] {processor.py:743} INFO - Processing file /home/chrisfleig/.local/lib/python3.10/site-packages/airflow/example_dags/example_sensor_decorator.py for tasks to queue
[2023-01-03T22:46:55.479+0100] {logging_mixin.py:137} INFO - [2023-01-03T22:46:55.479+0100] {dagbag.py:538} INFO - Filling up the DagBag from /home/chrisfleig/.local/lib/python3.10/site-packages/airflow/example_dags/example_sensor_decorator.py
[2023-01-03T22:46:55.496+0100] {logging_mixin.py:137} WARNING - /home/chrisfleig/.local/lib/python3.10/site-packages/airflow/models/dag.py:3492 RemovedInAirflow3Warning: Param `schedule_interval` is deprecated and will be removed in a future release. Please use `schedule` instead.
[2023-01-03T22:46:55.503+0100] {processor.py:753} INFO - DAG(s) dict_keys(['example_sensor_decorator']) retrieved from /home/chrisfleig/.local/lib/python3.10/site-packages/airflow/example_dags/example_sensor_decorator.py
[2023-01-03T22:46:55.528+0100] {logging_mixin.py:137} INFO - [2023-01-03T22:46:55.528+0100] {dag.py:2676} INFO - Sync 1 DAGs
[2023-01-03T22:46:55.546+0100] {logging_mixin.py:137} INFO - [2023-01-03T22:46:55.546+0100] {dag.py:3423} INFO - Setting next_dagrun for example_sensor_decorator to None, run_after=None
[2023-01-03T22:46:55.591+0100] {processor.py:175} INFO - Processing /home/chrisfleig/.local/lib/python3.10/site-packages/airflow/example_dags/example_sensor_decorator.py took 0.117 seconds
[2023-01-03T22:47:35.424+0100] {processor.py:153} INFO - Started process (PID=9508) to work on /home/chrisfleig/.local/lib/python3.10/site-packages/airflow/example_dags/example_sensor_decorator.py
[2023-01-03T22:47:35.425+0100] {processor.py:743} INFO - Processing file /home/chrisfleig/.local/lib/python3.10/site-packages/airflow/example_dags/example_sensor_decorator.py for tasks to queue
[2023-01-03T22:47:35.426+0100] {logging_mixin.py:137} INFO - [2023-01-03T22:47:35.426+0100] {dagbag.py:538} INFO - Filling up the DagBag from /home/chrisfleig/.local/lib/python3.10/site-packages/airflow/example_dags/example_sensor_decorator.py
[2023-01-03T22:47:35.441+0100] {logging_mixin.py:137} WARNING - /home/chrisfleig/.local/lib/python3.10/site-packages/airflow/models/dag.py:3492 RemovedInAirflow3Warning: Param `schedule_interval` is deprecated and will be removed in a future release. Please use `schedule` instead.
[2023-01-03T22:47:35.447+0100] {processor.py:753} INFO - DAG(s) dict_keys(['example_sensor_decorator']) retrieved from /home/chrisfleig/.local/lib/python3.10/site-packages/airflow/example_dags/example_sensor_decorator.py
[2023-01-03T22:47:35.466+0100] {logging_mixin.py:137} INFO - [2023-01-03T22:47:35.466+0100] {dag.py:2676} INFO - Sync 1 DAGs
[2023-01-03T22:47:35.482+0100] {logging_mixin.py:137} INFO - [2023-01-03T22:47:35.481+0100] {dag.py:3423} INFO - Setting next_dagrun for example_sensor_decorator to None, run_after=None
[2023-01-03T22:47:35.515+0100] {processor.py:175} INFO - Processing /home/chrisfleig/.local/lib/python3.10/site-packages/airflow/example_dags/example_sensor_decorator.py took 0.093 seconds
[2023-01-03T22:48:14.749+0100] {processor.py:153} INFO - Started process (PID=9546) to work on /home/chrisfleig/.local/lib/python3.10/site-packages/airflow/example_dags/example_sensor_decorator.py
[2023-01-03T22:48:14.750+0100] {processor.py:743} INFO - Processing file /home/chrisfleig/.local/lib/python3.10/site-packages/airflow/example_dags/example_sensor_decorator.py for tasks to queue
[2023-01-03T22:48:14.751+0100] {logging_mixin.py:137} INFO - [2023-01-03T22:48:14.751+0100] {dagbag.py:538} INFO - Filling up the DagBag from /home/chrisfleig/.local/lib/python3.10/site-packages/airflow/example_dags/example_sensor_decorator.py
[2023-01-03T22:48:14.767+0100] {logging_mixin.py:137} WARNING - /home/chrisfleig/.local/lib/python3.10/site-packages/airflow/models/dag.py:3492 RemovedInAirflow3Warning: Param `schedule_interval` is deprecated and will be removed in a future release. Please use `schedule` instead.
[2023-01-03T22:48:14.774+0100] {processor.py:753} INFO - DAG(s) dict_keys(['example_sensor_decorator']) retrieved from /home/chrisfleig/.local/lib/python3.10/site-packages/airflow/example_dags/example_sensor_decorator.py
[2023-01-03T22:48:14.796+0100] {logging_mixin.py:137} INFO - [2023-01-03T22:48:14.796+0100] {dag.py:2676} INFO - Sync 1 DAGs
[2023-01-03T22:48:14.814+0100] {logging_mixin.py:137} INFO - [2023-01-03T22:48:14.813+0100] {dag.py:3423} INFO - Setting next_dagrun for example_sensor_decorator to None, run_after=None
[2023-01-03T22:48:14.856+0100] {processor.py:175} INFO - Processing /home/chrisfleig/.local/lib/python3.10/site-packages/airflow/example_dags/example_sensor_decorator.py took 0.110 seconds
[2023-01-03T22:48:55.712+0100] {processor.py:153} INFO - Started process (PID=9584) to work on /home/chrisfleig/.local/lib/python3.10/site-packages/airflow/example_dags/example_sensor_decorator.py
[2023-01-03T22:48:55.713+0100] {processor.py:743} INFO - Processing file /home/chrisfleig/.local/lib/python3.10/site-packages/airflow/example_dags/example_sensor_decorator.py for tasks to queue
[2023-01-03T22:48:55.714+0100] {logging_mixin.py:137} INFO - [2023-01-03T22:48:55.714+0100] {dagbag.py:538} INFO - Filling up the DagBag from /home/chrisfleig/.local/lib/python3.10/site-packages/airflow/example_dags/example_sensor_decorator.py
[2023-01-03T22:48:55.731+0100] {logging_mixin.py:137} WARNING - /home/chrisfleig/.local/lib/python3.10/site-packages/airflow/models/dag.py:3492 RemovedInAirflow3Warning: Param `schedule_interval` is deprecated and will be removed in a future release. Please use `schedule` instead.
[2023-01-03T22:48:55.738+0100] {processor.py:753} INFO - DAG(s) dict_keys(['example_sensor_decorator']) retrieved from /home/chrisfleig/.local/lib/python3.10/site-packages/airflow/example_dags/example_sensor_decorator.py
[2023-01-03T22:48:55.759+0100] {logging_mixin.py:137} INFO - [2023-01-03T22:48:55.759+0100] {dag.py:2676} INFO - Sync 1 DAGs
[2023-01-03T22:48:55.779+0100] {logging_mixin.py:137} INFO - [2023-01-03T22:48:55.779+0100] {dag.py:3423} INFO - Setting next_dagrun for example_sensor_decorator to None, run_after=None
[2023-01-03T22:48:55.815+0100] {processor.py:175} INFO - Processing /home/chrisfleig/.local/lib/python3.10/site-packages/airflow/example_dags/example_sensor_decorator.py took 0.106 seconds
[2023-01-03T22:49:35.328+0100] {processor.py:153} INFO - Started process (PID=9622) to work on /home/chrisfleig/.local/lib/python3.10/site-packages/airflow/example_dags/example_sensor_decorator.py
[2023-01-03T22:49:35.329+0100] {processor.py:743} INFO - Processing file /home/chrisfleig/.local/lib/python3.10/site-packages/airflow/example_dags/example_sensor_decorator.py for tasks to queue
[2023-01-03T22:49:35.329+0100] {logging_mixin.py:137} INFO - [2023-01-03T22:49:35.329+0100] {dagbag.py:538} INFO - Filling up the DagBag from /home/chrisfleig/.local/lib/python3.10/site-packages/airflow/example_dags/example_sensor_decorator.py
[2023-01-03T22:49:35.344+0100] {logging_mixin.py:137} WARNING - /home/chrisfleig/.local/lib/python3.10/site-packages/airflow/models/dag.py:3492 RemovedInAirflow3Warning: Param `schedule_interval` is deprecated and will be removed in a future release. Please use `schedule` instead.
[2023-01-03T22:49:35.350+0100] {processor.py:753} INFO - DAG(s) dict_keys(['example_sensor_decorator']) retrieved from /home/chrisfleig/.local/lib/python3.10/site-packages/airflow/example_dags/example_sensor_decorator.py
[2023-01-03T22:49:35.369+0100] {logging_mixin.py:137} INFO - [2023-01-03T22:49:35.369+0100] {dag.py:2676} INFO - Sync 1 DAGs
[2023-01-03T22:49:35.386+0100] {logging_mixin.py:137} INFO - [2023-01-03T22:49:35.386+0100] {dag.py:3423} INFO - Setting next_dagrun for example_sensor_decorator to None, run_after=None
[2023-01-03T22:49:35.421+0100] {processor.py:175} INFO - Processing /home/chrisfleig/.local/lib/python3.10/site-packages/airflow/example_dags/example_sensor_decorator.py took 0.097 seconds
[2023-01-03T22:50:14.849+0100] {processor.py:153} INFO - Started process (PID=9660) to work on /home/chrisfleig/.local/lib/python3.10/site-packages/airflow/example_dags/example_sensor_decorator.py
[2023-01-03T22:50:14.850+0100] {processor.py:743} INFO - Processing file /home/chrisfleig/.local/lib/python3.10/site-packages/airflow/example_dags/example_sensor_decorator.py for tasks to queue
[2023-01-03T22:50:14.851+0100] {logging_mixin.py:137} INFO - [2023-01-03T22:50:14.851+0100] {dagbag.py:538} INFO - Filling up the DagBag from /home/chrisfleig/.local/lib/python3.10/site-packages/airflow/example_dags/example_sensor_decorator.py
[2023-01-03T22:50:14.868+0100] {logging_mixin.py:137} WARNING - /home/chrisfleig/.local/lib/python3.10/site-packages/airflow/models/dag.py:3492 RemovedInAirflow3Warning: Param `schedule_interval` is deprecated and will be removed in a future release. Please use `schedule` instead.
[2023-01-03T22:50:14.875+0100] {processor.py:753} INFO - DAG(s) dict_keys(['example_sensor_decorator']) retrieved from /home/chrisfleig/.local/lib/python3.10/site-packages/airflow/example_dags/example_sensor_decorator.py
[2023-01-03T22:50:14.898+0100] {logging_mixin.py:137} INFO - [2023-01-03T22:50:14.898+0100] {dag.py:2676} INFO - Sync 1 DAGs
[2023-01-03T22:50:14.914+0100] {logging_mixin.py:137} INFO - [2023-01-03T22:50:14.914+0100] {dag.py:3423} INFO - Setting next_dagrun for example_sensor_decorator to None, run_after=None
[2023-01-03T22:50:14.950+0100] {processor.py:175} INFO - Processing /home/chrisfleig/.local/lib/python3.10/site-packages/airflow/example_dags/example_sensor_decorator.py took 0.104 seconds
[2023-01-03T22:50:54.448+0100] {processor.py:153} INFO - Started process (PID=9698) to work on /home/chrisfleig/.local/lib/python3.10/site-packages/airflow/example_dags/example_sensor_decorator.py
[2023-01-03T22:50:54.449+0100] {processor.py:743} INFO - Processing file /home/chrisfleig/.local/lib/python3.10/site-packages/airflow/example_dags/example_sensor_decorator.py for tasks to queue
[2023-01-03T22:50:54.450+0100] {logging_mixin.py:137} INFO - [2023-01-03T22:50:54.450+0100] {dagbag.py:538} INFO - Filling up the DagBag from /home/chrisfleig/.local/lib/python3.10/site-packages/airflow/example_dags/example_sensor_decorator.py
[2023-01-03T22:50:54.465+0100] {logging_mixin.py:137} WARNING - /home/chrisfleig/.local/lib/python3.10/site-packages/airflow/models/dag.py:3492 RemovedInAirflow3Warning: Param `schedule_interval` is deprecated and will be removed in a future release. Please use `schedule` instead.
[2023-01-03T22:50:54.472+0100] {processor.py:753} INFO - DAG(s) dict_keys(['example_sensor_decorator']) retrieved from /home/chrisfleig/.local/lib/python3.10/site-packages/airflow/example_dags/example_sensor_decorator.py
[2023-01-03T22:50:54.491+0100] {logging_mixin.py:137} INFO - [2023-01-03T22:50:54.491+0100] {dag.py:2676} INFO - Sync 1 DAGs
[2023-01-03T22:50:54.507+0100] {logging_mixin.py:137} INFO - [2023-01-03T22:50:54.507+0100] {dag.py:3423} INFO - Setting next_dagrun for example_sensor_decorator to None, run_after=None
[2023-01-03T22:50:54.541+0100] {processor.py:175} INFO - Processing /home/chrisfleig/.local/lib/python3.10/site-packages/airflow/example_dags/example_sensor_decorator.py took 0.096 seconds
[2023-01-03T22:51:32.381+0100] {processor.py:153} INFO - Started process (PID=9736) to work on /home/chrisfleig/.local/lib/python3.10/site-packages/airflow/example_dags/example_sensor_decorator.py
[2023-01-03T22:51:32.382+0100] {processor.py:743} INFO - Processing file /home/chrisfleig/.local/lib/python3.10/site-packages/airflow/example_dags/example_sensor_decorator.py for tasks to queue
[2023-01-03T22:51:32.383+0100] {logging_mixin.py:137} INFO - [2023-01-03T22:51:32.383+0100] {dagbag.py:538} INFO - Filling up the DagBag from /home/chrisfleig/.local/lib/python3.10/site-packages/airflow/example_dags/example_sensor_decorator.py
[2023-01-03T22:51:32.398+0100] {logging_mixin.py:137} WARNING - /home/chrisfleig/.local/lib/python3.10/site-packages/airflow/models/dag.py:3492 RemovedInAirflow3Warning: Param `schedule_interval` is deprecated and will be removed in a future release. Please use `schedule` instead.
[2023-01-03T22:51:32.405+0100] {processor.py:753} INFO - DAG(s) dict_keys(['example_sensor_decorator']) retrieved from /home/chrisfleig/.local/lib/python3.10/site-packages/airflow/example_dags/example_sensor_decorator.py
[2023-01-03T22:51:32.425+0100] {logging_mixin.py:137} INFO - [2023-01-03T22:51:32.424+0100] {dag.py:2676} INFO - Sync 1 DAGs
[2023-01-03T22:51:32.441+0100] {logging_mixin.py:137} INFO - [2023-01-03T22:51:32.441+0100] {dag.py:3423} INFO - Setting next_dagrun for example_sensor_decorator to None, run_after=None
[2023-01-03T22:51:32.480+0100] {processor.py:175} INFO - Processing /home/chrisfleig/.local/lib/python3.10/site-packages/airflow/example_dags/example_sensor_decorator.py took 0.102 seconds
[2023-01-03T22:52:12.828+0100] {processor.py:153} INFO - Started process (PID=9774) to work on /home/chrisfleig/.local/lib/python3.10/site-packages/airflow/example_dags/example_sensor_decorator.py
[2023-01-03T22:52:12.831+0100] {processor.py:743} INFO - Processing file /home/chrisfleig/.local/lib/python3.10/site-packages/airflow/example_dags/example_sensor_decorator.py for tasks to queue
[2023-01-03T22:52:12.834+0100] {logging_mixin.py:137} INFO - [2023-01-03T22:52:12.833+0100] {dagbag.py:538} INFO - Filling up the DagBag from /home/chrisfleig/.local/lib/python3.10/site-packages/airflow/example_dags/example_sensor_decorator.py
[2023-01-03T22:52:12.866+0100] {logging_mixin.py:137} WARNING - /home/chrisfleig/.local/lib/python3.10/site-packages/airflow/models/dag.py:3492 RemovedInAirflow3Warning: Param `schedule_interval` is deprecated and will be removed in a future release. Please use `schedule` instead.
[2023-01-03T22:52:12.882+0100] {processor.py:753} INFO - DAG(s) dict_keys(['example_sensor_decorator']) retrieved from /home/chrisfleig/.local/lib/python3.10/site-packages/airflow/example_dags/example_sensor_decorator.py
[2023-01-03T22:52:12.936+0100] {logging_mixin.py:137} INFO - [2023-01-03T22:52:12.936+0100] {dag.py:2676} INFO - Sync 1 DAGs
[2023-01-03T22:52:13.010+0100] {logging_mixin.py:137} INFO - [2023-01-03T22:52:13.010+0100] {dag.py:3423} INFO - Setting next_dagrun for example_sensor_decorator to None, run_after=None
[2023-01-03T22:52:13.056+0100] {processor.py:175} INFO - Processing /home/chrisfleig/.local/lib/python3.10/site-packages/airflow/example_dags/example_sensor_decorator.py took 0.231 seconds
[2023-01-03T22:52:52.985+0100] {processor.py:153} INFO - Started process (PID=9812) to work on /home/chrisfleig/.local/lib/python3.10/site-packages/airflow/example_dags/example_sensor_decorator.py
[2023-01-03T22:52:52.986+0100] {processor.py:743} INFO - Processing file /home/chrisfleig/.local/lib/python3.10/site-packages/airflow/example_dags/example_sensor_decorator.py for tasks to queue
[2023-01-03T22:52:52.987+0100] {logging_mixin.py:137} INFO - [2023-01-03T22:52:52.987+0100] {dagbag.py:538} INFO - Filling up the DagBag from /home/chrisfleig/.local/lib/python3.10/site-packages/airflow/example_dags/example_sensor_decorator.py
[2023-01-03T22:52:53.002+0100] {logging_mixin.py:137} WARNING - /home/chrisfleig/.local/lib/python3.10/site-packages/airflow/models/dag.py:3492 RemovedInAirflow3Warning: Param `schedule_interval` is deprecated and will be removed in a future release. Please use `schedule` instead.
[2023-01-03T22:52:53.008+0100] {processor.py:753} INFO - DAG(s) dict_keys(['example_sensor_decorator']) retrieved from /home/chrisfleig/.local/lib/python3.10/site-packages/airflow/example_dags/example_sensor_decorator.py
[2023-01-03T22:52:53.027+0100] {logging_mixin.py:137} INFO - [2023-01-03T22:52:53.027+0100] {dag.py:2676} INFO - Sync 1 DAGs
[2023-01-03T22:52:53.043+0100] {logging_mixin.py:137} INFO - [2023-01-03T22:52:53.043+0100] {dag.py:3423} INFO - Setting next_dagrun for example_sensor_decorator to None, run_after=None
[2023-01-03T22:52:53.081+0100] {processor.py:175} INFO - Processing /home/chrisfleig/.local/lib/python3.10/site-packages/airflow/example_dags/example_sensor_decorator.py took 0.098 seconds
[2023-01-03T22:53:31.029+0100] {processor.py:153} INFO - Started process (PID=9850) to work on /home/chrisfleig/.local/lib/python3.10/site-packages/airflow/example_dags/example_sensor_decorator.py
[2023-01-03T22:53:31.030+0100] {processor.py:743} INFO - Processing file /home/chrisfleig/.local/lib/python3.10/site-packages/airflow/example_dags/example_sensor_decorator.py for tasks to queue
[2023-01-03T22:53:31.031+0100] {logging_mixin.py:137} INFO - [2023-01-03T22:53:31.031+0100] {dagbag.py:538} INFO - Filling up the DagBag from /home/chrisfleig/.local/lib/python3.10/site-packages/airflow/example_dags/example_sensor_decorator.py
[2023-01-03T22:53:31.046+0100] {logging_mixin.py:137} WARNING - /home/chrisfleig/.local/lib/python3.10/site-packages/airflow/models/dag.py:3492 RemovedInAirflow3Warning: Param `schedule_interval` is deprecated and will be removed in a future release. Please use `schedule` instead.
[2023-01-03T22:53:31.053+0100] {processor.py:753} INFO - DAG(s) dict_keys(['example_sensor_decorator']) retrieved from /home/chrisfleig/.local/lib/python3.10/site-packages/airflow/example_dags/example_sensor_decorator.py
[2023-01-03T22:53:31.072+0100] {logging_mixin.py:137} INFO - [2023-01-03T22:53:31.072+0100] {dag.py:2676} INFO - Sync 1 DAGs
[2023-01-03T22:53:31.091+0100] {logging_mixin.py:137} INFO - [2023-01-03T22:53:31.091+0100] {dag.py:3423} INFO - Setting next_dagrun for example_sensor_decorator to None, run_after=None
[2023-01-03T22:53:31.130+0100] {processor.py:175} INFO - Processing /home/chrisfleig/.local/lib/python3.10/site-packages/airflow/example_dags/example_sensor_decorator.py took 0.103 seconds
[2023-01-03T22:54:13.988+0100] {processor.py:153} INFO - Started process (PID=9893) to work on /home/chrisfleig/.local/lib/python3.10/site-packages/airflow/example_dags/example_sensor_decorator.py
[2023-01-03T22:54:13.989+0100] {processor.py:743} INFO - Processing file /home/chrisfleig/.local/lib/python3.10/site-packages/airflow/example_dags/example_sensor_decorator.py for tasks to queue
[2023-01-03T22:54:13.990+0100] {logging_mixin.py:137} INFO - [2023-01-03T22:54:13.990+0100] {dagbag.py:538} INFO - Filling up the DagBag from /home/chrisfleig/.local/lib/python3.10/site-packages/airflow/example_dags/example_sensor_decorator.py
[2023-01-03T22:54:14.011+0100] {logging_mixin.py:137} WARNING - /home/chrisfleig/.local/lib/python3.10/site-packages/airflow/models/dag.py:3492 RemovedInAirflow3Warning: Param `schedule_interval` is deprecated and will be removed in a future release. Please use `schedule` instead.
[2023-01-03T22:54:14.020+0100] {processor.py:753} INFO - DAG(s) dict_keys(['example_sensor_decorator']) retrieved from /home/chrisfleig/.local/lib/python3.10/site-packages/airflow/example_dags/example_sensor_decorator.py
[2023-01-03T22:54:14.045+0100] {logging_mixin.py:137} INFO - [2023-01-03T22:54:14.044+0100] {dag.py:2676} INFO - Sync 1 DAGs
[2023-01-03T22:54:14.068+0100] {logging_mixin.py:137} INFO - [2023-01-03T22:54:14.068+0100] {dag.py:3423} INFO - Setting next_dagrun for example_sensor_decorator to None, run_after=None
[2023-01-03T22:54:14.107+0100] {processor.py:175} INFO - Processing /home/chrisfleig/.local/lib/python3.10/site-packages/airflow/example_dags/example_sensor_decorator.py took 0.123 seconds
[2023-01-03T22:54:57.546+0100] {processor.py:153} INFO - Started process (PID=9933) to work on /home/chrisfleig/.local/lib/python3.10/site-packages/airflow/example_dags/example_sensor_decorator.py
[2023-01-03T22:54:57.547+0100] {processor.py:743} INFO - Processing file /home/chrisfleig/.local/lib/python3.10/site-packages/airflow/example_dags/example_sensor_decorator.py for tasks to queue
[2023-01-03T22:54:57.547+0100] {logging_mixin.py:137} INFO - [2023-01-03T22:54:57.547+0100] {dagbag.py:538} INFO - Filling up the DagBag from /home/chrisfleig/.local/lib/python3.10/site-packages/airflow/example_dags/example_sensor_decorator.py
[2023-01-03T22:54:57.565+0100] {logging_mixin.py:137} WARNING - /home/chrisfleig/.local/lib/python3.10/site-packages/airflow/models/dag.py:3492 RemovedInAirflow3Warning: Param `schedule_interval` is deprecated and will be removed in a future release. Please use `schedule` instead.
[2023-01-03T22:54:57.572+0100] {processor.py:753} INFO - DAG(s) dict_keys(['example_sensor_decorator']) retrieved from /home/chrisfleig/.local/lib/python3.10/site-packages/airflow/example_dags/example_sensor_decorator.py
[2023-01-03T22:54:57.595+0100] {logging_mixin.py:137} INFO - [2023-01-03T22:54:57.595+0100] {dag.py:2676} INFO - Sync 1 DAGs
[2023-01-03T22:54:57.615+0100] {logging_mixin.py:137} INFO - [2023-01-03T22:54:57.614+0100] {dag.py:3423} INFO - Setting next_dagrun for example_sensor_decorator to None, run_after=None
[2023-01-03T22:54:57.660+0100] {processor.py:175} INFO - Processing /home/chrisfleig/.local/lib/python3.10/site-packages/airflow/example_dags/example_sensor_decorator.py took 0.117 seconds
[2023-01-03T22:55:39.650+0100] {processor.py:153} INFO - Started process (PID=9971) to work on /home/chrisfleig/.local/lib/python3.10/site-packages/airflow/example_dags/example_sensor_decorator.py
[2023-01-03T22:55:39.651+0100] {processor.py:743} INFO - Processing file /home/chrisfleig/.local/lib/python3.10/site-packages/airflow/example_dags/example_sensor_decorator.py for tasks to queue
[2023-01-03T22:55:39.652+0100] {logging_mixin.py:137} INFO - [2023-01-03T22:55:39.651+0100] {dagbag.py:538} INFO - Filling up the DagBag from /home/chrisfleig/.local/lib/python3.10/site-packages/airflow/example_dags/example_sensor_decorator.py
[2023-01-03T22:55:39.671+0100] {logging_mixin.py:137} WARNING - /home/chrisfleig/.local/lib/python3.10/site-packages/airflow/models/dag.py:3492 RemovedInAirflow3Warning: Param `schedule_interval` is deprecated and will be removed in a future release. Please use `schedule` instead.
[2023-01-03T22:55:39.681+0100] {processor.py:753} INFO - DAG(s) dict_keys(['example_sensor_decorator']) retrieved from /home/chrisfleig/.local/lib/python3.10/site-packages/airflow/example_dags/example_sensor_decorator.py
[2023-01-03T22:55:39.712+0100] {logging_mixin.py:137} INFO - [2023-01-03T22:55:39.712+0100] {dag.py:2676} INFO - Sync 1 DAGs
[2023-01-03T22:55:39.732+0100] {logging_mixin.py:137} INFO - [2023-01-03T22:55:39.732+0100] {dag.py:3423} INFO - Setting next_dagrun for example_sensor_decorator to None, run_after=None
[2023-01-03T22:55:39.776+0100] {processor.py:175} INFO - Processing /home/chrisfleig/.local/lib/python3.10/site-packages/airflow/example_dags/example_sensor_decorator.py took 0.129 seconds
[2023-01-03T22:56:20.857+0100] {processor.py:153} INFO - Started process (PID=10014) to work on /home/chrisfleig/.local/lib/python3.10/site-packages/airflow/example_dags/example_sensor_decorator.py
[2023-01-03T22:56:20.859+0100] {processor.py:743} INFO - Processing file /home/chrisfleig/.local/lib/python3.10/site-packages/airflow/example_dags/example_sensor_decorator.py for tasks to queue
[2023-01-03T22:56:20.860+0100] {logging_mixin.py:137} INFO - [2023-01-03T22:56:20.860+0100] {dagbag.py:538} INFO - Filling up the DagBag from /home/chrisfleig/.local/lib/python3.10/site-packages/airflow/example_dags/example_sensor_decorator.py
[2023-01-03T22:56:20.905+0100] {logging_mixin.py:137} WARNING - /home/chrisfleig/.local/lib/python3.10/site-packages/airflow/models/dag.py:3492 RemovedInAirflow3Warning: Param `schedule_interval` is deprecated and will be removed in a future release. Please use `schedule` instead.
[2023-01-03T22:56:20.926+0100] {processor.py:753} INFO - DAG(s) dict_keys(['example_sensor_decorator']) retrieved from /home/chrisfleig/.local/lib/python3.10/site-packages/airflow/example_dags/example_sensor_decorator.py
[2023-01-03T22:56:21.011+0100] {logging_mixin.py:137} INFO - [2023-01-03T22:56:21.010+0100] {dag.py:2676} INFO - Sync 1 DAGs
[2023-01-03T22:56:21.090+0100] {logging_mixin.py:137} INFO - [2023-01-03T22:56:21.089+0100] {dag.py:3423} INFO - Setting next_dagrun for example_sensor_decorator to None, run_after=None
[2023-01-03T22:56:21.248+0100] {processor.py:175} INFO - Processing /home/chrisfleig/.local/lib/python3.10/site-packages/airflow/example_dags/example_sensor_decorator.py took 0.402 seconds
[2023-01-03T22:57:04.674+0100] {processor.py:153} INFO - Started process (PID=10053) to work on /home/chrisfleig/.local/lib/python3.10/site-packages/airflow/example_dags/example_sensor_decorator.py
[2023-01-03T22:57:04.675+0100] {processor.py:743} INFO - Processing file /home/chrisfleig/.local/lib/python3.10/site-packages/airflow/example_dags/example_sensor_decorator.py for tasks to queue
[2023-01-03T22:57:04.676+0100] {logging_mixin.py:137} INFO - [2023-01-03T22:57:04.676+0100] {dagbag.py:538} INFO - Filling up the DagBag from /home/chrisfleig/.local/lib/python3.10/site-packages/airflow/example_dags/example_sensor_decorator.py
[2023-01-03T22:57:04.695+0100] {logging_mixin.py:137} WARNING - /home/chrisfleig/.local/lib/python3.10/site-packages/airflow/models/dag.py:3492 RemovedInAirflow3Warning: Param `schedule_interval` is deprecated and will be removed in a future release. Please use `schedule` instead.
[2023-01-03T22:57:04.702+0100] {processor.py:753} INFO - DAG(s) dict_keys(['example_sensor_decorator']) retrieved from /home/chrisfleig/.local/lib/python3.10/site-packages/airflow/example_dags/example_sensor_decorator.py
[2023-01-03T22:57:04.732+0100] {logging_mixin.py:137} INFO - [2023-01-03T22:57:04.731+0100] {dag.py:2676} INFO - Sync 1 DAGs
[2023-01-03T22:57:04.758+0100] {logging_mixin.py:137} INFO - [2023-01-03T22:57:04.758+0100] {dag.py:3423} INFO - Setting next_dagrun for example_sensor_decorator to None, run_after=None
[2023-01-03T22:57:04.801+0100] {processor.py:175} INFO - Processing /home/chrisfleig/.local/lib/python3.10/site-packages/airflow/example_dags/example_sensor_decorator.py took 0.131 seconds
