[2023-01-03T22:11:09.223+0100] {processor.py:153} INFO - Started process (PID=8204) to work on /home/chrisfleig/.local/lib/python3.10/site-packages/airflow/example_dags/example_branch_datetime_operator.py
[2023-01-03T22:11:09.225+0100] {processor.py:743} INFO - Processing file /home/chrisfleig/.local/lib/python3.10/site-packages/airflow/example_dags/example_branch_datetime_operator.py for tasks to queue
[2023-01-03T22:11:09.227+0100] {logging_mixin.py:137} INFO - [2023-01-03T22:11:09.226+0100] {dagbag.py:538} INFO - Filling up the DagBag from /home/chrisfleig/.local/lib/python3.10/site-packages/airflow/example_dags/example_branch_datetime_operator.py
[2023-01-03T22:11:09.262+0100] {processor.py:753} INFO - DAG(s) dict_keys(['example_branch_datetime_operator_2', 'example_branch_datetime_operator_3', 'example_branch_datetime_operator']) retrieved from /home/chrisfleig/.local/lib/python3.10/site-packages/airflow/example_dags/example_branch_datetime_operator.py
[2023-01-03T22:11:09.430+0100] {logging_mixin.py:137} INFO - [2023-01-03T22:11:09.430+0100] {manager.py:504} INFO - Created Permission View: can edit on DAG:example_branch_datetime_operator_2
[2023-01-03T22:11:09.461+0100] {logging_mixin.py:137} INFO - [2023-01-03T22:11:09.461+0100] {manager.py:504} INFO - Created Permission View: can delete on DAG:example_branch_datetime_operator_2
[2023-01-03T22:11:09.510+0100] {logging_mixin.py:137} INFO - [2023-01-03T22:11:09.510+0100] {manager.py:504} INFO - Created Permission View: can read on DAG:example_branch_datetime_operator_2
[2023-01-03T22:11:09.612+0100] {logging_mixin.py:137} INFO - [2023-01-03T22:11:09.611+0100] {manager.py:504} INFO - Created Permission View: can edit on DAG:example_branch_datetime_operator_3
[2023-01-03T22:11:09.644+0100] {logging_mixin.py:137} INFO - [2023-01-03T22:11:09.644+0100] {manager.py:504} INFO - Created Permission View: can delete on DAG:example_branch_datetime_operator_3
[2023-01-03T22:11:09.669+0100] {logging_mixin.py:137} INFO - [2023-01-03T22:11:09.668+0100] {manager.py:504} INFO - Created Permission View: can read on DAG:example_branch_datetime_operator_3
[2023-01-03T22:11:09.725+0100] {logging_mixin.py:137} INFO - [2023-01-03T22:11:09.725+0100] {manager.py:504} INFO - Created Permission View: can edit on DAG:example_branch_datetime_operator
[2023-01-03T22:11:09.846+0100] {logging_mixin.py:137} INFO - [2023-01-03T22:11:09.846+0100] {manager.py:504} INFO - Created Permission View: can delete on DAG:example_branch_datetime_operator
[2023-01-03T22:11:09.874+0100] {logging_mixin.py:137} INFO - [2023-01-03T22:11:09.874+0100] {manager.py:504} INFO - Created Permission View: can read on DAG:example_branch_datetime_operator
[2023-01-03T22:11:09.874+0100] {logging_mixin.py:137} INFO - [2023-01-03T22:11:09.874+0100] {dag.py:2676} INFO - Sync 3 DAGs
[2023-01-03T22:11:09.938+0100] {logging_mixin.py:137} INFO - [2023-01-03T22:11:09.938+0100] {dag.py:2697} INFO - Creating ORM DAG for example_branch_datetime_operator_3
[2023-01-03T22:11:09.939+0100] {logging_mixin.py:137} INFO - [2023-01-03T22:11:09.939+0100] {dag.py:2697} INFO - Creating ORM DAG for example_branch_datetime_operator
[2023-01-03T22:11:09.940+0100] {logging_mixin.py:137} INFO - [2023-01-03T22:11:09.939+0100] {dag.py:2697} INFO - Creating ORM DAG for example_branch_datetime_operator_2
[2023-01-03T22:11:09.953+0100] {logging_mixin.py:137} INFO - [2023-01-03T22:11:09.953+0100] {dag.py:3423} INFO - Setting next_dagrun for example_branch_datetime_operator to 2023-01-02T00:00:00+00:00, run_after=2023-01-03T00:00:00+00:00
[2023-01-03T22:11:09.955+0100] {logging_mixin.py:137} INFO - [2023-01-03T22:11:09.955+0100] {dag.py:3423} INFO - Setting next_dagrun for example_branch_datetime_operator_2 to 2023-01-02T00:00:00+00:00, run_after=2023-01-03T00:00:00+00:00
[2023-01-03T22:11:09.957+0100] {logging_mixin.py:137} INFO - [2023-01-03T22:11:09.957+0100] {dag.py:3423} INFO - Setting next_dagrun for example_branch_datetime_operator_3 to 2023-01-02T00:00:00+00:00, run_after=2023-01-03T00:00:00+00:00
[2023-01-03T22:11:09.998+0100] {processor.py:175} INFO - Processing /home/chrisfleig/.local/lib/python3.10/site-packages/airflow/example_dags/example_branch_datetime_operator.py took 0.780 seconds
[2023-01-03T22:11:50.214+0100] {processor.py:153} INFO - Started process (PID=8242) to work on /home/chrisfleig/.local/lib/python3.10/site-packages/airflow/example_dags/example_branch_datetime_operator.py
[2023-01-03T22:11:50.215+0100] {processor.py:743} INFO - Processing file /home/chrisfleig/.local/lib/python3.10/site-packages/airflow/example_dags/example_branch_datetime_operator.py for tasks to queue
[2023-01-03T22:11:50.215+0100] {logging_mixin.py:137} INFO - [2023-01-03T22:11:50.215+0100] {dagbag.py:538} INFO - Filling up the DagBag from /home/chrisfleig/.local/lib/python3.10/site-packages/airflow/example_dags/example_branch_datetime_operator.py
[2023-01-03T22:11:50.231+0100] {processor.py:753} INFO - DAG(s) dict_keys(['example_branch_datetime_operator', 'example_branch_datetime_operator_3', 'example_branch_datetime_operator_2']) retrieved from /home/chrisfleig/.local/lib/python3.10/site-packages/airflow/example_dags/example_branch_datetime_operator.py
[2023-01-03T22:11:50.259+0100] {logging_mixin.py:137} INFO - [2023-01-03T22:11:50.259+0100] {dag.py:2676} INFO - Sync 3 DAGs
[2023-01-03T22:11:50.278+0100] {logging_mixin.py:137} INFO - [2023-01-03T22:11:50.278+0100] {dag.py:3423} INFO - Setting next_dagrun for example_branch_datetime_operator to 2023-01-02T00:00:00+00:00, run_after=2023-01-03T00:00:00+00:00
[2023-01-03T22:11:50.283+0100] {logging_mixin.py:137} INFO - [2023-01-03T22:11:50.283+0100] {dag.py:3423} INFO - Setting next_dagrun for example_branch_datetime_operator_2 to 2023-01-02T00:00:00+00:00, run_after=2023-01-03T00:00:00+00:00
[2023-01-03T22:11:50.285+0100] {logging_mixin.py:137} INFO - [2023-01-03T22:11:50.285+0100] {dag.py:3423} INFO - Setting next_dagrun for example_branch_datetime_operator_3 to 2023-01-02T00:00:00+00:00, run_after=2023-01-03T00:00:00+00:00
[2023-01-03T22:11:50.319+0100] {processor.py:175} INFO - Processing /home/chrisfleig/.local/lib/python3.10/site-packages/airflow/example_dags/example_branch_datetime_operator.py took 0.108 seconds
[2023-01-03T22:12:29.352+0100] {processor.py:153} INFO - Started process (PID=8280) to work on /home/chrisfleig/.local/lib/python3.10/site-packages/airflow/example_dags/example_branch_datetime_operator.py
[2023-01-03T22:12:29.354+0100] {processor.py:743} INFO - Processing file /home/chrisfleig/.local/lib/python3.10/site-packages/airflow/example_dags/example_branch_datetime_operator.py for tasks to queue
[2023-01-03T22:12:29.354+0100] {logging_mixin.py:137} INFO - [2023-01-03T22:12:29.354+0100] {dagbag.py:538} INFO - Filling up the DagBag from /home/chrisfleig/.local/lib/python3.10/site-packages/airflow/example_dags/example_branch_datetime_operator.py
[2023-01-03T22:12:29.372+0100] {processor.py:753} INFO - DAG(s) dict_keys(['example_branch_datetime_operator', 'example_branch_datetime_operator_2', 'example_branch_datetime_operator_3']) retrieved from /home/chrisfleig/.local/lib/python3.10/site-packages/airflow/example_dags/example_branch_datetime_operator.py
[2023-01-03T22:12:29.397+0100] {logging_mixin.py:137} INFO - [2023-01-03T22:12:29.396+0100] {dag.py:2676} INFO - Sync 3 DAGs
[2023-01-03T22:12:29.414+0100] {logging_mixin.py:137} INFO - [2023-01-03T22:12:29.414+0100] {dag.py:3423} INFO - Setting next_dagrun for example_branch_datetime_operator to 2023-01-02T00:00:00+00:00, run_after=2023-01-03T00:00:00+00:00
[2023-01-03T22:12:29.418+0100] {logging_mixin.py:137} INFO - [2023-01-03T22:12:29.417+0100] {dag.py:3423} INFO - Setting next_dagrun for example_branch_datetime_operator_2 to 2023-01-02T00:00:00+00:00, run_after=2023-01-03T00:00:00+00:00
[2023-01-03T22:12:29.419+0100] {logging_mixin.py:137} INFO - [2023-01-03T22:12:29.419+0100] {dag.py:3423} INFO - Setting next_dagrun for example_branch_datetime_operator_3 to 2023-01-02T00:00:00+00:00, run_after=2023-01-03T00:00:00+00:00
[2023-01-03T22:12:29.455+0100] {processor.py:175} INFO - Processing /home/chrisfleig/.local/lib/python3.10/site-packages/airflow/example_dags/example_branch_datetime_operator.py took 0.105 seconds
[2023-01-03T22:13:08.418+0100] {processor.py:153} INFO - Started process (PID=8318) to work on /home/chrisfleig/.local/lib/python3.10/site-packages/airflow/example_dags/example_branch_datetime_operator.py
[2023-01-03T22:13:08.419+0100] {processor.py:743} INFO - Processing file /home/chrisfleig/.local/lib/python3.10/site-packages/airflow/example_dags/example_branch_datetime_operator.py for tasks to queue
[2023-01-03T22:13:08.420+0100] {logging_mixin.py:137} INFO - [2023-01-03T22:13:08.420+0100] {dagbag.py:538} INFO - Filling up the DagBag from /home/chrisfleig/.local/lib/python3.10/site-packages/airflow/example_dags/example_branch_datetime_operator.py
[2023-01-03T22:13:08.451+0100] {processor.py:753} INFO - DAG(s) dict_keys(['example_branch_datetime_operator_2', 'example_branch_datetime_operator_3', 'example_branch_datetime_operator']) retrieved from /home/chrisfleig/.local/lib/python3.10/site-packages/airflow/example_dags/example_branch_datetime_operator.py
[2023-01-03T22:13:08.480+0100] {logging_mixin.py:137} INFO - [2023-01-03T22:13:08.480+0100] {dag.py:2676} INFO - Sync 3 DAGs
[2023-01-03T22:13:08.498+0100] {logging_mixin.py:137} INFO - [2023-01-03T22:13:08.498+0100] {dag.py:3423} INFO - Setting next_dagrun for example_branch_datetime_operator to 2023-01-02T00:00:00+00:00, run_after=2023-01-03T00:00:00+00:00
[2023-01-03T22:13:08.502+0100] {logging_mixin.py:137} INFO - [2023-01-03T22:13:08.502+0100] {dag.py:3423} INFO - Setting next_dagrun for example_branch_datetime_operator_2 to 2023-01-02T00:00:00+00:00, run_after=2023-01-03T00:00:00+00:00
[2023-01-03T22:13:08.504+0100] {logging_mixin.py:137} INFO - [2023-01-03T22:13:08.504+0100] {dag.py:3423} INFO - Setting next_dagrun for example_branch_datetime_operator_3 to 2023-01-02T00:00:00+00:00, run_after=2023-01-03T00:00:00+00:00
[2023-01-03T22:13:08.536+0100] {processor.py:175} INFO - Processing /home/chrisfleig/.local/lib/python3.10/site-packages/airflow/example_dags/example_branch_datetime_operator.py took 0.121 seconds
[2023-01-03T22:13:46.646+0100] {processor.py:153} INFO - Started process (PID=8356) to work on /home/chrisfleig/.local/lib/python3.10/site-packages/airflow/example_dags/example_branch_datetime_operator.py
[2023-01-03T22:13:46.647+0100] {processor.py:743} INFO - Processing file /home/chrisfleig/.local/lib/python3.10/site-packages/airflow/example_dags/example_branch_datetime_operator.py for tasks to queue
[2023-01-03T22:13:46.648+0100] {logging_mixin.py:137} INFO - [2023-01-03T22:13:46.648+0100] {dagbag.py:538} INFO - Filling up the DagBag from /home/chrisfleig/.local/lib/python3.10/site-packages/airflow/example_dags/example_branch_datetime_operator.py
[2023-01-03T22:13:46.664+0100] {processor.py:753} INFO - DAG(s) dict_keys(['example_branch_datetime_operator', 'example_branch_datetime_operator_2', 'example_branch_datetime_operator_3']) retrieved from /home/chrisfleig/.local/lib/python3.10/site-packages/airflow/example_dags/example_branch_datetime_operator.py
[2023-01-03T22:13:46.689+0100] {logging_mixin.py:137} INFO - [2023-01-03T22:13:46.689+0100] {dag.py:2676} INFO - Sync 3 DAGs
[2023-01-03T22:13:46.707+0100] {logging_mixin.py:137} INFO - [2023-01-03T22:13:46.707+0100] {dag.py:3423} INFO - Setting next_dagrun for example_branch_datetime_operator to 2023-01-02T00:00:00+00:00, run_after=2023-01-03T00:00:00+00:00
[2023-01-03T22:13:46.711+0100] {logging_mixin.py:137} INFO - [2023-01-03T22:13:46.711+0100] {dag.py:3423} INFO - Setting next_dagrun for example_branch_datetime_operator_2 to 2023-01-02T00:00:00+00:00, run_after=2023-01-03T00:00:00+00:00
[2023-01-03T22:13:46.713+0100] {logging_mixin.py:137} INFO - [2023-01-03T22:13:46.713+0100] {dag.py:3423} INFO - Setting next_dagrun for example_branch_datetime_operator_3 to 2023-01-02T00:00:00+00:00, run_after=2023-01-03T00:00:00+00:00
[2023-01-03T22:13:46.746+0100] {processor.py:175} INFO - Processing /home/chrisfleig/.local/lib/python3.10/site-packages/airflow/example_dags/example_branch_datetime_operator.py took 0.102 seconds
[2023-01-03T22:14:26.872+0100] {processor.py:153} INFO - Started process (PID=8394) to work on /home/chrisfleig/.local/lib/python3.10/site-packages/airflow/example_dags/example_branch_datetime_operator.py
[2023-01-03T22:14:26.873+0100] {processor.py:743} INFO - Processing file /home/chrisfleig/.local/lib/python3.10/site-packages/airflow/example_dags/example_branch_datetime_operator.py for tasks to queue
[2023-01-03T22:14:26.874+0100] {logging_mixin.py:137} INFO - [2023-01-03T22:14:26.874+0100] {dagbag.py:538} INFO - Filling up the DagBag from /home/chrisfleig/.local/lib/python3.10/site-packages/airflow/example_dags/example_branch_datetime_operator.py
[2023-01-03T22:14:26.890+0100] {processor.py:753} INFO - DAG(s) dict_keys(['example_branch_datetime_operator', 'example_branch_datetime_operator_2', 'example_branch_datetime_operator_3']) retrieved from /home/chrisfleig/.local/lib/python3.10/site-packages/airflow/example_dags/example_branch_datetime_operator.py
[2023-01-03T22:14:26.915+0100] {logging_mixin.py:137} INFO - [2023-01-03T22:14:26.915+0100] {dag.py:2676} INFO - Sync 3 DAGs
[2023-01-03T22:14:26.935+0100] {logging_mixin.py:137} INFO - [2023-01-03T22:14:26.935+0100] {dag.py:3423} INFO - Setting next_dagrun for example_branch_datetime_operator to 2023-01-02T00:00:00+00:00, run_after=2023-01-03T00:00:00+00:00
[2023-01-03T22:14:26.939+0100] {logging_mixin.py:137} INFO - [2023-01-03T22:14:26.939+0100] {dag.py:3423} INFO - Setting next_dagrun for example_branch_datetime_operator_2 to 2023-01-02T00:00:00+00:00, run_after=2023-01-03T00:00:00+00:00
[2023-01-03T22:14:26.941+0100] {logging_mixin.py:137} INFO - [2023-01-03T22:14:26.941+0100] {dag.py:3423} INFO - Setting next_dagrun for example_branch_datetime_operator_3 to 2023-01-02T00:00:00+00:00, run_after=2023-01-03T00:00:00+00:00
[2023-01-03T22:14:26.974+0100] {processor.py:175} INFO - Processing /home/chrisfleig/.local/lib/python3.10/site-packages/airflow/example_dags/example_branch_datetime_operator.py took 0.104 seconds
[2023-01-03T22:15:04.722+0100] {processor.py:153} INFO - Started process (PID=8432) to work on /home/chrisfleig/.local/lib/python3.10/site-packages/airflow/example_dags/example_branch_datetime_operator.py
[2023-01-03T22:15:04.723+0100] {processor.py:743} INFO - Processing file /home/chrisfleig/.local/lib/python3.10/site-packages/airflow/example_dags/example_branch_datetime_operator.py for tasks to queue
[2023-01-03T22:15:04.724+0100] {logging_mixin.py:137} INFO - [2023-01-03T22:15:04.724+0100] {dagbag.py:538} INFO - Filling up the DagBag from /home/chrisfleig/.local/lib/python3.10/site-packages/airflow/example_dags/example_branch_datetime_operator.py
[2023-01-03T22:15:04.739+0100] {processor.py:753} INFO - DAG(s) dict_keys(['example_branch_datetime_operator_3', 'example_branch_datetime_operator', 'example_branch_datetime_operator_2']) retrieved from /home/chrisfleig/.local/lib/python3.10/site-packages/airflow/example_dags/example_branch_datetime_operator.py
[2023-01-03T22:15:04.765+0100] {logging_mixin.py:137} INFO - [2023-01-03T22:15:04.764+0100] {dag.py:2676} INFO - Sync 3 DAGs
[2023-01-03T22:15:04.783+0100] {logging_mixin.py:137} INFO - [2023-01-03T22:15:04.783+0100] {dag.py:3423} INFO - Setting next_dagrun for example_branch_datetime_operator to 2023-01-02T00:00:00+00:00, run_after=2023-01-03T00:00:00+00:00
[2023-01-03T22:15:04.787+0100] {logging_mixin.py:137} INFO - [2023-01-03T22:15:04.787+0100] {dag.py:3423} INFO - Setting next_dagrun for example_branch_datetime_operator_2 to 2023-01-02T00:00:00+00:00, run_after=2023-01-03T00:00:00+00:00
[2023-01-03T22:15:04.789+0100] {logging_mixin.py:137} INFO - [2023-01-03T22:15:04.789+0100] {dag.py:3423} INFO - Setting next_dagrun for example_branch_datetime_operator_3 to 2023-01-02T00:00:00+00:00, run_after=2023-01-03T00:00:00+00:00
[2023-01-03T22:15:04.825+0100] {processor.py:175} INFO - Processing /home/chrisfleig/.local/lib/python3.10/site-packages/airflow/example_dags/example_branch_datetime_operator.py took 0.105 seconds
[2023-01-03T22:15:43.522+0100] {processor.py:153} INFO - Started process (PID=8471) to work on /home/chrisfleig/.local/lib/python3.10/site-packages/airflow/example_dags/example_branch_datetime_operator.py
[2023-01-03T22:15:43.523+0100] {processor.py:743} INFO - Processing file /home/chrisfleig/.local/lib/python3.10/site-packages/airflow/example_dags/example_branch_datetime_operator.py for tasks to queue
[2023-01-03T22:15:43.524+0100] {logging_mixin.py:137} INFO - [2023-01-03T22:15:43.524+0100] {dagbag.py:538} INFO - Filling up the DagBag from /home/chrisfleig/.local/lib/python3.10/site-packages/airflow/example_dags/example_branch_datetime_operator.py
[2023-01-03T22:15:43.539+0100] {processor.py:753} INFO - DAG(s) dict_keys(['example_branch_datetime_operator_2', 'example_branch_datetime_operator_3', 'example_branch_datetime_operator']) retrieved from /home/chrisfleig/.local/lib/python3.10/site-packages/airflow/example_dags/example_branch_datetime_operator.py
[2023-01-03T22:15:43.565+0100] {logging_mixin.py:137} INFO - [2023-01-03T22:15:43.565+0100] {dag.py:2676} INFO - Sync 3 DAGs
[2023-01-03T22:15:43.583+0100] {logging_mixin.py:137} INFO - [2023-01-03T22:15:43.583+0100] {dag.py:3423} INFO - Setting next_dagrun for example_branch_datetime_operator to 2023-01-02T00:00:00+00:00, run_after=2023-01-03T00:00:00+00:00
[2023-01-03T22:15:43.587+0100] {logging_mixin.py:137} INFO - [2023-01-03T22:15:43.587+0100] {dag.py:3423} INFO - Setting next_dagrun for example_branch_datetime_operator_2 to 2023-01-02T00:00:00+00:00, run_after=2023-01-03T00:00:00+00:00
[2023-01-03T22:15:43.589+0100] {logging_mixin.py:137} INFO - [2023-01-03T22:15:43.589+0100] {dag.py:3423} INFO - Setting next_dagrun for example_branch_datetime_operator_3 to 2023-01-02T00:00:00+00:00, run_after=2023-01-03T00:00:00+00:00
[2023-01-03T22:15:43.626+0100] {processor.py:175} INFO - Processing /home/chrisfleig/.local/lib/python3.10/site-packages/airflow/example_dags/example_branch_datetime_operator.py took 0.106 seconds
[2023-01-03T22:31:39.032+0100] {processor.py:153} INFO - Started process (PID=8567) to work on /home/chrisfleig/.local/lib/python3.10/site-packages/airflow/example_dags/example_branch_datetime_operator.py
[2023-01-03T22:31:39.033+0100] {processor.py:743} INFO - Processing file /home/chrisfleig/.local/lib/python3.10/site-packages/airflow/example_dags/example_branch_datetime_operator.py for tasks to queue
[2023-01-03T22:31:39.034+0100] {logging_mixin.py:137} INFO - [2023-01-03T22:31:39.033+0100] {dagbag.py:538} INFO - Filling up the DagBag from /home/chrisfleig/.local/lib/python3.10/site-packages/airflow/example_dags/example_branch_datetime_operator.py
[2023-01-03T22:31:39.059+0100] {processor.py:753} INFO - DAG(s) dict_keys(['example_branch_datetime_operator_2', 'example_branch_datetime_operator', 'example_branch_datetime_operator_3']) retrieved from /home/chrisfleig/.local/lib/python3.10/site-packages/airflow/example_dags/example_branch_datetime_operator.py
[2023-01-03T22:31:39.080+0100] {logging_mixin.py:137} INFO - [2023-01-03T22:31:39.080+0100] {dag.py:2676} INFO - Sync 3 DAGs
[2023-01-03T22:31:39.115+0100] {logging_mixin.py:137} INFO - [2023-01-03T22:31:39.115+0100] {dag.py:3423} INFO - Setting next_dagrun for example_branch_datetime_operator to 2023-01-02T00:00:00+00:00, run_after=2023-01-03T00:00:00+00:00
[2023-01-03T22:31:39.121+0100] {logging_mixin.py:137} INFO - [2023-01-03T22:31:39.121+0100] {dag.py:3423} INFO - Setting next_dagrun for example_branch_datetime_operator_2 to 2023-01-02T00:00:00+00:00, run_after=2023-01-03T00:00:00+00:00
[2023-01-03T22:31:39.124+0100] {logging_mixin.py:137} INFO - [2023-01-03T22:31:39.124+0100] {dag.py:3423} INFO - Setting next_dagrun for example_branch_datetime_operator_3 to 2023-01-02T00:00:00+00:00, run_after=2023-01-03T00:00:00+00:00
[2023-01-03T22:31:39.172+0100] {processor.py:175} INFO - Processing /home/chrisfleig/.local/lib/python3.10/site-packages/airflow/example_dags/example_branch_datetime_operator.py took 0.145 seconds
[2023-01-03T22:32:18.272+0100] {processor.py:153} INFO - Started process (PID=8605) to work on /home/chrisfleig/.local/lib/python3.10/site-packages/airflow/example_dags/example_branch_datetime_operator.py
[2023-01-03T22:32:18.273+0100] {processor.py:743} INFO - Processing file /home/chrisfleig/.local/lib/python3.10/site-packages/airflow/example_dags/example_branch_datetime_operator.py for tasks to queue
[2023-01-03T22:32:18.274+0100] {logging_mixin.py:137} INFO - [2023-01-03T22:32:18.273+0100] {dagbag.py:538} INFO - Filling up the DagBag from /home/chrisfleig/.local/lib/python3.10/site-packages/airflow/example_dags/example_branch_datetime_operator.py
[2023-01-03T22:32:18.289+0100] {processor.py:753} INFO - DAG(s) dict_keys(['example_branch_datetime_operator_3', 'example_branch_datetime_operator_2', 'example_branch_datetime_operator']) retrieved from /home/chrisfleig/.local/lib/python3.10/site-packages/airflow/example_dags/example_branch_datetime_operator.py
[2023-01-03T22:32:18.314+0100] {logging_mixin.py:137} INFO - [2023-01-03T22:32:18.314+0100] {dag.py:2676} INFO - Sync 3 DAGs
[2023-01-03T22:32:18.333+0100] {logging_mixin.py:137} INFO - [2023-01-03T22:32:18.333+0100] {dag.py:3423} INFO - Setting next_dagrun for example_branch_datetime_operator to 2023-01-02T00:00:00+00:00, run_after=2023-01-03T00:00:00+00:00
[2023-01-03T22:32:18.337+0100] {logging_mixin.py:137} INFO - [2023-01-03T22:32:18.337+0100] {dag.py:3423} INFO - Setting next_dagrun for example_branch_datetime_operator_2 to 2023-01-02T00:00:00+00:00, run_after=2023-01-03T00:00:00+00:00
[2023-01-03T22:32:18.339+0100] {logging_mixin.py:137} INFO - [2023-01-03T22:32:18.339+0100] {dag.py:3423} INFO - Setting next_dagrun for example_branch_datetime_operator_3 to 2023-01-02T00:00:00+00:00, run_after=2023-01-03T00:00:00+00:00
[2023-01-03T22:32:18.372+0100] {processor.py:175} INFO - Processing /home/chrisfleig/.local/lib/python3.10/site-packages/airflow/example_dags/example_branch_datetime_operator.py took 0.102 seconds
[2023-01-03T22:32:57.512+0100] {processor.py:153} INFO - Started process (PID=8643) to work on /home/chrisfleig/.local/lib/python3.10/site-packages/airflow/example_dags/example_branch_datetime_operator.py
[2023-01-03T22:32:57.513+0100] {processor.py:743} INFO - Processing file /home/chrisfleig/.local/lib/python3.10/site-packages/airflow/example_dags/example_branch_datetime_operator.py for tasks to queue
[2023-01-03T22:32:57.514+0100] {logging_mixin.py:137} INFO - [2023-01-03T22:32:57.514+0100] {dagbag.py:538} INFO - Filling up the DagBag from /home/chrisfleig/.local/lib/python3.10/site-packages/airflow/example_dags/example_branch_datetime_operator.py
[2023-01-03T22:32:57.528+0100] {processor.py:753} INFO - DAG(s) dict_keys(['example_branch_datetime_operator_3', 'example_branch_datetime_operator', 'example_branch_datetime_operator_2']) retrieved from /home/chrisfleig/.local/lib/python3.10/site-packages/airflow/example_dags/example_branch_datetime_operator.py
[2023-01-03T22:32:57.553+0100] {logging_mixin.py:137} INFO - [2023-01-03T22:32:57.553+0100] {dag.py:2676} INFO - Sync 3 DAGs
[2023-01-03T22:32:57.570+0100] {logging_mixin.py:137} INFO - [2023-01-03T22:32:57.570+0100] {dag.py:3423} INFO - Setting next_dagrun for example_branch_datetime_operator to 2023-01-02T00:00:00+00:00, run_after=2023-01-03T00:00:00+00:00
[2023-01-03T22:32:57.575+0100] {logging_mixin.py:137} INFO - [2023-01-03T22:32:57.575+0100] {dag.py:3423} INFO - Setting next_dagrun for example_branch_datetime_operator_2 to 2023-01-02T00:00:00+00:00, run_after=2023-01-03T00:00:00+00:00
[2023-01-03T22:32:57.577+0100] {logging_mixin.py:137} INFO - [2023-01-03T22:32:57.577+0100] {dag.py:3423} INFO - Setting next_dagrun for example_branch_datetime_operator_3 to 2023-01-02T00:00:00+00:00, run_after=2023-01-03T00:00:00+00:00
[2023-01-03T22:32:57.609+0100] {processor.py:175} INFO - Processing /home/chrisfleig/.local/lib/python3.10/site-packages/airflow/example_dags/example_branch_datetime_operator.py took 0.099 seconds
[2023-01-03T22:33:36.026+0100] {processor.py:153} INFO - Started process (PID=8681) to work on /home/chrisfleig/.local/lib/python3.10/site-packages/airflow/example_dags/example_branch_datetime_operator.py
[2023-01-03T22:33:36.027+0100] {processor.py:743} INFO - Processing file /home/chrisfleig/.local/lib/python3.10/site-packages/airflow/example_dags/example_branch_datetime_operator.py for tasks to queue
[2023-01-03T22:33:36.028+0100] {logging_mixin.py:137} INFO - [2023-01-03T22:33:36.028+0100] {dagbag.py:538} INFO - Filling up the DagBag from /home/chrisfleig/.local/lib/python3.10/site-packages/airflow/example_dags/example_branch_datetime_operator.py
[2023-01-03T22:33:36.048+0100] {processor.py:753} INFO - DAG(s) dict_keys(['example_branch_datetime_operator_2', 'example_branch_datetime_operator_3', 'example_branch_datetime_operator']) retrieved from /home/chrisfleig/.local/lib/python3.10/site-packages/airflow/example_dags/example_branch_datetime_operator.py
[2023-01-03T22:33:36.078+0100] {logging_mixin.py:137} INFO - [2023-01-03T22:33:36.078+0100] {dag.py:2676} INFO - Sync 3 DAGs
[2023-01-03T22:33:36.096+0100] {logging_mixin.py:137} INFO - [2023-01-03T22:33:36.096+0100] {dag.py:3423} INFO - Setting next_dagrun for example_branch_datetime_operator to 2023-01-02T00:00:00+00:00, run_after=2023-01-03T00:00:00+00:00
[2023-01-03T22:33:36.100+0100] {logging_mixin.py:137} INFO - [2023-01-03T22:33:36.100+0100] {dag.py:3423} INFO - Setting next_dagrun for example_branch_datetime_operator_2 to 2023-01-02T00:00:00+00:00, run_after=2023-01-03T00:00:00+00:00
[2023-01-03T22:33:36.102+0100] {logging_mixin.py:137} INFO - [2023-01-03T22:33:36.102+0100] {dag.py:3423} INFO - Setting next_dagrun for example_branch_datetime_operator_3 to 2023-01-02T00:00:00+00:00, run_after=2023-01-03T00:00:00+00:00
[2023-01-03T22:33:36.137+0100] {processor.py:175} INFO - Processing /home/chrisfleig/.local/lib/python3.10/site-packages/airflow/example_dags/example_branch_datetime_operator.py took 0.113 seconds
[2023-01-03T22:34:16.101+0100] {processor.py:153} INFO - Started process (PID=8719) to work on /home/chrisfleig/.local/lib/python3.10/site-packages/airflow/example_dags/example_branch_datetime_operator.py
[2023-01-03T22:34:16.102+0100] {processor.py:743} INFO - Processing file /home/chrisfleig/.local/lib/python3.10/site-packages/airflow/example_dags/example_branch_datetime_operator.py for tasks to queue
[2023-01-03T22:34:16.102+0100] {logging_mixin.py:137} INFO - [2023-01-03T22:34:16.102+0100] {dagbag.py:538} INFO - Filling up the DagBag from /home/chrisfleig/.local/lib/python3.10/site-packages/airflow/example_dags/example_branch_datetime_operator.py
[2023-01-03T22:34:16.119+0100] {processor.py:753} INFO - DAG(s) dict_keys(['example_branch_datetime_operator', 'example_branch_datetime_operator_3', 'example_branch_datetime_operator_2']) retrieved from /home/chrisfleig/.local/lib/python3.10/site-packages/airflow/example_dags/example_branch_datetime_operator.py
[2023-01-03T22:34:16.144+0100] {logging_mixin.py:137} INFO - [2023-01-03T22:34:16.144+0100] {dag.py:2676} INFO - Sync 3 DAGs
[2023-01-03T22:34:16.162+0100] {logging_mixin.py:137} INFO - [2023-01-03T22:34:16.162+0100] {dag.py:3423} INFO - Setting next_dagrun for example_branch_datetime_operator to 2023-01-02T00:00:00+00:00, run_after=2023-01-03T00:00:00+00:00
[2023-01-03T22:34:16.168+0100] {logging_mixin.py:137} INFO - [2023-01-03T22:34:16.167+0100] {dag.py:3423} INFO - Setting next_dagrun for example_branch_datetime_operator_2 to 2023-01-02T00:00:00+00:00, run_after=2023-01-03T00:00:00+00:00
[2023-01-03T22:34:16.170+0100] {logging_mixin.py:137} INFO - [2023-01-03T22:34:16.170+0100] {dag.py:3423} INFO - Setting next_dagrun for example_branch_datetime_operator_3 to 2023-01-02T00:00:00+00:00, run_after=2023-01-03T00:00:00+00:00
[2023-01-03T22:34:16.204+0100] {processor.py:175} INFO - Processing /home/chrisfleig/.local/lib/python3.10/site-packages/airflow/example_dags/example_branch_datetime_operator.py took 0.107 seconds
[2023-01-03T22:34:55.376+0100] {processor.py:153} INFO - Started process (PID=8757) to work on /home/chrisfleig/.local/lib/python3.10/site-packages/airflow/example_dags/example_branch_datetime_operator.py
[2023-01-03T22:34:55.378+0100] {processor.py:743} INFO - Processing file /home/chrisfleig/.local/lib/python3.10/site-packages/airflow/example_dags/example_branch_datetime_operator.py for tasks to queue
[2023-01-03T22:34:55.378+0100] {logging_mixin.py:137} INFO - [2023-01-03T22:34:55.378+0100] {dagbag.py:538} INFO - Filling up the DagBag from /home/chrisfleig/.local/lib/python3.10/site-packages/airflow/example_dags/example_branch_datetime_operator.py
[2023-01-03T22:34:55.395+0100] {processor.py:753} INFO - DAG(s) dict_keys(['example_branch_datetime_operator_2', 'example_branch_datetime_operator', 'example_branch_datetime_operator_3']) retrieved from /home/chrisfleig/.local/lib/python3.10/site-packages/airflow/example_dags/example_branch_datetime_operator.py
[2023-01-03T22:34:55.421+0100] {logging_mixin.py:137} INFO - [2023-01-03T22:34:55.421+0100] {dag.py:2676} INFO - Sync 3 DAGs
[2023-01-03T22:34:55.440+0100] {logging_mixin.py:137} INFO - [2023-01-03T22:34:55.440+0100] {dag.py:3423} INFO - Setting next_dagrun for example_branch_datetime_operator to 2023-01-02T00:00:00+00:00, run_after=2023-01-03T00:00:00+00:00
[2023-01-03T22:34:55.444+0100] {logging_mixin.py:137} INFO - [2023-01-03T22:34:55.444+0100] {dag.py:3423} INFO - Setting next_dagrun for example_branch_datetime_operator_2 to 2023-01-02T00:00:00+00:00, run_after=2023-01-03T00:00:00+00:00
[2023-01-03T22:34:55.446+0100] {logging_mixin.py:137} INFO - [2023-01-03T22:34:55.446+0100] {dag.py:3423} INFO - Setting next_dagrun for example_branch_datetime_operator_3 to 2023-01-02T00:00:00+00:00, run_after=2023-01-03T00:00:00+00:00
[2023-01-03T22:34:55.481+0100] {processor.py:175} INFO - Processing /home/chrisfleig/.local/lib/python3.10/site-packages/airflow/example_dags/example_branch_datetime_operator.py took 0.107 seconds
[2023-01-03T22:35:35.208+0100] {processor.py:153} INFO - Started process (PID=8795) to work on /home/chrisfleig/.local/lib/python3.10/site-packages/airflow/example_dags/example_branch_datetime_operator.py
[2023-01-03T22:35:35.210+0100] {processor.py:743} INFO - Processing file /home/chrisfleig/.local/lib/python3.10/site-packages/airflow/example_dags/example_branch_datetime_operator.py for tasks to queue
[2023-01-03T22:35:35.211+0100] {logging_mixin.py:137} INFO - [2023-01-03T22:35:35.211+0100] {dagbag.py:538} INFO - Filling up the DagBag from /home/chrisfleig/.local/lib/python3.10/site-packages/airflow/example_dags/example_branch_datetime_operator.py
[2023-01-03T22:35:35.251+0100] {processor.py:753} INFO - DAG(s) dict_keys(['example_branch_datetime_operator_2', 'example_branch_datetime_operator', 'example_branch_datetime_operator_3']) retrieved from /home/chrisfleig/.local/lib/python3.10/site-packages/airflow/example_dags/example_branch_datetime_operator.py
[2023-01-03T22:35:35.280+0100] {logging_mixin.py:137} INFO - [2023-01-03T22:35:35.279+0100] {dag.py:2676} INFO - Sync 3 DAGs
[2023-01-03T22:35:35.297+0100] {logging_mixin.py:137} INFO - [2023-01-03T22:35:35.297+0100] {dag.py:3423} INFO - Setting next_dagrun for example_branch_datetime_operator to 2023-01-02T00:00:00+00:00, run_after=2023-01-03T00:00:00+00:00
[2023-01-03T22:35:35.302+0100] {logging_mixin.py:137} INFO - [2023-01-03T22:35:35.302+0100] {dag.py:3423} INFO - Setting next_dagrun for example_branch_datetime_operator_2 to 2023-01-02T00:00:00+00:00, run_after=2023-01-03T00:00:00+00:00
[2023-01-03T22:35:35.304+0100] {logging_mixin.py:137} INFO - [2023-01-03T22:35:35.304+0100] {dag.py:3423} INFO - Setting next_dagrun for example_branch_datetime_operator_3 to 2023-01-02T00:00:00+00:00, run_after=2023-01-03T00:00:00+00:00
[2023-01-03T22:35:35.337+0100] {processor.py:175} INFO - Processing /home/chrisfleig/.local/lib/python3.10/site-packages/airflow/example_dags/example_branch_datetime_operator.py took 0.132 seconds
[2023-01-03T22:36:13.997+0100] {processor.py:153} INFO - Started process (PID=8833) to work on /home/chrisfleig/.local/lib/python3.10/site-packages/airflow/example_dags/example_branch_datetime_operator.py
[2023-01-03T22:36:13.999+0100] {processor.py:743} INFO - Processing file /home/chrisfleig/.local/lib/python3.10/site-packages/airflow/example_dags/example_branch_datetime_operator.py for tasks to queue
[2023-01-03T22:36:13.999+0100] {logging_mixin.py:137} INFO - [2023-01-03T22:36:13.999+0100] {dagbag.py:538} INFO - Filling up the DagBag from /home/chrisfleig/.local/lib/python3.10/site-packages/airflow/example_dags/example_branch_datetime_operator.py
[2023-01-03T22:36:14.018+0100] {processor.py:753} INFO - DAG(s) dict_keys(['example_branch_datetime_operator_3', 'example_branch_datetime_operator_2', 'example_branch_datetime_operator']) retrieved from /home/chrisfleig/.local/lib/python3.10/site-packages/airflow/example_dags/example_branch_datetime_operator.py
[2023-01-03T22:36:14.048+0100] {logging_mixin.py:137} INFO - [2023-01-03T22:36:14.048+0100] {dag.py:2676} INFO - Sync 3 DAGs
[2023-01-03T22:36:14.070+0100] {logging_mixin.py:137} INFO - [2023-01-03T22:36:14.070+0100] {dag.py:3423} INFO - Setting next_dagrun for example_branch_datetime_operator to 2023-01-02T00:00:00+00:00, run_after=2023-01-03T00:00:00+00:00
[2023-01-03T22:36:14.074+0100] {logging_mixin.py:137} INFO - [2023-01-03T22:36:14.074+0100] {dag.py:3423} INFO - Setting next_dagrun for example_branch_datetime_operator_2 to 2023-01-02T00:00:00+00:00, run_after=2023-01-03T00:00:00+00:00
[2023-01-03T22:36:14.076+0100] {logging_mixin.py:137} INFO - [2023-01-03T22:36:14.076+0100] {dag.py:3423} INFO - Setting next_dagrun for example_branch_datetime_operator_3 to 2023-01-02T00:00:00+00:00, run_after=2023-01-03T00:00:00+00:00
[2023-01-03T22:36:14.115+0100] {processor.py:175} INFO - Processing /home/chrisfleig/.local/lib/python3.10/site-packages/airflow/example_dags/example_branch_datetime_operator.py took 0.122 seconds
[2023-01-03T22:36:51.603+0100] {processor.py:153} INFO - Started process (PID=8871) to work on /home/chrisfleig/.local/lib/python3.10/site-packages/airflow/example_dags/example_branch_datetime_operator.py
[2023-01-03T22:36:51.604+0100] {processor.py:743} INFO - Processing file /home/chrisfleig/.local/lib/python3.10/site-packages/airflow/example_dags/example_branch_datetime_operator.py for tasks to queue
[2023-01-03T22:36:51.604+0100] {logging_mixin.py:137} INFO - [2023-01-03T22:36:51.604+0100] {dagbag.py:538} INFO - Filling up the DagBag from /home/chrisfleig/.local/lib/python3.10/site-packages/airflow/example_dags/example_branch_datetime_operator.py
[2023-01-03T22:36:51.622+0100] {processor.py:753} INFO - DAG(s) dict_keys(['example_branch_datetime_operator_2', 'example_branch_datetime_operator_3', 'example_branch_datetime_operator']) retrieved from /home/chrisfleig/.local/lib/python3.10/site-packages/airflow/example_dags/example_branch_datetime_operator.py
[2023-01-03T22:36:51.657+0100] {logging_mixin.py:137} INFO - [2023-01-03T22:36:51.656+0100] {dag.py:2676} INFO - Sync 3 DAGs
[2023-01-03T22:36:51.682+0100] {logging_mixin.py:137} INFO - [2023-01-03T22:36:51.681+0100] {dag.py:3423} INFO - Setting next_dagrun for example_branch_datetime_operator to 2023-01-02T00:00:00+00:00, run_after=2023-01-03T00:00:00+00:00
[2023-01-03T22:36:51.686+0100] {logging_mixin.py:137} INFO - [2023-01-03T22:36:51.686+0100] {dag.py:3423} INFO - Setting next_dagrun for example_branch_datetime_operator_2 to 2023-01-02T00:00:00+00:00, run_after=2023-01-03T00:00:00+00:00
[2023-01-03T22:36:51.688+0100] {logging_mixin.py:137} INFO - [2023-01-03T22:36:51.688+0100] {dag.py:3423} INFO - Setting next_dagrun for example_branch_datetime_operator_3 to 2023-01-02T00:00:00+00:00, run_after=2023-01-03T00:00:00+00:00
[2023-01-03T22:36:51.726+0100] {processor.py:175} INFO - Processing /home/chrisfleig/.local/lib/python3.10/site-packages/airflow/example_dags/example_branch_datetime_operator.py took 0.127 seconds
[2023-01-03T22:37:29.829+0100] {processor.py:153} INFO - Started process (PID=8909) to work on /home/chrisfleig/.local/lib/python3.10/site-packages/airflow/example_dags/example_branch_datetime_operator.py
[2023-01-03T22:37:29.830+0100] {processor.py:743} INFO - Processing file /home/chrisfleig/.local/lib/python3.10/site-packages/airflow/example_dags/example_branch_datetime_operator.py for tasks to queue
[2023-01-03T22:37:29.831+0100] {logging_mixin.py:137} INFO - [2023-01-03T22:37:29.830+0100] {dagbag.py:538} INFO - Filling up the DagBag from /home/chrisfleig/.local/lib/python3.10/site-packages/airflow/example_dags/example_branch_datetime_operator.py
[2023-01-03T22:37:29.848+0100] {processor.py:753} INFO - DAG(s) dict_keys(['example_branch_datetime_operator_2', 'example_branch_datetime_operator', 'example_branch_datetime_operator_3']) retrieved from /home/chrisfleig/.local/lib/python3.10/site-packages/airflow/example_dags/example_branch_datetime_operator.py
[2023-01-03T22:37:29.877+0100] {logging_mixin.py:137} INFO - [2023-01-03T22:37:29.877+0100] {dag.py:2676} INFO - Sync 3 DAGs
[2023-01-03T22:37:29.896+0100] {logging_mixin.py:137} INFO - [2023-01-03T22:37:29.896+0100] {dag.py:3423} INFO - Setting next_dagrun for example_branch_datetime_operator to 2023-01-02T00:00:00+00:00, run_after=2023-01-03T00:00:00+00:00
[2023-01-03T22:37:29.900+0100] {logging_mixin.py:137} INFO - [2023-01-03T22:37:29.900+0100] {dag.py:3423} INFO - Setting next_dagrun for example_branch_datetime_operator_2 to 2023-01-02T00:00:00+00:00, run_after=2023-01-03T00:00:00+00:00
[2023-01-03T22:37:29.902+0100] {logging_mixin.py:137} INFO - [2023-01-03T22:37:29.902+0100] {dag.py:3423} INFO - Setting next_dagrun for example_branch_datetime_operator_3 to 2023-01-02T00:00:00+00:00, run_after=2023-01-03T00:00:00+00:00
[2023-01-03T22:37:29.940+0100] {processor.py:175} INFO - Processing /home/chrisfleig/.local/lib/python3.10/site-packages/airflow/example_dags/example_branch_datetime_operator.py took 0.114 seconds
[2023-01-03T22:38:08.238+0100] {processor.py:153} INFO - Started process (PID=8947) to work on /home/chrisfleig/.local/lib/python3.10/site-packages/airflow/example_dags/example_branch_datetime_operator.py
[2023-01-03T22:38:08.239+0100] {processor.py:743} INFO - Processing file /home/chrisfleig/.local/lib/python3.10/site-packages/airflow/example_dags/example_branch_datetime_operator.py for tasks to queue
[2023-01-03T22:38:08.239+0100] {logging_mixin.py:137} INFO - [2023-01-03T22:38:08.239+0100] {dagbag.py:538} INFO - Filling up the DagBag from /home/chrisfleig/.local/lib/python3.10/site-packages/airflow/example_dags/example_branch_datetime_operator.py
[2023-01-03T22:38:08.254+0100] {processor.py:753} INFO - DAG(s) dict_keys(['example_branch_datetime_operator_3', 'example_branch_datetime_operator', 'example_branch_datetime_operator_2']) retrieved from /home/chrisfleig/.local/lib/python3.10/site-packages/airflow/example_dags/example_branch_datetime_operator.py
[2023-01-03T22:38:08.278+0100] {logging_mixin.py:137} INFO - [2023-01-03T22:38:08.278+0100] {dag.py:2676} INFO - Sync 3 DAGs
[2023-01-03T22:38:08.295+0100] {logging_mixin.py:137} INFO - [2023-01-03T22:38:08.295+0100] {dag.py:3423} INFO - Setting next_dagrun for example_branch_datetime_operator to 2023-01-02T00:00:00+00:00, run_after=2023-01-03T00:00:00+00:00
[2023-01-03T22:38:08.299+0100] {logging_mixin.py:137} INFO - [2023-01-03T22:38:08.299+0100] {dag.py:3423} INFO - Setting next_dagrun for example_branch_datetime_operator_2 to 2023-01-02T00:00:00+00:00, run_after=2023-01-03T00:00:00+00:00
[2023-01-03T22:38:08.301+0100] {logging_mixin.py:137} INFO - [2023-01-03T22:38:08.301+0100] {dag.py:3423} INFO - Setting next_dagrun for example_branch_datetime_operator_3 to 2023-01-02T00:00:00+00:00, run_after=2023-01-03T00:00:00+00:00
[2023-01-03T22:38:08.334+0100] {processor.py:175} INFO - Processing /home/chrisfleig/.local/lib/python3.10/site-packages/airflow/example_dags/example_branch_datetime_operator.py took 0.100 seconds
[2023-01-03T22:38:47.097+0100] {processor.py:153} INFO - Started process (PID=8985) to work on /home/chrisfleig/.local/lib/python3.10/site-packages/airflow/example_dags/example_branch_datetime_operator.py
[2023-01-03T22:38:47.098+0100] {processor.py:743} INFO - Processing file /home/chrisfleig/.local/lib/python3.10/site-packages/airflow/example_dags/example_branch_datetime_operator.py for tasks to queue
[2023-01-03T22:38:47.099+0100] {logging_mixin.py:137} INFO - [2023-01-03T22:38:47.098+0100] {dagbag.py:538} INFO - Filling up the DagBag from /home/chrisfleig/.local/lib/python3.10/site-packages/airflow/example_dags/example_branch_datetime_operator.py
[2023-01-03T22:38:47.115+0100] {processor.py:753} INFO - DAG(s) dict_keys(['example_branch_datetime_operator_3', 'example_branch_datetime_operator', 'example_branch_datetime_operator_2']) retrieved from /home/chrisfleig/.local/lib/python3.10/site-packages/airflow/example_dags/example_branch_datetime_operator.py
[2023-01-03T22:38:47.140+0100] {logging_mixin.py:137} INFO - [2023-01-03T22:38:47.140+0100] {dag.py:2676} INFO - Sync 3 DAGs
[2023-01-03T22:38:47.159+0100] {logging_mixin.py:137} INFO - [2023-01-03T22:38:47.158+0100] {dag.py:3423} INFO - Setting next_dagrun for example_branch_datetime_operator to 2023-01-02T00:00:00+00:00, run_after=2023-01-03T00:00:00+00:00
[2023-01-03T22:38:47.162+0100] {logging_mixin.py:137} INFO - [2023-01-03T22:38:47.162+0100] {dag.py:3423} INFO - Setting next_dagrun for example_branch_datetime_operator_2 to 2023-01-02T00:00:00+00:00, run_after=2023-01-03T00:00:00+00:00
[2023-01-03T22:38:47.164+0100] {logging_mixin.py:137} INFO - [2023-01-03T22:38:47.164+0100] {dag.py:3423} INFO - Setting next_dagrun for example_branch_datetime_operator_3 to 2023-01-02T00:00:00+00:00, run_after=2023-01-03T00:00:00+00:00
[2023-01-03T22:38:47.201+0100] {processor.py:175} INFO - Processing /home/chrisfleig/.local/lib/python3.10/site-packages/airflow/example_dags/example_branch_datetime_operator.py took 0.106 seconds
[2023-01-03T22:39:25.583+0100] {processor.py:153} INFO - Started process (PID=9023) to work on /home/chrisfleig/.local/lib/python3.10/site-packages/airflow/example_dags/example_branch_datetime_operator.py
[2023-01-03T22:39:25.597+0100] {processor.py:743} INFO - Processing file /home/chrisfleig/.local/lib/python3.10/site-packages/airflow/example_dags/example_branch_datetime_operator.py for tasks to queue
[2023-01-03T22:39:25.598+0100] {logging_mixin.py:137} INFO - [2023-01-03T22:39:25.598+0100] {dagbag.py:538} INFO - Filling up the DagBag from /home/chrisfleig/.local/lib/python3.10/site-packages/airflow/example_dags/example_branch_datetime_operator.py
[2023-01-03T22:39:25.618+0100] {processor.py:753} INFO - DAG(s) dict_keys(['example_branch_datetime_operator_3', 'example_branch_datetime_operator_2', 'example_branch_datetime_operator']) retrieved from /home/chrisfleig/.local/lib/python3.10/site-packages/airflow/example_dags/example_branch_datetime_operator.py
[2023-01-03T22:39:25.646+0100] {logging_mixin.py:137} INFO - [2023-01-03T22:39:25.646+0100] {dag.py:2676} INFO - Sync 3 DAGs
[2023-01-03T22:39:25.665+0100] {logging_mixin.py:137} INFO - [2023-01-03T22:39:25.665+0100] {dag.py:3423} INFO - Setting next_dagrun for example_branch_datetime_operator to 2023-01-02T00:00:00+00:00, run_after=2023-01-03T00:00:00+00:00
[2023-01-03T22:39:25.669+0100] {logging_mixin.py:137} INFO - [2023-01-03T22:39:25.669+0100] {dag.py:3423} INFO - Setting next_dagrun for example_branch_datetime_operator_2 to 2023-01-02T00:00:00+00:00, run_after=2023-01-03T00:00:00+00:00
[2023-01-03T22:39:25.671+0100] {logging_mixin.py:137} INFO - [2023-01-03T22:39:25.671+0100] {dag.py:3423} INFO - Setting next_dagrun for example_branch_datetime_operator_3 to 2023-01-02T00:00:00+00:00, run_after=2023-01-03T00:00:00+00:00
[2023-01-03T22:39:25.709+0100] {processor.py:175} INFO - Processing /home/chrisfleig/.local/lib/python3.10/site-packages/airflow/example_dags/example_branch_datetime_operator.py took 0.129 seconds
[2023-01-03T22:40:06.450+0100] {processor.py:153} INFO - Started process (PID=9061) to work on /home/chrisfleig/.local/lib/python3.10/site-packages/airflow/example_dags/example_branch_datetime_operator.py
[2023-01-03T22:40:06.451+0100] {processor.py:743} INFO - Processing file /home/chrisfleig/.local/lib/python3.10/site-packages/airflow/example_dags/example_branch_datetime_operator.py for tasks to queue
[2023-01-03T22:40:06.452+0100] {logging_mixin.py:137} INFO - [2023-01-03T22:40:06.452+0100] {dagbag.py:538} INFO - Filling up the DagBag from /home/chrisfleig/.local/lib/python3.10/site-packages/airflow/example_dags/example_branch_datetime_operator.py
[2023-01-03T22:40:06.466+0100] {processor.py:753} INFO - DAG(s) dict_keys(['example_branch_datetime_operator_2', 'example_branch_datetime_operator', 'example_branch_datetime_operator_3']) retrieved from /home/chrisfleig/.local/lib/python3.10/site-packages/airflow/example_dags/example_branch_datetime_operator.py
[2023-01-03T22:40:06.490+0100] {logging_mixin.py:137} INFO - [2023-01-03T22:40:06.490+0100] {dag.py:2676} INFO - Sync 3 DAGs
[2023-01-03T22:40:06.507+0100] {logging_mixin.py:137} INFO - [2023-01-03T22:40:06.507+0100] {dag.py:3423} INFO - Setting next_dagrun for example_branch_datetime_operator to 2023-01-02T00:00:00+00:00, run_after=2023-01-03T00:00:00+00:00
[2023-01-03T22:40:06.512+0100] {logging_mixin.py:137} INFO - [2023-01-03T22:40:06.512+0100] {dag.py:3423} INFO - Setting next_dagrun for example_branch_datetime_operator_2 to 2023-01-02T00:00:00+00:00, run_after=2023-01-03T00:00:00+00:00
[2023-01-03T22:40:06.514+0100] {logging_mixin.py:137} INFO - [2023-01-03T22:40:06.514+0100] {dag.py:3423} INFO - Setting next_dagrun for example_branch_datetime_operator_3 to 2023-01-02T00:00:00+00:00, run_after=2023-01-03T00:00:00+00:00
[2023-01-03T22:40:06.547+0100] {processor.py:175} INFO - Processing /home/chrisfleig/.local/lib/python3.10/site-packages/airflow/example_dags/example_branch_datetime_operator.py took 0.100 seconds
[2023-01-03T22:40:44.446+0100] {processor.py:153} INFO - Started process (PID=9099) to work on /home/chrisfleig/.local/lib/python3.10/site-packages/airflow/example_dags/example_branch_datetime_operator.py
[2023-01-03T22:40:44.447+0100] {processor.py:743} INFO - Processing file /home/chrisfleig/.local/lib/python3.10/site-packages/airflow/example_dags/example_branch_datetime_operator.py for tasks to queue
[2023-01-03T22:40:44.448+0100] {logging_mixin.py:137} INFO - [2023-01-03T22:40:44.447+0100] {dagbag.py:538} INFO - Filling up the DagBag from /home/chrisfleig/.local/lib/python3.10/site-packages/airflow/example_dags/example_branch_datetime_operator.py
[2023-01-03T22:40:44.468+0100] {processor.py:753} INFO - DAG(s) dict_keys(['example_branch_datetime_operator', 'example_branch_datetime_operator_2', 'example_branch_datetime_operator_3']) retrieved from /home/chrisfleig/.local/lib/python3.10/site-packages/airflow/example_dags/example_branch_datetime_operator.py
[2023-01-03T22:40:44.495+0100] {logging_mixin.py:137} INFO - [2023-01-03T22:40:44.495+0100] {dag.py:2676} INFO - Sync 3 DAGs
[2023-01-03T22:40:44.514+0100] {logging_mixin.py:137} INFO - [2023-01-03T22:40:44.514+0100] {dag.py:3423} INFO - Setting next_dagrun for example_branch_datetime_operator to 2023-01-02T00:00:00+00:00, run_after=2023-01-03T00:00:00+00:00
[2023-01-03T22:40:44.518+0100] {logging_mixin.py:137} INFO - [2023-01-03T22:40:44.518+0100] {dag.py:3423} INFO - Setting next_dagrun for example_branch_datetime_operator_2 to 2023-01-02T00:00:00+00:00, run_after=2023-01-03T00:00:00+00:00
[2023-01-03T22:40:44.520+0100] {logging_mixin.py:137} INFO - [2023-01-03T22:40:44.520+0100] {dag.py:3423} INFO - Setting next_dagrun for example_branch_datetime_operator_3 to 2023-01-02T00:00:00+00:00, run_after=2023-01-03T00:00:00+00:00
[2023-01-03T22:40:44.553+0100] {processor.py:175} INFO - Processing /home/chrisfleig/.local/lib/python3.10/site-packages/airflow/example_dags/example_branch_datetime_operator.py took 0.111 seconds
[2023-01-03T22:41:21.197+0100] {processor.py:153} INFO - Started process (PID=9137) to work on /home/chrisfleig/.local/lib/python3.10/site-packages/airflow/example_dags/example_branch_datetime_operator.py
[2023-01-03T22:41:21.198+0100] {processor.py:743} INFO - Processing file /home/chrisfleig/.local/lib/python3.10/site-packages/airflow/example_dags/example_branch_datetime_operator.py for tasks to queue
[2023-01-03T22:41:21.199+0100] {logging_mixin.py:137} INFO - [2023-01-03T22:41:21.198+0100] {dagbag.py:538} INFO - Filling up the DagBag from /home/chrisfleig/.local/lib/python3.10/site-packages/airflow/example_dags/example_branch_datetime_operator.py
[2023-01-03T22:41:21.215+0100] {processor.py:753} INFO - DAG(s) dict_keys(['example_branch_datetime_operator', 'example_branch_datetime_operator_2', 'example_branch_datetime_operator_3']) retrieved from /home/chrisfleig/.local/lib/python3.10/site-packages/airflow/example_dags/example_branch_datetime_operator.py
[2023-01-03T22:41:21.241+0100] {logging_mixin.py:137} INFO - [2023-01-03T22:41:21.241+0100] {dag.py:2676} INFO - Sync 3 DAGs
[2023-01-03T22:41:21.259+0100] {logging_mixin.py:137} INFO - [2023-01-03T22:41:21.259+0100] {dag.py:3423} INFO - Setting next_dagrun for example_branch_datetime_operator to 2023-01-02T00:00:00+00:00, run_after=2023-01-03T00:00:00+00:00
[2023-01-03T22:41:21.263+0100] {logging_mixin.py:137} INFO - [2023-01-03T22:41:21.263+0100] {dag.py:3423} INFO - Setting next_dagrun for example_branch_datetime_operator_2 to 2023-01-02T00:00:00+00:00, run_after=2023-01-03T00:00:00+00:00
[2023-01-03T22:41:21.265+0100] {logging_mixin.py:137} INFO - [2023-01-03T22:41:21.265+0100] {dag.py:3423} INFO - Setting next_dagrun for example_branch_datetime_operator_3 to 2023-01-02T00:00:00+00:00, run_after=2023-01-03T00:00:00+00:00
[2023-01-03T22:41:21.298+0100] {processor.py:175} INFO - Processing /home/chrisfleig/.local/lib/python3.10/site-packages/airflow/example_dags/example_branch_datetime_operator.py took 0.103 seconds
[2023-01-03T22:41:59.985+0100] {processor.py:153} INFO - Started process (PID=9177) to work on /home/chrisfleig/.local/lib/python3.10/site-packages/airflow/example_dags/example_branch_datetime_operator.py
[2023-01-03T22:41:59.986+0100] {processor.py:743} INFO - Processing file /home/chrisfleig/.local/lib/python3.10/site-packages/airflow/example_dags/example_branch_datetime_operator.py for tasks to queue
[2023-01-03T22:41:59.986+0100] {logging_mixin.py:137} INFO - [2023-01-03T22:41:59.986+0100] {dagbag.py:538} INFO - Filling up the DagBag from /home/chrisfleig/.local/lib/python3.10/site-packages/airflow/example_dags/example_branch_datetime_operator.py
[2023-01-03T22:42:00.001+0100] {processor.py:753} INFO - DAG(s) dict_keys(['example_branch_datetime_operator_3', 'example_branch_datetime_operator', 'example_branch_datetime_operator_2']) retrieved from /home/chrisfleig/.local/lib/python3.10/site-packages/airflow/example_dags/example_branch_datetime_operator.py
[2023-01-03T22:42:00.046+0100] {logging_mixin.py:137} INFO - [2023-01-03T22:42:00.046+0100] {dag.py:2676} INFO - Sync 3 DAGs
[2023-01-03T22:42:00.073+0100] {logging_mixin.py:137} INFO - [2023-01-03T22:42:00.073+0100] {dag.py:3423} INFO - Setting next_dagrun for example_branch_datetime_operator to 2023-01-02T00:00:00+00:00, run_after=2023-01-03T00:00:00+00:00
[2023-01-03T22:42:00.077+0100] {logging_mixin.py:137} INFO - [2023-01-03T22:42:00.077+0100] {dag.py:3423} INFO - Setting next_dagrun for example_branch_datetime_operator_2 to 2023-01-02T00:00:00+00:00, run_after=2023-01-03T00:00:00+00:00
[2023-01-03T22:42:00.079+0100] {logging_mixin.py:137} INFO - [2023-01-03T22:42:00.079+0100] {dag.py:3423} INFO - Setting next_dagrun for example_branch_datetime_operator_3 to 2023-01-02T00:00:00+00:00, run_after=2023-01-03T00:00:00+00:00
[2023-01-03T22:42:00.117+0100] {processor.py:175} INFO - Processing /home/chrisfleig/.local/lib/python3.10/site-packages/airflow/example_dags/example_branch_datetime_operator.py took 0.135 seconds
[2023-01-03T22:42:39.051+0100] {processor.py:153} INFO - Started process (PID=9217) to work on /home/chrisfleig/.local/lib/python3.10/site-packages/airflow/example_dags/example_branch_datetime_operator.py
[2023-01-03T22:42:39.052+0100] {processor.py:743} INFO - Processing file /home/chrisfleig/.local/lib/python3.10/site-packages/airflow/example_dags/example_branch_datetime_operator.py for tasks to queue
[2023-01-03T22:42:39.053+0100] {logging_mixin.py:137} INFO - [2023-01-03T22:42:39.052+0100] {dagbag.py:538} INFO - Filling up the DagBag from /home/chrisfleig/.local/lib/python3.10/site-packages/airflow/example_dags/example_branch_datetime_operator.py
[2023-01-03T22:42:39.074+0100] {processor.py:753} INFO - DAG(s) dict_keys(['example_branch_datetime_operator_2', 'example_branch_datetime_operator_3', 'example_branch_datetime_operator']) retrieved from /home/chrisfleig/.local/lib/python3.10/site-packages/airflow/example_dags/example_branch_datetime_operator.py
[2023-01-03T22:42:39.102+0100] {logging_mixin.py:137} INFO - [2023-01-03T22:42:39.102+0100] {dag.py:2676} INFO - Sync 3 DAGs
[2023-01-03T22:42:39.126+0100] {logging_mixin.py:137} INFO - [2023-01-03T22:42:39.126+0100] {dag.py:3423} INFO - Setting next_dagrun for example_branch_datetime_operator to 2023-01-02T00:00:00+00:00, run_after=2023-01-03T00:00:00+00:00
[2023-01-03T22:42:39.130+0100] {logging_mixin.py:137} INFO - [2023-01-03T22:42:39.130+0100] {dag.py:3423} INFO - Setting next_dagrun for example_branch_datetime_operator_2 to 2023-01-02T00:00:00+00:00, run_after=2023-01-03T00:00:00+00:00
[2023-01-03T22:42:39.132+0100] {logging_mixin.py:137} INFO - [2023-01-03T22:42:39.132+0100] {dag.py:3423} INFO - Setting next_dagrun for example_branch_datetime_operator_3 to 2023-01-02T00:00:00+00:00, run_after=2023-01-03T00:00:00+00:00
[2023-01-03T22:42:39.167+0100] {processor.py:175} INFO - Processing /home/chrisfleig/.local/lib/python3.10/site-packages/airflow/example_dags/example_branch_datetime_operator.py took 0.119 seconds
[2023-01-03T22:43:18.691+0100] {processor.py:153} INFO - Started process (PID=9255) to work on /home/chrisfleig/.local/lib/python3.10/site-packages/airflow/example_dags/example_branch_datetime_operator.py
[2023-01-03T22:43:18.692+0100] {processor.py:743} INFO - Processing file /home/chrisfleig/.local/lib/python3.10/site-packages/airflow/example_dags/example_branch_datetime_operator.py for tasks to queue
[2023-01-03T22:43:18.693+0100] {logging_mixin.py:137} INFO - [2023-01-03T22:43:18.693+0100] {dagbag.py:538} INFO - Filling up the DagBag from /home/chrisfleig/.local/lib/python3.10/site-packages/airflow/example_dags/example_branch_datetime_operator.py
[2023-01-03T22:43:18.710+0100] {processor.py:753} INFO - DAG(s) dict_keys(['example_branch_datetime_operator_2', 'example_branch_datetime_operator', 'example_branch_datetime_operator_3']) retrieved from /home/chrisfleig/.local/lib/python3.10/site-packages/airflow/example_dags/example_branch_datetime_operator.py
[2023-01-03T22:43:18.739+0100] {logging_mixin.py:137} INFO - [2023-01-03T22:43:18.739+0100] {dag.py:2676} INFO - Sync 3 DAGs
[2023-01-03T22:43:18.767+0100] {logging_mixin.py:137} INFO - [2023-01-03T22:43:18.767+0100] {dag.py:3423} INFO - Setting next_dagrun for example_branch_datetime_operator to 2023-01-02T00:00:00+00:00, run_after=2023-01-03T00:00:00+00:00
[2023-01-03T22:43:18.775+0100] {logging_mixin.py:137} INFO - [2023-01-03T22:43:18.775+0100] {dag.py:3423} INFO - Setting next_dagrun for example_branch_datetime_operator_2 to 2023-01-02T00:00:00+00:00, run_after=2023-01-03T00:00:00+00:00
[2023-01-03T22:43:18.780+0100] {logging_mixin.py:137} INFO - [2023-01-03T22:43:18.780+0100] {dag.py:3423} INFO - Setting next_dagrun for example_branch_datetime_operator_3 to 2023-01-02T00:00:00+00:00, run_after=2023-01-03T00:00:00+00:00
[2023-01-03T22:43:18.819+0100] {processor.py:175} INFO - Processing /home/chrisfleig/.local/lib/python3.10/site-packages/airflow/example_dags/example_branch_datetime_operator.py took 0.130 seconds
[2023-01-03T22:43:57.504+0100] {processor.py:153} INFO - Started process (PID=9293) to work on /home/chrisfleig/.local/lib/python3.10/site-packages/airflow/example_dags/example_branch_datetime_operator.py
[2023-01-03T22:43:57.505+0100] {processor.py:743} INFO - Processing file /home/chrisfleig/.local/lib/python3.10/site-packages/airflow/example_dags/example_branch_datetime_operator.py for tasks to queue
[2023-01-03T22:43:57.505+0100] {logging_mixin.py:137} INFO - [2023-01-03T22:43:57.505+0100] {dagbag.py:538} INFO - Filling up the DagBag from /home/chrisfleig/.local/lib/python3.10/site-packages/airflow/example_dags/example_branch_datetime_operator.py
[2023-01-03T22:43:57.520+0100] {processor.py:753} INFO - DAG(s) dict_keys(['example_branch_datetime_operator_3', 'example_branch_datetime_operator', 'example_branch_datetime_operator_2']) retrieved from /home/chrisfleig/.local/lib/python3.10/site-packages/airflow/example_dags/example_branch_datetime_operator.py
[2023-01-03T22:43:57.544+0100] {logging_mixin.py:137} INFO - [2023-01-03T22:43:57.544+0100] {dag.py:2676} INFO - Sync 3 DAGs
[2023-01-03T22:43:57.561+0100] {logging_mixin.py:137} INFO - [2023-01-03T22:43:57.561+0100] {dag.py:3423} INFO - Setting next_dagrun for example_branch_datetime_operator to 2023-01-02T00:00:00+00:00, run_after=2023-01-03T00:00:00+00:00
[2023-01-03T22:43:57.565+0100] {logging_mixin.py:137} INFO - [2023-01-03T22:43:57.565+0100] {dag.py:3423} INFO - Setting next_dagrun for example_branch_datetime_operator_2 to 2023-01-02T00:00:00+00:00, run_after=2023-01-03T00:00:00+00:00
[2023-01-03T22:43:57.567+0100] {logging_mixin.py:137} INFO - [2023-01-03T22:43:57.566+0100] {dag.py:3423} INFO - Setting next_dagrun for example_branch_datetime_operator_3 to 2023-01-02T00:00:00+00:00, run_after=2023-01-03T00:00:00+00:00
[2023-01-03T22:43:57.603+0100] {processor.py:175} INFO - Processing /home/chrisfleig/.local/lib/python3.10/site-packages/airflow/example_dags/example_branch_datetime_operator.py took 0.101 seconds
[2023-01-03T22:44:35.453+0100] {processor.py:153} INFO - Started process (PID=9331) to work on /home/chrisfleig/.local/lib/python3.10/site-packages/airflow/example_dags/example_branch_datetime_operator.py
[2023-01-03T22:44:35.454+0100] {processor.py:743} INFO - Processing file /home/chrisfleig/.local/lib/python3.10/site-packages/airflow/example_dags/example_branch_datetime_operator.py for tasks to queue
[2023-01-03T22:44:35.455+0100] {logging_mixin.py:137} INFO - [2023-01-03T22:44:35.455+0100] {dagbag.py:538} INFO - Filling up the DagBag from /home/chrisfleig/.local/lib/python3.10/site-packages/airflow/example_dags/example_branch_datetime_operator.py
[2023-01-03T22:44:35.473+0100] {processor.py:753} INFO - DAG(s) dict_keys(['example_branch_datetime_operator_3', 'example_branch_datetime_operator_2', 'example_branch_datetime_operator']) retrieved from /home/chrisfleig/.local/lib/python3.10/site-packages/airflow/example_dags/example_branch_datetime_operator.py
[2023-01-03T22:44:35.502+0100] {logging_mixin.py:137} INFO - [2023-01-03T22:44:35.502+0100] {dag.py:2676} INFO - Sync 3 DAGs
[2023-01-03T22:44:35.523+0100] {logging_mixin.py:137} INFO - [2023-01-03T22:44:35.523+0100] {dag.py:3423} INFO - Setting next_dagrun for example_branch_datetime_operator to 2023-01-02T00:00:00+00:00, run_after=2023-01-03T00:00:00+00:00
[2023-01-03T22:44:35.528+0100] {logging_mixin.py:137} INFO - [2023-01-03T22:44:35.528+0100] {dag.py:3423} INFO - Setting next_dagrun for example_branch_datetime_operator_2 to 2023-01-02T00:00:00+00:00, run_after=2023-01-03T00:00:00+00:00
[2023-01-03T22:44:35.531+0100] {logging_mixin.py:137} INFO - [2023-01-03T22:44:35.530+0100] {dag.py:3423} INFO - Setting next_dagrun for example_branch_datetime_operator_3 to 2023-01-02T00:00:00+00:00, run_after=2023-01-03T00:00:00+00:00
[2023-01-03T22:44:35.571+0100] {processor.py:175} INFO - Processing /home/chrisfleig/.local/lib/python3.10/site-packages/airflow/example_dags/example_branch_datetime_operator.py took 0.120 seconds
[2023-01-03T22:45:15.789+0100] {processor.py:153} INFO - Started process (PID=9369) to work on /home/chrisfleig/.local/lib/python3.10/site-packages/airflow/example_dags/example_branch_datetime_operator.py
[2023-01-03T22:45:15.790+0100] {processor.py:743} INFO - Processing file /home/chrisfleig/.local/lib/python3.10/site-packages/airflow/example_dags/example_branch_datetime_operator.py for tasks to queue
[2023-01-03T22:45:15.790+0100] {logging_mixin.py:137} INFO - [2023-01-03T22:45:15.790+0100] {dagbag.py:538} INFO - Filling up the DagBag from /home/chrisfleig/.local/lib/python3.10/site-packages/airflow/example_dags/example_branch_datetime_operator.py
[2023-01-03T22:45:15.805+0100] {processor.py:753} INFO - DAG(s) dict_keys(['example_branch_datetime_operator_3', 'example_branch_datetime_operator_2', 'example_branch_datetime_operator']) retrieved from /home/chrisfleig/.local/lib/python3.10/site-packages/airflow/example_dags/example_branch_datetime_operator.py
[2023-01-03T22:45:15.830+0100] {logging_mixin.py:137} INFO - [2023-01-03T22:45:15.829+0100] {dag.py:2676} INFO - Sync 3 DAGs
[2023-01-03T22:45:15.849+0100] {logging_mixin.py:137} INFO - [2023-01-03T22:45:15.849+0100] {dag.py:3423} INFO - Setting next_dagrun for example_branch_datetime_operator to 2023-01-02T00:00:00+00:00, run_after=2023-01-03T00:00:00+00:00
[2023-01-03T22:45:15.853+0100] {logging_mixin.py:137} INFO - [2023-01-03T22:45:15.853+0100] {dag.py:3423} INFO - Setting next_dagrun for example_branch_datetime_operator_2 to 2023-01-02T00:00:00+00:00, run_after=2023-01-03T00:00:00+00:00
[2023-01-03T22:45:15.855+0100] {logging_mixin.py:137} INFO - [2023-01-03T22:45:15.855+0100] {dag.py:3423} INFO - Setting next_dagrun for example_branch_datetime_operator_3 to 2023-01-02T00:00:00+00:00, run_after=2023-01-03T00:00:00+00:00
[2023-01-03T22:45:15.887+0100] {processor.py:175} INFO - Processing /home/chrisfleig/.local/lib/python3.10/site-packages/airflow/example_dags/example_branch_datetime_operator.py took 0.101 seconds
[2023-01-03T22:45:53.813+0100] {processor.py:153} INFO - Started process (PID=9407) to work on /home/chrisfleig/.local/lib/python3.10/site-packages/airflow/example_dags/example_branch_datetime_operator.py
[2023-01-03T22:45:53.814+0100] {processor.py:743} INFO - Processing file /home/chrisfleig/.local/lib/python3.10/site-packages/airflow/example_dags/example_branch_datetime_operator.py for tasks to queue
[2023-01-03T22:45:53.814+0100] {logging_mixin.py:137} INFO - [2023-01-03T22:45:53.814+0100] {dagbag.py:538} INFO - Filling up the DagBag from /home/chrisfleig/.local/lib/python3.10/site-packages/airflow/example_dags/example_branch_datetime_operator.py
[2023-01-03T22:45:53.829+0100] {processor.py:753} INFO - DAG(s) dict_keys(['example_branch_datetime_operator', 'example_branch_datetime_operator_3', 'example_branch_datetime_operator_2']) retrieved from /home/chrisfleig/.local/lib/python3.10/site-packages/airflow/example_dags/example_branch_datetime_operator.py
[2023-01-03T22:45:53.852+0100] {logging_mixin.py:137} INFO - [2023-01-03T22:45:53.852+0100] {dag.py:2676} INFO - Sync 3 DAGs
[2023-01-03T22:45:53.871+0100] {logging_mixin.py:137} INFO - [2023-01-03T22:45:53.871+0100] {dag.py:3423} INFO - Setting next_dagrun for example_branch_datetime_operator to 2023-01-02T00:00:00+00:00, run_after=2023-01-03T00:00:00+00:00
[2023-01-03T22:45:53.874+0100] {logging_mixin.py:137} INFO - [2023-01-03T22:45:53.874+0100] {dag.py:3423} INFO - Setting next_dagrun for example_branch_datetime_operator_2 to 2023-01-02T00:00:00+00:00, run_after=2023-01-03T00:00:00+00:00
[2023-01-03T22:45:53.876+0100] {logging_mixin.py:137} INFO - [2023-01-03T22:45:53.876+0100] {dag.py:3423} INFO - Setting next_dagrun for example_branch_datetime_operator_3 to 2023-01-02T00:00:00+00:00, run_after=2023-01-03T00:00:00+00:00
[2023-01-03T22:45:53.911+0100] {processor.py:175} INFO - Processing /home/chrisfleig/.local/lib/python3.10/site-packages/airflow/example_dags/example_branch_datetime_operator.py took 0.102 seconds
[2023-01-03T22:46:30.505+0100] {processor.py:153} INFO - Started process (PID=9445) to work on /home/chrisfleig/.local/lib/python3.10/site-packages/airflow/example_dags/example_branch_datetime_operator.py
[2023-01-03T22:46:30.506+0100] {processor.py:743} INFO - Processing file /home/chrisfleig/.local/lib/python3.10/site-packages/airflow/example_dags/example_branch_datetime_operator.py for tasks to queue
[2023-01-03T22:46:30.506+0100] {logging_mixin.py:137} INFO - [2023-01-03T22:46:30.506+0100] {dagbag.py:538} INFO - Filling up the DagBag from /home/chrisfleig/.local/lib/python3.10/site-packages/airflow/example_dags/example_branch_datetime_operator.py
[2023-01-03T22:46:30.522+0100] {processor.py:753} INFO - DAG(s) dict_keys(['example_branch_datetime_operator_2', 'example_branch_datetime_operator', 'example_branch_datetime_operator_3']) retrieved from /home/chrisfleig/.local/lib/python3.10/site-packages/airflow/example_dags/example_branch_datetime_operator.py
[2023-01-03T22:46:30.548+0100] {logging_mixin.py:137} INFO - [2023-01-03T22:46:30.548+0100] {dag.py:2676} INFO - Sync 3 DAGs
[2023-01-03T22:46:30.565+0100] {logging_mixin.py:137} INFO - [2023-01-03T22:46:30.565+0100] {dag.py:3423} INFO - Setting next_dagrun for example_branch_datetime_operator to 2023-01-02T00:00:00+00:00, run_after=2023-01-03T00:00:00+00:00
[2023-01-03T22:46:30.569+0100] {logging_mixin.py:137} INFO - [2023-01-03T22:46:30.569+0100] {dag.py:3423} INFO - Setting next_dagrun for example_branch_datetime_operator_2 to 2023-01-02T00:00:00+00:00, run_after=2023-01-03T00:00:00+00:00
[2023-01-03T22:46:30.571+0100] {logging_mixin.py:137} INFO - [2023-01-03T22:46:30.571+0100] {dag.py:3423} INFO - Setting next_dagrun for example_branch_datetime_operator_3 to 2023-01-02T00:00:00+00:00, run_after=2023-01-03T00:00:00+00:00
[2023-01-03T22:46:30.604+0100] {processor.py:175} INFO - Processing /home/chrisfleig/.local/lib/python3.10/site-packages/airflow/example_dags/example_branch_datetime_operator.py took 0.102 seconds
[2023-01-03T22:47:09.650+0100] {processor.py:153} INFO - Started process (PID=9483) to work on /home/chrisfleig/.local/lib/python3.10/site-packages/airflow/example_dags/example_branch_datetime_operator.py
[2023-01-03T22:47:09.651+0100] {processor.py:743} INFO - Processing file /home/chrisfleig/.local/lib/python3.10/site-packages/airflow/example_dags/example_branch_datetime_operator.py for tasks to queue
[2023-01-03T22:47:09.652+0100] {logging_mixin.py:137} INFO - [2023-01-03T22:47:09.652+0100] {dagbag.py:538} INFO - Filling up the DagBag from /home/chrisfleig/.local/lib/python3.10/site-packages/airflow/example_dags/example_branch_datetime_operator.py
[2023-01-03T22:47:09.669+0100] {processor.py:753} INFO - DAG(s) dict_keys(['example_branch_datetime_operator_3', 'example_branch_datetime_operator_2', 'example_branch_datetime_operator']) retrieved from /home/chrisfleig/.local/lib/python3.10/site-packages/airflow/example_dags/example_branch_datetime_operator.py
[2023-01-03T22:47:09.697+0100] {logging_mixin.py:137} INFO - [2023-01-03T22:47:09.697+0100] {dag.py:2676} INFO - Sync 3 DAGs
[2023-01-03T22:47:09.717+0100] {logging_mixin.py:137} INFO - [2023-01-03T22:47:09.717+0100] {dag.py:3423} INFO - Setting next_dagrun for example_branch_datetime_operator to 2023-01-02T00:00:00+00:00, run_after=2023-01-03T00:00:00+00:00
[2023-01-03T22:47:09.721+0100] {logging_mixin.py:137} INFO - [2023-01-03T22:47:09.721+0100] {dag.py:3423} INFO - Setting next_dagrun for example_branch_datetime_operator_2 to 2023-01-02T00:00:00+00:00, run_after=2023-01-03T00:00:00+00:00
[2023-01-03T22:47:09.724+0100] {logging_mixin.py:137} INFO - [2023-01-03T22:47:09.724+0100] {dag.py:3423} INFO - Setting next_dagrun for example_branch_datetime_operator_3 to 2023-01-02T00:00:00+00:00, run_after=2023-01-03T00:00:00+00:00
[2023-01-03T22:47:09.764+0100] {processor.py:175} INFO - Processing /home/chrisfleig/.local/lib/python3.10/site-packages/airflow/example_dags/example_branch_datetime_operator.py took 0.116 seconds
[2023-01-03T22:47:48.529+0100] {processor.py:153} INFO - Started process (PID=9521) to work on /home/chrisfleig/.local/lib/python3.10/site-packages/airflow/example_dags/example_branch_datetime_operator.py
[2023-01-03T22:47:48.531+0100] {processor.py:743} INFO - Processing file /home/chrisfleig/.local/lib/python3.10/site-packages/airflow/example_dags/example_branch_datetime_operator.py for tasks to queue
[2023-01-03T22:47:48.531+0100] {logging_mixin.py:137} INFO - [2023-01-03T22:47:48.531+0100] {dagbag.py:538} INFO - Filling up the DagBag from /home/chrisfleig/.local/lib/python3.10/site-packages/airflow/example_dags/example_branch_datetime_operator.py
[2023-01-03T22:47:48.547+0100] {processor.py:753} INFO - DAG(s) dict_keys(['example_branch_datetime_operator_3', 'example_branch_datetime_operator_2', 'example_branch_datetime_operator']) retrieved from /home/chrisfleig/.local/lib/python3.10/site-packages/airflow/example_dags/example_branch_datetime_operator.py
[2023-01-03T22:47:48.571+0100] {logging_mixin.py:137} INFO - [2023-01-03T22:47:48.571+0100] {dag.py:2676} INFO - Sync 3 DAGs
[2023-01-03T22:47:48.589+0100] {logging_mixin.py:137} INFO - [2023-01-03T22:47:48.589+0100] {dag.py:3423} INFO - Setting next_dagrun for example_branch_datetime_operator to 2023-01-02T00:00:00+00:00, run_after=2023-01-03T00:00:00+00:00
[2023-01-03T22:47:48.593+0100] {logging_mixin.py:137} INFO - [2023-01-03T22:47:48.592+0100] {dag.py:3423} INFO - Setting next_dagrun for example_branch_datetime_operator_2 to 2023-01-02T00:00:00+00:00, run_after=2023-01-03T00:00:00+00:00
[2023-01-03T22:47:48.594+0100] {logging_mixin.py:137} INFO - [2023-01-03T22:47:48.594+0100] {dag.py:3423} INFO - Setting next_dagrun for example_branch_datetime_operator_3 to 2023-01-02T00:00:00+00:00, run_after=2023-01-03T00:00:00+00:00
[2023-01-03T22:47:48.628+0100] {processor.py:175} INFO - Processing /home/chrisfleig/.local/lib/python3.10/site-packages/airflow/example_dags/example_branch_datetime_operator.py took 0.101 seconds
[2023-01-03T22:48:28.189+0100] {processor.py:153} INFO - Started process (PID=9559) to work on /home/chrisfleig/.local/lib/python3.10/site-packages/airflow/example_dags/example_branch_datetime_operator.py
[2023-01-03T22:48:28.190+0100] {processor.py:743} INFO - Processing file /home/chrisfleig/.local/lib/python3.10/site-packages/airflow/example_dags/example_branch_datetime_operator.py for tasks to queue
[2023-01-03T22:48:28.191+0100] {logging_mixin.py:137} INFO - [2023-01-03T22:48:28.191+0100] {dagbag.py:538} INFO - Filling up the DagBag from /home/chrisfleig/.local/lib/python3.10/site-packages/airflow/example_dags/example_branch_datetime_operator.py
[2023-01-03T22:48:28.207+0100] {processor.py:753} INFO - DAG(s) dict_keys(['example_branch_datetime_operator_2', 'example_branch_datetime_operator', 'example_branch_datetime_operator_3']) retrieved from /home/chrisfleig/.local/lib/python3.10/site-packages/airflow/example_dags/example_branch_datetime_operator.py
[2023-01-03T22:48:28.239+0100] {logging_mixin.py:137} INFO - [2023-01-03T22:48:28.239+0100] {dag.py:2676} INFO - Sync 3 DAGs
[2023-01-03T22:48:28.261+0100] {logging_mixin.py:137} INFO - [2023-01-03T22:48:28.260+0100] {dag.py:3423} INFO - Setting next_dagrun for example_branch_datetime_operator to 2023-01-02T00:00:00+00:00, run_after=2023-01-03T00:00:00+00:00
[2023-01-03T22:48:28.264+0100] {logging_mixin.py:137} INFO - [2023-01-03T22:48:28.264+0100] {dag.py:3423} INFO - Setting next_dagrun for example_branch_datetime_operator_2 to 2023-01-02T00:00:00+00:00, run_after=2023-01-03T00:00:00+00:00
[2023-01-03T22:48:28.267+0100] {logging_mixin.py:137} INFO - [2023-01-03T22:48:28.267+0100] {dag.py:3423} INFO - Setting next_dagrun for example_branch_datetime_operator_3 to 2023-01-02T00:00:00+00:00, run_after=2023-01-03T00:00:00+00:00
[2023-01-03T22:48:28.316+0100] {processor.py:175} INFO - Processing /home/chrisfleig/.local/lib/python3.10/site-packages/airflow/example_dags/example_branch_datetime_operator.py took 0.129 seconds
[2023-01-03T22:49:09.004+0100] {processor.py:153} INFO - Started process (PID=9597) to work on /home/chrisfleig/.local/lib/python3.10/site-packages/airflow/example_dags/example_branch_datetime_operator.py
[2023-01-03T22:49:09.005+0100] {processor.py:743} INFO - Processing file /home/chrisfleig/.local/lib/python3.10/site-packages/airflow/example_dags/example_branch_datetime_operator.py for tasks to queue
[2023-01-03T22:49:09.006+0100] {logging_mixin.py:137} INFO - [2023-01-03T22:49:09.006+0100] {dagbag.py:538} INFO - Filling up the DagBag from /home/chrisfleig/.local/lib/python3.10/site-packages/airflow/example_dags/example_branch_datetime_operator.py
[2023-01-03T22:49:09.021+0100] {processor.py:753} INFO - DAG(s) dict_keys(['example_branch_datetime_operator_3', 'example_branch_datetime_operator', 'example_branch_datetime_operator_2']) retrieved from /home/chrisfleig/.local/lib/python3.10/site-packages/airflow/example_dags/example_branch_datetime_operator.py
[2023-01-03T22:49:09.045+0100] {logging_mixin.py:137} INFO - [2023-01-03T22:49:09.045+0100] {dag.py:2676} INFO - Sync 3 DAGs
[2023-01-03T22:49:09.063+0100] {logging_mixin.py:137} INFO - [2023-01-03T22:49:09.063+0100] {dag.py:3423} INFO - Setting next_dagrun for example_branch_datetime_operator to 2023-01-02T00:00:00+00:00, run_after=2023-01-03T00:00:00+00:00
[2023-01-03T22:49:09.068+0100] {logging_mixin.py:137} INFO - [2023-01-03T22:49:09.068+0100] {dag.py:3423} INFO - Setting next_dagrun for example_branch_datetime_operator_2 to 2023-01-02T00:00:00+00:00, run_after=2023-01-03T00:00:00+00:00
[2023-01-03T22:49:09.070+0100] {logging_mixin.py:137} INFO - [2023-01-03T22:49:09.070+0100] {dag.py:3423} INFO - Setting next_dagrun for example_branch_datetime_operator_3 to 2023-01-02T00:00:00+00:00, run_after=2023-01-03T00:00:00+00:00
[2023-01-03T22:49:09.102+0100] {processor.py:175} INFO - Processing /home/chrisfleig/.local/lib/python3.10/site-packages/airflow/example_dags/example_branch_datetime_operator.py took 0.101 seconds
[2023-01-03T22:49:49.473+0100] {processor.py:153} INFO - Started process (PID=9635) to work on /home/chrisfleig/.local/lib/python3.10/site-packages/airflow/example_dags/example_branch_datetime_operator.py
[2023-01-03T22:49:49.474+0100] {processor.py:743} INFO - Processing file /home/chrisfleig/.local/lib/python3.10/site-packages/airflow/example_dags/example_branch_datetime_operator.py for tasks to queue
[2023-01-03T22:49:49.474+0100] {logging_mixin.py:137} INFO - [2023-01-03T22:49:49.474+0100] {dagbag.py:538} INFO - Filling up the DagBag from /home/chrisfleig/.local/lib/python3.10/site-packages/airflow/example_dags/example_branch_datetime_operator.py
[2023-01-03T22:49:49.489+0100] {processor.py:753} INFO - DAG(s) dict_keys(['example_branch_datetime_operator_2', 'example_branch_datetime_operator_3', 'example_branch_datetime_operator']) retrieved from /home/chrisfleig/.local/lib/python3.10/site-packages/airflow/example_dags/example_branch_datetime_operator.py
[2023-01-03T22:49:49.513+0100] {logging_mixin.py:137} INFO - [2023-01-03T22:49:49.513+0100] {dag.py:2676} INFO - Sync 3 DAGs
[2023-01-03T22:49:49.532+0100] {logging_mixin.py:137} INFO - [2023-01-03T22:49:49.531+0100] {dag.py:3423} INFO - Setting next_dagrun for example_branch_datetime_operator to 2023-01-02T00:00:00+00:00, run_after=2023-01-03T00:00:00+00:00
[2023-01-03T22:49:49.535+0100] {logging_mixin.py:137} INFO - [2023-01-03T22:49:49.535+0100] {dag.py:3423} INFO - Setting next_dagrun for example_branch_datetime_operator_2 to 2023-01-02T00:00:00+00:00, run_after=2023-01-03T00:00:00+00:00
[2023-01-03T22:49:49.537+0100] {logging_mixin.py:137} INFO - [2023-01-03T22:49:49.537+0100] {dag.py:3423} INFO - Setting next_dagrun for example_branch_datetime_operator_3 to 2023-01-02T00:00:00+00:00, run_after=2023-01-03T00:00:00+00:00
[2023-01-03T22:49:49.571+0100] {processor.py:175} INFO - Processing /home/chrisfleig/.local/lib/python3.10/site-packages/airflow/example_dags/example_branch_datetime_operator.py took 0.100 seconds
[2023-01-03T22:50:27.364+0100] {processor.py:153} INFO - Started process (PID=9673) to work on /home/chrisfleig/.local/lib/python3.10/site-packages/airflow/example_dags/example_branch_datetime_operator.py
[2023-01-03T22:50:27.365+0100] {processor.py:743} INFO - Processing file /home/chrisfleig/.local/lib/python3.10/site-packages/airflow/example_dags/example_branch_datetime_operator.py for tasks to queue
[2023-01-03T22:50:27.367+0100] {logging_mixin.py:137} INFO - [2023-01-03T22:50:27.366+0100] {dagbag.py:538} INFO - Filling up the DagBag from /home/chrisfleig/.local/lib/python3.10/site-packages/airflow/example_dags/example_branch_datetime_operator.py
[2023-01-03T22:50:27.392+0100] {processor.py:753} INFO - DAG(s) dict_keys(['example_branch_datetime_operator_2', 'example_branch_datetime_operator', 'example_branch_datetime_operator_3']) retrieved from /home/chrisfleig/.local/lib/python3.10/site-packages/airflow/example_dags/example_branch_datetime_operator.py
[2023-01-03T22:50:27.420+0100] {logging_mixin.py:137} INFO - [2023-01-03T22:50:27.420+0100] {dag.py:2676} INFO - Sync 3 DAGs
[2023-01-03T22:50:27.439+0100] {logging_mixin.py:137} INFO - [2023-01-03T22:50:27.439+0100] {dag.py:3423} INFO - Setting next_dagrun for example_branch_datetime_operator to 2023-01-02T00:00:00+00:00, run_after=2023-01-03T00:00:00+00:00
[2023-01-03T22:50:27.443+0100] {logging_mixin.py:137} INFO - [2023-01-03T22:50:27.443+0100] {dag.py:3423} INFO - Setting next_dagrun for example_branch_datetime_operator_2 to 2023-01-02T00:00:00+00:00, run_after=2023-01-03T00:00:00+00:00
[2023-01-03T22:50:27.447+0100] {logging_mixin.py:137} INFO - [2023-01-03T22:50:27.447+0100] {dag.py:3423} INFO - Setting next_dagrun for example_branch_datetime_operator_3 to 2023-01-02T00:00:00+00:00, run_after=2023-01-03T00:00:00+00:00
[2023-01-03T22:50:27.484+0100] {processor.py:175} INFO - Processing /home/chrisfleig/.local/lib/python3.10/site-packages/airflow/example_dags/example_branch_datetime_operator.py took 0.123 seconds
[2023-01-03T22:51:07.659+0100] {processor.py:153} INFO - Started process (PID=9711) to work on /home/chrisfleig/.local/lib/python3.10/site-packages/airflow/example_dags/example_branch_datetime_operator.py
[2023-01-03T22:51:07.660+0100] {processor.py:743} INFO - Processing file /home/chrisfleig/.local/lib/python3.10/site-packages/airflow/example_dags/example_branch_datetime_operator.py for tasks to queue
[2023-01-03T22:51:07.660+0100] {logging_mixin.py:137} INFO - [2023-01-03T22:51:07.660+0100] {dagbag.py:538} INFO - Filling up the DagBag from /home/chrisfleig/.local/lib/python3.10/site-packages/airflow/example_dags/example_branch_datetime_operator.py
[2023-01-03T22:51:07.675+0100] {processor.py:753} INFO - DAG(s) dict_keys(['example_branch_datetime_operator', 'example_branch_datetime_operator_2', 'example_branch_datetime_operator_3']) retrieved from /home/chrisfleig/.local/lib/python3.10/site-packages/airflow/example_dags/example_branch_datetime_operator.py
[2023-01-03T22:51:07.701+0100] {logging_mixin.py:137} INFO - [2023-01-03T22:51:07.700+0100] {dag.py:2676} INFO - Sync 3 DAGs
[2023-01-03T22:51:07.720+0100] {logging_mixin.py:137} INFO - [2023-01-03T22:51:07.720+0100] {dag.py:3423} INFO - Setting next_dagrun for example_branch_datetime_operator to 2023-01-02T00:00:00+00:00, run_after=2023-01-03T00:00:00+00:00
[2023-01-03T22:51:07.724+0100] {logging_mixin.py:137} INFO - [2023-01-03T22:51:07.724+0100] {dag.py:3423} INFO - Setting next_dagrun for example_branch_datetime_operator_2 to 2023-01-02T00:00:00+00:00, run_after=2023-01-03T00:00:00+00:00
[2023-01-03T22:51:07.726+0100] {logging_mixin.py:137} INFO - [2023-01-03T22:51:07.726+0100] {dag.py:3423} INFO - Setting next_dagrun for example_branch_datetime_operator_3 to 2023-01-02T00:00:00+00:00, run_after=2023-01-03T00:00:00+00:00
[2023-01-03T22:51:07.759+0100] {processor.py:175} INFO - Processing /home/chrisfleig/.local/lib/python3.10/site-packages/airflow/example_dags/example_branch_datetime_operator.py took 0.103 seconds
[2023-01-03T22:51:45.543+0100] {processor.py:153} INFO - Started process (PID=9749) to work on /home/chrisfleig/.local/lib/python3.10/site-packages/airflow/example_dags/example_branch_datetime_operator.py
[2023-01-03T22:51:45.544+0100] {processor.py:743} INFO - Processing file /home/chrisfleig/.local/lib/python3.10/site-packages/airflow/example_dags/example_branch_datetime_operator.py for tasks to queue
[2023-01-03T22:51:45.545+0100] {logging_mixin.py:137} INFO - [2023-01-03T22:51:45.545+0100] {dagbag.py:538} INFO - Filling up the DagBag from /home/chrisfleig/.local/lib/python3.10/site-packages/airflow/example_dags/example_branch_datetime_operator.py
[2023-01-03T22:51:45.564+0100] {processor.py:753} INFO - DAG(s) dict_keys(['example_branch_datetime_operator_2', 'example_branch_datetime_operator', 'example_branch_datetime_operator_3']) retrieved from /home/chrisfleig/.local/lib/python3.10/site-packages/airflow/example_dags/example_branch_datetime_operator.py
[2023-01-03T22:51:45.604+0100] {logging_mixin.py:137} INFO - [2023-01-03T22:51:45.604+0100] {dag.py:2676} INFO - Sync 3 DAGs
[2023-01-03T22:51:45.625+0100] {logging_mixin.py:137} INFO - [2023-01-03T22:51:45.625+0100] {dag.py:3423} INFO - Setting next_dagrun for example_branch_datetime_operator to 2023-01-02T00:00:00+00:00, run_after=2023-01-03T00:00:00+00:00
[2023-01-03T22:51:45.629+0100] {logging_mixin.py:137} INFO - [2023-01-03T22:51:45.629+0100] {dag.py:3423} INFO - Setting next_dagrun for example_branch_datetime_operator_2 to 2023-01-02T00:00:00+00:00, run_after=2023-01-03T00:00:00+00:00
[2023-01-03T22:51:45.631+0100] {logging_mixin.py:137} INFO - [2023-01-03T22:51:45.631+0100] {dag.py:3423} INFO - Setting next_dagrun for example_branch_datetime_operator_3 to 2023-01-02T00:00:00+00:00, run_after=2023-01-03T00:00:00+00:00
[2023-01-03T22:51:45.665+0100] {processor.py:175} INFO - Processing /home/chrisfleig/.local/lib/python3.10/site-packages/airflow/example_dags/example_branch_datetime_operator.py took 0.126 seconds
[2023-01-03T22:52:27.679+0100] {processor.py:153} INFO - Started process (PID=9787) to work on /home/chrisfleig/.local/lib/python3.10/site-packages/airflow/example_dags/example_branch_datetime_operator.py
[2023-01-03T22:52:27.680+0100] {processor.py:743} INFO - Processing file /home/chrisfleig/.local/lib/python3.10/site-packages/airflow/example_dags/example_branch_datetime_operator.py for tasks to queue
[2023-01-03T22:52:27.680+0100] {logging_mixin.py:137} INFO - [2023-01-03T22:52:27.680+0100] {dagbag.py:538} INFO - Filling up the DagBag from /home/chrisfleig/.local/lib/python3.10/site-packages/airflow/example_dags/example_branch_datetime_operator.py
[2023-01-03T22:52:27.697+0100] {processor.py:753} INFO - DAG(s) dict_keys(['example_branch_datetime_operator', 'example_branch_datetime_operator_3', 'example_branch_datetime_operator_2']) retrieved from /home/chrisfleig/.local/lib/python3.10/site-packages/airflow/example_dags/example_branch_datetime_operator.py
[2023-01-03T22:52:27.723+0100] {logging_mixin.py:137} INFO - [2023-01-03T22:52:27.723+0100] {dag.py:2676} INFO - Sync 3 DAGs
[2023-01-03T22:52:27.743+0100] {logging_mixin.py:137} INFO - [2023-01-03T22:52:27.743+0100] {dag.py:3423} INFO - Setting next_dagrun for example_branch_datetime_operator to 2023-01-02T00:00:00+00:00, run_after=2023-01-03T00:00:00+00:00
[2023-01-03T22:52:27.748+0100] {logging_mixin.py:137} INFO - [2023-01-03T22:52:27.747+0100] {dag.py:3423} INFO - Setting next_dagrun for example_branch_datetime_operator_2 to 2023-01-02T00:00:00+00:00, run_after=2023-01-03T00:00:00+00:00
[2023-01-03T22:52:27.750+0100] {logging_mixin.py:137} INFO - [2023-01-03T22:52:27.750+0100] {dag.py:3423} INFO - Setting next_dagrun for example_branch_datetime_operator_3 to 2023-01-02T00:00:00+00:00, run_after=2023-01-03T00:00:00+00:00
[2023-01-03T22:52:27.784+0100] {processor.py:175} INFO - Processing /home/chrisfleig/.local/lib/python3.10/site-packages/airflow/example_dags/example_branch_datetime_operator.py took 0.118 seconds
[2023-01-03T22:53:07.132+0100] {processor.py:153} INFO - Started process (PID=9825) to work on /home/chrisfleig/.local/lib/python3.10/site-packages/airflow/example_dags/example_branch_datetime_operator.py
[2023-01-03T22:53:07.133+0100] {processor.py:743} INFO - Processing file /home/chrisfleig/.local/lib/python3.10/site-packages/airflow/example_dags/example_branch_datetime_operator.py for tasks to queue
[2023-01-03T22:53:07.134+0100] {logging_mixin.py:137} INFO - [2023-01-03T22:53:07.134+0100] {dagbag.py:538} INFO - Filling up the DagBag from /home/chrisfleig/.local/lib/python3.10/site-packages/airflow/example_dags/example_branch_datetime_operator.py
[2023-01-03T22:53:07.149+0100] {processor.py:753} INFO - DAG(s) dict_keys(['example_branch_datetime_operator_2', 'example_branch_datetime_operator', 'example_branch_datetime_operator_3']) retrieved from /home/chrisfleig/.local/lib/python3.10/site-packages/airflow/example_dags/example_branch_datetime_operator.py
[2023-01-03T22:53:07.173+0100] {logging_mixin.py:137} INFO - [2023-01-03T22:53:07.173+0100] {dag.py:2676} INFO - Sync 3 DAGs
[2023-01-03T22:53:07.190+0100] {logging_mixin.py:137} INFO - [2023-01-03T22:53:07.190+0100] {dag.py:3423} INFO - Setting next_dagrun for example_branch_datetime_operator to 2023-01-02T00:00:00+00:00, run_after=2023-01-03T00:00:00+00:00
[2023-01-03T22:53:07.194+0100] {logging_mixin.py:137} INFO - [2023-01-03T22:53:07.194+0100] {dag.py:3423} INFO - Setting next_dagrun for example_branch_datetime_operator_2 to 2023-01-02T00:00:00+00:00, run_after=2023-01-03T00:00:00+00:00
[2023-01-03T22:53:07.196+0100] {logging_mixin.py:137} INFO - [2023-01-03T22:53:07.196+0100] {dag.py:3423} INFO - Setting next_dagrun for example_branch_datetime_operator_3 to 2023-01-02T00:00:00+00:00, run_after=2023-01-03T00:00:00+00:00
[2023-01-03T22:53:07.233+0100] {processor.py:175} INFO - Processing /home/chrisfleig/.local/lib/python3.10/site-packages/airflow/example_dags/example_branch_datetime_operator.py took 0.103 seconds
[2023-01-03T22:53:45.137+0100] {processor.py:153} INFO - Started process (PID=9865) to work on /home/chrisfleig/.local/lib/python3.10/site-packages/airflow/example_dags/example_branch_datetime_operator.py
[2023-01-03T22:53:45.138+0100] {processor.py:743} INFO - Processing file /home/chrisfleig/.local/lib/python3.10/site-packages/airflow/example_dags/example_branch_datetime_operator.py for tasks to queue
[2023-01-03T22:53:45.139+0100] {logging_mixin.py:137} INFO - [2023-01-03T22:53:45.139+0100] {dagbag.py:538} INFO - Filling up the DagBag from /home/chrisfleig/.local/lib/python3.10/site-packages/airflow/example_dags/example_branch_datetime_operator.py
[2023-01-03T22:53:45.155+0100] {processor.py:753} INFO - DAG(s) dict_keys(['example_branch_datetime_operator_3', 'example_branch_datetime_operator_2', 'example_branch_datetime_operator']) retrieved from /home/chrisfleig/.local/lib/python3.10/site-packages/airflow/example_dags/example_branch_datetime_operator.py
[2023-01-03T22:53:45.180+0100] {logging_mixin.py:137} INFO - [2023-01-03T22:53:45.180+0100] {dag.py:2676} INFO - Sync 3 DAGs
[2023-01-03T22:53:45.199+0100] {logging_mixin.py:137} INFO - [2023-01-03T22:53:45.199+0100] {dag.py:3423} INFO - Setting next_dagrun for example_branch_datetime_operator to 2023-01-02T00:00:00+00:00, run_after=2023-01-03T00:00:00+00:00
[2023-01-03T22:53:45.205+0100] {logging_mixin.py:137} INFO - [2023-01-03T22:53:45.204+0100] {dag.py:3423} INFO - Setting next_dagrun for example_branch_datetime_operator_2 to 2023-01-02T00:00:00+00:00, run_after=2023-01-03T00:00:00+00:00
[2023-01-03T22:53:45.206+0100] {logging_mixin.py:137} INFO - [2023-01-03T22:53:45.206+0100] {dag.py:3423} INFO - Setting next_dagrun for example_branch_datetime_operator_3 to 2023-01-02T00:00:00+00:00, run_after=2023-01-03T00:00:00+00:00
[2023-01-03T22:53:45.240+0100] {processor.py:175} INFO - Processing /home/chrisfleig/.local/lib/python3.10/site-packages/airflow/example_dags/example_branch_datetime_operator.py took 0.105 seconds
[2023-01-03T22:54:28.514+0100] {processor.py:153} INFO - Started process (PID=9907) to work on /home/chrisfleig/.local/lib/python3.10/site-packages/airflow/example_dags/example_branch_datetime_operator.py
[2023-01-03T22:54:28.516+0100] {processor.py:743} INFO - Processing file /home/chrisfleig/.local/lib/python3.10/site-packages/airflow/example_dags/example_branch_datetime_operator.py for tasks to queue
[2023-01-03T22:54:28.517+0100] {logging_mixin.py:137} INFO - [2023-01-03T22:54:28.517+0100] {dagbag.py:538} INFO - Filling up the DagBag from /home/chrisfleig/.local/lib/python3.10/site-packages/airflow/example_dags/example_branch_datetime_operator.py
[2023-01-03T22:54:28.557+0100] {processor.py:753} INFO - DAG(s) dict_keys(['example_branch_datetime_operator', 'example_branch_datetime_operator_3', 'example_branch_datetime_operator_2']) retrieved from /home/chrisfleig/.local/lib/python3.10/site-packages/airflow/example_dags/example_branch_datetime_operator.py
[2023-01-03T22:54:28.604+0100] {logging_mixin.py:137} INFO - [2023-01-03T22:54:28.604+0100] {dag.py:2676} INFO - Sync 3 DAGs
[2023-01-03T22:54:28.648+0100] {logging_mixin.py:137} INFO - [2023-01-03T22:54:28.648+0100] {dag.py:3423} INFO - Setting next_dagrun for example_branch_datetime_operator to 2023-01-02T00:00:00+00:00, run_after=2023-01-03T00:00:00+00:00
[2023-01-03T22:54:28.657+0100] {logging_mixin.py:137} INFO - [2023-01-03T22:54:28.657+0100] {dag.py:3423} INFO - Setting next_dagrun for example_branch_datetime_operator_2 to 2023-01-02T00:00:00+00:00, run_after=2023-01-03T00:00:00+00:00
[2023-01-03T22:54:28.661+0100] {logging_mixin.py:137} INFO - [2023-01-03T22:54:28.661+0100] {dag.py:3423} INFO - Setting next_dagrun for example_branch_datetime_operator_3 to 2023-01-02T00:00:00+00:00, run_after=2023-01-03T00:00:00+00:00
[2023-01-03T22:54:28.737+0100] {processor.py:175} INFO - Processing /home/chrisfleig/.local/lib/python3.10/site-packages/airflow/example_dags/example_branch_datetime_operator.py took 0.228 seconds
[2023-01-03T22:55:11.219+0100] {processor.py:153} INFO - Started process (PID=9946) to work on /home/chrisfleig/.local/lib/python3.10/site-packages/airflow/example_dags/example_branch_datetime_operator.py
[2023-01-03T22:55:11.220+0100] {processor.py:743} INFO - Processing file /home/chrisfleig/.local/lib/python3.10/site-packages/airflow/example_dags/example_branch_datetime_operator.py for tasks to queue
[2023-01-03T22:55:11.221+0100] {logging_mixin.py:137} INFO - [2023-01-03T22:55:11.221+0100] {dagbag.py:538} INFO - Filling up the DagBag from /home/chrisfleig/.local/lib/python3.10/site-packages/airflow/example_dags/example_branch_datetime_operator.py
[2023-01-03T22:55:11.239+0100] {processor.py:753} INFO - DAG(s) dict_keys(['example_branch_datetime_operator_2', 'example_branch_datetime_operator_3', 'example_branch_datetime_operator']) retrieved from /home/chrisfleig/.local/lib/python3.10/site-packages/airflow/example_dags/example_branch_datetime_operator.py
[2023-01-03T22:55:11.272+0100] {logging_mixin.py:137} INFO - [2023-01-03T22:55:11.272+0100] {dag.py:2676} INFO - Sync 3 DAGs
[2023-01-03T22:55:11.301+0100] {logging_mixin.py:137} INFO - [2023-01-03T22:55:11.300+0100] {dag.py:3423} INFO - Setting next_dagrun for example_branch_datetime_operator to 2023-01-02T00:00:00+00:00, run_after=2023-01-03T00:00:00+00:00
[2023-01-03T22:55:11.307+0100] {logging_mixin.py:137} INFO - [2023-01-03T22:55:11.307+0100] {dag.py:3423} INFO - Setting next_dagrun for example_branch_datetime_operator_2 to 2023-01-02T00:00:00+00:00, run_after=2023-01-03T00:00:00+00:00
[2023-01-03T22:55:11.313+0100] {logging_mixin.py:137} INFO - [2023-01-03T22:55:11.313+0100] {dag.py:3423} INFO - Setting next_dagrun for example_branch_datetime_operator_3 to 2023-01-02T00:00:00+00:00, run_after=2023-01-03T00:00:00+00:00
[2023-01-03T22:55:11.357+0100] {processor.py:175} INFO - Processing /home/chrisfleig/.local/lib/python3.10/site-packages/airflow/example_dags/example_branch_datetime_operator.py took 0.141 seconds
[2023-01-03T22:55:52.779+0100] {processor.py:153} INFO - Started process (PID=9985) to work on /home/chrisfleig/.local/lib/python3.10/site-packages/airflow/example_dags/example_branch_datetime_operator.py
[2023-01-03T22:55:52.781+0100] {processor.py:743} INFO - Processing file /home/chrisfleig/.local/lib/python3.10/site-packages/airflow/example_dags/example_branch_datetime_operator.py for tasks to queue
[2023-01-03T22:55:52.782+0100] {logging_mixin.py:137} INFO - [2023-01-03T22:55:52.782+0100] {dagbag.py:538} INFO - Filling up the DagBag from /home/chrisfleig/.local/lib/python3.10/site-packages/airflow/example_dags/example_branch_datetime_operator.py
[2023-01-03T22:55:52.800+0100] {processor.py:753} INFO - DAG(s) dict_keys(['example_branch_datetime_operator_2', 'example_branch_datetime_operator', 'example_branch_datetime_operator_3']) retrieved from /home/chrisfleig/.local/lib/python3.10/site-packages/airflow/example_dags/example_branch_datetime_operator.py
[2023-01-03T22:55:52.832+0100] {logging_mixin.py:137} INFO - [2023-01-03T22:55:52.832+0100] {dag.py:2676} INFO - Sync 3 DAGs
[2023-01-03T22:55:52.855+0100] {logging_mixin.py:137} INFO - [2023-01-03T22:55:52.855+0100] {dag.py:3423} INFO - Setting next_dagrun for example_branch_datetime_operator to 2023-01-02T00:00:00+00:00, run_after=2023-01-03T00:00:00+00:00
[2023-01-03T22:55:52.863+0100] {logging_mixin.py:137} INFO - [2023-01-03T22:55:52.863+0100] {dag.py:3423} INFO - Setting next_dagrun for example_branch_datetime_operator_2 to 2023-01-02T00:00:00+00:00, run_after=2023-01-03T00:00:00+00:00
[2023-01-03T22:55:52.866+0100] {logging_mixin.py:137} INFO - [2023-01-03T22:55:52.866+0100] {dag.py:3423} INFO - Setting next_dagrun for example_branch_datetime_operator_3 to 2023-01-02T00:00:00+00:00, run_after=2023-01-03T00:00:00+00:00
[2023-01-03T22:55:52.913+0100] {processor.py:175} INFO - Processing /home/chrisfleig/.local/lib/python3.10/site-packages/airflow/example_dags/example_branch_datetime_operator.py took 0.137 seconds
[2023-01-03T22:56:36.121+0100] {processor.py:153} INFO - Started process (PID=10028) to work on /home/chrisfleig/.local/lib/python3.10/site-packages/airflow/example_dags/example_branch_datetime_operator.py
[2023-01-03T22:56:36.122+0100] {processor.py:743} INFO - Processing file /home/chrisfleig/.local/lib/python3.10/site-packages/airflow/example_dags/example_branch_datetime_operator.py for tasks to queue
[2023-01-03T22:56:36.123+0100] {logging_mixin.py:137} INFO - [2023-01-03T22:56:36.123+0100] {dagbag.py:538} INFO - Filling up the DagBag from /home/chrisfleig/.local/lib/python3.10/site-packages/airflow/example_dags/example_branch_datetime_operator.py
[2023-01-03T22:56:36.139+0100] {processor.py:753} INFO - DAG(s) dict_keys(['example_branch_datetime_operator_3', 'example_branch_datetime_operator', 'example_branch_datetime_operator_2']) retrieved from /home/chrisfleig/.local/lib/python3.10/site-packages/airflow/example_dags/example_branch_datetime_operator.py
[2023-01-03T22:56:36.168+0100] {logging_mixin.py:137} INFO - [2023-01-03T22:56:36.168+0100] {dag.py:2676} INFO - Sync 3 DAGs
[2023-01-03T22:56:36.204+0100] {logging_mixin.py:137} INFO - [2023-01-03T22:56:36.203+0100] {dag.py:3423} INFO - Setting next_dagrun for example_branch_datetime_operator to 2023-01-02T00:00:00+00:00, run_after=2023-01-03T00:00:00+00:00
[2023-01-03T22:56:36.209+0100] {logging_mixin.py:137} INFO - [2023-01-03T22:56:36.209+0100] {dag.py:3423} INFO - Setting next_dagrun for example_branch_datetime_operator_2 to 2023-01-02T00:00:00+00:00, run_after=2023-01-03T00:00:00+00:00
[2023-01-03T22:56:36.211+0100] {logging_mixin.py:137} INFO - [2023-01-03T22:56:36.211+0100] {dag.py:3423} INFO - Setting next_dagrun for example_branch_datetime_operator_3 to 2023-01-02T00:00:00+00:00, run_after=2023-01-03T00:00:00+00:00
[2023-01-03T22:56:36.258+0100] {processor.py:175} INFO - Processing /home/chrisfleig/.local/lib/python3.10/site-packages/airflow/example_dags/example_branch_datetime_operator.py took 0.140 seconds
