[2023-01-03T22:11:01.874+0100] {processor.py:153} INFO - Started process (PID=8199) to work on /home/chrisfleig/.local/lib/python3.10/site-packages/airflow/example_dags/example_xcomargs.py
[2023-01-03T22:11:01.874+0100] {processor.py:743} INFO - Processing file /home/chrisfleig/.local/lib/python3.10/site-packages/airflow/example_dags/example_xcomargs.py for tasks to queue
[2023-01-03T22:11:01.875+0100] {logging_mixin.py:137} INFO - [2023-01-03T22:11:01.875+0100] {dagbag.py:538} INFO - Filling up the DagBag from /home/chrisfleig/.local/lib/python3.10/site-packages/airflow/example_dags/example_xcomargs.py
[2023-01-03T22:11:01.903+0100] {processor.py:753} INFO - DAG(s) dict_keys(['example_xcom_args', 'example_xcom_args_with_operators']) retrieved from /home/chrisfleig/.local/lib/python3.10/site-packages/airflow/example_dags/example_xcomargs.py
[2023-01-03T22:11:02.218+0100] {logging_mixin.py:137} INFO - [2023-01-03T22:11:02.218+0100] {manager.py:504} INFO - Created Permission View: can edit on DAG:example_xcom_args
[2023-01-03T22:11:02.274+0100] {logging_mixin.py:137} INFO - [2023-01-03T22:11:02.273+0100] {manager.py:504} INFO - Created Permission View: can delete on DAG:example_xcom_args
[2023-01-03T22:11:02.309+0100] {logging_mixin.py:137} INFO - [2023-01-03T22:11:02.309+0100] {manager.py:504} INFO - Created Permission View: can read on DAG:example_xcom_args
[2023-01-03T22:11:02.454+0100] {logging_mixin.py:137} INFO - [2023-01-03T22:11:02.454+0100] {manager.py:504} INFO - Created Permission View: can edit on DAG:example_xcom_args_with_operators
[2023-01-03T22:11:02.522+0100] {logging_mixin.py:137} INFO - [2023-01-03T22:11:02.521+0100] {manager.py:504} INFO - Created Permission View: can delete on DAG:example_xcom_args_with_operators
[2023-01-03T22:11:02.589+0100] {logging_mixin.py:137} INFO - [2023-01-03T22:11:02.589+0100] {manager.py:504} INFO - Created Permission View: can read on DAG:example_xcom_args_with_operators
[2023-01-03T22:11:02.590+0100] {logging_mixin.py:137} INFO - [2023-01-03T22:11:02.590+0100] {dag.py:2676} INFO - Sync 2 DAGs
[2023-01-03T22:11:02.606+0100] {logging_mixin.py:137} INFO - [2023-01-03T22:11:02.606+0100] {dag.py:2697} INFO - Creating ORM DAG for example_xcom_args
[2023-01-03T22:11:02.606+0100] {logging_mixin.py:137} INFO - [2023-01-03T22:11:02.606+0100] {dag.py:2697} INFO - Creating ORM DAG for example_xcom_args_with_operators
[2023-01-03T22:11:02.618+0100] {logging_mixin.py:137} INFO - [2023-01-03T22:11:02.617+0100] {dag.py:3423} INFO - Setting next_dagrun for example_xcom_args to None, run_after=None
[2023-01-03T22:11:02.619+0100] {logging_mixin.py:137} INFO - [2023-01-03T22:11:02.619+0100] {dag.py:3423} INFO - Setting next_dagrun for example_xcom_args_with_operators to None, run_after=None
[2023-01-03T22:11:02.675+0100] {processor.py:175} INFO - Processing /home/chrisfleig/.local/lib/python3.10/site-packages/airflow/example_dags/example_xcomargs.py took 0.804 seconds
[2023-01-03T22:11:43.890+0100] {processor.py:153} INFO - Started process (PID=8237) to work on /home/chrisfleig/.local/lib/python3.10/site-packages/airflow/example_dags/example_xcomargs.py
[2023-01-03T22:11:43.891+0100] {processor.py:743} INFO - Processing file /home/chrisfleig/.local/lib/python3.10/site-packages/airflow/example_dags/example_xcomargs.py for tasks to queue
[2023-01-03T22:11:43.891+0100] {logging_mixin.py:137} INFO - [2023-01-03T22:11:43.891+0100] {dagbag.py:538} INFO - Filling up the DagBag from /home/chrisfleig/.local/lib/python3.10/site-packages/airflow/example_dags/example_xcomargs.py
[2023-01-03T22:11:43.914+0100] {processor.py:753} INFO - DAG(s) dict_keys(['example_xcom_args_with_operators', 'example_xcom_args']) retrieved from /home/chrisfleig/.local/lib/python3.10/site-packages/airflow/example_dags/example_xcomargs.py
[2023-01-03T22:11:43.936+0100] {logging_mixin.py:137} INFO - [2023-01-03T22:11:43.936+0100] {dag.py:2676} INFO - Sync 2 DAGs
[2023-01-03T22:11:43.953+0100] {logging_mixin.py:137} INFO - [2023-01-03T22:11:43.953+0100] {dag.py:3423} INFO - Setting next_dagrun for example_xcom_args to None, run_after=None
[2023-01-03T22:11:43.955+0100] {logging_mixin.py:137} INFO - [2023-01-03T22:11:43.955+0100] {dag.py:3423} INFO - Setting next_dagrun for example_xcom_args_with_operators to None, run_after=None
[2023-01-03T22:11:43.994+0100] {processor.py:175} INFO - Processing /home/chrisfleig/.local/lib/python3.10/site-packages/airflow/example_dags/example_xcomargs.py took 0.106 seconds
[2023-01-03T22:12:24.154+0100] {processor.py:153} INFO - Started process (PID=8275) to work on /home/chrisfleig/.local/lib/python3.10/site-packages/airflow/example_dags/example_xcomargs.py
[2023-01-03T22:12:24.155+0100] {processor.py:743} INFO - Processing file /home/chrisfleig/.local/lib/python3.10/site-packages/airflow/example_dags/example_xcomargs.py for tasks to queue
[2023-01-03T22:12:24.156+0100] {logging_mixin.py:137} INFO - [2023-01-03T22:12:24.156+0100] {dagbag.py:538} INFO - Filling up the DagBag from /home/chrisfleig/.local/lib/python3.10/site-packages/airflow/example_dags/example_xcomargs.py
[2023-01-03T22:12:24.179+0100] {processor.py:753} INFO - DAG(s) dict_keys(['example_xcom_args_with_operators', 'example_xcom_args']) retrieved from /home/chrisfleig/.local/lib/python3.10/site-packages/airflow/example_dags/example_xcomargs.py
[2023-01-03T22:12:24.201+0100] {logging_mixin.py:137} INFO - [2023-01-03T22:12:24.201+0100] {dag.py:2676} INFO - Sync 2 DAGs
[2023-01-03T22:12:24.217+0100] {logging_mixin.py:137} INFO - [2023-01-03T22:12:24.217+0100] {dag.py:3423} INFO - Setting next_dagrun for example_xcom_args to None, run_after=None
[2023-01-03T22:12:24.219+0100] {logging_mixin.py:137} INFO - [2023-01-03T22:12:24.219+0100] {dag.py:3423} INFO - Setting next_dagrun for example_xcom_args_with_operators to None, run_after=None
[2023-01-03T22:12:24.255+0100] {processor.py:175} INFO - Processing /home/chrisfleig/.local/lib/python3.10/site-packages/airflow/example_dags/example_xcomargs.py took 0.103 seconds
[2023-01-03T22:13:03.229+0100] {processor.py:153} INFO - Started process (PID=8313) to work on /home/chrisfleig/.local/lib/python3.10/site-packages/airflow/example_dags/example_xcomargs.py
[2023-01-03T22:13:03.230+0100] {processor.py:743} INFO - Processing file /home/chrisfleig/.local/lib/python3.10/site-packages/airflow/example_dags/example_xcomargs.py for tasks to queue
[2023-01-03T22:13:03.231+0100] {logging_mixin.py:137} INFO - [2023-01-03T22:13:03.230+0100] {dagbag.py:538} INFO - Filling up the DagBag from /home/chrisfleig/.local/lib/python3.10/site-packages/airflow/example_dags/example_xcomargs.py
[2023-01-03T22:13:03.254+0100] {processor.py:753} INFO - DAG(s) dict_keys(['example_xcom_args', 'example_xcom_args_with_operators']) retrieved from /home/chrisfleig/.local/lib/python3.10/site-packages/airflow/example_dags/example_xcomargs.py
[2023-01-03T22:13:03.280+0100] {logging_mixin.py:137} INFO - [2023-01-03T22:13:03.280+0100] {dag.py:2676} INFO - Sync 2 DAGs
[2023-01-03T22:13:03.297+0100] {logging_mixin.py:137} INFO - [2023-01-03T22:13:03.297+0100] {dag.py:3423} INFO - Setting next_dagrun for example_xcom_args to None, run_after=None
[2023-01-03T22:13:03.301+0100] {logging_mixin.py:137} INFO - [2023-01-03T22:13:03.301+0100] {dag.py:3423} INFO - Setting next_dagrun for example_xcom_args_with_operators to None, run_after=None
[2023-01-03T22:13:03.333+0100] {processor.py:175} INFO - Processing /home/chrisfleig/.local/lib/python3.10/site-packages/airflow/example_dags/example_xcomargs.py took 0.108 seconds
[2023-01-03T22:13:41.910+0100] {processor.py:153} INFO - Started process (PID=8351) to work on /home/chrisfleig/.local/lib/python3.10/site-packages/airflow/example_dags/example_xcomargs.py
[2023-01-03T22:13:41.911+0100] {processor.py:743} INFO - Processing file /home/chrisfleig/.local/lib/python3.10/site-packages/airflow/example_dags/example_xcomargs.py for tasks to queue
[2023-01-03T22:13:41.912+0100] {logging_mixin.py:137} INFO - [2023-01-03T22:13:41.911+0100] {dagbag.py:538} INFO - Filling up the DagBag from /home/chrisfleig/.local/lib/python3.10/site-packages/airflow/example_dags/example_xcomargs.py
[2023-01-03T22:13:41.933+0100] {processor.py:753} INFO - DAG(s) dict_keys(['example_xcom_args', 'example_xcom_args_with_operators']) retrieved from /home/chrisfleig/.local/lib/python3.10/site-packages/airflow/example_dags/example_xcomargs.py
[2023-01-03T22:13:41.955+0100] {logging_mixin.py:137} INFO - [2023-01-03T22:13:41.955+0100] {dag.py:2676} INFO - Sync 2 DAGs
[2023-01-03T22:13:41.972+0100] {logging_mixin.py:137} INFO - [2023-01-03T22:13:41.972+0100] {dag.py:3423} INFO - Setting next_dagrun for example_xcom_args to None, run_after=None
[2023-01-03T22:13:41.975+0100] {logging_mixin.py:137} INFO - [2023-01-03T22:13:41.975+0100] {dag.py:3423} INFO - Setting next_dagrun for example_xcom_args_with_operators to None, run_after=None
[2023-01-03T22:13:42.010+0100] {processor.py:175} INFO - Processing /home/chrisfleig/.local/lib/python3.10/site-packages/airflow/example_dags/example_xcomargs.py took 0.103 seconds
[2023-01-03T22:14:20.965+0100] {processor.py:153} INFO - Started process (PID=8389) to work on /home/chrisfleig/.local/lib/python3.10/site-packages/airflow/example_dags/example_xcomargs.py
[2023-01-03T22:14:20.966+0100] {processor.py:743} INFO - Processing file /home/chrisfleig/.local/lib/python3.10/site-packages/airflow/example_dags/example_xcomargs.py for tasks to queue
[2023-01-03T22:14:20.966+0100] {logging_mixin.py:137} INFO - [2023-01-03T22:14:20.966+0100] {dagbag.py:538} INFO - Filling up the DagBag from /home/chrisfleig/.local/lib/python3.10/site-packages/airflow/example_dags/example_xcomargs.py
[2023-01-03T22:14:20.987+0100] {processor.py:753} INFO - DAG(s) dict_keys(['example_xcom_args_with_operators', 'example_xcom_args']) retrieved from /home/chrisfleig/.local/lib/python3.10/site-packages/airflow/example_dags/example_xcomargs.py
[2023-01-03T22:14:21.010+0100] {logging_mixin.py:137} INFO - [2023-01-03T22:14:21.010+0100] {dag.py:2676} INFO - Sync 2 DAGs
[2023-01-03T22:14:21.048+0100] {logging_mixin.py:137} INFO - [2023-01-03T22:14:21.048+0100] {dag.py:3423} INFO - Setting next_dagrun for example_xcom_args to None, run_after=None
[2023-01-03T22:14:21.051+0100] {logging_mixin.py:137} INFO - [2023-01-03T22:14:21.050+0100] {dag.py:3423} INFO - Setting next_dagrun for example_xcom_args_with_operators to None, run_after=None
[2023-01-03T22:14:21.082+0100] {processor.py:175} INFO - Processing /home/chrisfleig/.local/lib/python3.10/site-packages/airflow/example_dags/example_xcomargs.py took 0.120 seconds
[2023-01-03T22:14:59.458+0100] {processor.py:153} INFO - Started process (PID=8427) to work on /home/chrisfleig/.local/lib/python3.10/site-packages/airflow/example_dags/example_xcomargs.py
[2023-01-03T22:14:59.459+0100] {processor.py:743} INFO - Processing file /home/chrisfleig/.local/lib/python3.10/site-packages/airflow/example_dags/example_xcomargs.py for tasks to queue
[2023-01-03T22:14:59.459+0100] {logging_mixin.py:137} INFO - [2023-01-03T22:14:59.459+0100] {dagbag.py:538} INFO - Filling up the DagBag from /home/chrisfleig/.local/lib/python3.10/site-packages/airflow/example_dags/example_xcomargs.py
[2023-01-03T22:14:59.481+0100] {processor.py:753} INFO - DAG(s) dict_keys(['example_xcom_args', 'example_xcom_args_with_operators']) retrieved from /home/chrisfleig/.local/lib/python3.10/site-packages/airflow/example_dags/example_xcomargs.py
[2023-01-03T22:14:59.505+0100] {logging_mixin.py:137} INFO - [2023-01-03T22:14:59.505+0100] {dag.py:2676} INFO - Sync 2 DAGs
[2023-01-03T22:14:59.521+0100] {logging_mixin.py:137} INFO - [2023-01-03T22:14:59.521+0100] {dag.py:3423} INFO - Setting next_dagrun for example_xcom_args to None, run_after=None
[2023-01-03T22:14:59.524+0100] {logging_mixin.py:137} INFO - [2023-01-03T22:14:59.524+0100] {dag.py:3423} INFO - Setting next_dagrun for example_xcom_args_with_operators to None, run_after=None
[2023-01-03T22:14:59.558+0100] {processor.py:175} INFO - Processing /home/chrisfleig/.local/lib/python3.10/site-packages/airflow/example_dags/example_xcomargs.py took 0.102 seconds
[2023-01-03T22:15:38.886+0100] {processor.py:153} INFO - Started process (PID=8466) to work on /home/chrisfleig/.local/lib/python3.10/site-packages/airflow/example_dags/example_xcomargs.py
[2023-01-03T22:15:38.887+0100] {processor.py:743} INFO - Processing file /home/chrisfleig/.local/lib/python3.10/site-packages/airflow/example_dags/example_xcomargs.py for tasks to queue
[2023-01-03T22:15:38.887+0100] {logging_mixin.py:137} INFO - [2023-01-03T22:15:38.887+0100] {dagbag.py:538} INFO - Filling up the DagBag from /home/chrisfleig/.local/lib/python3.10/site-packages/airflow/example_dags/example_xcomargs.py
[2023-01-03T22:15:38.908+0100] {processor.py:753} INFO - DAG(s) dict_keys(['example_xcom_args_with_operators', 'example_xcom_args']) retrieved from /home/chrisfleig/.local/lib/python3.10/site-packages/airflow/example_dags/example_xcomargs.py
[2023-01-03T22:15:38.931+0100] {logging_mixin.py:137} INFO - [2023-01-03T22:15:38.931+0100] {dag.py:2676} INFO - Sync 2 DAGs
[2023-01-03T22:15:38.947+0100] {logging_mixin.py:137} INFO - [2023-01-03T22:15:38.947+0100] {dag.py:3423} INFO - Setting next_dagrun for example_xcom_args to None, run_after=None
[2023-01-03T22:15:38.950+0100] {logging_mixin.py:137} INFO - [2023-01-03T22:15:38.950+0100] {dag.py:3423} INFO - Setting next_dagrun for example_xcom_args_with_operators to None, run_after=None
[2023-01-03T22:15:38.985+0100] {processor.py:175} INFO - Processing /home/chrisfleig/.local/lib/python3.10/site-packages/airflow/example_dags/example_xcomargs.py took 0.102 seconds
[2023-01-03T22:31:33.561+0100] {processor.py:153} INFO - Started process (PID=8562) to work on /home/chrisfleig/.local/lib/python3.10/site-packages/airflow/example_dags/example_xcomargs.py
[2023-01-03T22:31:33.562+0100] {processor.py:743} INFO - Processing file /home/chrisfleig/.local/lib/python3.10/site-packages/airflow/example_dags/example_xcomargs.py for tasks to queue
[2023-01-03T22:31:33.562+0100] {logging_mixin.py:137} INFO - [2023-01-03T22:31:33.562+0100] {dagbag.py:538} INFO - Filling up the DagBag from /home/chrisfleig/.local/lib/python3.10/site-packages/airflow/example_dags/example_xcomargs.py
[2023-01-03T22:31:33.585+0100] {processor.py:753} INFO - DAG(s) dict_keys(['example_xcom_args_with_operators', 'example_xcom_args']) retrieved from /home/chrisfleig/.local/lib/python3.10/site-packages/airflow/example_dags/example_xcomargs.py
[2023-01-03T22:31:33.597+0100] {logging_mixin.py:137} INFO - [2023-01-03T22:31:33.596+0100] {dag.py:2676} INFO - Sync 2 DAGs
[2023-01-03T22:31:33.617+0100] {logging_mixin.py:137} INFO - [2023-01-03T22:31:33.616+0100] {dag.py:3423} INFO - Setting next_dagrun for example_xcom_args to None, run_after=None
[2023-01-03T22:31:33.619+0100] {logging_mixin.py:137} INFO - [2023-01-03T22:31:33.619+0100] {dag.py:3423} INFO - Setting next_dagrun for example_xcom_args_with_operators to None, run_after=None
[2023-01-03T22:31:33.656+0100] {processor.py:175} INFO - Processing /home/chrisfleig/.local/lib/python3.10/site-packages/airflow/example_dags/example_xcomargs.py took 0.098 seconds
[2023-01-03T22:32:14.277+0100] {processor.py:153} INFO - Started process (PID=8600) to work on /home/chrisfleig/.local/lib/python3.10/site-packages/airflow/example_dags/example_xcomargs.py
[2023-01-03T22:32:14.281+0100] {processor.py:743} INFO - Processing file /home/chrisfleig/.local/lib/python3.10/site-packages/airflow/example_dags/example_xcomargs.py for tasks to queue
[2023-01-03T22:32:14.282+0100] {logging_mixin.py:137} INFO - [2023-01-03T22:32:14.282+0100] {dagbag.py:538} INFO - Filling up the DagBag from /home/chrisfleig/.local/lib/python3.10/site-packages/airflow/example_dags/example_xcomargs.py
[2023-01-03T22:32:14.312+0100] {processor.py:753} INFO - DAG(s) dict_keys(['example_xcom_args', 'example_xcom_args_with_operators']) retrieved from /home/chrisfleig/.local/lib/python3.10/site-packages/airflow/example_dags/example_xcomargs.py
[2023-01-03T22:32:14.344+0100] {logging_mixin.py:137} INFO - [2023-01-03T22:32:14.343+0100] {dag.py:2676} INFO - Sync 2 DAGs
[2023-01-03T22:32:14.367+0100] {logging_mixin.py:137} INFO - [2023-01-03T22:32:14.367+0100] {dag.py:3423} INFO - Setting next_dagrun for example_xcom_args to None, run_after=None
[2023-01-03T22:32:14.370+0100] {logging_mixin.py:137} INFO - [2023-01-03T22:32:14.370+0100] {dag.py:3423} INFO - Setting next_dagrun for example_xcom_args_with_operators to None, run_after=None
[2023-01-03T22:32:14.418+0100] {processor.py:175} INFO - Processing /home/chrisfleig/.local/lib/python3.10/site-packages/airflow/example_dags/example_xcomargs.py took 0.145 seconds
[2023-01-03T22:32:52.155+0100] {processor.py:153} INFO - Started process (PID=8638) to work on /home/chrisfleig/.local/lib/python3.10/site-packages/airflow/example_dags/example_xcomargs.py
[2023-01-03T22:32:52.156+0100] {processor.py:743} INFO - Processing file /home/chrisfleig/.local/lib/python3.10/site-packages/airflow/example_dags/example_xcomargs.py for tasks to queue
[2023-01-03T22:32:52.157+0100] {logging_mixin.py:137} INFO - [2023-01-03T22:32:52.157+0100] {dagbag.py:538} INFO - Filling up the DagBag from /home/chrisfleig/.local/lib/python3.10/site-packages/airflow/example_dags/example_xcomargs.py
[2023-01-03T22:32:52.179+0100] {processor.py:753} INFO - DAG(s) dict_keys(['example_xcom_args', 'example_xcom_args_with_operators']) retrieved from /home/chrisfleig/.local/lib/python3.10/site-packages/airflow/example_dags/example_xcomargs.py
[2023-01-03T22:32:52.203+0100] {logging_mixin.py:137} INFO - [2023-01-03T22:32:52.203+0100] {dag.py:2676} INFO - Sync 2 DAGs
[2023-01-03T22:32:52.221+0100] {logging_mixin.py:137} INFO - [2023-01-03T22:32:52.221+0100] {dag.py:3423} INFO - Setting next_dagrun for example_xcom_args to None, run_after=None
[2023-01-03T22:32:52.226+0100] {logging_mixin.py:137} INFO - [2023-01-03T22:32:52.226+0100] {dag.py:3423} INFO - Setting next_dagrun for example_xcom_args_with_operators to None, run_after=None
[2023-01-03T22:32:52.264+0100] {processor.py:175} INFO - Processing /home/chrisfleig/.local/lib/python3.10/site-packages/airflow/example_dags/example_xcomargs.py took 0.113 seconds
[2023-01-03T22:33:31.525+0100] {processor.py:153} INFO - Started process (PID=8676) to work on /home/chrisfleig/.local/lib/python3.10/site-packages/airflow/example_dags/example_xcomargs.py
[2023-01-03T22:33:31.526+0100] {processor.py:743} INFO - Processing file /home/chrisfleig/.local/lib/python3.10/site-packages/airflow/example_dags/example_xcomargs.py for tasks to queue
[2023-01-03T22:33:31.526+0100] {logging_mixin.py:137} INFO - [2023-01-03T22:33:31.526+0100] {dagbag.py:538} INFO - Filling up the DagBag from /home/chrisfleig/.local/lib/python3.10/site-packages/airflow/example_dags/example_xcomargs.py
[2023-01-03T22:33:31.553+0100] {processor.py:753} INFO - DAG(s) dict_keys(['example_xcom_args', 'example_xcom_args_with_operators']) retrieved from /home/chrisfleig/.local/lib/python3.10/site-packages/airflow/example_dags/example_xcomargs.py
[2023-01-03T22:33:31.580+0100] {logging_mixin.py:137} INFO - [2023-01-03T22:33:31.580+0100] {dag.py:2676} INFO - Sync 2 DAGs
[2023-01-03T22:33:31.598+0100] {logging_mixin.py:137} INFO - [2023-01-03T22:33:31.598+0100] {dag.py:3423} INFO - Setting next_dagrun for example_xcom_args to None, run_after=None
[2023-01-03T22:33:31.600+0100] {logging_mixin.py:137} INFO - [2023-01-03T22:33:31.600+0100] {dag.py:3423} INFO - Setting next_dagrun for example_xcom_args_with_operators to None, run_after=None
[2023-01-03T22:33:31.639+0100] {processor.py:175} INFO - Processing /home/chrisfleig/.local/lib/python3.10/site-packages/airflow/example_dags/example_xcomargs.py took 0.117 seconds
[2023-01-03T22:34:09.801+0100] {processor.py:153} INFO - Started process (PID=8714) to work on /home/chrisfleig/.local/lib/python3.10/site-packages/airflow/example_dags/example_xcomargs.py
[2023-01-03T22:34:09.802+0100] {processor.py:743} INFO - Processing file /home/chrisfleig/.local/lib/python3.10/site-packages/airflow/example_dags/example_xcomargs.py for tasks to queue
[2023-01-03T22:34:09.803+0100] {logging_mixin.py:137} INFO - [2023-01-03T22:34:09.803+0100] {dagbag.py:538} INFO - Filling up the DagBag from /home/chrisfleig/.local/lib/python3.10/site-packages/airflow/example_dags/example_xcomargs.py
[2023-01-03T22:34:09.825+0100] {processor.py:753} INFO - DAG(s) dict_keys(['example_xcom_args', 'example_xcom_args_with_operators']) retrieved from /home/chrisfleig/.local/lib/python3.10/site-packages/airflow/example_dags/example_xcomargs.py
[2023-01-03T22:34:09.846+0100] {logging_mixin.py:137} INFO - [2023-01-03T22:34:09.846+0100] {dag.py:2676} INFO - Sync 2 DAGs
[2023-01-03T22:34:09.862+0100] {logging_mixin.py:137} INFO - [2023-01-03T22:34:09.862+0100] {dag.py:3423} INFO - Setting next_dagrun for example_xcom_args to None, run_after=None
[2023-01-03T22:34:09.864+0100] {logging_mixin.py:137} INFO - [2023-01-03T22:34:09.864+0100] {dag.py:3423} INFO - Setting next_dagrun for example_xcom_args_with_operators to None, run_after=None
[2023-01-03T22:34:09.898+0100] {processor.py:175} INFO - Processing /home/chrisfleig/.local/lib/python3.10/site-packages/airflow/example_dags/example_xcomargs.py took 0.099 seconds
[2023-01-03T22:34:50.117+0100] {processor.py:153} INFO - Started process (PID=8752) to work on /home/chrisfleig/.local/lib/python3.10/site-packages/airflow/example_dags/example_xcomargs.py
[2023-01-03T22:34:50.118+0100] {processor.py:743} INFO - Processing file /home/chrisfleig/.local/lib/python3.10/site-packages/airflow/example_dags/example_xcomargs.py for tasks to queue
[2023-01-03T22:34:50.118+0100] {logging_mixin.py:137} INFO - [2023-01-03T22:34:50.118+0100] {dagbag.py:538} INFO - Filling up the DagBag from /home/chrisfleig/.local/lib/python3.10/site-packages/airflow/example_dags/example_xcomargs.py
[2023-01-03T22:34:50.140+0100] {processor.py:753} INFO - DAG(s) dict_keys(['example_xcom_args', 'example_xcom_args_with_operators']) retrieved from /home/chrisfleig/.local/lib/python3.10/site-packages/airflow/example_dags/example_xcomargs.py
[2023-01-03T22:34:50.162+0100] {logging_mixin.py:137} INFO - [2023-01-03T22:34:50.162+0100] {dag.py:2676} INFO - Sync 2 DAGs
[2023-01-03T22:34:50.181+0100] {logging_mixin.py:137} INFO - [2023-01-03T22:34:50.181+0100] {dag.py:3423} INFO - Setting next_dagrun for example_xcom_args to None, run_after=None
[2023-01-03T22:34:50.184+0100] {logging_mixin.py:137} INFO - [2023-01-03T22:34:50.184+0100] {dag.py:3423} INFO - Setting next_dagrun for example_xcom_args_with_operators to None, run_after=None
[2023-01-03T22:34:50.218+0100] {processor.py:175} INFO - Processing /home/chrisfleig/.local/lib/python3.10/site-packages/airflow/example_dags/example_xcomargs.py took 0.105 seconds
[2023-01-03T22:35:30.020+0100] {processor.py:153} INFO - Started process (PID=8790) to work on /home/chrisfleig/.local/lib/python3.10/site-packages/airflow/example_dags/example_xcomargs.py
[2023-01-03T22:35:30.022+0100] {processor.py:743} INFO - Processing file /home/chrisfleig/.local/lib/python3.10/site-packages/airflow/example_dags/example_xcomargs.py for tasks to queue
[2023-01-03T22:35:30.022+0100] {logging_mixin.py:137} INFO - [2023-01-03T22:35:30.022+0100] {dagbag.py:538} INFO - Filling up the DagBag from /home/chrisfleig/.local/lib/python3.10/site-packages/airflow/example_dags/example_xcomargs.py
[2023-01-03T22:35:30.045+0100] {processor.py:753} INFO - DAG(s) dict_keys(['example_xcom_args', 'example_xcom_args_with_operators']) retrieved from /home/chrisfleig/.local/lib/python3.10/site-packages/airflow/example_dags/example_xcomargs.py
[2023-01-03T22:35:30.067+0100] {logging_mixin.py:137} INFO - [2023-01-03T22:35:30.066+0100] {dag.py:2676} INFO - Sync 2 DAGs
[2023-01-03T22:35:30.084+0100] {logging_mixin.py:137} INFO - [2023-01-03T22:35:30.084+0100] {dag.py:3423} INFO - Setting next_dagrun for example_xcom_args to None, run_after=None
[2023-01-03T22:35:30.087+0100] {logging_mixin.py:137} INFO - [2023-01-03T22:35:30.087+0100] {dag.py:3423} INFO - Setting next_dagrun for example_xcom_args_with_operators to None, run_after=None
[2023-01-03T22:35:30.121+0100] {processor.py:175} INFO - Processing /home/chrisfleig/.local/lib/python3.10/site-packages/airflow/example_dags/example_xcomargs.py took 0.103 seconds
[2023-01-03T22:36:08.734+0100] {processor.py:153} INFO - Started process (PID=8828) to work on /home/chrisfleig/.local/lib/python3.10/site-packages/airflow/example_dags/example_xcomargs.py
[2023-01-03T22:36:08.735+0100] {processor.py:743} INFO - Processing file /home/chrisfleig/.local/lib/python3.10/site-packages/airflow/example_dags/example_xcomargs.py for tasks to queue
[2023-01-03T22:36:08.736+0100] {logging_mixin.py:137} INFO - [2023-01-03T22:36:08.736+0100] {dagbag.py:538} INFO - Filling up the DagBag from /home/chrisfleig/.local/lib/python3.10/site-packages/airflow/example_dags/example_xcomargs.py
[2023-01-03T22:36:08.757+0100] {processor.py:753} INFO - DAG(s) dict_keys(['example_xcom_args_with_operators', 'example_xcom_args']) retrieved from /home/chrisfleig/.local/lib/python3.10/site-packages/airflow/example_dags/example_xcomargs.py
[2023-01-03T22:36:08.780+0100] {logging_mixin.py:137} INFO - [2023-01-03T22:36:08.780+0100] {dag.py:2676} INFO - Sync 2 DAGs
[2023-01-03T22:36:08.796+0100] {logging_mixin.py:137} INFO - [2023-01-03T22:36:08.796+0100] {dag.py:3423} INFO - Setting next_dagrun for example_xcom_args to None, run_after=None
[2023-01-03T22:36:08.800+0100] {logging_mixin.py:137} INFO - [2023-01-03T22:36:08.800+0100] {dag.py:3423} INFO - Setting next_dagrun for example_xcom_args_with_operators to None, run_after=None
[2023-01-03T22:36:08.836+0100] {processor.py:175} INFO - Processing /home/chrisfleig/.local/lib/python3.10/site-packages/airflow/example_dags/example_xcomargs.py took 0.104 seconds
[2023-01-03T22:36:46.627+0100] {processor.py:153} INFO - Started process (PID=8866) to work on /home/chrisfleig/.local/lib/python3.10/site-packages/airflow/example_dags/example_xcomargs.py
[2023-01-03T22:36:46.628+0100] {processor.py:743} INFO - Processing file /home/chrisfleig/.local/lib/python3.10/site-packages/airflow/example_dags/example_xcomargs.py for tasks to queue
[2023-01-03T22:36:46.629+0100] {logging_mixin.py:137} INFO - [2023-01-03T22:36:46.629+0100] {dagbag.py:538} INFO - Filling up the DagBag from /home/chrisfleig/.local/lib/python3.10/site-packages/airflow/example_dags/example_xcomargs.py
[2023-01-03T22:36:46.652+0100] {processor.py:753} INFO - DAG(s) dict_keys(['example_xcom_args', 'example_xcom_args_with_operators']) retrieved from /home/chrisfleig/.local/lib/python3.10/site-packages/airflow/example_dags/example_xcomargs.py
[2023-01-03T22:36:46.675+0100] {logging_mixin.py:137} INFO - [2023-01-03T22:36:46.674+0100] {dag.py:2676} INFO - Sync 2 DAGs
[2023-01-03T22:36:46.693+0100] {logging_mixin.py:137} INFO - [2023-01-03T22:36:46.693+0100] {dag.py:3423} INFO - Setting next_dagrun for example_xcom_args to None, run_after=None
[2023-01-03T22:36:46.696+0100] {logging_mixin.py:137} INFO - [2023-01-03T22:36:46.696+0100] {dag.py:3423} INFO - Setting next_dagrun for example_xcom_args_with_operators to None, run_after=None
[2023-01-03T22:36:46.732+0100] {processor.py:175} INFO - Processing /home/chrisfleig/.local/lib/python3.10/site-packages/airflow/example_dags/example_xcomargs.py took 0.108 seconds
[2023-01-03T22:37:24.466+0100] {processor.py:153} INFO - Started process (PID=8904) to work on /home/chrisfleig/.local/lib/python3.10/site-packages/airflow/example_dags/example_xcomargs.py
[2023-01-03T22:37:24.467+0100] {processor.py:743} INFO - Processing file /home/chrisfleig/.local/lib/python3.10/site-packages/airflow/example_dags/example_xcomargs.py for tasks to queue
[2023-01-03T22:37:24.467+0100] {logging_mixin.py:137} INFO - [2023-01-03T22:37:24.467+0100] {dagbag.py:538} INFO - Filling up the DagBag from /home/chrisfleig/.local/lib/python3.10/site-packages/airflow/example_dags/example_xcomargs.py
[2023-01-03T22:37:24.494+0100] {processor.py:753} INFO - DAG(s) dict_keys(['example_xcom_args_with_operators', 'example_xcom_args']) retrieved from /home/chrisfleig/.local/lib/python3.10/site-packages/airflow/example_dags/example_xcomargs.py
[2023-01-03T22:37:24.525+0100] {logging_mixin.py:137} INFO - [2023-01-03T22:37:24.525+0100] {dag.py:2676} INFO - Sync 2 DAGs
[2023-01-03T22:37:24.543+0100] {logging_mixin.py:137} INFO - [2023-01-03T22:37:24.543+0100] {dag.py:3423} INFO - Setting next_dagrun for example_xcom_args to None, run_after=None
[2023-01-03T22:37:24.545+0100] {logging_mixin.py:137} INFO - [2023-01-03T22:37:24.545+0100] {dag.py:3423} INFO - Setting next_dagrun for example_xcom_args_with_operators to None, run_after=None
[2023-01-03T22:37:24.580+0100] {processor.py:175} INFO - Processing /home/chrisfleig/.local/lib/python3.10/site-packages/airflow/example_dags/example_xcomargs.py took 0.117 seconds
[2023-01-03T22:38:02.744+0100] {processor.py:153} INFO - Started process (PID=8942) to work on /home/chrisfleig/.local/lib/python3.10/site-packages/airflow/example_dags/example_xcomargs.py
[2023-01-03T22:38:02.745+0100] {processor.py:743} INFO - Processing file /home/chrisfleig/.local/lib/python3.10/site-packages/airflow/example_dags/example_xcomargs.py for tasks to queue
[2023-01-03T22:38:02.745+0100] {logging_mixin.py:137} INFO - [2023-01-03T22:38:02.745+0100] {dagbag.py:538} INFO - Filling up the DagBag from /home/chrisfleig/.local/lib/python3.10/site-packages/airflow/example_dags/example_xcomargs.py
[2023-01-03T22:38:02.771+0100] {processor.py:753} INFO - DAG(s) dict_keys(['example_xcom_args_with_operators', 'example_xcom_args']) retrieved from /home/chrisfleig/.local/lib/python3.10/site-packages/airflow/example_dags/example_xcomargs.py
[2023-01-03T22:38:02.799+0100] {logging_mixin.py:137} INFO - [2023-01-03T22:38:02.799+0100] {dag.py:2676} INFO - Sync 2 DAGs
[2023-01-03T22:38:02.816+0100] {logging_mixin.py:137} INFO - [2023-01-03T22:38:02.816+0100] {dag.py:3423} INFO - Setting next_dagrun for example_xcom_args to None, run_after=None
[2023-01-03T22:38:02.819+0100] {logging_mixin.py:137} INFO - [2023-01-03T22:38:02.818+0100] {dag.py:3423} INFO - Setting next_dagrun for example_xcom_args_with_operators to None, run_after=None
[2023-01-03T22:38:02.855+0100] {processor.py:175} INFO - Processing /home/chrisfleig/.local/lib/python3.10/site-packages/airflow/example_dags/example_xcomargs.py took 0.114 seconds
[2023-01-03T22:38:41.836+0100] {processor.py:153} INFO - Started process (PID=8980) to work on /home/chrisfleig/.local/lib/python3.10/site-packages/airflow/example_dags/example_xcomargs.py
[2023-01-03T22:38:41.837+0100] {processor.py:743} INFO - Processing file /home/chrisfleig/.local/lib/python3.10/site-packages/airflow/example_dags/example_xcomargs.py for tasks to queue
[2023-01-03T22:38:41.838+0100] {logging_mixin.py:137} INFO - [2023-01-03T22:38:41.837+0100] {dagbag.py:538} INFO - Filling up the DagBag from /home/chrisfleig/.local/lib/python3.10/site-packages/airflow/example_dags/example_xcomargs.py
[2023-01-03T22:38:41.860+0100] {processor.py:753} INFO - DAG(s) dict_keys(['example_xcom_args', 'example_xcom_args_with_operators']) retrieved from /home/chrisfleig/.local/lib/python3.10/site-packages/airflow/example_dags/example_xcomargs.py
[2023-01-03T22:38:41.882+0100] {logging_mixin.py:137} INFO - [2023-01-03T22:38:41.882+0100] {dag.py:2676} INFO - Sync 2 DAGs
[2023-01-03T22:38:41.899+0100] {logging_mixin.py:137} INFO - [2023-01-03T22:38:41.898+0100] {dag.py:3423} INFO - Setting next_dagrun for example_xcom_args to None, run_after=None
[2023-01-03T22:38:41.901+0100] {logging_mixin.py:137} INFO - [2023-01-03T22:38:41.901+0100] {dag.py:3423} INFO - Setting next_dagrun for example_xcom_args_with_operators to None, run_after=None
[2023-01-03T22:38:41.936+0100] {processor.py:175} INFO - Processing /home/chrisfleig/.local/lib/python3.10/site-packages/airflow/example_dags/example_xcomargs.py took 0.103 seconds
[2023-01-03T22:39:20.623+0100] {processor.py:153} INFO - Started process (PID=9018) to work on /home/chrisfleig/.local/lib/python3.10/site-packages/airflow/example_dags/example_xcomargs.py
[2023-01-03T22:39:20.624+0100] {processor.py:743} INFO - Processing file /home/chrisfleig/.local/lib/python3.10/site-packages/airflow/example_dags/example_xcomargs.py for tasks to queue
[2023-01-03T22:39:20.624+0100] {logging_mixin.py:137} INFO - [2023-01-03T22:39:20.624+0100] {dagbag.py:538} INFO - Filling up the DagBag from /home/chrisfleig/.local/lib/python3.10/site-packages/airflow/example_dags/example_xcomargs.py
[2023-01-03T22:39:20.646+0100] {processor.py:753} INFO - DAG(s) dict_keys(['example_xcom_args_with_operators', 'example_xcom_args']) retrieved from /home/chrisfleig/.local/lib/python3.10/site-packages/airflow/example_dags/example_xcomargs.py
[2023-01-03T22:39:20.669+0100] {logging_mixin.py:137} INFO - [2023-01-03T22:39:20.668+0100] {dag.py:2676} INFO - Sync 2 DAGs
[2023-01-03T22:39:20.686+0100] {logging_mixin.py:137} INFO - [2023-01-03T22:39:20.686+0100] {dag.py:3423} INFO - Setting next_dagrun for example_xcom_args to None, run_after=None
[2023-01-03T22:39:20.689+0100] {logging_mixin.py:137} INFO - [2023-01-03T22:39:20.689+0100] {dag.py:3423} INFO - Setting next_dagrun for example_xcom_args_with_operators to None, run_after=None
[2023-01-03T22:39:20.723+0100] {processor.py:175} INFO - Processing /home/chrisfleig/.local/lib/python3.10/site-packages/airflow/example_dags/example_xcomargs.py took 0.103 seconds
[2023-01-03T22:40:01.078+0100] {processor.py:153} INFO - Started process (PID=9056) to work on /home/chrisfleig/.local/lib/python3.10/site-packages/airflow/example_dags/example_xcomargs.py
[2023-01-03T22:40:01.079+0100] {processor.py:743} INFO - Processing file /home/chrisfleig/.local/lib/python3.10/site-packages/airflow/example_dags/example_xcomargs.py for tasks to queue
[2023-01-03T22:40:01.079+0100] {logging_mixin.py:137} INFO - [2023-01-03T22:40:01.079+0100] {dagbag.py:538} INFO - Filling up the DagBag from /home/chrisfleig/.local/lib/python3.10/site-packages/airflow/example_dags/example_xcomargs.py
[2023-01-03T22:40:01.101+0100] {processor.py:753} INFO - DAG(s) dict_keys(['example_xcom_args', 'example_xcom_args_with_operators']) retrieved from /home/chrisfleig/.local/lib/python3.10/site-packages/airflow/example_dags/example_xcomargs.py
[2023-01-03T22:40:01.123+0100] {logging_mixin.py:137} INFO - [2023-01-03T22:40:01.122+0100] {dag.py:2676} INFO - Sync 2 DAGs
[2023-01-03T22:40:01.140+0100] {logging_mixin.py:137} INFO - [2023-01-03T22:40:01.139+0100] {dag.py:3423} INFO - Setting next_dagrun for example_xcom_args to None, run_after=None
[2023-01-03T22:40:01.142+0100] {logging_mixin.py:137} INFO - [2023-01-03T22:40:01.142+0100] {dag.py:3423} INFO - Setting next_dagrun for example_xcom_args_with_operators to None, run_after=None
[2023-01-03T22:40:01.178+0100] {processor.py:175} INFO - Processing /home/chrisfleig/.local/lib/python3.10/site-packages/airflow/example_dags/example_xcomargs.py took 0.102 seconds
[2023-01-03T22:40:39.003+0100] {processor.py:153} INFO - Started process (PID=9094) to work on /home/chrisfleig/.local/lib/python3.10/site-packages/airflow/example_dags/example_xcomargs.py
[2023-01-03T22:40:39.011+0100] {processor.py:743} INFO - Processing file /home/chrisfleig/.local/lib/python3.10/site-packages/airflow/example_dags/example_xcomargs.py for tasks to queue
[2023-01-03T22:40:39.012+0100] {logging_mixin.py:137} INFO - [2023-01-03T22:40:39.012+0100] {dagbag.py:538} INFO - Filling up the DagBag from /home/chrisfleig/.local/lib/python3.10/site-packages/airflow/example_dags/example_xcomargs.py
[2023-01-03T22:40:39.035+0100] {processor.py:753} INFO - DAG(s) dict_keys(['example_xcom_args_with_operators', 'example_xcom_args']) retrieved from /home/chrisfleig/.local/lib/python3.10/site-packages/airflow/example_dags/example_xcomargs.py
[2023-01-03T22:40:39.061+0100] {logging_mixin.py:137} INFO - [2023-01-03T22:40:39.060+0100] {dag.py:2676} INFO - Sync 2 DAGs
[2023-01-03T22:40:39.080+0100] {logging_mixin.py:137} INFO - [2023-01-03T22:40:39.080+0100] {dag.py:3423} INFO - Setting next_dagrun for example_xcom_args to None, run_after=None
[2023-01-03T22:40:39.083+0100] {logging_mixin.py:137} INFO - [2023-01-03T22:40:39.083+0100] {dag.py:3423} INFO - Setting next_dagrun for example_xcom_args_with_operators to None, run_after=None
[2023-01-03T22:40:39.120+0100] {processor.py:175} INFO - Processing /home/chrisfleig/.local/lib/python3.10/site-packages/airflow/example_dags/example_xcomargs.py took 0.120 seconds
[2023-01-03T22:41:16.556+0100] {processor.py:153} INFO - Started process (PID=9132) to work on /home/chrisfleig/.local/lib/python3.10/site-packages/airflow/example_dags/example_xcomargs.py
[2023-01-03T22:41:16.557+0100] {processor.py:743} INFO - Processing file /home/chrisfleig/.local/lib/python3.10/site-packages/airflow/example_dags/example_xcomargs.py for tasks to queue
[2023-01-03T22:41:16.558+0100] {logging_mixin.py:137} INFO - [2023-01-03T22:41:16.557+0100] {dagbag.py:538} INFO - Filling up the DagBag from /home/chrisfleig/.local/lib/python3.10/site-packages/airflow/example_dags/example_xcomargs.py
[2023-01-03T22:41:16.585+0100] {processor.py:753} INFO - DAG(s) dict_keys(['example_xcom_args', 'example_xcom_args_with_operators']) retrieved from /home/chrisfleig/.local/lib/python3.10/site-packages/airflow/example_dags/example_xcomargs.py
[2023-01-03T22:41:16.615+0100] {logging_mixin.py:137} INFO - [2023-01-03T22:41:16.615+0100] {dag.py:2676} INFO - Sync 2 DAGs
[2023-01-03T22:41:16.635+0100] {logging_mixin.py:137} INFO - [2023-01-03T22:41:16.635+0100] {dag.py:3423} INFO - Setting next_dagrun for example_xcom_args to None, run_after=None
[2023-01-03T22:41:16.638+0100] {logging_mixin.py:137} INFO - [2023-01-03T22:41:16.638+0100] {dag.py:3423} INFO - Setting next_dagrun for example_xcom_args_with_operators to None, run_after=None
[2023-01-03T22:41:16.675+0100] {processor.py:175} INFO - Processing /home/chrisfleig/.local/lib/python3.10/site-packages/airflow/example_dags/example_xcomargs.py took 0.122 seconds
[2023-01-03T22:41:54.724+0100] {processor.py:153} INFO - Started process (PID=9170) to work on /home/chrisfleig/.local/lib/python3.10/site-packages/airflow/example_dags/example_xcomargs.py
[2023-01-03T22:41:54.725+0100] {processor.py:743} INFO - Processing file /home/chrisfleig/.local/lib/python3.10/site-packages/airflow/example_dags/example_xcomargs.py for tasks to queue
[2023-01-03T22:41:54.725+0100] {logging_mixin.py:137} INFO - [2023-01-03T22:41:54.725+0100] {dagbag.py:538} INFO - Filling up the DagBag from /home/chrisfleig/.local/lib/python3.10/site-packages/airflow/example_dags/example_xcomargs.py
[2023-01-03T22:41:54.747+0100] {processor.py:753} INFO - DAG(s) dict_keys(['example_xcom_args', 'example_xcom_args_with_operators']) retrieved from /home/chrisfleig/.local/lib/python3.10/site-packages/airflow/example_dags/example_xcomargs.py
[2023-01-03T22:41:54.769+0100] {logging_mixin.py:137} INFO - [2023-01-03T22:41:54.769+0100] {dag.py:2676} INFO - Sync 2 DAGs
[2023-01-03T22:41:54.785+0100] {logging_mixin.py:137} INFO - [2023-01-03T22:41:54.784+0100] {dag.py:3423} INFO - Setting next_dagrun for example_xcom_args to None, run_after=None
[2023-01-03T22:41:54.787+0100] {logging_mixin.py:137} INFO - [2023-01-03T22:41:54.787+0100] {dag.py:3423} INFO - Setting next_dagrun for example_xcom_args_with_operators to None, run_after=None
[2023-01-03T22:41:54.819+0100] {processor.py:175} INFO - Processing /home/chrisfleig/.local/lib/python3.10/site-packages/airflow/example_dags/example_xcomargs.py took 0.098 seconds
[2023-01-03T22:42:34.662+0100] {processor.py:153} INFO - Started process (PID=9212) to work on /home/chrisfleig/.local/lib/python3.10/site-packages/airflow/example_dags/example_xcomargs.py
[2023-01-03T22:42:34.663+0100] {processor.py:743} INFO - Processing file /home/chrisfleig/.local/lib/python3.10/site-packages/airflow/example_dags/example_xcomargs.py for tasks to queue
[2023-01-03T22:42:34.664+0100] {logging_mixin.py:137} INFO - [2023-01-03T22:42:34.664+0100] {dagbag.py:538} INFO - Filling up the DagBag from /home/chrisfleig/.local/lib/python3.10/site-packages/airflow/example_dags/example_xcomargs.py
[2023-01-03T22:42:34.686+0100] {processor.py:753} INFO - DAG(s) dict_keys(['example_xcom_args_with_operators', 'example_xcom_args']) retrieved from /home/chrisfleig/.local/lib/python3.10/site-packages/airflow/example_dags/example_xcomargs.py
[2023-01-03T22:42:34.707+0100] {logging_mixin.py:137} INFO - [2023-01-03T22:42:34.707+0100] {dag.py:2676} INFO - Sync 2 DAGs
[2023-01-03T22:42:34.723+0100] {logging_mixin.py:137} INFO - [2023-01-03T22:42:34.723+0100] {dag.py:3423} INFO - Setting next_dagrun for example_xcom_args to None, run_after=None
[2023-01-03T22:42:34.726+0100] {logging_mixin.py:137} INFO - [2023-01-03T22:42:34.726+0100] {dag.py:3423} INFO - Setting next_dagrun for example_xcom_args_with_operators to None, run_after=None
[2023-01-03T22:42:34.779+0100] {processor.py:175} INFO - Processing /home/chrisfleig/.local/lib/python3.10/site-packages/airflow/example_dags/example_xcomargs.py took 0.119 seconds
[2023-01-03T22:43:12.768+0100] {processor.py:153} INFO - Started process (PID=9250) to work on /home/chrisfleig/.local/lib/python3.10/site-packages/airflow/example_dags/example_xcomargs.py
[2023-01-03T22:43:12.770+0100] {processor.py:743} INFO - Processing file /home/chrisfleig/.local/lib/python3.10/site-packages/airflow/example_dags/example_xcomargs.py for tasks to queue
[2023-01-03T22:43:12.772+0100] {logging_mixin.py:137} INFO - [2023-01-03T22:43:12.771+0100] {dagbag.py:538} INFO - Filling up the DagBag from /home/chrisfleig/.local/lib/python3.10/site-packages/airflow/example_dags/example_xcomargs.py
[2023-01-03T22:43:12.794+0100] {processor.py:753} INFO - DAG(s) dict_keys(['example_xcom_args_with_operators', 'example_xcom_args']) retrieved from /home/chrisfleig/.local/lib/python3.10/site-packages/airflow/example_dags/example_xcomargs.py
[2023-01-03T22:43:12.818+0100] {logging_mixin.py:137} INFO - [2023-01-03T22:43:12.817+0100] {dag.py:2676} INFO - Sync 2 DAGs
[2023-01-03T22:43:12.836+0100] {logging_mixin.py:137} INFO - [2023-01-03T22:43:12.836+0100] {dag.py:3423} INFO - Setting next_dagrun for example_xcom_args to None, run_after=None
[2023-01-03T22:43:12.840+0100] {logging_mixin.py:137} INFO - [2023-01-03T22:43:12.840+0100] {dag.py:3423} INFO - Setting next_dagrun for example_xcom_args_with_operators to None, run_after=None
[2023-01-03T22:43:12.876+0100] {processor.py:175} INFO - Processing /home/chrisfleig/.local/lib/python3.10/site-packages/airflow/example_dags/example_xcomargs.py took 0.111 seconds
[2023-01-03T22:43:52.809+0100] {processor.py:153} INFO - Started process (PID=9288) to work on /home/chrisfleig/.local/lib/python3.10/site-packages/airflow/example_dags/example_xcomargs.py
[2023-01-03T22:43:52.811+0100] {processor.py:743} INFO - Processing file /home/chrisfleig/.local/lib/python3.10/site-packages/airflow/example_dags/example_xcomargs.py for tasks to queue
[2023-01-03T22:43:52.812+0100] {logging_mixin.py:137} INFO - [2023-01-03T22:43:52.812+0100] {dagbag.py:538} INFO - Filling up the DagBag from /home/chrisfleig/.local/lib/python3.10/site-packages/airflow/example_dags/example_xcomargs.py
[2023-01-03T22:43:52.842+0100] {processor.py:753} INFO - DAG(s) dict_keys(['example_xcom_args', 'example_xcom_args_with_operators']) retrieved from /home/chrisfleig/.local/lib/python3.10/site-packages/airflow/example_dags/example_xcomargs.py
[2023-01-03T22:43:52.871+0100] {logging_mixin.py:137} INFO - [2023-01-03T22:43:52.871+0100] {dag.py:2676} INFO - Sync 2 DAGs
[2023-01-03T22:43:52.890+0100] {logging_mixin.py:137} INFO - [2023-01-03T22:43:52.890+0100] {dag.py:3423} INFO - Setting next_dagrun for example_xcom_args to None, run_after=None
[2023-01-03T22:43:52.893+0100] {logging_mixin.py:137} INFO - [2023-01-03T22:43:52.893+0100] {dag.py:3423} INFO - Setting next_dagrun for example_xcom_args_with_operators to None, run_after=None
[2023-01-03T22:43:52.932+0100] {processor.py:175} INFO - Processing /home/chrisfleig/.local/lib/python3.10/site-packages/airflow/example_dags/example_xcomargs.py took 0.126 seconds
[2023-01-03T22:44:30.128+0100] {processor.py:153} INFO - Started process (PID=9326) to work on /home/chrisfleig/.local/lib/python3.10/site-packages/airflow/example_dags/example_xcomargs.py
[2023-01-03T22:44:30.129+0100] {processor.py:743} INFO - Processing file /home/chrisfleig/.local/lib/python3.10/site-packages/airflow/example_dags/example_xcomargs.py for tasks to queue
[2023-01-03T22:44:30.129+0100] {logging_mixin.py:137} INFO - [2023-01-03T22:44:30.129+0100] {dagbag.py:538} INFO - Filling up the DagBag from /home/chrisfleig/.local/lib/python3.10/site-packages/airflow/example_dags/example_xcomargs.py
[2023-01-03T22:44:30.181+0100] {processor.py:753} INFO - DAG(s) dict_keys(['example_xcom_args_with_operators', 'example_xcom_args']) retrieved from /home/chrisfleig/.local/lib/python3.10/site-packages/airflow/example_dags/example_xcomargs.py
[2023-01-03T22:44:30.220+0100] {logging_mixin.py:137} INFO - [2023-01-03T22:44:30.220+0100] {dag.py:2676} INFO - Sync 2 DAGs
[2023-01-03T22:44:30.260+0100] {logging_mixin.py:137} INFO - [2023-01-03T22:44:30.260+0100] {dag.py:3423} INFO - Setting next_dagrun for example_xcom_args to None, run_after=None
[2023-01-03T22:44:30.267+0100] {logging_mixin.py:137} INFO - [2023-01-03T22:44:30.267+0100] {dag.py:3423} INFO - Setting next_dagrun for example_xcom_args_with_operators to None, run_after=None
[2023-01-03T22:44:30.305+0100] {processor.py:175} INFO - Processing /home/chrisfleig/.local/lib/python3.10/site-packages/airflow/example_dags/example_xcomargs.py took 0.180 seconds
[2023-01-03T22:45:10.495+0100] {processor.py:153} INFO - Started process (PID=9364) to work on /home/chrisfleig/.local/lib/python3.10/site-packages/airflow/example_dags/example_xcomargs.py
[2023-01-03T22:45:10.496+0100] {processor.py:743} INFO - Processing file /home/chrisfleig/.local/lib/python3.10/site-packages/airflow/example_dags/example_xcomargs.py for tasks to queue
[2023-01-03T22:45:10.497+0100] {logging_mixin.py:137} INFO - [2023-01-03T22:45:10.497+0100] {dagbag.py:538} INFO - Filling up the DagBag from /home/chrisfleig/.local/lib/python3.10/site-packages/airflow/example_dags/example_xcomargs.py
[2023-01-03T22:45:10.518+0100] {processor.py:753} INFO - DAG(s) dict_keys(['example_xcom_args', 'example_xcom_args_with_operators']) retrieved from /home/chrisfleig/.local/lib/python3.10/site-packages/airflow/example_dags/example_xcomargs.py
[2023-01-03T22:45:10.541+0100] {logging_mixin.py:137} INFO - [2023-01-03T22:45:10.541+0100] {dag.py:2676} INFO - Sync 2 DAGs
[2023-01-03T22:45:10.558+0100] {logging_mixin.py:137} INFO - [2023-01-03T22:45:10.558+0100] {dag.py:3423} INFO - Setting next_dagrun for example_xcom_args to None, run_after=None
[2023-01-03T22:45:10.560+0100] {logging_mixin.py:137} INFO - [2023-01-03T22:45:10.560+0100] {dag.py:3423} INFO - Setting next_dagrun for example_xcom_args_with_operators to None, run_after=None
[2023-01-03T22:45:10.598+0100] {processor.py:175} INFO - Processing /home/chrisfleig/.local/lib/python3.10/site-packages/airflow/example_dags/example_xcomargs.py took 0.105 seconds
[2023-01-03T22:45:48.553+0100] {processor.py:153} INFO - Started process (PID=9402) to work on /home/chrisfleig/.local/lib/python3.10/site-packages/airflow/example_dags/example_xcomargs.py
[2023-01-03T22:45:48.554+0100] {processor.py:743} INFO - Processing file /home/chrisfleig/.local/lib/python3.10/site-packages/airflow/example_dags/example_xcomargs.py for tasks to queue
[2023-01-03T22:45:48.555+0100] {logging_mixin.py:137} INFO - [2023-01-03T22:45:48.555+0100] {dagbag.py:538} INFO - Filling up the DagBag from /home/chrisfleig/.local/lib/python3.10/site-packages/airflow/example_dags/example_xcomargs.py
[2023-01-03T22:45:48.576+0100] {processor.py:753} INFO - DAG(s) dict_keys(['example_xcom_args', 'example_xcom_args_with_operators']) retrieved from /home/chrisfleig/.local/lib/python3.10/site-packages/airflow/example_dags/example_xcomargs.py
[2023-01-03T22:45:48.599+0100] {logging_mixin.py:137} INFO - [2023-01-03T22:45:48.599+0100] {dag.py:2676} INFO - Sync 2 DAGs
[2023-01-03T22:45:48.615+0100] {logging_mixin.py:137} INFO - [2023-01-03T22:45:48.615+0100] {dag.py:3423} INFO - Setting next_dagrun for example_xcom_args to None, run_after=None
[2023-01-03T22:45:48.617+0100] {logging_mixin.py:137} INFO - [2023-01-03T22:45:48.617+0100] {dag.py:3423} INFO - Setting next_dagrun for example_xcom_args_with_operators to None, run_after=None
[2023-01-03T22:45:48.650+0100] {processor.py:175} INFO - Processing /home/chrisfleig/.local/lib/python3.10/site-packages/airflow/example_dags/example_xcomargs.py took 0.099 seconds
[2023-01-03T22:46:25.241+0100] {processor.py:153} INFO - Started process (PID=9440) to work on /home/chrisfleig/.local/lib/python3.10/site-packages/airflow/example_dags/example_xcomargs.py
[2023-01-03T22:46:25.242+0100] {processor.py:743} INFO - Processing file /home/chrisfleig/.local/lib/python3.10/site-packages/airflow/example_dags/example_xcomargs.py for tasks to queue
[2023-01-03T22:46:25.243+0100] {logging_mixin.py:137} INFO - [2023-01-03T22:46:25.243+0100] {dagbag.py:538} INFO - Filling up the DagBag from /home/chrisfleig/.local/lib/python3.10/site-packages/airflow/example_dags/example_xcomargs.py
[2023-01-03T22:46:25.264+0100] {processor.py:753} INFO - DAG(s) dict_keys(['example_xcom_args', 'example_xcom_args_with_operators']) retrieved from /home/chrisfleig/.local/lib/python3.10/site-packages/airflow/example_dags/example_xcomargs.py
[2023-01-03T22:46:25.287+0100] {logging_mixin.py:137} INFO - [2023-01-03T22:46:25.286+0100] {dag.py:2676} INFO - Sync 2 DAGs
[2023-01-03T22:46:25.303+0100] {logging_mixin.py:137} INFO - [2023-01-03T22:46:25.303+0100] {dag.py:3423} INFO - Setting next_dagrun for example_xcom_args to None, run_after=None
[2023-01-03T22:46:25.305+0100] {logging_mixin.py:137} INFO - [2023-01-03T22:46:25.305+0100] {dag.py:3423} INFO - Setting next_dagrun for example_xcom_args_with_operators to None, run_after=None
[2023-01-03T22:46:25.338+0100] {processor.py:175} INFO - Processing /home/chrisfleig/.local/lib/python3.10/site-packages/airflow/example_dags/example_xcomargs.py took 0.099 seconds
[2023-01-03T22:47:04.381+0100] {processor.py:153} INFO - Started process (PID=9478) to work on /home/chrisfleig/.local/lib/python3.10/site-packages/airflow/example_dags/example_xcomargs.py
[2023-01-03T22:47:04.381+0100] {processor.py:743} INFO - Processing file /home/chrisfleig/.local/lib/python3.10/site-packages/airflow/example_dags/example_xcomargs.py for tasks to queue
[2023-01-03T22:47:04.382+0100] {logging_mixin.py:137} INFO - [2023-01-03T22:47:04.382+0100] {dagbag.py:538} INFO - Filling up the DagBag from /home/chrisfleig/.local/lib/python3.10/site-packages/airflow/example_dags/example_xcomargs.py
[2023-01-03T22:47:04.408+0100] {processor.py:753} INFO - DAG(s) dict_keys(['example_xcom_args', 'example_xcom_args_with_operators']) retrieved from /home/chrisfleig/.local/lib/python3.10/site-packages/airflow/example_dags/example_xcomargs.py
[2023-01-03T22:47:04.435+0100] {logging_mixin.py:137} INFO - [2023-01-03T22:47:04.434+0100] {dag.py:2676} INFO - Sync 2 DAGs
[2023-01-03T22:47:04.452+0100] {logging_mixin.py:137} INFO - [2023-01-03T22:47:04.452+0100] {dag.py:3423} INFO - Setting next_dagrun for example_xcom_args to None, run_after=None
[2023-01-03T22:47:04.454+0100] {logging_mixin.py:137} INFO - [2023-01-03T22:47:04.454+0100] {dag.py:3423} INFO - Setting next_dagrun for example_xcom_args_with_operators to None, run_after=None
[2023-01-03T22:47:04.489+0100] {processor.py:175} INFO - Processing /home/chrisfleig/.local/lib/python3.10/site-packages/airflow/example_dags/example_xcomargs.py took 0.111 seconds
[2023-01-03T22:47:43.034+0100] {processor.py:153} INFO - Started process (PID=9516) to work on /home/chrisfleig/.local/lib/python3.10/site-packages/airflow/example_dags/example_xcomargs.py
[2023-01-03T22:47:43.035+0100] {processor.py:743} INFO - Processing file /home/chrisfleig/.local/lib/python3.10/site-packages/airflow/example_dags/example_xcomargs.py for tasks to queue
[2023-01-03T22:47:43.036+0100] {logging_mixin.py:137} INFO - [2023-01-03T22:47:43.036+0100] {dagbag.py:538} INFO - Filling up the DagBag from /home/chrisfleig/.local/lib/python3.10/site-packages/airflow/example_dags/example_xcomargs.py
[2023-01-03T22:47:43.063+0100] {processor.py:753} INFO - DAG(s) dict_keys(['example_xcom_args_with_operators', 'example_xcom_args']) retrieved from /home/chrisfleig/.local/lib/python3.10/site-packages/airflow/example_dags/example_xcomargs.py
[2023-01-03T22:47:43.087+0100] {logging_mixin.py:137} INFO - [2023-01-03T22:47:43.087+0100] {dag.py:2676} INFO - Sync 2 DAGs
[2023-01-03T22:47:43.104+0100] {logging_mixin.py:137} INFO - [2023-01-03T22:47:43.104+0100] {dag.py:3423} INFO - Setting next_dagrun for example_xcom_args to None, run_after=None
[2023-01-03T22:47:43.107+0100] {logging_mixin.py:137} INFO - [2023-01-03T22:47:43.107+0100] {dag.py:3423} INFO - Setting next_dagrun for example_xcom_args_with_operators to None, run_after=None
[2023-01-03T22:47:43.146+0100] {processor.py:175} INFO - Processing /home/chrisfleig/.local/lib/python3.10/site-packages/airflow/example_dags/example_xcomargs.py took 0.115 seconds
[2023-01-03T22:48:22.832+0100] {processor.py:153} INFO - Started process (PID=9554) to work on /home/chrisfleig/.local/lib/python3.10/site-packages/airflow/example_dags/example_xcomargs.py
[2023-01-03T22:48:22.833+0100] {processor.py:743} INFO - Processing file /home/chrisfleig/.local/lib/python3.10/site-packages/airflow/example_dags/example_xcomargs.py for tasks to queue
[2023-01-03T22:48:22.834+0100] {logging_mixin.py:137} INFO - [2023-01-03T22:48:22.834+0100] {dagbag.py:538} INFO - Filling up the DagBag from /home/chrisfleig/.local/lib/python3.10/site-packages/airflow/example_dags/example_xcomargs.py
[2023-01-03T22:48:22.858+0100] {processor.py:753} INFO - DAG(s) dict_keys(['example_xcom_args', 'example_xcom_args_with_operators']) retrieved from /home/chrisfleig/.local/lib/python3.10/site-packages/airflow/example_dags/example_xcomargs.py
[2023-01-03T22:48:22.885+0100] {logging_mixin.py:137} INFO - [2023-01-03T22:48:22.884+0100] {dag.py:2676} INFO - Sync 2 DAGs
[2023-01-03T22:48:22.906+0100] {logging_mixin.py:137} INFO - [2023-01-03T22:48:22.906+0100] {dag.py:3423} INFO - Setting next_dagrun for example_xcom_args to None, run_after=None
[2023-01-03T22:48:22.909+0100] {logging_mixin.py:137} INFO - [2023-01-03T22:48:22.909+0100] {dag.py:3423} INFO - Setting next_dagrun for example_xcom_args_with_operators to None, run_after=None
[2023-01-03T22:48:22.945+0100] {processor.py:175} INFO - Processing /home/chrisfleig/.local/lib/python3.10/site-packages/airflow/example_dags/example_xcomargs.py took 0.116 seconds
[2023-01-03T22:49:03.471+0100] {processor.py:153} INFO - Started process (PID=9592) to work on /home/chrisfleig/.local/lib/python3.10/site-packages/airflow/example_dags/example_xcomargs.py
[2023-01-03T22:49:03.472+0100] {processor.py:743} INFO - Processing file /home/chrisfleig/.local/lib/python3.10/site-packages/airflow/example_dags/example_xcomargs.py for tasks to queue
[2023-01-03T22:49:03.472+0100] {logging_mixin.py:137} INFO - [2023-01-03T22:49:03.472+0100] {dagbag.py:538} INFO - Filling up the DagBag from /home/chrisfleig/.local/lib/python3.10/site-packages/airflow/example_dags/example_xcomargs.py
[2023-01-03T22:49:03.496+0100] {processor.py:753} INFO - DAG(s) dict_keys(['example_xcom_args', 'example_xcom_args_with_operators']) retrieved from /home/chrisfleig/.local/lib/python3.10/site-packages/airflow/example_dags/example_xcomargs.py
[2023-01-03T22:49:03.521+0100] {logging_mixin.py:137} INFO - [2023-01-03T22:49:03.521+0100] {dag.py:2676} INFO - Sync 2 DAGs
[2023-01-03T22:49:03.540+0100] {logging_mixin.py:137} INFO - [2023-01-03T22:49:03.540+0100] {dag.py:3423} INFO - Setting next_dagrun for example_xcom_args to None, run_after=None
[2023-01-03T22:49:03.543+0100] {logging_mixin.py:137} INFO - [2023-01-03T22:49:03.543+0100] {dag.py:3423} INFO - Setting next_dagrun for example_xcom_args_with_operators to None, run_after=None
[2023-01-03T22:49:03.579+0100] {processor.py:175} INFO - Processing /home/chrisfleig/.local/lib/python3.10/site-packages/airflow/example_dags/example_xcomargs.py took 0.111 seconds
[2023-01-03T22:49:44.191+0100] {processor.py:153} INFO - Started process (PID=9630) to work on /home/chrisfleig/.local/lib/python3.10/site-packages/airflow/example_dags/example_xcomargs.py
[2023-01-03T22:49:44.192+0100] {processor.py:743} INFO - Processing file /home/chrisfleig/.local/lib/python3.10/site-packages/airflow/example_dags/example_xcomargs.py for tasks to queue
[2023-01-03T22:49:44.193+0100] {logging_mixin.py:137} INFO - [2023-01-03T22:49:44.193+0100] {dagbag.py:538} INFO - Filling up the DagBag from /home/chrisfleig/.local/lib/python3.10/site-packages/airflow/example_dags/example_xcomargs.py
[2023-01-03T22:49:44.214+0100] {processor.py:753} INFO - DAG(s) dict_keys(['example_xcom_args_with_operators', 'example_xcom_args']) retrieved from /home/chrisfleig/.local/lib/python3.10/site-packages/airflow/example_dags/example_xcomargs.py
[2023-01-03T22:49:44.236+0100] {logging_mixin.py:137} INFO - [2023-01-03T22:49:44.236+0100] {dag.py:2676} INFO - Sync 2 DAGs
[2023-01-03T22:49:44.254+0100] {logging_mixin.py:137} INFO - [2023-01-03T22:49:44.253+0100] {dag.py:3423} INFO - Setting next_dagrun for example_xcom_args to None, run_after=None
[2023-01-03T22:49:44.256+0100] {logging_mixin.py:137} INFO - [2023-01-03T22:49:44.256+0100] {dag.py:3423} INFO - Setting next_dagrun for example_xcom_args_with_operators to None, run_after=None
[2023-01-03T22:49:44.292+0100] {processor.py:175} INFO - Processing /home/chrisfleig/.local/lib/python3.10/site-packages/airflow/example_dags/example_xcomargs.py took 0.104 seconds
[2023-01-03T22:50:22.099+0100] {processor.py:153} INFO - Started process (PID=9668) to work on /home/chrisfleig/.local/lib/python3.10/site-packages/airflow/example_dags/example_xcomargs.py
[2023-01-03T22:50:22.100+0100] {processor.py:743} INFO - Processing file /home/chrisfleig/.local/lib/python3.10/site-packages/airflow/example_dags/example_xcomargs.py for tasks to queue
[2023-01-03T22:50:22.101+0100] {logging_mixin.py:137} INFO - [2023-01-03T22:50:22.101+0100] {dagbag.py:538} INFO - Filling up the DagBag from /home/chrisfleig/.local/lib/python3.10/site-packages/airflow/example_dags/example_xcomargs.py
[2023-01-03T22:50:22.124+0100] {processor.py:753} INFO - DAG(s) dict_keys(['example_xcom_args_with_operators', 'example_xcom_args']) retrieved from /home/chrisfleig/.local/lib/python3.10/site-packages/airflow/example_dags/example_xcomargs.py
[2023-01-03T22:50:22.148+0100] {logging_mixin.py:137} INFO - [2023-01-03T22:50:22.148+0100] {dag.py:2676} INFO - Sync 2 DAGs
[2023-01-03T22:50:22.166+0100] {logging_mixin.py:137} INFO - [2023-01-03T22:50:22.166+0100] {dag.py:3423} INFO - Setting next_dagrun for example_xcom_args to None, run_after=None
[2023-01-03T22:50:22.169+0100] {logging_mixin.py:137} INFO - [2023-01-03T22:50:22.168+0100] {dag.py:3423} INFO - Setting next_dagrun for example_xcom_args_with_operators to None, run_after=None
[2023-01-03T22:50:22.202+0100] {processor.py:175} INFO - Processing /home/chrisfleig/.local/lib/python3.10/site-packages/airflow/example_dags/example_xcomargs.py took 0.105 seconds
[2023-01-03T22:51:02.399+0100] {processor.py:153} INFO - Started process (PID=9706) to work on /home/chrisfleig/.local/lib/python3.10/site-packages/airflow/example_dags/example_xcomargs.py
[2023-01-03T22:51:02.401+0100] {processor.py:743} INFO - Processing file /home/chrisfleig/.local/lib/python3.10/site-packages/airflow/example_dags/example_xcomargs.py for tasks to queue
[2023-01-03T22:51:02.401+0100] {logging_mixin.py:137} INFO - [2023-01-03T22:51:02.401+0100] {dagbag.py:538} INFO - Filling up the DagBag from /home/chrisfleig/.local/lib/python3.10/site-packages/airflow/example_dags/example_xcomargs.py
[2023-01-03T22:51:02.424+0100] {processor.py:753} INFO - DAG(s) dict_keys(['example_xcom_args', 'example_xcom_args_with_operators']) retrieved from /home/chrisfleig/.local/lib/python3.10/site-packages/airflow/example_dags/example_xcomargs.py
[2023-01-03T22:51:02.448+0100] {logging_mixin.py:137} INFO - [2023-01-03T22:51:02.448+0100] {dag.py:2676} INFO - Sync 2 DAGs
[2023-01-03T22:51:02.466+0100] {logging_mixin.py:137} INFO - [2023-01-03T22:51:02.466+0100] {dag.py:3423} INFO - Setting next_dagrun for example_xcom_args to None, run_after=None
[2023-01-03T22:51:02.468+0100] {logging_mixin.py:137} INFO - [2023-01-03T22:51:02.468+0100] {dag.py:3423} INFO - Setting next_dagrun for example_xcom_args_with_operators to None, run_after=None
[2023-01-03T22:51:02.521+0100] {processor.py:175} INFO - Processing /home/chrisfleig/.local/lib/python3.10/site-packages/airflow/example_dags/example_xcomargs.py took 0.124 seconds
[2023-01-03T22:51:40.281+0100] {processor.py:153} INFO - Started process (PID=9744) to work on /home/chrisfleig/.local/lib/python3.10/site-packages/airflow/example_dags/example_xcomargs.py
[2023-01-03T22:51:40.282+0100] {processor.py:743} INFO - Processing file /home/chrisfleig/.local/lib/python3.10/site-packages/airflow/example_dags/example_xcomargs.py for tasks to queue
[2023-01-03T22:51:40.283+0100] {logging_mixin.py:137} INFO - [2023-01-03T22:51:40.283+0100] {dagbag.py:538} INFO - Filling up the DagBag from /home/chrisfleig/.local/lib/python3.10/site-packages/airflow/example_dags/example_xcomargs.py
[2023-01-03T22:51:40.305+0100] {processor.py:753} INFO - DAG(s) dict_keys(['example_xcom_args_with_operators', 'example_xcom_args']) retrieved from /home/chrisfleig/.local/lib/python3.10/site-packages/airflow/example_dags/example_xcomargs.py
[2023-01-03T22:51:40.327+0100] {logging_mixin.py:137} INFO - [2023-01-03T22:51:40.327+0100] {dag.py:2676} INFO - Sync 2 DAGs
[2023-01-03T22:51:40.343+0100] {logging_mixin.py:137} INFO - [2023-01-03T22:51:40.343+0100] {dag.py:3423} INFO - Setting next_dagrun for example_xcom_args to None, run_after=None
[2023-01-03T22:51:40.346+0100] {logging_mixin.py:137} INFO - [2023-01-03T22:51:40.346+0100] {dag.py:3423} INFO - Setting next_dagrun for example_xcom_args_with_operators to None, run_after=None
[2023-01-03T22:51:40.382+0100] {processor.py:175} INFO - Processing /home/chrisfleig/.local/lib/python3.10/site-packages/airflow/example_dags/example_xcomargs.py took 0.104 seconds
[2023-01-03T22:52:21.929+0100] {processor.py:153} INFO - Started process (PID=9782) to work on /home/chrisfleig/.local/lib/python3.10/site-packages/airflow/example_dags/example_xcomargs.py
[2023-01-03T22:52:21.930+0100] {processor.py:743} INFO - Processing file /home/chrisfleig/.local/lib/python3.10/site-packages/airflow/example_dags/example_xcomargs.py for tasks to queue
[2023-01-03T22:52:21.931+0100] {logging_mixin.py:137} INFO - [2023-01-03T22:52:21.931+0100] {dagbag.py:538} INFO - Filling up the DagBag from /home/chrisfleig/.local/lib/python3.10/site-packages/airflow/example_dags/example_xcomargs.py
[2023-01-03T22:52:21.955+0100] {processor.py:753} INFO - DAG(s) dict_keys(['example_xcom_args_with_operators', 'example_xcom_args']) retrieved from /home/chrisfleig/.local/lib/python3.10/site-packages/airflow/example_dags/example_xcomargs.py
[2023-01-03T22:52:21.978+0100] {logging_mixin.py:137} INFO - [2023-01-03T22:52:21.978+0100] {dag.py:2676} INFO - Sync 2 DAGs
[2023-01-03T22:52:21.996+0100] {logging_mixin.py:137} INFO - [2023-01-03T22:52:21.996+0100] {dag.py:3423} INFO - Setting next_dagrun for example_xcom_args to None, run_after=None
[2023-01-03T22:52:21.999+0100] {logging_mixin.py:137} INFO - [2023-01-03T22:52:21.999+0100] {dag.py:3423} INFO - Setting next_dagrun for example_xcom_args_with_operators to None, run_after=None
[2023-01-03T22:52:22.040+0100] {processor.py:175} INFO - Processing /home/chrisfleig/.local/lib/python3.10/site-packages/airflow/example_dags/example_xcomargs.py took 0.114 seconds
[2023-01-03T22:53:01.757+0100] {processor.py:153} INFO - Started process (PID=9820) to work on /home/chrisfleig/.local/lib/python3.10/site-packages/airflow/example_dags/example_xcomargs.py
[2023-01-03T22:53:01.758+0100] {processor.py:743} INFO - Processing file /home/chrisfleig/.local/lib/python3.10/site-packages/airflow/example_dags/example_xcomargs.py for tasks to queue
[2023-01-03T22:53:01.759+0100] {logging_mixin.py:137} INFO - [2023-01-03T22:53:01.759+0100] {dagbag.py:538} INFO - Filling up the DagBag from /home/chrisfleig/.local/lib/python3.10/site-packages/airflow/example_dags/example_xcomargs.py
[2023-01-03T22:53:01.780+0100] {processor.py:753} INFO - DAG(s) dict_keys(['example_xcom_args', 'example_xcom_args_with_operators']) retrieved from /home/chrisfleig/.local/lib/python3.10/site-packages/airflow/example_dags/example_xcomargs.py
[2023-01-03T22:53:01.803+0100] {logging_mixin.py:137} INFO - [2023-01-03T22:53:01.803+0100] {dag.py:2676} INFO - Sync 2 DAGs
[2023-01-03T22:53:01.820+0100] {logging_mixin.py:137} INFO - [2023-01-03T22:53:01.820+0100] {dag.py:3423} INFO - Setting next_dagrun for example_xcom_args to None, run_after=None
[2023-01-03T22:53:01.822+0100] {logging_mixin.py:137} INFO - [2023-01-03T22:53:01.822+0100] {dag.py:3423} INFO - Setting next_dagrun for example_xcom_args_with_operators to None, run_after=None
[2023-01-03T22:53:01.856+0100] {processor.py:175} INFO - Processing /home/chrisfleig/.local/lib/python3.10/site-packages/airflow/example_dags/example_xcomargs.py took 0.101 seconds
[2023-01-03T22:53:38.795+0100] {processor.py:153} INFO - Started process (PID=9860) to work on /home/chrisfleig/.local/lib/python3.10/site-packages/airflow/example_dags/example_xcomargs.py
[2023-01-03T22:53:38.796+0100] {processor.py:743} INFO - Processing file /home/chrisfleig/.local/lib/python3.10/site-packages/airflow/example_dags/example_xcomargs.py for tasks to queue
[2023-01-03T22:53:38.796+0100] {logging_mixin.py:137} INFO - [2023-01-03T22:53:38.796+0100] {dagbag.py:538} INFO - Filling up the DagBag from /home/chrisfleig/.local/lib/python3.10/site-packages/airflow/example_dags/example_xcomargs.py
[2023-01-03T22:53:38.818+0100] {processor.py:753} INFO - DAG(s) dict_keys(['example_xcom_args_with_operators', 'example_xcom_args']) retrieved from /home/chrisfleig/.local/lib/python3.10/site-packages/airflow/example_dags/example_xcomargs.py
[2023-01-03T22:53:38.842+0100] {logging_mixin.py:137} INFO - [2023-01-03T22:53:38.841+0100] {dag.py:2676} INFO - Sync 2 DAGs
[2023-01-03T22:53:38.860+0100] {logging_mixin.py:137} INFO - [2023-01-03T22:53:38.860+0100] {dag.py:3423} INFO - Setting next_dagrun for example_xcom_args to None, run_after=None
[2023-01-03T22:53:38.863+0100] {logging_mixin.py:137} INFO - [2023-01-03T22:53:38.863+0100] {dag.py:3423} INFO - Setting next_dagrun for example_xcom_args_with_operators to None, run_after=None
[2023-01-03T22:53:38.896+0100] {processor.py:175} INFO - Processing /home/chrisfleig/.local/lib/python3.10/site-packages/airflow/example_dags/example_xcomargs.py took 0.104 seconds
[2023-01-03T22:54:22.031+0100] {processor.py:153} INFO - Started process (PID=9902) to work on /home/chrisfleig/.local/lib/python3.10/site-packages/airflow/example_dags/example_xcomargs.py
[2023-01-03T22:54:22.032+0100] {processor.py:743} INFO - Processing file /home/chrisfleig/.local/lib/python3.10/site-packages/airflow/example_dags/example_xcomargs.py for tasks to queue
[2023-01-03T22:54:22.032+0100] {logging_mixin.py:137} INFO - [2023-01-03T22:54:22.032+0100] {dagbag.py:538} INFO - Filling up the DagBag from /home/chrisfleig/.local/lib/python3.10/site-packages/airflow/example_dags/example_xcomargs.py
[2023-01-03T22:54:22.057+0100] {processor.py:753} INFO - DAG(s) dict_keys(['example_xcom_args', 'example_xcom_args_with_operators']) retrieved from /home/chrisfleig/.local/lib/python3.10/site-packages/airflow/example_dags/example_xcomargs.py
[2023-01-03T22:54:22.083+0100] {logging_mixin.py:137} INFO - [2023-01-03T22:54:22.083+0100] {dag.py:2676} INFO - Sync 2 DAGs
[2023-01-03T22:54:22.103+0100] {logging_mixin.py:137} INFO - [2023-01-03T22:54:22.103+0100] {dag.py:3423} INFO - Setting next_dagrun for example_xcom_args to None, run_after=None
[2023-01-03T22:54:22.107+0100] {logging_mixin.py:137} INFO - [2023-01-03T22:54:22.106+0100] {dag.py:3423} INFO - Setting next_dagrun for example_xcom_args_with_operators to None, run_after=None
[2023-01-03T22:54:22.141+0100] {processor.py:175} INFO - Processing /home/chrisfleig/.local/lib/python3.10/site-packages/airflow/example_dags/example_xcomargs.py took 0.113 seconds
[2023-01-03T22:55:05.540+0100] {processor.py:153} INFO - Started process (PID=9941) to work on /home/chrisfleig/.local/lib/python3.10/site-packages/airflow/example_dags/example_xcomargs.py
[2023-01-03T22:55:05.541+0100] {processor.py:743} INFO - Processing file /home/chrisfleig/.local/lib/python3.10/site-packages/airflow/example_dags/example_xcomargs.py for tasks to queue
[2023-01-03T22:55:05.542+0100] {logging_mixin.py:137} INFO - [2023-01-03T22:55:05.541+0100] {dagbag.py:538} INFO - Filling up the DagBag from /home/chrisfleig/.local/lib/python3.10/site-packages/airflow/example_dags/example_xcomargs.py
[2023-01-03T22:55:05.575+0100] {processor.py:753} INFO - DAG(s) dict_keys(['example_xcom_args_with_operators', 'example_xcom_args']) retrieved from /home/chrisfleig/.local/lib/python3.10/site-packages/airflow/example_dags/example_xcomargs.py
[2023-01-03T22:55:05.610+0100] {logging_mixin.py:137} INFO - [2023-01-03T22:55:05.609+0100] {dag.py:2676} INFO - Sync 2 DAGs
[2023-01-03T22:55:05.637+0100] {logging_mixin.py:137} INFO - [2023-01-03T22:55:05.637+0100] {dag.py:3423} INFO - Setting next_dagrun for example_xcom_args to None, run_after=None
[2023-01-03T22:55:05.641+0100] {logging_mixin.py:137} INFO - [2023-01-03T22:55:05.641+0100] {dag.py:3423} INFO - Setting next_dagrun for example_xcom_args_with_operators to None, run_after=None
[2023-01-03T22:55:05.699+0100] {processor.py:175} INFO - Processing /home/chrisfleig/.local/lib/python3.10/site-packages/airflow/example_dags/example_xcomargs.py took 0.162 seconds
[2023-01-03T22:55:47.806+0100] {processor.py:153} INFO - Started process (PID=9980) to work on /home/chrisfleig/.local/lib/python3.10/site-packages/airflow/example_dags/example_xcomargs.py
[2023-01-03T22:55:47.859+0100] {processor.py:743} INFO - Processing file /home/chrisfleig/.local/lib/python3.10/site-packages/airflow/example_dags/example_xcomargs.py for tasks to queue
[2023-01-03T22:55:47.862+0100] {logging_mixin.py:137} INFO - [2023-01-03T22:55:47.862+0100] {dagbag.py:538} INFO - Filling up the DagBag from /home/chrisfleig/.local/lib/python3.10/site-packages/airflow/example_dags/example_xcomargs.py
[2023-01-03T22:55:47.943+0100] {processor.py:753} INFO - DAG(s) dict_keys(['example_xcom_args', 'example_xcom_args_with_operators']) retrieved from /home/chrisfleig/.local/lib/python3.10/site-packages/airflow/example_dags/example_xcomargs.py
[2023-01-03T22:55:47.991+0100] {logging_mixin.py:137} INFO - [2023-01-03T22:55:47.991+0100] {dag.py:2676} INFO - Sync 2 DAGs
[2023-01-03T22:55:48.020+0100] {logging_mixin.py:137} INFO - [2023-01-03T22:55:48.020+0100] {dag.py:3423} INFO - Setting next_dagrun for example_xcom_args to None, run_after=None
[2023-01-03T22:55:48.025+0100] {logging_mixin.py:137} INFO - [2023-01-03T22:55:48.025+0100] {dag.py:3423} INFO - Setting next_dagrun for example_xcom_args_with_operators to None, run_after=None
[2023-01-03T22:55:48.060+0100] {processor.py:175} INFO - Processing /home/chrisfleig/.local/lib/python3.10/site-packages/airflow/example_dags/example_xcomargs.py took 0.284 seconds
[2023-01-03T22:56:30.858+0100] {processor.py:153} INFO - Started process (PID=10023) to work on /home/chrisfleig/.local/lib/python3.10/site-packages/airflow/example_dags/example_xcomargs.py
[2023-01-03T22:56:30.861+0100] {processor.py:743} INFO - Processing file /home/chrisfleig/.local/lib/python3.10/site-packages/airflow/example_dags/example_xcomargs.py for tasks to queue
[2023-01-03T22:56:30.863+0100] {logging_mixin.py:137} INFO - [2023-01-03T22:56:30.862+0100] {dagbag.py:538} INFO - Filling up the DagBag from /home/chrisfleig/.local/lib/python3.10/site-packages/airflow/example_dags/example_xcomargs.py
[2023-01-03T22:56:30.954+0100] {processor.py:753} INFO - DAG(s) dict_keys(['example_xcom_args_with_operators', 'example_xcom_args']) retrieved from /home/chrisfleig/.local/lib/python3.10/site-packages/airflow/example_dags/example_xcomargs.py
[2023-01-03T22:56:30.999+0100] {logging_mixin.py:137} INFO - [2023-01-03T22:56:30.999+0100] {dag.py:2676} INFO - Sync 2 DAGs
[2023-01-03T22:56:31.033+0100] {logging_mixin.py:137} INFO - [2023-01-03T22:56:31.032+0100] {dag.py:3423} INFO - Setting next_dagrun for example_xcom_args to None, run_after=None
[2023-01-03T22:56:31.037+0100] {logging_mixin.py:137} INFO - [2023-01-03T22:56:31.037+0100] {dag.py:3423} INFO - Setting next_dagrun for example_xcom_args_with_operators to None, run_after=None
[2023-01-03T22:56:31.082+0100] {processor.py:175} INFO - Processing /home/chrisfleig/.local/lib/python3.10/site-packages/airflow/example_dags/example_xcomargs.py took 0.228 seconds
