[2023-01-03T22:10:46.535+0100] {processor.py:153} INFO - Started process (PID=8186) to work on /home/chrisfleig/.local/lib/python3.10/site-packages/airflow/example_dags/example_trigger_controller_dag.py
[2023-01-03T22:10:46.536+0100] {processor.py:743} INFO - Processing file /home/chrisfleig/.local/lib/python3.10/site-packages/airflow/example_dags/example_trigger_controller_dag.py for tasks to queue
[2023-01-03T22:10:46.537+0100] {logging_mixin.py:137} INFO - [2023-01-03T22:10:46.537+0100] {dagbag.py:538} INFO - Filling up the DagBag from /home/chrisfleig/.local/lib/python3.10/site-packages/airflow/example_dags/example_trigger_controller_dag.py
[2023-01-03T22:10:46.546+0100] {processor.py:753} INFO - DAG(s) dict_keys(['example_trigger_controller_dag']) retrieved from /home/chrisfleig/.local/lib/python3.10/site-packages/airflow/example_dags/example_trigger_controller_dag.py
[2023-01-03T22:10:46.673+0100] {logging_mixin.py:137} INFO - [2023-01-03T22:10:46.672+0100] {manager.py:504} INFO - Created Permission View: can edit on DAG:example_trigger_controller_dag
[2023-01-03T22:10:46.698+0100] {logging_mixin.py:137} INFO - [2023-01-03T22:10:46.697+0100] {manager.py:504} INFO - Created Permission View: can delete on DAG:example_trigger_controller_dag
[2023-01-03T22:10:46.720+0100] {logging_mixin.py:137} INFO - [2023-01-03T22:10:46.720+0100] {manager.py:504} INFO - Created Permission View: can read on DAG:example_trigger_controller_dag
[2023-01-03T22:10:46.721+0100] {logging_mixin.py:137} INFO - [2023-01-03T22:10:46.721+0100] {dag.py:2676} INFO - Sync 1 DAGs
[2023-01-03T22:10:46.730+0100] {logging_mixin.py:137} INFO - [2023-01-03T22:10:46.730+0100] {dag.py:2697} INFO - Creating ORM DAG for example_trigger_controller_dag
[2023-01-03T22:10:46.737+0100] {logging_mixin.py:137} INFO - [2023-01-03T22:10:46.737+0100] {dag.py:3423} INFO - Setting next_dagrun for example_trigger_controller_dag to 2021-01-01T00:00:00+00:00, run_after=2021-01-01T00:00:00+00:00
[2023-01-03T22:10:46.784+0100] {processor.py:175} INFO - Processing /home/chrisfleig/.local/lib/python3.10/site-packages/airflow/example_dags/example_trigger_controller_dag.py took 0.251 seconds
[2023-01-03T22:11:31.810+0100] {processor.py:153} INFO - Started process (PID=8224) to work on /home/chrisfleig/.local/lib/python3.10/site-packages/airflow/example_dags/example_trigger_controller_dag.py
[2023-01-03T22:11:31.811+0100] {processor.py:743} INFO - Processing file /home/chrisfleig/.local/lib/python3.10/site-packages/airflow/example_dags/example_trigger_controller_dag.py for tasks to queue
[2023-01-03T22:11:31.812+0100] {logging_mixin.py:137} INFO - [2023-01-03T22:11:31.812+0100] {dagbag.py:538} INFO - Filling up the DagBag from /home/chrisfleig/.local/lib/python3.10/site-packages/airflow/example_dags/example_trigger_controller_dag.py
[2023-01-03T22:11:31.822+0100] {processor.py:753} INFO - DAG(s) dict_keys(['example_trigger_controller_dag']) retrieved from /home/chrisfleig/.local/lib/python3.10/site-packages/airflow/example_dags/example_trigger_controller_dag.py
[2023-01-03T22:11:31.843+0100] {logging_mixin.py:137} INFO - [2023-01-03T22:11:31.843+0100] {dag.py:2676} INFO - Sync 1 DAGs
[2023-01-03T22:11:31.862+0100] {logging_mixin.py:137} INFO - [2023-01-03T22:11:31.862+0100] {dag.py:3423} INFO - Setting next_dagrun for example_trigger_controller_dag to 2021-01-01T00:00:00+00:00, run_after=2021-01-01T00:00:00+00:00
[2023-01-03T22:11:31.901+0100] {processor.py:175} INFO - Processing /home/chrisfleig/.local/lib/python3.10/site-packages/airflow/example_dags/example_trigger_controller_dag.py took 0.093 seconds
[2023-01-03T22:12:11.128+0100] {processor.py:153} INFO - Started process (PID=8262) to work on /home/chrisfleig/.local/lib/python3.10/site-packages/airflow/example_dags/example_trigger_controller_dag.py
[2023-01-03T22:12:11.129+0100] {processor.py:743} INFO - Processing file /home/chrisfleig/.local/lib/python3.10/site-packages/airflow/example_dags/example_trigger_controller_dag.py for tasks to queue
[2023-01-03T22:12:11.130+0100] {logging_mixin.py:137} INFO - [2023-01-03T22:12:11.130+0100] {dagbag.py:538} INFO - Filling up the DagBag from /home/chrisfleig/.local/lib/python3.10/site-packages/airflow/example_dags/example_trigger_controller_dag.py
[2023-01-03T22:12:11.140+0100] {processor.py:753} INFO - DAG(s) dict_keys(['example_trigger_controller_dag']) retrieved from /home/chrisfleig/.local/lib/python3.10/site-packages/airflow/example_dags/example_trigger_controller_dag.py
[2023-01-03T22:12:11.162+0100] {logging_mixin.py:137} INFO - [2023-01-03T22:12:11.162+0100] {dag.py:2676} INFO - Sync 1 DAGs
[2023-01-03T22:12:11.178+0100] {logging_mixin.py:137} INFO - [2023-01-03T22:12:11.177+0100] {dag.py:3423} INFO - Setting next_dagrun for example_trigger_controller_dag to 2021-01-01T00:00:00+00:00, run_after=2021-01-01T00:00:00+00:00
[2023-01-03T22:12:11.225+0100] {processor.py:175} INFO - Processing /home/chrisfleig/.local/lib/python3.10/site-packages/airflow/example_dags/example_trigger_controller_dag.py took 0.100 seconds
[2023-01-03T22:12:49.139+0100] {processor.py:153} INFO - Started process (PID=8300) to work on /home/chrisfleig/.local/lib/python3.10/site-packages/airflow/example_dags/example_trigger_controller_dag.py
[2023-01-03T22:12:49.140+0100] {processor.py:743} INFO - Processing file /home/chrisfleig/.local/lib/python3.10/site-packages/airflow/example_dags/example_trigger_controller_dag.py for tasks to queue
[2023-01-03T22:12:49.141+0100] {logging_mixin.py:137} INFO - [2023-01-03T22:12:49.141+0100] {dagbag.py:538} INFO - Filling up the DagBag from /home/chrisfleig/.local/lib/python3.10/site-packages/airflow/example_dags/example_trigger_controller_dag.py
[2023-01-03T22:12:49.153+0100] {processor.py:753} INFO - DAG(s) dict_keys(['example_trigger_controller_dag']) retrieved from /home/chrisfleig/.local/lib/python3.10/site-packages/airflow/example_dags/example_trigger_controller_dag.py
[2023-01-03T22:12:49.173+0100] {logging_mixin.py:137} INFO - [2023-01-03T22:12:49.173+0100] {dag.py:2676} INFO - Sync 1 DAGs
[2023-01-03T22:12:49.189+0100] {logging_mixin.py:137} INFO - [2023-01-03T22:12:49.189+0100] {dag.py:3423} INFO - Setting next_dagrun for example_trigger_controller_dag to 2021-01-01T00:00:00+00:00, run_after=2021-01-01T00:00:00+00:00
[2023-01-03T22:12:49.224+0100] {processor.py:175} INFO - Processing /home/chrisfleig/.local/lib/python3.10/site-packages/airflow/example_dags/example_trigger_controller_dag.py took 0.087 seconds
[2023-01-03T22:13:28.647+0100] {processor.py:153} INFO - Started process (PID=8338) to work on /home/chrisfleig/.local/lib/python3.10/site-packages/airflow/example_dags/example_trigger_controller_dag.py
[2023-01-03T22:13:28.648+0100] {processor.py:743} INFO - Processing file /home/chrisfleig/.local/lib/python3.10/site-packages/airflow/example_dags/example_trigger_controller_dag.py for tasks to queue
[2023-01-03T22:13:28.649+0100] {logging_mixin.py:137} INFO - [2023-01-03T22:13:28.649+0100] {dagbag.py:538} INFO - Filling up the DagBag from /home/chrisfleig/.local/lib/python3.10/site-packages/airflow/example_dags/example_trigger_controller_dag.py
[2023-01-03T22:13:28.660+0100] {processor.py:753} INFO - DAG(s) dict_keys(['example_trigger_controller_dag']) retrieved from /home/chrisfleig/.local/lib/python3.10/site-packages/airflow/example_dags/example_trigger_controller_dag.py
[2023-01-03T22:13:28.681+0100] {logging_mixin.py:137} INFO - [2023-01-03T22:13:28.681+0100] {dag.py:2676} INFO - Sync 1 DAGs
[2023-01-03T22:13:28.697+0100] {logging_mixin.py:137} INFO - [2023-01-03T22:13:28.697+0100] {dag.py:3423} INFO - Setting next_dagrun for example_trigger_controller_dag to 2021-01-01T00:00:00+00:00, run_after=2021-01-01T00:00:00+00:00
[2023-01-03T22:13:28.731+0100] {processor.py:175} INFO - Processing /home/chrisfleig/.local/lib/python3.10/site-packages/airflow/example_dags/example_trigger_controller_dag.py took 0.086 seconds
[2023-01-03T22:14:07.123+0100] {processor.py:153} INFO - Started process (PID=8376) to work on /home/chrisfleig/.local/lib/python3.10/site-packages/airflow/example_dags/example_trigger_controller_dag.py
[2023-01-03T22:14:07.124+0100] {processor.py:743} INFO - Processing file /home/chrisfleig/.local/lib/python3.10/site-packages/airflow/example_dags/example_trigger_controller_dag.py for tasks to queue
[2023-01-03T22:14:07.124+0100] {logging_mixin.py:137} INFO - [2023-01-03T22:14:07.124+0100] {dagbag.py:538} INFO - Filling up the DagBag from /home/chrisfleig/.local/lib/python3.10/site-packages/airflow/example_dags/example_trigger_controller_dag.py
[2023-01-03T22:14:07.135+0100] {processor.py:753} INFO - DAG(s) dict_keys(['example_trigger_controller_dag']) retrieved from /home/chrisfleig/.local/lib/python3.10/site-packages/airflow/example_dags/example_trigger_controller_dag.py
[2023-01-03T22:14:07.156+0100] {logging_mixin.py:137} INFO - [2023-01-03T22:14:07.156+0100] {dag.py:2676} INFO - Sync 1 DAGs
[2023-01-03T22:14:07.173+0100] {logging_mixin.py:137} INFO - [2023-01-03T22:14:07.173+0100] {dag.py:3423} INFO - Setting next_dagrun for example_trigger_controller_dag to 2021-01-01T00:00:00+00:00, run_after=2021-01-01T00:00:00+00:00
[2023-01-03T22:14:07.208+0100] {processor.py:175} INFO - Processing /home/chrisfleig/.local/lib/python3.10/site-packages/airflow/example_dags/example_trigger_controller_dag.py took 0.088 seconds
[2023-01-03T22:14:47.129+0100] {processor.py:153} INFO - Started process (PID=8414) to work on /home/chrisfleig/.local/lib/python3.10/site-packages/airflow/example_dags/example_trigger_controller_dag.py
[2023-01-03T22:14:47.130+0100] {processor.py:743} INFO - Processing file /home/chrisfleig/.local/lib/python3.10/site-packages/airflow/example_dags/example_trigger_controller_dag.py for tasks to queue
[2023-01-03T22:14:47.131+0100] {logging_mixin.py:137} INFO - [2023-01-03T22:14:47.131+0100] {dagbag.py:538} INFO - Filling up the DagBag from /home/chrisfleig/.local/lib/python3.10/site-packages/airflow/example_dags/example_trigger_controller_dag.py
[2023-01-03T22:14:47.141+0100] {processor.py:753} INFO - DAG(s) dict_keys(['example_trigger_controller_dag']) retrieved from /home/chrisfleig/.local/lib/python3.10/site-packages/airflow/example_dags/example_trigger_controller_dag.py
[2023-01-03T22:14:47.162+0100] {logging_mixin.py:137} INFO - [2023-01-03T22:14:47.162+0100] {dag.py:2676} INFO - Sync 1 DAGs
[2023-01-03T22:14:47.179+0100] {logging_mixin.py:137} INFO - [2023-01-03T22:14:47.179+0100] {dag.py:3423} INFO - Setting next_dagrun for example_trigger_controller_dag to 2021-01-01T00:00:00+00:00, run_after=2021-01-01T00:00:00+00:00
[2023-01-03T22:14:47.216+0100] {processor.py:175} INFO - Processing /home/chrisfleig/.local/lib/python3.10/site-packages/airflow/example_dags/example_trigger_controller_dag.py took 0.089 seconds
[2023-01-03T22:15:25.677+0100] {processor.py:153} INFO - Started process (PID=8453) to work on /home/chrisfleig/.local/lib/python3.10/site-packages/airflow/example_dags/example_trigger_controller_dag.py
[2023-01-03T22:15:25.678+0100] {processor.py:743} INFO - Processing file /home/chrisfleig/.local/lib/python3.10/site-packages/airflow/example_dags/example_trigger_controller_dag.py for tasks to queue
[2023-01-03T22:15:25.679+0100] {logging_mixin.py:137} INFO - [2023-01-03T22:15:25.678+0100] {dagbag.py:538} INFO - Filling up the DagBag from /home/chrisfleig/.local/lib/python3.10/site-packages/airflow/example_dags/example_trigger_controller_dag.py
[2023-01-03T22:15:25.689+0100] {processor.py:753} INFO - DAG(s) dict_keys(['example_trigger_controller_dag']) retrieved from /home/chrisfleig/.local/lib/python3.10/site-packages/airflow/example_dags/example_trigger_controller_dag.py
[2023-01-03T22:15:25.709+0100] {logging_mixin.py:137} INFO - [2023-01-03T22:15:25.709+0100] {dag.py:2676} INFO - Sync 1 DAGs
[2023-01-03T22:15:25.726+0100] {logging_mixin.py:137} INFO - [2023-01-03T22:15:25.726+0100] {dag.py:3423} INFO - Setting next_dagrun for example_trigger_controller_dag to 2021-01-01T00:00:00+00:00, run_after=2021-01-01T00:00:00+00:00
[2023-01-03T22:15:25.766+0100] {processor.py:175} INFO - Processing /home/chrisfleig/.local/lib/python3.10/site-packages/airflow/example_dags/example_trigger_controller_dag.py took 0.092 seconds
[2023-01-03T22:31:20.407+0100] {processor.py:153} INFO - Started process (PID=8549) to work on /home/chrisfleig/.local/lib/python3.10/site-packages/airflow/example_dags/example_trigger_controller_dag.py
[2023-01-03T22:31:20.408+0100] {processor.py:743} INFO - Processing file /home/chrisfleig/.local/lib/python3.10/site-packages/airflow/example_dags/example_trigger_controller_dag.py for tasks to queue
[2023-01-03T22:31:20.408+0100] {logging_mixin.py:137} INFO - [2023-01-03T22:31:20.408+0100] {dagbag.py:538} INFO - Filling up the DagBag from /home/chrisfleig/.local/lib/python3.10/site-packages/airflow/example_dags/example_trigger_controller_dag.py
[2023-01-03T22:31:20.418+0100] {processor.py:753} INFO - DAG(s) dict_keys(['example_trigger_controller_dag']) retrieved from /home/chrisfleig/.local/lib/python3.10/site-packages/airflow/example_dags/example_trigger_controller_dag.py
[2023-01-03T22:31:20.428+0100] {logging_mixin.py:137} INFO - [2023-01-03T22:31:20.428+0100] {dag.py:2676} INFO - Sync 1 DAGs
[2023-01-03T22:31:20.445+0100] {logging_mixin.py:137} INFO - [2023-01-03T22:31:20.445+0100] {dag.py:3423} INFO - Setting next_dagrun for example_trigger_controller_dag to 2021-01-01T00:00:00+00:00, run_after=2021-01-01T00:00:00+00:00
[2023-01-03T22:31:20.479+0100] {processor.py:175} INFO - Processing /home/chrisfleig/.local/lib/python3.10/site-packages/airflow/example_dags/example_trigger_controller_dag.py took 0.075 seconds
[2023-01-03T22:31:59.882+0100] {processor.py:153} INFO - Started process (PID=8587) to work on /home/chrisfleig/.local/lib/python3.10/site-packages/airflow/example_dags/example_trigger_controller_dag.py
[2023-01-03T22:31:59.890+0100] {processor.py:743} INFO - Processing file /home/chrisfleig/.local/lib/python3.10/site-packages/airflow/example_dags/example_trigger_controller_dag.py for tasks to queue
[2023-01-03T22:31:59.893+0100] {logging_mixin.py:137} INFO - [2023-01-03T22:31:59.893+0100] {dagbag.py:538} INFO - Filling up the DagBag from /home/chrisfleig/.local/lib/python3.10/site-packages/airflow/example_dags/example_trigger_controller_dag.py
[2023-01-03T22:31:59.926+0100] {processor.py:753} INFO - DAG(s) dict_keys(['example_trigger_controller_dag']) retrieved from /home/chrisfleig/.local/lib/python3.10/site-packages/airflow/example_dags/example_trigger_controller_dag.py
[2023-01-03T22:31:59.964+0100] {logging_mixin.py:137} INFO - [2023-01-03T22:31:59.964+0100] {dag.py:2676} INFO - Sync 1 DAGs
[2023-01-03T22:31:59.990+0100] {logging_mixin.py:137} INFO - [2023-01-03T22:31:59.990+0100] {dag.py:3423} INFO - Setting next_dagrun for example_trigger_controller_dag to 2021-01-01T00:00:00+00:00, run_after=2021-01-01T00:00:00+00:00
[2023-01-03T22:32:00.050+0100] {processor.py:175} INFO - Processing /home/chrisfleig/.local/lib/python3.10/site-packages/airflow/example_dags/example_trigger_controller_dag.py took 0.172 seconds
[2023-01-03T22:32:38.277+0100] {processor.py:153} INFO - Started process (PID=8625) to work on /home/chrisfleig/.local/lib/python3.10/site-packages/airflow/example_dags/example_trigger_controller_dag.py
[2023-01-03T22:32:38.278+0100] {processor.py:743} INFO - Processing file /home/chrisfleig/.local/lib/python3.10/site-packages/airflow/example_dags/example_trigger_controller_dag.py for tasks to queue
[2023-01-03T22:32:38.279+0100] {logging_mixin.py:137} INFO - [2023-01-03T22:32:38.279+0100] {dagbag.py:538} INFO - Filling up the DagBag from /home/chrisfleig/.local/lib/python3.10/site-packages/airflow/example_dags/example_trigger_controller_dag.py
[2023-01-03T22:32:38.289+0100] {processor.py:753} INFO - DAG(s) dict_keys(['example_trigger_controller_dag']) retrieved from /home/chrisfleig/.local/lib/python3.10/site-packages/airflow/example_dags/example_trigger_controller_dag.py
[2023-01-03T22:32:38.310+0100] {logging_mixin.py:137} INFO - [2023-01-03T22:32:38.309+0100] {dag.py:2676} INFO - Sync 1 DAGs
[2023-01-03T22:32:38.325+0100] {logging_mixin.py:137} INFO - [2023-01-03T22:32:38.325+0100] {dag.py:3423} INFO - Setting next_dagrun for example_trigger_controller_dag to 2021-01-01T00:00:00+00:00, run_after=2021-01-01T00:00:00+00:00
[2023-01-03T22:32:38.358+0100] {processor.py:175} INFO - Processing /home/chrisfleig/.local/lib/python3.10/site-packages/airflow/example_dags/example_trigger_controller_dag.py took 0.083 seconds
[2023-01-03T22:33:17.885+0100] {processor.py:153} INFO - Started process (PID=8663) to work on /home/chrisfleig/.local/lib/python3.10/site-packages/airflow/example_dags/example_trigger_controller_dag.py
[2023-01-03T22:33:17.886+0100] {processor.py:743} INFO - Processing file /home/chrisfleig/.local/lib/python3.10/site-packages/airflow/example_dags/example_trigger_controller_dag.py for tasks to queue
[2023-01-03T22:33:17.887+0100] {logging_mixin.py:137} INFO - [2023-01-03T22:33:17.887+0100] {dagbag.py:538} INFO - Filling up the DagBag from /home/chrisfleig/.local/lib/python3.10/site-packages/airflow/example_dags/example_trigger_controller_dag.py
[2023-01-03T22:33:17.897+0100] {processor.py:753} INFO - DAG(s) dict_keys(['example_trigger_controller_dag']) retrieved from /home/chrisfleig/.local/lib/python3.10/site-packages/airflow/example_dags/example_trigger_controller_dag.py
[2023-01-03T22:33:17.918+0100] {logging_mixin.py:137} INFO - [2023-01-03T22:33:17.918+0100] {dag.py:2676} INFO - Sync 1 DAGs
[2023-01-03T22:33:17.934+0100] {logging_mixin.py:137} INFO - [2023-01-03T22:33:17.933+0100] {dag.py:3423} INFO - Setting next_dagrun for example_trigger_controller_dag to 2021-01-01T00:00:00+00:00, run_after=2021-01-01T00:00:00+00:00
[2023-01-03T22:33:17.967+0100] {processor.py:175} INFO - Processing /home/chrisfleig/.local/lib/python3.10/site-packages/airflow/example_dags/example_trigger_controller_dag.py took 0.085 seconds
[2023-01-03T22:33:57.489+0100] {processor.py:153} INFO - Started process (PID=8701) to work on /home/chrisfleig/.local/lib/python3.10/site-packages/airflow/example_dags/example_trigger_controller_dag.py
[2023-01-03T22:33:57.490+0100] {processor.py:743} INFO - Processing file /home/chrisfleig/.local/lib/python3.10/site-packages/airflow/example_dags/example_trigger_controller_dag.py for tasks to queue
[2023-01-03T22:33:57.490+0100] {logging_mixin.py:137} INFO - [2023-01-03T22:33:57.490+0100] {dagbag.py:538} INFO - Filling up the DagBag from /home/chrisfleig/.local/lib/python3.10/site-packages/airflow/example_dags/example_trigger_controller_dag.py
[2023-01-03T22:33:57.500+0100] {processor.py:753} INFO - DAG(s) dict_keys(['example_trigger_controller_dag']) retrieved from /home/chrisfleig/.local/lib/python3.10/site-packages/airflow/example_dags/example_trigger_controller_dag.py
[2023-01-03T22:33:57.521+0100] {logging_mixin.py:137} INFO - [2023-01-03T22:33:57.521+0100] {dag.py:2676} INFO - Sync 1 DAGs
[2023-01-03T22:33:57.537+0100] {logging_mixin.py:137} INFO - [2023-01-03T22:33:57.537+0100] {dag.py:3423} INFO - Setting next_dagrun for example_trigger_controller_dag to 2021-01-01T00:00:00+00:00, run_after=2021-01-01T00:00:00+00:00
[2023-01-03T22:33:57.576+0100] {processor.py:175} INFO - Processing /home/chrisfleig/.local/lib/python3.10/site-packages/airflow/example_dags/example_trigger_controller_dag.py took 0.090 seconds
[2023-01-03T22:34:36.829+0100] {processor.py:153} INFO - Started process (PID=8739) to work on /home/chrisfleig/.local/lib/python3.10/site-packages/airflow/example_dags/example_trigger_controller_dag.py
[2023-01-03T22:34:36.830+0100] {processor.py:743} INFO - Processing file /home/chrisfleig/.local/lib/python3.10/site-packages/airflow/example_dags/example_trigger_controller_dag.py for tasks to queue
[2023-01-03T22:34:36.831+0100] {logging_mixin.py:137} INFO - [2023-01-03T22:34:36.831+0100] {dagbag.py:538} INFO - Filling up the DagBag from /home/chrisfleig/.local/lib/python3.10/site-packages/airflow/example_dags/example_trigger_controller_dag.py
[2023-01-03T22:34:36.842+0100] {processor.py:753} INFO - DAG(s) dict_keys(['example_trigger_controller_dag']) retrieved from /home/chrisfleig/.local/lib/python3.10/site-packages/airflow/example_dags/example_trigger_controller_dag.py
[2023-01-03T22:34:36.862+0100] {logging_mixin.py:137} INFO - [2023-01-03T22:34:36.862+0100] {dag.py:2676} INFO - Sync 1 DAGs
[2023-01-03T22:34:36.878+0100] {logging_mixin.py:137} INFO - [2023-01-03T22:34:36.878+0100] {dag.py:3423} INFO - Setting next_dagrun for example_trigger_controller_dag to 2021-01-01T00:00:00+00:00, run_after=2021-01-01T00:00:00+00:00
[2023-01-03T22:34:36.915+0100] {processor.py:175} INFO - Processing /home/chrisfleig/.local/lib/python3.10/site-packages/airflow/example_dags/example_trigger_controller_dag.py took 0.088 seconds
[2023-01-03T22:35:16.336+0100] {processor.py:153} INFO - Started process (PID=8777) to work on /home/chrisfleig/.local/lib/python3.10/site-packages/airflow/example_dags/example_trigger_controller_dag.py
[2023-01-03T22:35:16.337+0100] {processor.py:743} INFO - Processing file /home/chrisfleig/.local/lib/python3.10/site-packages/airflow/example_dags/example_trigger_controller_dag.py for tasks to queue
[2023-01-03T22:35:16.338+0100] {logging_mixin.py:137} INFO - [2023-01-03T22:35:16.337+0100] {dagbag.py:538} INFO - Filling up the DagBag from /home/chrisfleig/.local/lib/python3.10/site-packages/airflow/example_dags/example_trigger_controller_dag.py
[2023-01-03T22:35:16.354+0100] {processor.py:753} INFO - DAG(s) dict_keys(['example_trigger_controller_dag']) retrieved from /home/chrisfleig/.local/lib/python3.10/site-packages/airflow/example_dags/example_trigger_controller_dag.py
[2023-01-03T22:35:16.384+0100] {logging_mixin.py:137} INFO - [2023-01-03T22:35:16.383+0100] {dag.py:2676} INFO - Sync 1 DAGs
[2023-01-03T22:35:16.404+0100] {logging_mixin.py:137} INFO - [2023-01-03T22:35:16.404+0100] {dag.py:3423} INFO - Setting next_dagrun for example_trigger_controller_dag to 2021-01-01T00:00:00+00:00, run_after=2021-01-01T00:00:00+00:00
[2023-01-03T22:35:16.444+0100] {processor.py:175} INFO - Processing /home/chrisfleig/.local/lib/python3.10/site-packages/airflow/example_dags/example_trigger_controller_dag.py took 0.112 seconds
[2023-01-03T22:35:55.444+0100] {processor.py:153} INFO - Started process (PID=8815) to work on /home/chrisfleig/.local/lib/python3.10/site-packages/airflow/example_dags/example_trigger_controller_dag.py
[2023-01-03T22:35:55.445+0100] {processor.py:743} INFO - Processing file /home/chrisfleig/.local/lib/python3.10/site-packages/airflow/example_dags/example_trigger_controller_dag.py for tasks to queue
[2023-01-03T22:35:55.445+0100] {logging_mixin.py:137} INFO - [2023-01-03T22:35:55.445+0100] {dagbag.py:538} INFO - Filling up the DagBag from /home/chrisfleig/.local/lib/python3.10/site-packages/airflow/example_dags/example_trigger_controller_dag.py
[2023-01-03T22:35:55.455+0100] {processor.py:753} INFO - DAG(s) dict_keys(['example_trigger_controller_dag']) retrieved from /home/chrisfleig/.local/lib/python3.10/site-packages/airflow/example_dags/example_trigger_controller_dag.py
[2023-01-03T22:35:55.474+0100] {logging_mixin.py:137} INFO - [2023-01-03T22:35:55.474+0100] {dag.py:2676} INFO - Sync 1 DAGs
[2023-01-03T22:35:55.492+0100] {logging_mixin.py:137} INFO - [2023-01-03T22:35:55.492+0100] {dag.py:3423} INFO - Setting next_dagrun for example_trigger_controller_dag to 2021-01-01T00:00:00+00:00, run_after=2021-01-01T00:00:00+00:00
[2023-01-03T22:35:55.532+0100] {processor.py:175} INFO - Processing /home/chrisfleig/.local/lib/python3.10/site-packages/airflow/example_dags/example_trigger_controller_dag.py took 0.091 seconds
[2023-01-03T22:36:33.689+0100] {processor.py:153} INFO - Started process (PID=8853) to work on /home/chrisfleig/.local/lib/python3.10/site-packages/airflow/example_dags/example_trigger_controller_dag.py
[2023-01-03T22:36:33.690+0100] {processor.py:743} INFO - Processing file /home/chrisfleig/.local/lib/python3.10/site-packages/airflow/example_dags/example_trigger_controller_dag.py for tasks to queue
[2023-01-03T22:36:33.690+0100] {logging_mixin.py:137} INFO - [2023-01-03T22:36:33.690+0100] {dagbag.py:538} INFO - Filling up the DagBag from /home/chrisfleig/.local/lib/python3.10/site-packages/airflow/example_dags/example_trigger_controller_dag.py
[2023-01-03T22:36:33.700+0100] {processor.py:753} INFO - DAG(s) dict_keys(['example_trigger_controller_dag']) retrieved from /home/chrisfleig/.local/lib/python3.10/site-packages/airflow/example_dags/example_trigger_controller_dag.py
[2023-01-03T22:36:33.720+0100] {logging_mixin.py:137} INFO - [2023-01-03T22:36:33.720+0100] {dag.py:2676} INFO - Sync 1 DAGs
[2023-01-03T22:36:33.737+0100] {logging_mixin.py:137} INFO - [2023-01-03T22:36:33.737+0100] {dag.py:3423} INFO - Setting next_dagrun for example_trigger_controller_dag to 2021-01-01T00:00:00+00:00, run_after=2021-01-01T00:00:00+00:00
[2023-01-03T22:36:33.773+0100] {processor.py:175} INFO - Processing /home/chrisfleig/.local/lib/python3.10/site-packages/airflow/example_dags/example_trigger_controller_dag.py took 0.087 seconds
[2023-01-03T22:37:11.640+0100] {processor.py:153} INFO - Started process (PID=8891) to work on /home/chrisfleig/.local/lib/python3.10/site-packages/airflow/example_dags/example_trigger_controller_dag.py
[2023-01-03T22:37:11.643+0100] {processor.py:743} INFO - Processing file /home/chrisfleig/.local/lib/python3.10/site-packages/airflow/example_dags/example_trigger_controller_dag.py for tasks to queue
[2023-01-03T22:37:11.643+0100] {logging_mixin.py:137} INFO - [2023-01-03T22:37:11.643+0100] {dagbag.py:538} INFO - Filling up the DagBag from /home/chrisfleig/.local/lib/python3.10/site-packages/airflow/example_dags/example_trigger_controller_dag.py
[2023-01-03T22:37:11.654+0100] {processor.py:753} INFO - DAG(s) dict_keys(['example_trigger_controller_dag']) retrieved from /home/chrisfleig/.local/lib/python3.10/site-packages/airflow/example_dags/example_trigger_controller_dag.py
[2023-01-03T22:37:11.685+0100] {logging_mixin.py:137} INFO - [2023-01-03T22:37:11.685+0100] {dag.py:2676} INFO - Sync 1 DAGs
[2023-01-03T22:37:11.701+0100] {logging_mixin.py:137} INFO - [2023-01-03T22:37:11.701+0100] {dag.py:3423} INFO - Setting next_dagrun for example_trigger_controller_dag to 2021-01-01T00:00:00+00:00, run_after=2021-01-01T00:00:00+00:00
[2023-01-03T22:37:11.734+0100] {processor.py:175} INFO - Processing /home/chrisfleig/.local/lib/python3.10/site-packages/airflow/example_dags/example_trigger_controller_dag.py took 0.097 seconds
[2023-01-03T22:37:49.527+0100] {processor.py:153} INFO - Started process (PID=8929) to work on /home/chrisfleig/.local/lib/python3.10/site-packages/airflow/example_dags/example_trigger_controller_dag.py
[2023-01-03T22:37:49.528+0100] {processor.py:743} INFO - Processing file /home/chrisfleig/.local/lib/python3.10/site-packages/airflow/example_dags/example_trigger_controller_dag.py for tasks to queue
[2023-01-03T22:37:49.529+0100] {logging_mixin.py:137} INFO - [2023-01-03T22:37:49.529+0100] {dagbag.py:538} INFO - Filling up the DagBag from /home/chrisfleig/.local/lib/python3.10/site-packages/airflow/example_dags/example_trigger_controller_dag.py
[2023-01-03T22:37:49.539+0100] {processor.py:753} INFO - DAG(s) dict_keys(['example_trigger_controller_dag']) retrieved from /home/chrisfleig/.local/lib/python3.10/site-packages/airflow/example_dags/example_trigger_controller_dag.py
[2023-01-03T22:37:49.559+0100] {logging_mixin.py:137} INFO - [2023-01-03T22:37:49.559+0100] {dag.py:2676} INFO - Sync 1 DAGs
[2023-01-03T22:37:49.576+0100] {logging_mixin.py:137} INFO - [2023-01-03T22:37:49.576+0100] {dag.py:3423} INFO - Setting next_dagrun for example_trigger_controller_dag to 2021-01-01T00:00:00+00:00, run_after=2021-01-01T00:00:00+00:00
[2023-01-03T22:37:49.616+0100] {processor.py:175} INFO - Processing /home/chrisfleig/.local/lib/python3.10/site-packages/airflow/example_dags/example_trigger_controller_dag.py took 0.091 seconds
[2023-01-03T22:38:28.489+0100] {processor.py:153} INFO - Started process (PID=8967) to work on /home/chrisfleig/.local/lib/python3.10/site-packages/airflow/example_dags/example_trigger_controller_dag.py
[2023-01-03T22:38:28.490+0100] {processor.py:743} INFO - Processing file /home/chrisfleig/.local/lib/python3.10/site-packages/airflow/example_dags/example_trigger_controller_dag.py for tasks to queue
[2023-01-03T22:38:28.491+0100] {logging_mixin.py:137} INFO - [2023-01-03T22:38:28.491+0100] {dagbag.py:538} INFO - Filling up the DagBag from /home/chrisfleig/.local/lib/python3.10/site-packages/airflow/example_dags/example_trigger_controller_dag.py
[2023-01-03T22:38:28.505+0100] {processor.py:753} INFO - DAG(s) dict_keys(['example_trigger_controller_dag']) retrieved from /home/chrisfleig/.local/lib/python3.10/site-packages/airflow/example_dags/example_trigger_controller_dag.py
[2023-01-03T22:38:28.558+0100] {logging_mixin.py:137} INFO - [2023-01-03T22:38:28.558+0100] {dag.py:2676} INFO - Sync 1 DAGs
[2023-01-03T22:38:28.588+0100] {logging_mixin.py:137} INFO - [2023-01-03T22:38:28.588+0100] {dag.py:3423} INFO - Setting next_dagrun for example_trigger_controller_dag to 2021-01-01T00:00:00+00:00, run_after=2021-01-01T00:00:00+00:00
[2023-01-03T22:38:28.658+0100] {processor.py:175} INFO - Processing /home/chrisfleig/.local/lib/python3.10/site-packages/airflow/example_dags/example_trigger_controller_dag.py took 0.174 seconds
[2023-01-03T22:39:06.616+0100] {processor.py:153} INFO - Started process (PID=9005) to work on /home/chrisfleig/.local/lib/python3.10/site-packages/airflow/example_dags/example_trigger_controller_dag.py
[2023-01-03T22:39:06.617+0100] {processor.py:743} INFO - Processing file /home/chrisfleig/.local/lib/python3.10/site-packages/airflow/example_dags/example_trigger_controller_dag.py for tasks to queue
[2023-01-03T22:39:06.618+0100] {logging_mixin.py:137} INFO - [2023-01-03T22:39:06.618+0100] {dagbag.py:538} INFO - Filling up the DagBag from /home/chrisfleig/.local/lib/python3.10/site-packages/airflow/example_dags/example_trigger_controller_dag.py
[2023-01-03T22:39:06.628+0100] {processor.py:753} INFO - DAG(s) dict_keys(['example_trigger_controller_dag']) retrieved from /home/chrisfleig/.local/lib/python3.10/site-packages/airflow/example_dags/example_trigger_controller_dag.py
[2023-01-03T22:39:06.648+0100] {logging_mixin.py:137} INFO - [2023-01-03T22:39:06.648+0100] {dag.py:2676} INFO - Sync 1 DAGs
[2023-01-03T22:39:06.664+0100] {logging_mixin.py:137} INFO - [2023-01-03T22:39:06.664+0100] {dag.py:3423} INFO - Setting next_dagrun for example_trigger_controller_dag to 2021-01-01T00:00:00+00:00, run_after=2021-01-01T00:00:00+00:00
[2023-01-03T22:39:06.704+0100] {processor.py:175} INFO - Processing /home/chrisfleig/.local/lib/python3.10/site-packages/airflow/example_dags/example_trigger_controller_dag.py took 0.090 seconds
[2023-01-03T22:39:47.303+0100] {processor.py:153} INFO - Started process (PID=9043) to work on /home/chrisfleig/.local/lib/python3.10/site-packages/airflow/example_dags/example_trigger_controller_dag.py
[2023-01-03T22:39:47.304+0100] {processor.py:743} INFO - Processing file /home/chrisfleig/.local/lib/python3.10/site-packages/airflow/example_dags/example_trigger_controller_dag.py for tasks to queue
[2023-01-03T22:39:47.305+0100] {logging_mixin.py:137} INFO - [2023-01-03T22:39:47.305+0100] {dagbag.py:538} INFO - Filling up the DagBag from /home/chrisfleig/.local/lib/python3.10/site-packages/airflow/example_dags/example_trigger_controller_dag.py
[2023-01-03T22:39:47.316+0100] {processor.py:753} INFO - DAG(s) dict_keys(['example_trigger_controller_dag']) retrieved from /home/chrisfleig/.local/lib/python3.10/site-packages/airflow/example_dags/example_trigger_controller_dag.py
[2023-01-03T22:39:47.338+0100] {logging_mixin.py:137} INFO - [2023-01-03T22:39:47.337+0100] {dag.py:2676} INFO - Sync 1 DAGs
[2023-01-03T22:39:47.355+0100] {logging_mixin.py:137} INFO - [2023-01-03T22:39:47.355+0100] {dag.py:3423} INFO - Setting next_dagrun for example_trigger_controller_dag to 2021-01-01T00:00:00+00:00, run_after=2021-01-01T00:00:00+00:00
[2023-01-03T22:39:47.393+0100] {processor.py:175} INFO - Processing /home/chrisfleig/.local/lib/python3.10/site-packages/airflow/example_dags/example_trigger_controller_dag.py took 0.092 seconds
[2023-01-03T22:40:25.688+0100] {processor.py:153} INFO - Started process (PID=9081) to work on /home/chrisfleig/.local/lib/python3.10/site-packages/airflow/example_dags/example_trigger_controller_dag.py
[2023-01-03T22:40:25.689+0100] {processor.py:743} INFO - Processing file /home/chrisfleig/.local/lib/python3.10/site-packages/airflow/example_dags/example_trigger_controller_dag.py for tasks to queue
[2023-01-03T22:40:25.689+0100] {logging_mixin.py:137} INFO - [2023-01-03T22:40:25.689+0100] {dagbag.py:538} INFO - Filling up the DagBag from /home/chrisfleig/.local/lib/python3.10/site-packages/airflow/example_dags/example_trigger_controller_dag.py
[2023-01-03T22:40:25.707+0100] {processor.py:753} INFO - DAG(s) dict_keys(['example_trigger_controller_dag']) retrieved from /home/chrisfleig/.local/lib/python3.10/site-packages/airflow/example_dags/example_trigger_controller_dag.py
[2023-01-03T22:40:25.731+0100] {logging_mixin.py:137} INFO - [2023-01-03T22:40:25.731+0100] {dag.py:2676} INFO - Sync 1 DAGs
[2023-01-03T22:40:25.752+0100] {logging_mixin.py:137} INFO - [2023-01-03T22:40:25.752+0100] {dag.py:3423} INFO - Setting next_dagrun for example_trigger_controller_dag to 2021-01-01T00:00:00+00:00, run_after=2021-01-01T00:00:00+00:00
[2023-01-03T22:40:25.790+0100] {processor.py:175} INFO - Processing /home/chrisfleig/.local/lib/python3.10/site-packages/airflow/example_dags/example_trigger_controller_dag.py took 0.106 seconds
[2023-01-03T22:41:04.949+0100] {processor.py:153} INFO - Started process (PID=9119) to work on /home/chrisfleig/.local/lib/python3.10/site-packages/airflow/example_dags/example_trigger_controller_dag.py
[2023-01-03T22:41:04.950+0100] {processor.py:743} INFO - Processing file /home/chrisfleig/.local/lib/python3.10/site-packages/airflow/example_dags/example_trigger_controller_dag.py for tasks to queue
[2023-01-03T22:41:04.951+0100] {logging_mixin.py:137} INFO - [2023-01-03T22:41:04.951+0100] {dagbag.py:538} INFO - Filling up the DagBag from /home/chrisfleig/.local/lib/python3.10/site-packages/airflow/example_dags/example_trigger_controller_dag.py
[2023-01-03T22:41:04.964+0100] {processor.py:753} INFO - DAG(s) dict_keys(['example_trigger_controller_dag']) retrieved from /home/chrisfleig/.local/lib/python3.10/site-packages/airflow/example_dags/example_trigger_controller_dag.py
[2023-01-03T22:41:04.987+0100] {logging_mixin.py:137} INFO - [2023-01-03T22:41:04.987+0100] {dag.py:2676} INFO - Sync 1 DAGs
[2023-01-03T22:41:05.009+0100] {logging_mixin.py:137} INFO - [2023-01-03T22:41:05.009+0100] {dag.py:3423} INFO - Setting next_dagrun for example_trigger_controller_dag to 2021-01-01T00:00:00+00:00, run_after=2021-01-01T00:00:00+00:00
[2023-01-03T22:41:05.053+0100] {processor.py:175} INFO - Processing /home/chrisfleig/.local/lib/python3.10/site-packages/airflow/example_dags/example_trigger_controller_dag.py took 0.107 seconds
[2023-01-03T22:41:41.923+0100] {processor.py:153} INFO - Started process (PID=9157) to work on /home/chrisfleig/.local/lib/python3.10/site-packages/airflow/example_dags/example_trigger_controller_dag.py
[2023-01-03T22:41:41.924+0100] {processor.py:743} INFO - Processing file /home/chrisfleig/.local/lib/python3.10/site-packages/airflow/example_dags/example_trigger_controller_dag.py for tasks to queue
[2023-01-03T22:41:41.924+0100] {logging_mixin.py:137} INFO - [2023-01-03T22:41:41.924+0100] {dagbag.py:538} INFO - Filling up the DagBag from /home/chrisfleig/.local/lib/python3.10/site-packages/airflow/example_dags/example_trigger_controller_dag.py
[2023-01-03T22:41:41.934+0100] {processor.py:753} INFO - DAG(s) dict_keys(['example_trigger_controller_dag']) retrieved from /home/chrisfleig/.local/lib/python3.10/site-packages/airflow/example_dags/example_trigger_controller_dag.py
[2023-01-03T22:41:41.954+0100] {logging_mixin.py:137} INFO - [2023-01-03T22:41:41.954+0100] {dag.py:2676} INFO - Sync 1 DAGs
[2023-01-03T22:41:41.974+0100] {logging_mixin.py:137} INFO - [2023-01-03T22:41:41.973+0100] {dag.py:3423} INFO - Setting next_dagrun for example_trigger_controller_dag to 2021-01-01T00:00:00+00:00, run_after=2021-01-01T00:00:00+00:00
[2023-01-03T22:41:42.008+0100] {processor.py:175} INFO - Processing /home/chrisfleig/.local/lib/python3.10/site-packages/airflow/example_dags/example_trigger_controller_dag.py took 0.088 seconds
[2023-01-03T22:42:20.842+0100] {processor.py:153} INFO - Started process (PID=9199) to work on /home/chrisfleig/.local/lib/python3.10/site-packages/airflow/example_dags/example_trigger_controller_dag.py
[2023-01-03T22:42:20.843+0100] {processor.py:743} INFO - Processing file /home/chrisfleig/.local/lib/python3.10/site-packages/airflow/example_dags/example_trigger_controller_dag.py for tasks to queue
[2023-01-03T22:42:20.844+0100] {logging_mixin.py:137} INFO - [2023-01-03T22:42:20.844+0100] {dagbag.py:538} INFO - Filling up the DagBag from /home/chrisfleig/.local/lib/python3.10/site-packages/airflow/example_dags/example_trigger_controller_dag.py
[2023-01-03T22:42:20.856+0100] {processor.py:753} INFO - DAG(s) dict_keys(['example_trigger_controller_dag']) retrieved from /home/chrisfleig/.local/lib/python3.10/site-packages/airflow/example_dags/example_trigger_controller_dag.py
[2023-01-03T22:42:20.882+0100] {logging_mixin.py:137} INFO - [2023-01-03T22:42:20.881+0100] {dag.py:2676} INFO - Sync 1 DAGs
[2023-01-03T22:42:20.898+0100] {logging_mixin.py:137} INFO - [2023-01-03T22:42:20.898+0100] {dag.py:3423} INFO - Setting next_dagrun for example_trigger_controller_dag to 2021-01-01T00:00:00+00:00, run_after=2021-01-01T00:00:00+00:00
[2023-01-03T22:42:20.932+0100] {processor.py:175} INFO - Processing /home/chrisfleig/.local/lib/python3.10/site-packages/airflow/example_dags/example_trigger_controller_dag.py took 0.094 seconds
[2023-01-03T22:42:59.550+0100] {processor.py:153} INFO - Started process (PID=9237) to work on /home/chrisfleig/.local/lib/python3.10/site-packages/airflow/example_dags/example_trigger_controller_dag.py
[2023-01-03T22:42:59.551+0100] {processor.py:743} INFO - Processing file /home/chrisfleig/.local/lib/python3.10/site-packages/airflow/example_dags/example_trigger_controller_dag.py for tasks to queue
[2023-01-03T22:42:59.552+0100] {logging_mixin.py:137} INFO - [2023-01-03T22:42:59.552+0100] {dagbag.py:538} INFO - Filling up the DagBag from /home/chrisfleig/.local/lib/python3.10/site-packages/airflow/example_dags/example_trigger_controller_dag.py
[2023-01-03T22:42:59.565+0100] {processor.py:753} INFO - DAG(s) dict_keys(['example_trigger_controller_dag']) retrieved from /home/chrisfleig/.local/lib/python3.10/site-packages/airflow/example_dags/example_trigger_controller_dag.py
[2023-01-03T22:42:59.591+0100] {logging_mixin.py:137} INFO - [2023-01-03T22:42:59.591+0100] {dag.py:2676} INFO - Sync 1 DAGs
[2023-01-03T22:42:59.611+0100] {logging_mixin.py:137} INFO - [2023-01-03T22:42:59.610+0100] {dag.py:3423} INFO - Setting next_dagrun for example_trigger_controller_dag to 2021-01-01T00:00:00+00:00, run_after=2021-01-01T00:00:00+00:00
[2023-01-03T22:42:59.648+0100] {processor.py:175} INFO - Processing /home/chrisfleig/.local/lib/python3.10/site-packages/airflow/example_dags/example_trigger_controller_dag.py took 0.100 seconds
[2023-01-03T22:43:39.177+0100] {processor.py:153} INFO - Started process (PID=9275) to work on /home/chrisfleig/.local/lib/python3.10/site-packages/airflow/example_dags/example_trigger_controller_dag.py
[2023-01-03T22:43:39.178+0100] {processor.py:743} INFO - Processing file /home/chrisfleig/.local/lib/python3.10/site-packages/airflow/example_dags/example_trigger_controller_dag.py for tasks to queue
[2023-01-03T22:43:39.179+0100] {logging_mixin.py:137} INFO - [2023-01-03T22:43:39.179+0100] {dagbag.py:538} INFO - Filling up the DagBag from /home/chrisfleig/.local/lib/python3.10/site-packages/airflow/example_dags/example_trigger_controller_dag.py
[2023-01-03T22:43:39.190+0100] {processor.py:753} INFO - DAG(s) dict_keys(['example_trigger_controller_dag']) retrieved from /home/chrisfleig/.local/lib/python3.10/site-packages/airflow/example_dags/example_trigger_controller_dag.py
[2023-01-03T22:43:39.211+0100] {logging_mixin.py:137} INFO - [2023-01-03T22:43:39.211+0100] {dag.py:2676} INFO - Sync 1 DAGs
[2023-01-03T22:43:39.228+0100] {logging_mixin.py:137} INFO - [2023-01-03T22:43:39.228+0100] {dag.py:3423} INFO - Setting next_dagrun for example_trigger_controller_dag to 2021-01-01T00:00:00+00:00, run_after=2021-01-01T00:00:00+00:00
[2023-01-03T22:43:39.264+0100] {processor.py:175} INFO - Processing /home/chrisfleig/.local/lib/python3.10/site-packages/airflow/example_dags/example_trigger_controller_dag.py took 0.090 seconds
[2023-01-03T22:44:18.056+0100] {processor.py:153} INFO - Started process (PID=9313) to work on /home/chrisfleig/.local/lib/python3.10/site-packages/airflow/example_dags/example_trigger_controller_dag.py
[2023-01-03T22:44:18.058+0100] {processor.py:743} INFO - Processing file /home/chrisfleig/.local/lib/python3.10/site-packages/airflow/example_dags/example_trigger_controller_dag.py for tasks to queue
[2023-01-03T22:44:18.058+0100] {logging_mixin.py:137} INFO - [2023-01-03T22:44:18.058+0100] {dagbag.py:538} INFO - Filling up the DagBag from /home/chrisfleig/.local/lib/python3.10/site-packages/airflow/example_dags/example_trigger_controller_dag.py
[2023-01-03T22:44:18.071+0100] {processor.py:753} INFO - DAG(s) dict_keys(['example_trigger_controller_dag']) retrieved from /home/chrisfleig/.local/lib/python3.10/site-packages/airflow/example_dags/example_trigger_controller_dag.py
[2023-01-03T22:44:18.095+0100] {logging_mixin.py:137} INFO - [2023-01-03T22:44:18.094+0100] {dag.py:2676} INFO - Sync 1 DAGs
[2023-01-03T22:44:18.114+0100] {logging_mixin.py:137} INFO - [2023-01-03T22:44:18.114+0100] {dag.py:3423} INFO - Setting next_dagrun for example_trigger_controller_dag to 2021-01-01T00:00:00+00:00, run_after=2021-01-01T00:00:00+00:00
[2023-01-03T22:44:18.161+0100] {processor.py:175} INFO - Processing /home/chrisfleig/.local/lib/python3.10/site-packages/airflow/example_dags/example_trigger_controller_dag.py took 0.107 seconds
[2023-01-03T22:44:56.327+0100] {processor.py:153} INFO - Started process (PID=9351) to work on /home/chrisfleig/.local/lib/python3.10/site-packages/airflow/example_dags/example_trigger_controller_dag.py
[2023-01-03T22:44:56.328+0100] {processor.py:743} INFO - Processing file /home/chrisfleig/.local/lib/python3.10/site-packages/airflow/example_dags/example_trigger_controller_dag.py for tasks to queue
[2023-01-03T22:44:56.328+0100] {logging_mixin.py:137} INFO - [2023-01-03T22:44:56.328+0100] {dagbag.py:538} INFO - Filling up the DagBag from /home/chrisfleig/.local/lib/python3.10/site-packages/airflow/example_dags/example_trigger_controller_dag.py
[2023-01-03T22:44:56.339+0100] {processor.py:753} INFO - DAG(s) dict_keys(['example_trigger_controller_dag']) retrieved from /home/chrisfleig/.local/lib/python3.10/site-packages/airflow/example_dags/example_trigger_controller_dag.py
[2023-01-03T22:44:56.361+0100] {logging_mixin.py:137} INFO - [2023-01-03T22:44:56.360+0100] {dag.py:2676} INFO - Sync 1 DAGs
[2023-01-03T22:44:56.378+0100] {logging_mixin.py:137} INFO - [2023-01-03T22:44:56.378+0100] {dag.py:3423} INFO - Setting next_dagrun for example_trigger_controller_dag to 2021-01-01T00:00:00+00:00, run_after=2021-01-01T00:00:00+00:00
[2023-01-03T22:44:56.418+0100] {processor.py:175} INFO - Processing /home/chrisfleig/.local/lib/python3.10/site-packages/airflow/example_dags/example_trigger_controller_dag.py took 0.093 seconds
[2023-01-03T22:45:36.400+0100] {processor.py:153} INFO - Started process (PID=9389) to work on /home/chrisfleig/.local/lib/python3.10/site-packages/airflow/example_dags/example_trigger_controller_dag.py
[2023-01-03T22:45:36.401+0100] {processor.py:743} INFO - Processing file /home/chrisfleig/.local/lib/python3.10/site-packages/airflow/example_dags/example_trigger_controller_dag.py for tasks to queue
[2023-01-03T22:45:36.402+0100] {logging_mixin.py:137} INFO - [2023-01-03T22:45:36.402+0100] {dagbag.py:538} INFO - Filling up the DagBag from /home/chrisfleig/.local/lib/python3.10/site-packages/airflow/example_dags/example_trigger_controller_dag.py
[2023-01-03T22:45:36.415+0100] {processor.py:753} INFO - DAG(s) dict_keys(['example_trigger_controller_dag']) retrieved from /home/chrisfleig/.local/lib/python3.10/site-packages/airflow/example_dags/example_trigger_controller_dag.py
[2023-01-03T22:45:36.438+0100] {logging_mixin.py:137} INFO - [2023-01-03T22:45:36.437+0100] {dag.py:2676} INFO - Sync 1 DAGs
[2023-01-03T22:45:36.456+0100] {logging_mixin.py:137} INFO - [2023-01-03T22:45:36.456+0100] {dag.py:3423} INFO - Setting next_dagrun for example_trigger_controller_dag to 2021-01-01T00:00:00+00:00, run_after=2021-01-01T00:00:00+00:00
[2023-01-03T22:45:36.501+0100] {processor.py:175} INFO - Processing /home/chrisfleig/.local/lib/python3.10/site-packages/airflow/example_dags/example_trigger_controller_dag.py took 0.103 seconds
[2023-01-03T22:46:14.163+0100] {processor.py:153} INFO - Started process (PID=9427) to work on /home/chrisfleig/.local/lib/python3.10/site-packages/airflow/example_dags/example_trigger_controller_dag.py
[2023-01-03T22:46:14.165+0100] {processor.py:743} INFO - Processing file /home/chrisfleig/.local/lib/python3.10/site-packages/airflow/example_dags/example_trigger_controller_dag.py for tasks to queue
[2023-01-03T22:46:14.165+0100] {logging_mixin.py:137} INFO - [2023-01-03T22:46:14.165+0100] {dagbag.py:538} INFO - Filling up the DagBag from /home/chrisfleig/.local/lib/python3.10/site-packages/airflow/example_dags/example_trigger_controller_dag.py
[2023-01-03T22:46:14.176+0100] {processor.py:753} INFO - DAG(s) dict_keys(['example_trigger_controller_dag']) retrieved from /home/chrisfleig/.local/lib/python3.10/site-packages/airflow/example_dags/example_trigger_controller_dag.py
[2023-01-03T22:46:14.198+0100] {logging_mixin.py:137} INFO - [2023-01-03T22:46:14.197+0100] {dag.py:2676} INFO - Sync 1 DAGs
[2023-01-03T22:46:14.215+0100] {logging_mixin.py:137} INFO - [2023-01-03T22:46:14.215+0100] {dag.py:3423} INFO - Setting next_dagrun for example_trigger_controller_dag to 2021-01-01T00:00:00+00:00, run_after=2021-01-01T00:00:00+00:00
[2023-01-03T22:46:14.251+0100] {processor.py:175} INFO - Processing /home/chrisfleig/.local/lib/python3.10/site-packages/airflow/example_dags/example_trigger_controller_dag.py took 0.092 seconds
[2023-01-03T22:46:51.059+0100] {processor.py:153} INFO - Started process (PID=9465) to work on /home/chrisfleig/.local/lib/python3.10/site-packages/airflow/example_dags/example_trigger_controller_dag.py
[2023-01-03T22:46:51.060+0100] {processor.py:743} INFO - Processing file /home/chrisfleig/.local/lib/python3.10/site-packages/airflow/example_dags/example_trigger_controller_dag.py for tasks to queue
[2023-01-03T22:46:51.061+0100] {logging_mixin.py:137} INFO - [2023-01-03T22:46:51.060+0100] {dagbag.py:538} INFO - Filling up the DagBag from /home/chrisfleig/.local/lib/python3.10/site-packages/airflow/example_dags/example_trigger_controller_dag.py
[2023-01-03T22:46:51.071+0100] {processor.py:753} INFO - DAG(s) dict_keys(['example_trigger_controller_dag']) retrieved from /home/chrisfleig/.local/lib/python3.10/site-packages/airflow/example_dags/example_trigger_controller_dag.py
[2023-01-03T22:46:51.093+0100] {logging_mixin.py:137} INFO - [2023-01-03T22:46:51.093+0100] {dag.py:2676} INFO - Sync 1 DAGs
[2023-01-03T22:46:51.110+0100] {logging_mixin.py:137} INFO - [2023-01-03T22:46:51.110+0100] {dag.py:3423} INFO - Setting next_dagrun for example_trigger_controller_dag to 2021-01-01T00:00:00+00:00, run_after=2021-01-01T00:00:00+00:00
[2023-01-03T22:46:51.145+0100] {processor.py:175} INFO - Processing /home/chrisfleig/.local/lib/python3.10/site-packages/airflow/example_dags/example_trigger_controller_dag.py took 0.088 seconds
[2023-01-03T22:47:30.266+0100] {processor.py:153} INFO - Started process (PID=9503) to work on /home/chrisfleig/.local/lib/python3.10/site-packages/airflow/example_dags/example_trigger_controller_dag.py
[2023-01-03T22:47:30.267+0100] {processor.py:743} INFO - Processing file /home/chrisfleig/.local/lib/python3.10/site-packages/airflow/example_dags/example_trigger_controller_dag.py for tasks to queue
[2023-01-03T22:47:30.268+0100] {logging_mixin.py:137} INFO - [2023-01-03T22:47:30.268+0100] {dagbag.py:538} INFO - Filling up the DagBag from /home/chrisfleig/.local/lib/python3.10/site-packages/airflow/example_dags/example_trigger_controller_dag.py
[2023-01-03T22:47:30.278+0100] {processor.py:753} INFO - DAG(s) dict_keys(['example_trigger_controller_dag']) retrieved from /home/chrisfleig/.local/lib/python3.10/site-packages/airflow/example_dags/example_trigger_controller_dag.py
[2023-01-03T22:47:30.298+0100] {logging_mixin.py:137} INFO - [2023-01-03T22:47:30.298+0100] {dag.py:2676} INFO - Sync 1 DAGs
[2023-01-03T22:47:30.314+0100] {logging_mixin.py:137} INFO - [2023-01-03T22:47:30.314+0100] {dag.py:3423} INFO - Setting next_dagrun for example_trigger_controller_dag to 2021-01-01T00:00:00+00:00, run_after=2021-01-01T00:00:00+00:00
[2023-01-03T22:47:30.349+0100] {processor.py:175} INFO - Processing /home/chrisfleig/.local/lib/python3.10/site-packages/airflow/example_dags/example_trigger_controller_dag.py took 0.085 seconds
[2023-01-03T22:48:09.699+0100] {processor.py:153} INFO - Started process (PID=9541) to work on /home/chrisfleig/.local/lib/python3.10/site-packages/airflow/example_dags/example_trigger_controller_dag.py
[2023-01-03T22:48:09.701+0100] {processor.py:743} INFO - Processing file /home/chrisfleig/.local/lib/python3.10/site-packages/airflow/example_dags/example_trigger_controller_dag.py for tasks to queue
[2023-01-03T22:48:09.702+0100] {logging_mixin.py:137} INFO - [2023-01-03T22:48:09.702+0100] {dagbag.py:538} INFO - Filling up the DagBag from /home/chrisfleig/.local/lib/python3.10/site-packages/airflow/example_dags/example_trigger_controller_dag.py
[2023-01-03T22:48:09.725+0100] {processor.py:753} INFO - DAG(s) dict_keys(['example_trigger_controller_dag']) retrieved from /home/chrisfleig/.local/lib/python3.10/site-packages/airflow/example_dags/example_trigger_controller_dag.py
[2023-01-03T22:48:09.793+0100] {logging_mixin.py:137} INFO - [2023-01-03T22:48:09.793+0100] {dag.py:2676} INFO - Sync 1 DAGs
[2023-01-03T22:48:09.899+0100] {logging_mixin.py:137} INFO - [2023-01-03T22:48:09.899+0100] {dag.py:3423} INFO - Setting next_dagrun for example_trigger_controller_dag to 2021-01-01T00:00:00+00:00, run_after=2021-01-01T00:00:00+00:00
[2023-01-03T22:48:09.978+0100] {processor.py:175} INFO - Processing /home/chrisfleig/.local/lib/python3.10/site-packages/airflow/example_dags/example_trigger_controller_dag.py took 0.283 seconds
[2023-01-03T22:48:49.165+0100] {processor.py:153} INFO - Started process (PID=9579) to work on /home/chrisfleig/.local/lib/python3.10/site-packages/airflow/example_dags/example_trigger_controller_dag.py
[2023-01-03T22:48:49.169+0100] {processor.py:743} INFO - Processing file /home/chrisfleig/.local/lib/python3.10/site-packages/airflow/example_dags/example_trigger_controller_dag.py for tasks to queue
[2023-01-03T22:48:49.171+0100] {logging_mixin.py:137} INFO - [2023-01-03T22:48:49.171+0100] {dagbag.py:538} INFO - Filling up the DagBag from /home/chrisfleig/.local/lib/python3.10/site-packages/airflow/example_dags/example_trigger_controller_dag.py
[2023-01-03T22:48:49.187+0100] {processor.py:753} INFO - DAG(s) dict_keys(['example_trigger_controller_dag']) retrieved from /home/chrisfleig/.local/lib/python3.10/site-packages/airflow/example_dags/example_trigger_controller_dag.py
[2023-01-03T22:48:49.210+0100] {logging_mixin.py:137} INFO - [2023-01-03T22:48:49.210+0100] {dag.py:2676} INFO - Sync 1 DAGs
[2023-01-03T22:48:49.229+0100] {logging_mixin.py:137} INFO - [2023-01-03T22:48:49.229+0100] {dag.py:3423} INFO - Setting next_dagrun for example_trigger_controller_dag to 2021-01-01T00:00:00+00:00, run_after=2021-01-01T00:00:00+00:00
[2023-01-03T22:48:49.265+0100] {processor.py:175} INFO - Processing /home/chrisfleig/.local/lib/python3.10/site-packages/airflow/example_dags/example_trigger_controller_dag.py took 0.103 seconds
[2023-01-03T22:49:30.912+0100] {processor.py:153} INFO - Started process (PID=9617) to work on /home/chrisfleig/.local/lib/python3.10/site-packages/airflow/example_dags/example_trigger_controller_dag.py
[2023-01-03T22:49:30.913+0100] {processor.py:743} INFO - Processing file /home/chrisfleig/.local/lib/python3.10/site-packages/airflow/example_dags/example_trigger_controller_dag.py for tasks to queue
[2023-01-03T22:49:30.914+0100] {logging_mixin.py:137} INFO - [2023-01-03T22:49:30.914+0100] {dagbag.py:538} INFO - Filling up the DagBag from /home/chrisfleig/.local/lib/python3.10/site-packages/airflow/example_dags/example_trigger_controller_dag.py
[2023-01-03T22:49:30.925+0100] {processor.py:753} INFO - DAG(s) dict_keys(['example_trigger_controller_dag']) retrieved from /home/chrisfleig/.local/lib/python3.10/site-packages/airflow/example_dags/example_trigger_controller_dag.py
[2023-01-03T22:49:30.947+0100] {logging_mixin.py:137} INFO - [2023-01-03T22:49:30.946+0100] {dag.py:2676} INFO - Sync 1 DAGs
[2023-01-03T22:49:30.963+0100] {logging_mixin.py:137} INFO - [2023-01-03T22:49:30.962+0100] {dag.py:3423} INFO - Setting next_dagrun for example_trigger_controller_dag to 2021-01-01T00:00:00+00:00, run_after=2021-01-01T00:00:00+00:00
[2023-01-03T22:49:31.002+0100] {processor.py:175} INFO - Processing /home/chrisfleig/.local/lib/python3.10/site-packages/airflow/example_dags/example_trigger_controller_dag.py took 0.092 seconds
[2023-01-03T22:50:09.920+0100] {processor.py:153} INFO - Started process (PID=9655) to work on /home/chrisfleig/.local/lib/python3.10/site-packages/airflow/example_dags/example_trigger_controller_dag.py
[2023-01-03T22:50:09.921+0100] {processor.py:743} INFO - Processing file /home/chrisfleig/.local/lib/python3.10/site-packages/airflow/example_dags/example_trigger_controller_dag.py for tasks to queue
[2023-01-03T22:50:09.922+0100] {logging_mixin.py:137} INFO - [2023-01-03T22:50:09.922+0100] {dagbag.py:538} INFO - Filling up the DagBag from /home/chrisfleig/.local/lib/python3.10/site-packages/airflow/example_dags/example_trigger_controller_dag.py
[2023-01-03T22:50:09.933+0100] {processor.py:753} INFO - DAG(s) dict_keys(['example_trigger_controller_dag']) retrieved from /home/chrisfleig/.local/lib/python3.10/site-packages/airflow/example_dags/example_trigger_controller_dag.py
[2023-01-03T22:50:09.955+0100] {logging_mixin.py:137} INFO - [2023-01-03T22:50:09.955+0100] {dag.py:2676} INFO - Sync 1 DAGs
[2023-01-03T22:50:09.973+0100] {logging_mixin.py:137} INFO - [2023-01-03T22:50:09.972+0100] {dag.py:3423} INFO - Setting next_dagrun for example_trigger_controller_dag to 2021-01-01T00:00:00+00:00, run_after=2021-01-01T00:00:00+00:00
[2023-01-03T22:50:10.013+0100] {processor.py:175} INFO - Processing /home/chrisfleig/.local/lib/python3.10/site-packages/airflow/example_dags/example_trigger_controller_dag.py took 0.096 seconds
[2023-01-03T22:50:49.292+0100] {processor.py:153} INFO - Started process (PID=9693) to work on /home/chrisfleig/.local/lib/python3.10/site-packages/airflow/example_dags/example_trigger_controller_dag.py
[2023-01-03T22:50:49.293+0100] {processor.py:743} INFO - Processing file /home/chrisfleig/.local/lib/python3.10/site-packages/airflow/example_dags/example_trigger_controller_dag.py for tasks to queue
[2023-01-03T22:50:49.294+0100] {logging_mixin.py:137} INFO - [2023-01-03T22:50:49.294+0100] {dagbag.py:538} INFO - Filling up the DagBag from /home/chrisfleig/.local/lib/python3.10/site-packages/airflow/example_dags/example_trigger_controller_dag.py
[2023-01-03T22:50:49.304+0100] {processor.py:753} INFO - DAG(s) dict_keys(['example_trigger_controller_dag']) retrieved from /home/chrisfleig/.local/lib/python3.10/site-packages/airflow/example_dags/example_trigger_controller_dag.py
[2023-01-03T22:50:49.326+0100] {logging_mixin.py:137} INFO - [2023-01-03T22:50:49.326+0100] {dag.py:2676} INFO - Sync 1 DAGs
[2023-01-03T22:50:49.345+0100] {logging_mixin.py:137} INFO - [2023-01-03T22:50:49.344+0100] {dag.py:3423} INFO - Setting next_dagrun for example_trigger_controller_dag to 2021-01-01T00:00:00+00:00, run_after=2021-01-01T00:00:00+00:00
[2023-01-03T22:50:49.381+0100] {processor.py:175} INFO - Processing /home/chrisfleig/.local/lib/python3.10/site-packages/airflow/example_dags/example_trigger_controller_dag.py took 0.092 seconds
[2023-01-03T22:51:27.861+0100] {processor.py:153} INFO - Started process (PID=9731) to work on /home/chrisfleig/.local/lib/python3.10/site-packages/airflow/example_dags/example_trigger_controller_dag.py
[2023-01-03T22:51:27.862+0100] {processor.py:743} INFO - Processing file /home/chrisfleig/.local/lib/python3.10/site-packages/airflow/example_dags/example_trigger_controller_dag.py for tasks to queue
[2023-01-03T22:51:27.862+0100] {logging_mixin.py:137} INFO - [2023-01-03T22:51:27.862+0100] {dagbag.py:538} INFO - Filling up the DagBag from /home/chrisfleig/.local/lib/python3.10/site-packages/airflow/example_dags/example_trigger_controller_dag.py
[2023-01-03T22:51:27.873+0100] {processor.py:753} INFO - DAG(s) dict_keys(['example_trigger_controller_dag']) retrieved from /home/chrisfleig/.local/lib/python3.10/site-packages/airflow/example_dags/example_trigger_controller_dag.py
[2023-01-03T22:51:27.895+0100] {logging_mixin.py:137} INFO - [2023-01-03T22:51:27.895+0100] {dag.py:2676} INFO - Sync 1 DAGs
[2023-01-03T22:51:27.913+0100] {logging_mixin.py:137} INFO - [2023-01-03T22:51:27.913+0100] {dag.py:3423} INFO - Setting next_dagrun for example_trigger_controller_dag to 2021-01-01T00:00:00+00:00, run_after=2021-01-01T00:00:00+00:00
[2023-01-03T22:51:27.948+0100] {processor.py:175} INFO - Processing /home/chrisfleig/.local/lib/python3.10/site-packages/airflow/example_dags/example_trigger_controller_dag.py took 0.090 seconds
[2023-01-03T22:52:07.286+0100] {processor.py:153} INFO - Started process (PID=9769) to work on /home/chrisfleig/.local/lib/python3.10/site-packages/airflow/example_dags/example_trigger_controller_dag.py
[2023-01-03T22:52:07.287+0100] {processor.py:743} INFO - Processing file /home/chrisfleig/.local/lib/python3.10/site-packages/airflow/example_dags/example_trigger_controller_dag.py for tasks to queue
[2023-01-03T22:52:07.287+0100] {logging_mixin.py:137} INFO - [2023-01-03T22:52:07.287+0100] {dagbag.py:538} INFO - Filling up the DagBag from /home/chrisfleig/.local/lib/python3.10/site-packages/airflow/example_dags/example_trigger_controller_dag.py
[2023-01-03T22:52:07.297+0100] {processor.py:753} INFO - DAG(s) dict_keys(['example_trigger_controller_dag']) retrieved from /home/chrisfleig/.local/lib/python3.10/site-packages/airflow/example_dags/example_trigger_controller_dag.py
[2023-01-03T22:52:07.318+0100] {logging_mixin.py:137} INFO - [2023-01-03T22:52:07.317+0100] {dag.py:2676} INFO - Sync 1 DAGs
[2023-01-03T22:52:07.334+0100] {logging_mixin.py:137} INFO - [2023-01-03T22:52:07.334+0100] {dag.py:3423} INFO - Setting next_dagrun for example_trigger_controller_dag to 2021-01-01T00:00:00+00:00, run_after=2021-01-01T00:00:00+00:00
[2023-01-03T22:52:07.372+0100] {processor.py:175} INFO - Processing /home/chrisfleig/.local/lib/python3.10/site-packages/airflow/example_dags/example_trigger_controller_dag.py took 0.089 seconds
[2023-01-03T22:52:48.142+0100] {processor.py:153} INFO - Started process (PID=9807) to work on /home/chrisfleig/.local/lib/python3.10/site-packages/airflow/example_dags/example_trigger_controller_dag.py
[2023-01-03T22:52:48.143+0100] {processor.py:743} INFO - Processing file /home/chrisfleig/.local/lib/python3.10/site-packages/airflow/example_dags/example_trigger_controller_dag.py for tasks to queue
[2023-01-03T22:52:48.144+0100] {logging_mixin.py:137} INFO - [2023-01-03T22:52:48.144+0100] {dagbag.py:538} INFO - Filling up the DagBag from /home/chrisfleig/.local/lib/python3.10/site-packages/airflow/example_dags/example_trigger_controller_dag.py
[2023-01-03T22:52:48.154+0100] {processor.py:753} INFO - DAG(s) dict_keys(['example_trigger_controller_dag']) retrieved from /home/chrisfleig/.local/lib/python3.10/site-packages/airflow/example_dags/example_trigger_controller_dag.py
[2023-01-03T22:52:48.173+0100] {logging_mixin.py:137} INFO - [2023-01-03T22:52:48.173+0100] {dag.py:2676} INFO - Sync 1 DAGs
[2023-01-03T22:52:48.189+0100] {logging_mixin.py:137} INFO - [2023-01-03T22:52:48.189+0100] {dag.py:3423} INFO - Setting next_dagrun for example_trigger_controller_dag to 2021-01-01T00:00:00+00:00, run_after=2021-01-01T00:00:00+00:00
[2023-01-03T22:52:48.229+0100] {processor.py:175} INFO - Processing /home/chrisfleig/.local/lib/python3.10/site-packages/airflow/example_dags/example_trigger_controller_dag.py took 0.090 seconds
[2023-01-03T22:53:26.863+0100] {processor.py:153} INFO - Started process (PID=9845) to work on /home/chrisfleig/.local/lib/python3.10/site-packages/airflow/example_dags/example_trigger_controller_dag.py
[2023-01-03T22:53:26.864+0100] {processor.py:743} INFO - Processing file /home/chrisfleig/.local/lib/python3.10/site-packages/airflow/example_dags/example_trigger_controller_dag.py for tasks to queue
[2023-01-03T22:53:26.865+0100] {logging_mixin.py:137} INFO - [2023-01-03T22:53:26.865+0100] {dagbag.py:538} INFO - Filling up the DagBag from /home/chrisfleig/.local/lib/python3.10/site-packages/airflow/example_dags/example_trigger_controller_dag.py
[2023-01-03T22:53:26.875+0100] {processor.py:753} INFO - DAG(s) dict_keys(['example_trigger_controller_dag']) retrieved from /home/chrisfleig/.local/lib/python3.10/site-packages/airflow/example_dags/example_trigger_controller_dag.py
[2023-01-03T22:53:26.902+0100] {logging_mixin.py:137} INFO - [2023-01-03T22:53:26.902+0100] {dag.py:2676} INFO - Sync 1 DAGs
[2023-01-03T22:53:26.919+0100] {logging_mixin.py:137} INFO - [2023-01-03T22:53:26.919+0100] {dag.py:3423} INFO - Setting next_dagrun for example_trigger_controller_dag to 2021-01-01T00:00:00+00:00, run_after=2021-01-01T00:00:00+00:00
[2023-01-03T22:53:26.954+0100] {processor.py:175} INFO - Processing /home/chrisfleig/.local/lib/python3.10/site-packages/airflow/example_dags/example_trigger_controller_dag.py took 0.093 seconds
[2023-01-03T22:54:09.067+0100] {processor.py:153} INFO - Started process (PID=9888) to work on /home/chrisfleig/.local/lib/python3.10/site-packages/airflow/example_dags/example_trigger_controller_dag.py
[2023-01-03T22:54:09.067+0100] {processor.py:743} INFO - Processing file /home/chrisfleig/.local/lib/python3.10/site-packages/airflow/example_dags/example_trigger_controller_dag.py for tasks to queue
[2023-01-03T22:54:09.068+0100] {logging_mixin.py:137} INFO - [2023-01-03T22:54:09.068+0100] {dagbag.py:538} INFO - Filling up the DagBag from /home/chrisfleig/.local/lib/python3.10/site-packages/airflow/example_dags/example_trigger_controller_dag.py
[2023-01-03T22:54:09.078+0100] {processor.py:753} INFO - DAG(s) dict_keys(['example_trigger_controller_dag']) retrieved from /home/chrisfleig/.local/lib/python3.10/site-packages/airflow/example_dags/example_trigger_controller_dag.py
[2023-01-03T22:54:09.099+0100] {logging_mixin.py:137} INFO - [2023-01-03T22:54:09.099+0100] {dag.py:2676} INFO - Sync 1 DAGs
[2023-01-03T22:54:09.119+0100] {logging_mixin.py:137} INFO - [2023-01-03T22:54:09.119+0100] {dag.py:3423} INFO - Setting next_dagrun for example_trigger_controller_dag to 2021-01-01T00:00:00+00:00, run_after=2021-01-01T00:00:00+00:00
[2023-01-03T22:54:09.165+0100] {processor.py:175} INFO - Processing /home/chrisfleig/.local/lib/python3.10/site-packages/airflow/example_dags/example_trigger_controller_dag.py took 0.102 seconds
[2023-01-03T22:54:51.152+0100] {processor.py:153} INFO - Started process (PID=9928) to work on /home/chrisfleig/.local/lib/python3.10/site-packages/airflow/example_dags/example_trigger_controller_dag.py
[2023-01-03T22:54:51.153+0100] {processor.py:743} INFO - Processing file /home/chrisfleig/.local/lib/python3.10/site-packages/airflow/example_dags/example_trigger_controller_dag.py for tasks to queue
[2023-01-03T22:54:51.154+0100] {logging_mixin.py:137} INFO - [2023-01-03T22:54:51.154+0100] {dagbag.py:538} INFO - Filling up the DagBag from /home/chrisfleig/.local/lib/python3.10/site-packages/airflow/example_dags/example_trigger_controller_dag.py
[2023-01-03T22:54:51.165+0100] {processor.py:753} INFO - DAG(s) dict_keys(['example_trigger_controller_dag']) retrieved from /home/chrisfleig/.local/lib/python3.10/site-packages/airflow/example_dags/example_trigger_controller_dag.py
[2023-01-03T22:54:51.188+0100] {logging_mixin.py:137} INFO - [2023-01-03T22:54:51.188+0100] {dag.py:2676} INFO - Sync 1 DAGs
[2023-01-03T22:54:51.207+0100] {logging_mixin.py:137} INFO - [2023-01-03T22:54:51.207+0100] {dag.py:3423} INFO - Setting next_dagrun for example_trigger_controller_dag to 2021-01-01T00:00:00+00:00, run_after=2021-01-01T00:00:00+00:00
[2023-01-03T22:54:51.249+0100] {processor.py:175} INFO - Processing /home/chrisfleig/.local/lib/python3.10/site-packages/airflow/example_dags/example_trigger_controller_dag.py took 0.100 seconds
[2023-01-03T22:55:33.425+0100] {processor.py:153} INFO - Started process (PID=9966) to work on /home/chrisfleig/.local/lib/python3.10/site-packages/airflow/example_dags/example_trigger_controller_dag.py
[2023-01-03T22:55:33.453+0100] {processor.py:743} INFO - Processing file /home/chrisfleig/.local/lib/python3.10/site-packages/airflow/example_dags/example_trigger_controller_dag.py for tasks to queue
[2023-01-03T22:55:33.454+0100] {logging_mixin.py:137} INFO - [2023-01-03T22:55:33.454+0100] {dagbag.py:538} INFO - Filling up the DagBag from /home/chrisfleig/.local/lib/python3.10/site-packages/airflow/example_dags/example_trigger_controller_dag.py
[2023-01-03T22:55:33.468+0100] {processor.py:753} INFO - DAG(s) dict_keys(['example_trigger_controller_dag']) retrieved from /home/chrisfleig/.local/lib/python3.10/site-packages/airflow/example_dags/example_trigger_controller_dag.py
[2023-01-03T22:55:33.498+0100] {logging_mixin.py:137} INFO - [2023-01-03T22:55:33.498+0100] {dag.py:2676} INFO - Sync 1 DAGs
[2023-01-03T22:55:33.518+0100] {logging_mixin.py:137} INFO - [2023-01-03T22:55:33.517+0100] {dag.py:3423} INFO - Setting next_dagrun for example_trigger_controller_dag to 2021-01-01T00:00:00+00:00, run_after=2021-01-01T00:00:00+00:00
[2023-01-03T22:55:33.574+0100] {processor.py:175} INFO - Processing /home/chrisfleig/.local/lib/python3.10/site-packages/airflow/example_dags/example_trigger_controller_dag.py took 0.154 seconds
[2023-01-03T22:56:15.871+0100] {processor.py:153} INFO - Started process (PID=10009) to work on /home/chrisfleig/.local/lib/python3.10/site-packages/airflow/example_dags/example_trigger_controller_dag.py
[2023-01-03T22:56:15.872+0100] {processor.py:743} INFO - Processing file /home/chrisfleig/.local/lib/python3.10/site-packages/airflow/example_dags/example_trigger_controller_dag.py for tasks to queue
[2023-01-03T22:56:15.873+0100] {logging_mixin.py:137} INFO - [2023-01-03T22:56:15.873+0100] {dagbag.py:538} INFO - Filling up the DagBag from /home/chrisfleig/.local/lib/python3.10/site-packages/airflow/example_dags/example_trigger_controller_dag.py
[2023-01-03T22:56:15.887+0100] {processor.py:753} INFO - DAG(s) dict_keys(['example_trigger_controller_dag']) retrieved from /home/chrisfleig/.local/lib/python3.10/site-packages/airflow/example_dags/example_trigger_controller_dag.py
[2023-01-03T22:56:15.912+0100] {logging_mixin.py:137} INFO - [2023-01-03T22:56:15.912+0100] {dag.py:2676} INFO - Sync 1 DAGs
[2023-01-03T22:56:15.932+0100] {logging_mixin.py:137} INFO - [2023-01-03T22:56:15.932+0100] {dag.py:3423} INFO - Setting next_dagrun for example_trigger_controller_dag to 2021-01-01T00:00:00+00:00, run_after=2021-01-01T00:00:00+00:00
[2023-01-03T22:56:15.970+0100] {processor.py:175} INFO - Processing /home/chrisfleig/.local/lib/python3.10/site-packages/airflow/example_dags/example_trigger_controller_dag.py took 0.103 seconds
[2023-01-03T22:56:59.413+0100] {processor.py:153} INFO - Started process (PID=10048) to work on /home/chrisfleig/.local/lib/python3.10/site-packages/airflow/example_dags/example_trigger_controller_dag.py
[2023-01-03T22:56:59.414+0100] {processor.py:743} INFO - Processing file /home/chrisfleig/.local/lib/python3.10/site-packages/airflow/example_dags/example_trigger_controller_dag.py for tasks to queue
[2023-01-03T22:56:59.415+0100] {logging_mixin.py:137} INFO - [2023-01-03T22:56:59.415+0100] {dagbag.py:538} INFO - Filling up the DagBag from /home/chrisfleig/.local/lib/python3.10/site-packages/airflow/example_dags/example_trigger_controller_dag.py
[2023-01-03T22:56:59.426+0100] {processor.py:753} INFO - DAG(s) dict_keys(['example_trigger_controller_dag']) retrieved from /home/chrisfleig/.local/lib/python3.10/site-packages/airflow/example_dags/example_trigger_controller_dag.py
[2023-01-03T22:56:59.447+0100] {logging_mixin.py:137} INFO - [2023-01-03T22:56:59.447+0100] {dag.py:2676} INFO - Sync 1 DAGs
[2023-01-03T22:56:59.467+0100] {logging_mixin.py:137} INFO - [2023-01-03T22:56:59.467+0100] {dag.py:3423} INFO - Setting next_dagrun for example_trigger_controller_dag to 2021-01-01T00:00:00+00:00, run_after=2021-01-01T00:00:00+00:00
[2023-01-03T22:56:59.505+0100] {processor.py:175} INFO - Processing /home/chrisfleig/.local/lib/python3.10/site-packages/airflow/example_dags/example_trigger_controller_dag.py took 0.094 seconds
