[2023-01-03T22:11:14.578+0100] {processor.py:153} INFO - Started process (PID=8209) to work on /home/chrisfleig/.local/lib/python3.10/site-packages/airflow/example_dags/example_task_group_decorator.py
[2023-01-03T22:11:14.579+0100] {processor.py:743} INFO - Processing file /home/chrisfleig/.local/lib/python3.10/site-packages/airflow/example_dags/example_task_group_decorator.py for tasks to queue
[2023-01-03T22:11:14.580+0100] {logging_mixin.py:137} INFO - [2023-01-03T22:11:14.580+0100] {dagbag.py:538} INFO - Filling up the DagBag from /home/chrisfleig/.local/lib/python3.10/site-packages/airflow/example_dags/example_task_group_decorator.py
[2023-01-03T22:11:14.608+0100] {processor.py:753} INFO - DAG(s) dict_keys(['example_task_group_decorator']) retrieved from /home/chrisfleig/.local/lib/python3.10/site-packages/airflow/example_dags/example_task_group_decorator.py
[2023-01-03T22:11:14.749+0100] {logging_mixin.py:137} INFO - [2023-01-03T22:11:14.749+0100] {manager.py:504} INFO - Created Permission View: can edit on DAG:example_task_group_decorator
[2023-01-03T22:11:14.789+0100] {logging_mixin.py:137} INFO - [2023-01-03T22:11:14.788+0100] {manager.py:504} INFO - Created Permission View: can delete on DAG:example_task_group_decorator
[2023-01-03T22:11:14.813+0100] {logging_mixin.py:137} INFO - [2023-01-03T22:11:14.813+0100] {manager.py:504} INFO - Created Permission View: can read on DAG:example_task_group_decorator
[2023-01-03T22:11:14.814+0100] {logging_mixin.py:137} INFO - [2023-01-03T22:11:14.813+0100] {dag.py:2676} INFO - Sync 1 DAGs
[2023-01-03T22:11:14.822+0100] {logging_mixin.py:137} INFO - [2023-01-03T22:11:14.822+0100] {dag.py:2697} INFO - Creating ORM DAG for example_task_group_decorator
[2023-01-03T22:11:14.830+0100] {logging_mixin.py:137} INFO - [2023-01-03T22:11:14.830+0100] {dag.py:3423} INFO - Setting next_dagrun for example_task_group_decorator to 2023-01-02T21:11:14.830530+00:00, run_after=2023-01-03T21:11:14.830530+00:00
[2023-01-03T22:11:14.875+0100] {processor.py:175} INFO - Processing /home/chrisfleig/.local/lib/python3.10/site-packages/airflow/example_dags/example_task_group_decorator.py took 0.300 seconds
[2023-01-03T22:11:55.369+0100] {processor.py:153} INFO - Started process (PID=8247) to work on /home/chrisfleig/.local/lib/python3.10/site-packages/airflow/example_dags/example_task_group_decorator.py
[2023-01-03T22:11:55.370+0100] {processor.py:743} INFO - Processing file /home/chrisfleig/.local/lib/python3.10/site-packages/airflow/example_dags/example_task_group_decorator.py for tasks to queue
[2023-01-03T22:11:55.371+0100] {logging_mixin.py:137} INFO - [2023-01-03T22:11:55.371+0100] {dagbag.py:538} INFO - Filling up the DagBag from /home/chrisfleig/.local/lib/python3.10/site-packages/airflow/example_dags/example_task_group_decorator.py
[2023-01-03T22:11:55.398+0100] {processor.py:753} INFO - DAG(s) dict_keys(['example_task_group_decorator']) retrieved from /home/chrisfleig/.local/lib/python3.10/site-packages/airflow/example_dags/example_task_group_decorator.py
[2023-01-03T22:11:55.420+0100] {logging_mixin.py:137} INFO - [2023-01-03T22:11:55.419+0100] {dag.py:2676} INFO - Sync 1 DAGs
[2023-01-03T22:11:55.436+0100] {logging_mixin.py:137} INFO - [2023-01-03T22:11:55.436+0100] {dag.py:3423} INFO - Setting next_dagrun for example_task_group_decorator to 2023-01-02T21:11:55.436408+00:00, run_after=2023-01-03T21:11:55.436408+00:00
[2023-01-03T22:11:55.474+0100] {processor.py:175} INFO - Processing /home/chrisfleig/.local/lib/python3.10/site-packages/airflow/example_dags/example_task_group_decorator.py took 0.107 seconds
[2023-01-03T22:12:34.684+0100] {processor.py:153} INFO - Started process (PID=8285) to work on /home/chrisfleig/.local/lib/python3.10/site-packages/airflow/example_dags/example_task_group_decorator.py
[2023-01-03T22:12:34.684+0100] {processor.py:743} INFO - Processing file /home/chrisfleig/.local/lib/python3.10/site-packages/airflow/example_dags/example_task_group_decorator.py for tasks to queue
[2023-01-03T22:12:34.685+0100] {logging_mixin.py:137} INFO - [2023-01-03T22:12:34.685+0100] {dagbag.py:538} INFO - Filling up the DagBag from /home/chrisfleig/.local/lib/python3.10/site-packages/airflow/example_dags/example_task_group_decorator.py
[2023-01-03T22:12:34.710+0100] {processor.py:753} INFO - DAG(s) dict_keys(['example_task_group_decorator']) retrieved from /home/chrisfleig/.local/lib/python3.10/site-packages/airflow/example_dags/example_task_group_decorator.py
[2023-01-03T22:12:34.732+0100] {logging_mixin.py:137} INFO - [2023-01-03T22:12:34.732+0100] {dag.py:2676} INFO - Sync 1 DAGs
[2023-01-03T22:12:34.748+0100] {logging_mixin.py:137} INFO - [2023-01-03T22:12:34.747+0100] {dag.py:3423} INFO - Setting next_dagrun for example_task_group_decorator to 2023-01-02T21:12:34.747752+00:00, run_after=2023-01-03T21:12:34.747752+00:00
[2023-01-03T22:12:34.787+0100] {processor.py:175} INFO - Processing /home/chrisfleig/.local/lib/python3.10/site-packages/airflow/example_dags/example_task_group_decorator.py took 0.106 seconds
[2023-01-03T22:13:13.508+0100] {processor.py:153} INFO - Started process (PID=8323) to work on /home/chrisfleig/.local/lib/python3.10/site-packages/airflow/example_dags/example_task_group_decorator.py
[2023-01-03T22:13:13.509+0100] {processor.py:743} INFO - Processing file /home/chrisfleig/.local/lib/python3.10/site-packages/airflow/example_dags/example_task_group_decorator.py for tasks to queue
[2023-01-03T22:13:13.510+0100] {logging_mixin.py:137} INFO - [2023-01-03T22:13:13.510+0100] {dagbag.py:538} INFO - Filling up the DagBag from /home/chrisfleig/.local/lib/python3.10/site-packages/airflow/example_dags/example_task_group_decorator.py
[2023-01-03T22:13:13.537+0100] {processor.py:753} INFO - DAG(s) dict_keys(['example_task_group_decorator']) retrieved from /home/chrisfleig/.local/lib/python3.10/site-packages/airflow/example_dags/example_task_group_decorator.py
[2023-01-03T22:13:13.558+0100] {logging_mixin.py:137} INFO - [2023-01-03T22:13:13.558+0100] {dag.py:2676} INFO - Sync 1 DAGs
[2023-01-03T22:13:13.576+0100] {logging_mixin.py:137} INFO - [2023-01-03T22:13:13.576+0100] {dag.py:3423} INFO - Setting next_dagrun for example_task_group_decorator to 2023-01-02T21:13:13.576133+00:00, run_after=2023-01-03T21:13:13.576133+00:00
[2023-01-03T22:13:13.612+0100] {processor.py:175} INFO - Processing /home/chrisfleig/.local/lib/python3.10/site-packages/airflow/example_dags/example_task_group_decorator.py took 0.106 seconds
[2023-01-03T22:13:51.668+0100] {processor.py:153} INFO - Started process (PID=8361) to work on /home/chrisfleig/.local/lib/python3.10/site-packages/airflow/example_dags/example_task_group_decorator.py
[2023-01-03T22:13:51.669+0100] {processor.py:743} INFO - Processing file /home/chrisfleig/.local/lib/python3.10/site-packages/airflow/example_dags/example_task_group_decorator.py for tasks to queue
[2023-01-03T22:13:51.669+0100] {logging_mixin.py:137} INFO - [2023-01-03T22:13:51.669+0100] {dagbag.py:538} INFO - Filling up the DagBag from /home/chrisfleig/.local/lib/python3.10/site-packages/airflow/example_dags/example_task_group_decorator.py
[2023-01-03T22:13:51.693+0100] {processor.py:753} INFO - DAG(s) dict_keys(['example_task_group_decorator']) retrieved from /home/chrisfleig/.local/lib/python3.10/site-packages/airflow/example_dags/example_task_group_decorator.py
[2023-01-03T22:13:51.716+0100] {logging_mixin.py:137} INFO - [2023-01-03T22:13:51.716+0100] {dag.py:2676} INFO - Sync 1 DAGs
[2023-01-03T22:13:51.734+0100] {logging_mixin.py:137} INFO - [2023-01-03T22:13:51.733+0100] {dag.py:3423} INFO - Setting next_dagrun for example_task_group_decorator to 2023-01-02T21:13:51.733801+00:00, run_after=2023-01-03T21:13:51.733801+00:00
[2023-01-03T22:13:51.772+0100] {processor.py:175} INFO - Processing /home/chrisfleig/.local/lib/python3.10/site-packages/airflow/example_dags/example_task_group_decorator.py took 0.107 seconds
[2023-01-03T22:14:31.995+0100] {processor.py:153} INFO - Started process (PID=8399) to work on /home/chrisfleig/.local/lib/python3.10/site-packages/airflow/example_dags/example_task_group_decorator.py
[2023-01-03T22:14:31.996+0100] {processor.py:743} INFO - Processing file /home/chrisfleig/.local/lib/python3.10/site-packages/airflow/example_dags/example_task_group_decorator.py for tasks to queue
[2023-01-03T22:14:31.997+0100] {logging_mixin.py:137} INFO - [2023-01-03T22:14:31.997+0100] {dagbag.py:538} INFO - Filling up the DagBag from /home/chrisfleig/.local/lib/python3.10/site-packages/airflow/example_dags/example_task_group_decorator.py
[2023-01-03T22:14:32.022+0100] {processor.py:753} INFO - DAG(s) dict_keys(['example_task_group_decorator']) retrieved from /home/chrisfleig/.local/lib/python3.10/site-packages/airflow/example_dags/example_task_group_decorator.py
[2023-01-03T22:14:32.045+0100] {logging_mixin.py:137} INFO - [2023-01-03T22:14:32.045+0100] {dag.py:2676} INFO - Sync 1 DAGs
[2023-01-03T22:14:32.063+0100] {logging_mixin.py:137} INFO - [2023-01-03T22:14:32.063+0100] {dag.py:3423} INFO - Setting next_dagrun for example_task_group_decorator to 2023-01-02T21:14:32.063073+00:00, run_after=2023-01-03T21:14:32.063073+00:00
[2023-01-03T22:14:32.097+0100] {processor.py:175} INFO - Processing /home/chrisfleig/.local/lib/python3.10/site-packages/airflow/example_dags/example_task_group_decorator.py took 0.104 seconds
[2023-01-03T22:15:09.987+0100] {processor.py:153} INFO - Started process (PID=8437) to work on /home/chrisfleig/.local/lib/python3.10/site-packages/airflow/example_dags/example_task_group_decorator.py
[2023-01-03T22:15:09.988+0100] {processor.py:743} INFO - Processing file /home/chrisfleig/.local/lib/python3.10/site-packages/airflow/example_dags/example_task_group_decorator.py for tasks to queue
[2023-01-03T22:15:09.989+0100] {logging_mixin.py:137} INFO - [2023-01-03T22:15:09.989+0100] {dagbag.py:538} INFO - Filling up the DagBag from /home/chrisfleig/.local/lib/python3.10/site-packages/airflow/example_dags/example_task_group_decorator.py
[2023-01-03T22:15:10.014+0100] {processor.py:753} INFO - DAG(s) dict_keys(['example_task_group_decorator']) retrieved from /home/chrisfleig/.local/lib/python3.10/site-packages/airflow/example_dags/example_task_group_decorator.py
[2023-01-03T22:15:10.037+0100] {logging_mixin.py:137} INFO - [2023-01-03T22:15:10.037+0100] {dag.py:2676} INFO - Sync 1 DAGs
[2023-01-03T22:15:10.054+0100] {logging_mixin.py:137} INFO - [2023-01-03T22:15:10.054+0100] {dag.py:3423} INFO - Setting next_dagrun for example_task_group_decorator to 2023-01-02T21:15:10.054455+00:00, run_after=2023-01-03T21:15:10.054455+00:00
[2023-01-03T22:15:10.090+0100] {processor.py:175} INFO - Processing /home/chrisfleig/.local/lib/python3.10/site-packages/airflow/example_dags/example_task_group_decorator.py took 0.105 seconds
[2023-01-03T22:31:44.171+0100] {processor.py:153} INFO - Started process (PID=8572) to work on /home/chrisfleig/.local/lib/python3.10/site-packages/airflow/example_dags/example_task_group_decorator.py
[2023-01-03T22:31:44.172+0100] {processor.py:743} INFO - Processing file /home/chrisfleig/.local/lib/python3.10/site-packages/airflow/example_dags/example_task_group_decorator.py for tasks to queue
[2023-01-03T22:31:44.173+0100] {logging_mixin.py:137} INFO - [2023-01-03T22:31:44.173+0100] {dagbag.py:538} INFO - Filling up the DagBag from /home/chrisfleig/.local/lib/python3.10/site-packages/airflow/example_dags/example_task_group_decorator.py
[2023-01-03T22:31:44.204+0100] {processor.py:753} INFO - DAG(s) dict_keys(['example_task_group_decorator']) retrieved from /home/chrisfleig/.local/lib/python3.10/site-packages/airflow/example_dags/example_task_group_decorator.py
[2023-01-03T22:31:44.231+0100] {logging_mixin.py:137} INFO - [2023-01-03T22:31:44.231+0100] {dag.py:2676} INFO - Sync 1 DAGs
[2023-01-03T22:31:44.253+0100] {logging_mixin.py:137} INFO - [2023-01-03T22:31:44.253+0100] {dag.py:3423} INFO - Setting next_dagrun for example_task_group_decorator to 2023-01-02T21:31:44.253029+00:00, run_after=2023-01-03T21:31:44.253029+00:00
[2023-01-03T22:31:44.294+0100] {processor.py:175} INFO - Processing /home/chrisfleig/.local/lib/python3.10/site-packages/airflow/example_dags/example_task_group_decorator.py took 0.126 seconds
[2023-01-03T22:32:23.533+0100] {processor.py:153} INFO - Started process (PID=8610) to work on /home/chrisfleig/.local/lib/python3.10/site-packages/airflow/example_dags/example_task_group_decorator.py
[2023-01-03T22:32:23.534+0100] {processor.py:743} INFO - Processing file /home/chrisfleig/.local/lib/python3.10/site-packages/airflow/example_dags/example_task_group_decorator.py for tasks to queue
[2023-01-03T22:32:23.535+0100] {logging_mixin.py:137} INFO - [2023-01-03T22:32:23.535+0100] {dagbag.py:538} INFO - Filling up the DagBag from /home/chrisfleig/.local/lib/python3.10/site-packages/airflow/example_dags/example_task_group_decorator.py
[2023-01-03T22:32:23.571+0100] {processor.py:753} INFO - DAG(s) dict_keys(['example_task_group_decorator']) retrieved from /home/chrisfleig/.local/lib/python3.10/site-packages/airflow/example_dags/example_task_group_decorator.py
[2023-01-03T22:32:23.696+0100] {logging_mixin.py:137} INFO - [2023-01-03T22:32:23.696+0100] {dag.py:2676} INFO - Sync 1 DAGs
[2023-01-03T22:32:23.803+0100] {logging_mixin.py:137} INFO - [2023-01-03T22:32:23.803+0100] {dag.py:3423} INFO - Setting next_dagrun for example_task_group_decorator to 2023-01-02T21:32:23.803184+00:00, run_after=2023-01-03T21:32:23.803184+00:00
[2023-01-03T22:32:23.853+0100] {processor.py:175} INFO - Processing /home/chrisfleig/.local/lib/python3.10/site-packages/airflow/example_dags/example_task_group_decorator.py took 0.322 seconds
[2023-01-03T22:33:02.179+0100] {processor.py:153} INFO - Started process (PID=8648) to work on /home/chrisfleig/.local/lib/python3.10/site-packages/airflow/example_dags/example_task_group_decorator.py
[2023-01-03T22:33:02.179+0100] {processor.py:743} INFO - Processing file /home/chrisfleig/.local/lib/python3.10/site-packages/airflow/example_dags/example_task_group_decorator.py for tasks to queue
[2023-01-03T22:33:02.180+0100] {logging_mixin.py:137} INFO - [2023-01-03T22:33:02.180+0100] {dagbag.py:538} INFO - Filling up the DagBag from /home/chrisfleig/.local/lib/python3.10/site-packages/airflow/example_dags/example_task_group_decorator.py
[2023-01-03T22:33:02.205+0100] {processor.py:753} INFO - DAG(s) dict_keys(['example_task_group_decorator']) retrieved from /home/chrisfleig/.local/lib/python3.10/site-packages/airflow/example_dags/example_task_group_decorator.py
[2023-01-03T22:33:02.226+0100] {logging_mixin.py:137} INFO - [2023-01-03T22:33:02.226+0100] {dag.py:2676} INFO - Sync 1 DAGs
[2023-01-03T22:33:02.243+0100] {logging_mixin.py:137} INFO - [2023-01-03T22:33:02.243+0100] {dag.py:3423} INFO - Setting next_dagrun for example_task_group_decorator to 2023-01-02T21:33:02.243037+00:00, run_after=2023-01-03T21:33:02.243037+00:00
[2023-01-03T22:33:02.278+0100] {processor.py:175} INFO - Processing /home/chrisfleig/.local/lib/python3.10/site-packages/airflow/example_dags/example_task_group_decorator.py took 0.102 seconds
[2023-01-03T22:33:41.758+0100] {processor.py:153} INFO - Started process (PID=8686) to work on /home/chrisfleig/.local/lib/python3.10/site-packages/airflow/example_dags/example_task_group_decorator.py
[2023-01-03T22:33:41.759+0100] {processor.py:743} INFO - Processing file /home/chrisfleig/.local/lib/python3.10/site-packages/airflow/example_dags/example_task_group_decorator.py for tasks to queue
[2023-01-03T22:33:41.760+0100] {logging_mixin.py:137} INFO - [2023-01-03T22:33:41.760+0100] {dagbag.py:538} INFO - Filling up the DagBag from /home/chrisfleig/.local/lib/python3.10/site-packages/airflow/example_dags/example_task_group_decorator.py
[2023-01-03T22:33:41.787+0100] {processor.py:753} INFO - DAG(s) dict_keys(['example_task_group_decorator']) retrieved from /home/chrisfleig/.local/lib/python3.10/site-packages/airflow/example_dags/example_task_group_decorator.py
[2023-01-03T22:33:41.810+0100] {logging_mixin.py:137} INFO - [2023-01-03T22:33:41.809+0100] {dag.py:2676} INFO - Sync 1 DAGs
[2023-01-03T22:33:41.826+0100] {logging_mixin.py:137} INFO - [2023-01-03T22:33:41.825+0100] {dag.py:3423} INFO - Setting next_dagrun for example_task_group_decorator to 2023-01-02T21:33:41.825781+00:00, run_after=2023-01-03T21:33:41.825781+00:00
[2023-01-03T22:33:41.860+0100] {processor.py:175} INFO - Processing /home/chrisfleig/.local/lib/python3.10/site-packages/airflow/example_dags/example_task_group_decorator.py took 0.104 seconds
[2023-01-03T22:34:21.299+0100] {processor.py:153} INFO - Started process (PID=8724) to work on /home/chrisfleig/.local/lib/python3.10/site-packages/airflow/example_dags/example_task_group_decorator.py
[2023-01-03T22:34:21.300+0100] {processor.py:743} INFO - Processing file /home/chrisfleig/.local/lib/python3.10/site-packages/airflow/example_dags/example_task_group_decorator.py for tasks to queue
[2023-01-03T22:34:21.301+0100] {logging_mixin.py:137} INFO - [2023-01-03T22:34:21.301+0100] {dagbag.py:538} INFO - Filling up the DagBag from /home/chrisfleig/.local/lib/python3.10/site-packages/airflow/example_dags/example_task_group_decorator.py
[2023-01-03T22:34:21.326+0100] {processor.py:753} INFO - DAG(s) dict_keys(['example_task_group_decorator']) retrieved from /home/chrisfleig/.local/lib/python3.10/site-packages/airflow/example_dags/example_task_group_decorator.py
[2023-01-03T22:34:21.347+0100] {logging_mixin.py:137} INFO - [2023-01-03T22:34:21.347+0100] {dag.py:2676} INFO - Sync 1 DAGs
[2023-01-03T22:34:21.364+0100] {logging_mixin.py:137} INFO - [2023-01-03T22:34:21.364+0100] {dag.py:3423} INFO - Setting next_dagrun for example_task_group_decorator to 2023-01-02T21:34:21.364126+00:00, run_after=2023-01-03T21:34:21.364126+00:00
[2023-01-03T22:34:21.400+0100] {processor.py:175} INFO - Processing /home/chrisfleig/.local/lib/python3.10/site-packages/airflow/example_dags/example_task_group_decorator.py took 0.104 seconds
[2023-01-03T22:35:00.638+0100] {processor.py:153} INFO - Started process (PID=8762) to work on /home/chrisfleig/.local/lib/python3.10/site-packages/airflow/example_dags/example_task_group_decorator.py
[2023-01-03T22:35:00.639+0100] {processor.py:743} INFO - Processing file /home/chrisfleig/.local/lib/python3.10/site-packages/airflow/example_dags/example_task_group_decorator.py for tasks to queue
[2023-01-03T22:35:00.640+0100] {logging_mixin.py:137} INFO - [2023-01-03T22:35:00.640+0100] {dagbag.py:538} INFO - Filling up the DagBag from /home/chrisfleig/.local/lib/python3.10/site-packages/airflow/example_dags/example_task_group_decorator.py
[2023-01-03T22:35:00.664+0100] {processor.py:753} INFO - DAG(s) dict_keys(['example_task_group_decorator']) retrieved from /home/chrisfleig/.local/lib/python3.10/site-packages/airflow/example_dags/example_task_group_decorator.py
[2023-01-03T22:35:00.685+0100] {logging_mixin.py:137} INFO - [2023-01-03T22:35:00.685+0100] {dag.py:2676} INFO - Sync 1 DAGs
[2023-01-03T22:35:00.703+0100] {logging_mixin.py:137} INFO - [2023-01-03T22:35:00.702+0100] {dag.py:3423} INFO - Setting next_dagrun for example_task_group_decorator to 2023-01-02T21:35:00.702817+00:00, run_after=2023-01-03T21:35:00.702817+00:00
[2023-01-03T22:35:00.766+0100] {processor.py:175} INFO - Processing /home/chrisfleig/.local/lib/python3.10/site-packages/airflow/example_dags/example_task_group_decorator.py took 0.130 seconds
[2023-01-03T22:35:40.258+0100] {processor.py:153} INFO - Started process (PID=8800) to work on /home/chrisfleig/.local/lib/python3.10/site-packages/airflow/example_dags/example_task_group_decorator.py
[2023-01-03T22:35:40.259+0100] {processor.py:743} INFO - Processing file /home/chrisfleig/.local/lib/python3.10/site-packages/airflow/example_dags/example_task_group_decorator.py for tasks to queue
[2023-01-03T22:35:40.259+0100] {logging_mixin.py:137} INFO - [2023-01-03T22:35:40.259+0100] {dagbag.py:538} INFO - Filling up the DagBag from /home/chrisfleig/.local/lib/python3.10/site-packages/airflow/example_dags/example_task_group_decorator.py
[2023-01-03T22:35:40.284+0100] {processor.py:753} INFO - DAG(s) dict_keys(['example_task_group_decorator']) retrieved from /home/chrisfleig/.local/lib/python3.10/site-packages/airflow/example_dags/example_task_group_decorator.py
[2023-01-03T22:35:40.305+0100] {logging_mixin.py:137} INFO - [2023-01-03T22:35:40.305+0100] {dag.py:2676} INFO - Sync 1 DAGs
[2023-01-03T22:35:40.322+0100] {logging_mixin.py:137} INFO - [2023-01-03T22:35:40.322+0100] {dag.py:3423} INFO - Setting next_dagrun for example_task_group_decorator to 2023-01-02T21:35:40.322010+00:00, run_after=2023-01-03T21:35:40.322010+00:00
[2023-01-03T22:35:40.355+0100] {processor.py:175} INFO - Processing /home/chrisfleig/.local/lib/python3.10/site-packages/airflow/example_dags/example_task_group_decorator.py took 0.100 seconds
[2023-01-03T22:36:18.969+0100] {processor.py:153} INFO - Started process (PID=8838) to work on /home/chrisfleig/.local/lib/python3.10/site-packages/airflow/example_dags/example_task_group_decorator.py
[2023-01-03T22:36:18.970+0100] {processor.py:743} INFO - Processing file /home/chrisfleig/.local/lib/python3.10/site-packages/airflow/example_dags/example_task_group_decorator.py for tasks to queue
[2023-01-03T22:36:18.971+0100] {logging_mixin.py:137} INFO - [2023-01-03T22:36:18.971+0100] {dagbag.py:538} INFO - Filling up the DagBag from /home/chrisfleig/.local/lib/python3.10/site-packages/airflow/example_dags/example_task_group_decorator.py
[2023-01-03T22:36:19.005+0100] {processor.py:753} INFO - DAG(s) dict_keys(['example_task_group_decorator']) retrieved from /home/chrisfleig/.local/lib/python3.10/site-packages/airflow/example_dags/example_task_group_decorator.py
[2023-01-03T22:36:19.035+0100] {logging_mixin.py:137} INFO - [2023-01-03T22:36:19.035+0100] {dag.py:2676} INFO - Sync 1 DAGs
[2023-01-03T22:36:19.053+0100] {logging_mixin.py:137} INFO - [2023-01-03T22:36:19.053+0100] {dag.py:3423} INFO - Setting next_dagrun for example_task_group_decorator to 2023-01-02T21:36:19.053506+00:00, run_after=2023-01-03T21:36:19.053506+00:00
[2023-01-03T22:36:19.092+0100] {processor.py:175} INFO - Processing /home/chrisfleig/.local/lib/python3.10/site-packages/airflow/example_dags/example_task_group_decorator.py took 0.126 seconds
[2023-01-03T22:36:57.166+0100] {processor.py:153} INFO - Started process (PID=8876) to work on /home/chrisfleig/.local/lib/python3.10/site-packages/airflow/example_dags/example_task_group_decorator.py
[2023-01-03T22:36:57.167+0100] {processor.py:743} INFO - Processing file /home/chrisfleig/.local/lib/python3.10/site-packages/airflow/example_dags/example_task_group_decorator.py for tasks to queue
[2023-01-03T22:36:57.167+0100] {logging_mixin.py:137} INFO - [2023-01-03T22:36:57.167+0100] {dagbag.py:538} INFO - Filling up the DagBag from /home/chrisfleig/.local/lib/python3.10/site-packages/airflow/example_dags/example_task_group_decorator.py
[2023-01-03T22:36:57.195+0100] {processor.py:753} INFO - DAG(s) dict_keys(['example_task_group_decorator']) retrieved from /home/chrisfleig/.local/lib/python3.10/site-packages/airflow/example_dags/example_task_group_decorator.py
[2023-01-03T22:36:57.218+0100] {logging_mixin.py:137} INFO - [2023-01-03T22:36:57.218+0100] {dag.py:2676} INFO - Sync 1 DAGs
[2023-01-03T22:36:57.236+0100] {logging_mixin.py:137} INFO - [2023-01-03T22:36:57.236+0100] {dag.py:3423} INFO - Setting next_dagrun for example_task_group_decorator to 2023-01-02T21:36:57.235888+00:00, run_after=2023-01-03T21:36:57.235888+00:00
[2023-01-03T22:36:57.273+0100] {processor.py:175} INFO - Processing /home/chrisfleig/.local/lib/python3.10/site-packages/airflow/example_dags/example_task_group_decorator.py took 0.110 seconds
[2023-01-03T22:37:33.851+0100] {processor.py:153} INFO - Started process (PID=8914) to work on /home/chrisfleig/.local/lib/python3.10/site-packages/airflow/example_dags/example_task_group_decorator.py
[2023-01-03T22:37:33.852+0100] {processor.py:743} INFO - Processing file /home/chrisfleig/.local/lib/python3.10/site-packages/airflow/example_dags/example_task_group_decorator.py for tasks to queue
[2023-01-03T22:37:33.853+0100] {logging_mixin.py:137} INFO - [2023-01-03T22:37:33.853+0100] {dagbag.py:538} INFO - Filling up the DagBag from /home/chrisfleig/.local/lib/python3.10/site-packages/airflow/example_dags/example_task_group_decorator.py
[2023-01-03T22:37:33.883+0100] {processor.py:753} INFO - DAG(s) dict_keys(['example_task_group_decorator']) retrieved from /home/chrisfleig/.local/lib/python3.10/site-packages/airflow/example_dags/example_task_group_decorator.py
[2023-01-03T22:37:33.908+0100] {logging_mixin.py:137} INFO - [2023-01-03T22:37:33.907+0100] {dag.py:2676} INFO - Sync 1 DAGs
[2023-01-03T22:37:33.927+0100] {logging_mixin.py:137} INFO - [2023-01-03T22:37:33.927+0100] {dag.py:3423} INFO - Setting next_dagrun for example_task_group_decorator to 2023-01-02T21:37:33.927067+00:00, run_after=2023-01-03T21:37:33.927067+00:00
[2023-01-03T22:37:33.965+0100] {processor.py:175} INFO - Processing /home/chrisfleig/.local/lib/python3.10/site-packages/airflow/example_dags/example_task_group_decorator.py took 0.116 seconds
[2023-01-03T22:38:12.978+0100] {processor.py:153} INFO - Started process (PID=8952) to work on /home/chrisfleig/.local/lib/python3.10/site-packages/airflow/example_dags/example_task_group_decorator.py
[2023-01-03T22:38:12.979+0100] {processor.py:743} INFO - Processing file /home/chrisfleig/.local/lib/python3.10/site-packages/airflow/example_dags/example_task_group_decorator.py for tasks to queue
[2023-01-03T22:38:12.979+0100] {logging_mixin.py:137} INFO - [2023-01-03T22:38:12.979+0100] {dagbag.py:538} INFO - Filling up the DagBag from /home/chrisfleig/.local/lib/python3.10/site-packages/airflow/example_dags/example_task_group_decorator.py
[2023-01-03T22:38:13.011+0100] {processor.py:753} INFO - DAG(s) dict_keys(['example_task_group_decorator']) retrieved from /home/chrisfleig/.local/lib/python3.10/site-packages/airflow/example_dags/example_task_group_decorator.py
[2023-01-03T22:38:13.034+0100] {logging_mixin.py:137} INFO - [2023-01-03T22:38:13.034+0100] {dag.py:2676} INFO - Sync 1 DAGs
[2023-01-03T22:38:13.052+0100] {logging_mixin.py:137} INFO - [2023-01-03T22:38:13.052+0100] {dag.py:3423} INFO - Setting next_dagrun for example_task_group_decorator to 2023-01-02T21:38:13.051830+00:00, run_after=2023-01-03T21:38:13.051830+00:00
[2023-01-03T22:38:13.088+0100] {processor.py:175} INFO - Processing /home/chrisfleig/.local/lib/python3.10/site-packages/airflow/example_dags/example_task_group_decorator.py took 0.113 seconds
[2023-01-03T22:38:51.372+0100] {processor.py:153} INFO - Started process (PID=8990) to work on /home/chrisfleig/.local/lib/python3.10/site-packages/airflow/example_dags/example_task_group_decorator.py
[2023-01-03T22:38:51.373+0100] {processor.py:743} INFO - Processing file /home/chrisfleig/.local/lib/python3.10/site-packages/airflow/example_dags/example_task_group_decorator.py for tasks to queue
[2023-01-03T22:38:51.374+0100] {logging_mixin.py:137} INFO - [2023-01-03T22:38:51.374+0100] {dagbag.py:538} INFO - Filling up the DagBag from /home/chrisfleig/.local/lib/python3.10/site-packages/airflow/example_dags/example_task_group_decorator.py
[2023-01-03T22:38:51.399+0100] {processor.py:753} INFO - DAG(s) dict_keys(['example_task_group_decorator']) retrieved from /home/chrisfleig/.local/lib/python3.10/site-packages/airflow/example_dags/example_task_group_decorator.py
[2023-01-03T22:38:51.421+0100] {logging_mixin.py:137} INFO - [2023-01-03T22:38:51.421+0100] {dag.py:2676} INFO - Sync 1 DAGs
[2023-01-03T22:38:51.438+0100] {logging_mixin.py:137} INFO - [2023-01-03T22:38:51.438+0100] {dag.py:3423} INFO - Setting next_dagrun for example_task_group_decorator to 2023-01-02T21:38:51.438148+00:00, run_after=2023-01-03T21:38:51.438148+00:00
[2023-01-03T22:38:51.475+0100] {processor.py:175} INFO - Processing /home/chrisfleig/.local/lib/python3.10/site-packages/airflow/example_dags/example_task_group_decorator.py took 0.105 seconds
[2023-01-03T22:39:31.230+0100] {processor.py:153} INFO - Started process (PID=9028) to work on /home/chrisfleig/.local/lib/python3.10/site-packages/airflow/example_dags/example_task_group_decorator.py
[2023-01-03T22:39:31.231+0100] {processor.py:743} INFO - Processing file /home/chrisfleig/.local/lib/python3.10/site-packages/airflow/example_dags/example_task_group_decorator.py for tasks to queue
[2023-01-03T22:39:31.231+0100] {logging_mixin.py:137} INFO - [2023-01-03T22:39:31.231+0100] {dagbag.py:538} INFO - Filling up the DagBag from /home/chrisfleig/.local/lib/python3.10/site-packages/airflow/example_dags/example_task_group_decorator.py
[2023-01-03T22:39:31.257+0100] {processor.py:753} INFO - DAG(s) dict_keys(['example_task_group_decorator']) retrieved from /home/chrisfleig/.local/lib/python3.10/site-packages/airflow/example_dags/example_task_group_decorator.py
[2023-01-03T22:39:31.278+0100] {logging_mixin.py:137} INFO - [2023-01-03T22:39:31.278+0100] {dag.py:2676} INFO - Sync 1 DAGs
[2023-01-03T22:39:31.296+0100] {logging_mixin.py:137} INFO - [2023-01-03T22:39:31.296+0100] {dag.py:3423} INFO - Setting next_dagrun for example_task_group_decorator to 2023-01-02T21:39:31.295870+00:00, run_after=2023-01-03T21:39:31.295870+00:00
[2023-01-03T22:39:31.333+0100] {processor.py:175} INFO - Processing /home/chrisfleig/.local/lib/python3.10/site-packages/airflow/example_dags/example_task_group_decorator.py took 0.105 seconds
[2023-01-03T22:40:11.753+0100] {processor.py:153} INFO - Started process (PID=9066) to work on /home/chrisfleig/.local/lib/python3.10/site-packages/airflow/example_dags/example_task_group_decorator.py
[2023-01-03T22:40:11.754+0100] {processor.py:743} INFO - Processing file /home/chrisfleig/.local/lib/python3.10/site-packages/airflow/example_dags/example_task_group_decorator.py for tasks to queue
[2023-01-03T22:40:11.755+0100] {logging_mixin.py:137} INFO - [2023-01-03T22:40:11.755+0100] {dagbag.py:538} INFO - Filling up the DagBag from /home/chrisfleig/.local/lib/python3.10/site-packages/airflow/example_dags/example_task_group_decorator.py
[2023-01-03T22:40:11.786+0100] {processor.py:753} INFO - DAG(s) dict_keys(['example_task_group_decorator']) retrieved from /home/chrisfleig/.local/lib/python3.10/site-packages/airflow/example_dags/example_task_group_decorator.py
[2023-01-03T22:40:11.810+0100] {logging_mixin.py:137} INFO - [2023-01-03T22:40:11.810+0100] {dag.py:2676} INFO - Sync 1 DAGs
[2023-01-03T22:40:11.830+0100] {logging_mixin.py:137} INFO - [2023-01-03T22:40:11.830+0100] {dag.py:3423} INFO - Setting next_dagrun for example_task_group_decorator to 2023-01-02T21:40:11.830174+00:00, run_after=2023-01-03T21:40:11.830174+00:00
[2023-01-03T22:40:11.870+0100] {processor.py:175} INFO - Processing /home/chrisfleig/.local/lib/python3.10/site-packages/airflow/example_dags/example_task_group_decorator.py took 0.120 seconds
[2023-01-03T22:40:48.531+0100] {processor.py:153} INFO - Started process (PID=9104) to work on /home/chrisfleig/.local/lib/python3.10/site-packages/airflow/example_dags/example_task_group_decorator.py
[2023-01-03T22:40:48.532+0100] {processor.py:743} INFO - Processing file /home/chrisfleig/.local/lib/python3.10/site-packages/airflow/example_dags/example_task_group_decorator.py for tasks to queue
[2023-01-03T22:40:48.533+0100] {logging_mixin.py:137} INFO - [2023-01-03T22:40:48.532+0100] {dagbag.py:538} INFO - Filling up the DagBag from /home/chrisfleig/.local/lib/python3.10/site-packages/airflow/example_dags/example_task_group_decorator.py
[2023-01-03T22:40:48.559+0100] {processor.py:753} INFO - DAG(s) dict_keys(['example_task_group_decorator']) retrieved from /home/chrisfleig/.local/lib/python3.10/site-packages/airflow/example_dags/example_task_group_decorator.py
[2023-01-03T22:40:48.584+0100] {logging_mixin.py:137} INFO - [2023-01-03T22:40:48.584+0100] {dag.py:2676} INFO - Sync 1 DAGs
[2023-01-03T22:40:48.601+0100] {logging_mixin.py:137} INFO - [2023-01-03T22:40:48.601+0100] {dag.py:3423} INFO - Setting next_dagrun for example_task_group_decorator to 2023-01-02T21:40:48.601129+00:00, run_after=2023-01-03T21:40:48.601129+00:00
[2023-01-03T22:40:48.636+0100] {processor.py:175} INFO - Processing /home/chrisfleig/.local/lib/python3.10/site-packages/airflow/example_dags/example_task_group_decorator.py took 0.108 seconds
[2023-01-03T22:41:26.787+0100] {processor.py:153} INFO - Started process (PID=9142) to work on /home/chrisfleig/.local/lib/python3.10/site-packages/airflow/example_dags/example_task_group_decorator.py
[2023-01-03T22:41:26.788+0100] {processor.py:743} INFO - Processing file /home/chrisfleig/.local/lib/python3.10/site-packages/airflow/example_dags/example_task_group_decorator.py for tasks to queue
[2023-01-03T22:41:26.788+0100] {logging_mixin.py:137} INFO - [2023-01-03T22:41:26.788+0100] {dagbag.py:538} INFO - Filling up the DagBag from /home/chrisfleig/.local/lib/python3.10/site-packages/airflow/example_dags/example_task_group_decorator.py
[2023-01-03T22:41:26.813+0100] {processor.py:753} INFO - DAG(s) dict_keys(['example_task_group_decorator']) retrieved from /home/chrisfleig/.local/lib/python3.10/site-packages/airflow/example_dags/example_task_group_decorator.py
[2023-01-03T22:41:26.835+0100] {logging_mixin.py:137} INFO - [2023-01-03T22:41:26.835+0100] {dag.py:2676} INFO - Sync 1 DAGs
[2023-01-03T22:41:26.855+0100] {logging_mixin.py:137} INFO - [2023-01-03T22:41:26.855+0100] {dag.py:3423} INFO - Setting next_dagrun for example_task_group_decorator to 2023-01-02T21:41:26.855101+00:00, run_after=2023-01-03T21:41:26.855101+00:00
[2023-01-03T22:41:26.891+0100] {processor.py:175} INFO - Processing /home/chrisfleig/.local/lib/python3.10/site-packages/airflow/example_dags/example_task_group_decorator.py took 0.106 seconds
[2023-01-03T22:42:05.255+0100] {processor.py:153} INFO - Started process (PID=9182) to work on /home/chrisfleig/.local/lib/python3.10/site-packages/airflow/example_dags/example_task_group_decorator.py
[2023-01-03T22:42:05.256+0100] {processor.py:743} INFO - Processing file /home/chrisfleig/.local/lib/python3.10/site-packages/airflow/example_dags/example_task_group_decorator.py for tasks to queue
[2023-01-03T22:42:05.257+0100] {logging_mixin.py:137} INFO - [2023-01-03T22:42:05.257+0100] {dagbag.py:538} INFO - Filling up the DagBag from /home/chrisfleig/.local/lib/python3.10/site-packages/airflow/example_dags/example_task_group_decorator.py
[2023-01-03T22:42:05.286+0100] {processor.py:753} INFO - DAG(s) dict_keys(['example_task_group_decorator']) retrieved from /home/chrisfleig/.local/lib/python3.10/site-packages/airflow/example_dags/example_task_group_decorator.py
[2023-01-03T22:42:05.309+0100] {logging_mixin.py:137} INFO - [2023-01-03T22:42:05.309+0100] {dag.py:2676} INFO - Sync 1 DAGs
[2023-01-03T22:42:05.327+0100] {logging_mixin.py:137} INFO - [2023-01-03T22:42:05.327+0100] {dag.py:3423} INFO - Setting next_dagrun for example_task_group_decorator to 2023-01-02T21:42:05.327366+00:00, run_after=2023-01-03T21:42:05.327366+00:00
[2023-01-03T22:42:05.365+0100] {processor.py:175} INFO - Processing /home/chrisfleig/.local/lib/python3.10/site-packages/airflow/example_dags/example_task_group_decorator.py took 0.113 seconds
[2023-01-03T22:42:44.060+0100] {processor.py:153} INFO - Started process (PID=9222) to work on /home/chrisfleig/.local/lib/python3.10/site-packages/airflow/example_dags/example_task_group_decorator.py
[2023-01-03T22:42:44.061+0100] {processor.py:743} INFO - Processing file /home/chrisfleig/.local/lib/python3.10/site-packages/airflow/example_dags/example_task_group_decorator.py for tasks to queue
[2023-01-03T22:42:44.061+0100] {logging_mixin.py:137} INFO - [2023-01-03T22:42:44.061+0100] {dagbag.py:538} INFO - Filling up the DagBag from /home/chrisfleig/.local/lib/python3.10/site-packages/airflow/example_dags/example_task_group_decorator.py
[2023-01-03T22:42:44.087+0100] {processor.py:753} INFO - DAG(s) dict_keys(['example_task_group_decorator']) retrieved from /home/chrisfleig/.local/lib/python3.10/site-packages/airflow/example_dags/example_task_group_decorator.py
[2023-01-03T22:42:44.110+0100] {logging_mixin.py:137} INFO - [2023-01-03T22:42:44.110+0100] {dag.py:2676} INFO - Sync 1 DAGs
[2023-01-03T22:42:44.128+0100] {logging_mixin.py:137} INFO - [2023-01-03T22:42:44.128+0100] {dag.py:3423} INFO - Setting next_dagrun for example_task_group_decorator to 2023-01-02T21:42:44.127845+00:00, run_after=2023-01-03T21:42:44.127845+00:00
[2023-01-03T22:42:44.163+0100] {processor.py:175} INFO - Processing /home/chrisfleig/.local/lib/python3.10/site-packages/airflow/example_dags/example_task_group_decorator.py took 0.107 seconds
[2023-01-03T22:43:24.259+0100] {processor.py:153} INFO - Started process (PID=9260) to work on /home/chrisfleig/.local/lib/python3.10/site-packages/airflow/example_dags/example_task_group_decorator.py
[2023-01-03T22:43:24.260+0100] {processor.py:743} INFO - Processing file /home/chrisfleig/.local/lib/python3.10/site-packages/airflow/example_dags/example_task_group_decorator.py for tasks to queue
[2023-01-03T22:43:24.261+0100] {logging_mixin.py:137} INFO - [2023-01-03T22:43:24.261+0100] {dagbag.py:538} INFO - Filling up the DagBag from /home/chrisfleig/.local/lib/python3.10/site-packages/airflow/example_dags/example_task_group_decorator.py
[2023-01-03T22:43:24.285+0100] {processor.py:753} INFO - DAG(s) dict_keys(['example_task_group_decorator']) retrieved from /home/chrisfleig/.local/lib/python3.10/site-packages/airflow/example_dags/example_task_group_decorator.py
[2023-01-03T22:43:24.306+0100] {logging_mixin.py:137} INFO - [2023-01-03T22:43:24.306+0100] {dag.py:2676} INFO - Sync 1 DAGs
[2023-01-03T22:43:24.322+0100] {logging_mixin.py:137} INFO - [2023-01-03T22:43:24.322+0100] {dag.py:3423} INFO - Setting next_dagrun for example_task_group_decorator to 2023-01-02T21:43:24.322467+00:00, run_after=2023-01-03T21:43:24.322467+00:00
[2023-01-03T22:43:24.362+0100] {processor.py:175} INFO - Processing /home/chrisfleig/.local/lib/python3.10/site-packages/airflow/example_dags/example_task_group_decorator.py took 0.105 seconds
[2023-01-03T22:44:02.840+0100] {processor.py:153} INFO - Started process (PID=9298) to work on /home/chrisfleig/.local/lib/python3.10/site-packages/airflow/example_dags/example_task_group_decorator.py
[2023-01-03T22:44:02.841+0100] {processor.py:743} INFO - Processing file /home/chrisfleig/.local/lib/python3.10/site-packages/airflow/example_dags/example_task_group_decorator.py for tasks to queue
[2023-01-03T22:44:02.842+0100] {logging_mixin.py:137} INFO - [2023-01-03T22:44:02.841+0100] {dagbag.py:538} INFO - Filling up the DagBag from /home/chrisfleig/.local/lib/python3.10/site-packages/airflow/example_dags/example_task_group_decorator.py
[2023-01-03T22:44:02.866+0100] {processor.py:753} INFO - DAG(s) dict_keys(['example_task_group_decorator']) retrieved from /home/chrisfleig/.local/lib/python3.10/site-packages/airflow/example_dags/example_task_group_decorator.py
[2023-01-03T22:44:02.887+0100] {logging_mixin.py:137} INFO - [2023-01-03T22:44:02.887+0100] {dag.py:2676} INFO - Sync 1 DAGs
[2023-01-03T22:44:02.906+0100] {logging_mixin.py:137} INFO - [2023-01-03T22:44:02.906+0100] {dag.py:3423} INFO - Setting next_dagrun for example_task_group_decorator to 2023-01-02T21:44:02.906510+00:00, run_after=2023-01-03T21:44:02.906510+00:00
[2023-01-03T22:44:02.945+0100] {processor.py:175} INFO - Processing /home/chrisfleig/.local/lib/python3.10/site-packages/airflow/example_dags/example_task_group_decorator.py took 0.107 seconds
[2023-01-03T22:44:40.639+0100] {processor.py:153} INFO - Started process (PID=9336) to work on /home/chrisfleig/.local/lib/python3.10/site-packages/airflow/example_dags/example_task_group_decorator.py
[2023-01-03T22:44:40.640+0100] {processor.py:743} INFO - Processing file /home/chrisfleig/.local/lib/python3.10/site-packages/airflow/example_dags/example_task_group_decorator.py for tasks to queue
[2023-01-03T22:44:40.640+0100] {logging_mixin.py:137} INFO - [2023-01-03T22:44:40.640+0100] {dagbag.py:538} INFO - Filling up the DagBag from /home/chrisfleig/.local/lib/python3.10/site-packages/airflow/example_dags/example_task_group_decorator.py
[2023-01-03T22:44:40.665+0100] {processor.py:753} INFO - DAG(s) dict_keys(['example_task_group_decorator']) retrieved from /home/chrisfleig/.local/lib/python3.10/site-packages/airflow/example_dags/example_task_group_decorator.py
[2023-01-03T22:44:40.686+0100] {logging_mixin.py:137} INFO - [2023-01-03T22:44:40.686+0100] {dag.py:2676} INFO - Sync 1 DAGs
[2023-01-03T22:44:40.704+0100] {logging_mixin.py:137} INFO - [2023-01-03T22:44:40.704+0100] {dag.py:3423} INFO - Setting next_dagrun for example_task_group_decorator to 2023-01-02T21:44:40.704018+00:00, run_after=2023-01-03T21:44:40.704018+00:00
[2023-01-03T22:44:40.743+0100] {processor.py:175} INFO - Processing /home/chrisfleig/.local/lib/python3.10/site-packages/airflow/example_dags/example_task_group_decorator.py took 0.107 seconds
[2023-01-03T22:45:20.665+0100] {processor.py:153} INFO - Started process (PID=9374) to work on /home/chrisfleig/.local/lib/python3.10/site-packages/airflow/example_dags/example_task_group_decorator.py
[2023-01-03T22:45:20.666+0100] {processor.py:743} INFO - Processing file /home/chrisfleig/.local/lib/python3.10/site-packages/airflow/example_dags/example_task_group_decorator.py for tasks to queue
[2023-01-03T22:45:20.666+0100] {logging_mixin.py:137} INFO - [2023-01-03T22:45:20.666+0100] {dagbag.py:538} INFO - Filling up the DagBag from /home/chrisfleig/.local/lib/python3.10/site-packages/airflow/example_dags/example_task_group_decorator.py
[2023-01-03T22:45:20.690+0100] {processor.py:753} INFO - DAG(s) dict_keys(['example_task_group_decorator']) retrieved from /home/chrisfleig/.local/lib/python3.10/site-packages/airflow/example_dags/example_task_group_decorator.py
[2023-01-03T22:45:20.713+0100] {logging_mixin.py:137} INFO - [2023-01-03T22:45:20.713+0100] {dag.py:2676} INFO - Sync 1 DAGs
[2023-01-03T22:45:20.729+0100] {logging_mixin.py:137} INFO - [2023-01-03T22:45:20.729+0100] {dag.py:3423} INFO - Setting next_dagrun for example_task_group_decorator to 2023-01-02T21:45:20.729148+00:00, run_after=2023-01-03T21:45:20.729148+00:00
[2023-01-03T22:45:20.769+0100] {processor.py:175} INFO - Processing /home/chrisfleig/.local/lib/python3.10/site-packages/airflow/example_dags/example_task_group_decorator.py took 0.107 seconds
[2023-01-03T22:45:59.027+0100] {processor.py:153} INFO - Started process (PID=9412) to work on /home/chrisfleig/.local/lib/python3.10/site-packages/airflow/example_dags/example_task_group_decorator.py
[2023-01-03T22:45:59.028+0100] {processor.py:743} INFO - Processing file /home/chrisfleig/.local/lib/python3.10/site-packages/airflow/example_dags/example_task_group_decorator.py for tasks to queue
[2023-01-03T22:45:59.029+0100] {logging_mixin.py:137} INFO - [2023-01-03T22:45:59.029+0100] {dagbag.py:538} INFO - Filling up the DagBag from /home/chrisfleig/.local/lib/python3.10/site-packages/airflow/example_dags/example_task_group_decorator.py
[2023-01-03T22:45:59.053+0100] {processor.py:753} INFO - DAG(s) dict_keys(['example_task_group_decorator']) retrieved from /home/chrisfleig/.local/lib/python3.10/site-packages/airflow/example_dags/example_task_group_decorator.py
[2023-01-03T22:45:59.075+0100] {logging_mixin.py:137} INFO - [2023-01-03T22:45:59.075+0100] {dag.py:2676} INFO - Sync 1 DAGs
[2023-01-03T22:45:59.091+0100] {logging_mixin.py:137} INFO - [2023-01-03T22:45:59.091+0100] {dag.py:3423} INFO - Setting next_dagrun for example_task_group_decorator to 2023-01-02T21:45:59.091167+00:00, run_after=2023-01-03T21:45:59.091167+00:00
[2023-01-03T22:45:59.130+0100] {processor.py:175} INFO - Processing /home/chrisfleig/.local/lib/python3.10/site-packages/airflow/example_dags/example_task_group_decorator.py took 0.105 seconds
[2023-01-03T22:46:35.773+0100] {processor.py:153} INFO - Started process (PID=9450) to work on /home/chrisfleig/.local/lib/python3.10/site-packages/airflow/example_dags/example_task_group_decorator.py
[2023-01-03T22:46:35.774+0100] {processor.py:743} INFO - Processing file /home/chrisfleig/.local/lib/python3.10/site-packages/airflow/example_dags/example_task_group_decorator.py for tasks to queue
[2023-01-03T22:46:35.775+0100] {logging_mixin.py:137} INFO - [2023-01-03T22:46:35.775+0100] {dagbag.py:538} INFO - Filling up the DagBag from /home/chrisfleig/.local/lib/python3.10/site-packages/airflow/example_dags/example_task_group_decorator.py
[2023-01-03T22:46:35.799+0100] {processor.py:753} INFO - DAG(s) dict_keys(['example_task_group_decorator']) retrieved from /home/chrisfleig/.local/lib/python3.10/site-packages/airflow/example_dags/example_task_group_decorator.py
[2023-01-03T22:46:35.820+0100] {logging_mixin.py:137} INFO - [2023-01-03T22:46:35.820+0100] {dag.py:2676} INFO - Sync 1 DAGs
[2023-01-03T22:46:35.836+0100] {logging_mixin.py:137} INFO - [2023-01-03T22:46:35.836+0100] {dag.py:3423} INFO - Setting next_dagrun for example_task_group_decorator to 2023-01-02T21:46:35.836666+00:00, run_after=2023-01-03T21:46:35.836666+00:00
[2023-01-03T22:46:35.873+0100] {processor.py:175} INFO - Processing /home/chrisfleig/.local/lib/python3.10/site-packages/airflow/example_dags/example_task_group_decorator.py took 0.102 seconds
[2023-01-03T22:47:13.874+0100] {processor.py:153} INFO - Started process (PID=9488) to work on /home/chrisfleig/.local/lib/python3.10/site-packages/airflow/example_dags/example_task_group_decorator.py
[2023-01-03T22:47:13.875+0100] {processor.py:743} INFO - Processing file /home/chrisfleig/.local/lib/python3.10/site-packages/airflow/example_dags/example_task_group_decorator.py for tasks to queue
[2023-01-03T22:47:13.876+0100] {logging_mixin.py:137} INFO - [2023-01-03T22:47:13.875+0100] {dagbag.py:538} INFO - Filling up the DagBag from /home/chrisfleig/.local/lib/python3.10/site-packages/airflow/example_dags/example_task_group_decorator.py
[2023-01-03T22:47:13.900+0100] {processor.py:753} INFO - DAG(s) dict_keys(['example_task_group_decorator']) retrieved from /home/chrisfleig/.local/lib/python3.10/site-packages/airflow/example_dags/example_task_group_decorator.py
[2023-01-03T22:47:13.921+0100] {logging_mixin.py:137} INFO - [2023-01-03T22:47:13.921+0100] {dag.py:2676} INFO - Sync 1 DAGs
[2023-01-03T22:47:13.937+0100] {logging_mixin.py:137} INFO - [2023-01-03T22:47:13.937+0100] {dag.py:3423} INFO - Setting next_dagrun for example_task_group_decorator to 2023-01-02T21:47:13.937383+00:00, run_after=2023-01-03T21:47:13.937383+00:00
[2023-01-03T22:47:13.973+0100] {processor.py:175} INFO - Processing /home/chrisfleig/.local/lib/python3.10/site-packages/airflow/example_dags/example_task_group_decorator.py took 0.101 seconds
[2023-01-03T22:47:53.596+0100] {processor.py:153} INFO - Started process (PID=9526) to work on /home/chrisfleig/.local/lib/python3.10/site-packages/airflow/example_dags/example_task_group_decorator.py
[2023-01-03T22:47:53.597+0100] {processor.py:743} INFO - Processing file /home/chrisfleig/.local/lib/python3.10/site-packages/airflow/example_dags/example_task_group_decorator.py for tasks to queue
[2023-01-03T22:47:53.598+0100] {logging_mixin.py:137} INFO - [2023-01-03T22:47:53.597+0100] {dagbag.py:538} INFO - Filling up the DagBag from /home/chrisfleig/.local/lib/python3.10/site-packages/airflow/example_dags/example_task_group_decorator.py
[2023-01-03T22:47:53.623+0100] {processor.py:753} INFO - DAG(s) dict_keys(['example_task_group_decorator']) retrieved from /home/chrisfleig/.local/lib/python3.10/site-packages/airflow/example_dags/example_task_group_decorator.py
[2023-01-03T22:47:53.644+0100] {logging_mixin.py:137} INFO - [2023-01-03T22:47:53.644+0100] {dag.py:2676} INFO - Sync 1 DAGs
[2023-01-03T22:47:53.660+0100] {logging_mixin.py:137} INFO - [2023-01-03T22:47:53.660+0100] {dag.py:3423} INFO - Setting next_dagrun for example_task_group_decorator to 2023-01-02T21:47:53.660492+00:00, run_after=2023-01-03T21:47:53.660492+00:00
[2023-01-03T22:47:53.701+0100] {processor.py:175} INFO - Processing /home/chrisfleig/.local/lib/python3.10/site-packages/airflow/example_dags/example_task_group_decorator.py took 0.108 seconds
[2023-01-03T22:48:33.072+0100] {processor.py:153} INFO - Started process (PID=9564) to work on /home/chrisfleig/.local/lib/python3.10/site-packages/airflow/example_dags/example_task_group_decorator.py
[2023-01-03T22:48:33.073+0100] {processor.py:743} INFO - Processing file /home/chrisfleig/.local/lib/python3.10/site-packages/airflow/example_dags/example_task_group_decorator.py for tasks to queue
[2023-01-03T22:48:33.073+0100] {logging_mixin.py:137} INFO - [2023-01-03T22:48:33.073+0100] {dagbag.py:538} INFO - Filling up the DagBag from /home/chrisfleig/.local/lib/python3.10/site-packages/airflow/example_dags/example_task_group_decorator.py
[2023-01-03T22:48:33.099+0100] {processor.py:753} INFO - DAG(s) dict_keys(['example_task_group_decorator']) retrieved from /home/chrisfleig/.local/lib/python3.10/site-packages/airflow/example_dags/example_task_group_decorator.py
[2023-01-03T22:48:33.122+0100] {logging_mixin.py:137} INFO - [2023-01-03T22:48:33.122+0100] {dag.py:2676} INFO - Sync 1 DAGs
[2023-01-03T22:48:33.140+0100] {logging_mixin.py:137} INFO - [2023-01-03T22:48:33.140+0100] {dag.py:3423} INFO - Setting next_dagrun for example_task_group_decorator to 2023-01-02T21:48:33.140283+00:00, run_after=2023-01-03T21:48:33.140283+00:00
[2023-01-03T22:48:33.176+0100] {processor.py:175} INFO - Processing /home/chrisfleig/.local/lib/python3.10/site-packages/airflow/example_dags/example_task_group_decorator.py took 0.107 seconds
[2023-01-03T22:49:14.435+0100] {processor.py:153} INFO - Started process (PID=9602) to work on /home/chrisfleig/.local/lib/python3.10/site-packages/airflow/example_dags/example_task_group_decorator.py
[2023-01-03T22:49:14.436+0100] {processor.py:743} INFO - Processing file /home/chrisfleig/.local/lib/python3.10/site-packages/airflow/example_dags/example_task_group_decorator.py for tasks to queue
[2023-01-03T22:49:14.437+0100] {logging_mixin.py:137} INFO - [2023-01-03T22:49:14.437+0100] {dagbag.py:538} INFO - Filling up the DagBag from /home/chrisfleig/.local/lib/python3.10/site-packages/airflow/example_dags/example_task_group_decorator.py
[2023-01-03T22:49:14.461+0100] {processor.py:753} INFO - DAG(s) dict_keys(['example_task_group_decorator']) retrieved from /home/chrisfleig/.local/lib/python3.10/site-packages/airflow/example_dags/example_task_group_decorator.py
[2023-01-03T22:49:14.482+0100] {logging_mixin.py:137} INFO - [2023-01-03T22:49:14.482+0100] {dag.py:2676} INFO - Sync 1 DAGs
[2023-01-03T22:49:14.499+0100] {logging_mixin.py:137} INFO - [2023-01-03T22:49:14.499+0100] {dag.py:3423} INFO - Setting next_dagrun for example_task_group_decorator to 2023-01-02T21:49:14.499072+00:00, run_after=2023-01-03T21:49:14.499072+00:00
[2023-01-03T22:49:14.536+0100] {processor.py:175} INFO - Processing /home/chrisfleig/.local/lib/python3.10/site-packages/airflow/example_dags/example_task_group_decorator.py took 0.103 seconds
[2023-01-03T22:49:54.476+0100] {processor.py:153} INFO - Started process (PID=9640) to work on /home/chrisfleig/.local/lib/python3.10/site-packages/airflow/example_dags/example_task_group_decorator.py
[2023-01-03T22:49:54.477+0100] {processor.py:743} INFO - Processing file /home/chrisfleig/.local/lib/python3.10/site-packages/airflow/example_dags/example_task_group_decorator.py for tasks to queue
[2023-01-03T22:49:54.477+0100] {logging_mixin.py:137} INFO - [2023-01-03T22:49:54.477+0100] {dagbag.py:538} INFO - Filling up the DagBag from /home/chrisfleig/.local/lib/python3.10/site-packages/airflow/example_dags/example_task_group_decorator.py
[2023-01-03T22:49:54.504+0100] {processor.py:753} INFO - DAG(s) dict_keys(['example_task_group_decorator']) retrieved from /home/chrisfleig/.local/lib/python3.10/site-packages/airflow/example_dags/example_task_group_decorator.py
[2023-01-03T22:49:54.526+0100] {logging_mixin.py:137} INFO - [2023-01-03T22:49:54.526+0100] {dag.py:2676} INFO - Sync 1 DAGs
[2023-01-03T22:49:54.543+0100] {logging_mixin.py:137} INFO - [2023-01-03T22:49:54.543+0100] {dag.py:3423} INFO - Setting next_dagrun for example_task_group_decorator to 2023-01-02T21:49:54.543152+00:00, run_after=2023-01-03T21:49:54.543152+00:00
[2023-01-03T22:49:54.578+0100] {processor.py:175} INFO - Processing /home/chrisfleig/.local/lib/python3.10/site-packages/airflow/example_dags/example_task_group_decorator.py took 0.105 seconds
[2023-01-03T22:50:32.619+0100] {processor.py:153} INFO - Started process (PID=9678) to work on /home/chrisfleig/.local/lib/python3.10/site-packages/airflow/example_dags/example_task_group_decorator.py
[2023-01-03T22:50:32.620+0100] {processor.py:743} INFO - Processing file /home/chrisfleig/.local/lib/python3.10/site-packages/airflow/example_dags/example_task_group_decorator.py for tasks to queue
[2023-01-03T22:50:32.621+0100] {logging_mixin.py:137} INFO - [2023-01-03T22:50:32.621+0100] {dagbag.py:538} INFO - Filling up the DagBag from /home/chrisfleig/.local/lib/python3.10/site-packages/airflow/example_dags/example_task_group_decorator.py
[2023-01-03T22:50:32.645+0100] {processor.py:753} INFO - DAG(s) dict_keys(['example_task_group_decorator']) retrieved from /home/chrisfleig/.local/lib/python3.10/site-packages/airflow/example_dags/example_task_group_decorator.py
[2023-01-03T22:50:32.667+0100] {logging_mixin.py:137} INFO - [2023-01-03T22:50:32.667+0100] {dag.py:2676} INFO - Sync 1 DAGs
[2023-01-03T22:50:32.683+0100] {logging_mixin.py:137} INFO - [2023-01-03T22:50:32.683+0100] {dag.py:3423} INFO - Setting next_dagrun for example_task_group_decorator to 2023-01-02T21:50:32.683608+00:00, run_after=2023-01-03T21:50:32.683608+00:00
[2023-01-03T22:50:32.718+0100] {processor.py:175} INFO - Processing /home/chrisfleig/.local/lib/python3.10/site-packages/airflow/example_dags/example_task_group_decorator.py took 0.102 seconds
[2023-01-03T22:51:12.917+0100] {processor.py:153} INFO - Started process (PID=9716) to work on /home/chrisfleig/.local/lib/python3.10/site-packages/airflow/example_dags/example_task_group_decorator.py
[2023-01-03T22:51:12.918+0100] {processor.py:743} INFO - Processing file /home/chrisfleig/.local/lib/python3.10/site-packages/airflow/example_dags/example_task_group_decorator.py for tasks to queue
[2023-01-03T22:51:12.919+0100] {logging_mixin.py:137} INFO - [2023-01-03T22:51:12.919+0100] {dagbag.py:538} INFO - Filling up the DagBag from /home/chrisfleig/.local/lib/python3.10/site-packages/airflow/example_dags/example_task_group_decorator.py
[2023-01-03T22:51:12.943+0100] {processor.py:753} INFO - DAG(s) dict_keys(['example_task_group_decorator']) retrieved from /home/chrisfleig/.local/lib/python3.10/site-packages/airflow/example_dags/example_task_group_decorator.py
[2023-01-03T22:51:12.971+0100] {logging_mixin.py:137} INFO - [2023-01-03T22:51:12.971+0100] {dag.py:2676} INFO - Sync 1 DAGs
[2023-01-03T22:51:12.988+0100] {logging_mixin.py:137} INFO - [2023-01-03T22:51:12.988+0100] {dag.py:3423} INFO - Setting next_dagrun for example_task_group_decorator to 2023-01-02T21:51:12.988110+00:00, run_after=2023-01-03T21:51:12.988110+00:00
[2023-01-03T22:51:13.024+0100] {processor.py:175} INFO - Processing /home/chrisfleig/.local/lib/python3.10/site-packages/airflow/example_dags/example_task_group_decorator.py took 0.109 seconds
[2023-01-03T22:51:50.658+0100] {processor.py:153} INFO - Started process (PID=9754) to work on /home/chrisfleig/.local/lib/python3.10/site-packages/airflow/example_dags/example_task_group_decorator.py
[2023-01-03T22:51:50.659+0100] {processor.py:743} INFO - Processing file /home/chrisfleig/.local/lib/python3.10/site-packages/airflow/example_dags/example_task_group_decorator.py for tasks to queue
[2023-01-03T22:51:50.659+0100] {logging_mixin.py:137} INFO - [2023-01-03T22:51:50.659+0100] {dagbag.py:538} INFO - Filling up the DagBag from /home/chrisfleig/.local/lib/python3.10/site-packages/airflow/example_dags/example_task_group_decorator.py
[2023-01-03T22:51:50.687+0100] {processor.py:753} INFO - DAG(s) dict_keys(['example_task_group_decorator']) retrieved from /home/chrisfleig/.local/lib/python3.10/site-packages/airflow/example_dags/example_task_group_decorator.py
[2023-01-03T22:51:50.712+0100] {logging_mixin.py:137} INFO - [2023-01-03T22:51:50.712+0100] {dag.py:2676} INFO - Sync 1 DAGs
[2023-01-03T22:51:50.730+0100] {logging_mixin.py:137} INFO - [2023-01-03T22:51:50.729+0100] {dag.py:3423} INFO - Setting next_dagrun for example_task_group_decorator to 2023-01-02T21:51:50.729795+00:00, run_after=2023-01-03T21:51:50.729795+00:00
[2023-01-03T22:51:50.764+0100] {processor.py:175} INFO - Processing /home/chrisfleig/.local/lib/python3.10/site-packages/airflow/example_dags/example_task_group_decorator.py took 0.109 seconds
[2023-01-03T22:52:33.135+0100] {processor.py:153} INFO - Started process (PID=9792) to work on /home/chrisfleig/.local/lib/python3.10/site-packages/airflow/example_dags/example_task_group_decorator.py
[2023-01-03T22:52:33.137+0100] {processor.py:743} INFO - Processing file /home/chrisfleig/.local/lib/python3.10/site-packages/airflow/example_dags/example_task_group_decorator.py for tasks to queue
[2023-01-03T22:52:33.138+0100] {logging_mixin.py:137} INFO - [2023-01-03T22:52:33.137+0100] {dagbag.py:538} INFO - Filling up the DagBag from /home/chrisfleig/.local/lib/python3.10/site-packages/airflow/example_dags/example_task_group_decorator.py
[2023-01-03T22:52:33.163+0100] {processor.py:753} INFO - DAG(s) dict_keys(['example_task_group_decorator']) retrieved from /home/chrisfleig/.local/lib/python3.10/site-packages/airflow/example_dags/example_task_group_decorator.py
[2023-01-03T22:52:33.186+0100] {logging_mixin.py:137} INFO - [2023-01-03T22:52:33.185+0100] {dag.py:2676} INFO - Sync 1 DAGs
[2023-01-03T22:52:33.202+0100] {logging_mixin.py:137} INFO - [2023-01-03T22:52:33.202+0100] {dag.py:3423} INFO - Setting next_dagrun for example_task_group_decorator to 2023-01-02T21:52:33.202369+00:00, run_after=2023-01-03T21:52:33.202369+00:00
[2023-01-03T22:52:33.242+0100] {processor.py:175} INFO - Processing /home/chrisfleig/.local/lib/python3.10/site-packages/airflow/example_dags/example_task_group_decorator.py took 0.110 seconds
[2023-01-03T22:53:11.889+0100] {processor.py:153} INFO - Started process (PID=9830) to work on /home/chrisfleig/.local/lib/python3.10/site-packages/airflow/example_dags/example_task_group_decorator.py
[2023-01-03T22:53:11.890+0100] {processor.py:743} INFO - Processing file /home/chrisfleig/.local/lib/python3.10/site-packages/airflow/example_dags/example_task_group_decorator.py for tasks to queue
[2023-01-03T22:53:11.891+0100] {logging_mixin.py:137} INFO - [2023-01-03T22:53:11.891+0100] {dagbag.py:538} INFO - Filling up the DagBag from /home/chrisfleig/.local/lib/python3.10/site-packages/airflow/example_dags/example_task_group_decorator.py
[2023-01-03T22:53:11.918+0100] {processor.py:753} INFO - DAG(s) dict_keys(['example_task_group_decorator']) retrieved from /home/chrisfleig/.local/lib/python3.10/site-packages/airflow/example_dags/example_task_group_decorator.py
[2023-01-03T22:53:11.943+0100] {logging_mixin.py:137} INFO - [2023-01-03T22:53:11.943+0100] {dag.py:2676} INFO - Sync 1 DAGs
[2023-01-03T22:53:11.961+0100] {logging_mixin.py:137} INFO - [2023-01-03T22:53:11.961+0100] {dag.py:3423} INFO - Setting next_dagrun for example_task_group_decorator to 2023-01-02T21:53:11.961630+00:00, run_after=2023-01-03T21:53:11.961630+00:00
[2023-01-03T22:53:12.000+0100] {processor.py:175} INFO - Processing /home/chrisfleig/.local/lib/python3.10/site-packages/airflow/example_dags/example_task_group_decorator.py took 0.114 seconds
[2023-01-03T22:53:50.348+0100] {processor.py:153} INFO - Started process (PID=9870) to work on /home/chrisfleig/.local/lib/python3.10/site-packages/airflow/example_dags/example_task_group_decorator.py
[2023-01-03T22:53:50.349+0100] {processor.py:743} INFO - Processing file /home/chrisfleig/.local/lib/python3.10/site-packages/airflow/example_dags/example_task_group_decorator.py for tasks to queue
[2023-01-03T22:53:50.350+0100] {logging_mixin.py:137} INFO - [2023-01-03T22:53:50.350+0100] {dagbag.py:538} INFO - Filling up the DagBag from /home/chrisfleig/.local/lib/python3.10/site-packages/airflow/example_dags/example_task_group_decorator.py
[2023-01-03T22:53:50.380+0100] {processor.py:753} INFO - DAG(s) dict_keys(['example_task_group_decorator']) retrieved from /home/chrisfleig/.local/lib/python3.10/site-packages/airflow/example_dags/example_task_group_decorator.py
[2023-01-03T22:53:50.407+0100] {logging_mixin.py:137} INFO - [2023-01-03T22:53:50.407+0100] {dag.py:2676} INFO - Sync 1 DAGs
[2023-01-03T22:53:50.428+0100] {logging_mixin.py:137} INFO - [2023-01-03T22:53:50.428+0100] {dag.py:3423} INFO - Setting next_dagrun for example_task_group_decorator to 2023-01-02T21:53:50.428291+00:00, run_after=2023-01-03T21:53:50.428291+00:00
[2023-01-03T22:53:50.472+0100] {processor.py:175} INFO - Processing /home/chrisfleig/.local/lib/python3.10/site-packages/airflow/example_dags/example_task_group_decorator.py took 0.127 seconds
[2023-01-03T22:54:33.576+0100] {processor.py:153} INFO - Started process (PID=9912) to work on /home/chrisfleig/.local/lib/python3.10/site-packages/airflow/example_dags/example_task_group_decorator.py
[2023-01-03T22:54:33.577+0100] {processor.py:743} INFO - Processing file /home/chrisfleig/.local/lib/python3.10/site-packages/airflow/example_dags/example_task_group_decorator.py for tasks to queue
[2023-01-03T22:54:33.578+0100] {logging_mixin.py:137} INFO - [2023-01-03T22:54:33.578+0100] {dagbag.py:538} INFO - Filling up the DagBag from /home/chrisfleig/.local/lib/python3.10/site-packages/airflow/example_dags/example_task_group_decorator.py
[2023-01-03T22:54:33.632+0100] {processor.py:753} INFO - DAG(s) dict_keys(['example_task_group_decorator']) retrieved from /home/chrisfleig/.local/lib/python3.10/site-packages/airflow/example_dags/example_task_group_decorator.py
[2023-01-03T22:54:33.678+0100] {logging_mixin.py:137} INFO - [2023-01-03T22:54:33.678+0100] {dag.py:2676} INFO - Sync 1 DAGs
[2023-01-03T22:54:33.710+0100] {logging_mixin.py:137} INFO - [2023-01-03T22:54:33.710+0100] {dag.py:3423} INFO - Setting next_dagrun for example_task_group_decorator to 2023-01-02T21:54:33.709920+00:00, run_after=2023-01-03T21:54:33.709920+00:00
[2023-01-03T22:54:33.783+0100] {processor.py:175} INFO - Processing /home/chrisfleig/.local/lib/python3.10/site-packages/airflow/example_dags/example_task_group_decorator.py took 0.210 seconds
[2023-01-03T22:55:16.799+0100] {processor.py:153} INFO - Started process (PID=9951) to work on /home/chrisfleig/.local/lib/python3.10/site-packages/airflow/example_dags/example_task_group_decorator.py
[2023-01-03T22:55:16.800+0100] {processor.py:743} INFO - Processing file /home/chrisfleig/.local/lib/python3.10/site-packages/airflow/example_dags/example_task_group_decorator.py for tasks to queue
[2023-01-03T22:55:16.801+0100] {logging_mixin.py:137} INFO - [2023-01-03T22:55:16.801+0100] {dagbag.py:538} INFO - Filling up the DagBag from /home/chrisfleig/.local/lib/python3.10/site-packages/airflow/example_dags/example_task_group_decorator.py
[2023-01-03T22:55:16.864+0100] {processor.py:753} INFO - DAG(s) dict_keys(['example_task_group_decorator']) retrieved from /home/chrisfleig/.local/lib/python3.10/site-packages/airflow/example_dags/example_task_group_decorator.py
[2023-01-03T22:55:16.915+0100] {logging_mixin.py:137} INFO - [2023-01-03T22:55:16.915+0100] {dag.py:2676} INFO - Sync 1 DAGs
[2023-01-03T22:55:16.949+0100] {logging_mixin.py:137} INFO - [2023-01-03T22:55:16.948+0100] {dag.py:3423} INFO - Setting next_dagrun for example_task_group_decorator to 2023-01-02T21:55:16.948460+00:00, run_after=2023-01-03T21:55:16.948460+00:00
[2023-01-03T22:55:17.011+0100] {processor.py:175} INFO - Processing /home/chrisfleig/.local/lib/python3.10/site-packages/airflow/example_dags/example_task_group_decorator.py took 0.217 seconds
[2023-01-03T22:55:58.511+0100] {processor.py:153} INFO - Started process (PID=9994) to work on /home/chrisfleig/.local/lib/python3.10/site-packages/airflow/example_dags/example_task_group_decorator.py
[2023-01-03T22:55:58.512+0100] {processor.py:743} INFO - Processing file /home/chrisfleig/.local/lib/python3.10/site-packages/airflow/example_dags/example_task_group_decorator.py for tasks to queue
[2023-01-03T22:55:58.513+0100] {logging_mixin.py:137} INFO - [2023-01-03T22:55:58.513+0100] {dagbag.py:538} INFO - Filling up the DagBag from /home/chrisfleig/.local/lib/python3.10/site-packages/airflow/example_dags/example_task_group_decorator.py
[2023-01-03T22:55:58.568+0100] {processor.py:753} INFO - DAG(s) dict_keys(['example_task_group_decorator']) retrieved from /home/chrisfleig/.local/lib/python3.10/site-packages/airflow/example_dags/example_task_group_decorator.py
[2023-01-03T22:55:58.627+0100] {logging_mixin.py:137} INFO - [2023-01-03T22:55:58.627+0100] {dag.py:2676} INFO - Sync 1 DAGs
[2023-01-03T22:55:58.674+0100] {logging_mixin.py:137} INFO - [2023-01-03T22:55:58.673+0100] {dag.py:3423} INFO - Setting next_dagrun for example_task_group_decorator to 2023-01-02T21:55:58.673027+00:00, run_after=2023-01-03T21:55:58.673027+00:00
[2023-01-03T22:55:58.763+0100] {processor.py:175} INFO - Processing /home/chrisfleig/.local/lib/python3.10/site-packages/airflow/example_dags/example_task_group_decorator.py took 0.255 seconds
[2023-01-03T22:56:41.399+0100] {processor.py:153} INFO - Started process (PID=10033) to work on /home/chrisfleig/.local/lib/python3.10/site-packages/airflow/example_dags/example_task_group_decorator.py
[2023-01-03T22:56:41.402+0100] {processor.py:743} INFO - Processing file /home/chrisfleig/.local/lib/python3.10/site-packages/airflow/example_dags/example_task_group_decorator.py for tasks to queue
[2023-01-03T22:56:41.405+0100] {logging_mixin.py:137} INFO - [2023-01-03T22:56:41.404+0100] {dagbag.py:538} INFO - Filling up the DagBag from /home/chrisfleig/.local/lib/python3.10/site-packages/airflow/example_dags/example_task_group_decorator.py
[2023-01-03T22:56:41.474+0100] {processor.py:753} INFO - DAG(s) dict_keys(['example_task_group_decorator']) retrieved from /home/chrisfleig/.local/lib/python3.10/site-packages/airflow/example_dags/example_task_group_decorator.py
[2023-01-03T22:56:41.504+0100] {logging_mixin.py:137} INFO - [2023-01-03T22:56:41.503+0100] {dag.py:2676} INFO - Sync 1 DAGs
[2023-01-03T22:56:41.527+0100] {logging_mixin.py:137} INFO - [2023-01-03T22:56:41.526+0100] {dag.py:3423} INFO - Setting next_dagrun for example_task_group_decorator to 2023-01-02T21:56:41.526640+00:00, run_after=2023-01-03T21:56:41.526640+00:00
[2023-01-03T22:56:41.600+0100] {processor.py:175} INFO - Processing /home/chrisfleig/.local/lib/python3.10/site-packages/airflow/example_dags/example_task_group_decorator.py took 0.207 seconds
