[2023-01-03T22:11:11.749+0100] {processor.py:153} INFO - Started process (PID=8206) to work on /home/chrisfleig/.local/lib/python3.10/site-packages/airflow/example_dags/example_sensors.py
[2023-01-03T22:11:11.751+0100] {processor.py:743} INFO - Processing file /home/chrisfleig/.local/lib/python3.10/site-packages/airflow/example_dags/example_sensors.py for tasks to queue
[2023-01-03T22:11:11.752+0100] {logging_mixin.py:137} INFO - [2023-01-03T22:11:11.751+0100] {dagbag.py:538} INFO - Filling up the DagBag from /home/chrisfleig/.local/lib/python3.10/site-packages/airflow/example_dags/example_sensors.py
[2023-01-03T22:11:11.776+0100] {processor.py:753} INFO - DAG(s) dict_keys(['example_sensors']) retrieved from /home/chrisfleig/.local/lib/python3.10/site-packages/airflow/example_dags/example_sensors.py
[2023-01-03T22:11:11.942+0100] {logging_mixin.py:137} INFO - [2023-01-03T22:11:11.942+0100] {manager.py:504} INFO - Created Permission View: can edit on DAG:example_sensors
[2023-01-03T22:11:11.967+0100] {logging_mixin.py:137} INFO - [2023-01-03T22:11:11.966+0100] {manager.py:504} INFO - Created Permission View: can delete on DAG:example_sensors
[2023-01-03T22:11:11.995+0100] {logging_mixin.py:137} INFO - [2023-01-03T22:11:11.995+0100] {manager.py:504} INFO - Created Permission View: can read on DAG:example_sensors
[2023-01-03T22:11:11.995+0100] {logging_mixin.py:137} INFO - [2023-01-03T22:11:11.995+0100] {dag.py:2676} INFO - Sync 1 DAGs
[2023-01-03T22:11:12.011+0100] {logging_mixin.py:137} INFO - [2023-01-03T22:11:12.010+0100] {dag.py:2697} INFO - Creating ORM DAG for example_sensors
[2023-01-03T22:11:12.027+0100] {logging_mixin.py:137} INFO - [2023-01-03T22:11:12.027+0100] {dag.py:3423} INFO - Setting next_dagrun for example_sensors to None, run_after=None
[2023-01-03T22:11:12.080+0100] {processor.py:175} INFO - Processing /home/chrisfleig/.local/lib/python3.10/site-packages/airflow/example_dags/example_sensors.py took 0.334 seconds
[2023-01-03T22:11:52.627+0100] {processor.py:153} INFO - Started process (PID=8244) to work on /home/chrisfleig/.local/lib/python3.10/site-packages/airflow/example_dags/example_sensors.py
[2023-01-03T22:11:52.630+0100] {processor.py:743} INFO - Processing file /home/chrisfleig/.local/lib/python3.10/site-packages/airflow/example_dags/example_sensors.py for tasks to queue
[2023-01-03T22:11:52.632+0100] {logging_mixin.py:137} INFO - [2023-01-03T22:11:52.631+0100] {dagbag.py:538} INFO - Filling up the DagBag from /home/chrisfleig/.local/lib/python3.10/site-packages/airflow/example_dags/example_sensors.py
[2023-01-03T22:11:52.662+0100] {processor.py:753} INFO - DAG(s) dict_keys(['example_sensors']) retrieved from /home/chrisfleig/.local/lib/python3.10/site-packages/airflow/example_dags/example_sensors.py
[2023-01-03T22:11:52.698+0100] {logging_mixin.py:137} INFO - [2023-01-03T22:11:52.698+0100] {dag.py:2676} INFO - Sync 1 DAGs
[2023-01-03T22:11:52.720+0100] {logging_mixin.py:137} INFO - [2023-01-03T22:11:52.720+0100] {dag.py:3423} INFO - Setting next_dagrun for example_sensors to None, run_after=None
[2023-01-03T22:11:52.780+0100] {processor.py:175} INFO - Processing /home/chrisfleig/.local/lib/python3.10/site-packages/airflow/example_dags/example_sensors.py took 0.156 seconds
[2023-01-03T22:12:31.720+0100] {processor.py:153} INFO - Started process (PID=8282) to work on /home/chrisfleig/.local/lib/python3.10/site-packages/airflow/example_dags/example_sensors.py
[2023-01-03T22:12:31.721+0100] {processor.py:743} INFO - Processing file /home/chrisfleig/.local/lib/python3.10/site-packages/airflow/example_dags/example_sensors.py for tasks to queue
[2023-01-03T22:12:31.721+0100] {logging_mixin.py:137} INFO - [2023-01-03T22:12:31.721+0100] {dagbag.py:538} INFO - Filling up the DagBag from /home/chrisfleig/.local/lib/python3.10/site-packages/airflow/example_dags/example_sensors.py
[2023-01-03T22:12:31.740+0100] {processor.py:753} INFO - DAG(s) dict_keys(['example_sensors']) retrieved from /home/chrisfleig/.local/lib/python3.10/site-packages/airflow/example_dags/example_sensors.py
[2023-01-03T22:12:31.764+0100] {logging_mixin.py:137} INFO - [2023-01-03T22:12:31.764+0100] {dag.py:2676} INFO - Sync 1 DAGs
[2023-01-03T22:12:31.781+0100] {logging_mixin.py:137} INFO - [2023-01-03T22:12:31.781+0100] {dag.py:3423} INFO - Setting next_dagrun for example_sensors to None, run_after=None
[2023-01-03T22:12:31.817+0100] {processor.py:175} INFO - Processing /home/chrisfleig/.local/lib/python3.10/site-packages/airflow/example_dags/example_sensors.py took 0.100 seconds
[2023-01-03T22:13:09.905+0100] {processor.py:153} INFO - Started process (PID=8320) to work on /home/chrisfleig/.local/lib/python3.10/site-packages/airflow/example_dags/example_sensors.py
[2023-01-03T22:13:09.906+0100] {processor.py:743} INFO - Processing file /home/chrisfleig/.local/lib/python3.10/site-packages/airflow/example_dags/example_sensors.py for tasks to queue
[2023-01-03T22:13:09.906+0100] {logging_mixin.py:137} INFO - [2023-01-03T22:13:09.906+0100] {dagbag.py:538} INFO - Filling up the DagBag from /home/chrisfleig/.local/lib/python3.10/site-packages/airflow/example_dags/example_sensors.py
[2023-01-03T22:13:09.924+0100] {processor.py:753} INFO - DAG(s) dict_keys(['example_sensors']) retrieved from /home/chrisfleig/.local/lib/python3.10/site-packages/airflow/example_dags/example_sensors.py
[2023-01-03T22:13:09.946+0100] {logging_mixin.py:137} INFO - [2023-01-03T22:13:09.945+0100] {dag.py:2676} INFO - Sync 1 DAGs
[2023-01-03T22:13:09.961+0100] {logging_mixin.py:137} INFO - [2023-01-03T22:13:09.961+0100] {dag.py:3423} INFO - Setting next_dagrun for example_sensors to None, run_after=None
[2023-01-03T22:13:09.999+0100] {processor.py:175} INFO - Processing /home/chrisfleig/.local/lib/python3.10/site-packages/airflow/example_dags/example_sensors.py took 0.097 seconds
[2023-01-03T22:13:49.021+0100] {processor.py:153} INFO - Started process (PID=8358) to work on /home/chrisfleig/.local/lib/python3.10/site-packages/airflow/example_dags/example_sensors.py
[2023-01-03T22:13:49.022+0100] {processor.py:743} INFO - Processing file /home/chrisfleig/.local/lib/python3.10/site-packages/airflow/example_dags/example_sensors.py for tasks to queue
[2023-01-03T22:13:49.022+0100] {logging_mixin.py:137} INFO - [2023-01-03T22:13:49.022+0100] {dagbag.py:538} INFO - Filling up the DagBag from /home/chrisfleig/.local/lib/python3.10/site-packages/airflow/example_dags/example_sensors.py
[2023-01-03T22:13:49.039+0100] {processor.py:753} INFO - DAG(s) dict_keys(['example_sensors']) retrieved from /home/chrisfleig/.local/lib/python3.10/site-packages/airflow/example_dags/example_sensors.py
[2023-01-03T22:13:49.064+0100] {logging_mixin.py:137} INFO - [2023-01-03T22:13:49.064+0100] {dag.py:2676} INFO - Sync 1 DAGs
[2023-01-03T22:13:49.083+0100] {logging_mixin.py:137} INFO - [2023-01-03T22:13:49.083+0100] {dag.py:3423} INFO - Setting next_dagrun for example_sensors to None, run_after=None
[2023-01-03T22:13:49.121+0100] {processor.py:175} INFO - Processing /home/chrisfleig/.local/lib/python3.10/site-packages/airflow/example_dags/example_sensors.py took 0.102 seconds
[2023-01-03T22:14:28.631+0100] {processor.py:153} INFO - Started process (PID=8396) to work on /home/chrisfleig/.local/lib/python3.10/site-packages/airflow/example_dags/example_sensors.py
[2023-01-03T22:14:28.632+0100] {processor.py:743} INFO - Processing file /home/chrisfleig/.local/lib/python3.10/site-packages/airflow/example_dags/example_sensors.py for tasks to queue
[2023-01-03T22:14:28.632+0100] {logging_mixin.py:137} INFO - [2023-01-03T22:14:28.632+0100] {dagbag.py:538} INFO - Filling up the DagBag from /home/chrisfleig/.local/lib/python3.10/site-packages/airflow/example_dags/example_sensors.py
[2023-01-03T22:14:28.650+0100] {processor.py:753} INFO - DAG(s) dict_keys(['example_sensors']) retrieved from /home/chrisfleig/.local/lib/python3.10/site-packages/airflow/example_dags/example_sensors.py
[2023-01-03T22:14:28.674+0100] {logging_mixin.py:137} INFO - [2023-01-03T22:14:28.674+0100] {dag.py:2676} INFO - Sync 1 DAGs
[2023-01-03T22:14:28.693+0100] {logging_mixin.py:137} INFO - [2023-01-03T22:14:28.693+0100] {dag.py:3423} INFO - Setting next_dagrun for example_sensors to None, run_after=None
[2023-01-03T22:14:28.726+0100] {processor.py:175} INFO - Processing /home/chrisfleig/.local/lib/python3.10/site-packages/airflow/example_dags/example_sensors.py took 0.098 seconds
[2023-01-03T22:15:07.096+0100] {processor.py:153} INFO - Started process (PID=8434) to work on /home/chrisfleig/.local/lib/python3.10/site-packages/airflow/example_dags/example_sensors.py
[2023-01-03T22:15:07.097+0100] {processor.py:743} INFO - Processing file /home/chrisfleig/.local/lib/python3.10/site-packages/airflow/example_dags/example_sensors.py for tasks to queue
[2023-01-03T22:15:07.097+0100] {logging_mixin.py:137} INFO - [2023-01-03T22:15:07.097+0100] {dagbag.py:538} INFO - Filling up the DagBag from /home/chrisfleig/.local/lib/python3.10/site-packages/airflow/example_dags/example_sensors.py
[2023-01-03T22:15:07.114+0100] {processor.py:753} INFO - DAG(s) dict_keys(['example_sensors']) retrieved from /home/chrisfleig/.local/lib/python3.10/site-packages/airflow/example_dags/example_sensors.py
[2023-01-03T22:15:07.138+0100] {logging_mixin.py:137} INFO - [2023-01-03T22:15:07.138+0100] {dag.py:2676} INFO - Sync 1 DAGs
[2023-01-03T22:15:07.155+0100] {logging_mixin.py:137} INFO - [2023-01-03T22:15:07.154+0100] {dag.py:3423} INFO - Setting next_dagrun for example_sensors to None, run_after=None
[2023-01-03T22:15:07.193+0100] {processor.py:175} INFO - Processing /home/chrisfleig/.local/lib/python3.10/site-packages/airflow/example_dags/example_sensors.py took 0.100 seconds
[2023-01-03T22:15:45.275+0100] {processor.py:153} INFO - Started process (PID=8473) to work on /home/chrisfleig/.local/lib/python3.10/site-packages/airflow/example_dags/example_sensors.py
[2023-01-03T22:15:45.276+0100] {processor.py:743} INFO - Processing file /home/chrisfleig/.local/lib/python3.10/site-packages/airflow/example_dags/example_sensors.py for tasks to queue
[2023-01-03T22:15:45.277+0100] {logging_mixin.py:137} INFO - [2023-01-03T22:15:45.277+0100] {dagbag.py:538} INFO - Filling up the DagBag from /home/chrisfleig/.local/lib/python3.10/site-packages/airflow/example_dags/example_sensors.py
[2023-01-03T22:15:45.294+0100] {processor.py:753} INFO - DAG(s) dict_keys(['example_sensors']) retrieved from /home/chrisfleig/.local/lib/python3.10/site-packages/airflow/example_dags/example_sensors.py
[2023-01-03T22:15:45.316+0100] {logging_mixin.py:137} INFO - [2023-01-03T22:15:45.316+0100] {dag.py:2676} INFO - Sync 1 DAGs
[2023-01-03T22:15:45.332+0100] {logging_mixin.py:137} INFO - [2023-01-03T22:15:45.332+0100] {dag.py:3423} INFO - Setting next_dagrun for example_sensors to None, run_after=None
[2023-01-03T22:15:45.369+0100] {processor.py:175} INFO - Processing /home/chrisfleig/.local/lib/python3.10/site-packages/airflow/example_dags/example_sensors.py took 0.096 seconds
[2023-01-03T22:31:41.412+0100] {processor.py:153} INFO - Started process (PID=8569) to work on /home/chrisfleig/.local/lib/python3.10/site-packages/airflow/example_dags/example_sensors.py
[2023-01-03T22:31:41.413+0100] {processor.py:743} INFO - Processing file /home/chrisfleig/.local/lib/python3.10/site-packages/airflow/example_dags/example_sensors.py for tasks to queue
[2023-01-03T22:31:41.415+0100] {logging_mixin.py:137} INFO - [2023-01-03T22:31:41.415+0100] {dagbag.py:538} INFO - Filling up the DagBag from /home/chrisfleig/.local/lib/python3.10/site-packages/airflow/example_dags/example_sensors.py
[2023-01-03T22:31:41.431+0100] {processor.py:753} INFO - DAG(s) dict_keys(['example_sensors']) retrieved from /home/chrisfleig/.local/lib/python3.10/site-packages/airflow/example_dags/example_sensors.py
[2023-01-03T22:31:41.457+0100] {logging_mixin.py:137} INFO - [2023-01-03T22:31:41.456+0100] {dag.py:2676} INFO - Sync 1 DAGs
[2023-01-03T22:31:41.475+0100] {logging_mixin.py:137} INFO - [2023-01-03T22:31:41.475+0100] {dag.py:3423} INFO - Setting next_dagrun for example_sensors to None, run_after=None
[2023-01-03T22:31:41.509+0100] {processor.py:175} INFO - Processing /home/chrisfleig/.local/lib/python3.10/site-packages/airflow/example_dags/example_sensors.py took 0.099 seconds
[2023-01-03T22:32:20.665+0100] {processor.py:153} INFO - Started process (PID=8607) to work on /home/chrisfleig/.local/lib/python3.10/site-packages/airflow/example_dags/example_sensors.py
[2023-01-03T22:32:20.666+0100] {processor.py:743} INFO - Processing file /home/chrisfleig/.local/lib/python3.10/site-packages/airflow/example_dags/example_sensors.py for tasks to queue
[2023-01-03T22:32:20.666+0100] {logging_mixin.py:137} INFO - [2023-01-03T22:32:20.666+0100] {dagbag.py:538} INFO - Filling up the DagBag from /home/chrisfleig/.local/lib/python3.10/site-packages/airflow/example_dags/example_sensors.py
[2023-01-03T22:32:20.683+0100] {processor.py:753} INFO - DAG(s) dict_keys(['example_sensors']) retrieved from /home/chrisfleig/.local/lib/python3.10/site-packages/airflow/example_dags/example_sensors.py
[2023-01-03T22:32:20.705+0100] {logging_mixin.py:137} INFO - [2023-01-03T22:32:20.705+0100] {dag.py:2676} INFO - Sync 1 DAGs
[2023-01-03T22:32:20.721+0100] {logging_mixin.py:137} INFO - [2023-01-03T22:32:20.721+0100] {dag.py:3423} INFO - Setting next_dagrun for example_sensors to None, run_after=None
[2023-01-03T22:32:20.764+0100] {processor.py:175} INFO - Processing /home/chrisfleig/.local/lib/python3.10/site-packages/airflow/example_dags/example_sensors.py took 0.102 seconds
[2023-01-03T22:32:59.881+0100] {processor.py:153} INFO - Started process (PID=8645) to work on /home/chrisfleig/.local/lib/python3.10/site-packages/airflow/example_dags/example_sensors.py
[2023-01-03T22:32:59.882+0100] {processor.py:743} INFO - Processing file /home/chrisfleig/.local/lib/python3.10/site-packages/airflow/example_dags/example_sensors.py for tasks to queue
[2023-01-03T22:32:59.883+0100] {logging_mixin.py:137} INFO - [2023-01-03T22:32:59.882+0100] {dagbag.py:538} INFO - Filling up the DagBag from /home/chrisfleig/.local/lib/python3.10/site-packages/airflow/example_dags/example_sensors.py
[2023-01-03T22:32:59.900+0100] {processor.py:753} INFO - DAG(s) dict_keys(['example_sensors']) retrieved from /home/chrisfleig/.local/lib/python3.10/site-packages/airflow/example_dags/example_sensors.py
[2023-01-03T22:32:59.932+0100] {logging_mixin.py:137} INFO - [2023-01-03T22:32:59.932+0100] {dag.py:2676} INFO - Sync 1 DAGs
[2023-01-03T22:32:59.950+0100] {logging_mixin.py:137} INFO - [2023-01-03T22:32:59.950+0100] {dag.py:3423} INFO - Setting next_dagrun for example_sensors to None, run_after=None
[2023-01-03T22:32:59.984+0100] {processor.py:175} INFO - Processing /home/chrisfleig/.local/lib/python3.10/site-packages/airflow/example_dags/example_sensors.py took 0.106 seconds
[2023-01-03T22:33:38.156+0100] {processor.py:153} INFO - Started process (PID=8683) to work on /home/chrisfleig/.local/lib/python3.10/site-packages/airflow/example_dags/example_sensors.py
[2023-01-03T22:33:38.157+0100] {processor.py:743} INFO - Processing file /home/chrisfleig/.local/lib/python3.10/site-packages/airflow/example_dags/example_sensors.py for tasks to queue
[2023-01-03T22:33:38.158+0100] {logging_mixin.py:137} INFO - [2023-01-03T22:33:38.158+0100] {dagbag.py:538} INFO - Filling up the DagBag from /home/chrisfleig/.local/lib/python3.10/site-packages/airflow/example_dags/example_sensors.py
[2023-01-03T22:33:38.175+0100] {processor.py:753} INFO - DAG(s) dict_keys(['example_sensors']) retrieved from /home/chrisfleig/.local/lib/python3.10/site-packages/airflow/example_dags/example_sensors.py
[2023-01-03T22:33:38.198+0100] {logging_mixin.py:137} INFO - [2023-01-03T22:33:38.197+0100] {dag.py:2676} INFO - Sync 1 DAGs
[2023-01-03T22:33:38.214+0100] {logging_mixin.py:137} INFO - [2023-01-03T22:33:38.214+0100] {dag.py:3423} INFO - Setting next_dagrun for example_sensors to None, run_after=None
[2023-01-03T22:33:38.247+0100] {processor.py:175} INFO - Processing /home/chrisfleig/.local/lib/python3.10/site-packages/airflow/example_dags/example_sensors.py took 0.094 seconds
[2023-01-03T22:34:18.054+0100] {processor.py:153} INFO - Started process (PID=8721) to work on /home/chrisfleig/.local/lib/python3.10/site-packages/airflow/example_dags/example_sensors.py
[2023-01-03T22:34:18.055+0100] {processor.py:743} INFO - Processing file /home/chrisfleig/.local/lib/python3.10/site-packages/airflow/example_dags/example_sensors.py for tasks to queue
[2023-01-03T22:34:18.056+0100] {logging_mixin.py:137} INFO - [2023-01-03T22:34:18.056+0100] {dagbag.py:538} INFO - Filling up the DagBag from /home/chrisfleig/.local/lib/python3.10/site-packages/airflow/example_dags/example_sensors.py
[2023-01-03T22:34:18.075+0100] {processor.py:753} INFO - DAG(s) dict_keys(['example_sensors']) retrieved from /home/chrisfleig/.local/lib/python3.10/site-packages/airflow/example_dags/example_sensors.py
[2023-01-03T22:34:18.098+0100] {logging_mixin.py:137} INFO - [2023-01-03T22:34:18.098+0100] {dag.py:2676} INFO - Sync 1 DAGs
[2023-01-03T22:34:18.114+0100] {logging_mixin.py:137} INFO - [2023-01-03T22:34:18.114+0100] {dag.py:3423} INFO - Setting next_dagrun for example_sensors to None, run_after=None
[2023-01-03T22:34:18.151+0100] {processor.py:175} INFO - Processing /home/chrisfleig/.local/lib/python3.10/site-packages/airflow/example_dags/example_sensors.py took 0.100 seconds
[2023-01-03T22:34:57.772+0100] {processor.py:153} INFO - Started process (PID=8759) to work on /home/chrisfleig/.local/lib/python3.10/site-packages/airflow/example_dags/example_sensors.py
[2023-01-03T22:34:57.773+0100] {processor.py:743} INFO - Processing file /home/chrisfleig/.local/lib/python3.10/site-packages/airflow/example_dags/example_sensors.py for tasks to queue
[2023-01-03T22:34:57.774+0100] {logging_mixin.py:137} INFO - [2023-01-03T22:34:57.774+0100] {dagbag.py:538} INFO - Filling up the DagBag from /home/chrisfleig/.local/lib/python3.10/site-packages/airflow/example_dags/example_sensors.py
[2023-01-03T22:34:57.791+0100] {processor.py:753} INFO - DAG(s) dict_keys(['example_sensors']) retrieved from /home/chrisfleig/.local/lib/python3.10/site-packages/airflow/example_dags/example_sensors.py
[2023-01-03T22:34:57.812+0100] {logging_mixin.py:137} INFO - [2023-01-03T22:34:57.812+0100] {dag.py:2676} INFO - Sync 1 DAGs
[2023-01-03T22:34:57.828+0100] {logging_mixin.py:137} INFO - [2023-01-03T22:34:57.828+0100] {dag.py:3423} INFO - Setting next_dagrun for example_sensors to None, run_after=None
[2023-01-03T22:34:57.867+0100] {processor.py:175} INFO - Processing /home/chrisfleig/.local/lib/python3.10/site-packages/airflow/example_dags/example_sensors.py took 0.097 seconds
[2023-01-03T22:35:37.186+0100] {processor.py:153} INFO - Started process (PID=8797) to work on /home/chrisfleig/.local/lib/python3.10/site-packages/airflow/example_dags/example_sensors.py
[2023-01-03T22:35:37.187+0100] {processor.py:743} INFO - Processing file /home/chrisfleig/.local/lib/python3.10/site-packages/airflow/example_dags/example_sensors.py for tasks to queue
[2023-01-03T22:35:37.187+0100] {logging_mixin.py:137} INFO - [2023-01-03T22:35:37.187+0100] {dagbag.py:538} INFO - Filling up the DagBag from /home/chrisfleig/.local/lib/python3.10/site-packages/airflow/example_dags/example_sensors.py
[2023-01-03T22:35:37.204+0100] {processor.py:753} INFO - DAG(s) dict_keys(['example_sensors']) retrieved from /home/chrisfleig/.local/lib/python3.10/site-packages/airflow/example_dags/example_sensors.py
[2023-01-03T22:35:37.226+0100] {logging_mixin.py:137} INFO - [2023-01-03T22:35:37.225+0100] {dag.py:2676} INFO - Sync 1 DAGs
[2023-01-03T22:35:37.243+0100] {logging_mixin.py:137} INFO - [2023-01-03T22:35:37.243+0100] {dag.py:3423} INFO - Setting next_dagrun for example_sensors to None, run_after=None
[2023-01-03T22:35:37.280+0100] {processor.py:175} INFO - Processing /home/chrisfleig/.local/lib/python3.10/site-packages/airflow/example_dags/example_sensors.py took 0.097 seconds
[2023-01-03T22:36:15.806+0100] {processor.py:153} INFO - Started process (PID=8835) to work on /home/chrisfleig/.local/lib/python3.10/site-packages/airflow/example_dags/example_sensors.py
[2023-01-03T22:36:15.807+0100] {processor.py:743} INFO - Processing file /home/chrisfleig/.local/lib/python3.10/site-packages/airflow/example_dags/example_sensors.py for tasks to queue
[2023-01-03T22:36:15.808+0100] {logging_mixin.py:137} INFO - [2023-01-03T22:36:15.807+0100] {dagbag.py:538} INFO - Filling up the DagBag from /home/chrisfleig/.local/lib/python3.10/site-packages/airflow/example_dags/example_sensors.py
[2023-01-03T22:36:15.829+0100] {processor.py:753} INFO - DAG(s) dict_keys(['example_sensors']) retrieved from /home/chrisfleig/.local/lib/python3.10/site-packages/airflow/example_dags/example_sensors.py
[2023-01-03T22:36:15.856+0100] {logging_mixin.py:137} INFO - [2023-01-03T22:36:15.856+0100] {dag.py:2676} INFO - Sync 1 DAGs
[2023-01-03T22:36:15.875+0100] {logging_mixin.py:137} INFO - [2023-01-03T22:36:15.875+0100] {dag.py:3423} INFO - Setting next_dagrun for example_sensors to None, run_after=None
[2023-01-03T22:36:15.954+0100] {processor.py:175} INFO - Processing /home/chrisfleig/.local/lib/python3.10/site-packages/airflow/example_dags/example_sensors.py took 0.150 seconds
[2023-01-03T22:36:53.973+0100] {processor.py:153} INFO - Started process (PID=8873) to work on /home/chrisfleig/.local/lib/python3.10/site-packages/airflow/example_dags/example_sensors.py
[2023-01-03T22:36:53.974+0100] {processor.py:743} INFO - Processing file /home/chrisfleig/.local/lib/python3.10/site-packages/airflow/example_dags/example_sensors.py for tasks to queue
[2023-01-03T22:36:53.975+0100] {logging_mixin.py:137} INFO - [2023-01-03T22:36:53.975+0100] {dagbag.py:538} INFO - Filling up the DagBag from /home/chrisfleig/.local/lib/python3.10/site-packages/airflow/example_dags/example_sensors.py
[2023-01-03T22:36:53.992+0100] {processor.py:753} INFO - DAG(s) dict_keys(['example_sensors']) retrieved from /home/chrisfleig/.local/lib/python3.10/site-packages/airflow/example_dags/example_sensors.py
[2023-01-03T22:36:54.015+0100] {logging_mixin.py:137} INFO - [2023-01-03T22:36:54.014+0100] {dag.py:2676} INFO - Sync 1 DAGs
[2023-01-03T22:36:54.031+0100] {logging_mixin.py:137} INFO - [2023-01-03T22:36:54.031+0100] {dag.py:3423} INFO - Setting next_dagrun for example_sensors to None, run_after=None
[2023-01-03T22:36:54.065+0100] {processor.py:175} INFO - Processing /home/chrisfleig/.local/lib/python3.10/site-packages/airflow/example_dags/example_sensors.py took 0.094 seconds
[2023-01-03T22:37:32.196+0100] {processor.py:153} INFO - Started process (PID=8911) to work on /home/chrisfleig/.local/lib/python3.10/site-packages/airflow/example_dags/example_sensors.py
[2023-01-03T22:37:32.197+0100] {processor.py:743} INFO - Processing file /home/chrisfleig/.local/lib/python3.10/site-packages/airflow/example_dags/example_sensors.py for tasks to queue
[2023-01-03T22:37:32.198+0100] {logging_mixin.py:137} INFO - [2023-01-03T22:37:32.198+0100] {dagbag.py:538} INFO - Filling up the DagBag from /home/chrisfleig/.local/lib/python3.10/site-packages/airflow/example_dags/example_sensors.py
[2023-01-03T22:37:32.216+0100] {processor.py:753} INFO - DAG(s) dict_keys(['example_sensors']) retrieved from /home/chrisfleig/.local/lib/python3.10/site-packages/airflow/example_dags/example_sensors.py
[2023-01-03T22:37:32.239+0100] {logging_mixin.py:137} INFO - [2023-01-03T22:37:32.238+0100] {dag.py:2676} INFO - Sync 1 DAGs
[2023-01-03T22:37:32.255+0100] {logging_mixin.py:137} INFO - [2023-01-03T22:37:32.255+0100] {dag.py:3423} INFO - Setting next_dagrun for example_sensors to None, run_after=None
[2023-01-03T22:37:32.289+0100] {processor.py:175} INFO - Processing /home/chrisfleig/.local/lib/python3.10/site-packages/airflow/example_dags/example_sensors.py took 0.095 seconds
[2023-01-03T22:38:10.279+0100] {processor.py:153} INFO - Started process (PID=8949) to work on /home/chrisfleig/.local/lib/python3.10/site-packages/airflow/example_dags/example_sensors.py
[2023-01-03T22:38:10.280+0100] {processor.py:743} INFO - Processing file /home/chrisfleig/.local/lib/python3.10/site-packages/airflow/example_dags/example_sensors.py for tasks to queue
[2023-01-03T22:38:10.281+0100] {logging_mixin.py:137} INFO - [2023-01-03T22:38:10.281+0100] {dagbag.py:538} INFO - Filling up the DagBag from /home/chrisfleig/.local/lib/python3.10/site-packages/airflow/example_dags/example_sensors.py
[2023-01-03T22:38:10.300+0100] {processor.py:753} INFO - DAG(s) dict_keys(['example_sensors']) retrieved from /home/chrisfleig/.local/lib/python3.10/site-packages/airflow/example_dags/example_sensors.py
[2023-01-03T22:38:10.324+0100] {logging_mixin.py:137} INFO - [2023-01-03T22:38:10.324+0100] {dag.py:2676} INFO - Sync 1 DAGs
[2023-01-03T22:38:10.342+0100] {logging_mixin.py:137} INFO - [2023-01-03T22:38:10.341+0100] {dag.py:3423} INFO - Setting next_dagrun for example_sensors to None, run_after=None
[2023-01-03T22:38:10.377+0100] {processor.py:175} INFO - Processing /home/chrisfleig/.local/lib/python3.10/site-packages/airflow/example_dags/example_sensors.py took 0.100 seconds
[2023-01-03T22:38:49.466+0100] {processor.py:153} INFO - Started process (PID=8987) to work on /home/chrisfleig/.local/lib/python3.10/site-packages/airflow/example_dags/example_sensors.py
[2023-01-03T22:38:49.468+0100] {processor.py:743} INFO - Processing file /home/chrisfleig/.local/lib/python3.10/site-packages/airflow/example_dags/example_sensors.py for tasks to queue
[2023-01-03T22:38:49.468+0100] {logging_mixin.py:137} INFO - [2023-01-03T22:38:49.468+0100] {dagbag.py:538} INFO - Filling up the DagBag from /home/chrisfleig/.local/lib/python3.10/site-packages/airflow/example_dags/example_sensors.py
[2023-01-03T22:38:49.485+0100] {processor.py:753} INFO - DAG(s) dict_keys(['example_sensors']) retrieved from /home/chrisfleig/.local/lib/python3.10/site-packages/airflow/example_dags/example_sensors.py
[2023-01-03T22:38:49.508+0100] {logging_mixin.py:137} INFO - [2023-01-03T22:38:49.507+0100] {dag.py:2676} INFO - Sync 1 DAGs
[2023-01-03T22:38:49.524+0100] {logging_mixin.py:137} INFO - [2023-01-03T22:38:49.524+0100] {dag.py:3423} INFO - Setting next_dagrun for example_sensors to None, run_after=None
[2023-01-03T22:38:49.559+0100] {processor.py:175} INFO - Processing /home/chrisfleig/.local/lib/python3.10/site-packages/airflow/example_dags/example_sensors.py took 0.095 seconds
[2023-01-03T22:39:27.497+0100] {processor.py:153} INFO - Started process (PID=9025) to work on /home/chrisfleig/.local/lib/python3.10/site-packages/airflow/example_dags/example_sensors.py
[2023-01-03T22:39:27.499+0100] {processor.py:743} INFO - Processing file /home/chrisfleig/.local/lib/python3.10/site-packages/airflow/example_dags/example_sensors.py for tasks to queue
[2023-01-03T22:39:27.499+0100] {logging_mixin.py:137} INFO - [2023-01-03T22:39:27.499+0100] {dagbag.py:538} INFO - Filling up the DagBag from /home/chrisfleig/.local/lib/python3.10/site-packages/airflow/example_dags/example_sensors.py
[2023-01-03T22:39:27.516+0100] {processor.py:753} INFO - DAG(s) dict_keys(['example_sensors']) retrieved from /home/chrisfleig/.local/lib/python3.10/site-packages/airflow/example_dags/example_sensors.py
[2023-01-03T22:39:27.549+0100] {logging_mixin.py:137} INFO - [2023-01-03T22:39:27.548+0100] {dag.py:2676} INFO - Sync 1 DAGs
[2023-01-03T22:39:27.566+0100] {logging_mixin.py:137} INFO - [2023-01-03T22:39:27.566+0100] {dag.py:3423} INFO - Setting next_dagrun for example_sensors to None, run_after=None
[2023-01-03T22:39:27.605+0100] {processor.py:175} INFO - Processing /home/chrisfleig/.local/lib/python3.10/site-packages/airflow/example_dags/example_sensors.py took 0.110 seconds
[2023-01-03T22:40:08.637+0100] {processor.py:153} INFO - Started process (PID=9063) to work on /home/chrisfleig/.local/lib/python3.10/site-packages/airflow/example_dags/example_sensors.py
[2023-01-03T22:40:08.638+0100] {processor.py:743} INFO - Processing file /home/chrisfleig/.local/lib/python3.10/site-packages/airflow/example_dags/example_sensors.py for tasks to queue
[2023-01-03T22:40:08.639+0100] {logging_mixin.py:137} INFO - [2023-01-03T22:40:08.639+0100] {dagbag.py:538} INFO - Filling up the DagBag from /home/chrisfleig/.local/lib/python3.10/site-packages/airflow/example_dags/example_sensors.py
[2023-01-03T22:40:08.660+0100] {processor.py:753} INFO - DAG(s) dict_keys(['example_sensors']) retrieved from /home/chrisfleig/.local/lib/python3.10/site-packages/airflow/example_dags/example_sensors.py
[2023-01-03T22:40:08.690+0100] {logging_mixin.py:137} INFO - [2023-01-03T22:40:08.690+0100] {dag.py:2676} INFO - Sync 1 DAGs
[2023-01-03T22:40:08.717+0100] {logging_mixin.py:137} INFO - [2023-01-03T22:40:08.717+0100] {dag.py:3423} INFO - Setting next_dagrun for example_sensors to None, run_after=None
[2023-01-03T22:40:08.776+0100] {processor.py:175} INFO - Processing /home/chrisfleig/.local/lib/python3.10/site-packages/airflow/example_dags/example_sensors.py took 0.144 seconds
[2023-01-03T22:40:45.868+0100] {processor.py:153} INFO - Started process (PID=9101) to work on /home/chrisfleig/.local/lib/python3.10/site-packages/airflow/example_dags/example_sensors.py
[2023-01-03T22:40:45.869+0100] {processor.py:743} INFO - Processing file /home/chrisfleig/.local/lib/python3.10/site-packages/airflow/example_dags/example_sensors.py for tasks to queue
[2023-01-03T22:40:45.870+0100] {logging_mixin.py:137} INFO - [2023-01-03T22:40:45.870+0100] {dagbag.py:538} INFO - Filling up the DagBag from /home/chrisfleig/.local/lib/python3.10/site-packages/airflow/example_dags/example_sensors.py
[2023-01-03T22:40:45.886+0100] {processor.py:753} INFO - DAG(s) dict_keys(['example_sensors']) retrieved from /home/chrisfleig/.local/lib/python3.10/site-packages/airflow/example_dags/example_sensors.py
[2023-01-03T22:40:45.908+0100] {logging_mixin.py:137} INFO - [2023-01-03T22:40:45.908+0100] {dag.py:2676} INFO - Sync 1 DAGs
[2023-01-03T22:40:45.925+0100] {logging_mixin.py:137} INFO - [2023-01-03T22:40:45.925+0100] {dag.py:3423} INFO - Setting next_dagrun for example_sensors to None, run_after=None
[2023-01-03T22:40:45.965+0100] {processor.py:175} INFO - Processing /home/chrisfleig/.local/lib/python3.10/site-packages/airflow/example_dags/example_sensors.py took 0.099 seconds
[2023-01-03T22:41:23.280+0100] {processor.py:153} INFO - Started process (PID=9139) to work on /home/chrisfleig/.local/lib/python3.10/site-packages/airflow/example_dags/example_sensors.py
[2023-01-03T22:41:23.281+0100] {processor.py:743} INFO - Processing file /home/chrisfleig/.local/lib/python3.10/site-packages/airflow/example_dags/example_sensors.py for tasks to queue
[2023-01-03T22:41:23.281+0100] {logging_mixin.py:137} INFO - [2023-01-03T22:41:23.281+0100] {dagbag.py:538} INFO - Filling up the DagBag from /home/chrisfleig/.local/lib/python3.10/site-packages/airflow/example_dags/example_sensors.py
[2023-01-03T22:41:23.298+0100] {processor.py:753} INFO - DAG(s) dict_keys(['example_sensors']) retrieved from /home/chrisfleig/.local/lib/python3.10/site-packages/airflow/example_dags/example_sensors.py
[2023-01-03T22:41:23.320+0100] {logging_mixin.py:137} INFO - [2023-01-03T22:41:23.320+0100] {dag.py:2676} INFO - Sync 1 DAGs
[2023-01-03T22:41:23.336+0100] {logging_mixin.py:137} INFO - [2023-01-03T22:41:23.336+0100] {dag.py:3423} INFO - Setting next_dagrun for example_sensors to None, run_after=None
[2023-01-03T22:41:23.372+0100] {processor.py:175} INFO - Processing /home/chrisfleig/.local/lib/python3.10/site-packages/airflow/example_dags/example_sensors.py took 0.095 seconds
[2023-01-03T22:42:02.354+0100] {processor.py:153} INFO - Started process (PID=9179) to work on /home/chrisfleig/.local/lib/python3.10/site-packages/airflow/example_dags/example_sensors.py
[2023-01-03T22:42:02.355+0100] {processor.py:743} INFO - Processing file /home/chrisfleig/.local/lib/python3.10/site-packages/airflow/example_dags/example_sensors.py for tasks to queue
[2023-01-03T22:42:02.355+0100] {logging_mixin.py:137} INFO - [2023-01-03T22:42:02.355+0100] {dagbag.py:538} INFO - Filling up the DagBag from /home/chrisfleig/.local/lib/python3.10/site-packages/airflow/example_dags/example_sensors.py
[2023-01-03T22:42:02.372+0100] {processor.py:753} INFO - DAG(s) dict_keys(['example_sensors']) retrieved from /home/chrisfleig/.local/lib/python3.10/site-packages/airflow/example_dags/example_sensors.py
[2023-01-03T22:42:02.394+0100] {logging_mixin.py:137} INFO - [2023-01-03T22:42:02.394+0100] {dag.py:2676} INFO - Sync 1 DAGs
[2023-01-03T22:42:02.409+0100] {logging_mixin.py:137} INFO - [2023-01-03T22:42:02.409+0100] {dag.py:3423} INFO - Setting next_dagrun for example_sensors to None, run_after=None
[2023-01-03T22:42:02.443+0100] {processor.py:175} INFO - Processing /home/chrisfleig/.local/lib/python3.10/site-packages/airflow/example_dags/example_sensors.py took 0.091 seconds
[2023-01-03T22:42:40.423+0100] {processor.py:153} INFO - Started process (PID=9219) to work on /home/chrisfleig/.local/lib/python3.10/site-packages/airflow/example_dags/example_sensors.py
[2023-01-03T22:42:40.424+0100] {processor.py:743} INFO - Processing file /home/chrisfleig/.local/lib/python3.10/site-packages/airflow/example_dags/example_sensors.py for tasks to queue
[2023-01-03T22:42:40.424+0100] {logging_mixin.py:137} INFO - [2023-01-03T22:42:40.424+0100] {dagbag.py:538} INFO - Filling up the DagBag from /home/chrisfleig/.local/lib/python3.10/site-packages/airflow/example_dags/example_sensors.py
[2023-01-03T22:42:40.441+0100] {processor.py:753} INFO - DAG(s) dict_keys(['example_sensors']) retrieved from /home/chrisfleig/.local/lib/python3.10/site-packages/airflow/example_dags/example_sensors.py
[2023-01-03T22:42:40.462+0100] {logging_mixin.py:137} INFO - [2023-01-03T22:42:40.462+0100] {dag.py:2676} INFO - Sync 1 DAGs
[2023-01-03T22:42:40.478+0100] {logging_mixin.py:137} INFO - [2023-01-03T22:42:40.478+0100] {dag.py:3423} INFO - Setting next_dagrun for example_sensors to None, run_after=None
[2023-01-03T22:42:40.512+0100] {processor.py:175} INFO - Processing /home/chrisfleig/.local/lib/python3.10/site-packages/airflow/example_dags/example_sensors.py took 0.092 seconds
[2023-01-03T22:43:21.078+0100] {processor.py:153} INFO - Started process (PID=9257) to work on /home/chrisfleig/.local/lib/python3.10/site-packages/airflow/example_dags/example_sensors.py
[2023-01-03T22:43:21.079+0100] {processor.py:743} INFO - Processing file /home/chrisfleig/.local/lib/python3.10/site-packages/airflow/example_dags/example_sensors.py for tasks to queue
[2023-01-03T22:43:21.080+0100] {logging_mixin.py:137} INFO - [2023-01-03T22:43:21.079+0100] {dagbag.py:538} INFO - Filling up the DagBag from /home/chrisfleig/.local/lib/python3.10/site-packages/airflow/example_dags/example_sensors.py
[2023-01-03T22:43:21.102+0100] {processor.py:753} INFO - DAG(s) dict_keys(['example_sensors']) retrieved from /home/chrisfleig/.local/lib/python3.10/site-packages/airflow/example_dags/example_sensors.py
[2023-01-03T22:43:21.162+0100] {logging_mixin.py:137} INFO - [2023-01-03T22:43:21.161+0100] {dag.py:2676} INFO - Sync 1 DAGs
[2023-01-03T22:43:21.192+0100] {logging_mixin.py:137} INFO - [2023-01-03T22:43:21.192+0100] {dag.py:3423} INFO - Setting next_dagrun for example_sensors to None, run_after=None
[2023-01-03T22:43:21.230+0100] {processor.py:175} INFO - Processing /home/chrisfleig/.local/lib/python3.10/site-packages/airflow/example_dags/example_sensors.py took 0.155 seconds
[2023-01-03T22:43:59.330+0100] {processor.py:153} INFO - Started process (PID=9295) to work on /home/chrisfleig/.local/lib/python3.10/site-packages/airflow/example_dags/example_sensors.py
[2023-01-03T22:43:59.331+0100] {processor.py:743} INFO - Processing file /home/chrisfleig/.local/lib/python3.10/site-packages/airflow/example_dags/example_sensors.py for tasks to queue
[2023-01-03T22:43:59.331+0100] {logging_mixin.py:137} INFO - [2023-01-03T22:43:59.331+0100] {dagbag.py:538} INFO - Filling up the DagBag from /home/chrisfleig/.local/lib/python3.10/site-packages/airflow/example_dags/example_sensors.py
[2023-01-03T22:43:59.347+0100] {processor.py:753} INFO - DAG(s) dict_keys(['example_sensors']) retrieved from /home/chrisfleig/.local/lib/python3.10/site-packages/airflow/example_dags/example_sensors.py
[2023-01-03T22:43:59.369+0100] {logging_mixin.py:137} INFO - [2023-01-03T22:43:59.369+0100] {dag.py:2676} INFO - Sync 1 DAGs
[2023-01-03T22:43:59.385+0100] {logging_mixin.py:137} INFO - [2023-01-03T22:43:59.385+0100] {dag.py:3423} INFO - Setting next_dagrun for example_sensors to None, run_after=None
[2023-01-03T22:43:59.420+0100] {processor.py:175} INFO - Processing /home/chrisfleig/.local/lib/python3.10/site-packages/airflow/example_dags/example_sensors.py took 0.092 seconds
[2023-01-03T22:44:37.857+0100] {processor.py:153} INFO - Started process (PID=9333) to work on /home/chrisfleig/.local/lib/python3.10/site-packages/airflow/example_dags/example_sensors.py
[2023-01-03T22:44:37.858+0100] {processor.py:743} INFO - Processing file /home/chrisfleig/.local/lib/python3.10/site-packages/airflow/example_dags/example_sensors.py for tasks to queue
[2023-01-03T22:44:37.859+0100] {logging_mixin.py:137} INFO - [2023-01-03T22:44:37.859+0100] {dagbag.py:538} INFO - Filling up the DagBag from /home/chrisfleig/.local/lib/python3.10/site-packages/airflow/example_dags/example_sensors.py
[2023-01-03T22:44:37.875+0100] {processor.py:753} INFO - DAG(s) dict_keys(['example_sensors']) retrieved from /home/chrisfleig/.local/lib/python3.10/site-packages/airflow/example_dags/example_sensors.py
[2023-01-03T22:44:37.897+0100] {logging_mixin.py:137} INFO - [2023-01-03T22:44:37.897+0100] {dag.py:2676} INFO - Sync 1 DAGs
[2023-01-03T22:44:37.919+0100] {logging_mixin.py:137} INFO - [2023-01-03T22:44:37.918+0100] {dag.py:3423} INFO - Setting next_dagrun for example_sensors to None, run_after=None
[2023-01-03T22:44:37.957+0100] {processor.py:175} INFO - Processing /home/chrisfleig/.local/lib/python3.10/site-packages/airflow/example_dags/example_sensors.py took 0.102 seconds
[2023-01-03T22:45:17.297+0100] {processor.py:153} INFO - Started process (PID=9371) to work on /home/chrisfleig/.local/lib/python3.10/site-packages/airflow/example_dags/example_sensors.py
[2023-01-03T22:45:17.298+0100] {processor.py:743} INFO - Processing file /home/chrisfleig/.local/lib/python3.10/site-packages/airflow/example_dags/example_sensors.py for tasks to queue
[2023-01-03T22:45:17.299+0100] {logging_mixin.py:137} INFO - [2023-01-03T22:45:17.299+0100] {dagbag.py:538} INFO - Filling up the DagBag from /home/chrisfleig/.local/lib/python3.10/site-packages/airflow/example_dags/example_sensors.py
[2023-01-03T22:45:17.315+0100] {processor.py:753} INFO - DAG(s) dict_keys(['example_sensors']) retrieved from /home/chrisfleig/.local/lib/python3.10/site-packages/airflow/example_dags/example_sensors.py
[2023-01-03T22:45:17.337+0100] {logging_mixin.py:137} INFO - [2023-01-03T22:45:17.337+0100] {dag.py:2676} INFO - Sync 1 DAGs
[2023-01-03T22:45:17.354+0100] {logging_mixin.py:137} INFO - [2023-01-03T22:45:17.354+0100] {dag.py:3423} INFO - Setting next_dagrun for example_sensors to None, run_after=None
[2023-01-03T22:45:17.393+0100] {processor.py:175} INFO - Processing /home/chrisfleig/.local/lib/python3.10/site-packages/airflow/example_dags/example_sensors.py took 0.098 seconds
[2023-01-03T22:45:56.210+0100] {processor.py:153} INFO - Started process (PID=9409) to work on /home/chrisfleig/.local/lib/python3.10/site-packages/airflow/example_dags/example_sensors.py
[2023-01-03T22:45:56.211+0100] {processor.py:743} INFO - Processing file /home/chrisfleig/.local/lib/python3.10/site-packages/airflow/example_dags/example_sensors.py for tasks to queue
[2023-01-03T22:45:56.212+0100] {logging_mixin.py:137} INFO - [2023-01-03T22:45:56.212+0100] {dagbag.py:538} INFO - Filling up the DagBag from /home/chrisfleig/.local/lib/python3.10/site-packages/airflow/example_dags/example_sensors.py
[2023-01-03T22:45:56.230+0100] {processor.py:753} INFO - DAG(s) dict_keys(['example_sensors']) retrieved from /home/chrisfleig/.local/lib/python3.10/site-packages/airflow/example_dags/example_sensors.py
[2023-01-03T22:45:56.255+0100] {logging_mixin.py:137} INFO - [2023-01-03T22:45:56.255+0100] {dag.py:2676} INFO - Sync 1 DAGs
[2023-01-03T22:45:56.278+0100] {logging_mixin.py:137} INFO - [2023-01-03T22:45:56.278+0100] {dag.py:3423} INFO - Setting next_dagrun for example_sensors to None, run_after=None
[2023-01-03T22:45:56.318+0100] {processor.py:175} INFO - Processing /home/chrisfleig/.local/lib/python3.10/site-packages/airflow/example_dags/example_sensors.py took 0.111 seconds
[2023-01-03T22:46:32.827+0100] {processor.py:153} INFO - Started process (PID=9447) to work on /home/chrisfleig/.local/lib/python3.10/site-packages/airflow/example_dags/example_sensors.py
[2023-01-03T22:46:32.828+0100] {processor.py:743} INFO - Processing file /home/chrisfleig/.local/lib/python3.10/site-packages/airflow/example_dags/example_sensors.py for tasks to queue
[2023-01-03T22:46:32.828+0100] {logging_mixin.py:137} INFO - [2023-01-03T22:46:32.828+0100] {dagbag.py:538} INFO - Filling up the DagBag from /home/chrisfleig/.local/lib/python3.10/site-packages/airflow/example_dags/example_sensors.py
[2023-01-03T22:46:32.845+0100] {processor.py:753} INFO - DAG(s) dict_keys(['example_sensors']) retrieved from /home/chrisfleig/.local/lib/python3.10/site-packages/airflow/example_dags/example_sensors.py
[2023-01-03T22:46:32.869+0100] {logging_mixin.py:137} INFO - [2023-01-03T22:46:32.869+0100] {dag.py:2676} INFO - Sync 1 DAGs
[2023-01-03T22:46:32.886+0100] {logging_mixin.py:137} INFO - [2023-01-03T22:46:32.886+0100] {dag.py:3423} INFO - Setting next_dagrun for example_sensors to None, run_after=None
[2023-01-03T22:46:32.922+0100] {processor.py:175} INFO - Processing /home/chrisfleig/.local/lib/python3.10/site-packages/airflow/example_dags/example_sensors.py took 0.098 seconds
[2023-01-03T22:47:12.019+0100] {processor.py:153} INFO - Started process (PID=9485) to work on /home/chrisfleig/.local/lib/python3.10/site-packages/airflow/example_dags/example_sensors.py
[2023-01-03T22:47:12.020+0100] {processor.py:743} INFO - Processing file /home/chrisfleig/.local/lib/python3.10/site-packages/airflow/example_dags/example_sensors.py for tasks to queue
[2023-01-03T22:47:12.021+0100] {logging_mixin.py:137} INFO - [2023-01-03T22:47:12.021+0100] {dagbag.py:538} INFO - Filling up the DagBag from /home/chrisfleig/.local/lib/python3.10/site-packages/airflow/example_dags/example_sensors.py
[2023-01-03T22:47:12.039+0100] {processor.py:753} INFO - DAG(s) dict_keys(['example_sensors']) retrieved from /home/chrisfleig/.local/lib/python3.10/site-packages/airflow/example_dags/example_sensors.py
[2023-01-03T22:47:12.062+0100] {logging_mixin.py:137} INFO - [2023-01-03T22:47:12.062+0100] {dag.py:2676} INFO - Sync 1 DAGs
[2023-01-03T22:47:12.078+0100] {logging_mixin.py:137} INFO - [2023-01-03T22:47:12.078+0100] {dag.py:3423} INFO - Setting next_dagrun for example_sensors to None, run_after=None
[2023-01-03T22:47:12.112+0100] {processor.py:175} INFO - Processing /home/chrisfleig/.local/lib/python3.10/site-packages/airflow/example_dags/example_sensors.py took 0.095 seconds
[2023-01-03T22:47:49.982+0100] {processor.py:153} INFO - Started process (PID=9523) to work on /home/chrisfleig/.local/lib/python3.10/site-packages/airflow/example_dags/example_sensors.py
[2023-01-03T22:47:49.983+0100] {processor.py:743} INFO - Processing file /home/chrisfleig/.local/lib/python3.10/site-packages/airflow/example_dags/example_sensors.py for tasks to queue
[2023-01-03T22:47:49.983+0100] {logging_mixin.py:137} INFO - [2023-01-03T22:47:49.983+0100] {dagbag.py:538} INFO - Filling up the DagBag from /home/chrisfleig/.local/lib/python3.10/site-packages/airflow/example_dags/example_sensors.py
[2023-01-03T22:47:50.000+0100] {processor.py:753} INFO - DAG(s) dict_keys(['example_sensors']) retrieved from /home/chrisfleig/.local/lib/python3.10/site-packages/airflow/example_dags/example_sensors.py
[2023-01-03T22:47:50.023+0100] {logging_mixin.py:137} INFO - [2023-01-03T22:47:50.023+0100] {dag.py:2676} INFO - Sync 1 DAGs
[2023-01-03T22:47:50.039+0100] {logging_mixin.py:137} INFO - [2023-01-03T22:47:50.039+0100] {dag.py:3423} INFO - Setting next_dagrun for example_sensors to None, run_after=None
[2023-01-03T22:47:50.074+0100] {processor.py:175} INFO - Processing /home/chrisfleig/.local/lib/python3.10/site-packages/airflow/example_dags/example_sensors.py took 0.095 seconds
[2023-01-03T22:48:29.888+0100] {processor.py:153} INFO - Started process (PID=9561) to work on /home/chrisfleig/.local/lib/python3.10/site-packages/airflow/example_dags/example_sensors.py
[2023-01-03T22:48:29.889+0100] {processor.py:743} INFO - Processing file /home/chrisfleig/.local/lib/python3.10/site-packages/airflow/example_dags/example_sensors.py for tasks to queue
[2023-01-03T22:48:29.890+0100] {logging_mixin.py:137} INFO - [2023-01-03T22:48:29.890+0100] {dagbag.py:538} INFO - Filling up the DagBag from /home/chrisfleig/.local/lib/python3.10/site-packages/airflow/example_dags/example_sensors.py
[2023-01-03T22:48:29.909+0100] {processor.py:753} INFO - DAG(s) dict_keys(['example_sensors']) retrieved from /home/chrisfleig/.local/lib/python3.10/site-packages/airflow/example_dags/example_sensors.py
[2023-01-03T22:48:29.934+0100] {logging_mixin.py:137} INFO - [2023-01-03T22:48:29.934+0100] {dag.py:2676} INFO - Sync 1 DAGs
[2023-01-03T22:48:29.957+0100] {logging_mixin.py:137} INFO - [2023-01-03T22:48:29.957+0100] {dag.py:3423} INFO - Setting next_dagrun for example_sensors to None, run_after=None
[2023-01-03T22:48:30.001+0100] {processor.py:175} INFO - Processing /home/chrisfleig/.local/lib/python3.10/site-packages/airflow/example_dags/example_sensors.py took 0.115 seconds
[2023-01-03T22:49:11.374+0100] {processor.py:153} INFO - Started process (PID=9599) to work on /home/chrisfleig/.local/lib/python3.10/site-packages/airflow/example_dags/example_sensors.py
[2023-01-03T22:49:11.376+0100] {processor.py:743} INFO - Processing file /home/chrisfleig/.local/lib/python3.10/site-packages/airflow/example_dags/example_sensors.py for tasks to queue
[2023-01-03T22:49:11.376+0100] {logging_mixin.py:137} INFO - [2023-01-03T22:49:11.376+0100] {dagbag.py:538} INFO - Filling up the DagBag from /home/chrisfleig/.local/lib/python3.10/site-packages/airflow/example_dags/example_sensors.py
[2023-01-03T22:49:11.397+0100] {processor.py:753} INFO - DAG(s) dict_keys(['example_sensors']) retrieved from /home/chrisfleig/.local/lib/python3.10/site-packages/airflow/example_dags/example_sensors.py
[2023-01-03T22:49:11.429+0100] {logging_mixin.py:137} INFO - [2023-01-03T22:49:11.429+0100] {dag.py:2676} INFO - Sync 1 DAGs
[2023-01-03T22:49:11.452+0100] {logging_mixin.py:137} INFO - [2023-01-03T22:49:11.452+0100] {dag.py:3423} INFO - Setting next_dagrun for example_sensors to None, run_after=None
[2023-01-03T22:49:11.491+0100] {processor.py:175} INFO - Processing /home/chrisfleig/.local/lib/python3.10/site-packages/airflow/example_dags/example_sensors.py took 0.119 seconds
[2023-01-03T22:49:51.867+0100] {processor.py:153} INFO - Started process (PID=9637) to work on /home/chrisfleig/.local/lib/python3.10/site-packages/airflow/example_dags/example_sensors.py
[2023-01-03T22:49:51.868+0100] {processor.py:743} INFO - Processing file /home/chrisfleig/.local/lib/python3.10/site-packages/airflow/example_dags/example_sensors.py for tasks to queue
[2023-01-03T22:49:51.868+0100] {logging_mixin.py:137} INFO - [2023-01-03T22:49:51.868+0100] {dagbag.py:538} INFO - Filling up the DagBag from /home/chrisfleig/.local/lib/python3.10/site-packages/airflow/example_dags/example_sensors.py
[2023-01-03T22:49:51.885+0100] {processor.py:753} INFO - DAG(s) dict_keys(['example_sensors']) retrieved from /home/chrisfleig/.local/lib/python3.10/site-packages/airflow/example_dags/example_sensors.py
[2023-01-03T22:49:51.908+0100] {logging_mixin.py:137} INFO - [2023-01-03T22:49:51.908+0100] {dag.py:2676} INFO - Sync 1 DAGs
[2023-01-03T22:49:51.927+0100] {logging_mixin.py:137} INFO - [2023-01-03T22:49:51.926+0100] {dag.py:3423} INFO - Setting next_dagrun for example_sensors to None, run_after=None
[2023-01-03T22:49:51.968+0100] {processor.py:175} INFO - Processing /home/chrisfleig/.local/lib/python3.10/site-packages/airflow/example_dags/example_sensors.py took 0.104 seconds
[2023-01-03T22:50:29.731+0100] {processor.py:153} INFO - Started process (PID=9675) to work on /home/chrisfleig/.local/lib/python3.10/site-packages/airflow/example_dags/example_sensors.py
[2023-01-03T22:50:29.732+0100] {processor.py:743} INFO - Processing file /home/chrisfleig/.local/lib/python3.10/site-packages/airflow/example_dags/example_sensors.py for tasks to queue
[2023-01-03T22:50:29.733+0100] {logging_mixin.py:137} INFO - [2023-01-03T22:50:29.733+0100] {dagbag.py:538} INFO - Filling up the DagBag from /home/chrisfleig/.local/lib/python3.10/site-packages/airflow/example_dags/example_sensors.py
[2023-01-03T22:50:29.749+0100] {processor.py:753} INFO - DAG(s) dict_keys(['example_sensors']) retrieved from /home/chrisfleig/.local/lib/python3.10/site-packages/airflow/example_dags/example_sensors.py
[2023-01-03T22:50:29.773+0100] {logging_mixin.py:137} INFO - [2023-01-03T22:50:29.773+0100] {dag.py:2676} INFO - Sync 1 DAGs
[2023-01-03T22:50:29.825+0100] {logging_mixin.py:137} INFO - [2023-01-03T22:50:29.825+0100] {dag.py:3423} INFO - Setting next_dagrun for example_sensors to None, run_after=None
[2023-01-03T22:50:29.858+0100] {processor.py:175} INFO - Processing /home/chrisfleig/.local/lib/python3.10/site-packages/airflow/example_dags/example_sensors.py took 0.129 seconds
[2023-01-03T22:51:10.058+0100] {processor.py:153} INFO - Started process (PID=9713) to work on /home/chrisfleig/.local/lib/python3.10/site-packages/airflow/example_dags/example_sensors.py
[2023-01-03T22:51:10.064+0100] {processor.py:743} INFO - Processing file /home/chrisfleig/.local/lib/python3.10/site-packages/airflow/example_dags/example_sensors.py for tasks to queue
[2023-01-03T22:51:10.069+0100] {logging_mixin.py:137} INFO - [2023-01-03T22:51:10.069+0100] {dagbag.py:538} INFO - Filling up the DagBag from /home/chrisfleig/.local/lib/python3.10/site-packages/airflow/example_dags/example_sensors.py
[2023-01-03T22:51:10.131+0100] {processor.py:753} INFO - DAG(s) dict_keys(['example_sensors']) retrieved from /home/chrisfleig/.local/lib/python3.10/site-packages/airflow/example_dags/example_sensors.py
[2023-01-03T22:51:10.225+0100] {logging_mixin.py:137} INFO - [2023-01-03T22:51:10.225+0100] {dag.py:2676} INFO - Sync 1 DAGs
[2023-01-03T22:51:10.263+0100] {logging_mixin.py:137} INFO - [2023-01-03T22:51:10.263+0100] {dag.py:3423} INFO - Setting next_dagrun for example_sensors to None, run_after=None
[2023-01-03T22:51:10.322+0100] {processor.py:175} INFO - Processing /home/chrisfleig/.local/lib/python3.10/site-packages/airflow/example_dags/example_sensors.py took 0.268 seconds
[2023-01-03T22:51:47.002+0100] {processor.py:153} INFO - Started process (PID=9751) to work on /home/chrisfleig/.local/lib/python3.10/site-packages/airflow/example_dags/example_sensors.py
[2023-01-03T22:51:47.008+0100] {processor.py:743} INFO - Processing file /home/chrisfleig/.local/lib/python3.10/site-packages/airflow/example_dags/example_sensors.py for tasks to queue
[2023-01-03T22:51:47.012+0100] {logging_mixin.py:137} INFO - [2023-01-03T22:51:47.011+0100] {dagbag.py:538} INFO - Filling up the DagBag from /home/chrisfleig/.local/lib/python3.10/site-packages/airflow/example_dags/example_sensors.py
[2023-01-03T22:51:47.053+0100] {processor.py:753} INFO - DAG(s) dict_keys(['example_sensors']) retrieved from /home/chrisfleig/.local/lib/python3.10/site-packages/airflow/example_dags/example_sensors.py
[2023-01-03T22:51:47.099+0100] {logging_mixin.py:137} INFO - [2023-01-03T22:51:47.099+0100] {dag.py:2676} INFO - Sync 1 DAGs
[2023-01-03T22:51:47.121+0100] {logging_mixin.py:137} INFO - [2023-01-03T22:51:47.120+0100] {dag.py:3423} INFO - Setting next_dagrun for example_sensors to None, run_after=None
[2023-01-03T22:51:47.170+0100] {processor.py:175} INFO - Processing /home/chrisfleig/.local/lib/python3.10/site-packages/airflow/example_dags/example_sensors.py took 0.172 seconds
[2023-01-03T22:52:30.039+0100] {processor.py:153} INFO - Started process (PID=9789) to work on /home/chrisfleig/.local/lib/python3.10/site-packages/airflow/example_dags/example_sensors.py
[2023-01-03T22:52:30.040+0100] {processor.py:743} INFO - Processing file /home/chrisfleig/.local/lib/python3.10/site-packages/airflow/example_dags/example_sensors.py for tasks to queue
[2023-01-03T22:52:30.041+0100] {logging_mixin.py:137} INFO - [2023-01-03T22:52:30.041+0100] {dagbag.py:538} INFO - Filling up the DagBag from /home/chrisfleig/.local/lib/python3.10/site-packages/airflow/example_dags/example_sensors.py
[2023-01-03T22:52:30.059+0100] {processor.py:753} INFO - DAG(s) dict_keys(['example_sensors']) retrieved from /home/chrisfleig/.local/lib/python3.10/site-packages/airflow/example_dags/example_sensors.py
[2023-01-03T22:52:30.082+0100] {logging_mixin.py:137} INFO - [2023-01-03T22:52:30.082+0100] {dag.py:2676} INFO - Sync 1 DAGs
[2023-01-03T22:52:30.100+0100] {logging_mixin.py:137} INFO - [2023-01-03T22:52:30.100+0100] {dag.py:3423} INFO - Setting next_dagrun for example_sensors to None, run_after=None
[2023-01-03T22:52:30.136+0100] {processor.py:175} INFO - Processing /home/chrisfleig/.local/lib/python3.10/site-packages/airflow/example_dags/example_sensors.py took 0.100 seconds
[2023-01-03T22:53:08.286+0100] {processor.py:153} INFO - Started process (PID=9827) to work on /home/chrisfleig/.local/lib/python3.10/site-packages/airflow/example_dags/example_sensors.py
[2023-01-03T22:53:08.287+0100] {processor.py:743} INFO - Processing file /home/chrisfleig/.local/lib/python3.10/site-packages/airflow/example_dags/example_sensors.py for tasks to queue
[2023-01-03T22:53:08.288+0100] {logging_mixin.py:137} INFO - [2023-01-03T22:53:08.288+0100] {dagbag.py:538} INFO - Filling up the DagBag from /home/chrisfleig/.local/lib/python3.10/site-packages/airflow/example_dags/example_sensors.py
[2023-01-03T22:53:08.306+0100] {processor.py:753} INFO - DAG(s) dict_keys(['example_sensors']) retrieved from /home/chrisfleig/.local/lib/python3.10/site-packages/airflow/example_dags/example_sensors.py
[2023-01-03T22:53:08.329+0100] {logging_mixin.py:137} INFO - [2023-01-03T22:53:08.329+0100] {dag.py:2676} INFO - Sync 1 DAGs
[2023-01-03T22:53:08.346+0100] {logging_mixin.py:137} INFO - [2023-01-03T22:53:08.346+0100] {dag.py:3423} INFO - Setting next_dagrun for example_sensors to None, run_after=None
[2023-01-03T22:53:08.385+0100] {processor.py:175} INFO - Processing /home/chrisfleig/.local/lib/python3.10/site-packages/airflow/example_dags/example_sensors.py took 0.102 seconds
[2023-01-03T22:53:47.513+0100] {processor.py:153} INFO - Started process (PID=9867) to work on /home/chrisfleig/.local/lib/python3.10/site-packages/airflow/example_dags/example_sensors.py
[2023-01-03T22:53:47.515+0100] {processor.py:743} INFO - Processing file /home/chrisfleig/.local/lib/python3.10/site-packages/airflow/example_dags/example_sensors.py for tasks to queue
[2023-01-03T22:53:47.516+0100] {logging_mixin.py:137} INFO - [2023-01-03T22:53:47.516+0100] {dagbag.py:538} INFO - Filling up the DagBag from /home/chrisfleig/.local/lib/python3.10/site-packages/airflow/example_dags/example_sensors.py
[2023-01-03T22:53:47.567+0100] {processor.py:753} INFO - DAG(s) dict_keys(['example_sensors']) retrieved from /home/chrisfleig/.local/lib/python3.10/site-packages/airflow/example_dags/example_sensors.py
[2023-01-03T22:53:47.613+0100] {logging_mixin.py:137} INFO - [2023-01-03T22:53:47.613+0100] {dag.py:2676} INFO - Sync 1 DAGs
[2023-01-03T22:53:47.652+0100] {logging_mixin.py:137} INFO - [2023-01-03T22:53:47.652+0100] {dag.py:3423} INFO - Setting next_dagrun for example_sensors to None, run_after=None
[2023-01-03T22:53:47.697+0100] {processor.py:175} INFO - Processing /home/chrisfleig/.local/lib/python3.10/site-packages/airflow/example_dags/example_sensors.py took 0.189 seconds
[2023-01-03T22:54:30.348+0100] {processor.py:153} INFO - Started process (PID=9909) to work on /home/chrisfleig/.local/lib/python3.10/site-packages/airflow/example_dags/example_sensors.py
[2023-01-03T22:54:30.350+0100] {processor.py:743} INFO - Processing file /home/chrisfleig/.local/lib/python3.10/site-packages/airflow/example_dags/example_sensors.py for tasks to queue
[2023-01-03T22:54:30.353+0100] {logging_mixin.py:137} INFO - [2023-01-03T22:54:30.352+0100] {dagbag.py:538} INFO - Filling up the DagBag from /home/chrisfleig/.local/lib/python3.10/site-packages/airflow/example_dags/example_sensors.py
[2023-01-03T22:54:30.394+0100] {processor.py:753} INFO - DAG(s) dict_keys(['example_sensors']) retrieved from /home/chrisfleig/.local/lib/python3.10/site-packages/airflow/example_dags/example_sensors.py
[2023-01-03T22:54:30.454+0100] {logging_mixin.py:137} INFO - [2023-01-03T22:54:30.454+0100] {dag.py:2676} INFO - Sync 1 DAGs
[2023-01-03T22:54:30.518+0100] {logging_mixin.py:137} INFO - [2023-01-03T22:54:30.518+0100] {dag.py:3423} INFO - Setting next_dagrun for example_sensors to None, run_after=None
[2023-01-03T22:54:30.712+0100] {processor.py:175} INFO - Processing /home/chrisfleig/.local/lib/python3.10/site-packages/airflow/example_dags/example_sensors.py took 0.367 seconds
[2023-01-03T22:55:12.803+0100] {processor.py:153} INFO - Started process (PID=9948) to work on /home/chrisfleig/.local/lib/python3.10/site-packages/airflow/example_dags/example_sensors.py
[2023-01-03T22:55:12.806+0100] {processor.py:743} INFO - Processing file /home/chrisfleig/.local/lib/python3.10/site-packages/airflow/example_dags/example_sensors.py for tasks to queue
[2023-01-03T22:55:12.807+0100] {logging_mixin.py:137} INFO - [2023-01-03T22:55:12.807+0100] {dagbag.py:538} INFO - Filling up the DagBag from /home/chrisfleig/.local/lib/python3.10/site-packages/airflow/example_dags/example_sensors.py
[2023-01-03T22:55:12.841+0100] {processor.py:753} INFO - DAG(s) dict_keys(['example_sensors']) retrieved from /home/chrisfleig/.local/lib/python3.10/site-packages/airflow/example_dags/example_sensors.py
[2023-01-03T22:55:12.883+0100] {logging_mixin.py:137} INFO - [2023-01-03T22:55:12.883+0100] {dag.py:2676} INFO - Sync 1 DAGs
[2023-01-03T22:55:12.917+0100] {logging_mixin.py:137} INFO - [2023-01-03T22:55:12.917+0100] {dag.py:3423} INFO - Setting next_dagrun for example_sensors to None, run_after=None
[2023-01-03T22:55:12.980+0100] {processor.py:175} INFO - Processing /home/chrisfleig/.local/lib/python3.10/site-packages/airflow/example_dags/example_sensors.py took 0.180 seconds
[2023-01-03T22:55:55.173+0100] {processor.py:153} INFO - Started process (PID=9987) to work on /home/chrisfleig/.local/lib/python3.10/site-packages/airflow/example_dags/example_sensors.py
[2023-01-03T22:55:55.180+0100] {processor.py:743} INFO - Processing file /home/chrisfleig/.local/lib/python3.10/site-packages/airflow/example_dags/example_sensors.py for tasks to queue
[2023-01-03T22:55:55.181+0100] {logging_mixin.py:137} INFO - [2023-01-03T22:55:55.181+0100] {dagbag.py:538} INFO - Filling up the DagBag from /home/chrisfleig/.local/lib/python3.10/site-packages/airflow/example_dags/example_sensors.py
[2023-01-03T22:55:55.210+0100] {processor.py:753} INFO - DAG(s) dict_keys(['example_sensors']) retrieved from /home/chrisfleig/.local/lib/python3.10/site-packages/airflow/example_dags/example_sensors.py
[2023-01-03T22:55:55.238+0100] {logging_mixin.py:137} INFO - [2023-01-03T22:55:55.238+0100] {dag.py:2676} INFO - Sync 1 DAGs
[2023-01-03T22:55:55.255+0100] {logging_mixin.py:137} INFO - [2023-01-03T22:55:55.255+0100] {dag.py:3423} INFO - Setting next_dagrun for example_sensors to None, run_after=None
[2023-01-03T22:55:55.319+0100] {processor.py:175} INFO - Processing /home/chrisfleig/.local/lib/python3.10/site-packages/airflow/example_dags/example_sensors.py took 0.149 seconds
[2023-01-03T22:56:37.582+0100] {processor.py:153} INFO - Started process (PID=10030) to work on /home/chrisfleig/.local/lib/python3.10/site-packages/airflow/example_dags/example_sensors.py
[2023-01-03T22:56:37.584+0100] {processor.py:743} INFO - Processing file /home/chrisfleig/.local/lib/python3.10/site-packages/airflow/example_dags/example_sensors.py for tasks to queue
[2023-01-03T22:56:37.585+0100] {logging_mixin.py:137} INFO - [2023-01-03T22:56:37.585+0100] {dagbag.py:538} INFO - Filling up the DagBag from /home/chrisfleig/.local/lib/python3.10/site-packages/airflow/example_dags/example_sensors.py
[2023-01-03T22:56:37.617+0100] {processor.py:753} INFO - DAG(s) dict_keys(['example_sensors']) retrieved from /home/chrisfleig/.local/lib/python3.10/site-packages/airflow/example_dags/example_sensors.py
[2023-01-03T22:56:37.656+0100] {logging_mixin.py:137} INFO - [2023-01-03T22:56:37.655+0100] {dag.py:2676} INFO - Sync 1 DAGs
[2023-01-03T22:56:37.683+0100] {logging_mixin.py:137} INFO - [2023-01-03T22:56:37.683+0100] {dag.py:3423} INFO - Setting next_dagrun for example_sensors to None, run_after=None
[2023-01-03T22:56:37.727+0100] {processor.py:175} INFO - Processing /home/chrisfleig/.local/lib/python3.10/site-packages/airflow/example_dags/example_sensors.py took 0.154 seconds
