[2023-01-03T22:11:21.384+0100] {processor.py:153} INFO - Started process (PID=8214) to work on /home/chrisfleig/.local/lib/python3.10/site-packages/airflow/example_dags/example_short_circuit_decorator.py
[2023-01-03T22:11:21.385+0100] {processor.py:743} INFO - Processing file /home/chrisfleig/.local/lib/python3.10/site-packages/airflow/example_dags/example_short_circuit_decorator.py for tasks to queue
[2023-01-03T22:11:21.386+0100] {logging_mixin.py:137} INFO - [2023-01-03T22:11:21.385+0100] {dagbag.py:538} INFO - Filling up the DagBag from /home/chrisfleig/.local/lib/python3.10/site-packages/airflow/example_dags/example_short_circuit_decorator.py
[2023-01-03T22:11:21.407+0100] {processor.py:753} INFO - DAG(s) dict_keys(['example_short_circuit_decorator']) retrieved from /home/chrisfleig/.local/lib/python3.10/site-packages/airflow/example_dags/example_short_circuit_decorator.py
[2023-01-03T22:11:21.536+0100] {logging_mixin.py:137} INFO - [2023-01-03T22:11:21.536+0100] {manager.py:504} INFO - Created Permission View: can edit on DAG:example_short_circuit_decorator
[2023-01-03T22:11:21.560+0100] {logging_mixin.py:137} INFO - [2023-01-03T22:11:21.560+0100] {manager.py:504} INFO - Created Permission View: can delete on DAG:example_short_circuit_decorator
[2023-01-03T22:11:21.592+0100] {logging_mixin.py:137} INFO - [2023-01-03T22:11:21.592+0100] {manager.py:504} INFO - Created Permission View: can read on DAG:example_short_circuit_decorator
[2023-01-03T22:11:21.593+0100] {logging_mixin.py:137} INFO - [2023-01-03T22:11:21.593+0100] {dag.py:2676} INFO - Sync 1 DAGs
[2023-01-03T22:11:21.602+0100] {logging_mixin.py:137} INFO - [2023-01-03T22:11:21.602+0100] {dag.py:2697} INFO - Creating ORM DAG for example_short_circuit_decorator
[2023-01-03T22:11:21.610+0100] {logging_mixin.py:137} INFO - [2023-01-03T22:11:21.610+0100] {dag.py:3423} INFO - Setting next_dagrun for example_short_circuit_decorator to 2023-01-02T21:11:21.610179+00:00, run_after=2023-01-03T21:11:21.610179+00:00
[2023-01-03T22:11:21.655+0100] {processor.py:175} INFO - Processing /home/chrisfleig/.local/lib/python3.10/site-packages/airflow/example_dags/example_short_circuit_decorator.py took 0.274 seconds
[2023-01-03T22:12:00.628+0100] {processor.py:153} INFO - Started process (PID=8252) to work on /home/chrisfleig/.local/lib/python3.10/site-packages/airflow/example_dags/example_short_circuit_decorator.py
[2023-01-03T22:12:00.630+0100] {processor.py:743} INFO - Processing file /home/chrisfleig/.local/lib/python3.10/site-packages/airflow/example_dags/example_short_circuit_decorator.py for tasks to queue
[2023-01-03T22:12:00.630+0100] {logging_mixin.py:137} INFO - [2023-01-03T22:12:00.630+0100] {dagbag.py:538} INFO - Filling up the DagBag from /home/chrisfleig/.local/lib/python3.10/site-packages/airflow/example_dags/example_short_circuit_decorator.py
[2023-01-03T22:12:00.653+0100] {processor.py:753} INFO - DAG(s) dict_keys(['example_short_circuit_decorator']) retrieved from /home/chrisfleig/.local/lib/python3.10/site-packages/airflow/example_dags/example_short_circuit_decorator.py
[2023-01-03T22:12:00.674+0100] {logging_mixin.py:137} INFO - [2023-01-03T22:12:00.674+0100] {dag.py:2676} INFO - Sync 1 DAGs
[2023-01-03T22:12:00.690+0100] {logging_mixin.py:137} INFO - [2023-01-03T22:12:00.690+0100] {dag.py:3423} INFO - Setting next_dagrun for example_short_circuit_decorator to 2023-01-02T21:12:00.690039+00:00, run_after=2023-01-03T21:12:00.690039+00:00
[2023-01-03T22:12:00.727+0100] {processor.py:175} INFO - Processing /home/chrisfleig/.local/lib/python3.10/site-packages/airflow/example_dags/example_short_circuit_decorator.py took 0.101 seconds
[2023-01-03T22:12:39.946+0100] {processor.py:153} INFO - Started process (PID=8290) to work on /home/chrisfleig/.local/lib/python3.10/site-packages/airflow/example_dags/example_short_circuit_decorator.py
[2023-01-03T22:12:39.947+0100] {processor.py:743} INFO - Processing file /home/chrisfleig/.local/lib/python3.10/site-packages/airflow/example_dags/example_short_circuit_decorator.py for tasks to queue
[2023-01-03T22:12:39.947+0100] {logging_mixin.py:137} INFO - [2023-01-03T22:12:39.947+0100] {dagbag.py:538} INFO - Filling up the DagBag from /home/chrisfleig/.local/lib/python3.10/site-packages/airflow/example_dags/example_short_circuit_decorator.py
[2023-01-03T22:12:39.971+0100] {processor.py:753} INFO - DAG(s) dict_keys(['example_short_circuit_decorator']) retrieved from /home/chrisfleig/.local/lib/python3.10/site-packages/airflow/example_dags/example_short_circuit_decorator.py
[2023-01-03T22:12:39.992+0100] {logging_mixin.py:137} INFO - [2023-01-03T22:12:39.991+0100] {dag.py:2676} INFO - Sync 1 DAGs
[2023-01-03T22:12:40.009+0100] {logging_mixin.py:137} INFO - [2023-01-03T22:12:40.009+0100] {dag.py:3423} INFO - Setting next_dagrun for example_short_circuit_decorator to 2023-01-02T21:12:40.009188+00:00, run_after=2023-01-03T21:12:40.009188+00:00
[2023-01-03T22:12:40.048+0100] {processor.py:175} INFO - Processing /home/chrisfleig/.local/lib/python3.10/site-packages/airflow/example_dags/example_short_circuit_decorator.py took 0.105 seconds
[2023-01-03T22:13:18.704+0100] {processor.py:153} INFO - Started process (PID=8328) to work on /home/chrisfleig/.local/lib/python3.10/site-packages/airflow/example_dags/example_short_circuit_decorator.py
[2023-01-03T22:13:18.705+0100] {processor.py:743} INFO - Processing file /home/chrisfleig/.local/lib/python3.10/site-packages/airflow/example_dags/example_short_circuit_decorator.py for tasks to queue
[2023-01-03T22:13:18.706+0100] {logging_mixin.py:137} INFO - [2023-01-03T22:13:18.705+0100] {dagbag.py:538} INFO - Filling up the DagBag from /home/chrisfleig/.local/lib/python3.10/site-packages/airflow/example_dags/example_short_circuit_decorator.py
[2023-01-03T22:13:18.755+0100] {processor.py:753} INFO - DAG(s) dict_keys(['example_short_circuit_decorator']) retrieved from /home/chrisfleig/.local/lib/python3.10/site-packages/airflow/example_dags/example_short_circuit_decorator.py
[2023-01-03T22:13:18.797+0100] {logging_mixin.py:137} INFO - [2023-01-03T22:13:18.797+0100] {dag.py:2676} INFO - Sync 1 DAGs
[2023-01-03T22:13:18.827+0100] {logging_mixin.py:137} INFO - [2023-01-03T22:13:18.826+0100] {dag.py:3423} INFO - Setting next_dagrun for example_short_circuit_decorator to 2023-01-02T21:13:18.826396+00:00, run_after=2023-01-03T21:13:18.826396+00:00
[2023-01-03T22:13:18.883+0100] {processor.py:175} INFO - Processing /home/chrisfleig/.local/lib/python3.10/site-packages/airflow/example_dags/example_short_circuit_decorator.py took 0.188 seconds
[2023-01-03T22:13:56.885+0100] {processor.py:153} INFO - Started process (PID=8366) to work on /home/chrisfleig/.local/lib/python3.10/site-packages/airflow/example_dags/example_short_circuit_decorator.py
[2023-01-03T22:13:56.886+0100] {processor.py:743} INFO - Processing file /home/chrisfleig/.local/lib/python3.10/site-packages/airflow/example_dags/example_short_circuit_decorator.py for tasks to queue
[2023-01-03T22:13:56.887+0100] {logging_mixin.py:137} INFO - [2023-01-03T22:13:56.887+0100] {dagbag.py:538} INFO - Filling up the DagBag from /home/chrisfleig/.local/lib/python3.10/site-packages/airflow/example_dags/example_short_circuit_decorator.py
[2023-01-03T22:13:56.910+0100] {processor.py:753} INFO - DAG(s) dict_keys(['example_short_circuit_decorator']) retrieved from /home/chrisfleig/.local/lib/python3.10/site-packages/airflow/example_dags/example_short_circuit_decorator.py
[2023-01-03T22:13:56.933+0100] {logging_mixin.py:137} INFO - [2023-01-03T22:13:56.932+0100] {dag.py:2676} INFO - Sync 1 DAGs
[2023-01-03T22:13:56.951+0100] {logging_mixin.py:137} INFO - [2023-01-03T22:13:56.951+0100] {dag.py:3423} INFO - Setting next_dagrun for example_short_circuit_decorator to 2023-01-02T21:13:56.951018+00:00, run_after=2023-01-03T21:13:56.951018+00:00
[2023-01-03T22:13:56.987+0100] {processor.py:175} INFO - Processing /home/chrisfleig/.local/lib/python3.10/site-packages/airflow/example_dags/example_short_circuit_decorator.py took 0.104 seconds
[2023-01-03T22:14:37.259+0100] {processor.py:153} INFO - Started process (PID=8404) to work on /home/chrisfleig/.local/lib/python3.10/site-packages/airflow/example_dags/example_short_circuit_decorator.py
[2023-01-03T22:14:37.260+0100] {processor.py:743} INFO - Processing file /home/chrisfleig/.local/lib/python3.10/site-packages/airflow/example_dags/example_short_circuit_decorator.py for tasks to queue
[2023-01-03T22:14:37.261+0100] {logging_mixin.py:137} INFO - [2023-01-03T22:14:37.261+0100] {dagbag.py:538} INFO - Filling up the DagBag from /home/chrisfleig/.local/lib/python3.10/site-packages/airflow/example_dags/example_short_circuit_decorator.py
[2023-01-03T22:14:37.284+0100] {processor.py:753} INFO - DAG(s) dict_keys(['example_short_circuit_decorator']) retrieved from /home/chrisfleig/.local/lib/python3.10/site-packages/airflow/example_dags/example_short_circuit_decorator.py
[2023-01-03T22:14:37.305+0100] {logging_mixin.py:137} INFO - [2023-01-03T22:14:37.305+0100] {dag.py:2676} INFO - Sync 1 DAGs
[2023-01-03T22:14:37.323+0100] {logging_mixin.py:137} INFO - [2023-01-03T22:14:37.323+0100] {dag.py:3423} INFO - Setting next_dagrun for example_short_circuit_decorator to 2023-01-02T21:14:37.322925+00:00, run_after=2023-01-03T21:14:37.322925+00:00
[2023-01-03T22:14:37.357+0100] {processor.py:175} INFO - Processing /home/chrisfleig/.local/lib/python3.10/site-packages/airflow/example_dags/example_short_circuit_decorator.py took 0.101 seconds
[2023-01-03T22:15:15.130+0100] {processor.py:153} INFO - Started process (PID=8442) to work on /home/chrisfleig/.local/lib/python3.10/site-packages/airflow/example_dags/example_short_circuit_decorator.py
[2023-01-03T22:15:15.131+0100] {processor.py:743} INFO - Processing file /home/chrisfleig/.local/lib/python3.10/site-packages/airflow/example_dags/example_short_circuit_decorator.py for tasks to queue
[2023-01-03T22:15:15.131+0100] {logging_mixin.py:137} INFO - [2023-01-03T22:15:15.131+0100] {dagbag.py:538} INFO - Filling up the DagBag from /home/chrisfleig/.local/lib/python3.10/site-packages/airflow/example_dags/example_short_circuit_decorator.py
[2023-01-03T22:15:15.155+0100] {processor.py:753} INFO - DAG(s) dict_keys(['example_short_circuit_decorator']) retrieved from /home/chrisfleig/.local/lib/python3.10/site-packages/airflow/example_dags/example_short_circuit_decorator.py
[2023-01-03T22:15:15.179+0100] {logging_mixin.py:137} INFO - [2023-01-03T22:15:15.179+0100] {dag.py:2676} INFO - Sync 1 DAGs
[2023-01-03T22:15:15.199+0100] {logging_mixin.py:137} INFO - [2023-01-03T22:15:15.199+0100] {dag.py:3423} INFO - Setting next_dagrun for example_short_circuit_decorator to 2023-01-02T21:15:15.199270+00:00, run_after=2023-01-03T21:15:15.199270+00:00
[2023-01-03T22:15:15.238+0100] {processor.py:175} INFO - Processing /home/chrisfleig/.local/lib/python3.10/site-packages/airflow/example_dags/example_short_circuit_decorator.py took 0.111 seconds
[2023-01-03T22:31:49.424+0100] {processor.py:153} INFO - Started process (PID=8577) to work on /home/chrisfleig/.local/lib/python3.10/site-packages/airflow/example_dags/example_short_circuit_decorator.py
[2023-01-03T22:31:49.426+0100] {processor.py:743} INFO - Processing file /home/chrisfleig/.local/lib/python3.10/site-packages/airflow/example_dags/example_short_circuit_decorator.py for tasks to queue
[2023-01-03T22:31:49.427+0100] {logging_mixin.py:137} INFO - [2023-01-03T22:31:49.426+0100] {dagbag.py:538} INFO - Filling up the DagBag from /home/chrisfleig/.local/lib/python3.10/site-packages/airflow/example_dags/example_short_circuit_decorator.py
[2023-01-03T22:31:49.453+0100] {processor.py:753} INFO - DAG(s) dict_keys(['example_short_circuit_decorator']) retrieved from /home/chrisfleig/.local/lib/python3.10/site-packages/airflow/example_dags/example_short_circuit_decorator.py
[2023-01-03T22:31:49.478+0100] {logging_mixin.py:137} INFO - [2023-01-03T22:31:49.478+0100] {dag.py:2676} INFO - Sync 1 DAGs
[2023-01-03T22:31:49.497+0100] {logging_mixin.py:137} INFO - [2023-01-03T22:31:49.496+0100] {dag.py:3423} INFO - Setting next_dagrun for example_short_circuit_decorator to 2023-01-02T21:31:49.496632+00:00, run_after=2023-01-03T21:31:49.496632+00:00
[2023-01-03T22:31:49.535+0100] {processor.py:175} INFO - Processing /home/chrisfleig/.local/lib/python3.10/site-packages/airflow/example_dags/example_short_circuit_decorator.py took 0.113 seconds
[2023-01-03T22:32:29.048+0100] {processor.py:153} INFO - Started process (PID=8615) to work on /home/chrisfleig/.local/lib/python3.10/site-packages/airflow/example_dags/example_short_circuit_decorator.py
[2023-01-03T22:32:29.049+0100] {processor.py:743} INFO - Processing file /home/chrisfleig/.local/lib/python3.10/site-packages/airflow/example_dags/example_short_circuit_decorator.py for tasks to queue
[2023-01-03T22:32:29.049+0100] {logging_mixin.py:137} INFO - [2023-01-03T22:32:29.049+0100] {dagbag.py:538} INFO - Filling up the DagBag from /home/chrisfleig/.local/lib/python3.10/site-packages/airflow/example_dags/example_short_circuit_decorator.py
[2023-01-03T22:32:29.070+0100] {processor.py:753} INFO - DAG(s) dict_keys(['example_short_circuit_decorator']) retrieved from /home/chrisfleig/.local/lib/python3.10/site-packages/airflow/example_dags/example_short_circuit_decorator.py
[2023-01-03T22:32:29.091+0100] {logging_mixin.py:137} INFO - [2023-01-03T22:32:29.091+0100] {dag.py:2676} INFO - Sync 1 DAGs
[2023-01-03T22:32:29.107+0100] {logging_mixin.py:137} INFO - [2023-01-03T22:32:29.107+0100] {dag.py:3423} INFO - Setting next_dagrun for example_short_circuit_decorator to 2023-01-02T21:32:29.107271+00:00, run_after=2023-01-03T21:32:29.107271+00:00
[2023-01-03T22:32:29.143+0100] {processor.py:175} INFO - Processing /home/chrisfleig/.local/lib/python3.10/site-packages/airflow/example_dags/example_short_circuit_decorator.py took 0.098 seconds
[2023-01-03T22:33:07.747+0100] {processor.py:153} INFO - Started process (PID=8653) to work on /home/chrisfleig/.local/lib/python3.10/site-packages/airflow/example_dags/example_short_circuit_decorator.py
[2023-01-03T22:33:07.748+0100] {processor.py:743} INFO - Processing file /home/chrisfleig/.local/lib/python3.10/site-packages/airflow/example_dags/example_short_circuit_decorator.py for tasks to queue
[2023-01-03T22:33:07.749+0100] {logging_mixin.py:137} INFO - [2023-01-03T22:33:07.749+0100] {dagbag.py:538} INFO - Filling up the DagBag from /home/chrisfleig/.local/lib/python3.10/site-packages/airflow/example_dags/example_short_circuit_decorator.py
[2023-01-03T22:33:07.771+0100] {processor.py:753} INFO - DAG(s) dict_keys(['example_short_circuit_decorator']) retrieved from /home/chrisfleig/.local/lib/python3.10/site-packages/airflow/example_dags/example_short_circuit_decorator.py
[2023-01-03T22:33:07.791+0100] {logging_mixin.py:137} INFO - [2023-01-03T22:33:07.791+0100] {dag.py:2676} INFO - Sync 1 DAGs
[2023-01-03T22:33:07.807+0100] {logging_mixin.py:137} INFO - [2023-01-03T22:33:07.807+0100] {dag.py:3423} INFO - Setting next_dagrun for example_short_circuit_decorator to 2023-01-02T21:33:07.806854+00:00, run_after=2023-01-03T21:33:07.806854+00:00
[2023-01-03T22:33:07.841+0100] {processor.py:175} INFO - Processing /home/chrisfleig/.local/lib/python3.10/site-packages/airflow/example_dags/example_short_circuit_decorator.py took 0.096 seconds
[2023-01-03T22:33:47.274+0100] {processor.py:153} INFO - Started process (PID=8691) to work on /home/chrisfleig/.local/lib/python3.10/site-packages/airflow/example_dags/example_short_circuit_decorator.py
[2023-01-03T22:33:47.275+0100] {processor.py:743} INFO - Processing file /home/chrisfleig/.local/lib/python3.10/site-packages/airflow/example_dags/example_short_circuit_decorator.py for tasks to queue
[2023-01-03T22:33:47.276+0100] {logging_mixin.py:137} INFO - [2023-01-03T22:33:47.276+0100] {dagbag.py:538} INFO - Filling up the DagBag from /home/chrisfleig/.local/lib/python3.10/site-packages/airflow/example_dags/example_short_circuit_decorator.py
[2023-01-03T22:33:47.297+0100] {processor.py:753} INFO - DAG(s) dict_keys(['example_short_circuit_decorator']) retrieved from /home/chrisfleig/.local/lib/python3.10/site-packages/airflow/example_dags/example_short_circuit_decorator.py
[2023-01-03T22:33:47.317+0100] {logging_mixin.py:137} INFO - [2023-01-03T22:33:47.317+0100] {dag.py:2676} INFO - Sync 1 DAGs
[2023-01-03T22:33:47.333+0100] {logging_mixin.py:137} INFO - [2023-01-03T22:33:47.333+0100] {dag.py:3423} INFO - Setting next_dagrun for example_short_circuit_decorator to 2023-01-02T21:33:47.333583+00:00, run_after=2023-01-03T21:33:47.333583+00:00
[2023-01-03T22:33:47.369+0100] {processor.py:175} INFO - Processing /home/chrisfleig/.local/lib/python3.10/site-packages/airflow/example_dags/example_short_circuit_decorator.py took 0.097 seconds
[2023-01-03T22:34:27.705+0100] {processor.py:153} INFO - Started process (PID=8729) to work on /home/chrisfleig/.local/lib/python3.10/site-packages/airflow/example_dags/example_short_circuit_decorator.py
[2023-01-03T22:34:27.706+0100] {processor.py:743} INFO - Processing file /home/chrisfleig/.local/lib/python3.10/site-packages/airflow/example_dags/example_short_circuit_decorator.py for tasks to queue
[2023-01-03T22:34:27.706+0100] {logging_mixin.py:137} INFO - [2023-01-03T22:34:27.706+0100] {dagbag.py:538} INFO - Filling up the DagBag from /home/chrisfleig/.local/lib/python3.10/site-packages/airflow/example_dags/example_short_circuit_decorator.py
[2023-01-03T22:34:27.727+0100] {processor.py:753} INFO - DAG(s) dict_keys(['example_short_circuit_decorator']) retrieved from /home/chrisfleig/.local/lib/python3.10/site-packages/airflow/example_dags/example_short_circuit_decorator.py
[2023-01-03T22:34:27.747+0100] {logging_mixin.py:137} INFO - [2023-01-03T22:34:27.747+0100] {dag.py:2676} INFO - Sync 1 DAGs
[2023-01-03T22:34:27.763+0100] {logging_mixin.py:137} INFO - [2023-01-03T22:34:27.763+0100] {dag.py:3423} INFO - Setting next_dagrun for example_short_circuit_decorator to 2023-01-02T21:34:27.763445+00:00, run_after=2023-01-03T21:34:27.763445+00:00
[2023-01-03T22:34:27.798+0100] {processor.py:175} INFO - Processing /home/chrisfleig/.local/lib/python3.10/site-packages/airflow/example_dags/example_short_circuit_decorator.py took 0.096 seconds
[2023-01-03T22:35:05.911+0100] {processor.py:153} INFO - Started process (PID=8767) to work on /home/chrisfleig/.local/lib/python3.10/site-packages/airflow/example_dags/example_short_circuit_decorator.py
[2023-01-03T22:35:05.912+0100] {processor.py:743} INFO - Processing file /home/chrisfleig/.local/lib/python3.10/site-packages/airflow/example_dags/example_short_circuit_decorator.py for tasks to queue
[2023-01-03T22:35:05.912+0100] {logging_mixin.py:137} INFO - [2023-01-03T22:35:05.912+0100] {dagbag.py:538} INFO - Filling up the DagBag from /home/chrisfleig/.local/lib/python3.10/site-packages/airflow/example_dags/example_short_circuit_decorator.py
[2023-01-03T22:35:05.934+0100] {processor.py:753} INFO - DAG(s) dict_keys(['example_short_circuit_decorator']) retrieved from /home/chrisfleig/.local/lib/python3.10/site-packages/airflow/example_dags/example_short_circuit_decorator.py
[2023-01-03T22:35:05.954+0100] {logging_mixin.py:137} INFO - [2023-01-03T22:35:05.954+0100] {dag.py:2676} INFO - Sync 1 DAGs
[2023-01-03T22:35:05.971+0100] {logging_mixin.py:137} INFO - [2023-01-03T22:35:05.971+0100] {dag.py:3423} INFO - Setting next_dagrun for example_short_circuit_decorator to 2023-01-02T21:35:05.971256+00:00, run_after=2023-01-03T21:35:05.971256+00:00
[2023-01-03T22:35:06.011+0100] {processor.py:175} INFO - Processing /home/chrisfleig/.local/lib/python3.10/site-packages/airflow/example_dags/example_short_circuit_decorator.py took 0.103 seconds
[2023-01-03T22:35:46.074+0100] {processor.py:153} INFO - Started process (PID=8805) to work on /home/chrisfleig/.local/lib/python3.10/site-packages/airflow/example_dags/example_short_circuit_decorator.py
[2023-01-03T22:35:46.075+0100] {processor.py:743} INFO - Processing file /home/chrisfleig/.local/lib/python3.10/site-packages/airflow/example_dags/example_short_circuit_decorator.py for tasks to queue
[2023-01-03T22:35:46.075+0100] {logging_mixin.py:137} INFO - [2023-01-03T22:35:46.075+0100] {dagbag.py:538} INFO - Filling up the DagBag from /home/chrisfleig/.local/lib/python3.10/site-packages/airflow/example_dags/example_short_circuit_decorator.py
[2023-01-03T22:35:46.096+0100] {processor.py:753} INFO - DAG(s) dict_keys(['example_short_circuit_decorator']) retrieved from /home/chrisfleig/.local/lib/python3.10/site-packages/airflow/example_dags/example_short_circuit_decorator.py
[2023-01-03T22:35:46.116+0100] {logging_mixin.py:137} INFO - [2023-01-03T22:35:46.116+0100] {dag.py:2676} INFO - Sync 1 DAGs
[2023-01-03T22:35:46.133+0100] {logging_mixin.py:137} INFO - [2023-01-03T22:35:46.133+0100] {dag.py:3423} INFO - Setting next_dagrun for example_short_circuit_decorator to 2023-01-02T21:35:46.133580+00:00, run_after=2023-01-03T21:35:46.133580+00:00
[2023-01-03T22:35:46.172+0100] {processor.py:175} INFO - Processing /home/chrisfleig/.local/lib/python3.10/site-packages/airflow/example_dags/example_short_circuit_decorator.py took 0.101 seconds
[2023-01-03T22:36:23.559+0100] {processor.py:153} INFO - Started process (PID=8843) to work on /home/chrisfleig/.local/lib/python3.10/site-packages/airflow/example_dags/example_short_circuit_decorator.py
[2023-01-03T22:36:23.564+0100] {processor.py:743} INFO - Processing file /home/chrisfleig/.local/lib/python3.10/site-packages/airflow/example_dags/example_short_circuit_decorator.py for tasks to queue
[2023-01-03T22:36:23.565+0100] {logging_mixin.py:137} INFO - [2023-01-03T22:36:23.565+0100] {dagbag.py:538} INFO - Filling up the DagBag from /home/chrisfleig/.local/lib/python3.10/site-packages/airflow/example_dags/example_short_circuit_decorator.py
[2023-01-03T22:36:23.593+0100] {processor.py:753} INFO - DAG(s) dict_keys(['example_short_circuit_decorator']) retrieved from /home/chrisfleig/.local/lib/python3.10/site-packages/airflow/example_dags/example_short_circuit_decorator.py
[2023-01-03T22:36:23.619+0100] {logging_mixin.py:137} INFO - [2023-01-03T22:36:23.619+0100] {dag.py:2676} INFO - Sync 1 DAGs
[2023-01-03T22:36:23.638+0100] {logging_mixin.py:137} INFO - [2023-01-03T22:36:23.637+0100] {dag.py:3423} INFO - Setting next_dagrun for example_short_circuit_decorator to 2023-01-02T21:36:23.637732+00:00, run_after=2023-01-03T21:36:23.637732+00:00
[2023-01-03T22:36:23.680+0100] {processor.py:175} INFO - Processing /home/chrisfleig/.local/lib/python3.10/site-packages/airflow/example_dags/example_short_circuit_decorator.py took 0.124 seconds
[2023-01-03T22:37:01.839+0100] {processor.py:153} INFO - Started process (PID=8881) to work on /home/chrisfleig/.local/lib/python3.10/site-packages/airflow/example_dags/example_short_circuit_decorator.py
[2023-01-03T22:37:01.840+0100] {processor.py:743} INFO - Processing file /home/chrisfleig/.local/lib/python3.10/site-packages/airflow/example_dags/example_short_circuit_decorator.py for tasks to queue
[2023-01-03T22:37:01.840+0100] {logging_mixin.py:137} INFO - [2023-01-03T22:37:01.840+0100] {dagbag.py:538} INFO - Filling up the DagBag from /home/chrisfleig/.local/lib/python3.10/site-packages/airflow/example_dags/example_short_circuit_decorator.py
[2023-01-03T22:37:01.862+0100] {processor.py:753} INFO - DAG(s) dict_keys(['example_short_circuit_decorator']) retrieved from /home/chrisfleig/.local/lib/python3.10/site-packages/airflow/example_dags/example_short_circuit_decorator.py
[2023-01-03T22:37:01.882+0100] {logging_mixin.py:137} INFO - [2023-01-03T22:37:01.882+0100] {dag.py:2676} INFO - Sync 1 DAGs
[2023-01-03T22:37:01.898+0100] {logging_mixin.py:137} INFO - [2023-01-03T22:37:01.898+0100] {dag.py:3423} INFO - Setting next_dagrun for example_short_circuit_decorator to 2023-01-02T21:37:01.898323+00:00, run_after=2023-01-03T21:37:01.898323+00:00
[2023-01-03T22:37:01.933+0100] {processor.py:175} INFO - Processing /home/chrisfleig/.local/lib/python3.10/site-packages/airflow/example_dags/example_short_circuit_decorator.py took 0.097 seconds
[2023-01-03T22:37:39.113+0100] {processor.py:153} INFO - Started process (PID=8919) to work on /home/chrisfleig/.local/lib/python3.10/site-packages/airflow/example_dags/example_short_circuit_decorator.py
[2023-01-03T22:37:39.114+0100] {processor.py:743} INFO - Processing file /home/chrisfleig/.local/lib/python3.10/site-packages/airflow/example_dags/example_short_circuit_decorator.py for tasks to queue
[2023-01-03T22:37:39.116+0100] {logging_mixin.py:137} INFO - [2023-01-03T22:37:39.115+0100] {dagbag.py:538} INFO - Filling up the DagBag from /home/chrisfleig/.local/lib/python3.10/site-packages/airflow/example_dags/example_short_circuit_decorator.py
[2023-01-03T22:37:39.144+0100] {processor.py:753} INFO - DAG(s) dict_keys(['example_short_circuit_decorator']) retrieved from /home/chrisfleig/.local/lib/python3.10/site-packages/airflow/example_dags/example_short_circuit_decorator.py
[2023-01-03T22:37:39.167+0100] {logging_mixin.py:137} INFO - [2023-01-03T22:37:39.167+0100] {dag.py:2676} INFO - Sync 1 DAGs
[2023-01-03T22:37:39.187+0100] {logging_mixin.py:137} INFO - [2023-01-03T22:37:39.186+0100] {dag.py:3423} INFO - Setting next_dagrun for example_short_circuit_decorator to 2023-01-02T21:37:39.186676+00:00, run_after=2023-01-03T21:37:39.186676+00:00
[2023-01-03T22:37:39.233+0100] {processor.py:175} INFO - Processing /home/chrisfleig/.local/lib/python3.10/site-packages/airflow/example_dags/example_short_circuit_decorator.py took 0.123 seconds
[2023-01-03T22:38:19.183+0100] {processor.py:153} INFO - Started process (PID=8957) to work on /home/chrisfleig/.local/lib/python3.10/site-packages/airflow/example_dags/example_short_circuit_decorator.py
[2023-01-03T22:38:19.184+0100] {processor.py:743} INFO - Processing file /home/chrisfleig/.local/lib/python3.10/site-packages/airflow/example_dags/example_short_circuit_decorator.py for tasks to queue
[2023-01-03T22:38:19.185+0100] {logging_mixin.py:137} INFO - [2023-01-03T22:38:19.185+0100] {dagbag.py:538} INFO - Filling up the DagBag from /home/chrisfleig/.local/lib/python3.10/site-packages/airflow/example_dags/example_short_circuit_decorator.py
[2023-01-03T22:38:19.206+0100] {processor.py:753} INFO - DAG(s) dict_keys(['example_short_circuit_decorator']) retrieved from /home/chrisfleig/.local/lib/python3.10/site-packages/airflow/example_dags/example_short_circuit_decorator.py
[2023-01-03T22:38:19.226+0100] {logging_mixin.py:137} INFO - [2023-01-03T22:38:19.226+0100] {dag.py:2676} INFO - Sync 1 DAGs
[2023-01-03T22:38:19.243+0100] {logging_mixin.py:137} INFO - [2023-01-03T22:38:19.243+0100] {dag.py:3423} INFO - Setting next_dagrun for example_short_circuit_decorator to 2023-01-02T21:38:19.242811+00:00, run_after=2023-01-03T21:38:19.242811+00:00
[2023-01-03T22:38:19.277+0100] {processor.py:175} INFO - Processing /home/chrisfleig/.local/lib/python3.10/site-packages/airflow/example_dags/example_short_circuit_decorator.py took 0.097 seconds
[2023-01-03T22:38:57.476+0100] {processor.py:153} INFO - Started process (PID=8995) to work on /home/chrisfleig/.local/lib/python3.10/site-packages/airflow/example_dags/example_short_circuit_decorator.py
[2023-01-03T22:38:57.477+0100] {processor.py:743} INFO - Processing file /home/chrisfleig/.local/lib/python3.10/site-packages/airflow/example_dags/example_short_circuit_decorator.py for tasks to queue
[2023-01-03T22:38:57.478+0100] {logging_mixin.py:137} INFO - [2023-01-03T22:38:57.478+0100] {dagbag.py:538} INFO - Filling up the DagBag from /home/chrisfleig/.local/lib/python3.10/site-packages/airflow/example_dags/example_short_circuit_decorator.py
[2023-01-03T22:38:57.500+0100] {processor.py:753} INFO - DAG(s) dict_keys(['example_short_circuit_decorator']) retrieved from /home/chrisfleig/.local/lib/python3.10/site-packages/airflow/example_dags/example_short_circuit_decorator.py
[2023-01-03T22:38:57.520+0100] {logging_mixin.py:137} INFO - [2023-01-03T22:38:57.520+0100] {dag.py:2676} INFO - Sync 1 DAGs
[2023-01-03T22:38:57.537+0100] {logging_mixin.py:137} INFO - [2023-01-03T22:38:57.537+0100] {dag.py:3423} INFO - Setting next_dagrun for example_short_circuit_decorator to 2023-01-02T21:38:57.536947+00:00, run_after=2023-01-03T21:38:57.536947+00:00
[2023-01-03T22:38:57.575+0100] {processor.py:175} INFO - Processing /home/chrisfleig/.local/lib/python3.10/site-packages/airflow/example_dags/example_short_circuit_decorator.py took 0.101 seconds
[2023-01-03T22:39:37.019+0100] {processor.py:153} INFO - Started process (PID=9033) to work on /home/chrisfleig/.local/lib/python3.10/site-packages/airflow/example_dags/example_short_circuit_decorator.py
[2023-01-03T22:39:37.020+0100] {processor.py:743} INFO - Processing file /home/chrisfleig/.local/lib/python3.10/site-packages/airflow/example_dags/example_short_circuit_decorator.py for tasks to queue
[2023-01-03T22:39:37.020+0100] {logging_mixin.py:137} INFO - [2023-01-03T22:39:37.020+0100] {dagbag.py:538} INFO - Filling up the DagBag from /home/chrisfleig/.local/lib/python3.10/site-packages/airflow/example_dags/example_short_circuit_decorator.py
[2023-01-03T22:39:37.042+0100] {processor.py:753} INFO - DAG(s) dict_keys(['example_short_circuit_decorator']) retrieved from /home/chrisfleig/.local/lib/python3.10/site-packages/airflow/example_dags/example_short_circuit_decorator.py
[2023-01-03T22:39:37.062+0100] {logging_mixin.py:137} INFO - [2023-01-03T22:39:37.062+0100] {dag.py:2676} INFO - Sync 1 DAGs
[2023-01-03T22:39:37.081+0100] {logging_mixin.py:137} INFO - [2023-01-03T22:39:37.080+0100] {dag.py:3423} INFO - Setting next_dagrun for example_short_circuit_decorator to 2023-01-02T21:39:37.080724+00:00, run_after=2023-01-03T21:39:37.080724+00:00
[2023-01-03T22:39:37.117+0100] {processor.py:175} INFO - Processing /home/chrisfleig/.local/lib/python3.10/site-packages/airflow/example_dags/example_short_circuit_decorator.py took 0.101 seconds
[2023-01-03T22:40:16.685+0100] {processor.py:153} INFO - Started process (PID=9071) to work on /home/chrisfleig/.local/lib/python3.10/site-packages/airflow/example_dags/example_short_circuit_decorator.py
[2023-01-03T22:40:16.686+0100] {processor.py:743} INFO - Processing file /home/chrisfleig/.local/lib/python3.10/site-packages/airflow/example_dags/example_short_circuit_decorator.py for tasks to queue
[2023-01-03T22:40:16.687+0100] {logging_mixin.py:137} INFO - [2023-01-03T22:40:16.687+0100] {dagbag.py:538} INFO - Filling up the DagBag from /home/chrisfleig/.local/lib/python3.10/site-packages/airflow/example_dags/example_short_circuit_decorator.py
[2023-01-03T22:40:16.708+0100] {processor.py:753} INFO - DAG(s) dict_keys(['example_short_circuit_decorator']) retrieved from /home/chrisfleig/.local/lib/python3.10/site-packages/airflow/example_dags/example_short_circuit_decorator.py
[2023-01-03T22:40:16.728+0100] {logging_mixin.py:137} INFO - [2023-01-03T22:40:16.728+0100] {dag.py:2676} INFO - Sync 1 DAGs
[2023-01-03T22:40:16.745+0100] {logging_mixin.py:137} INFO - [2023-01-03T22:40:16.745+0100] {dag.py:3423} INFO - Setting next_dagrun for example_short_circuit_decorator to 2023-01-02T21:40:16.745153+00:00, run_after=2023-01-03T21:40:16.745153+00:00
[2023-01-03T22:40:16.780+0100] {processor.py:175} INFO - Processing /home/chrisfleig/.local/lib/python3.10/site-packages/airflow/example_dags/example_short_circuit_decorator.py took 0.098 seconds
[2023-01-03T22:40:54.143+0100] {processor.py:153} INFO - Started process (PID=9109) to work on /home/chrisfleig/.local/lib/python3.10/site-packages/airflow/example_dags/example_short_circuit_decorator.py
[2023-01-03T22:40:54.144+0100] {processor.py:743} INFO - Processing file /home/chrisfleig/.local/lib/python3.10/site-packages/airflow/example_dags/example_short_circuit_decorator.py for tasks to queue
[2023-01-03T22:40:54.145+0100] {logging_mixin.py:137} INFO - [2023-01-03T22:40:54.145+0100] {dagbag.py:538} INFO - Filling up the DagBag from /home/chrisfleig/.local/lib/python3.10/site-packages/airflow/example_dags/example_short_circuit_decorator.py
[2023-01-03T22:40:54.168+0100] {processor.py:753} INFO - DAG(s) dict_keys(['example_short_circuit_decorator']) retrieved from /home/chrisfleig/.local/lib/python3.10/site-packages/airflow/example_dags/example_short_circuit_decorator.py
[2023-01-03T22:40:54.192+0100] {logging_mixin.py:137} INFO - [2023-01-03T22:40:54.192+0100] {dag.py:2676} INFO - Sync 1 DAGs
[2023-01-03T22:40:54.211+0100] {logging_mixin.py:137} INFO - [2023-01-03T22:40:54.211+0100] {dag.py:3423} INFO - Setting next_dagrun for example_short_circuit_decorator to 2023-01-02T21:40:54.210706+00:00, run_after=2023-01-03T21:40:54.210706+00:00
[2023-01-03T22:40:54.248+0100] {processor.py:175} INFO - Processing /home/chrisfleig/.local/lib/python3.10/site-packages/airflow/example_dags/example_short_circuit_decorator.py took 0.109 seconds
[2023-01-03T22:41:32.439+0100] {processor.py:153} INFO - Started process (PID=9147) to work on /home/chrisfleig/.local/lib/python3.10/site-packages/airflow/example_dags/example_short_circuit_decorator.py
[2023-01-03T22:41:32.440+0100] {processor.py:743} INFO - Processing file /home/chrisfleig/.local/lib/python3.10/site-packages/airflow/example_dags/example_short_circuit_decorator.py for tasks to queue
[2023-01-03T22:41:32.440+0100] {logging_mixin.py:137} INFO - [2023-01-03T22:41:32.440+0100] {dagbag.py:538} INFO - Filling up the DagBag from /home/chrisfleig/.local/lib/python3.10/site-packages/airflow/example_dags/example_short_circuit_decorator.py
[2023-01-03T22:41:32.462+0100] {processor.py:753} INFO - DAG(s) dict_keys(['example_short_circuit_decorator']) retrieved from /home/chrisfleig/.local/lib/python3.10/site-packages/airflow/example_dags/example_short_circuit_decorator.py
[2023-01-03T22:41:32.483+0100] {logging_mixin.py:137} INFO - [2023-01-03T22:41:32.483+0100] {dag.py:2676} INFO - Sync 1 DAGs
[2023-01-03T22:41:32.499+0100] {logging_mixin.py:137} INFO - [2023-01-03T22:41:32.499+0100] {dag.py:3423} INFO - Setting next_dagrun for example_short_circuit_decorator to 2023-01-02T21:41:32.499203+00:00, run_after=2023-01-03T21:41:32.499203+00:00
[2023-01-03T22:41:32.536+0100] {processor.py:175} INFO - Processing /home/chrisfleig/.local/lib/python3.10/site-packages/airflow/example_dags/example_short_circuit_decorator.py took 0.099 seconds
[2023-01-03T22:42:10.418+0100] {processor.py:153} INFO - Started process (PID=9187) to work on /home/chrisfleig/.local/lib/python3.10/site-packages/airflow/example_dags/example_short_circuit_decorator.py
[2023-01-03T22:42:10.420+0100] {processor.py:743} INFO - Processing file /home/chrisfleig/.local/lib/python3.10/site-packages/airflow/example_dags/example_short_circuit_decorator.py for tasks to queue
[2023-01-03T22:42:10.420+0100] {logging_mixin.py:137} INFO - [2023-01-03T22:42:10.420+0100] {dagbag.py:538} INFO - Filling up the DagBag from /home/chrisfleig/.local/lib/python3.10/site-packages/airflow/example_dags/example_short_circuit_decorator.py
[2023-01-03T22:42:10.443+0100] {processor.py:753} INFO - DAG(s) dict_keys(['example_short_circuit_decorator']) retrieved from /home/chrisfleig/.local/lib/python3.10/site-packages/airflow/example_dags/example_short_circuit_decorator.py
[2023-01-03T22:42:10.464+0100] {logging_mixin.py:137} INFO - [2023-01-03T22:42:10.463+0100] {dag.py:2676} INFO - Sync 1 DAGs
[2023-01-03T22:42:10.480+0100] {logging_mixin.py:137} INFO - [2023-01-03T22:42:10.480+0100] {dag.py:3423} INFO - Setting next_dagrun for example_short_circuit_decorator to 2023-01-02T21:42:10.480058+00:00, run_after=2023-01-03T21:42:10.480058+00:00
[2023-01-03T22:42:10.514+0100] {processor.py:175} INFO - Processing /home/chrisfleig/.local/lib/python3.10/site-packages/airflow/example_dags/example_short_circuit_decorator.py took 0.099 seconds
[2023-01-03T22:42:49.422+0100] {processor.py:153} INFO - Started process (PID=9227) to work on /home/chrisfleig/.local/lib/python3.10/site-packages/airflow/example_dags/example_short_circuit_decorator.py
[2023-01-03T22:42:49.423+0100] {processor.py:743} INFO - Processing file /home/chrisfleig/.local/lib/python3.10/site-packages/airflow/example_dags/example_short_circuit_decorator.py for tasks to queue
[2023-01-03T22:42:49.423+0100] {logging_mixin.py:137} INFO - [2023-01-03T22:42:49.423+0100] {dagbag.py:538} INFO - Filling up the DagBag from /home/chrisfleig/.local/lib/python3.10/site-packages/airflow/example_dags/example_short_circuit_decorator.py
[2023-01-03T22:42:49.445+0100] {processor.py:753} INFO - DAG(s) dict_keys(['example_short_circuit_decorator']) retrieved from /home/chrisfleig/.local/lib/python3.10/site-packages/airflow/example_dags/example_short_circuit_decorator.py
[2023-01-03T22:42:49.466+0100] {logging_mixin.py:137} INFO - [2023-01-03T22:42:49.466+0100] {dag.py:2676} INFO - Sync 1 DAGs
[2023-01-03T22:42:49.482+0100] {logging_mixin.py:137} INFO - [2023-01-03T22:42:49.482+0100] {dag.py:3423} INFO - Setting next_dagrun for example_short_circuit_decorator to 2023-01-02T21:42:49.482228+00:00, run_after=2023-01-03T21:42:49.482228+00:00
[2023-01-03T22:42:49.519+0100] {processor.py:175} INFO - Processing /home/chrisfleig/.local/lib/python3.10/site-packages/airflow/example_dags/example_short_circuit_decorator.py took 0.100 seconds
[2023-01-03T22:43:28.937+0100] {processor.py:153} INFO - Started process (PID=9265) to work on /home/chrisfleig/.local/lib/python3.10/site-packages/airflow/example_dags/example_short_circuit_decorator.py
[2023-01-03T22:43:28.938+0100] {processor.py:743} INFO - Processing file /home/chrisfleig/.local/lib/python3.10/site-packages/airflow/example_dags/example_short_circuit_decorator.py for tasks to queue
[2023-01-03T22:43:28.938+0100] {logging_mixin.py:137} INFO - [2023-01-03T22:43:28.938+0100] {dagbag.py:538} INFO - Filling up the DagBag from /home/chrisfleig/.local/lib/python3.10/site-packages/airflow/example_dags/example_short_circuit_decorator.py
[2023-01-03T22:43:28.960+0100] {processor.py:753} INFO - DAG(s) dict_keys(['example_short_circuit_decorator']) retrieved from /home/chrisfleig/.local/lib/python3.10/site-packages/airflow/example_dags/example_short_circuit_decorator.py
[2023-01-03T22:43:28.980+0100] {logging_mixin.py:137} INFO - [2023-01-03T22:43:28.979+0100] {dag.py:2676} INFO - Sync 1 DAGs
[2023-01-03T22:43:28.996+0100] {logging_mixin.py:137} INFO - [2023-01-03T22:43:28.995+0100] {dag.py:3423} INFO - Setting next_dagrun for example_short_circuit_decorator to 2023-01-02T21:43:28.995685+00:00, run_after=2023-01-03T21:43:28.995685+00:00
[2023-01-03T22:43:29.035+0100] {processor.py:175} INFO - Processing /home/chrisfleig/.local/lib/python3.10/site-packages/airflow/example_dags/example_short_circuit_decorator.py took 0.100 seconds
[2023-01-03T22:44:08.883+0100] {processor.py:153} INFO - Started process (PID=9303) to work on /home/chrisfleig/.local/lib/python3.10/site-packages/airflow/example_dags/example_short_circuit_decorator.py
[2023-01-03T22:44:08.884+0100] {processor.py:743} INFO - Processing file /home/chrisfleig/.local/lib/python3.10/site-packages/airflow/example_dags/example_short_circuit_decorator.py for tasks to queue
[2023-01-03T22:44:08.885+0100] {logging_mixin.py:137} INFO - [2023-01-03T22:44:08.885+0100] {dagbag.py:538} INFO - Filling up the DagBag from /home/chrisfleig/.local/lib/python3.10/site-packages/airflow/example_dags/example_short_circuit_decorator.py
[2023-01-03T22:44:08.905+0100] {processor.py:753} INFO - DAG(s) dict_keys(['example_short_circuit_decorator']) retrieved from /home/chrisfleig/.local/lib/python3.10/site-packages/airflow/example_dags/example_short_circuit_decorator.py
[2023-01-03T22:44:08.926+0100] {logging_mixin.py:137} INFO - [2023-01-03T22:44:08.926+0100] {dag.py:2676} INFO - Sync 1 DAGs
[2023-01-03T22:44:08.943+0100] {logging_mixin.py:137} INFO - [2023-01-03T22:44:08.943+0100] {dag.py:3423} INFO - Setting next_dagrun for example_short_circuit_decorator to 2023-01-02T21:44:08.943232+00:00, run_after=2023-01-03T21:44:08.943232+00:00
[2023-01-03T22:44:08.981+0100] {processor.py:175} INFO - Processing /home/chrisfleig/.local/lib/python3.10/site-packages/airflow/example_dags/example_short_circuit_decorator.py took 0.101 seconds
[2023-01-03T22:44:45.909+0100] {processor.py:153} INFO - Started process (PID=9341) to work on /home/chrisfleig/.local/lib/python3.10/site-packages/airflow/example_dags/example_short_circuit_decorator.py
[2023-01-03T22:44:45.910+0100] {processor.py:743} INFO - Processing file /home/chrisfleig/.local/lib/python3.10/site-packages/airflow/example_dags/example_short_circuit_decorator.py for tasks to queue
[2023-01-03T22:44:45.911+0100] {logging_mixin.py:137} INFO - [2023-01-03T22:44:45.910+0100] {dagbag.py:538} INFO - Filling up the DagBag from /home/chrisfleig/.local/lib/python3.10/site-packages/airflow/example_dags/example_short_circuit_decorator.py
[2023-01-03T22:44:45.931+0100] {processor.py:753} INFO - DAG(s) dict_keys(['example_short_circuit_decorator']) retrieved from /home/chrisfleig/.local/lib/python3.10/site-packages/airflow/example_dags/example_short_circuit_decorator.py
[2023-01-03T22:44:45.952+0100] {logging_mixin.py:137} INFO - [2023-01-03T22:44:45.952+0100] {dag.py:2676} INFO - Sync 1 DAGs
[2023-01-03T22:44:45.969+0100] {logging_mixin.py:137} INFO - [2023-01-03T22:44:45.969+0100] {dag.py:3423} INFO - Setting next_dagrun for example_short_circuit_decorator to 2023-01-02T21:44:45.969225+00:00, run_after=2023-01-03T21:44:45.969225+00:00
[2023-01-03T22:44:46.005+0100] {processor.py:175} INFO - Processing /home/chrisfleig/.local/lib/python3.10/site-packages/airflow/example_dags/example_short_circuit_decorator.py took 0.099 seconds
[2023-01-03T22:45:26.185+0100] {processor.py:153} INFO - Started process (PID=9379) to work on /home/chrisfleig/.local/lib/python3.10/site-packages/airflow/example_dags/example_short_circuit_decorator.py
[2023-01-03T22:45:26.186+0100] {processor.py:743} INFO - Processing file /home/chrisfleig/.local/lib/python3.10/site-packages/airflow/example_dags/example_short_circuit_decorator.py for tasks to queue
[2023-01-03T22:45:26.187+0100] {logging_mixin.py:137} INFO - [2023-01-03T22:45:26.186+0100] {dagbag.py:538} INFO - Filling up the DagBag from /home/chrisfleig/.local/lib/python3.10/site-packages/airflow/example_dags/example_short_circuit_decorator.py
[2023-01-03T22:45:26.208+0100] {processor.py:753} INFO - DAG(s) dict_keys(['example_short_circuit_decorator']) retrieved from /home/chrisfleig/.local/lib/python3.10/site-packages/airflow/example_dags/example_short_circuit_decorator.py
[2023-01-03T22:45:26.228+0100] {logging_mixin.py:137} INFO - [2023-01-03T22:45:26.228+0100] {dag.py:2676} INFO - Sync 1 DAGs
[2023-01-03T22:45:26.245+0100] {logging_mixin.py:137} INFO - [2023-01-03T22:45:26.245+0100] {dag.py:3423} INFO - Setting next_dagrun for example_short_circuit_decorator to 2023-01-02T21:45:26.245342+00:00, run_after=2023-01-03T21:45:26.245342+00:00
[2023-01-03T22:45:26.281+0100] {processor.py:175} INFO - Processing /home/chrisfleig/.local/lib/python3.10/site-packages/airflow/example_dags/example_short_circuit_decorator.py took 0.099 seconds
[2023-01-03T22:46:04.289+0100] {processor.py:153} INFO - Started process (PID=9417) to work on /home/chrisfleig/.local/lib/python3.10/site-packages/airflow/example_dags/example_short_circuit_decorator.py
[2023-01-03T22:46:04.290+0100] {processor.py:743} INFO - Processing file /home/chrisfleig/.local/lib/python3.10/site-packages/airflow/example_dags/example_short_circuit_decorator.py for tasks to queue
[2023-01-03T22:46:04.290+0100] {logging_mixin.py:137} INFO - [2023-01-03T22:46:04.290+0100] {dagbag.py:538} INFO - Filling up the DagBag from /home/chrisfleig/.local/lib/python3.10/site-packages/airflow/example_dags/example_short_circuit_decorator.py
[2023-01-03T22:46:04.313+0100] {processor.py:753} INFO - DAG(s) dict_keys(['example_short_circuit_decorator']) retrieved from /home/chrisfleig/.local/lib/python3.10/site-packages/airflow/example_dags/example_short_circuit_decorator.py
[2023-01-03T22:46:04.335+0100] {logging_mixin.py:137} INFO - [2023-01-03T22:46:04.335+0100] {dag.py:2676} INFO - Sync 1 DAGs
[2023-01-03T22:46:04.353+0100] {logging_mixin.py:137} INFO - [2023-01-03T22:46:04.353+0100] {dag.py:3423} INFO - Setting next_dagrun for example_short_circuit_decorator to 2023-01-02T21:46:04.353153+00:00, run_after=2023-01-03T21:46:04.353153+00:00
[2023-01-03T22:46:04.391+0100] {processor.py:175} INFO - Processing /home/chrisfleig/.local/lib/python3.10/site-packages/airflow/example_dags/example_short_circuit_decorator.py took 0.105 seconds
[2023-01-03T22:46:41.035+0100] {processor.py:153} INFO - Started process (PID=9455) to work on /home/chrisfleig/.local/lib/python3.10/site-packages/airflow/example_dags/example_short_circuit_decorator.py
[2023-01-03T22:46:41.036+0100] {processor.py:743} INFO - Processing file /home/chrisfleig/.local/lib/python3.10/site-packages/airflow/example_dags/example_short_circuit_decorator.py for tasks to queue
[2023-01-03T22:46:41.036+0100] {logging_mixin.py:137} INFO - [2023-01-03T22:46:41.036+0100] {dagbag.py:538} INFO - Filling up the DagBag from /home/chrisfleig/.local/lib/python3.10/site-packages/airflow/example_dags/example_short_circuit_decorator.py
[2023-01-03T22:46:41.057+0100] {processor.py:753} INFO - DAG(s) dict_keys(['example_short_circuit_decorator']) retrieved from /home/chrisfleig/.local/lib/python3.10/site-packages/airflow/example_dags/example_short_circuit_decorator.py
[2023-01-03T22:46:41.078+0100] {logging_mixin.py:137} INFO - [2023-01-03T22:46:41.078+0100] {dag.py:2676} INFO - Sync 1 DAGs
[2023-01-03T22:46:41.095+0100] {logging_mixin.py:137} INFO - [2023-01-03T22:46:41.094+0100] {dag.py:3423} INFO - Setting next_dagrun for example_short_circuit_decorator to 2023-01-02T21:46:41.094680+00:00, run_after=2023-01-03T21:46:41.094680+00:00
[2023-01-03T22:46:41.130+0100] {processor.py:175} INFO - Processing /home/chrisfleig/.local/lib/python3.10/site-packages/airflow/example_dags/example_short_circuit_decorator.py took 0.098 seconds
[2023-01-03T22:47:19.905+0100] {processor.py:153} INFO - Started process (PID=9493) to work on /home/chrisfleig/.local/lib/python3.10/site-packages/airflow/example_dags/example_short_circuit_decorator.py
[2023-01-03T22:47:19.906+0100] {processor.py:743} INFO - Processing file /home/chrisfleig/.local/lib/python3.10/site-packages/airflow/example_dags/example_short_circuit_decorator.py for tasks to queue
[2023-01-03T22:47:19.907+0100] {logging_mixin.py:137} INFO - [2023-01-03T22:47:19.907+0100] {dagbag.py:538} INFO - Filling up the DagBag from /home/chrisfleig/.local/lib/python3.10/site-packages/airflow/example_dags/example_short_circuit_decorator.py
[2023-01-03T22:47:19.928+0100] {processor.py:753} INFO - DAG(s) dict_keys(['example_short_circuit_decorator']) retrieved from /home/chrisfleig/.local/lib/python3.10/site-packages/airflow/example_dags/example_short_circuit_decorator.py
[2023-01-03T22:47:19.949+0100] {logging_mixin.py:137} INFO - [2023-01-03T22:47:19.949+0100] {dag.py:2676} INFO - Sync 1 DAGs
[2023-01-03T22:47:19.965+0100] {logging_mixin.py:137} INFO - [2023-01-03T22:47:19.965+0100] {dag.py:3423} INFO - Setting next_dagrun for example_short_circuit_decorator to 2023-01-02T21:47:19.964900+00:00, run_after=2023-01-03T21:47:19.964900+00:00
[2023-01-03T22:47:20.005+0100] {processor.py:175} INFO - Processing /home/chrisfleig/.local/lib/python3.10/site-packages/airflow/example_dags/example_short_circuit_decorator.py took 0.102 seconds
[2023-01-03T22:47:58.273+0100] {processor.py:153} INFO - Started process (PID=9531) to work on /home/chrisfleig/.local/lib/python3.10/site-packages/airflow/example_dags/example_short_circuit_decorator.py
[2023-01-03T22:47:58.274+0100] {processor.py:743} INFO - Processing file /home/chrisfleig/.local/lib/python3.10/site-packages/airflow/example_dags/example_short_circuit_decorator.py for tasks to queue
[2023-01-03T22:47:58.275+0100] {logging_mixin.py:137} INFO - [2023-01-03T22:47:58.275+0100] {dagbag.py:538} INFO - Filling up the DagBag from /home/chrisfleig/.local/lib/python3.10/site-packages/airflow/example_dags/example_short_circuit_decorator.py
[2023-01-03T22:47:58.301+0100] {processor.py:753} INFO - DAG(s) dict_keys(['example_short_circuit_decorator']) retrieved from /home/chrisfleig/.local/lib/python3.10/site-packages/airflow/example_dags/example_short_circuit_decorator.py
[2023-01-03T22:47:58.328+0100] {logging_mixin.py:137} INFO - [2023-01-03T22:47:58.328+0100] {dag.py:2676} INFO - Sync 1 DAGs
[2023-01-03T22:47:58.348+0100] {logging_mixin.py:137} INFO - [2023-01-03T22:47:58.348+0100] {dag.py:3423} INFO - Setting next_dagrun for example_short_circuit_decorator to 2023-01-02T21:47:58.348107+00:00, run_after=2023-01-03T21:47:58.348107+00:00
[2023-01-03T22:47:58.389+0100] {processor.py:175} INFO - Processing /home/chrisfleig/.local/lib/python3.10/site-packages/airflow/example_dags/example_short_circuit_decorator.py took 0.121 seconds
[2023-01-03T22:48:38.818+0100] {processor.py:153} INFO - Started process (PID=9569) to work on /home/chrisfleig/.local/lib/python3.10/site-packages/airflow/example_dags/example_short_circuit_decorator.py
[2023-01-03T22:48:38.819+0100] {processor.py:743} INFO - Processing file /home/chrisfleig/.local/lib/python3.10/site-packages/airflow/example_dags/example_short_circuit_decorator.py for tasks to queue
[2023-01-03T22:48:38.819+0100] {logging_mixin.py:137} INFO - [2023-01-03T22:48:38.819+0100] {dagbag.py:538} INFO - Filling up the DagBag from /home/chrisfleig/.local/lib/python3.10/site-packages/airflow/example_dags/example_short_circuit_decorator.py
[2023-01-03T22:48:38.840+0100] {processor.py:753} INFO - DAG(s) dict_keys(['example_short_circuit_decorator']) retrieved from /home/chrisfleig/.local/lib/python3.10/site-packages/airflow/example_dags/example_short_circuit_decorator.py
[2023-01-03T22:48:38.860+0100] {logging_mixin.py:137} INFO - [2023-01-03T22:48:38.860+0100] {dag.py:2676} INFO - Sync 1 DAGs
[2023-01-03T22:48:38.878+0100] {logging_mixin.py:137} INFO - [2023-01-03T22:48:38.877+0100] {dag.py:3423} INFO - Setting next_dagrun for example_short_circuit_decorator to 2023-01-02T21:48:38.877792+00:00, run_after=2023-01-03T21:48:38.877792+00:00
[2023-01-03T22:48:38.916+0100] {processor.py:175} INFO - Processing /home/chrisfleig/.local/lib/python3.10/site-packages/airflow/example_dags/example_short_circuit_decorator.py took 0.101 seconds
[2023-01-03T22:49:20.181+0100] {processor.py:153} INFO - Started process (PID=9607) to work on /home/chrisfleig/.local/lib/python3.10/site-packages/airflow/example_dags/example_short_circuit_decorator.py
[2023-01-03T22:49:20.182+0100] {processor.py:743} INFO - Processing file /home/chrisfleig/.local/lib/python3.10/site-packages/airflow/example_dags/example_short_circuit_decorator.py for tasks to queue
[2023-01-03T22:49:20.183+0100] {logging_mixin.py:137} INFO - [2023-01-03T22:49:20.183+0100] {dagbag.py:538} INFO - Filling up the DagBag from /home/chrisfleig/.local/lib/python3.10/site-packages/airflow/example_dags/example_short_circuit_decorator.py
[2023-01-03T22:49:20.205+0100] {processor.py:753} INFO - DAG(s) dict_keys(['example_short_circuit_decorator']) retrieved from /home/chrisfleig/.local/lib/python3.10/site-packages/airflow/example_dags/example_short_circuit_decorator.py
[2023-01-03T22:49:20.225+0100] {logging_mixin.py:137} INFO - [2023-01-03T22:49:20.225+0100] {dag.py:2676} INFO - Sync 1 DAGs
[2023-01-03T22:49:20.244+0100] {logging_mixin.py:137} INFO - [2023-01-03T22:49:20.244+0100] {dag.py:3423} INFO - Setting next_dagrun for example_short_circuit_decorator to 2023-01-02T21:49:20.244010+00:00, run_after=2023-01-03T21:49:20.244010+00:00
[2023-01-03T22:49:20.280+0100] {processor.py:175} INFO - Processing /home/chrisfleig/.local/lib/python3.10/site-packages/airflow/example_dags/example_short_circuit_decorator.py took 0.102 seconds
[2023-01-03T22:49:59.598+0100] {processor.py:153} INFO - Started process (PID=9645) to work on /home/chrisfleig/.local/lib/python3.10/site-packages/airflow/example_dags/example_short_circuit_decorator.py
[2023-01-03T22:49:59.599+0100] {processor.py:743} INFO - Processing file /home/chrisfleig/.local/lib/python3.10/site-packages/airflow/example_dags/example_short_circuit_decorator.py for tasks to queue
[2023-01-03T22:49:59.600+0100] {logging_mixin.py:137} INFO - [2023-01-03T22:49:59.599+0100] {dagbag.py:538} INFO - Filling up the DagBag from /home/chrisfleig/.local/lib/python3.10/site-packages/airflow/example_dags/example_short_circuit_decorator.py
[2023-01-03T22:49:59.620+0100] {processor.py:753} INFO - DAG(s) dict_keys(['example_short_circuit_decorator']) retrieved from /home/chrisfleig/.local/lib/python3.10/site-packages/airflow/example_dags/example_short_circuit_decorator.py
[2023-01-03T22:49:59.641+0100] {logging_mixin.py:137} INFO - [2023-01-03T22:49:59.640+0100] {dag.py:2676} INFO - Sync 1 DAGs
[2023-01-03T22:49:59.657+0100] {logging_mixin.py:137} INFO - [2023-01-03T22:49:59.657+0100] {dag.py:3423} INFO - Setting next_dagrun for example_short_circuit_decorator to 2023-01-02T21:49:59.657268+00:00, run_after=2023-01-03T21:49:59.657268+00:00
[2023-01-03T22:49:59.692+0100] {processor.py:175} INFO - Processing /home/chrisfleig/.local/lib/python3.10/site-packages/airflow/example_dags/example_short_circuit_decorator.py took 0.096 seconds
[2023-01-03T22:50:39.049+0100] {processor.py:153} INFO - Started process (PID=9683) to work on /home/chrisfleig/.local/lib/python3.10/site-packages/airflow/example_dags/example_short_circuit_decorator.py
[2023-01-03T22:50:39.050+0100] {processor.py:743} INFO - Processing file /home/chrisfleig/.local/lib/python3.10/site-packages/airflow/example_dags/example_short_circuit_decorator.py for tasks to queue
[2023-01-03T22:50:39.050+0100] {logging_mixin.py:137} INFO - [2023-01-03T22:50:39.050+0100] {dagbag.py:538} INFO - Filling up the DagBag from /home/chrisfleig/.local/lib/python3.10/site-packages/airflow/example_dags/example_short_circuit_decorator.py
[2023-01-03T22:50:39.071+0100] {processor.py:753} INFO - DAG(s) dict_keys(['example_short_circuit_decorator']) retrieved from /home/chrisfleig/.local/lib/python3.10/site-packages/airflow/example_dags/example_short_circuit_decorator.py
[2023-01-03T22:50:39.093+0100] {logging_mixin.py:137} INFO - [2023-01-03T22:50:39.093+0100] {dag.py:2676} INFO - Sync 1 DAGs
[2023-01-03T22:50:39.109+0100] {logging_mixin.py:137} INFO - [2023-01-03T22:50:39.109+0100] {dag.py:3423} INFO - Setting next_dagrun for example_short_circuit_decorator to 2023-01-02T21:50:39.109247+00:00, run_after=2023-01-03T21:50:39.109247+00:00
[2023-01-03T22:50:39.147+0100] {processor.py:175} INFO - Processing /home/chrisfleig/.local/lib/python3.10/site-packages/airflow/example_dags/example_short_circuit_decorator.py took 0.101 seconds
[2023-01-03T22:51:17.626+0100] {processor.py:153} INFO - Started process (PID=9721) to work on /home/chrisfleig/.local/lib/python3.10/site-packages/airflow/example_dags/example_short_circuit_decorator.py
[2023-01-03T22:51:17.627+0100] {processor.py:743} INFO - Processing file /home/chrisfleig/.local/lib/python3.10/site-packages/airflow/example_dags/example_short_circuit_decorator.py for tasks to queue
[2023-01-03T22:51:17.627+0100] {logging_mixin.py:137} INFO - [2023-01-03T22:51:17.627+0100] {dagbag.py:538} INFO - Filling up the DagBag from /home/chrisfleig/.local/lib/python3.10/site-packages/airflow/example_dags/example_short_circuit_decorator.py
[2023-01-03T22:51:17.650+0100] {processor.py:753} INFO - DAG(s) dict_keys(['example_short_circuit_decorator']) retrieved from /home/chrisfleig/.local/lib/python3.10/site-packages/airflow/example_dags/example_short_circuit_decorator.py
[2023-01-03T22:51:17.672+0100] {logging_mixin.py:137} INFO - [2023-01-03T22:51:17.672+0100] {dag.py:2676} INFO - Sync 1 DAGs
[2023-01-03T22:51:17.690+0100] {logging_mixin.py:137} INFO - [2023-01-03T22:51:17.690+0100] {dag.py:3423} INFO - Setting next_dagrun for example_short_circuit_decorator to 2023-01-02T21:51:17.689962+00:00, run_after=2023-01-03T21:51:17.689962+00:00
[2023-01-03T22:51:17.728+0100] {processor.py:175} INFO - Processing /home/chrisfleig/.local/lib/python3.10/site-packages/airflow/example_dags/example_short_circuit_decorator.py took 0.105 seconds
[2023-01-03T22:51:57.050+0100] {processor.py:153} INFO - Started process (PID=9759) to work on /home/chrisfleig/.local/lib/python3.10/site-packages/airflow/example_dags/example_short_circuit_decorator.py
[2023-01-03T22:51:57.051+0100] {processor.py:743} INFO - Processing file /home/chrisfleig/.local/lib/python3.10/site-packages/airflow/example_dags/example_short_circuit_decorator.py for tasks to queue
[2023-01-03T22:51:57.052+0100] {logging_mixin.py:137} INFO - [2023-01-03T22:51:57.052+0100] {dagbag.py:538} INFO - Filling up the DagBag from /home/chrisfleig/.local/lib/python3.10/site-packages/airflow/example_dags/example_short_circuit_decorator.py
[2023-01-03T22:51:57.074+0100] {processor.py:753} INFO - DAG(s) dict_keys(['example_short_circuit_decorator']) retrieved from /home/chrisfleig/.local/lib/python3.10/site-packages/airflow/example_dags/example_short_circuit_decorator.py
[2023-01-03T22:51:57.094+0100] {logging_mixin.py:137} INFO - [2023-01-03T22:51:57.093+0100] {dag.py:2676} INFO - Sync 1 DAGs
[2023-01-03T22:51:57.110+0100] {logging_mixin.py:137} INFO - [2023-01-03T22:51:57.109+0100] {dag.py:3423} INFO - Setting next_dagrun for example_short_circuit_decorator to 2023-01-02T21:51:57.109757+00:00, run_after=2023-01-03T21:51:57.109757+00:00
[2023-01-03T22:51:57.145+0100] {processor.py:175} INFO - Processing /home/chrisfleig/.local/lib/python3.10/site-packages/airflow/example_dags/example_short_circuit_decorator.py took 0.097 seconds
[2023-01-03T22:52:37.904+0100] {processor.py:153} INFO - Started process (PID=9797) to work on /home/chrisfleig/.local/lib/python3.10/site-packages/airflow/example_dags/example_short_circuit_decorator.py
[2023-01-03T22:52:37.905+0100] {processor.py:743} INFO - Processing file /home/chrisfleig/.local/lib/python3.10/site-packages/airflow/example_dags/example_short_circuit_decorator.py for tasks to queue
[2023-01-03T22:52:37.906+0100] {logging_mixin.py:137} INFO - [2023-01-03T22:52:37.906+0100] {dagbag.py:538} INFO - Filling up the DagBag from /home/chrisfleig/.local/lib/python3.10/site-packages/airflow/example_dags/example_short_circuit_decorator.py
[2023-01-03T22:52:37.927+0100] {processor.py:753} INFO - DAG(s) dict_keys(['example_short_circuit_decorator']) retrieved from /home/chrisfleig/.local/lib/python3.10/site-packages/airflow/example_dags/example_short_circuit_decorator.py
[2023-01-03T22:52:37.949+0100] {logging_mixin.py:137} INFO - [2023-01-03T22:52:37.949+0100] {dag.py:2676} INFO - Sync 1 DAGs
[2023-01-03T22:52:37.970+0100] {logging_mixin.py:137} INFO - [2023-01-03T22:52:37.970+0100] {dag.py:3423} INFO - Setting next_dagrun for example_short_circuit_decorator to 2023-01-02T21:52:37.970037+00:00, run_after=2023-01-03T21:52:37.970037+00:00
[2023-01-03T22:52:38.007+0100] {processor.py:175} INFO - Processing /home/chrisfleig/.local/lib/python3.10/site-packages/airflow/example_dags/example_short_circuit_decorator.py took 0.105 seconds
[2023-01-03T22:53:17.429+0100] {processor.py:153} INFO - Started process (PID=9835) to work on /home/chrisfleig/.local/lib/python3.10/site-packages/airflow/example_dags/example_short_circuit_decorator.py
[2023-01-03T22:53:17.430+0100] {processor.py:743} INFO - Processing file /home/chrisfleig/.local/lib/python3.10/site-packages/airflow/example_dags/example_short_circuit_decorator.py for tasks to queue
[2023-01-03T22:53:17.430+0100] {logging_mixin.py:137} INFO - [2023-01-03T22:53:17.430+0100] {dagbag.py:538} INFO - Filling up the DagBag from /home/chrisfleig/.local/lib/python3.10/site-packages/airflow/example_dags/example_short_circuit_decorator.py
[2023-01-03T22:53:17.452+0100] {processor.py:753} INFO - DAG(s) dict_keys(['example_short_circuit_decorator']) retrieved from /home/chrisfleig/.local/lib/python3.10/site-packages/airflow/example_dags/example_short_circuit_decorator.py
[2023-01-03T22:53:17.473+0100] {logging_mixin.py:137} INFO - [2023-01-03T22:53:17.473+0100] {dag.py:2676} INFO - Sync 1 DAGs
[2023-01-03T22:53:17.491+0100] {logging_mixin.py:137} INFO - [2023-01-03T22:53:17.491+0100] {dag.py:3423} INFO - Setting next_dagrun for example_short_circuit_decorator to 2023-01-02T21:53:17.490836+00:00, run_after=2023-01-03T21:53:17.490836+00:00
[2023-01-03T22:53:17.538+0100] {processor.py:175} INFO - Processing /home/chrisfleig/.local/lib/python3.10/site-packages/airflow/example_dags/example_short_circuit_decorator.py took 0.112 seconds
[2023-01-03T22:53:57.030+0100] {processor.py:153} INFO - Started process (PID=9875) to work on /home/chrisfleig/.local/lib/python3.10/site-packages/airflow/example_dags/example_short_circuit_decorator.py
[2023-01-03T22:53:57.031+0100] {processor.py:743} INFO - Processing file /home/chrisfleig/.local/lib/python3.10/site-packages/airflow/example_dags/example_short_circuit_decorator.py for tasks to queue
[2023-01-03T22:53:57.032+0100] {logging_mixin.py:137} INFO - [2023-01-03T22:53:57.031+0100] {dagbag.py:538} INFO - Filling up the DagBag from /home/chrisfleig/.local/lib/python3.10/site-packages/airflow/example_dags/example_short_circuit_decorator.py
[2023-01-03T22:53:57.062+0100] {processor.py:753} INFO - DAG(s) dict_keys(['example_short_circuit_decorator']) retrieved from /home/chrisfleig/.local/lib/python3.10/site-packages/airflow/example_dags/example_short_circuit_decorator.py
[2023-01-03T22:53:57.108+0100] {logging_mixin.py:137} INFO - [2023-01-03T22:53:57.108+0100] {dag.py:2676} INFO - Sync 1 DAGs
[2023-01-03T22:53:57.138+0100] {logging_mixin.py:137} INFO - [2023-01-03T22:53:57.138+0100] {dag.py:3423} INFO - Setting next_dagrun for example_short_circuit_decorator to 2023-01-02T21:53:57.137829+00:00, run_after=2023-01-03T21:53:57.137829+00:00
[2023-01-03T22:53:57.234+0100] {processor.py:175} INFO - Processing /home/chrisfleig/.local/lib/python3.10/site-packages/airflow/example_dags/example_short_circuit_decorator.py took 0.207 seconds
[2023-01-03T22:54:40.640+0100] {processor.py:153} INFO - Started process (PID=9917) to work on /home/chrisfleig/.local/lib/python3.10/site-packages/airflow/example_dags/example_short_circuit_decorator.py
[2023-01-03T22:54:40.642+0100] {processor.py:743} INFO - Processing file /home/chrisfleig/.local/lib/python3.10/site-packages/airflow/example_dags/example_short_circuit_decorator.py for tasks to queue
[2023-01-03T22:54:40.643+0100] {logging_mixin.py:137} INFO - [2023-01-03T22:54:40.643+0100] {dagbag.py:538} INFO - Filling up the DagBag from /home/chrisfleig/.local/lib/python3.10/site-packages/airflow/example_dags/example_short_circuit_decorator.py
[2023-01-03T22:54:40.709+0100] {processor.py:753} INFO - DAG(s) dict_keys(['example_short_circuit_decorator']) retrieved from /home/chrisfleig/.local/lib/python3.10/site-packages/airflow/example_dags/example_short_circuit_decorator.py
[2023-01-03T22:54:40.764+0100] {logging_mixin.py:137} INFO - [2023-01-03T22:54:40.763+0100] {dag.py:2676} INFO - Sync 1 DAGs
[2023-01-03T22:54:40.810+0100] {logging_mixin.py:137} INFO - [2023-01-03T22:54:40.809+0100] {dag.py:3423} INFO - Setting next_dagrun for example_short_circuit_decorator to 2023-01-02T21:54:40.809458+00:00, run_after=2023-01-03T21:54:40.809458+00:00
[2023-01-03T22:54:40.957+0100] {processor.py:175} INFO - Processing /home/chrisfleig/.local/lib/python3.10/site-packages/airflow/example_dags/example_short_circuit_decorator.py took 0.328 seconds
[2023-01-03T22:55:23.179+0100] {processor.py:153} INFO - Started process (PID=9956) to work on /home/chrisfleig/.local/lib/python3.10/site-packages/airflow/example_dags/example_short_circuit_decorator.py
[2023-01-03T22:55:23.180+0100] {processor.py:743} INFO - Processing file /home/chrisfleig/.local/lib/python3.10/site-packages/airflow/example_dags/example_short_circuit_decorator.py for tasks to queue
[2023-01-03T22:55:23.181+0100] {logging_mixin.py:137} INFO - [2023-01-03T22:55:23.181+0100] {dagbag.py:538} INFO - Filling up the DagBag from /home/chrisfleig/.local/lib/python3.10/site-packages/airflow/example_dags/example_short_circuit_decorator.py
[2023-01-03T22:55:23.212+0100] {processor.py:753} INFO - DAG(s) dict_keys(['example_short_circuit_decorator']) retrieved from /home/chrisfleig/.local/lib/python3.10/site-packages/airflow/example_dags/example_short_circuit_decorator.py
[2023-01-03T22:55:23.241+0100] {logging_mixin.py:137} INFO - [2023-01-03T22:55:23.241+0100] {dag.py:2676} INFO - Sync 1 DAGs
[2023-01-03T22:55:23.265+0100] {logging_mixin.py:137} INFO - [2023-01-03T22:55:23.265+0100] {dag.py:3423} INFO - Setting next_dagrun for example_short_circuit_decorator to 2023-01-02T21:55:23.264980+00:00, run_after=2023-01-03T21:55:23.264980+00:00
[2023-01-03T22:55:23.299+0100] {processor.py:175} INFO - Processing /home/chrisfleig/.local/lib/python3.10/site-packages/airflow/example_dags/example_short_circuit_decorator.py took 0.124 seconds
[2023-01-03T22:56:05.373+0100] {processor.py:153} INFO - Started process (PID=9999) to work on /home/chrisfleig/.local/lib/python3.10/site-packages/airflow/example_dags/example_short_circuit_decorator.py
[2023-01-03T22:56:05.375+0100] {processor.py:743} INFO - Processing file /home/chrisfleig/.local/lib/python3.10/site-packages/airflow/example_dags/example_short_circuit_decorator.py for tasks to queue
[2023-01-03T22:56:05.376+0100] {logging_mixin.py:137} INFO - [2023-01-03T22:56:05.376+0100] {dagbag.py:538} INFO - Filling up the DagBag from /home/chrisfleig/.local/lib/python3.10/site-packages/airflow/example_dags/example_short_circuit_decorator.py
[2023-01-03T22:56:05.475+0100] {processor.py:753} INFO - DAG(s) dict_keys(['example_short_circuit_decorator']) retrieved from /home/chrisfleig/.local/lib/python3.10/site-packages/airflow/example_dags/example_short_circuit_decorator.py
[2023-01-03T22:56:05.571+0100] {logging_mixin.py:137} INFO - [2023-01-03T22:56:05.571+0100] {dag.py:2676} INFO - Sync 1 DAGs
[2023-01-03T22:56:05.642+0100] {logging_mixin.py:137} INFO - [2023-01-03T22:56:05.642+0100] {dag.py:3423} INFO - Setting next_dagrun for example_short_circuit_decorator to 2023-01-02T21:56:05.641973+00:00, run_after=2023-01-03T21:56:05.641973+00:00
[2023-01-03T22:56:05.741+0100] {processor.py:175} INFO - Processing /home/chrisfleig/.local/lib/python3.10/site-packages/airflow/example_dags/example_short_circuit_decorator.py took 0.382 seconds
[2023-01-03T22:56:47.994+0100] {processor.py:153} INFO - Started process (PID=10038) to work on /home/chrisfleig/.local/lib/python3.10/site-packages/airflow/example_dags/example_short_circuit_decorator.py
[2023-01-03T22:56:47.994+0100] {processor.py:743} INFO - Processing file /home/chrisfleig/.local/lib/python3.10/site-packages/airflow/example_dags/example_short_circuit_decorator.py for tasks to queue
[2023-01-03T22:56:47.995+0100] {logging_mixin.py:137} INFO - [2023-01-03T22:56:47.995+0100] {dagbag.py:538} INFO - Filling up the DagBag from /home/chrisfleig/.local/lib/python3.10/site-packages/airflow/example_dags/example_short_circuit_decorator.py
[2023-01-03T22:56:48.019+0100] {processor.py:753} INFO - DAG(s) dict_keys(['example_short_circuit_decorator']) retrieved from /home/chrisfleig/.local/lib/python3.10/site-packages/airflow/example_dags/example_short_circuit_decorator.py
[2023-01-03T22:56:48.064+0100] {logging_mixin.py:137} INFO - [2023-01-03T22:56:48.064+0100] {dag.py:2676} INFO - Sync 1 DAGs
[2023-01-03T22:56:48.082+0100] {logging_mixin.py:137} INFO - [2023-01-03T22:56:48.082+0100] {dag.py:3423} INFO - Setting next_dagrun for example_short_circuit_decorator to 2023-01-02T21:56:48.082542+00:00, run_after=2023-01-03T21:56:48.082542+00:00
[2023-01-03T22:56:48.122+0100] {processor.py:175} INFO - Processing /home/chrisfleig/.local/lib/python3.10/site-packages/airflow/example_dags/example_short_circuit_decorator.py took 0.131 seconds
