[2023-01-03T22:10:44.067+0100] {processor.py:153} INFO - Started process (PID=8180) to work on /home/chrisfleig/.local/lib/python3.10/site-packages/airflow/example_dags/example_time_delta_sensor_async.py
[2023-01-03T22:10:44.068+0100] {processor.py:743} INFO - Processing file /home/chrisfleig/.local/lib/python3.10/site-packages/airflow/example_dags/example_time_delta_sensor_async.py for tasks to queue
[2023-01-03T22:10:44.069+0100] {logging_mixin.py:137} INFO - [2023-01-03T22:10:44.069+0100] {dagbag.py:538} INFO - Filling up the DagBag from /home/chrisfleig/.local/lib/python3.10/site-packages/airflow/example_dags/example_time_delta_sensor_async.py
[2023-01-03T22:10:44.084+0100] {processor.py:753} INFO - DAG(s) dict_keys(['example_time_delta_sensor_async']) retrieved from /home/chrisfleig/.local/lib/python3.10/site-packages/airflow/example_dags/example_time_delta_sensor_async.py
[2023-01-03T22:10:44.238+0100] {logging_mixin.py:137} INFO - [2023-01-03T22:10:44.238+0100] {manager.py:504} INFO - Created Permission View: can edit on DAG:example_time_delta_sensor_async
[2023-01-03T22:10:44.265+0100] {logging_mixin.py:137} INFO - [2023-01-03T22:10:44.265+0100] {manager.py:504} INFO - Created Permission View: can delete on DAG:example_time_delta_sensor_async
[2023-01-03T22:10:44.288+0100] {logging_mixin.py:137} INFO - [2023-01-03T22:10:44.288+0100] {manager.py:504} INFO - Created Permission View: can read on DAG:example_time_delta_sensor_async
[2023-01-03T22:10:44.289+0100] {logging_mixin.py:137} INFO - [2023-01-03T22:10:44.289+0100] {dag.py:2676} INFO - Sync 1 DAGs
[2023-01-03T22:10:44.298+0100] {logging_mixin.py:137} INFO - [2023-01-03T22:10:44.298+0100] {dag.py:2697} INFO - Creating ORM DAG for example_time_delta_sensor_async
[2023-01-03T22:10:44.307+0100] {logging_mixin.py:137} INFO - [2023-01-03T22:10:44.307+0100] {dag.py:3423} INFO - Setting next_dagrun for example_time_delta_sensor_async to None, run_after=None
[2023-01-03T22:10:44.347+0100] {processor.py:175} INFO - Processing /home/chrisfleig/.local/lib/python3.10/site-packages/airflow/example_dags/example_time_delta_sensor_async.py took 0.283 seconds
[2023-01-03T22:11:29.309+0100] {processor.py:153} INFO - Started process (PID=8222) to work on /home/chrisfleig/.local/lib/python3.10/site-packages/airflow/example_dags/example_time_delta_sensor_async.py
[2023-01-03T22:11:29.310+0100] {processor.py:743} INFO - Processing file /home/chrisfleig/.local/lib/python3.10/site-packages/airflow/example_dags/example_time_delta_sensor_async.py for tasks to queue
[2023-01-03T22:11:29.310+0100] {logging_mixin.py:137} INFO - [2023-01-03T22:11:29.310+0100] {dagbag.py:538} INFO - Filling up the DagBag from /home/chrisfleig/.local/lib/python3.10/site-packages/airflow/example_dags/example_time_delta_sensor_async.py
[2023-01-03T22:11:29.321+0100] {processor.py:753} INFO - DAG(s) dict_keys(['example_time_delta_sensor_async']) retrieved from /home/chrisfleig/.local/lib/python3.10/site-packages/airflow/example_dags/example_time_delta_sensor_async.py
[2023-01-03T22:11:29.390+0100] {logging_mixin.py:137} INFO - [2023-01-03T22:11:29.389+0100] {dag.py:2676} INFO - Sync 1 DAGs
[2023-01-03T22:11:29.424+0100] {logging_mixin.py:137} INFO - [2023-01-03T22:11:29.424+0100] {dag.py:3423} INFO - Setting next_dagrun for example_time_delta_sensor_async to None, run_after=None
[2023-01-03T22:11:29.470+0100] {processor.py:175} INFO - Processing /home/chrisfleig/.local/lib/python3.10/site-packages/airflow/example_dags/example_time_delta_sensor_async.py took 0.163 seconds
[2023-01-03T22:12:08.675+0100] {processor.py:153} INFO - Started process (PID=8260) to work on /home/chrisfleig/.local/lib/python3.10/site-packages/airflow/example_dags/example_time_delta_sensor_async.py
[2023-01-03T22:12:08.676+0100] {processor.py:743} INFO - Processing file /home/chrisfleig/.local/lib/python3.10/site-packages/airflow/example_dags/example_time_delta_sensor_async.py for tasks to queue
[2023-01-03T22:12:08.677+0100] {logging_mixin.py:137} INFO - [2023-01-03T22:12:08.677+0100] {dagbag.py:538} INFO - Filling up the DagBag from /home/chrisfleig/.local/lib/python3.10/site-packages/airflow/example_dags/example_time_delta_sensor_async.py
[2023-01-03T22:12:08.689+0100] {processor.py:753} INFO - DAG(s) dict_keys(['example_time_delta_sensor_async']) retrieved from /home/chrisfleig/.local/lib/python3.10/site-packages/airflow/example_dags/example_time_delta_sensor_async.py
[2023-01-03T22:12:08.719+0100] {logging_mixin.py:137} INFO - [2023-01-03T22:12:08.719+0100] {dag.py:2676} INFO - Sync 1 DAGs
[2023-01-03T22:12:08.757+0100] {logging_mixin.py:137} INFO - [2023-01-03T22:12:08.757+0100] {dag.py:3423} INFO - Setting next_dagrun for example_time_delta_sensor_async to None, run_after=None
[2023-01-03T22:12:08.798+0100] {processor.py:175} INFO - Processing /home/chrisfleig/.local/lib/python3.10/site-packages/airflow/example_dags/example_time_delta_sensor_async.py took 0.125 seconds
[2023-01-03T22:12:47.588+0100] {processor.py:153} INFO - Started process (PID=8298) to work on /home/chrisfleig/.local/lib/python3.10/site-packages/airflow/example_dags/example_time_delta_sensor_async.py
[2023-01-03T22:12:47.589+0100] {processor.py:743} INFO - Processing file /home/chrisfleig/.local/lib/python3.10/site-packages/airflow/example_dags/example_time_delta_sensor_async.py for tasks to queue
[2023-01-03T22:12:47.589+0100] {logging_mixin.py:137} INFO - [2023-01-03T22:12:47.589+0100] {dagbag.py:538} INFO - Filling up the DagBag from /home/chrisfleig/.local/lib/python3.10/site-packages/airflow/example_dags/example_time_delta_sensor_async.py
[2023-01-03T22:12:47.601+0100] {processor.py:753} INFO - DAG(s) dict_keys(['example_time_delta_sensor_async']) retrieved from /home/chrisfleig/.local/lib/python3.10/site-packages/airflow/example_dags/example_time_delta_sensor_async.py
[2023-01-03T22:12:47.622+0100] {logging_mixin.py:137} INFO - [2023-01-03T22:12:47.621+0100] {dag.py:2676} INFO - Sync 1 DAGs
[2023-01-03T22:12:47.637+0100] {logging_mixin.py:137} INFO - [2023-01-03T22:12:47.637+0100] {dag.py:3423} INFO - Setting next_dagrun for example_time_delta_sensor_async to None, run_after=None
[2023-01-03T22:12:47.677+0100] {processor.py:175} INFO - Processing /home/chrisfleig/.local/lib/python3.10/site-packages/airflow/example_dags/example_time_delta_sensor_async.py took 0.091 seconds
[2023-01-03T22:13:26.270+0100] {processor.py:153} INFO - Started process (PID=8336) to work on /home/chrisfleig/.local/lib/python3.10/site-packages/airflow/example_dags/example_time_delta_sensor_async.py
[2023-01-03T22:13:26.271+0100] {processor.py:743} INFO - Processing file /home/chrisfleig/.local/lib/python3.10/site-packages/airflow/example_dags/example_time_delta_sensor_async.py for tasks to queue
[2023-01-03T22:13:26.271+0100] {logging_mixin.py:137} INFO - [2023-01-03T22:13:26.271+0100] {dagbag.py:538} INFO - Filling up the DagBag from /home/chrisfleig/.local/lib/python3.10/site-packages/airflow/example_dags/example_time_delta_sensor_async.py
[2023-01-03T22:13:26.282+0100] {processor.py:753} INFO - DAG(s) dict_keys(['example_time_delta_sensor_async']) retrieved from /home/chrisfleig/.local/lib/python3.10/site-packages/airflow/example_dags/example_time_delta_sensor_async.py
[2023-01-03T22:13:26.302+0100] {logging_mixin.py:137} INFO - [2023-01-03T22:13:26.302+0100] {dag.py:2676} INFO - Sync 1 DAGs
[2023-01-03T22:13:26.318+0100] {logging_mixin.py:137} INFO - [2023-01-03T22:13:26.318+0100] {dag.py:3423} INFO - Setting next_dagrun for example_time_delta_sensor_async to None, run_after=None
[2023-01-03T22:13:26.352+0100] {processor.py:175} INFO - Processing /home/chrisfleig/.local/lib/python3.10/site-packages/airflow/example_dags/example_time_delta_sensor_async.py took 0.085 seconds
[2023-01-03T22:14:05.791+0100] {processor.py:153} INFO - Started process (PID=8374) to work on /home/chrisfleig/.local/lib/python3.10/site-packages/airflow/example_dags/example_time_delta_sensor_async.py
[2023-01-03T22:14:05.792+0100] {processor.py:743} INFO - Processing file /home/chrisfleig/.local/lib/python3.10/site-packages/airflow/example_dags/example_time_delta_sensor_async.py for tasks to queue
[2023-01-03T22:14:05.793+0100] {logging_mixin.py:137} INFO - [2023-01-03T22:14:05.793+0100] {dagbag.py:538} INFO - Filling up the DagBag from /home/chrisfleig/.local/lib/python3.10/site-packages/airflow/example_dags/example_time_delta_sensor_async.py
[2023-01-03T22:14:05.809+0100] {processor.py:753} INFO - DAG(s) dict_keys(['example_time_delta_sensor_async']) retrieved from /home/chrisfleig/.local/lib/python3.10/site-packages/airflow/example_dags/example_time_delta_sensor_async.py
[2023-01-03T22:14:05.842+0100] {logging_mixin.py:137} INFO - [2023-01-03T22:14:05.841+0100] {dag.py:2676} INFO - Sync 1 DAGs
[2023-01-03T22:14:05.860+0100] {logging_mixin.py:137} INFO - [2023-01-03T22:14:05.860+0100] {dag.py:3423} INFO - Setting next_dagrun for example_time_delta_sensor_async to None, run_after=None
[2023-01-03T22:14:05.898+0100] {processor.py:175} INFO - Processing /home/chrisfleig/.local/lib/python3.10/site-packages/airflow/example_dags/example_time_delta_sensor_async.py took 0.109 seconds
[2023-01-03T22:14:44.757+0100] {processor.py:153} INFO - Started process (PID=8412) to work on /home/chrisfleig/.local/lib/python3.10/site-packages/airflow/example_dags/example_time_delta_sensor_async.py
[2023-01-03T22:14:44.758+0100] {processor.py:743} INFO - Processing file /home/chrisfleig/.local/lib/python3.10/site-packages/airflow/example_dags/example_time_delta_sensor_async.py for tasks to queue
[2023-01-03T22:14:44.759+0100] {logging_mixin.py:137} INFO - [2023-01-03T22:14:44.758+0100] {dagbag.py:538} INFO - Filling up the DagBag from /home/chrisfleig/.local/lib/python3.10/site-packages/airflow/example_dags/example_time_delta_sensor_async.py
[2023-01-03T22:14:44.770+0100] {processor.py:753} INFO - DAG(s) dict_keys(['example_time_delta_sensor_async']) retrieved from /home/chrisfleig/.local/lib/python3.10/site-packages/airflow/example_dags/example_time_delta_sensor_async.py
[2023-01-03T22:14:44.791+0100] {logging_mixin.py:137} INFO - [2023-01-03T22:14:44.791+0100] {dag.py:2676} INFO - Sync 1 DAGs
[2023-01-03T22:14:44.808+0100] {logging_mixin.py:137} INFO - [2023-01-03T22:14:44.808+0100] {dag.py:3423} INFO - Setting next_dagrun for example_time_delta_sensor_async to None, run_after=None
[2023-01-03T22:14:44.844+0100] {processor.py:175} INFO - Processing /home/chrisfleig/.local/lib/python3.10/site-packages/airflow/example_dags/example_time_delta_sensor_async.py took 0.090 seconds
[2023-01-03T22:15:23.919+0100] {processor.py:153} INFO - Started process (PID=8451) to work on /home/chrisfleig/.local/lib/python3.10/site-packages/airflow/example_dags/example_time_delta_sensor_async.py
[2023-01-03T22:15:23.920+0100] {processor.py:743} INFO - Processing file /home/chrisfleig/.local/lib/python3.10/site-packages/airflow/example_dags/example_time_delta_sensor_async.py for tasks to queue
[2023-01-03T22:15:23.920+0100] {logging_mixin.py:137} INFO - [2023-01-03T22:15:23.920+0100] {dagbag.py:538} INFO - Filling up the DagBag from /home/chrisfleig/.local/lib/python3.10/site-packages/airflow/example_dags/example_time_delta_sensor_async.py
[2023-01-03T22:15:23.931+0100] {processor.py:753} INFO - DAG(s) dict_keys(['example_time_delta_sensor_async']) retrieved from /home/chrisfleig/.local/lib/python3.10/site-packages/airflow/example_dags/example_time_delta_sensor_async.py
[2023-01-03T22:15:23.952+0100] {logging_mixin.py:137} INFO - [2023-01-03T22:15:23.952+0100] {dag.py:2676} INFO - Sync 1 DAGs
[2023-01-03T22:15:23.969+0100] {logging_mixin.py:137} INFO - [2023-01-03T22:15:23.969+0100] {dag.py:3423} INFO - Setting next_dagrun for example_time_delta_sensor_async to None, run_after=None
[2023-01-03T22:15:24.011+0100] {processor.py:175} INFO - Processing /home/chrisfleig/.local/lib/python3.10/site-packages/airflow/example_dags/example_time_delta_sensor_async.py took 0.094 seconds
[2023-01-03T22:31:18.131+0100] {processor.py:153} INFO - Started process (PID=8543) to work on /home/chrisfleig/.local/lib/python3.10/site-packages/airflow/example_dags/example_time_delta_sensor_async.py
[2023-01-03T22:31:18.132+0100] {processor.py:743} INFO - Processing file /home/chrisfleig/.local/lib/python3.10/site-packages/airflow/example_dags/example_time_delta_sensor_async.py for tasks to queue
[2023-01-03T22:31:18.132+0100] {logging_mixin.py:137} INFO - [2023-01-03T22:31:18.132+0100] {dagbag.py:538} INFO - Filling up the DagBag from /home/chrisfleig/.local/lib/python3.10/site-packages/airflow/example_dags/example_time_delta_sensor_async.py
[2023-01-03T22:31:18.145+0100] {processor.py:753} INFO - DAG(s) dict_keys(['example_time_delta_sensor_async']) retrieved from /home/chrisfleig/.local/lib/python3.10/site-packages/airflow/example_dags/example_time_delta_sensor_async.py
[2023-01-03T22:31:18.158+0100] {logging_mixin.py:137} INFO - [2023-01-03T22:31:18.158+0100] {dag.py:2676} INFO - Sync 1 DAGs
[2023-01-03T22:31:18.179+0100] {logging_mixin.py:137} INFO - [2023-01-03T22:31:18.178+0100] {dag.py:3423} INFO - Setting next_dagrun for example_time_delta_sensor_async to None, run_after=None
[2023-01-03T22:31:18.218+0100] {processor.py:175} INFO - Processing /home/chrisfleig/.local/lib/python3.10/site-packages/airflow/example_dags/example_time_delta_sensor_async.py took 0.089 seconds
[2023-01-03T22:31:57.459+0100] {processor.py:153} INFO - Started process (PID=8585) to work on /home/chrisfleig/.local/lib/python3.10/site-packages/airflow/example_dags/example_time_delta_sensor_async.py
[2023-01-03T22:31:57.460+0100] {processor.py:743} INFO - Processing file /home/chrisfleig/.local/lib/python3.10/site-packages/airflow/example_dags/example_time_delta_sensor_async.py for tasks to queue
[2023-01-03T22:31:57.461+0100] {logging_mixin.py:137} INFO - [2023-01-03T22:31:57.461+0100] {dagbag.py:538} INFO - Filling up the DagBag from /home/chrisfleig/.local/lib/python3.10/site-packages/airflow/example_dags/example_time_delta_sensor_async.py
[2023-01-03T22:31:57.472+0100] {processor.py:753} INFO - DAG(s) dict_keys(['example_time_delta_sensor_async']) retrieved from /home/chrisfleig/.local/lib/python3.10/site-packages/airflow/example_dags/example_time_delta_sensor_async.py
[2023-01-03T22:31:57.492+0100] {logging_mixin.py:137} INFO - [2023-01-03T22:31:57.492+0100] {dag.py:2676} INFO - Sync 1 DAGs
[2023-01-03T22:31:57.510+0100] {logging_mixin.py:137} INFO - [2023-01-03T22:31:57.510+0100] {dag.py:3423} INFO - Setting next_dagrun for example_time_delta_sensor_async to None, run_after=None
[2023-01-03T22:31:57.548+0100] {processor.py:175} INFO - Processing /home/chrisfleig/.local/lib/python3.10/site-packages/airflow/example_dags/example_time_delta_sensor_async.py took 0.092 seconds
[2023-01-03T22:32:36.701+0100] {processor.py:153} INFO - Started process (PID=8623) to work on /home/chrisfleig/.local/lib/python3.10/site-packages/airflow/example_dags/example_time_delta_sensor_async.py
[2023-01-03T22:32:36.702+0100] {processor.py:743} INFO - Processing file /home/chrisfleig/.local/lib/python3.10/site-packages/airflow/example_dags/example_time_delta_sensor_async.py for tasks to queue
[2023-01-03T22:32:36.702+0100] {logging_mixin.py:137} INFO - [2023-01-03T22:32:36.702+0100] {dagbag.py:538} INFO - Filling up the DagBag from /home/chrisfleig/.local/lib/python3.10/site-packages/airflow/example_dags/example_time_delta_sensor_async.py
[2023-01-03T22:32:36.713+0100] {processor.py:753} INFO - DAG(s) dict_keys(['example_time_delta_sensor_async']) retrieved from /home/chrisfleig/.local/lib/python3.10/site-packages/airflow/example_dags/example_time_delta_sensor_async.py
[2023-01-03T22:32:36.734+0100] {logging_mixin.py:137} INFO - [2023-01-03T22:32:36.734+0100] {dag.py:2676} INFO - Sync 1 DAGs
[2023-01-03T22:32:36.750+0100] {logging_mixin.py:137} INFO - [2023-01-03T22:32:36.750+0100] {dag.py:3423} INFO - Setting next_dagrun for example_time_delta_sensor_async to None, run_after=None
[2023-01-03T22:32:36.784+0100] {processor.py:175} INFO - Processing /home/chrisfleig/.local/lib/python3.10/site-packages/airflow/example_dags/example_time_delta_sensor_async.py took 0.087 seconds
[2023-01-03T22:33:16.020+0100] {processor.py:153} INFO - Started process (PID=8661) to work on /home/chrisfleig/.local/lib/python3.10/site-packages/airflow/example_dags/example_time_delta_sensor_async.py
[2023-01-03T22:33:16.021+0100] {processor.py:743} INFO - Processing file /home/chrisfleig/.local/lib/python3.10/site-packages/airflow/example_dags/example_time_delta_sensor_async.py for tasks to queue
[2023-01-03T22:33:16.022+0100] {logging_mixin.py:137} INFO - [2023-01-03T22:33:16.022+0100] {dagbag.py:538} INFO - Filling up the DagBag from /home/chrisfleig/.local/lib/python3.10/site-packages/airflow/example_dags/example_time_delta_sensor_async.py
[2023-01-03T22:33:16.032+0100] {processor.py:753} INFO - DAG(s) dict_keys(['example_time_delta_sensor_async']) retrieved from /home/chrisfleig/.local/lib/python3.10/site-packages/airflow/example_dags/example_time_delta_sensor_async.py
[2023-01-03T22:33:16.054+0100] {logging_mixin.py:137} INFO - [2023-01-03T22:33:16.054+0100] {dag.py:2676} INFO - Sync 1 DAGs
[2023-01-03T22:33:16.070+0100] {logging_mixin.py:137} INFO - [2023-01-03T22:33:16.070+0100] {dag.py:3423} INFO - Setting next_dagrun for example_time_delta_sensor_async to None, run_after=None
[2023-01-03T22:33:16.106+0100] {processor.py:175} INFO - Processing /home/chrisfleig/.local/lib/python3.10/site-packages/airflow/example_dags/example_time_delta_sensor_async.py took 0.089 seconds
[2023-01-03T22:33:55.121+0100] {processor.py:153} INFO - Started process (PID=8699) to work on /home/chrisfleig/.local/lib/python3.10/site-packages/airflow/example_dags/example_time_delta_sensor_async.py
[2023-01-03T22:33:55.122+0100] {processor.py:743} INFO - Processing file /home/chrisfleig/.local/lib/python3.10/site-packages/airflow/example_dags/example_time_delta_sensor_async.py for tasks to queue
[2023-01-03T22:33:55.122+0100] {logging_mixin.py:137} INFO - [2023-01-03T22:33:55.122+0100] {dagbag.py:538} INFO - Filling up the DagBag from /home/chrisfleig/.local/lib/python3.10/site-packages/airflow/example_dags/example_time_delta_sensor_async.py
[2023-01-03T22:33:55.133+0100] {processor.py:753} INFO - DAG(s) dict_keys(['example_time_delta_sensor_async']) retrieved from /home/chrisfleig/.local/lib/python3.10/site-packages/airflow/example_dags/example_time_delta_sensor_async.py
[2023-01-03T22:33:55.155+0100] {logging_mixin.py:137} INFO - [2023-01-03T22:33:55.155+0100] {dag.py:2676} INFO - Sync 1 DAGs
[2023-01-03T22:33:55.172+0100] {logging_mixin.py:137} INFO - [2023-01-03T22:33:55.171+0100] {dag.py:3423} INFO - Setting next_dagrun for example_time_delta_sensor_async to None, run_after=None
[2023-01-03T22:33:55.208+0100] {processor.py:175} INFO - Processing /home/chrisfleig/.local/lib/python3.10/site-packages/airflow/example_dags/example_time_delta_sensor_async.py took 0.090 seconds
[2023-01-03T22:34:34.430+0100] {processor.py:153} INFO - Started process (PID=8737) to work on /home/chrisfleig/.local/lib/python3.10/site-packages/airflow/example_dags/example_time_delta_sensor_async.py
[2023-01-03T22:34:34.431+0100] {processor.py:743} INFO - Processing file /home/chrisfleig/.local/lib/python3.10/site-packages/airflow/example_dags/example_time_delta_sensor_async.py for tasks to queue
[2023-01-03T22:34:34.431+0100] {logging_mixin.py:137} INFO - [2023-01-03T22:34:34.431+0100] {dagbag.py:538} INFO - Filling up the DagBag from /home/chrisfleig/.local/lib/python3.10/site-packages/airflow/example_dags/example_time_delta_sensor_async.py
[2023-01-03T22:34:34.444+0100] {processor.py:753} INFO - DAG(s) dict_keys(['example_time_delta_sensor_async']) retrieved from /home/chrisfleig/.local/lib/python3.10/site-packages/airflow/example_dags/example_time_delta_sensor_async.py
[2023-01-03T22:34:34.464+0100] {logging_mixin.py:137} INFO - [2023-01-03T22:34:34.464+0100] {dag.py:2676} INFO - Sync 1 DAGs
[2023-01-03T22:34:34.482+0100] {logging_mixin.py:137} INFO - [2023-01-03T22:34:34.481+0100] {dag.py:3423} INFO - Setting next_dagrun for example_time_delta_sensor_async to None, run_after=None
[2023-01-03T22:34:34.523+0100] {processor.py:175} INFO - Processing /home/chrisfleig/.local/lib/python3.10/site-packages/airflow/example_dags/example_time_delta_sensor_async.py took 0.096 seconds
[2023-01-03T22:35:14.612+0100] {processor.py:153} INFO - Started process (PID=8775) to work on /home/chrisfleig/.local/lib/python3.10/site-packages/airflow/example_dags/example_time_delta_sensor_async.py
[2023-01-03T22:35:14.613+0100] {processor.py:743} INFO - Processing file /home/chrisfleig/.local/lib/python3.10/site-packages/airflow/example_dags/example_time_delta_sensor_async.py for tasks to queue
[2023-01-03T22:35:14.614+0100] {logging_mixin.py:137} INFO - [2023-01-03T22:35:14.613+0100] {dagbag.py:538} INFO - Filling up the DagBag from /home/chrisfleig/.local/lib/python3.10/site-packages/airflow/example_dags/example_time_delta_sensor_async.py
[2023-01-03T22:35:14.625+0100] {processor.py:753} INFO - DAG(s) dict_keys(['example_time_delta_sensor_async']) retrieved from /home/chrisfleig/.local/lib/python3.10/site-packages/airflow/example_dags/example_time_delta_sensor_async.py
[2023-01-03T22:35:14.650+0100] {logging_mixin.py:137} INFO - [2023-01-03T22:35:14.650+0100] {dag.py:2676} INFO - Sync 1 DAGs
[2023-01-03T22:35:14.668+0100] {logging_mixin.py:137} INFO - [2023-01-03T22:35:14.668+0100] {dag.py:3423} INFO - Setting next_dagrun for example_time_delta_sensor_async to None, run_after=None
[2023-01-03T22:35:14.738+0100] {processor.py:175} INFO - Processing /home/chrisfleig/.local/lib/python3.10/site-packages/airflow/example_dags/example_time_delta_sensor_async.py took 0.129 seconds
[2023-01-03T22:35:52.775+0100] {processor.py:153} INFO - Started process (PID=8813) to work on /home/chrisfleig/.local/lib/python3.10/site-packages/airflow/example_dags/example_time_delta_sensor_async.py
[2023-01-03T22:35:52.785+0100] {processor.py:743} INFO - Processing file /home/chrisfleig/.local/lib/python3.10/site-packages/airflow/example_dags/example_time_delta_sensor_async.py for tasks to queue
[2023-01-03T22:35:52.786+0100] {logging_mixin.py:137} INFO - [2023-01-03T22:35:52.785+0100] {dagbag.py:538} INFO - Filling up the DagBag from /home/chrisfleig/.local/lib/python3.10/site-packages/airflow/example_dags/example_time_delta_sensor_async.py
[2023-01-03T22:35:52.819+0100] {processor.py:753} INFO - DAG(s) dict_keys(['example_time_delta_sensor_async']) retrieved from /home/chrisfleig/.local/lib/python3.10/site-packages/airflow/example_dags/example_time_delta_sensor_async.py
[2023-01-03T22:35:52.877+0100] {logging_mixin.py:137} INFO - [2023-01-03T22:35:52.876+0100] {dag.py:2676} INFO - Sync 1 DAGs
[2023-01-03T22:35:52.935+0100] {logging_mixin.py:137} INFO - [2023-01-03T22:35:52.934+0100] {dag.py:3423} INFO - Setting next_dagrun for example_time_delta_sensor_async to None, run_after=None
[2023-01-03T22:35:52.994+0100] {processor.py:175} INFO - Processing /home/chrisfleig/.local/lib/python3.10/site-packages/airflow/example_dags/example_time_delta_sensor_async.py took 0.224 seconds
[2023-01-03T22:36:31.319+0100] {processor.py:153} INFO - Started process (PID=8851) to work on /home/chrisfleig/.local/lib/python3.10/site-packages/airflow/example_dags/example_time_delta_sensor_async.py
[2023-01-03T22:36:31.320+0100] {processor.py:743} INFO - Processing file /home/chrisfleig/.local/lib/python3.10/site-packages/airflow/example_dags/example_time_delta_sensor_async.py for tasks to queue
[2023-01-03T22:36:31.320+0100] {logging_mixin.py:137} INFO - [2023-01-03T22:36:31.320+0100] {dagbag.py:538} INFO - Filling up the DagBag from /home/chrisfleig/.local/lib/python3.10/site-packages/airflow/example_dags/example_time_delta_sensor_async.py
[2023-01-03T22:36:31.331+0100] {processor.py:753} INFO - DAG(s) dict_keys(['example_time_delta_sensor_async']) retrieved from /home/chrisfleig/.local/lib/python3.10/site-packages/airflow/example_dags/example_time_delta_sensor_async.py
[2023-01-03T22:36:31.351+0100] {logging_mixin.py:137} INFO - [2023-01-03T22:36:31.351+0100] {dag.py:2676} INFO - Sync 1 DAGs
[2023-01-03T22:36:31.368+0100] {logging_mixin.py:137} INFO - [2023-01-03T22:36:31.368+0100] {dag.py:3423} INFO - Setting next_dagrun for example_time_delta_sensor_async to None, run_after=None
[2023-01-03T22:36:31.401+0100] {processor.py:175} INFO - Processing /home/chrisfleig/.local/lib/python3.10/site-packages/airflow/example_dags/example_time_delta_sensor_async.py took 0.085 seconds
[2023-01-03T22:37:10.024+0100] {processor.py:153} INFO - Started process (PID=8889) to work on /home/chrisfleig/.local/lib/python3.10/site-packages/airflow/example_dags/example_time_delta_sensor_async.py
[2023-01-03T22:37:10.026+0100] {processor.py:743} INFO - Processing file /home/chrisfleig/.local/lib/python3.10/site-packages/airflow/example_dags/example_time_delta_sensor_async.py for tasks to queue
[2023-01-03T22:37:10.027+0100] {logging_mixin.py:137} INFO - [2023-01-03T22:37:10.026+0100] {dagbag.py:538} INFO - Filling up the DagBag from /home/chrisfleig/.local/lib/python3.10/site-packages/airflow/example_dags/example_time_delta_sensor_async.py
[2023-01-03T22:37:10.038+0100] {processor.py:753} INFO - DAG(s) dict_keys(['example_time_delta_sensor_async']) retrieved from /home/chrisfleig/.local/lib/python3.10/site-packages/airflow/example_dags/example_time_delta_sensor_async.py
[2023-01-03T22:37:10.064+0100] {logging_mixin.py:137} INFO - [2023-01-03T22:37:10.064+0100] {dag.py:2676} INFO - Sync 1 DAGs
[2023-01-03T22:37:10.084+0100] {logging_mixin.py:137} INFO - [2023-01-03T22:37:10.084+0100] {dag.py:3423} INFO - Setting next_dagrun for example_time_delta_sensor_async to None, run_after=None
[2023-01-03T22:37:10.126+0100] {processor.py:175} INFO - Processing /home/chrisfleig/.local/lib/python3.10/site-packages/airflow/example_dags/example_time_delta_sensor_async.py took 0.106 seconds
[2023-01-03T22:37:47.669+0100] {processor.py:153} INFO - Started process (PID=8927) to work on /home/chrisfleig/.local/lib/python3.10/site-packages/airflow/example_dags/example_time_delta_sensor_async.py
[2023-01-03T22:37:47.670+0100] {processor.py:743} INFO - Processing file /home/chrisfleig/.local/lib/python3.10/site-packages/airflow/example_dags/example_time_delta_sensor_async.py for tasks to queue
[2023-01-03T22:37:47.670+0100] {logging_mixin.py:137} INFO - [2023-01-03T22:37:47.670+0100] {dagbag.py:538} INFO - Filling up the DagBag from /home/chrisfleig/.local/lib/python3.10/site-packages/airflow/example_dags/example_time_delta_sensor_async.py
[2023-01-03T22:37:47.682+0100] {processor.py:753} INFO - DAG(s) dict_keys(['example_time_delta_sensor_async']) retrieved from /home/chrisfleig/.local/lib/python3.10/site-packages/airflow/example_dags/example_time_delta_sensor_async.py
[2023-01-03T22:37:47.704+0100] {logging_mixin.py:137} INFO - [2023-01-03T22:37:47.704+0100] {dag.py:2676} INFO - Sync 1 DAGs
[2023-01-03T22:37:47.721+0100] {logging_mixin.py:137} INFO - [2023-01-03T22:37:47.721+0100] {dag.py:3423} INFO - Setting next_dagrun for example_time_delta_sensor_async to None, run_after=None
[2023-01-03T22:37:47.757+0100] {processor.py:175} INFO - Processing /home/chrisfleig/.local/lib/python3.10/site-packages/airflow/example_dags/example_time_delta_sensor_async.py took 0.090 seconds
[2023-01-03T22:38:26.008+0100] {processor.py:153} INFO - Started process (PID=8965) to work on /home/chrisfleig/.local/lib/python3.10/site-packages/airflow/example_dags/example_time_delta_sensor_async.py
[2023-01-03T22:38:26.009+0100] {processor.py:743} INFO - Processing file /home/chrisfleig/.local/lib/python3.10/site-packages/airflow/example_dags/example_time_delta_sensor_async.py for tasks to queue
[2023-01-03T22:38:26.010+0100] {logging_mixin.py:137} INFO - [2023-01-03T22:38:26.009+0100] {dagbag.py:538} INFO - Filling up the DagBag from /home/chrisfleig/.local/lib/python3.10/site-packages/airflow/example_dags/example_time_delta_sensor_async.py
[2023-01-03T22:38:26.024+0100] {processor.py:753} INFO - DAG(s) dict_keys(['example_time_delta_sensor_async']) retrieved from /home/chrisfleig/.local/lib/python3.10/site-packages/airflow/example_dags/example_time_delta_sensor_async.py
[2023-01-03T22:38:26.047+0100] {logging_mixin.py:137} INFO - [2023-01-03T22:38:26.047+0100] {dag.py:2676} INFO - Sync 1 DAGs
[2023-01-03T22:38:26.065+0100] {logging_mixin.py:137} INFO - [2023-01-03T22:38:26.064+0100] {dag.py:3423} INFO - Setting next_dagrun for example_time_delta_sensor_async to None, run_after=None
[2023-01-03T22:38:26.108+0100] {processor.py:175} INFO - Processing /home/chrisfleig/.local/lib/python3.10/site-packages/airflow/example_dags/example_time_delta_sensor_async.py took 0.104 seconds
[2023-01-03T22:39:05.108+0100] {processor.py:153} INFO - Started process (PID=9003) to work on /home/chrisfleig/.local/lib/python3.10/site-packages/airflow/example_dags/example_time_delta_sensor_async.py
[2023-01-03T22:39:05.109+0100] {processor.py:743} INFO - Processing file /home/chrisfleig/.local/lib/python3.10/site-packages/airflow/example_dags/example_time_delta_sensor_async.py for tasks to queue
[2023-01-03T22:39:05.110+0100] {logging_mixin.py:137} INFO - [2023-01-03T22:39:05.110+0100] {dagbag.py:538} INFO - Filling up the DagBag from /home/chrisfleig/.local/lib/python3.10/site-packages/airflow/example_dags/example_time_delta_sensor_async.py
[2023-01-03T22:39:05.121+0100] {processor.py:753} INFO - DAG(s) dict_keys(['example_time_delta_sensor_async']) retrieved from /home/chrisfleig/.local/lib/python3.10/site-packages/airflow/example_dags/example_time_delta_sensor_async.py
[2023-01-03T22:39:05.142+0100] {logging_mixin.py:137} INFO - [2023-01-03T22:39:05.141+0100] {dag.py:2676} INFO - Sync 1 DAGs
[2023-01-03T22:39:05.158+0100] {logging_mixin.py:137} INFO - [2023-01-03T22:39:05.158+0100] {dag.py:3423} INFO - Setting next_dagrun for example_time_delta_sensor_async to None, run_after=None
[2023-01-03T22:39:05.199+0100] {processor.py:175} INFO - Processing /home/chrisfleig/.local/lib/python3.10/site-packages/airflow/example_dags/example_time_delta_sensor_async.py took 0.093 seconds
[2023-01-03T22:39:44.836+0100] {processor.py:153} INFO - Started process (PID=9041) to work on /home/chrisfleig/.local/lib/python3.10/site-packages/airflow/example_dags/example_time_delta_sensor_async.py
[2023-01-03T22:39:44.837+0100] {processor.py:743} INFO - Processing file /home/chrisfleig/.local/lib/python3.10/site-packages/airflow/example_dags/example_time_delta_sensor_async.py for tasks to queue
[2023-01-03T22:39:44.838+0100] {logging_mixin.py:137} INFO - [2023-01-03T22:39:44.838+0100] {dagbag.py:538} INFO - Filling up the DagBag from /home/chrisfleig/.local/lib/python3.10/site-packages/airflow/example_dags/example_time_delta_sensor_async.py
[2023-01-03T22:39:44.855+0100] {processor.py:753} INFO - DAG(s) dict_keys(['example_time_delta_sensor_async']) retrieved from /home/chrisfleig/.local/lib/python3.10/site-packages/airflow/example_dags/example_time_delta_sensor_async.py
[2023-01-03T22:39:44.885+0100] {logging_mixin.py:137} INFO - [2023-01-03T22:39:44.885+0100] {dag.py:2676} INFO - Sync 1 DAGs
[2023-01-03T22:39:44.905+0100] {logging_mixin.py:137} INFO - [2023-01-03T22:39:44.905+0100] {dag.py:3423} INFO - Setting next_dagrun for example_time_delta_sensor_async to None, run_after=None
[2023-01-03T22:39:44.943+0100] {processor.py:175} INFO - Processing /home/chrisfleig/.local/lib/python3.10/site-packages/airflow/example_dags/example_time_delta_sensor_async.py took 0.112 seconds
[2023-01-03T22:40:23.765+0100] {processor.py:153} INFO - Started process (PID=9079) to work on /home/chrisfleig/.local/lib/python3.10/site-packages/airflow/example_dags/example_time_delta_sensor_async.py
[2023-01-03T22:40:23.766+0100] {processor.py:743} INFO - Processing file /home/chrisfleig/.local/lib/python3.10/site-packages/airflow/example_dags/example_time_delta_sensor_async.py for tasks to queue
[2023-01-03T22:40:23.767+0100] {logging_mixin.py:137} INFO - [2023-01-03T22:40:23.766+0100] {dagbag.py:538} INFO - Filling up the DagBag from /home/chrisfleig/.local/lib/python3.10/site-packages/airflow/example_dags/example_time_delta_sensor_async.py
[2023-01-03T22:40:23.778+0100] {processor.py:753} INFO - DAG(s) dict_keys(['example_time_delta_sensor_async']) retrieved from /home/chrisfleig/.local/lib/python3.10/site-packages/airflow/example_dags/example_time_delta_sensor_async.py
[2023-01-03T22:40:23.799+0100] {logging_mixin.py:137} INFO - [2023-01-03T22:40:23.799+0100] {dag.py:2676} INFO - Sync 1 DAGs
[2023-01-03T22:40:23.818+0100] {logging_mixin.py:137} INFO - [2023-01-03T22:40:23.817+0100] {dag.py:3423} INFO - Setting next_dagrun for example_time_delta_sensor_async to None, run_after=None
[2023-01-03T22:40:23.854+0100] {processor.py:175} INFO - Processing /home/chrisfleig/.local/lib/python3.10/site-packages/airflow/example_dags/example_time_delta_sensor_async.py took 0.092 seconds
[2023-01-03T22:41:02.577+0100] {processor.py:153} INFO - Started process (PID=9117) to work on /home/chrisfleig/.local/lib/python3.10/site-packages/airflow/example_dags/example_time_delta_sensor_async.py
[2023-01-03T22:41:02.578+0100] {processor.py:743} INFO - Processing file /home/chrisfleig/.local/lib/python3.10/site-packages/airflow/example_dags/example_time_delta_sensor_async.py for tasks to queue
[2023-01-03T22:41:02.579+0100] {logging_mixin.py:137} INFO - [2023-01-03T22:41:02.579+0100] {dagbag.py:538} INFO - Filling up the DagBag from /home/chrisfleig/.local/lib/python3.10/site-packages/airflow/example_dags/example_time_delta_sensor_async.py
[2023-01-03T22:41:02.590+0100] {processor.py:753} INFO - DAG(s) dict_keys(['example_time_delta_sensor_async']) retrieved from /home/chrisfleig/.local/lib/python3.10/site-packages/airflow/example_dags/example_time_delta_sensor_async.py
[2023-01-03T22:41:02.610+0100] {logging_mixin.py:137} INFO - [2023-01-03T22:41:02.609+0100] {dag.py:2676} INFO - Sync 1 DAGs
[2023-01-03T22:41:02.626+0100] {logging_mixin.py:137} INFO - [2023-01-03T22:41:02.626+0100] {dag.py:3423} INFO - Setting next_dagrun for example_time_delta_sensor_async to None, run_after=None
[2023-01-03T22:41:02.659+0100] {processor.py:175} INFO - Processing /home/chrisfleig/.local/lib/python3.10/site-packages/airflow/example_dags/example_time_delta_sensor_async.py took 0.085 seconds
[2023-01-03T22:41:39.557+0100] {processor.py:153} INFO - Started process (PID=9155) to work on /home/chrisfleig/.local/lib/python3.10/site-packages/airflow/example_dags/example_time_delta_sensor_async.py
[2023-01-03T22:41:39.558+0100] {processor.py:743} INFO - Processing file /home/chrisfleig/.local/lib/python3.10/site-packages/airflow/example_dags/example_time_delta_sensor_async.py for tasks to queue
[2023-01-03T22:41:39.558+0100] {logging_mixin.py:137} INFO - [2023-01-03T22:41:39.558+0100] {dagbag.py:538} INFO - Filling up the DagBag from /home/chrisfleig/.local/lib/python3.10/site-packages/airflow/example_dags/example_time_delta_sensor_async.py
[2023-01-03T22:41:39.569+0100] {processor.py:753} INFO - DAG(s) dict_keys(['example_time_delta_sensor_async']) retrieved from /home/chrisfleig/.local/lib/python3.10/site-packages/airflow/example_dags/example_time_delta_sensor_async.py
[2023-01-03T22:41:39.590+0100] {logging_mixin.py:137} INFO - [2023-01-03T22:41:39.590+0100] {dag.py:2676} INFO - Sync 1 DAGs
[2023-01-03T22:41:39.605+0100] {logging_mixin.py:137} INFO - [2023-01-03T22:41:39.605+0100] {dag.py:3423} INFO - Setting next_dagrun for example_time_delta_sensor_async to None, run_after=None
[2023-01-03T22:41:39.641+0100] {processor.py:175} INFO - Processing /home/chrisfleig/.local/lib/python3.10/site-packages/airflow/example_dags/example_time_delta_sensor_async.py took 0.087 seconds
[2023-01-03T22:42:18.814+0100] {processor.py:153} INFO - Started process (PID=9197) to work on /home/chrisfleig/.local/lib/python3.10/site-packages/airflow/example_dags/example_time_delta_sensor_async.py
[2023-01-03T22:42:18.816+0100] {processor.py:743} INFO - Processing file /home/chrisfleig/.local/lib/python3.10/site-packages/airflow/example_dags/example_time_delta_sensor_async.py for tasks to queue
[2023-01-03T22:42:18.816+0100] {logging_mixin.py:137} INFO - [2023-01-03T22:42:18.816+0100] {dagbag.py:538} INFO - Filling up the DagBag from /home/chrisfleig/.local/lib/python3.10/site-packages/airflow/example_dags/example_time_delta_sensor_async.py
[2023-01-03T22:42:18.829+0100] {processor.py:753} INFO - DAG(s) dict_keys(['example_time_delta_sensor_async']) retrieved from /home/chrisfleig/.local/lib/python3.10/site-packages/airflow/example_dags/example_time_delta_sensor_async.py
[2023-01-03T22:42:18.850+0100] {logging_mixin.py:137} INFO - [2023-01-03T22:42:18.850+0100] {dag.py:2676} INFO - Sync 1 DAGs
[2023-01-03T22:42:18.867+0100] {logging_mixin.py:137} INFO - [2023-01-03T22:42:18.867+0100] {dag.py:3423} INFO - Setting next_dagrun for example_time_delta_sensor_async to None, run_after=None
[2023-01-03T22:42:18.905+0100] {processor.py:175} INFO - Processing /home/chrisfleig/.local/lib/python3.10/site-packages/airflow/example_dags/example_time_delta_sensor_async.py took 0.093 seconds
[2023-01-03T22:42:57.076+0100] {processor.py:153} INFO - Started process (PID=9235) to work on /home/chrisfleig/.local/lib/python3.10/site-packages/airflow/example_dags/example_time_delta_sensor_async.py
[2023-01-03T22:42:57.077+0100] {processor.py:743} INFO - Processing file /home/chrisfleig/.local/lib/python3.10/site-packages/airflow/example_dags/example_time_delta_sensor_async.py for tasks to queue
[2023-01-03T22:42:57.078+0100] {logging_mixin.py:137} INFO - [2023-01-03T22:42:57.078+0100] {dagbag.py:538} INFO - Filling up the DagBag from /home/chrisfleig/.local/lib/python3.10/site-packages/airflow/example_dags/example_time_delta_sensor_async.py
[2023-01-03T22:42:57.089+0100] {processor.py:753} INFO - DAG(s) dict_keys(['example_time_delta_sensor_async']) retrieved from /home/chrisfleig/.local/lib/python3.10/site-packages/airflow/example_dags/example_time_delta_sensor_async.py
[2023-01-03T22:42:57.109+0100] {logging_mixin.py:137} INFO - [2023-01-03T22:42:57.109+0100] {dag.py:2676} INFO - Sync 1 DAGs
[2023-01-03T22:42:57.147+0100] {logging_mixin.py:137} INFO - [2023-01-03T22:42:57.147+0100] {dag.py:3423} INFO - Setting next_dagrun for example_time_delta_sensor_async to None, run_after=None
[2023-01-03T22:42:57.203+0100] {processor.py:175} INFO - Processing /home/chrisfleig/.local/lib/python3.10/site-packages/airflow/example_dags/example_time_delta_sensor_async.py took 0.129 seconds
[2023-01-03T22:43:37.560+0100] {processor.py:153} INFO - Started process (PID=9273) to work on /home/chrisfleig/.local/lib/python3.10/site-packages/airflow/example_dags/example_time_delta_sensor_async.py
[2023-01-03T22:43:37.561+0100] {processor.py:743} INFO - Processing file /home/chrisfleig/.local/lib/python3.10/site-packages/airflow/example_dags/example_time_delta_sensor_async.py for tasks to queue
[2023-01-03T22:43:37.561+0100] {logging_mixin.py:137} INFO - [2023-01-03T22:43:37.561+0100] {dagbag.py:538} INFO - Filling up the DagBag from /home/chrisfleig/.local/lib/python3.10/site-packages/airflow/example_dags/example_time_delta_sensor_async.py
[2023-01-03T22:43:37.576+0100] {processor.py:753} INFO - DAG(s) dict_keys(['example_time_delta_sensor_async']) retrieved from /home/chrisfleig/.local/lib/python3.10/site-packages/airflow/example_dags/example_time_delta_sensor_async.py
[2023-01-03T22:43:37.601+0100] {logging_mixin.py:137} INFO - [2023-01-03T22:43:37.601+0100] {dag.py:2676} INFO - Sync 1 DAGs
[2023-01-03T22:43:37.623+0100] {logging_mixin.py:137} INFO - [2023-01-03T22:43:37.622+0100] {dag.py:3423} INFO - Setting next_dagrun for example_time_delta_sensor_async to None, run_after=None
[2023-01-03T22:43:37.659+0100] {processor.py:175} INFO - Processing /home/chrisfleig/.local/lib/python3.10/site-packages/airflow/example_dags/example_time_delta_sensor_async.py took 0.102 seconds
[2023-01-03T22:44:15.714+0100] {processor.py:153} INFO - Started process (PID=9311) to work on /home/chrisfleig/.local/lib/python3.10/site-packages/airflow/example_dags/example_time_delta_sensor_async.py
[2023-01-03T22:44:15.715+0100] {processor.py:743} INFO - Processing file /home/chrisfleig/.local/lib/python3.10/site-packages/airflow/example_dags/example_time_delta_sensor_async.py for tasks to queue
[2023-01-03T22:44:15.716+0100] {logging_mixin.py:137} INFO - [2023-01-03T22:44:15.715+0100] {dagbag.py:538} INFO - Filling up the DagBag from /home/chrisfleig/.local/lib/python3.10/site-packages/airflow/example_dags/example_time_delta_sensor_async.py
[2023-01-03T22:44:15.726+0100] {processor.py:753} INFO - DAG(s) dict_keys(['example_time_delta_sensor_async']) retrieved from /home/chrisfleig/.local/lib/python3.10/site-packages/airflow/example_dags/example_time_delta_sensor_async.py
[2023-01-03T22:44:15.746+0100] {logging_mixin.py:137} INFO - [2023-01-03T22:44:15.746+0100] {dag.py:2676} INFO - Sync 1 DAGs
[2023-01-03T22:44:15.762+0100] {logging_mixin.py:137} INFO - [2023-01-03T22:44:15.761+0100] {dag.py:3423} INFO - Setting next_dagrun for example_time_delta_sensor_async to None, run_after=None
[2023-01-03T22:44:15.802+0100] {processor.py:175} INFO - Processing /home/chrisfleig/.local/lib/python3.10/site-packages/airflow/example_dags/example_time_delta_sensor_async.py took 0.091 seconds
[2023-01-03T22:44:54.713+0100] {processor.py:153} INFO - Started process (PID=9349) to work on /home/chrisfleig/.local/lib/python3.10/site-packages/airflow/example_dags/example_time_delta_sensor_async.py
[2023-01-03T22:44:54.714+0100] {processor.py:743} INFO - Processing file /home/chrisfleig/.local/lib/python3.10/site-packages/airflow/example_dags/example_time_delta_sensor_async.py for tasks to queue
[2023-01-03T22:44:54.714+0100] {logging_mixin.py:137} INFO - [2023-01-03T22:44:54.714+0100] {dagbag.py:538} INFO - Filling up the DagBag from /home/chrisfleig/.local/lib/python3.10/site-packages/airflow/example_dags/example_time_delta_sensor_async.py
[2023-01-03T22:44:54.725+0100] {processor.py:753} INFO - DAG(s) dict_keys(['example_time_delta_sensor_async']) retrieved from /home/chrisfleig/.local/lib/python3.10/site-packages/airflow/example_dags/example_time_delta_sensor_async.py
[2023-01-03T22:44:54.747+0100] {logging_mixin.py:137} INFO - [2023-01-03T22:44:54.747+0100] {dag.py:2676} INFO - Sync 1 DAGs
[2023-01-03T22:44:54.767+0100] {logging_mixin.py:137} INFO - [2023-01-03T22:44:54.767+0100] {dag.py:3423} INFO - Setting next_dagrun for example_time_delta_sensor_async to None, run_after=None
[2023-01-03T22:44:54.807+0100] {processor.py:175} INFO - Processing /home/chrisfleig/.local/lib/python3.10/site-packages/airflow/example_dags/example_time_delta_sensor_async.py took 0.097 seconds
[2023-01-03T22:45:34.032+0100] {processor.py:153} INFO - Started process (PID=9387) to work on /home/chrisfleig/.local/lib/python3.10/site-packages/airflow/example_dags/example_time_delta_sensor_async.py
[2023-01-03T22:45:34.033+0100] {processor.py:743} INFO - Processing file /home/chrisfleig/.local/lib/python3.10/site-packages/airflow/example_dags/example_time_delta_sensor_async.py for tasks to queue
[2023-01-03T22:45:34.033+0100] {logging_mixin.py:137} INFO - [2023-01-03T22:45:34.033+0100] {dagbag.py:538} INFO - Filling up the DagBag from /home/chrisfleig/.local/lib/python3.10/site-packages/airflow/example_dags/example_time_delta_sensor_async.py
[2023-01-03T22:45:34.044+0100] {processor.py:753} INFO - DAG(s) dict_keys(['example_time_delta_sensor_async']) retrieved from /home/chrisfleig/.local/lib/python3.10/site-packages/airflow/example_dags/example_time_delta_sensor_async.py
[2023-01-03T22:45:34.064+0100] {logging_mixin.py:137} INFO - [2023-01-03T22:45:34.064+0100] {dag.py:2676} INFO - Sync 1 DAGs
[2023-01-03T22:45:34.081+0100] {logging_mixin.py:137} INFO - [2023-01-03T22:45:34.081+0100] {dag.py:3423} INFO - Setting next_dagrun for example_time_delta_sensor_async to None, run_after=None
[2023-01-03T22:45:34.116+0100] {processor.py:175} INFO - Processing /home/chrisfleig/.local/lib/python3.10/site-packages/airflow/example_dags/example_time_delta_sensor_async.py took 0.087 seconds
[2023-01-03T22:46:11.793+0100] {processor.py:153} INFO - Started process (PID=9425) to work on /home/chrisfleig/.local/lib/python3.10/site-packages/airflow/example_dags/example_time_delta_sensor_async.py
[2023-01-03T22:46:11.794+0100] {processor.py:743} INFO - Processing file /home/chrisfleig/.local/lib/python3.10/site-packages/airflow/example_dags/example_time_delta_sensor_async.py for tasks to queue
[2023-01-03T22:46:11.794+0100] {logging_mixin.py:137} INFO - [2023-01-03T22:46:11.794+0100] {dagbag.py:538} INFO - Filling up the DagBag from /home/chrisfleig/.local/lib/python3.10/site-packages/airflow/example_dags/example_time_delta_sensor_async.py
[2023-01-03T22:46:11.805+0100] {processor.py:753} INFO - DAG(s) dict_keys(['example_time_delta_sensor_async']) retrieved from /home/chrisfleig/.local/lib/python3.10/site-packages/airflow/example_dags/example_time_delta_sensor_async.py
[2023-01-03T22:46:11.825+0100] {logging_mixin.py:137} INFO - [2023-01-03T22:46:11.824+0100] {dag.py:2676} INFO - Sync 1 DAGs
[2023-01-03T22:46:11.842+0100] {logging_mixin.py:137} INFO - [2023-01-03T22:46:11.841+0100] {dag.py:3423} INFO - Setting next_dagrun for example_time_delta_sensor_async to None, run_after=None
[2023-01-03T22:46:11.875+0100] {processor.py:175} INFO - Processing /home/chrisfleig/.local/lib/python3.10/site-packages/airflow/example_dags/example_time_delta_sensor_async.py took 0.085 seconds
[2023-01-03T22:46:48.590+0100] {processor.py:153} INFO - Started process (PID=9463) to work on /home/chrisfleig/.local/lib/python3.10/site-packages/airflow/example_dags/example_time_delta_sensor_async.py
[2023-01-03T22:46:48.592+0100] {processor.py:743} INFO - Processing file /home/chrisfleig/.local/lib/python3.10/site-packages/airflow/example_dags/example_time_delta_sensor_async.py for tasks to queue
[2023-01-03T22:46:48.593+0100] {logging_mixin.py:137} INFO - [2023-01-03T22:46:48.593+0100] {dagbag.py:538} INFO - Filling up the DagBag from /home/chrisfleig/.local/lib/python3.10/site-packages/airflow/example_dags/example_time_delta_sensor_async.py
[2023-01-03T22:46:48.606+0100] {processor.py:753} INFO - DAG(s) dict_keys(['example_time_delta_sensor_async']) retrieved from /home/chrisfleig/.local/lib/python3.10/site-packages/airflow/example_dags/example_time_delta_sensor_async.py
[2023-01-03T22:46:48.635+0100] {logging_mixin.py:137} INFO - [2023-01-03T22:46:48.635+0100] {dag.py:2676} INFO - Sync 1 DAGs
[2023-01-03T22:46:48.662+0100] {logging_mixin.py:137} INFO - [2023-01-03T22:46:48.662+0100] {dag.py:3423} INFO - Setting next_dagrun for example_time_delta_sensor_async to None, run_after=None
[2023-01-03T22:46:48.704+0100] {processor.py:175} INFO - Processing /home/chrisfleig/.local/lib/python3.10/site-packages/airflow/example_dags/example_time_delta_sensor_async.py took 0.118 seconds
[2023-01-03T22:47:27.873+0100] {processor.py:153} INFO - Started process (PID=9501) to work on /home/chrisfleig/.local/lib/python3.10/site-packages/airflow/example_dags/example_time_delta_sensor_async.py
[2023-01-03T22:47:27.874+0100] {processor.py:743} INFO - Processing file /home/chrisfleig/.local/lib/python3.10/site-packages/airflow/example_dags/example_time_delta_sensor_async.py for tasks to queue
[2023-01-03T22:47:27.875+0100] {logging_mixin.py:137} INFO - [2023-01-03T22:47:27.875+0100] {dagbag.py:538} INFO - Filling up the DagBag from /home/chrisfleig/.local/lib/python3.10/site-packages/airflow/example_dags/example_time_delta_sensor_async.py
[2023-01-03T22:47:27.885+0100] {processor.py:753} INFO - DAG(s) dict_keys(['example_time_delta_sensor_async']) retrieved from /home/chrisfleig/.local/lib/python3.10/site-packages/airflow/example_dags/example_time_delta_sensor_async.py
[2023-01-03T22:47:27.906+0100] {logging_mixin.py:137} INFO - [2023-01-03T22:47:27.906+0100] {dag.py:2676} INFO - Sync 1 DAGs
[2023-01-03T22:47:27.922+0100] {logging_mixin.py:137} INFO - [2023-01-03T22:47:27.922+0100] {dag.py:3423} INFO - Setting next_dagrun for example_time_delta_sensor_async to None, run_after=None
[2023-01-03T22:47:27.955+0100] {processor.py:175} INFO - Processing /home/chrisfleig/.local/lib/python3.10/site-packages/airflow/example_dags/example_time_delta_sensor_async.py took 0.084 seconds
[2023-01-03T22:48:07.147+0100] {processor.py:153} INFO - Started process (PID=9539) to work on /home/chrisfleig/.local/lib/python3.10/site-packages/airflow/example_dags/example_time_delta_sensor_async.py
[2023-01-03T22:48:07.151+0100] {processor.py:743} INFO - Processing file /home/chrisfleig/.local/lib/python3.10/site-packages/airflow/example_dags/example_time_delta_sensor_async.py for tasks to queue
[2023-01-03T22:48:07.152+0100] {logging_mixin.py:137} INFO - [2023-01-03T22:48:07.152+0100] {dagbag.py:538} INFO - Filling up the DagBag from /home/chrisfleig/.local/lib/python3.10/site-packages/airflow/example_dags/example_time_delta_sensor_async.py
[2023-01-03T22:48:07.180+0100] {processor.py:753} INFO - DAG(s) dict_keys(['example_time_delta_sensor_async']) retrieved from /home/chrisfleig/.local/lib/python3.10/site-packages/airflow/example_dags/example_time_delta_sensor_async.py
[2023-01-03T22:48:07.282+0100] {logging_mixin.py:137} INFO - [2023-01-03T22:48:07.282+0100] {dag.py:2676} INFO - Sync 1 DAGs
[2023-01-03T22:48:07.310+0100] {logging_mixin.py:137} INFO - [2023-01-03T22:48:07.310+0100] {dag.py:3423} INFO - Setting next_dagrun for example_time_delta_sensor_async to None, run_after=None
[2023-01-03T22:48:07.368+0100] {processor.py:175} INFO - Processing /home/chrisfleig/.local/lib/python3.10/site-packages/airflow/example_dags/example_time_delta_sensor_async.py took 0.224 seconds
[2023-01-03T22:48:46.763+0100] {processor.py:153} INFO - Started process (PID=9577) to work on /home/chrisfleig/.local/lib/python3.10/site-packages/airflow/example_dags/example_time_delta_sensor_async.py
[2023-01-03T22:48:46.764+0100] {processor.py:743} INFO - Processing file /home/chrisfleig/.local/lib/python3.10/site-packages/airflow/example_dags/example_time_delta_sensor_async.py for tasks to queue
[2023-01-03T22:48:46.765+0100] {logging_mixin.py:137} INFO - [2023-01-03T22:48:46.765+0100] {dagbag.py:538} INFO - Filling up the DagBag from /home/chrisfleig/.local/lib/python3.10/site-packages/airflow/example_dags/example_time_delta_sensor_async.py
[2023-01-03T22:48:46.776+0100] {processor.py:753} INFO - DAG(s) dict_keys(['example_time_delta_sensor_async']) retrieved from /home/chrisfleig/.local/lib/python3.10/site-packages/airflow/example_dags/example_time_delta_sensor_async.py
[2023-01-03T22:48:46.795+0100] {logging_mixin.py:137} INFO - [2023-01-03T22:48:46.795+0100] {dag.py:2676} INFO - Sync 1 DAGs
[2023-01-03T22:48:46.811+0100] {logging_mixin.py:137} INFO - [2023-01-03T22:48:46.811+0100] {dag.py:3423} INFO - Setting next_dagrun for example_time_delta_sensor_async to None, run_after=None
[2023-01-03T22:48:46.849+0100] {processor.py:175} INFO - Processing /home/chrisfleig/.local/lib/python3.10/site-packages/airflow/example_dags/example_time_delta_sensor_async.py took 0.089 seconds
[2023-01-03T22:49:28.482+0100] {processor.py:153} INFO - Started process (PID=9615) to work on /home/chrisfleig/.local/lib/python3.10/site-packages/airflow/example_dags/example_time_delta_sensor_async.py
[2023-01-03T22:49:28.485+0100] {processor.py:743} INFO - Processing file /home/chrisfleig/.local/lib/python3.10/site-packages/airflow/example_dags/example_time_delta_sensor_async.py for tasks to queue
[2023-01-03T22:49:28.486+0100] {logging_mixin.py:137} INFO - [2023-01-03T22:49:28.486+0100] {dagbag.py:538} INFO - Filling up the DagBag from /home/chrisfleig/.local/lib/python3.10/site-packages/airflow/example_dags/example_time_delta_sensor_async.py
[2023-01-03T22:49:28.499+0100] {processor.py:753} INFO - DAG(s) dict_keys(['example_time_delta_sensor_async']) retrieved from /home/chrisfleig/.local/lib/python3.10/site-packages/airflow/example_dags/example_time_delta_sensor_async.py
[2023-01-03T22:49:28.522+0100] {logging_mixin.py:137} INFO - [2023-01-03T22:49:28.522+0100] {dag.py:2676} INFO - Sync 1 DAGs
[2023-01-03T22:49:28.543+0100] {logging_mixin.py:137} INFO - [2023-01-03T22:49:28.543+0100] {dag.py:3423} INFO - Setting next_dagrun for example_time_delta_sensor_async to None, run_after=None
[2023-01-03T22:49:28.585+0100] {processor.py:175} INFO - Processing /home/chrisfleig/.local/lib/python3.10/site-packages/airflow/example_dags/example_time_delta_sensor_async.py took 0.107 seconds
[2023-01-03T22:50:07.552+0100] {processor.py:153} INFO - Started process (PID=9653) to work on /home/chrisfleig/.local/lib/python3.10/site-packages/airflow/example_dags/example_time_delta_sensor_async.py
[2023-01-03T22:50:07.553+0100] {processor.py:743} INFO - Processing file /home/chrisfleig/.local/lib/python3.10/site-packages/airflow/example_dags/example_time_delta_sensor_async.py for tasks to queue
[2023-01-03T22:50:07.554+0100] {logging_mixin.py:137} INFO - [2023-01-03T22:50:07.553+0100] {dagbag.py:538} INFO - Filling up the DagBag from /home/chrisfleig/.local/lib/python3.10/site-packages/airflow/example_dags/example_time_delta_sensor_async.py
[2023-01-03T22:50:07.565+0100] {processor.py:753} INFO - DAG(s) dict_keys(['example_time_delta_sensor_async']) retrieved from /home/chrisfleig/.local/lib/python3.10/site-packages/airflow/example_dags/example_time_delta_sensor_async.py
[2023-01-03T22:50:07.585+0100] {logging_mixin.py:137} INFO - [2023-01-03T22:50:07.584+0100] {dag.py:2676} INFO - Sync 1 DAGs
[2023-01-03T22:50:07.601+0100] {logging_mixin.py:137} INFO - [2023-01-03T22:50:07.601+0100] {dag.py:3423} INFO - Setting next_dagrun for example_time_delta_sensor_async to None, run_after=None
[2023-01-03T22:50:07.635+0100] {processor.py:175} INFO - Processing /home/chrisfleig/.local/lib/python3.10/site-packages/airflow/example_dags/example_time_delta_sensor_async.py took 0.085 seconds
[2023-01-03T22:50:46.800+0100] {processor.py:153} INFO - Started process (PID=9691) to work on /home/chrisfleig/.local/lib/python3.10/site-packages/airflow/example_dags/example_time_delta_sensor_async.py
[2023-01-03T22:50:46.801+0100] {processor.py:743} INFO - Processing file /home/chrisfleig/.local/lib/python3.10/site-packages/airflow/example_dags/example_time_delta_sensor_async.py for tasks to queue
[2023-01-03T22:50:46.801+0100] {logging_mixin.py:137} INFO - [2023-01-03T22:50:46.801+0100] {dagbag.py:538} INFO - Filling up the DagBag from /home/chrisfleig/.local/lib/python3.10/site-packages/airflow/example_dags/example_time_delta_sensor_async.py
[2023-01-03T22:50:46.816+0100] {processor.py:753} INFO - DAG(s) dict_keys(['example_time_delta_sensor_async']) retrieved from /home/chrisfleig/.local/lib/python3.10/site-packages/airflow/example_dags/example_time_delta_sensor_async.py
[2023-01-03T22:50:46.841+0100] {logging_mixin.py:137} INFO - [2023-01-03T22:50:46.841+0100] {dag.py:2676} INFO - Sync 1 DAGs
[2023-01-03T22:50:46.867+0100] {logging_mixin.py:137} INFO - [2023-01-03T22:50:46.867+0100] {dag.py:3423} INFO - Setting next_dagrun for example_time_delta_sensor_async to None, run_after=None
[2023-01-03T22:50:46.904+0100] {processor.py:175} INFO - Processing /home/chrisfleig/.local/lib/python3.10/site-packages/airflow/example_dags/example_time_delta_sensor_async.py took 0.107 seconds
[2023-01-03T22:51:25.836+0100] {processor.py:153} INFO - Started process (PID=9729) to work on /home/chrisfleig/.local/lib/python3.10/site-packages/airflow/example_dags/example_time_delta_sensor_async.py
[2023-01-03T22:51:25.837+0100] {processor.py:743} INFO - Processing file /home/chrisfleig/.local/lib/python3.10/site-packages/airflow/example_dags/example_time_delta_sensor_async.py for tasks to queue
[2023-01-03T22:51:25.837+0100] {logging_mixin.py:137} INFO - [2023-01-03T22:51:25.837+0100] {dagbag.py:538} INFO - Filling up the DagBag from /home/chrisfleig/.local/lib/python3.10/site-packages/airflow/example_dags/example_time_delta_sensor_async.py
[2023-01-03T22:51:25.849+0100] {processor.py:753} INFO - DAG(s) dict_keys(['example_time_delta_sensor_async']) retrieved from /home/chrisfleig/.local/lib/python3.10/site-packages/airflow/example_dags/example_time_delta_sensor_async.py
[2023-01-03T22:51:25.871+0100] {logging_mixin.py:137} INFO - [2023-01-03T22:51:25.871+0100] {dag.py:2676} INFO - Sync 1 DAGs
[2023-01-03T22:51:25.888+0100] {logging_mixin.py:137} INFO - [2023-01-03T22:51:25.888+0100] {dag.py:3423} INFO - Setting next_dagrun for example_time_delta_sensor_async to None, run_after=None
[2023-01-03T22:51:25.927+0100] {processor.py:175} INFO - Processing /home/chrisfleig/.local/lib/python3.10/site-packages/airflow/example_dags/example_time_delta_sensor_async.py took 0.094 seconds
[2023-01-03T22:52:05.052+0100] {processor.py:153} INFO - Started process (PID=9767) to work on /home/chrisfleig/.local/lib/python3.10/site-packages/airflow/example_dags/example_time_delta_sensor_async.py
[2023-01-03T22:52:05.055+0100] {processor.py:743} INFO - Processing file /home/chrisfleig/.local/lib/python3.10/site-packages/airflow/example_dags/example_time_delta_sensor_async.py for tasks to queue
[2023-01-03T22:52:05.056+0100] {logging_mixin.py:137} INFO - [2023-01-03T22:52:05.055+0100] {dagbag.py:538} INFO - Filling up the DagBag from /home/chrisfleig/.local/lib/python3.10/site-packages/airflow/example_dags/example_time_delta_sensor_async.py
[2023-01-03T22:52:05.067+0100] {processor.py:753} INFO - DAG(s) dict_keys(['example_time_delta_sensor_async']) retrieved from /home/chrisfleig/.local/lib/python3.10/site-packages/airflow/example_dags/example_time_delta_sensor_async.py
[2023-01-03T22:52:05.094+0100] {logging_mixin.py:137} INFO - [2023-01-03T22:52:05.093+0100] {dag.py:2676} INFO - Sync 1 DAGs
[2023-01-03T22:52:05.113+0100] {logging_mixin.py:137} INFO - [2023-01-03T22:52:05.113+0100] {dag.py:3423} INFO - Setting next_dagrun for example_time_delta_sensor_async to None, run_after=None
[2023-01-03T22:52:05.158+0100] {processor.py:175} INFO - Processing /home/chrisfleig/.local/lib/python3.10/site-packages/airflow/example_dags/example_time_delta_sensor_async.py took 0.109 seconds
[2023-01-03T22:52:46.563+0100] {processor.py:153} INFO - Started process (PID=9805) to work on /home/chrisfleig/.local/lib/python3.10/site-packages/airflow/example_dags/example_time_delta_sensor_async.py
[2023-01-03T22:52:46.564+0100] {processor.py:743} INFO - Processing file /home/chrisfleig/.local/lib/python3.10/site-packages/airflow/example_dags/example_time_delta_sensor_async.py for tasks to queue
[2023-01-03T22:52:46.565+0100] {logging_mixin.py:137} INFO - [2023-01-03T22:52:46.565+0100] {dagbag.py:538} INFO - Filling up the DagBag from /home/chrisfleig/.local/lib/python3.10/site-packages/airflow/example_dags/example_time_delta_sensor_async.py
[2023-01-03T22:52:46.579+0100] {processor.py:753} INFO - DAG(s) dict_keys(['example_time_delta_sensor_async']) retrieved from /home/chrisfleig/.local/lib/python3.10/site-packages/airflow/example_dags/example_time_delta_sensor_async.py
[2023-01-03T22:52:46.603+0100] {logging_mixin.py:137} INFO - [2023-01-03T22:52:46.603+0100] {dag.py:2676} INFO - Sync 1 DAGs
[2023-01-03T22:52:46.625+0100] {logging_mixin.py:137} INFO - [2023-01-03T22:52:46.624+0100] {dag.py:3423} INFO - Setting next_dagrun for example_time_delta_sensor_async to None, run_after=None
[2023-01-03T22:52:46.663+0100] {processor.py:175} INFO - Processing /home/chrisfleig/.local/lib/python3.10/site-packages/airflow/example_dags/example_time_delta_sensor_async.py took 0.103 seconds
[2023-01-03T22:53:24.402+0100] {processor.py:153} INFO - Started process (PID=9843) to work on /home/chrisfleig/.local/lib/python3.10/site-packages/airflow/example_dags/example_time_delta_sensor_async.py
[2023-01-03T22:53:24.411+0100] {processor.py:743} INFO - Processing file /home/chrisfleig/.local/lib/python3.10/site-packages/airflow/example_dags/example_time_delta_sensor_async.py for tasks to queue
[2023-01-03T22:53:24.412+0100] {logging_mixin.py:137} INFO - [2023-01-03T22:53:24.412+0100] {dagbag.py:538} INFO - Filling up the DagBag from /home/chrisfleig/.local/lib/python3.10/site-packages/airflow/example_dags/example_time_delta_sensor_async.py
[2023-01-03T22:53:24.430+0100] {processor.py:753} INFO - DAG(s) dict_keys(['example_time_delta_sensor_async']) retrieved from /home/chrisfleig/.local/lib/python3.10/site-packages/airflow/example_dags/example_time_delta_sensor_async.py
[2023-01-03T22:53:24.452+0100] {logging_mixin.py:137} INFO - [2023-01-03T22:53:24.452+0100] {dag.py:2676} INFO - Sync 1 DAGs
[2023-01-03T22:53:24.468+0100] {logging_mixin.py:137} INFO - [2023-01-03T22:53:24.468+0100] {dag.py:3423} INFO - Setting next_dagrun for example_time_delta_sensor_async to None, run_after=None
[2023-01-03T22:53:24.504+0100] {processor.py:175} INFO - Processing /home/chrisfleig/.local/lib/python3.10/site-packages/airflow/example_dags/example_time_delta_sensor_async.py took 0.115 seconds
[2023-01-03T22:54:06.336+0100] {processor.py:153} INFO - Started process (PID=9886) to work on /home/chrisfleig/.local/lib/python3.10/site-packages/airflow/example_dags/example_time_delta_sensor_async.py
[2023-01-03T22:54:06.339+0100] {processor.py:743} INFO - Processing file /home/chrisfleig/.local/lib/python3.10/site-packages/airflow/example_dags/example_time_delta_sensor_async.py for tasks to queue
[2023-01-03T22:54:06.340+0100] {logging_mixin.py:137} INFO - [2023-01-03T22:54:06.340+0100] {dagbag.py:538} INFO - Filling up the DagBag from /home/chrisfleig/.local/lib/python3.10/site-packages/airflow/example_dags/example_time_delta_sensor_async.py
[2023-01-03T22:54:06.366+0100] {processor.py:753} INFO - DAG(s) dict_keys(['example_time_delta_sensor_async']) retrieved from /home/chrisfleig/.local/lib/python3.10/site-packages/airflow/example_dags/example_time_delta_sensor_async.py
[2023-01-03T22:54:06.409+0100] {logging_mixin.py:137} INFO - [2023-01-03T22:54:06.409+0100] {dag.py:2676} INFO - Sync 1 DAGs
[2023-01-03T22:54:06.433+0100] {logging_mixin.py:137} INFO - [2023-01-03T22:54:06.432+0100] {dag.py:3423} INFO - Setting next_dagrun for example_time_delta_sensor_async to None, run_after=None
[2023-01-03T22:54:06.481+0100] {processor.py:175} INFO - Processing /home/chrisfleig/.local/lib/python3.10/site-packages/airflow/example_dags/example_time_delta_sensor_async.py took 0.149 seconds
[2023-01-03T22:54:48.928+0100] {processor.py:153} INFO - Started process (PID=9926) to work on /home/chrisfleig/.local/lib/python3.10/site-packages/airflow/example_dags/example_time_delta_sensor_async.py
[2023-01-03T22:54:48.929+0100] {processor.py:743} INFO - Processing file /home/chrisfleig/.local/lib/python3.10/site-packages/airflow/example_dags/example_time_delta_sensor_async.py for tasks to queue
[2023-01-03T22:54:48.930+0100] {logging_mixin.py:137} INFO - [2023-01-03T22:54:48.929+0100] {dagbag.py:538} INFO - Filling up the DagBag from /home/chrisfleig/.local/lib/python3.10/site-packages/airflow/example_dags/example_time_delta_sensor_async.py
[2023-01-03T22:54:48.942+0100] {processor.py:753} INFO - DAG(s) dict_keys(['example_time_delta_sensor_async']) retrieved from /home/chrisfleig/.local/lib/python3.10/site-packages/airflow/example_dags/example_time_delta_sensor_async.py
[2023-01-03T22:54:48.964+0100] {logging_mixin.py:137} INFO - [2023-01-03T22:54:48.964+0100] {dag.py:2676} INFO - Sync 1 DAGs
[2023-01-03T22:54:48.983+0100] {logging_mixin.py:137} INFO - [2023-01-03T22:54:48.983+0100] {dag.py:3423} INFO - Setting next_dagrun for example_time_delta_sensor_async to None, run_after=None
[2023-01-03T22:54:49.022+0100] {processor.py:175} INFO - Processing /home/chrisfleig/.local/lib/python3.10/site-packages/airflow/example_dags/example_time_delta_sensor_async.py took 0.097 seconds
[2023-01-03T22:55:31.738+0100] {processor.py:153} INFO - Started process (PID=9964) to work on /home/chrisfleig/.local/lib/python3.10/site-packages/airflow/example_dags/example_time_delta_sensor_async.py
[2023-01-03T22:55:31.739+0100] {processor.py:743} INFO - Processing file /home/chrisfleig/.local/lib/python3.10/site-packages/airflow/example_dags/example_time_delta_sensor_async.py for tasks to queue
[2023-01-03T22:55:31.740+0100] {logging_mixin.py:137} INFO - [2023-01-03T22:55:31.739+0100] {dagbag.py:538} INFO - Filling up the DagBag from /home/chrisfleig/.local/lib/python3.10/site-packages/airflow/example_dags/example_time_delta_sensor_async.py
[2023-01-03T22:55:31.753+0100] {processor.py:753} INFO - DAG(s) dict_keys(['example_time_delta_sensor_async']) retrieved from /home/chrisfleig/.local/lib/python3.10/site-packages/airflow/example_dags/example_time_delta_sensor_async.py
[2023-01-03T22:55:31.776+0100] {logging_mixin.py:137} INFO - [2023-01-03T22:55:31.775+0100] {dag.py:2676} INFO - Sync 1 DAGs
[2023-01-03T22:55:31.796+0100] {logging_mixin.py:137} INFO - [2023-01-03T22:55:31.795+0100] {dag.py:3423} INFO - Setting next_dagrun for example_time_delta_sensor_async to None, run_after=None
[2023-01-03T22:55:31.871+0100] {processor.py:175} INFO - Processing /home/chrisfleig/.local/lib/python3.10/site-packages/airflow/example_dags/example_time_delta_sensor_async.py took 0.136 seconds
[2023-01-03T22:56:13.357+0100] {processor.py:153} INFO - Started process (PID=10007) to work on /home/chrisfleig/.local/lib/python3.10/site-packages/airflow/example_dags/example_time_delta_sensor_async.py
[2023-01-03T22:56:13.361+0100] {processor.py:743} INFO - Processing file /home/chrisfleig/.local/lib/python3.10/site-packages/airflow/example_dags/example_time_delta_sensor_async.py for tasks to queue
[2023-01-03T22:56:13.365+0100] {logging_mixin.py:137} INFO - [2023-01-03T22:56:13.365+0100] {dagbag.py:538} INFO - Filling up the DagBag from /home/chrisfleig/.local/lib/python3.10/site-packages/airflow/example_dags/example_time_delta_sensor_async.py
[2023-01-03T22:56:13.386+0100] {processor.py:753} INFO - DAG(s) dict_keys(['example_time_delta_sensor_async']) retrieved from /home/chrisfleig/.local/lib/python3.10/site-packages/airflow/example_dags/example_time_delta_sensor_async.py
[2023-01-03T22:56:13.420+0100] {logging_mixin.py:137} INFO - [2023-01-03T22:56:13.420+0100] {dag.py:2676} INFO - Sync 1 DAGs
[2023-01-03T22:56:13.454+0100] {logging_mixin.py:137} INFO - [2023-01-03T22:56:13.454+0100] {dag.py:3423} INFO - Setting next_dagrun for example_time_delta_sensor_async to None, run_after=None
[2023-01-03T22:56:13.504+0100] {processor.py:175} INFO - Processing /home/chrisfleig/.local/lib/python3.10/site-packages/airflow/example_dags/example_time_delta_sensor_async.py took 0.151 seconds
[2023-01-03T22:56:56.939+0100] {processor.py:153} INFO - Started process (PID=10046) to work on /home/chrisfleig/.local/lib/python3.10/site-packages/airflow/example_dags/example_time_delta_sensor_async.py
[2023-01-03T22:56:56.940+0100] {processor.py:743} INFO - Processing file /home/chrisfleig/.local/lib/python3.10/site-packages/airflow/example_dags/example_time_delta_sensor_async.py for tasks to queue
[2023-01-03T22:56:56.941+0100] {logging_mixin.py:137} INFO - [2023-01-03T22:56:56.941+0100] {dagbag.py:538} INFO - Filling up the DagBag from /home/chrisfleig/.local/lib/python3.10/site-packages/airflow/example_dags/example_time_delta_sensor_async.py
[2023-01-03T22:56:56.954+0100] {processor.py:753} INFO - DAG(s) dict_keys(['example_time_delta_sensor_async']) retrieved from /home/chrisfleig/.local/lib/python3.10/site-packages/airflow/example_dags/example_time_delta_sensor_async.py
[2023-01-03T22:56:56.979+0100] {logging_mixin.py:137} INFO - [2023-01-03T22:56:56.979+0100] {dag.py:2676} INFO - Sync 1 DAGs
[2023-01-03T22:56:57.001+0100] {logging_mixin.py:137} INFO - [2023-01-03T22:56:57.001+0100] {dag.py:3423} INFO - Setting next_dagrun for example_time_delta_sensor_async to None, run_after=None
[2023-01-03T22:56:57.040+0100] {processor.py:175} INFO - Processing /home/chrisfleig/.local/lib/python3.10/site-packages/airflow/example_dags/example_time_delta_sensor_async.py took 0.104 seconds
