[2023-01-03T22:10:57.236+0100] {processor.py:153} INFO - Started process (PID=8195) to work on /home/chrisfleig/.local/lib/python3.10/site-packages/airflow/example_dags/tutorial_dag.py
[2023-01-03T22:10:57.237+0100] {processor.py:743} INFO - Processing file /home/chrisfleig/.local/lib/python3.10/site-packages/airflow/example_dags/tutorial_dag.py for tasks to queue
[2023-01-03T22:10:57.237+0100] {logging_mixin.py:137} INFO - [2023-01-03T22:10:57.237+0100] {dagbag.py:538} INFO - Filling up the DagBag from /home/chrisfleig/.local/lib/python3.10/site-packages/airflow/example_dags/tutorial_dag.py
[2023-01-03T22:10:57.248+0100] {processor.py:753} INFO - DAG(s) dict_keys(['tutorial_dag']) retrieved from /home/chrisfleig/.local/lib/python3.10/site-packages/airflow/example_dags/tutorial_dag.py
[2023-01-03T22:10:57.376+0100] {logging_mixin.py:137} INFO - [2023-01-03T22:10:57.376+0100] {manager.py:504} INFO - Created Permission View: can edit on DAG:tutorial_dag
[2023-01-03T22:10:57.401+0100] {logging_mixin.py:137} INFO - [2023-01-03T22:10:57.401+0100] {manager.py:504} INFO - Created Permission View: can delete on DAG:tutorial_dag
[2023-01-03T22:10:57.428+0100] {logging_mixin.py:137} INFO - [2023-01-03T22:10:57.427+0100] {manager.py:504} INFO - Created Permission View: can read on DAG:tutorial_dag
[2023-01-03T22:10:57.428+0100] {logging_mixin.py:137} INFO - [2023-01-03T22:10:57.428+0100] {dag.py:2676} INFO - Sync 1 DAGs
[2023-01-03T22:10:57.438+0100] {logging_mixin.py:137} INFO - [2023-01-03T22:10:57.437+0100] {dag.py:2697} INFO - Creating ORM DAG for tutorial_dag
[2023-01-03T22:10:57.444+0100] {logging_mixin.py:137} INFO - [2023-01-03T22:10:57.444+0100] {dag.py:3423} INFO - Setting next_dagrun for tutorial_dag to None, run_after=None
[2023-01-03T22:10:57.484+0100] {processor.py:175} INFO - Processing /home/chrisfleig/.local/lib/python3.10/site-packages/airflow/example_dags/tutorial_dag.py took 0.251 seconds
[2023-01-03T22:11:41.246+0100] {processor.py:153} INFO - Started process (PID=8233) to work on /home/chrisfleig/.local/lib/python3.10/site-packages/airflow/example_dags/tutorial_dag.py
[2023-01-03T22:11:41.247+0100] {processor.py:743} INFO - Processing file /home/chrisfleig/.local/lib/python3.10/site-packages/airflow/example_dags/tutorial_dag.py for tasks to queue
[2023-01-03T22:11:41.248+0100] {logging_mixin.py:137} INFO - [2023-01-03T22:11:41.248+0100] {dagbag.py:538} INFO - Filling up the DagBag from /home/chrisfleig/.local/lib/python3.10/site-packages/airflow/example_dags/tutorial_dag.py
[2023-01-03T22:11:41.262+0100] {processor.py:753} INFO - DAG(s) dict_keys(['tutorial_dag']) retrieved from /home/chrisfleig/.local/lib/python3.10/site-packages/airflow/example_dags/tutorial_dag.py
[2023-01-03T22:11:41.288+0100] {logging_mixin.py:137} INFO - [2023-01-03T22:11:41.287+0100] {dag.py:2676} INFO - Sync 1 DAGs
[2023-01-03T22:11:41.306+0100] {logging_mixin.py:137} INFO - [2023-01-03T22:11:41.306+0100] {dag.py:3423} INFO - Setting next_dagrun for tutorial_dag to None, run_after=None
[2023-01-03T22:11:41.344+0100] {processor.py:175} INFO - Processing /home/chrisfleig/.local/lib/python3.10/site-packages/airflow/example_dags/tutorial_dag.py took 0.101 seconds
[2023-01-03T22:12:20.130+0100] {processor.py:153} INFO - Started process (PID=8271) to work on /home/chrisfleig/.local/lib/python3.10/site-packages/airflow/example_dags/tutorial_dag.py
[2023-01-03T22:12:20.131+0100] {processor.py:743} INFO - Processing file /home/chrisfleig/.local/lib/python3.10/site-packages/airflow/example_dags/tutorial_dag.py for tasks to queue
[2023-01-03T22:12:20.132+0100] {logging_mixin.py:137} INFO - [2023-01-03T22:12:20.132+0100] {dagbag.py:538} INFO - Filling up the DagBag from /home/chrisfleig/.local/lib/python3.10/site-packages/airflow/example_dags/tutorial_dag.py
[2023-01-03T22:12:20.143+0100] {processor.py:753} INFO - DAG(s) dict_keys(['tutorial_dag']) retrieved from /home/chrisfleig/.local/lib/python3.10/site-packages/airflow/example_dags/tutorial_dag.py
[2023-01-03T22:12:20.164+0100] {logging_mixin.py:137} INFO - [2023-01-03T22:12:20.164+0100] {dag.py:2676} INFO - Sync 1 DAGs
[2023-01-03T22:12:20.180+0100] {logging_mixin.py:137} INFO - [2023-01-03T22:12:20.180+0100] {dag.py:3423} INFO - Setting next_dagrun for tutorial_dag to None, run_after=None
[2023-01-03T22:12:20.217+0100] {processor.py:175} INFO - Processing /home/chrisfleig/.local/lib/python3.10/site-packages/airflow/example_dags/tutorial_dag.py took 0.089 seconds
[2023-01-03T22:12:58.489+0100] {processor.py:153} INFO - Started process (PID=8309) to work on /home/chrisfleig/.local/lib/python3.10/site-packages/airflow/example_dags/tutorial_dag.py
[2023-01-03T22:12:58.490+0100] {processor.py:743} INFO - Processing file /home/chrisfleig/.local/lib/python3.10/site-packages/airflow/example_dags/tutorial_dag.py for tasks to queue
[2023-01-03T22:12:58.491+0100] {logging_mixin.py:137} INFO - [2023-01-03T22:12:58.491+0100] {dagbag.py:538} INFO - Filling up the DagBag from /home/chrisfleig/.local/lib/python3.10/site-packages/airflow/example_dags/tutorial_dag.py
[2023-01-03T22:12:58.504+0100] {processor.py:753} INFO - DAG(s) dict_keys(['tutorial_dag']) retrieved from /home/chrisfleig/.local/lib/python3.10/site-packages/airflow/example_dags/tutorial_dag.py
[2023-01-03T22:12:58.526+0100] {logging_mixin.py:137} INFO - [2023-01-03T22:12:58.526+0100] {dag.py:2676} INFO - Sync 1 DAGs
[2023-01-03T22:12:58.546+0100] {logging_mixin.py:137} INFO - [2023-01-03T22:12:58.546+0100] {dag.py:3423} INFO - Setting next_dagrun for tutorial_dag to None, run_after=None
[2023-01-03T22:12:58.587+0100] {processor.py:175} INFO - Processing /home/chrisfleig/.local/lib/python3.10/site-packages/airflow/example_dags/tutorial_dag.py took 0.100 seconds
[2023-01-03T22:13:37.648+0100] {processor.py:153} INFO - Started process (PID=8347) to work on /home/chrisfleig/.local/lib/python3.10/site-packages/airflow/example_dags/tutorial_dag.py
[2023-01-03T22:13:37.649+0100] {processor.py:743} INFO - Processing file /home/chrisfleig/.local/lib/python3.10/site-packages/airflow/example_dags/tutorial_dag.py for tasks to queue
[2023-01-03T22:13:37.649+0100] {logging_mixin.py:137} INFO - [2023-01-03T22:13:37.649+0100] {dagbag.py:538} INFO - Filling up the DagBag from /home/chrisfleig/.local/lib/python3.10/site-packages/airflow/example_dags/tutorial_dag.py
[2023-01-03T22:13:37.662+0100] {processor.py:753} INFO - DAG(s) dict_keys(['tutorial_dag']) retrieved from /home/chrisfleig/.local/lib/python3.10/site-packages/airflow/example_dags/tutorial_dag.py
[2023-01-03T22:13:37.684+0100] {logging_mixin.py:137} INFO - [2023-01-03T22:13:37.684+0100] {dag.py:2676} INFO - Sync 1 DAGs
[2023-01-03T22:13:37.709+0100] {logging_mixin.py:137} INFO - [2023-01-03T22:13:37.709+0100] {dag.py:3423} INFO - Setting next_dagrun for tutorial_dag to None, run_after=None
[2023-01-03T22:13:37.754+0100] {processor.py:175} INFO - Processing /home/chrisfleig/.local/lib/python3.10/site-packages/airflow/example_dags/tutorial_dag.py took 0.109 seconds
[2023-01-03T22:14:16.549+0100] {processor.py:153} INFO - Started process (PID=8385) to work on /home/chrisfleig/.local/lib/python3.10/site-packages/airflow/example_dags/tutorial_dag.py
[2023-01-03T22:14:16.550+0100] {processor.py:743} INFO - Processing file /home/chrisfleig/.local/lib/python3.10/site-packages/airflow/example_dags/tutorial_dag.py for tasks to queue
[2023-01-03T22:14:16.550+0100] {logging_mixin.py:137} INFO - [2023-01-03T22:14:16.550+0100] {dagbag.py:538} INFO - Filling up the DagBag from /home/chrisfleig/.local/lib/python3.10/site-packages/airflow/example_dags/tutorial_dag.py
[2023-01-03T22:14:16.563+0100] {processor.py:753} INFO - DAG(s) dict_keys(['tutorial_dag']) retrieved from /home/chrisfleig/.local/lib/python3.10/site-packages/airflow/example_dags/tutorial_dag.py
[2023-01-03T22:14:16.586+0100] {logging_mixin.py:137} INFO - [2023-01-03T22:14:16.586+0100] {dag.py:2676} INFO - Sync 1 DAGs
[2023-01-03T22:14:16.606+0100] {logging_mixin.py:137} INFO - [2023-01-03T22:14:16.606+0100] {dag.py:3423} INFO - Setting next_dagrun for tutorial_dag to None, run_after=None
[2023-01-03T22:14:16.644+0100] {processor.py:175} INFO - Processing /home/chrisfleig/.local/lib/python3.10/site-packages/airflow/example_dags/tutorial_dag.py took 0.098 seconds
[2023-01-03T22:14:56.667+0100] {processor.py:153} INFO - Started process (PID=8423) to work on /home/chrisfleig/.local/lib/python3.10/site-packages/airflow/example_dags/tutorial_dag.py
[2023-01-03T22:14:56.668+0100] {processor.py:743} INFO - Processing file /home/chrisfleig/.local/lib/python3.10/site-packages/airflow/example_dags/tutorial_dag.py for tasks to queue
[2023-01-03T22:14:56.669+0100] {logging_mixin.py:137} INFO - [2023-01-03T22:14:56.669+0100] {dagbag.py:538} INFO - Filling up the DagBag from /home/chrisfleig/.local/lib/python3.10/site-packages/airflow/example_dags/tutorial_dag.py
[2023-01-03T22:14:56.680+0100] {processor.py:753} INFO - DAG(s) dict_keys(['tutorial_dag']) retrieved from /home/chrisfleig/.local/lib/python3.10/site-packages/airflow/example_dags/tutorial_dag.py
[2023-01-03T22:14:56.701+0100] {logging_mixin.py:137} INFO - [2023-01-03T22:14:56.701+0100] {dag.py:2676} INFO - Sync 1 DAGs
[2023-01-03T22:14:56.718+0100] {logging_mixin.py:137} INFO - [2023-01-03T22:14:56.718+0100] {dag.py:3423} INFO - Setting next_dagrun for tutorial_dag to None, run_after=None
[2023-01-03T22:14:56.757+0100] {processor.py:175} INFO - Processing /home/chrisfleig/.local/lib/python3.10/site-packages/airflow/example_dags/tutorial_dag.py took 0.093 seconds
[2023-01-03T22:15:34.846+0100] {processor.py:153} INFO - Started process (PID=8462) to work on /home/chrisfleig/.local/lib/python3.10/site-packages/airflow/example_dags/tutorial_dag.py
[2023-01-03T22:15:34.848+0100] {processor.py:743} INFO - Processing file /home/chrisfleig/.local/lib/python3.10/site-packages/airflow/example_dags/tutorial_dag.py for tasks to queue
[2023-01-03T22:15:34.848+0100] {logging_mixin.py:137} INFO - [2023-01-03T22:15:34.848+0100] {dagbag.py:538} INFO - Filling up the DagBag from /home/chrisfleig/.local/lib/python3.10/site-packages/airflow/example_dags/tutorial_dag.py
[2023-01-03T22:15:34.860+0100] {processor.py:753} INFO - DAG(s) dict_keys(['tutorial_dag']) retrieved from /home/chrisfleig/.local/lib/python3.10/site-packages/airflow/example_dags/tutorial_dag.py
[2023-01-03T22:15:34.880+0100] {logging_mixin.py:137} INFO - [2023-01-03T22:15:34.880+0100] {dag.py:2676} INFO - Sync 1 DAGs
[2023-01-03T22:15:34.897+0100] {logging_mixin.py:137} INFO - [2023-01-03T22:15:34.897+0100] {dag.py:3423} INFO - Setting next_dagrun for tutorial_dag to None, run_after=None
[2023-01-03T22:15:34.932+0100] {processor.py:175} INFO - Processing /home/chrisfleig/.local/lib/python3.10/site-packages/airflow/example_dags/tutorial_dag.py took 0.088 seconds
[2023-01-03T22:31:28.290+0100] {processor.py:153} INFO - Started process (PID=8558) to work on /home/chrisfleig/.local/lib/python3.10/site-packages/airflow/example_dags/tutorial_dag.py
[2023-01-03T22:31:28.291+0100] {processor.py:743} INFO - Processing file /home/chrisfleig/.local/lib/python3.10/site-packages/airflow/example_dags/tutorial_dag.py for tasks to queue
[2023-01-03T22:31:28.291+0100] {logging_mixin.py:137} INFO - [2023-01-03T22:31:28.291+0100] {dagbag.py:538} INFO - Filling up the DagBag from /home/chrisfleig/.local/lib/python3.10/site-packages/airflow/example_dags/tutorial_dag.py
[2023-01-03T22:31:28.308+0100] {processor.py:753} INFO - DAG(s) dict_keys(['tutorial_dag']) retrieved from /home/chrisfleig/.local/lib/python3.10/site-packages/airflow/example_dags/tutorial_dag.py
[2023-01-03T22:31:28.323+0100] {logging_mixin.py:137} INFO - [2023-01-03T22:31:28.322+0100] {dag.py:2676} INFO - Sync 1 DAGs
[2023-01-03T22:31:28.350+0100] {logging_mixin.py:137} INFO - [2023-01-03T22:31:28.350+0100] {dag.py:3423} INFO - Setting next_dagrun for tutorial_dag to None, run_after=None
[2023-01-03T22:31:28.393+0100] {processor.py:175} INFO - Processing /home/chrisfleig/.local/lib/python3.10/site-packages/airflow/example_dags/tutorial_dag.py took 0.106 seconds
[2023-01-03T22:32:10.246+0100] {processor.py:153} INFO - Started process (PID=8596) to work on /home/chrisfleig/.local/lib/python3.10/site-packages/airflow/example_dags/tutorial_dag.py
[2023-01-03T22:32:10.247+0100] {processor.py:743} INFO - Processing file /home/chrisfleig/.local/lib/python3.10/site-packages/airflow/example_dags/tutorial_dag.py for tasks to queue
[2023-01-03T22:32:10.248+0100] {logging_mixin.py:137} INFO - [2023-01-03T22:32:10.248+0100] {dagbag.py:538} INFO - Filling up the DagBag from /home/chrisfleig/.local/lib/python3.10/site-packages/airflow/example_dags/tutorial_dag.py
[2023-01-03T22:32:10.260+0100] {processor.py:753} INFO - DAG(s) dict_keys(['tutorial_dag']) retrieved from /home/chrisfleig/.local/lib/python3.10/site-packages/airflow/example_dags/tutorial_dag.py
[2023-01-03T22:32:10.282+0100] {logging_mixin.py:137} INFO - [2023-01-03T22:32:10.281+0100] {dag.py:2676} INFO - Sync 1 DAGs
[2023-01-03T22:32:10.300+0100] {logging_mixin.py:137} INFO - [2023-01-03T22:32:10.300+0100] {dag.py:3423} INFO - Setting next_dagrun for tutorial_dag to None, run_after=None
[2023-01-03T22:32:10.337+0100] {processor.py:175} INFO - Processing /home/chrisfleig/.local/lib/python3.10/site-packages/airflow/example_dags/tutorial_dag.py took 0.093 seconds
[2023-01-03T22:32:47.279+0100] {processor.py:153} INFO - Started process (PID=8634) to work on /home/chrisfleig/.local/lib/python3.10/site-packages/airflow/example_dags/tutorial_dag.py
[2023-01-03T22:32:47.280+0100] {processor.py:743} INFO - Processing file /home/chrisfleig/.local/lib/python3.10/site-packages/airflow/example_dags/tutorial_dag.py for tasks to queue
[2023-01-03T22:32:47.280+0100] {logging_mixin.py:137} INFO - [2023-01-03T22:32:47.280+0100] {dagbag.py:538} INFO - Filling up the DagBag from /home/chrisfleig/.local/lib/python3.10/site-packages/airflow/example_dags/tutorial_dag.py
[2023-01-03T22:32:47.294+0100] {processor.py:753} INFO - DAG(s) dict_keys(['tutorial_dag']) retrieved from /home/chrisfleig/.local/lib/python3.10/site-packages/airflow/example_dags/tutorial_dag.py
[2023-01-03T22:32:47.317+0100] {logging_mixin.py:137} INFO - [2023-01-03T22:32:47.317+0100] {dag.py:2676} INFO - Sync 1 DAGs
[2023-01-03T22:32:47.336+0100] {logging_mixin.py:137} INFO - [2023-01-03T22:32:47.336+0100] {dag.py:3423} INFO - Setting next_dagrun for tutorial_dag to None, run_after=None
[2023-01-03T22:32:47.372+0100] {processor.py:175} INFO - Processing /home/chrisfleig/.local/lib/python3.10/site-packages/airflow/example_dags/tutorial_dag.py took 0.096 seconds
[2023-01-03T22:33:27.781+0100] {processor.py:153} INFO - Started process (PID=8672) to work on /home/chrisfleig/.local/lib/python3.10/site-packages/airflow/example_dags/tutorial_dag.py
[2023-01-03T22:33:27.782+0100] {processor.py:743} INFO - Processing file /home/chrisfleig/.local/lib/python3.10/site-packages/airflow/example_dags/tutorial_dag.py for tasks to queue
[2023-01-03T22:33:27.782+0100] {logging_mixin.py:137} INFO - [2023-01-03T22:33:27.782+0100] {dagbag.py:538} INFO - Filling up the DagBag from /home/chrisfleig/.local/lib/python3.10/site-packages/airflow/example_dags/tutorial_dag.py
[2023-01-03T22:33:27.795+0100] {processor.py:753} INFO - DAG(s) dict_keys(['tutorial_dag']) retrieved from /home/chrisfleig/.local/lib/python3.10/site-packages/airflow/example_dags/tutorial_dag.py
[2023-01-03T22:33:27.816+0100] {logging_mixin.py:137} INFO - [2023-01-03T22:33:27.816+0100] {dag.py:2676} INFO - Sync 1 DAGs
[2023-01-03T22:33:27.832+0100] {logging_mixin.py:137} INFO - [2023-01-03T22:33:27.831+0100] {dag.py:3423} INFO - Setting next_dagrun for tutorial_dag to None, run_after=None
[2023-01-03T22:33:27.865+0100] {processor.py:175} INFO - Processing /home/chrisfleig/.local/lib/python3.10/site-packages/airflow/example_dags/tutorial_dag.py took 0.087 seconds
[2023-01-03T22:34:05.768+0100] {processor.py:153} INFO - Started process (PID=8710) to work on /home/chrisfleig/.local/lib/python3.10/site-packages/airflow/example_dags/tutorial_dag.py
[2023-01-03T22:34:05.769+0100] {processor.py:743} INFO - Processing file /home/chrisfleig/.local/lib/python3.10/site-packages/airflow/example_dags/tutorial_dag.py for tasks to queue
[2023-01-03T22:34:05.769+0100] {logging_mixin.py:137} INFO - [2023-01-03T22:34:05.769+0100] {dagbag.py:538} INFO - Filling up the DagBag from /home/chrisfleig/.local/lib/python3.10/site-packages/airflow/example_dags/tutorial_dag.py
[2023-01-03T22:34:05.782+0100] {processor.py:753} INFO - DAG(s) dict_keys(['tutorial_dag']) retrieved from /home/chrisfleig/.local/lib/python3.10/site-packages/airflow/example_dags/tutorial_dag.py
[2023-01-03T22:34:05.803+0100] {logging_mixin.py:137} INFO - [2023-01-03T22:34:05.803+0100] {dag.py:2676} INFO - Sync 1 DAGs
[2023-01-03T22:34:05.820+0100] {logging_mixin.py:137} INFO - [2023-01-03T22:34:05.820+0100] {dag.py:3423} INFO - Setting next_dagrun for tutorial_dag to None, run_after=None
[2023-01-03T22:34:05.855+0100] {processor.py:175} INFO - Processing /home/chrisfleig/.local/lib/python3.10/site-packages/airflow/example_dags/tutorial_dag.py took 0.090 seconds
[2023-01-03T22:34:46.116+0100] {processor.py:153} INFO - Started process (PID=8748) to work on /home/chrisfleig/.local/lib/python3.10/site-packages/airflow/example_dags/tutorial_dag.py
[2023-01-03T22:34:46.117+0100] {processor.py:743} INFO - Processing file /home/chrisfleig/.local/lib/python3.10/site-packages/airflow/example_dags/tutorial_dag.py for tasks to queue
[2023-01-03T22:34:46.118+0100] {logging_mixin.py:137} INFO - [2023-01-03T22:34:46.118+0100] {dagbag.py:538} INFO - Filling up the DagBag from /home/chrisfleig/.local/lib/python3.10/site-packages/airflow/example_dags/tutorial_dag.py
[2023-01-03T22:34:46.130+0100] {processor.py:753} INFO - DAG(s) dict_keys(['tutorial_dag']) retrieved from /home/chrisfleig/.local/lib/python3.10/site-packages/airflow/example_dags/tutorial_dag.py
[2023-01-03T22:34:46.154+0100] {logging_mixin.py:137} INFO - [2023-01-03T22:34:46.154+0100] {dag.py:2676} INFO - Sync 1 DAGs
[2023-01-03T22:34:46.171+0100] {logging_mixin.py:137} INFO - [2023-01-03T22:34:46.171+0100] {dag.py:3423} INFO - Setting next_dagrun for tutorial_dag to None, run_after=None
[2023-01-03T22:34:46.206+0100] {processor.py:175} INFO - Processing /home/chrisfleig/.local/lib/python3.10/site-packages/airflow/example_dags/tutorial_dag.py took 0.093 seconds
[2023-01-03T22:35:26.468+0100] {processor.py:153} INFO - Started process (PID=8786) to work on /home/chrisfleig/.local/lib/python3.10/site-packages/airflow/example_dags/tutorial_dag.py
[2023-01-03T22:35:26.469+0100] {processor.py:743} INFO - Processing file /home/chrisfleig/.local/lib/python3.10/site-packages/airflow/example_dags/tutorial_dag.py for tasks to queue
[2023-01-03T22:35:26.469+0100] {logging_mixin.py:137} INFO - [2023-01-03T22:35:26.469+0100] {dagbag.py:538} INFO - Filling up the DagBag from /home/chrisfleig/.local/lib/python3.10/site-packages/airflow/example_dags/tutorial_dag.py
[2023-01-03T22:35:26.481+0100] {processor.py:753} INFO - DAG(s) dict_keys(['tutorial_dag']) retrieved from /home/chrisfleig/.local/lib/python3.10/site-packages/airflow/example_dags/tutorial_dag.py
[2023-01-03T22:35:26.519+0100] {logging_mixin.py:137} INFO - [2023-01-03T22:35:26.519+0100] {dag.py:2676} INFO - Sync 1 DAGs
[2023-01-03T22:35:26.539+0100] {logging_mixin.py:137} INFO - [2023-01-03T22:35:26.539+0100] {dag.py:3423} INFO - Setting next_dagrun for tutorial_dag to None, run_after=None
[2023-01-03T22:35:26.579+0100] {processor.py:175} INFO - Processing /home/chrisfleig/.local/lib/python3.10/site-packages/airflow/example_dags/tutorial_dag.py took 0.113 seconds
[2023-01-03T22:36:04.360+0100] {processor.py:153} INFO - Started process (PID=8824) to work on /home/chrisfleig/.local/lib/python3.10/site-packages/airflow/example_dags/tutorial_dag.py
[2023-01-03T22:36:04.365+0100] {processor.py:743} INFO - Processing file /home/chrisfleig/.local/lib/python3.10/site-packages/airflow/example_dags/tutorial_dag.py for tasks to queue
[2023-01-03T22:36:04.366+0100] {logging_mixin.py:137} INFO - [2023-01-03T22:36:04.366+0100] {dagbag.py:538} INFO - Filling up the DagBag from /home/chrisfleig/.local/lib/python3.10/site-packages/airflow/example_dags/tutorial_dag.py
[2023-01-03T22:36:04.399+0100] {processor.py:753} INFO - DAG(s) dict_keys(['tutorial_dag']) retrieved from /home/chrisfleig/.local/lib/python3.10/site-packages/airflow/example_dags/tutorial_dag.py
[2023-01-03T22:36:04.441+0100] {logging_mixin.py:137} INFO - [2023-01-03T22:36:04.441+0100] {dag.py:2676} INFO - Sync 1 DAGs
[2023-01-03T22:36:04.466+0100] {logging_mixin.py:137} INFO - [2023-01-03T22:36:04.466+0100] {dag.py:3423} INFO - Setting next_dagrun for tutorial_dag to None, run_after=None
[2023-01-03T22:36:04.510+0100] {processor.py:175} INFO - Processing /home/chrisfleig/.local/lib/python3.10/site-packages/airflow/example_dags/tutorial_dag.py took 0.164 seconds
[2023-01-03T22:36:42.601+0100] {processor.py:153} INFO - Started process (PID=8862) to work on /home/chrisfleig/.local/lib/python3.10/site-packages/airflow/example_dags/tutorial_dag.py
[2023-01-03T22:36:42.602+0100] {processor.py:743} INFO - Processing file /home/chrisfleig/.local/lib/python3.10/site-packages/airflow/example_dags/tutorial_dag.py for tasks to queue
[2023-01-03T22:36:42.603+0100] {logging_mixin.py:137} INFO - [2023-01-03T22:36:42.603+0100] {dagbag.py:538} INFO - Filling up the DagBag from /home/chrisfleig/.local/lib/python3.10/site-packages/airflow/example_dags/tutorial_dag.py
[2023-01-03T22:36:42.616+0100] {processor.py:753} INFO - DAG(s) dict_keys(['tutorial_dag']) retrieved from /home/chrisfleig/.local/lib/python3.10/site-packages/airflow/example_dags/tutorial_dag.py
[2023-01-03T22:36:42.638+0100] {logging_mixin.py:137} INFO - [2023-01-03T22:36:42.638+0100] {dag.py:2676} INFO - Sync 1 DAGs
[2023-01-03T22:36:42.656+0100] {logging_mixin.py:137} INFO - [2023-01-03T22:36:42.656+0100] {dag.py:3423} INFO - Setting next_dagrun for tutorial_dag to None, run_after=None
[2023-01-03T22:36:42.697+0100] {processor.py:175} INFO - Processing /home/chrisfleig/.local/lib/python3.10/site-packages/airflow/example_dags/tutorial_dag.py took 0.099 seconds
[2023-01-03T22:37:20.140+0100] {processor.py:153} INFO - Started process (PID=8900) to work on /home/chrisfleig/.local/lib/python3.10/site-packages/airflow/example_dags/tutorial_dag.py
[2023-01-03T22:37:20.141+0100] {processor.py:743} INFO - Processing file /home/chrisfleig/.local/lib/python3.10/site-packages/airflow/example_dags/tutorial_dag.py for tasks to queue
[2023-01-03T22:37:20.141+0100] {logging_mixin.py:137} INFO - [2023-01-03T22:37:20.141+0100] {dagbag.py:538} INFO - Filling up the DagBag from /home/chrisfleig/.local/lib/python3.10/site-packages/airflow/example_dags/tutorial_dag.py
[2023-01-03T22:37:20.152+0100] {processor.py:753} INFO - DAG(s) dict_keys(['tutorial_dag']) retrieved from /home/chrisfleig/.local/lib/python3.10/site-packages/airflow/example_dags/tutorial_dag.py
[2023-01-03T22:37:20.173+0100] {logging_mixin.py:137} INFO - [2023-01-03T22:37:20.172+0100] {dag.py:2676} INFO - Sync 1 DAGs
[2023-01-03T22:37:20.188+0100] {logging_mixin.py:137} INFO - [2023-01-03T22:37:20.188+0100] {dag.py:3423} INFO - Setting next_dagrun for tutorial_dag to None, run_after=None
[2023-01-03T22:37:20.227+0100] {processor.py:175} INFO - Processing /home/chrisfleig/.local/lib/python3.10/site-packages/airflow/example_dags/tutorial_dag.py took 0.091 seconds
[2023-01-03T22:37:58.694+0100] {processor.py:153} INFO - Started process (PID=8938) to work on /home/chrisfleig/.local/lib/python3.10/site-packages/airflow/example_dags/tutorial_dag.py
[2023-01-03T22:37:58.695+0100] {processor.py:743} INFO - Processing file /home/chrisfleig/.local/lib/python3.10/site-packages/airflow/example_dags/tutorial_dag.py for tasks to queue
[2023-01-03T22:37:58.696+0100] {logging_mixin.py:137} INFO - [2023-01-03T22:37:58.695+0100] {dagbag.py:538} INFO - Filling up the DagBag from /home/chrisfleig/.local/lib/python3.10/site-packages/airflow/example_dags/tutorial_dag.py
[2023-01-03T22:37:58.707+0100] {processor.py:753} INFO - DAG(s) dict_keys(['tutorial_dag']) retrieved from /home/chrisfleig/.local/lib/python3.10/site-packages/airflow/example_dags/tutorial_dag.py
[2023-01-03T22:37:58.728+0100] {logging_mixin.py:137} INFO - [2023-01-03T22:37:58.728+0100] {dag.py:2676} INFO - Sync 1 DAGs
[2023-01-03T22:37:58.745+0100] {logging_mixin.py:137} INFO - [2023-01-03T22:37:58.745+0100] {dag.py:3423} INFO - Setting next_dagrun for tutorial_dag to None, run_after=None
[2023-01-03T22:37:58.781+0100] {processor.py:175} INFO - Processing /home/chrisfleig/.local/lib/python3.10/site-packages/airflow/example_dags/tutorial_dag.py took 0.090 seconds
[2023-01-03T22:38:37.373+0100] {processor.py:153} INFO - Started process (PID=8976) to work on /home/chrisfleig/.local/lib/python3.10/site-packages/airflow/example_dags/tutorial_dag.py
[2023-01-03T22:38:37.374+0100] {processor.py:743} INFO - Processing file /home/chrisfleig/.local/lib/python3.10/site-packages/airflow/example_dags/tutorial_dag.py for tasks to queue
[2023-01-03T22:38:37.375+0100] {logging_mixin.py:137} INFO - [2023-01-03T22:38:37.375+0100] {dagbag.py:538} INFO - Filling up the DagBag from /home/chrisfleig/.local/lib/python3.10/site-packages/airflow/example_dags/tutorial_dag.py
[2023-01-03T22:38:37.388+0100] {processor.py:753} INFO - DAG(s) dict_keys(['tutorial_dag']) retrieved from /home/chrisfleig/.local/lib/python3.10/site-packages/airflow/example_dags/tutorial_dag.py
[2023-01-03T22:38:37.413+0100] {logging_mixin.py:137} INFO - [2023-01-03T22:38:37.413+0100] {dag.py:2676} INFO - Sync 1 DAGs
[2023-01-03T22:38:37.434+0100] {logging_mixin.py:137} INFO - [2023-01-03T22:38:37.434+0100] {dag.py:3423} INFO - Setting next_dagrun for tutorial_dag to None, run_after=None
[2023-01-03T22:38:37.480+0100] {processor.py:175} INFO - Processing /home/chrisfleig/.local/lib/python3.10/site-packages/airflow/example_dags/tutorial_dag.py took 0.109 seconds
[2023-01-03T22:39:16.580+0100] {processor.py:153} INFO - Started process (PID=9014) to work on /home/chrisfleig/.local/lib/python3.10/site-packages/airflow/example_dags/tutorial_dag.py
[2023-01-03T22:39:16.582+0100] {processor.py:743} INFO - Processing file /home/chrisfleig/.local/lib/python3.10/site-packages/airflow/example_dags/tutorial_dag.py for tasks to queue
[2023-01-03T22:39:16.582+0100] {logging_mixin.py:137} INFO - [2023-01-03T22:39:16.582+0100] {dagbag.py:538} INFO - Filling up the DagBag from /home/chrisfleig/.local/lib/python3.10/site-packages/airflow/example_dags/tutorial_dag.py
[2023-01-03T22:39:16.598+0100] {processor.py:753} INFO - DAG(s) dict_keys(['tutorial_dag']) retrieved from /home/chrisfleig/.local/lib/python3.10/site-packages/airflow/example_dags/tutorial_dag.py
[2023-01-03T22:39:16.643+0100] {logging_mixin.py:137} INFO - [2023-01-03T22:39:16.642+0100] {dag.py:2676} INFO - Sync 1 DAGs
[2023-01-03T22:39:16.663+0100] {logging_mixin.py:137} INFO - [2023-01-03T22:39:16.662+0100] {dag.py:3423} INFO - Setting next_dagrun for tutorial_dag to None, run_after=None
[2023-01-03T22:39:16.704+0100] {processor.py:175} INFO - Processing /home/chrisfleig/.local/lib/python3.10/site-packages/airflow/example_dags/tutorial_dag.py took 0.126 seconds
[2023-01-03T22:39:56.304+0100] {processor.py:153} INFO - Started process (PID=9052) to work on /home/chrisfleig/.local/lib/python3.10/site-packages/airflow/example_dags/tutorial_dag.py
[2023-01-03T22:39:56.305+0100] {processor.py:743} INFO - Processing file /home/chrisfleig/.local/lib/python3.10/site-packages/airflow/example_dags/tutorial_dag.py for tasks to queue
[2023-01-03T22:39:56.305+0100] {logging_mixin.py:137} INFO - [2023-01-03T22:39:56.305+0100] {dagbag.py:538} INFO - Filling up the DagBag from /home/chrisfleig/.local/lib/python3.10/site-packages/airflow/example_dags/tutorial_dag.py
[2023-01-03T22:39:56.317+0100] {processor.py:753} INFO - DAG(s) dict_keys(['tutorial_dag']) retrieved from /home/chrisfleig/.local/lib/python3.10/site-packages/airflow/example_dags/tutorial_dag.py
[2023-01-03T22:39:56.337+0100] {logging_mixin.py:137} INFO - [2023-01-03T22:39:56.337+0100] {dag.py:2676} INFO - Sync 1 DAGs
[2023-01-03T22:39:56.353+0100] {logging_mixin.py:137} INFO - [2023-01-03T22:39:56.353+0100] {dag.py:3423} INFO - Setting next_dagrun for tutorial_dag to None, run_after=None
[2023-01-03T22:39:56.389+0100] {processor.py:175} INFO - Processing /home/chrisfleig/.local/lib/python3.10/site-packages/airflow/example_dags/tutorial_dag.py took 0.087 seconds
[2023-01-03T22:40:35.324+0100] {processor.py:153} INFO - Started process (PID=9090) to work on /home/chrisfleig/.local/lib/python3.10/site-packages/airflow/example_dags/tutorial_dag.py
[2023-01-03T22:40:35.325+0100] {processor.py:743} INFO - Processing file /home/chrisfleig/.local/lib/python3.10/site-packages/airflow/example_dags/tutorial_dag.py for tasks to queue
[2023-01-03T22:40:35.326+0100] {logging_mixin.py:137} INFO - [2023-01-03T22:40:35.326+0100] {dagbag.py:538} INFO - Filling up the DagBag from /home/chrisfleig/.local/lib/python3.10/site-packages/airflow/example_dags/tutorial_dag.py
[2023-01-03T22:40:35.340+0100] {processor.py:753} INFO - DAG(s) dict_keys(['tutorial_dag']) retrieved from /home/chrisfleig/.local/lib/python3.10/site-packages/airflow/example_dags/tutorial_dag.py
[2023-01-03T22:40:35.364+0100] {logging_mixin.py:137} INFO - [2023-01-03T22:40:35.363+0100] {dag.py:2676} INFO - Sync 1 DAGs
[2023-01-03T22:40:35.395+0100] {logging_mixin.py:137} INFO - [2023-01-03T22:40:35.395+0100] {dag.py:3423} INFO - Setting next_dagrun for tutorial_dag to None, run_after=None
[2023-01-03T22:40:35.468+0100] {processor.py:175} INFO - Processing /home/chrisfleig/.local/lib/python3.10/site-packages/airflow/example_dags/tutorial_dag.py took 0.147 seconds
[2023-01-03T22:41:13.004+0100] {processor.py:153} INFO - Started process (PID=9128) to work on /home/chrisfleig/.local/lib/python3.10/site-packages/airflow/example_dags/tutorial_dag.py
[2023-01-03T22:41:13.005+0100] {processor.py:743} INFO - Processing file /home/chrisfleig/.local/lib/python3.10/site-packages/airflow/example_dags/tutorial_dag.py for tasks to queue
[2023-01-03T22:41:13.006+0100] {logging_mixin.py:137} INFO - [2023-01-03T22:41:13.005+0100] {dagbag.py:538} INFO - Filling up the DagBag from /home/chrisfleig/.local/lib/python3.10/site-packages/airflow/example_dags/tutorial_dag.py
[2023-01-03T22:41:13.019+0100] {processor.py:753} INFO - DAG(s) dict_keys(['tutorial_dag']) retrieved from /home/chrisfleig/.local/lib/python3.10/site-packages/airflow/example_dags/tutorial_dag.py
[2023-01-03T22:41:13.042+0100] {logging_mixin.py:137} INFO - [2023-01-03T22:41:13.042+0100] {dag.py:2676} INFO - Sync 1 DAGs
[2023-01-03T22:41:13.061+0100] {logging_mixin.py:137} INFO - [2023-01-03T22:41:13.061+0100] {dag.py:3423} INFO - Setting next_dagrun for tutorial_dag to None, run_after=None
[2023-01-03T22:41:13.100+0100] {processor.py:175} INFO - Processing /home/chrisfleig/.local/lib/python3.10/site-packages/airflow/example_dags/tutorial_dag.py took 0.099 seconds
[2023-01-03T22:41:50.889+0100] {processor.py:153} INFO - Started process (PID=9166) to work on /home/chrisfleig/.local/lib/python3.10/site-packages/airflow/example_dags/tutorial_dag.py
[2023-01-03T22:41:50.890+0100] {processor.py:743} INFO - Processing file /home/chrisfleig/.local/lib/python3.10/site-packages/airflow/example_dags/tutorial_dag.py for tasks to queue
[2023-01-03T22:41:50.890+0100] {logging_mixin.py:137} INFO - [2023-01-03T22:41:50.890+0100] {dagbag.py:538} INFO - Filling up the DagBag from /home/chrisfleig/.local/lib/python3.10/site-packages/airflow/example_dags/tutorial_dag.py
[2023-01-03T22:41:50.902+0100] {processor.py:753} INFO - DAG(s) dict_keys(['tutorial_dag']) retrieved from /home/chrisfleig/.local/lib/python3.10/site-packages/airflow/example_dags/tutorial_dag.py
[2023-01-03T22:41:50.923+0100] {logging_mixin.py:137} INFO - [2023-01-03T22:41:50.923+0100] {dag.py:2676} INFO - Sync 1 DAGs
[2023-01-03T22:41:50.938+0100] {logging_mixin.py:137} INFO - [2023-01-03T22:41:50.938+0100] {dag.py:3423} INFO - Setting next_dagrun for tutorial_dag to None, run_after=None
[2023-01-03T22:41:50.973+0100] {processor.py:175} INFO - Processing /home/chrisfleig/.local/lib/python3.10/site-packages/airflow/example_dags/tutorial_dag.py took 0.087 seconds
[2023-01-03T22:42:30.002+0100] {processor.py:153} INFO - Started process (PID=9208) to work on /home/chrisfleig/.local/lib/python3.10/site-packages/airflow/example_dags/tutorial_dag.py
[2023-01-03T22:42:30.003+0100] {processor.py:743} INFO - Processing file /home/chrisfleig/.local/lib/python3.10/site-packages/airflow/example_dags/tutorial_dag.py for tasks to queue
[2023-01-03T22:42:30.004+0100] {logging_mixin.py:137} INFO - [2023-01-03T22:42:30.004+0100] {dagbag.py:538} INFO - Filling up the DagBag from /home/chrisfleig/.local/lib/python3.10/site-packages/airflow/example_dags/tutorial_dag.py
[2023-01-03T22:42:30.015+0100] {processor.py:753} INFO - DAG(s) dict_keys(['tutorial_dag']) retrieved from /home/chrisfleig/.local/lib/python3.10/site-packages/airflow/example_dags/tutorial_dag.py
[2023-01-03T22:42:30.036+0100] {logging_mixin.py:137} INFO - [2023-01-03T22:42:30.036+0100] {dag.py:2676} INFO - Sync 1 DAGs
[2023-01-03T22:42:30.052+0100] {logging_mixin.py:137} INFO - [2023-01-03T22:42:30.052+0100] {dag.py:3423} INFO - Setting next_dagrun for tutorial_dag to None, run_after=None
[2023-01-03T22:42:30.086+0100] {processor.py:175} INFO - Processing /home/chrisfleig/.local/lib/python3.10/site-packages/airflow/example_dags/tutorial_dag.py took 0.086 seconds
[2023-01-03T22:43:08.550+0100] {processor.py:153} INFO - Started process (PID=9246) to work on /home/chrisfleig/.local/lib/python3.10/site-packages/airflow/example_dags/tutorial_dag.py
[2023-01-03T22:43:08.551+0100] {processor.py:743} INFO - Processing file /home/chrisfleig/.local/lib/python3.10/site-packages/airflow/example_dags/tutorial_dag.py for tasks to queue
[2023-01-03T22:43:08.552+0100] {logging_mixin.py:137} INFO - [2023-01-03T22:43:08.552+0100] {dagbag.py:538} INFO - Filling up the DagBag from /home/chrisfleig/.local/lib/python3.10/site-packages/airflow/example_dags/tutorial_dag.py
[2023-01-03T22:43:08.565+0100] {processor.py:753} INFO - DAG(s) dict_keys(['tutorial_dag']) retrieved from /home/chrisfleig/.local/lib/python3.10/site-packages/airflow/example_dags/tutorial_dag.py
[2023-01-03T22:43:08.586+0100] {logging_mixin.py:137} INFO - [2023-01-03T22:43:08.586+0100] {dag.py:2676} INFO - Sync 1 DAGs
[2023-01-03T22:43:08.605+0100] {logging_mixin.py:137} INFO - [2023-01-03T22:43:08.604+0100] {dag.py:3423} INFO - Setting next_dagrun for tutorial_dag to None, run_after=None
[2023-01-03T22:43:08.642+0100] {processor.py:175} INFO - Processing /home/chrisfleig/.local/lib/python3.10/site-packages/airflow/example_dags/tutorial_dag.py took 0.095 seconds
[2023-01-03T22:43:48.027+0100] {processor.py:153} INFO - Started process (PID=9284) to work on /home/chrisfleig/.local/lib/python3.10/site-packages/airflow/example_dags/tutorial_dag.py
[2023-01-03T22:43:48.028+0100] {processor.py:743} INFO - Processing file /home/chrisfleig/.local/lib/python3.10/site-packages/airflow/example_dags/tutorial_dag.py for tasks to queue
[2023-01-03T22:43:48.028+0100] {logging_mixin.py:137} INFO - [2023-01-03T22:43:48.028+0100] {dagbag.py:538} INFO - Filling up the DagBag from /home/chrisfleig/.local/lib/python3.10/site-packages/airflow/example_dags/tutorial_dag.py
[2023-01-03T22:43:48.040+0100] {processor.py:753} INFO - DAG(s) dict_keys(['tutorial_dag']) retrieved from /home/chrisfleig/.local/lib/python3.10/site-packages/airflow/example_dags/tutorial_dag.py
[2023-01-03T22:43:48.060+0100] {logging_mixin.py:137} INFO - [2023-01-03T22:43:48.060+0100] {dag.py:2676} INFO - Sync 1 DAGs
[2023-01-03T22:43:48.077+0100] {logging_mixin.py:137} INFO - [2023-01-03T22:43:48.077+0100] {dag.py:3423} INFO - Setting next_dagrun for tutorial_dag to None, run_after=None
[2023-01-03T22:43:48.111+0100] {processor.py:175} INFO - Processing /home/chrisfleig/.local/lib/python3.10/site-packages/airflow/example_dags/tutorial_dag.py took 0.087 seconds
[2023-01-03T22:44:26.639+0100] {processor.py:153} INFO - Started process (PID=9322) to work on /home/chrisfleig/.local/lib/python3.10/site-packages/airflow/example_dags/tutorial_dag.py
[2023-01-03T22:44:26.640+0100] {processor.py:743} INFO - Processing file /home/chrisfleig/.local/lib/python3.10/site-packages/airflow/example_dags/tutorial_dag.py for tasks to queue
[2023-01-03T22:44:26.641+0100] {logging_mixin.py:137} INFO - [2023-01-03T22:44:26.641+0100] {dagbag.py:538} INFO - Filling up the DagBag from /home/chrisfleig/.local/lib/python3.10/site-packages/airflow/example_dags/tutorial_dag.py
[2023-01-03T22:44:26.652+0100] {processor.py:753} INFO - DAG(s) dict_keys(['tutorial_dag']) retrieved from /home/chrisfleig/.local/lib/python3.10/site-packages/airflow/example_dags/tutorial_dag.py
[2023-01-03T22:44:26.672+0100] {logging_mixin.py:137} INFO - [2023-01-03T22:44:26.672+0100] {dag.py:2676} INFO - Sync 1 DAGs
[2023-01-03T22:44:26.688+0100] {logging_mixin.py:137} INFO - [2023-01-03T22:44:26.688+0100] {dag.py:3423} INFO - Setting next_dagrun for tutorial_dag to None, run_after=None
[2023-01-03T22:44:26.725+0100] {processor.py:175} INFO - Processing /home/chrisfleig/.local/lib/python3.10/site-packages/airflow/example_dags/tutorial_dag.py took 0.089 seconds
[2023-01-03T22:45:06.453+0100] {processor.py:153} INFO - Started process (PID=9360) to work on /home/chrisfleig/.local/lib/python3.10/site-packages/airflow/example_dags/tutorial_dag.py
[2023-01-03T22:45:06.454+0100] {processor.py:743} INFO - Processing file /home/chrisfleig/.local/lib/python3.10/site-packages/airflow/example_dags/tutorial_dag.py for tasks to queue
[2023-01-03T22:45:06.455+0100] {logging_mixin.py:137} INFO - [2023-01-03T22:45:06.455+0100] {dagbag.py:538} INFO - Filling up the DagBag from /home/chrisfleig/.local/lib/python3.10/site-packages/airflow/example_dags/tutorial_dag.py
[2023-01-03T22:45:06.468+0100] {processor.py:753} INFO - DAG(s) dict_keys(['tutorial_dag']) retrieved from /home/chrisfleig/.local/lib/python3.10/site-packages/airflow/example_dags/tutorial_dag.py
[2023-01-03T22:45:06.490+0100] {logging_mixin.py:137} INFO - [2023-01-03T22:45:06.489+0100] {dag.py:2676} INFO - Sync 1 DAGs
[2023-01-03T22:45:06.510+0100] {logging_mixin.py:137} INFO - [2023-01-03T22:45:06.510+0100] {dag.py:3423} INFO - Setting next_dagrun for tutorial_dag to None, run_after=None
[2023-01-03T22:45:06.557+0100] {processor.py:175} INFO - Processing /home/chrisfleig/.local/lib/python3.10/site-packages/airflow/example_dags/tutorial_dag.py took 0.106 seconds
[2023-01-03T22:45:44.554+0100] {processor.py:153} INFO - Started process (PID=9398) to work on /home/chrisfleig/.local/lib/python3.10/site-packages/airflow/example_dags/tutorial_dag.py
[2023-01-03T22:45:44.555+0100] {processor.py:743} INFO - Processing file /home/chrisfleig/.local/lib/python3.10/site-packages/airflow/example_dags/tutorial_dag.py for tasks to queue
[2023-01-03T22:45:44.555+0100] {logging_mixin.py:137} INFO - [2023-01-03T22:45:44.555+0100] {dagbag.py:538} INFO - Filling up the DagBag from /home/chrisfleig/.local/lib/python3.10/site-packages/airflow/example_dags/tutorial_dag.py
[2023-01-03T22:45:44.567+0100] {processor.py:753} INFO - DAG(s) dict_keys(['tutorial_dag']) retrieved from /home/chrisfleig/.local/lib/python3.10/site-packages/airflow/example_dags/tutorial_dag.py
[2023-01-03T22:45:44.587+0100] {logging_mixin.py:137} INFO - [2023-01-03T22:45:44.587+0100] {dag.py:2676} INFO - Sync 1 DAGs
[2023-01-03T22:45:44.604+0100] {logging_mixin.py:137} INFO - [2023-01-03T22:45:44.604+0100] {dag.py:3423} INFO - Setting next_dagrun for tutorial_dag to None, run_after=None
[2023-01-03T22:45:44.638+0100] {processor.py:175} INFO - Processing /home/chrisfleig/.local/lib/python3.10/site-packages/airflow/example_dags/tutorial_dag.py took 0.087 seconds
[2023-01-03T22:46:21.553+0100] {processor.py:153} INFO - Started process (PID=9436) to work on /home/chrisfleig/.local/lib/python3.10/site-packages/airflow/example_dags/tutorial_dag.py
[2023-01-03T22:46:21.554+0100] {processor.py:743} INFO - Processing file /home/chrisfleig/.local/lib/python3.10/site-packages/airflow/example_dags/tutorial_dag.py for tasks to queue
[2023-01-03T22:46:21.555+0100] {logging_mixin.py:137} INFO - [2023-01-03T22:46:21.554+0100] {dagbag.py:538} INFO - Filling up the DagBag from /home/chrisfleig/.local/lib/python3.10/site-packages/airflow/example_dags/tutorial_dag.py
[2023-01-03T22:46:21.566+0100] {processor.py:753} INFO - DAG(s) dict_keys(['tutorial_dag']) retrieved from /home/chrisfleig/.local/lib/python3.10/site-packages/airflow/example_dags/tutorial_dag.py
[2023-01-03T22:46:21.587+0100] {logging_mixin.py:137} INFO - [2023-01-03T22:46:21.587+0100] {dag.py:2676} INFO - Sync 1 DAGs
[2023-01-03T22:46:21.603+0100] {logging_mixin.py:137} INFO - [2023-01-03T22:46:21.603+0100] {dag.py:3423} INFO - Setting next_dagrun for tutorial_dag to None, run_after=None
[2023-01-03T22:46:21.638+0100] {processor.py:175} INFO - Processing /home/chrisfleig/.local/lib/python3.10/site-packages/airflow/example_dags/tutorial_dag.py took 0.088 seconds
[2023-01-03T22:46:59.874+0100] {processor.py:153} INFO - Started process (PID=9474) to work on /home/chrisfleig/.local/lib/python3.10/site-packages/airflow/example_dags/tutorial_dag.py
[2023-01-03T22:46:59.875+0100] {processor.py:743} INFO - Processing file /home/chrisfleig/.local/lib/python3.10/site-packages/airflow/example_dags/tutorial_dag.py for tasks to queue
[2023-01-03T22:46:59.876+0100] {logging_mixin.py:137} INFO - [2023-01-03T22:46:59.875+0100] {dagbag.py:538} INFO - Filling up the DagBag from /home/chrisfleig/.local/lib/python3.10/site-packages/airflow/example_dags/tutorial_dag.py
[2023-01-03T22:46:59.887+0100] {processor.py:753} INFO - DAG(s) dict_keys(['tutorial_dag']) retrieved from /home/chrisfleig/.local/lib/python3.10/site-packages/airflow/example_dags/tutorial_dag.py
[2023-01-03T22:46:59.909+0100] {logging_mixin.py:137} INFO - [2023-01-03T22:46:59.909+0100] {dag.py:2676} INFO - Sync 1 DAGs
[2023-01-03T22:46:59.926+0100] {logging_mixin.py:137} INFO - [2023-01-03T22:46:59.926+0100] {dag.py:3423} INFO - Setting next_dagrun for tutorial_dag to None, run_after=None
[2023-01-03T22:46:59.963+0100] {processor.py:175} INFO - Processing /home/chrisfleig/.local/lib/python3.10/site-packages/airflow/example_dags/tutorial_dag.py took 0.091 seconds
[2023-01-03T22:47:39.556+0100] {processor.py:153} INFO - Started process (PID=9512) to work on /home/chrisfleig/.local/lib/python3.10/site-packages/airflow/example_dags/tutorial_dag.py
[2023-01-03T22:47:39.557+0100] {processor.py:743} INFO - Processing file /home/chrisfleig/.local/lib/python3.10/site-packages/airflow/example_dags/tutorial_dag.py for tasks to queue
[2023-01-03T22:47:39.558+0100] {logging_mixin.py:137} INFO - [2023-01-03T22:47:39.558+0100] {dagbag.py:538} INFO - Filling up the DagBag from /home/chrisfleig/.local/lib/python3.10/site-packages/airflow/example_dags/tutorial_dag.py
[2023-01-03T22:47:39.571+0100] {processor.py:753} INFO - DAG(s) dict_keys(['tutorial_dag']) retrieved from /home/chrisfleig/.local/lib/python3.10/site-packages/airflow/example_dags/tutorial_dag.py
[2023-01-03T22:47:39.594+0100] {logging_mixin.py:137} INFO - [2023-01-03T22:47:39.593+0100] {dag.py:2676} INFO - Sync 1 DAGs
[2023-01-03T22:47:39.611+0100] {logging_mixin.py:137} INFO - [2023-01-03T22:47:39.610+0100] {dag.py:3423} INFO - Setting next_dagrun for tutorial_dag to None, run_after=None
[2023-01-03T22:47:39.645+0100] {processor.py:175} INFO - Processing /home/chrisfleig/.local/lib/python3.10/site-packages/airflow/example_dags/tutorial_dag.py took 0.091 seconds
[2023-01-03T22:48:18.805+0100] {processor.py:153} INFO - Started process (PID=9550) to work on /home/chrisfleig/.local/lib/python3.10/site-packages/airflow/example_dags/tutorial_dag.py
[2023-01-03T22:48:18.806+0100] {processor.py:743} INFO - Processing file /home/chrisfleig/.local/lib/python3.10/site-packages/airflow/example_dags/tutorial_dag.py for tasks to queue
[2023-01-03T22:48:18.806+0100] {logging_mixin.py:137} INFO - [2023-01-03T22:48:18.806+0100] {dagbag.py:538} INFO - Filling up the DagBag from /home/chrisfleig/.local/lib/python3.10/site-packages/airflow/example_dags/tutorial_dag.py
[2023-01-03T22:48:18.819+0100] {processor.py:753} INFO - DAG(s) dict_keys(['tutorial_dag']) retrieved from /home/chrisfleig/.local/lib/python3.10/site-packages/airflow/example_dags/tutorial_dag.py
[2023-01-03T22:48:18.842+0100] {logging_mixin.py:137} INFO - [2023-01-03T22:48:18.842+0100] {dag.py:2676} INFO - Sync 1 DAGs
[2023-01-03T22:48:18.859+0100] {logging_mixin.py:137} INFO - [2023-01-03T22:48:18.859+0100] {dag.py:3423} INFO - Setting next_dagrun for tutorial_dag to None, run_after=None
[2023-01-03T22:48:18.895+0100] {processor.py:175} INFO - Processing /home/chrisfleig/.local/lib/python3.10/site-packages/airflow/example_dags/tutorial_dag.py took 0.093 seconds
[2023-01-03T22:48:59.048+0100] {processor.py:153} INFO - Started process (PID=9588) to work on /home/chrisfleig/.local/lib/python3.10/site-packages/airflow/example_dags/tutorial_dag.py
[2023-01-03T22:48:59.050+0100] {processor.py:743} INFO - Processing file /home/chrisfleig/.local/lib/python3.10/site-packages/airflow/example_dags/tutorial_dag.py for tasks to queue
[2023-01-03T22:48:59.051+0100] {logging_mixin.py:137} INFO - [2023-01-03T22:48:59.051+0100] {dagbag.py:538} INFO - Filling up the DagBag from /home/chrisfleig/.local/lib/python3.10/site-packages/airflow/example_dags/tutorial_dag.py
[2023-01-03T22:48:59.070+0100] {processor.py:753} INFO - DAG(s) dict_keys(['tutorial_dag']) retrieved from /home/chrisfleig/.local/lib/python3.10/site-packages/airflow/example_dags/tutorial_dag.py
[2023-01-03T22:48:59.114+0100] {logging_mixin.py:137} INFO - [2023-01-03T22:48:59.114+0100] {dag.py:2676} INFO - Sync 1 DAGs
[2023-01-03T22:48:59.174+0100] {logging_mixin.py:137} INFO - [2023-01-03T22:48:59.174+0100] {dag.py:3423} INFO - Setting next_dagrun for tutorial_dag to None, run_after=None
[2023-01-03T22:48:59.256+0100] {processor.py:175} INFO - Processing /home/chrisfleig/.local/lib/python3.10/site-packages/airflow/example_dags/tutorial_dag.py took 0.212 seconds
[2023-01-03T22:49:40.198+0100] {processor.py:153} INFO - Started process (PID=9626) to work on /home/chrisfleig/.local/lib/python3.10/site-packages/airflow/example_dags/tutorial_dag.py
[2023-01-03T22:49:40.199+0100] {processor.py:743} INFO - Processing file /home/chrisfleig/.local/lib/python3.10/site-packages/airflow/example_dags/tutorial_dag.py for tasks to queue
[2023-01-03T22:49:40.200+0100] {logging_mixin.py:137} INFO - [2023-01-03T22:49:40.200+0100] {dagbag.py:538} INFO - Filling up the DagBag from /home/chrisfleig/.local/lib/python3.10/site-packages/airflow/example_dags/tutorial_dag.py
[2023-01-03T22:49:40.222+0100] {processor.py:753} INFO - DAG(s) dict_keys(['tutorial_dag']) retrieved from /home/chrisfleig/.local/lib/python3.10/site-packages/airflow/example_dags/tutorial_dag.py
[2023-01-03T22:49:40.268+0100] {logging_mixin.py:137} INFO - [2023-01-03T22:49:40.267+0100] {dag.py:2676} INFO - Sync 1 DAGs
[2023-01-03T22:49:40.299+0100] {logging_mixin.py:137} INFO - [2023-01-03T22:49:40.299+0100] {dag.py:3423} INFO - Setting next_dagrun for tutorial_dag to None, run_after=None
[2023-01-03T22:49:40.357+0100] {processor.py:175} INFO - Processing /home/chrisfleig/.local/lib/python3.10/site-packages/airflow/example_dags/tutorial_dag.py took 0.162 seconds
[2023-01-03T22:50:18.174+0100] {processor.py:153} INFO - Started process (PID=9664) to work on /home/chrisfleig/.local/lib/python3.10/site-packages/airflow/example_dags/tutorial_dag.py
[2023-01-03T22:50:18.175+0100] {processor.py:743} INFO - Processing file /home/chrisfleig/.local/lib/python3.10/site-packages/airflow/example_dags/tutorial_dag.py for tasks to queue
[2023-01-03T22:50:18.175+0100] {logging_mixin.py:137} INFO - [2023-01-03T22:50:18.175+0100] {dagbag.py:538} INFO - Filling up the DagBag from /home/chrisfleig/.local/lib/python3.10/site-packages/airflow/example_dags/tutorial_dag.py
[2023-01-03T22:50:18.186+0100] {processor.py:753} INFO - DAG(s) dict_keys(['tutorial_dag']) retrieved from /home/chrisfleig/.local/lib/python3.10/site-packages/airflow/example_dags/tutorial_dag.py
[2023-01-03T22:50:18.207+0100] {logging_mixin.py:137} INFO - [2023-01-03T22:50:18.206+0100] {dag.py:2676} INFO - Sync 1 DAGs
[2023-01-03T22:50:18.223+0100] {logging_mixin.py:137} INFO - [2023-01-03T22:50:18.223+0100] {dag.py:3423} INFO - Setting next_dagrun for tutorial_dag to None, run_after=None
[2023-01-03T22:50:18.258+0100] {processor.py:175} INFO - Processing /home/chrisfleig/.local/lib/python3.10/site-packages/airflow/example_dags/tutorial_dag.py took 0.086 seconds
[2023-01-03T22:50:58.403+0100] {processor.py:153} INFO - Started process (PID=9702) to work on /home/chrisfleig/.local/lib/python3.10/site-packages/airflow/example_dags/tutorial_dag.py
[2023-01-03T22:50:58.404+0100] {processor.py:743} INFO - Processing file /home/chrisfleig/.local/lib/python3.10/site-packages/airflow/example_dags/tutorial_dag.py for tasks to queue
[2023-01-03T22:50:58.404+0100] {logging_mixin.py:137} INFO - [2023-01-03T22:50:58.404+0100] {dagbag.py:538} INFO - Filling up the DagBag from /home/chrisfleig/.local/lib/python3.10/site-packages/airflow/example_dags/tutorial_dag.py
[2023-01-03T22:50:58.416+0100] {processor.py:753} INFO - DAG(s) dict_keys(['tutorial_dag']) retrieved from /home/chrisfleig/.local/lib/python3.10/site-packages/airflow/example_dags/tutorial_dag.py
[2023-01-03T22:50:58.438+0100] {logging_mixin.py:137} INFO - [2023-01-03T22:50:58.438+0100] {dag.py:2676} INFO - Sync 1 DAGs
[2023-01-03T22:50:58.454+0100] {logging_mixin.py:137} INFO - [2023-01-03T22:50:58.454+0100] {dag.py:3423} INFO - Setting next_dagrun for tutorial_dag to None, run_after=None
[2023-01-03T22:50:58.489+0100] {processor.py:175} INFO - Processing /home/chrisfleig/.local/lib/python3.10/site-packages/airflow/example_dags/tutorial_dag.py took 0.090 seconds
[2023-01-03T22:51:36.355+0100] {processor.py:153} INFO - Started process (PID=9740) to work on /home/chrisfleig/.local/lib/python3.10/site-packages/airflow/example_dags/tutorial_dag.py
[2023-01-03T22:51:36.356+0100] {processor.py:743} INFO - Processing file /home/chrisfleig/.local/lib/python3.10/site-packages/airflow/example_dags/tutorial_dag.py for tasks to queue
[2023-01-03T22:51:36.357+0100] {logging_mixin.py:137} INFO - [2023-01-03T22:51:36.357+0100] {dagbag.py:538} INFO - Filling up the DagBag from /home/chrisfleig/.local/lib/python3.10/site-packages/airflow/example_dags/tutorial_dag.py
[2023-01-03T22:51:36.368+0100] {processor.py:753} INFO - DAG(s) dict_keys(['tutorial_dag']) retrieved from /home/chrisfleig/.local/lib/python3.10/site-packages/airflow/example_dags/tutorial_dag.py
[2023-01-03T22:51:36.391+0100] {logging_mixin.py:137} INFO - [2023-01-03T22:51:36.391+0100] {dag.py:2676} INFO - Sync 1 DAGs
[2023-01-03T22:51:36.409+0100] {logging_mixin.py:137} INFO - [2023-01-03T22:51:36.409+0100] {dag.py:3423} INFO - Setting next_dagrun for tutorial_dag to None, run_after=None
[2023-01-03T22:51:36.444+0100] {processor.py:175} INFO - Processing /home/chrisfleig/.local/lib/python3.10/site-packages/airflow/example_dags/tutorial_dag.py took 0.093 seconds
[2023-01-03T22:52:17.421+0100] {processor.py:153} INFO - Started process (PID=9778) to work on /home/chrisfleig/.local/lib/python3.10/site-packages/airflow/example_dags/tutorial_dag.py
[2023-01-03T22:52:17.422+0100] {processor.py:743} INFO - Processing file /home/chrisfleig/.local/lib/python3.10/site-packages/airflow/example_dags/tutorial_dag.py for tasks to queue
[2023-01-03T22:52:17.423+0100] {logging_mixin.py:137} INFO - [2023-01-03T22:52:17.423+0100] {dagbag.py:538} INFO - Filling up the DagBag from /home/chrisfleig/.local/lib/python3.10/site-packages/airflow/example_dags/tutorial_dag.py
[2023-01-03T22:52:17.435+0100] {processor.py:753} INFO - DAG(s) dict_keys(['tutorial_dag']) retrieved from /home/chrisfleig/.local/lib/python3.10/site-packages/airflow/example_dags/tutorial_dag.py
[2023-01-03T22:52:17.456+0100] {logging_mixin.py:137} INFO - [2023-01-03T22:52:17.455+0100] {dag.py:2676} INFO - Sync 1 DAGs
[2023-01-03T22:52:17.479+0100] {logging_mixin.py:137} INFO - [2023-01-03T22:52:17.479+0100] {dag.py:3423} INFO - Setting next_dagrun for tutorial_dag to None, run_after=None
[2023-01-03T22:52:17.521+0100] {processor.py:175} INFO - Processing /home/chrisfleig/.local/lib/python3.10/site-packages/airflow/example_dags/tutorial_dag.py took 0.103 seconds
[2023-01-03T22:52:56.986+0100] {processor.py:153} INFO - Started process (PID=9816) to work on /home/chrisfleig/.local/lib/python3.10/site-packages/airflow/example_dags/tutorial_dag.py
[2023-01-03T22:52:56.987+0100] {processor.py:743} INFO - Processing file /home/chrisfleig/.local/lib/python3.10/site-packages/airflow/example_dags/tutorial_dag.py for tasks to queue
[2023-01-03T22:52:56.988+0100] {logging_mixin.py:137} INFO - [2023-01-03T22:52:56.988+0100] {dagbag.py:538} INFO - Filling up the DagBag from /home/chrisfleig/.local/lib/python3.10/site-packages/airflow/example_dags/tutorial_dag.py
[2023-01-03T22:52:57.000+0100] {processor.py:753} INFO - DAG(s) dict_keys(['tutorial_dag']) retrieved from /home/chrisfleig/.local/lib/python3.10/site-packages/airflow/example_dags/tutorial_dag.py
[2023-01-03T22:52:57.023+0100] {logging_mixin.py:137} INFO - [2023-01-03T22:52:57.023+0100] {dag.py:2676} INFO - Sync 1 DAGs
[2023-01-03T22:52:57.041+0100] {logging_mixin.py:137} INFO - [2023-01-03T22:52:57.041+0100] {dag.py:3423} INFO - Setting next_dagrun for tutorial_dag to None, run_after=None
[2023-01-03T22:52:57.078+0100] {processor.py:175} INFO - Processing /home/chrisfleig/.local/lib/python3.10/site-packages/airflow/example_dags/tutorial_dag.py took 0.095 seconds
[2023-01-03T22:53:34.810+0100] {processor.py:153} INFO - Started process (PID=9856) to work on /home/chrisfleig/.local/lib/python3.10/site-packages/airflow/example_dags/tutorial_dag.py
[2023-01-03T22:53:34.811+0100] {processor.py:743} INFO - Processing file /home/chrisfleig/.local/lib/python3.10/site-packages/airflow/example_dags/tutorial_dag.py for tasks to queue
[2023-01-03T22:53:34.812+0100] {logging_mixin.py:137} INFO - [2023-01-03T22:53:34.811+0100] {dagbag.py:538} INFO - Filling up the DagBag from /home/chrisfleig/.local/lib/python3.10/site-packages/airflow/example_dags/tutorial_dag.py
[2023-01-03T22:53:34.825+0100] {processor.py:753} INFO - DAG(s) dict_keys(['tutorial_dag']) retrieved from /home/chrisfleig/.local/lib/python3.10/site-packages/airflow/example_dags/tutorial_dag.py
[2023-01-03T22:53:34.853+0100] {logging_mixin.py:137} INFO - [2023-01-03T22:53:34.853+0100] {dag.py:2676} INFO - Sync 1 DAGs
[2023-01-03T22:53:34.876+0100] {logging_mixin.py:137} INFO - [2023-01-03T22:53:34.876+0100] {dag.py:3423} INFO - Setting next_dagrun for tutorial_dag to None, run_after=None
[2023-01-03T22:53:34.925+0100] {processor.py:175} INFO - Processing /home/chrisfleig/.local/lib/python3.10/site-packages/airflow/example_dags/tutorial_dag.py took 0.119 seconds
[2023-01-03T22:54:18.208+0100] {processor.py:153} INFO - Started process (PID=9897) to work on /home/chrisfleig/.local/lib/python3.10/site-packages/airflow/example_dags/tutorial_dag.py
[2023-01-03T22:54:18.251+0100] {processor.py:743} INFO - Processing file /home/chrisfleig/.local/lib/python3.10/site-packages/airflow/example_dags/tutorial_dag.py for tasks to queue
[2023-01-03T22:54:18.252+0100] {logging_mixin.py:137} INFO - [2023-01-03T22:54:18.252+0100] {dagbag.py:538} INFO - Filling up the DagBag from /home/chrisfleig/.local/lib/python3.10/site-packages/airflow/example_dags/tutorial_dag.py
[2023-01-03T22:54:18.287+0100] {processor.py:753} INFO - DAG(s) dict_keys(['tutorial_dag']) retrieved from /home/chrisfleig/.local/lib/python3.10/site-packages/airflow/example_dags/tutorial_dag.py
[2023-01-03T22:54:18.348+0100] {logging_mixin.py:137} INFO - [2023-01-03T22:54:18.348+0100] {dag.py:2676} INFO - Sync 1 DAGs
[2023-01-03T22:54:18.408+0100] {logging_mixin.py:137} INFO - [2023-01-03T22:54:18.407+0100] {dag.py:3423} INFO - Setting next_dagrun for tutorial_dag to None, run_after=None
[2023-01-03T22:54:18.486+0100] {processor.py:175} INFO - Processing /home/chrisfleig/.local/lib/python3.10/site-packages/airflow/example_dags/tutorial_dag.py took 0.282 seconds
[2023-01-03T22:55:01.398+0100] {processor.py:153} INFO - Started process (PID=9937) to work on /home/chrisfleig/.local/lib/python3.10/site-packages/airflow/example_dags/tutorial_dag.py
[2023-01-03T22:55:01.399+0100] {processor.py:743} INFO - Processing file /home/chrisfleig/.local/lib/python3.10/site-packages/airflow/example_dags/tutorial_dag.py for tasks to queue
[2023-01-03T22:55:01.400+0100] {logging_mixin.py:137} INFO - [2023-01-03T22:55:01.399+0100] {dagbag.py:538} INFO - Filling up the DagBag from /home/chrisfleig/.local/lib/python3.10/site-packages/airflow/example_dags/tutorial_dag.py
[2023-01-03T22:55:01.416+0100] {processor.py:753} INFO - DAG(s) dict_keys(['tutorial_dag']) retrieved from /home/chrisfleig/.local/lib/python3.10/site-packages/airflow/example_dags/tutorial_dag.py
[2023-01-03T22:55:01.442+0100] {logging_mixin.py:137} INFO - [2023-01-03T22:55:01.442+0100] {dag.py:2676} INFO - Sync 1 DAGs
[2023-01-03T22:55:01.465+0100] {logging_mixin.py:137} INFO - [2023-01-03T22:55:01.465+0100] {dag.py:3423} INFO - Setting next_dagrun for tutorial_dag to None, run_after=None
[2023-01-03T22:55:01.513+0100] {processor.py:175} INFO - Processing /home/chrisfleig/.local/lib/python3.10/site-packages/airflow/example_dags/tutorial_dag.py took 0.120 seconds
[2023-01-03T22:55:43.778+0100] {processor.py:153} INFO - Started process (PID=9975) to work on /home/chrisfleig/.local/lib/python3.10/site-packages/airflow/example_dags/tutorial_dag.py
[2023-01-03T22:55:43.779+0100] {processor.py:743} INFO - Processing file /home/chrisfleig/.local/lib/python3.10/site-packages/airflow/example_dags/tutorial_dag.py for tasks to queue
[2023-01-03T22:55:43.780+0100] {logging_mixin.py:137} INFO - [2023-01-03T22:55:43.780+0100] {dagbag.py:538} INFO - Filling up the DagBag from /home/chrisfleig/.local/lib/python3.10/site-packages/airflow/example_dags/tutorial_dag.py
[2023-01-03T22:55:43.791+0100] {processor.py:753} INFO - DAG(s) dict_keys(['tutorial_dag']) retrieved from /home/chrisfleig/.local/lib/python3.10/site-packages/airflow/example_dags/tutorial_dag.py
[2023-01-03T22:55:43.812+0100] {logging_mixin.py:137} INFO - [2023-01-03T22:55:43.812+0100] {dag.py:2676} INFO - Sync 1 DAGs
[2023-01-03T22:55:43.828+0100] {logging_mixin.py:137} INFO - [2023-01-03T22:55:43.828+0100] {dag.py:3423} INFO - Setting next_dagrun for tutorial_dag to None, run_after=None
[2023-01-03T22:55:43.869+0100] {processor.py:175} INFO - Processing /home/chrisfleig/.local/lib/python3.10/site-packages/airflow/example_dags/tutorial_dag.py took 0.094 seconds
[2023-01-03T22:56:25.597+0100] {processor.py:153} INFO - Started process (PID=10019) to work on /home/chrisfleig/.local/lib/python3.10/site-packages/airflow/example_dags/tutorial_dag.py
[2023-01-03T22:56:25.599+0100] {processor.py:743} INFO - Processing file /home/chrisfleig/.local/lib/python3.10/site-packages/airflow/example_dags/tutorial_dag.py for tasks to queue
[2023-01-03T22:56:25.603+0100] {logging_mixin.py:137} INFO - [2023-01-03T22:56:25.602+0100] {dagbag.py:538} INFO - Filling up the DagBag from /home/chrisfleig/.local/lib/python3.10/site-packages/airflow/example_dags/tutorial_dag.py
[2023-01-03T22:56:25.629+0100] {processor.py:753} INFO - DAG(s) dict_keys(['tutorial_dag']) retrieved from /home/chrisfleig/.local/lib/python3.10/site-packages/airflow/example_dags/tutorial_dag.py
[2023-01-03T22:56:25.675+0100] {logging_mixin.py:137} INFO - [2023-01-03T22:56:25.675+0100] {dag.py:2676} INFO - Sync 1 DAGs
[2023-01-03T22:56:25.712+0100] {logging_mixin.py:137} INFO - [2023-01-03T22:56:25.712+0100] {dag.py:3423} INFO - Setting next_dagrun for tutorial_dag to None, run_after=None
[2023-01-03T22:56:25.774+0100] {processor.py:175} INFO - Processing /home/chrisfleig/.local/lib/python3.10/site-packages/airflow/example_dags/tutorial_dag.py took 0.182 seconds
[2023-01-03T22:57:08.059+0100] {processor.py:153} INFO - Started process (PID=10058) to work on /home/chrisfleig/.local/lib/python3.10/site-packages/airflow/example_dags/tutorial_dag.py
[2023-01-03T22:57:08.060+0100] {processor.py:743} INFO - Processing file /home/chrisfleig/.local/lib/python3.10/site-packages/airflow/example_dags/tutorial_dag.py for tasks to queue
[2023-01-03T22:57:08.061+0100] {logging_mixin.py:137} INFO - [2023-01-03T22:57:08.061+0100] {dagbag.py:538} INFO - Filling up the DagBag from /home/chrisfleig/.local/lib/python3.10/site-packages/airflow/example_dags/tutorial_dag.py
[2023-01-03T22:57:08.074+0100] {processor.py:753} INFO - DAG(s) dict_keys(['tutorial_dag']) retrieved from /home/chrisfleig/.local/lib/python3.10/site-packages/airflow/example_dags/tutorial_dag.py
[2023-01-03T22:57:08.102+0100] {logging_mixin.py:137} INFO - [2023-01-03T22:57:08.102+0100] {dag.py:2676} INFO - Sync 1 DAGs
[2023-01-03T22:57:08.129+0100] {logging_mixin.py:137} INFO - [2023-01-03T22:57:08.128+0100] {dag.py:3423} INFO - Setting next_dagrun for tutorial_dag to None, run_after=None
[2023-01-03T22:57:08.196+0100] {processor.py:175} INFO - Processing /home/chrisfleig/.local/lib/python3.10/site-packages/airflow/example_dags/tutorial_dag.py took 0.140 seconds
