[2023-01-03T22:10:47.877+0100] {processor.py:153} INFO - Started process (PID=8187) to work on /home/chrisfleig/.local/lib/python3.10/site-packages/airflow/example_dags/tutorial_taskflow_api.py
[2023-01-03T22:10:47.878+0100] {processor.py:743} INFO - Processing file /home/chrisfleig/.local/lib/python3.10/site-packages/airflow/example_dags/tutorial_taskflow_api.py for tasks to queue
[2023-01-03T22:10:47.879+0100] {logging_mixin.py:137} INFO - [2023-01-03T22:10:47.879+0100] {dagbag.py:538} INFO - Filling up the DagBag from /home/chrisfleig/.local/lib/python3.10/site-packages/airflow/example_dags/tutorial_taskflow_api.py
[2023-01-03T22:10:47.897+0100] {processor.py:753} INFO - DAG(s) dict_keys(['tutorial_taskflow_api']) retrieved from /home/chrisfleig/.local/lib/python3.10/site-packages/airflow/example_dags/tutorial_taskflow_api.py
[2023-01-03T22:10:48.027+0100] {logging_mixin.py:137} INFO - [2023-01-03T22:10:48.027+0100] {manager.py:504} INFO - Created Permission View: can edit on DAG:tutorial_taskflow_api
[2023-01-03T22:10:48.053+0100] {logging_mixin.py:137} INFO - [2023-01-03T22:10:48.052+0100] {manager.py:504} INFO - Created Permission View: can delete on DAG:tutorial_taskflow_api
[2023-01-03T22:10:48.076+0100] {logging_mixin.py:137} INFO - [2023-01-03T22:10:48.075+0100] {manager.py:504} INFO - Created Permission View: can read on DAG:tutorial_taskflow_api
[2023-01-03T22:10:48.076+0100] {logging_mixin.py:137} INFO - [2023-01-03T22:10:48.076+0100] {dag.py:2676} INFO - Sync 1 DAGs
[2023-01-03T22:10:48.084+0100] {logging_mixin.py:137} INFO - [2023-01-03T22:10:48.084+0100] {dag.py:2697} INFO - Creating ORM DAG for tutorial_taskflow_api
[2023-01-03T22:10:48.091+0100] {logging_mixin.py:137} INFO - [2023-01-03T22:10:48.091+0100] {dag.py:3423} INFO - Setting next_dagrun for tutorial_taskflow_api to None, run_after=None
[2023-01-03T22:10:48.144+0100] {processor.py:175} INFO - Processing /home/chrisfleig/.local/lib/python3.10/site-packages/airflow/example_dags/tutorial_taskflow_api.py took 0.268 seconds
[2023-01-03T22:11:32.955+0100] {processor.py:153} INFO - Started process (PID=8225) to work on /home/chrisfleig/.local/lib/python3.10/site-packages/airflow/example_dags/tutorial_taskflow_api.py
[2023-01-03T22:11:32.956+0100] {processor.py:743} INFO - Processing file /home/chrisfleig/.local/lib/python3.10/site-packages/airflow/example_dags/tutorial_taskflow_api.py for tasks to queue
[2023-01-03T22:11:32.957+0100] {logging_mixin.py:137} INFO - [2023-01-03T22:11:32.956+0100] {dagbag.py:538} INFO - Filling up the DagBag from /home/chrisfleig/.local/lib/python3.10/site-packages/airflow/example_dags/tutorial_taskflow_api.py
[2023-01-03T22:11:32.997+0100] {processor.py:753} INFO - DAG(s) dict_keys(['tutorial_taskflow_api']) retrieved from /home/chrisfleig/.local/lib/python3.10/site-packages/airflow/example_dags/tutorial_taskflow_api.py
[2023-01-03T22:11:33.059+0100] {logging_mixin.py:137} INFO - [2023-01-03T22:11:33.058+0100] {dag.py:2676} INFO - Sync 1 DAGs
[2023-01-03T22:11:33.086+0100] {logging_mixin.py:137} INFO - [2023-01-03T22:11:33.086+0100] {dag.py:3423} INFO - Setting next_dagrun for tutorial_taskflow_api to None, run_after=None
[2023-01-03T22:11:33.124+0100] {processor.py:175} INFO - Processing /home/chrisfleig/.local/lib/python3.10/site-packages/airflow/example_dags/tutorial_taskflow_api.py took 0.175 seconds
[2023-01-03T22:12:12.390+0100] {processor.py:153} INFO - Started process (PID=8263) to work on /home/chrisfleig/.local/lib/python3.10/site-packages/airflow/example_dags/tutorial_taskflow_api.py
[2023-01-03T22:12:12.392+0100] {processor.py:743} INFO - Processing file /home/chrisfleig/.local/lib/python3.10/site-packages/airflow/example_dags/tutorial_taskflow_api.py for tasks to queue
[2023-01-03T22:12:12.392+0100] {logging_mixin.py:137} INFO - [2023-01-03T22:12:12.392+0100] {dagbag.py:538} INFO - Filling up the DagBag from /home/chrisfleig/.local/lib/python3.10/site-packages/airflow/example_dags/tutorial_taskflow_api.py
[2023-01-03T22:12:12.412+0100] {processor.py:753} INFO - DAG(s) dict_keys(['tutorial_taskflow_api']) retrieved from /home/chrisfleig/.local/lib/python3.10/site-packages/airflow/example_dags/tutorial_taskflow_api.py
[2023-01-03T22:12:12.431+0100] {logging_mixin.py:137} INFO - [2023-01-03T22:12:12.431+0100] {dag.py:2676} INFO - Sync 1 DAGs
[2023-01-03T22:12:12.447+0100] {logging_mixin.py:137} INFO - [2023-01-03T22:12:12.447+0100] {dag.py:3423} INFO - Setting next_dagrun for tutorial_taskflow_api to None, run_after=None
[2023-01-03T22:12:12.484+0100] {processor.py:175} INFO - Processing /home/chrisfleig/.local/lib/python3.10/site-packages/airflow/example_dags/tutorial_taskflow_api.py took 0.095 seconds
[2023-01-03T22:12:50.273+0100] {processor.py:153} INFO - Started process (PID=8301) to work on /home/chrisfleig/.local/lib/python3.10/site-packages/airflow/example_dags/tutorial_taskflow_api.py
[2023-01-03T22:12:50.274+0100] {processor.py:743} INFO - Processing file /home/chrisfleig/.local/lib/python3.10/site-packages/airflow/example_dags/tutorial_taskflow_api.py for tasks to queue
[2023-01-03T22:12:50.274+0100] {logging_mixin.py:137} INFO - [2023-01-03T22:12:50.274+0100] {dagbag.py:538} INFO - Filling up the DagBag from /home/chrisfleig/.local/lib/python3.10/site-packages/airflow/example_dags/tutorial_taskflow_api.py
[2023-01-03T22:12:50.295+0100] {processor.py:753} INFO - DAG(s) dict_keys(['tutorial_taskflow_api']) retrieved from /home/chrisfleig/.local/lib/python3.10/site-packages/airflow/example_dags/tutorial_taskflow_api.py
[2023-01-03T22:12:50.315+0100] {logging_mixin.py:137} INFO - [2023-01-03T22:12:50.315+0100] {dag.py:2676} INFO - Sync 1 DAGs
[2023-01-03T22:12:50.330+0100] {logging_mixin.py:137} INFO - [2023-01-03T22:12:50.330+0100] {dag.py:3423} INFO - Setting next_dagrun for tutorial_taskflow_api to None, run_after=None
[2023-01-03T22:12:50.367+0100] {processor.py:175} INFO - Processing /home/chrisfleig/.local/lib/python3.10/site-packages/airflow/example_dags/tutorial_taskflow_api.py took 0.097 seconds
[2023-01-03T22:13:29.722+0100] {processor.py:153} INFO - Started process (PID=8339) to work on /home/chrisfleig/.local/lib/python3.10/site-packages/airflow/example_dags/tutorial_taskflow_api.py
[2023-01-03T22:13:29.723+0100] {processor.py:743} INFO - Processing file /home/chrisfleig/.local/lib/python3.10/site-packages/airflow/example_dags/tutorial_taskflow_api.py for tasks to queue
[2023-01-03T22:13:29.724+0100] {logging_mixin.py:137} INFO - [2023-01-03T22:13:29.723+0100] {dagbag.py:538} INFO - Filling up the DagBag from /home/chrisfleig/.local/lib/python3.10/site-packages/airflow/example_dags/tutorial_taskflow_api.py
[2023-01-03T22:13:29.742+0100] {processor.py:753} INFO - DAG(s) dict_keys(['tutorial_taskflow_api']) retrieved from /home/chrisfleig/.local/lib/python3.10/site-packages/airflow/example_dags/tutorial_taskflow_api.py
[2023-01-03T22:13:29.762+0100] {logging_mixin.py:137} INFO - [2023-01-03T22:13:29.762+0100] {dag.py:2676} INFO - Sync 1 DAGs
[2023-01-03T22:13:29.779+0100] {logging_mixin.py:137} INFO - [2023-01-03T22:13:29.779+0100] {dag.py:3423} INFO - Setting next_dagrun for tutorial_taskflow_api to None, run_after=None
[2023-01-03T22:13:29.813+0100] {processor.py:175} INFO - Processing /home/chrisfleig/.local/lib/python3.10/site-packages/airflow/example_dags/tutorial_taskflow_api.py took 0.093 seconds
[2023-01-03T22:14:08.260+0100] {processor.py:153} INFO - Started process (PID=8377) to work on /home/chrisfleig/.local/lib/python3.10/site-packages/airflow/example_dags/tutorial_taskflow_api.py
[2023-01-03T22:14:08.261+0100] {processor.py:743} INFO - Processing file /home/chrisfleig/.local/lib/python3.10/site-packages/airflow/example_dags/tutorial_taskflow_api.py for tasks to queue
[2023-01-03T22:14:08.262+0100] {logging_mixin.py:137} INFO - [2023-01-03T22:14:08.261+0100] {dagbag.py:538} INFO - Filling up the DagBag from /home/chrisfleig/.local/lib/python3.10/site-packages/airflow/example_dags/tutorial_taskflow_api.py
[2023-01-03T22:14:08.281+0100] {processor.py:753} INFO - DAG(s) dict_keys(['tutorial_taskflow_api']) retrieved from /home/chrisfleig/.local/lib/python3.10/site-packages/airflow/example_dags/tutorial_taskflow_api.py
[2023-01-03T22:14:08.301+0100] {logging_mixin.py:137} INFO - [2023-01-03T22:14:08.301+0100] {dag.py:2676} INFO - Sync 1 DAGs
[2023-01-03T22:14:08.319+0100] {logging_mixin.py:137} INFO - [2023-01-03T22:14:08.319+0100] {dag.py:3423} INFO - Setting next_dagrun for tutorial_taskflow_api to None, run_after=None
[2023-01-03T22:14:08.353+0100] {processor.py:175} INFO - Processing /home/chrisfleig/.local/lib/python3.10/site-packages/airflow/example_dags/tutorial_taskflow_api.py took 0.097 seconds
[2023-01-03T22:14:47.677+0100] {processor.py:153} INFO - Started process (PID=8415) to work on /home/chrisfleig/.local/lib/python3.10/site-packages/airflow/example_dags/tutorial_taskflow_api.py
[2023-01-03T22:14:47.679+0100] {processor.py:743} INFO - Processing file /home/chrisfleig/.local/lib/python3.10/site-packages/airflow/example_dags/tutorial_taskflow_api.py for tasks to queue
[2023-01-03T22:14:47.679+0100] {logging_mixin.py:137} INFO - [2023-01-03T22:14:47.679+0100] {dagbag.py:538} INFO - Filling up the DagBag from /home/chrisfleig/.local/lib/python3.10/site-packages/airflow/example_dags/tutorial_taskflow_api.py
[2023-01-03T22:14:47.699+0100] {processor.py:753} INFO - DAG(s) dict_keys(['tutorial_taskflow_api']) retrieved from /home/chrisfleig/.local/lib/python3.10/site-packages/airflow/example_dags/tutorial_taskflow_api.py
[2023-01-03T22:14:47.720+0100] {logging_mixin.py:137} INFO - [2023-01-03T22:14:47.720+0100] {dag.py:2676} INFO - Sync 1 DAGs
[2023-01-03T22:14:47.737+0100] {logging_mixin.py:137} INFO - [2023-01-03T22:14:47.737+0100] {dag.py:3423} INFO - Setting next_dagrun for tutorial_taskflow_api to None, run_after=None
[2023-01-03T22:14:47.772+0100] {processor.py:175} INFO - Processing /home/chrisfleig/.local/lib/python3.10/site-packages/airflow/example_dags/tutorial_taskflow_api.py took 0.097 seconds
[2023-01-03T22:15:26.810+0100] {processor.py:153} INFO - Started process (PID=8454) to work on /home/chrisfleig/.local/lib/python3.10/site-packages/airflow/example_dags/tutorial_taskflow_api.py
[2023-01-03T22:15:26.811+0100] {processor.py:743} INFO - Processing file /home/chrisfleig/.local/lib/python3.10/site-packages/airflow/example_dags/tutorial_taskflow_api.py for tasks to queue
[2023-01-03T22:15:26.812+0100] {logging_mixin.py:137} INFO - [2023-01-03T22:15:26.812+0100] {dagbag.py:538} INFO - Filling up the DagBag from /home/chrisfleig/.local/lib/python3.10/site-packages/airflow/example_dags/tutorial_taskflow_api.py
[2023-01-03T22:15:26.831+0100] {processor.py:753} INFO - DAG(s) dict_keys(['tutorial_taskflow_api']) retrieved from /home/chrisfleig/.local/lib/python3.10/site-packages/airflow/example_dags/tutorial_taskflow_api.py
[2023-01-03T22:15:26.852+0100] {logging_mixin.py:137} INFO - [2023-01-03T22:15:26.852+0100] {dag.py:2676} INFO - Sync 1 DAGs
[2023-01-03T22:15:26.868+0100] {logging_mixin.py:137} INFO - [2023-01-03T22:15:26.868+0100] {dag.py:3423} INFO - Setting next_dagrun for tutorial_taskflow_api to None, run_after=None
[2023-01-03T22:15:26.909+0100] {processor.py:175} INFO - Processing /home/chrisfleig/.local/lib/python3.10/site-packages/airflow/example_dags/tutorial_taskflow_api.py took 0.102 seconds
[2023-01-03T22:31:20.783+0100] {processor.py:153} INFO - Started process (PID=8550) to work on /home/chrisfleig/.local/lib/python3.10/site-packages/airflow/example_dags/tutorial_taskflow_api.py
[2023-01-03T22:31:20.784+0100] {processor.py:743} INFO - Processing file /home/chrisfleig/.local/lib/python3.10/site-packages/airflow/example_dags/tutorial_taskflow_api.py for tasks to queue
[2023-01-03T22:31:20.785+0100] {logging_mixin.py:137} INFO - [2023-01-03T22:31:20.785+0100] {dagbag.py:538} INFO - Filling up the DagBag from /home/chrisfleig/.local/lib/python3.10/site-packages/airflow/example_dags/tutorial_taskflow_api.py
[2023-01-03T22:31:20.804+0100] {processor.py:753} INFO - DAG(s) dict_keys(['tutorial_taskflow_api']) retrieved from /home/chrisfleig/.local/lib/python3.10/site-packages/airflow/example_dags/tutorial_taskflow_api.py
[2023-01-03T22:31:20.815+0100] {logging_mixin.py:137} INFO - [2023-01-03T22:31:20.815+0100] {dag.py:2676} INFO - Sync 1 DAGs
[2023-01-03T22:31:20.835+0100] {logging_mixin.py:137} INFO - [2023-01-03T22:31:20.835+0100] {dag.py:3423} INFO - Setting next_dagrun for tutorial_taskflow_api to None, run_after=None
[2023-01-03T22:31:20.873+0100] {processor.py:175} INFO - Processing /home/chrisfleig/.local/lib/python3.10/site-packages/airflow/example_dags/tutorial_taskflow_api.py took 0.093 seconds
[2023-01-03T22:32:01.143+0100] {processor.py:153} INFO - Started process (PID=8588) to work on /home/chrisfleig/.local/lib/python3.10/site-packages/airflow/example_dags/tutorial_taskflow_api.py
[2023-01-03T22:32:01.145+0100] {processor.py:743} INFO - Processing file /home/chrisfleig/.local/lib/python3.10/site-packages/airflow/example_dags/tutorial_taskflow_api.py for tasks to queue
[2023-01-03T22:32:01.146+0100] {logging_mixin.py:137} INFO - [2023-01-03T22:32:01.146+0100] {dagbag.py:538} INFO - Filling up the DagBag from /home/chrisfleig/.local/lib/python3.10/site-packages/airflow/example_dags/tutorial_taskflow_api.py
[2023-01-03T22:32:01.177+0100] {processor.py:753} INFO - DAG(s) dict_keys(['tutorial_taskflow_api']) retrieved from /home/chrisfleig/.local/lib/python3.10/site-packages/airflow/example_dags/tutorial_taskflow_api.py
[2023-01-03T22:32:01.200+0100] {logging_mixin.py:137} INFO - [2023-01-03T22:32:01.200+0100] {dag.py:2676} INFO - Sync 1 DAGs
[2023-01-03T22:32:01.217+0100] {logging_mixin.py:137} INFO - [2023-01-03T22:32:01.217+0100] {dag.py:3423} INFO - Setting next_dagrun for tutorial_taskflow_api to None, run_after=None
[2023-01-03T22:32:01.252+0100] {processor.py:175} INFO - Processing /home/chrisfleig/.local/lib/python3.10/site-packages/airflow/example_dags/tutorial_taskflow_api.py took 0.114 seconds
[2023-01-03T22:32:39.413+0100] {processor.py:153} INFO - Started process (PID=8626) to work on /home/chrisfleig/.local/lib/python3.10/site-packages/airflow/example_dags/tutorial_taskflow_api.py
[2023-01-03T22:32:39.414+0100] {processor.py:743} INFO - Processing file /home/chrisfleig/.local/lib/python3.10/site-packages/airflow/example_dags/tutorial_taskflow_api.py for tasks to queue
[2023-01-03T22:32:39.415+0100] {logging_mixin.py:137} INFO - [2023-01-03T22:32:39.415+0100] {dagbag.py:538} INFO - Filling up the DagBag from /home/chrisfleig/.local/lib/python3.10/site-packages/airflow/example_dags/tutorial_taskflow_api.py
[2023-01-03T22:32:39.437+0100] {processor.py:753} INFO - DAG(s) dict_keys(['tutorial_taskflow_api']) retrieved from /home/chrisfleig/.local/lib/python3.10/site-packages/airflow/example_dags/tutorial_taskflow_api.py
[2023-01-03T22:32:39.464+0100] {logging_mixin.py:137} INFO - [2023-01-03T22:32:39.464+0100] {dag.py:2676} INFO - Sync 1 DAGs
[2023-01-03T22:32:39.483+0100] {logging_mixin.py:137} INFO - [2023-01-03T22:32:39.483+0100] {dag.py:3423} INFO - Setting next_dagrun for tutorial_taskflow_api to None, run_after=None
[2023-01-03T22:32:39.528+0100] {processor.py:175} INFO - Processing /home/chrisfleig/.local/lib/python3.10/site-packages/airflow/example_dags/tutorial_taskflow_api.py took 0.117 seconds
[2023-01-03T22:33:19.022+0100] {processor.py:153} INFO - Started process (PID=8664) to work on /home/chrisfleig/.local/lib/python3.10/site-packages/airflow/example_dags/tutorial_taskflow_api.py
[2023-01-03T22:33:19.023+0100] {processor.py:743} INFO - Processing file /home/chrisfleig/.local/lib/python3.10/site-packages/airflow/example_dags/tutorial_taskflow_api.py for tasks to queue
[2023-01-03T22:33:19.024+0100] {logging_mixin.py:137} INFO - [2023-01-03T22:33:19.023+0100] {dagbag.py:538} INFO - Filling up the DagBag from /home/chrisfleig/.local/lib/python3.10/site-packages/airflow/example_dags/tutorial_taskflow_api.py
[2023-01-03T22:33:19.044+0100] {processor.py:753} INFO - DAG(s) dict_keys(['tutorial_taskflow_api']) retrieved from /home/chrisfleig/.local/lib/python3.10/site-packages/airflow/example_dags/tutorial_taskflow_api.py
[2023-01-03T22:33:19.063+0100] {logging_mixin.py:137} INFO - [2023-01-03T22:33:19.063+0100] {dag.py:2676} INFO - Sync 1 DAGs
[2023-01-03T22:33:19.087+0100] {logging_mixin.py:137} INFO - [2023-01-03T22:33:19.087+0100] {dag.py:3423} INFO - Setting next_dagrun for tutorial_taskflow_api to None, run_after=None
[2023-01-03T22:33:19.129+0100] {processor.py:175} INFO - Processing /home/chrisfleig/.local/lib/python3.10/site-packages/airflow/example_dags/tutorial_taskflow_api.py took 0.110 seconds
[2023-01-03T22:33:57.984+0100] {processor.py:153} INFO - Started process (PID=8702) to work on /home/chrisfleig/.local/lib/python3.10/site-packages/airflow/example_dags/tutorial_taskflow_api.py
[2023-01-03T22:33:57.986+0100] {processor.py:743} INFO - Processing file /home/chrisfleig/.local/lib/python3.10/site-packages/airflow/example_dags/tutorial_taskflow_api.py for tasks to queue
[2023-01-03T22:33:57.987+0100] {logging_mixin.py:137} INFO - [2023-01-03T22:33:57.986+0100] {dagbag.py:538} INFO - Filling up the DagBag from /home/chrisfleig/.local/lib/python3.10/site-packages/airflow/example_dags/tutorial_taskflow_api.py
[2023-01-03T22:33:58.009+0100] {processor.py:753} INFO - DAG(s) dict_keys(['tutorial_taskflow_api']) retrieved from /home/chrisfleig/.local/lib/python3.10/site-packages/airflow/example_dags/tutorial_taskflow_api.py
[2023-01-03T22:33:58.030+0100] {logging_mixin.py:137} INFO - [2023-01-03T22:33:58.030+0100] {dag.py:2676} INFO - Sync 1 DAGs
[2023-01-03T22:33:58.046+0100] {logging_mixin.py:137} INFO - [2023-01-03T22:33:58.046+0100] {dag.py:3423} INFO - Setting next_dagrun for tutorial_taskflow_api to None, run_after=None
[2023-01-03T22:33:58.084+0100] {processor.py:175} INFO - Processing /home/chrisfleig/.local/lib/python3.10/site-packages/airflow/example_dags/tutorial_taskflow_api.py took 0.102 seconds
[2023-01-03T22:34:37.964+0100] {processor.py:153} INFO - Started process (PID=8740) to work on /home/chrisfleig/.local/lib/python3.10/site-packages/airflow/example_dags/tutorial_taskflow_api.py
[2023-01-03T22:34:37.965+0100] {processor.py:743} INFO - Processing file /home/chrisfleig/.local/lib/python3.10/site-packages/airflow/example_dags/tutorial_taskflow_api.py for tasks to queue
[2023-01-03T22:34:37.966+0100] {logging_mixin.py:137} INFO - [2023-01-03T22:34:37.965+0100] {dagbag.py:538} INFO - Filling up the DagBag from /home/chrisfleig/.local/lib/python3.10/site-packages/airflow/example_dags/tutorial_taskflow_api.py
[2023-01-03T22:34:37.989+0100] {processor.py:753} INFO - DAG(s) dict_keys(['tutorial_taskflow_api']) retrieved from /home/chrisfleig/.local/lib/python3.10/site-packages/airflow/example_dags/tutorial_taskflow_api.py
[2023-01-03T22:34:38.010+0100] {logging_mixin.py:137} INFO - [2023-01-03T22:34:38.010+0100] {dag.py:2676} INFO - Sync 1 DAGs
[2023-01-03T22:34:38.036+0100] {logging_mixin.py:137} INFO - [2023-01-03T22:34:38.036+0100] {dag.py:3423} INFO - Setting next_dagrun for tutorial_taskflow_api to None, run_after=None
[2023-01-03T22:34:38.088+0100] {processor.py:175} INFO - Processing /home/chrisfleig/.local/lib/python3.10/site-packages/airflow/example_dags/tutorial_taskflow_api.py took 0.127 seconds
[2023-01-03T22:35:17.599+0100] {processor.py:153} INFO - Started process (PID=8778) to work on /home/chrisfleig/.local/lib/python3.10/site-packages/airflow/example_dags/tutorial_taskflow_api.py
[2023-01-03T22:35:17.600+0100] {processor.py:743} INFO - Processing file /home/chrisfleig/.local/lib/python3.10/site-packages/airflow/example_dags/tutorial_taskflow_api.py for tasks to queue
[2023-01-03T22:35:17.601+0100] {logging_mixin.py:137} INFO - [2023-01-03T22:35:17.601+0100] {dagbag.py:538} INFO - Filling up the DagBag from /home/chrisfleig/.local/lib/python3.10/site-packages/airflow/example_dags/tutorial_taskflow_api.py
[2023-01-03T22:35:17.621+0100] {processor.py:753} INFO - DAG(s) dict_keys(['tutorial_taskflow_api']) retrieved from /home/chrisfleig/.local/lib/python3.10/site-packages/airflow/example_dags/tutorial_taskflow_api.py
[2023-01-03T22:35:17.641+0100] {logging_mixin.py:137} INFO - [2023-01-03T22:35:17.641+0100] {dag.py:2676} INFO - Sync 1 DAGs
[2023-01-03T22:35:17.658+0100] {logging_mixin.py:137} INFO - [2023-01-03T22:35:17.658+0100] {dag.py:3423} INFO - Setting next_dagrun for tutorial_taskflow_api to None, run_after=None
[2023-01-03T22:35:17.695+0100] {processor.py:175} INFO - Processing /home/chrisfleig/.local/lib/python3.10/site-packages/airflow/example_dags/tutorial_taskflow_api.py took 0.098 seconds
[2023-01-03T22:35:56.576+0100] {processor.py:153} INFO - Started process (PID=8816) to work on /home/chrisfleig/.local/lib/python3.10/site-packages/airflow/example_dags/tutorial_taskflow_api.py
[2023-01-03T22:35:56.577+0100] {processor.py:743} INFO - Processing file /home/chrisfleig/.local/lib/python3.10/site-packages/airflow/example_dags/tutorial_taskflow_api.py for tasks to queue
[2023-01-03T22:35:56.578+0100] {logging_mixin.py:137} INFO - [2023-01-03T22:35:56.578+0100] {dagbag.py:538} INFO - Filling up the DagBag from /home/chrisfleig/.local/lib/python3.10/site-packages/airflow/example_dags/tutorial_taskflow_api.py
[2023-01-03T22:35:56.597+0100] {processor.py:753} INFO - DAG(s) dict_keys(['tutorial_taskflow_api']) retrieved from /home/chrisfleig/.local/lib/python3.10/site-packages/airflow/example_dags/tutorial_taskflow_api.py
[2023-01-03T22:35:56.617+0100] {logging_mixin.py:137} INFO - [2023-01-03T22:35:56.617+0100] {dag.py:2676} INFO - Sync 1 DAGs
[2023-01-03T22:35:56.634+0100] {logging_mixin.py:137} INFO - [2023-01-03T22:35:56.634+0100] {dag.py:3423} INFO - Setting next_dagrun for tutorial_taskflow_api to None, run_after=None
[2023-01-03T22:35:56.668+0100] {processor.py:175} INFO - Processing /home/chrisfleig/.local/lib/python3.10/site-packages/airflow/example_dags/tutorial_taskflow_api.py took 0.094 seconds
[2023-01-03T22:36:34.629+0100] {processor.py:153} INFO - Started process (PID=8854) to work on /home/chrisfleig/.local/lib/python3.10/site-packages/airflow/example_dags/tutorial_taskflow_api.py
[2023-01-03T22:36:34.631+0100] {processor.py:743} INFO - Processing file /home/chrisfleig/.local/lib/python3.10/site-packages/airflow/example_dags/tutorial_taskflow_api.py for tasks to queue
[2023-01-03T22:36:34.631+0100] {logging_mixin.py:137} INFO - [2023-01-03T22:36:34.631+0100] {dagbag.py:538} INFO - Filling up the DagBag from /home/chrisfleig/.local/lib/python3.10/site-packages/airflow/example_dags/tutorial_taskflow_api.py
[2023-01-03T22:36:34.649+0100] {processor.py:753} INFO - DAG(s) dict_keys(['tutorial_taskflow_api']) retrieved from /home/chrisfleig/.local/lib/python3.10/site-packages/airflow/example_dags/tutorial_taskflow_api.py
[2023-01-03T22:36:34.669+0100] {logging_mixin.py:137} INFO - [2023-01-03T22:36:34.669+0100] {dag.py:2676} INFO - Sync 1 DAGs
[2023-01-03T22:36:34.685+0100] {logging_mixin.py:137} INFO - [2023-01-03T22:36:34.685+0100] {dag.py:3423} INFO - Setting next_dagrun for tutorial_taskflow_api to None, run_after=None
[2023-01-03T22:36:34.719+0100] {processor.py:175} INFO - Processing /home/chrisfleig/.local/lib/python3.10/site-packages/airflow/example_dags/tutorial_taskflow_api.py took 0.092 seconds
[2023-01-03T22:37:11.977+0100] {processor.py:153} INFO - Started process (PID=8892) to work on /home/chrisfleig/.local/lib/python3.10/site-packages/airflow/example_dags/tutorial_taskflow_api.py
[2023-01-03T22:37:11.978+0100] {processor.py:743} INFO - Processing file /home/chrisfleig/.local/lib/python3.10/site-packages/airflow/example_dags/tutorial_taskflow_api.py for tasks to queue
[2023-01-03T22:37:11.979+0100] {logging_mixin.py:137} INFO - [2023-01-03T22:37:11.979+0100] {dagbag.py:538} INFO - Filling up the DagBag from /home/chrisfleig/.local/lib/python3.10/site-packages/airflow/example_dags/tutorial_taskflow_api.py
[2023-01-03T22:37:11.998+0100] {processor.py:753} INFO - DAG(s) dict_keys(['tutorial_taskflow_api']) retrieved from /home/chrisfleig/.local/lib/python3.10/site-packages/airflow/example_dags/tutorial_taskflow_api.py
[2023-01-03T22:37:12.018+0100] {logging_mixin.py:137} INFO - [2023-01-03T22:37:12.018+0100] {dag.py:2676} INFO - Sync 1 DAGs
[2023-01-03T22:37:12.035+0100] {logging_mixin.py:137} INFO - [2023-01-03T22:37:12.034+0100] {dag.py:3423} INFO - Setting next_dagrun for tutorial_taskflow_api to None, run_after=None
[2023-01-03T22:37:12.068+0100] {processor.py:175} INFO - Processing /home/chrisfleig/.local/lib/python3.10/site-packages/airflow/example_dags/tutorial_taskflow_api.py took 0.093 seconds
[2023-01-03T22:37:50.425+0100] {processor.py:153} INFO - Started process (PID=8930) to work on /home/chrisfleig/.local/lib/python3.10/site-packages/airflow/example_dags/tutorial_taskflow_api.py
[2023-01-03T22:37:50.426+0100] {processor.py:743} INFO - Processing file /home/chrisfleig/.local/lib/python3.10/site-packages/airflow/example_dags/tutorial_taskflow_api.py for tasks to queue
[2023-01-03T22:37:50.426+0100] {logging_mixin.py:137} INFO - [2023-01-03T22:37:50.426+0100] {dagbag.py:538} INFO - Filling up the DagBag from /home/chrisfleig/.local/lib/python3.10/site-packages/airflow/example_dags/tutorial_taskflow_api.py
[2023-01-03T22:37:50.446+0100] {processor.py:753} INFO - DAG(s) dict_keys(['tutorial_taskflow_api']) retrieved from /home/chrisfleig/.local/lib/python3.10/site-packages/airflow/example_dags/tutorial_taskflow_api.py
[2023-01-03T22:37:50.468+0100] {logging_mixin.py:137} INFO - [2023-01-03T22:37:50.468+0100] {dag.py:2676} INFO - Sync 1 DAGs
[2023-01-03T22:37:50.485+0100] {logging_mixin.py:137} INFO - [2023-01-03T22:37:50.485+0100] {dag.py:3423} INFO - Setting next_dagrun for tutorial_taskflow_api to None, run_after=None
[2023-01-03T22:37:50.520+0100] {processor.py:175} INFO - Processing /home/chrisfleig/.local/lib/python3.10/site-packages/airflow/example_dags/tutorial_taskflow_api.py took 0.098 seconds
[2023-01-03T22:38:29.733+0100] {processor.py:153} INFO - Started process (PID=8968) to work on /home/chrisfleig/.local/lib/python3.10/site-packages/airflow/example_dags/tutorial_taskflow_api.py
[2023-01-03T22:38:29.734+0100] {processor.py:743} INFO - Processing file /home/chrisfleig/.local/lib/python3.10/site-packages/airflow/example_dags/tutorial_taskflow_api.py for tasks to queue
[2023-01-03T22:38:29.735+0100] {logging_mixin.py:137} INFO - [2023-01-03T22:38:29.734+0100] {dagbag.py:538} INFO - Filling up the DagBag from /home/chrisfleig/.local/lib/python3.10/site-packages/airflow/example_dags/tutorial_taskflow_api.py
[2023-01-03T22:38:29.759+0100] {processor.py:753} INFO - DAG(s) dict_keys(['tutorial_taskflow_api']) retrieved from /home/chrisfleig/.local/lib/python3.10/site-packages/airflow/example_dags/tutorial_taskflow_api.py
[2023-01-03T22:38:29.781+0100] {logging_mixin.py:137} INFO - [2023-01-03T22:38:29.780+0100] {dag.py:2676} INFO - Sync 1 DAGs
[2023-01-03T22:38:29.797+0100] {logging_mixin.py:137} INFO - [2023-01-03T22:38:29.797+0100] {dag.py:3423} INFO - Setting next_dagrun for tutorial_taskflow_api to None, run_after=None
[2023-01-03T22:38:29.833+0100] {processor.py:175} INFO - Processing /home/chrisfleig/.local/lib/python3.10/site-packages/airflow/example_dags/tutorial_taskflow_api.py took 0.104 seconds
[2023-01-03T22:39:07.782+0100] {processor.py:153} INFO - Started process (PID=9006) to work on /home/chrisfleig/.local/lib/python3.10/site-packages/airflow/example_dags/tutorial_taskflow_api.py
[2023-01-03T22:39:07.783+0100] {processor.py:743} INFO - Processing file /home/chrisfleig/.local/lib/python3.10/site-packages/airflow/example_dags/tutorial_taskflow_api.py for tasks to queue
[2023-01-03T22:39:07.784+0100] {logging_mixin.py:137} INFO - [2023-01-03T22:39:07.784+0100] {dagbag.py:538} INFO - Filling up the DagBag from /home/chrisfleig/.local/lib/python3.10/site-packages/airflow/example_dags/tutorial_taskflow_api.py
[2023-01-03T22:39:07.804+0100] {processor.py:753} INFO - DAG(s) dict_keys(['tutorial_taskflow_api']) retrieved from /home/chrisfleig/.local/lib/python3.10/site-packages/airflow/example_dags/tutorial_taskflow_api.py
[2023-01-03T22:39:07.824+0100] {logging_mixin.py:137} INFO - [2023-01-03T22:39:07.824+0100] {dag.py:2676} INFO - Sync 1 DAGs
[2023-01-03T22:39:07.840+0100] {logging_mixin.py:137} INFO - [2023-01-03T22:39:07.840+0100] {dag.py:3423} INFO - Setting next_dagrun for tutorial_taskflow_api to None, run_after=None
[2023-01-03T22:39:07.877+0100] {processor.py:175} INFO - Processing /home/chrisfleig/.local/lib/python3.10/site-packages/airflow/example_dags/tutorial_taskflow_api.py took 0.097 seconds
[2023-01-03T22:39:48.251+0100] {processor.py:153} INFO - Started process (PID=9044) to work on /home/chrisfleig/.local/lib/python3.10/site-packages/airflow/example_dags/tutorial_taskflow_api.py
[2023-01-03T22:39:48.252+0100] {processor.py:743} INFO - Processing file /home/chrisfleig/.local/lib/python3.10/site-packages/airflow/example_dags/tutorial_taskflow_api.py for tasks to queue
[2023-01-03T22:39:48.253+0100] {logging_mixin.py:137} INFO - [2023-01-03T22:39:48.253+0100] {dagbag.py:538} INFO - Filling up the DagBag from /home/chrisfleig/.local/lib/python3.10/site-packages/airflow/example_dags/tutorial_taskflow_api.py
[2023-01-03T22:39:48.273+0100] {processor.py:753} INFO - DAG(s) dict_keys(['tutorial_taskflow_api']) retrieved from /home/chrisfleig/.local/lib/python3.10/site-packages/airflow/example_dags/tutorial_taskflow_api.py
[2023-01-03T22:39:48.294+0100] {logging_mixin.py:137} INFO - [2023-01-03T22:39:48.294+0100] {dag.py:2676} INFO - Sync 1 DAGs
[2023-01-03T22:39:48.311+0100] {logging_mixin.py:137} INFO - [2023-01-03T22:39:48.311+0100] {dag.py:3423} INFO - Setting next_dagrun for tutorial_taskflow_api to None, run_after=None
[2023-01-03T22:39:48.347+0100] {processor.py:175} INFO - Processing /home/chrisfleig/.local/lib/python3.10/site-packages/airflow/example_dags/tutorial_taskflow_api.py took 0.099 seconds
[2023-01-03T22:40:26.921+0100] {processor.py:153} INFO - Started process (PID=9082) to work on /home/chrisfleig/.local/lib/python3.10/site-packages/airflow/example_dags/tutorial_taskflow_api.py
[2023-01-03T22:40:26.922+0100] {processor.py:743} INFO - Processing file /home/chrisfleig/.local/lib/python3.10/site-packages/airflow/example_dags/tutorial_taskflow_api.py for tasks to queue
[2023-01-03T22:40:26.923+0100] {logging_mixin.py:137} INFO - [2023-01-03T22:40:26.922+0100] {dagbag.py:538} INFO - Filling up the DagBag from /home/chrisfleig/.local/lib/python3.10/site-packages/airflow/example_dags/tutorial_taskflow_api.py
[2023-01-03T22:40:26.942+0100] {processor.py:753} INFO - DAG(s) dict_keys(['tutorial_taskflow_api']) retrieved from /home/chrisfleig/.local/lib/python3.10/site-packages/airflow/example_dags/tutorial_taskflow_api.py
[2023-01-03T22:40:26.961+0100] {logging_mixin.py:137} INFO - [2023-01-03T22:40:26.961+0100] {dag.py:2676} INFO - Sync 1 DAGs
[2023-01-03T22:40:26.978+0100] {logging_mixin.py:137} INFO - [2023-01-03T22:40:26.978+0100] {dag.py:3423} INFO - Setting next_dagrun for tutorial_taskflow_api to None, run_after=None
[2023-01-03T22:40:27.013+0100] {processor.py:175} INFO - Processing /home/chrisfleig/.local/lib/python3.10/site-packages/airflow/example_dags/tutorial_taskflow_api.py took 0.094 seconds
[2023-01-03T22:41:06.179+0100] {processor.py:153} INFO - Started process (PID=9120) to work on /home/chrisfleig/.local/lib/python3.10/site-packages/airflow/example_dags/tutorial_taskflow_api.py
[2023-01-03T22:41:06.180+0100] {processor.py:743} INFO - Processing file /home/chrisfleig/.local/lib/python3.10/site-packages/airflow/example_dags/tutorial_taskflow_api.py for tasks to queue
[2023-01-03T22:41:06.181+0100] {logging_mixin.py:137} INFO - [2023-01-03T22:41:06.181+0100] {dagbag.py:538} INFO - Filling up the DagBag from /home/chrisfleig/.local/lib/python3.10/site-packages/airflow/example_dags/tutorial_taskflow_api.py
[2023-01-03T22:41:06.200+0100] {processor.py:753} INFO - DAG(s) dict_keys(['tutorial_taskflow_api']) retrieved from /home/chrisfleig/.local/lib/python3.10/site-packages/airflow/example_dags/tutorial_taskflow_api.py
[2023-01-03T22:41:06.220+0100] {logging_mixin.py:137} INFO - [2023-01-03T22:41:06.220+0100] {dag.py:2676} INFO - Sync 1 DAGs
[2023-01-03T22:41:06.239+0100] {logging_mixin.py:137} INFO - [2023-01-03T22:41:06.239+0100] {dag.py:3423} INFO - Setting next_dagrun for tutorial_taskflow_api to None, run_after=None
[2023-01-03T22:41:06.274+0100] {processor.py:175} INFO - Processing /home/chrisfleig/.local/lib/python3.10/site-packages/airflow/example_dags/tutorial_taskflow_api.py took 0.097 seconds
[2023-01-03T22:41:43.060+0100] {processor.py:153} INFO - Started process (PID=9158) to work on /home/chrisfleig/.local/lib/python3.10/site-packages/airflow/example_dags/tutorial_taskflow_api.py
[2023-01-03T22:41:43.061+0100] {processor.py:743} INFO - Processing file /home/chrisfleig/.local/lib/python3.10/site-packages/airflow/example_dags/tutorial_taskflow_api.py for tasks to queue
[2023-01-03T22:41:43.061+0100] {logging_mixin.py:137} INFO - [2023-01-03T22:41:43.061+0100] {dagbag.py:538} INFO - Filling up the DagBag from /home/chrisfleig/.local/lib/python3.10/site-packages/airflow/example_dags/tutorial_taskflow_api.py
[2023-01-03T22:41:43.082+0100] {processor.py:753} INFO - DAG(s) dict_keys(['tutorial_taskflow_api']) retrieved from /home/chrisfleig/.local/lib/python3.10/site-packages/airflow/example_dags/tutorial_taskflow_api.py
[2023-01-03T22:41:43.103+0100] {logging_mixin.py:137} INFO - [2023-01-03T22:41:43.102+0100] {dag.py:2676} INFO - Sync 1 DAGs
[2023-01-03T22:41:43.118+0100] {logging_mixin.py:137} INFO - [2023-01-03T22:41:43.118+0100] {dag.py:3423} INFO - Setting next_dagrun for tutorial_taskflow_api to None, run_after=None
[2023-01-03T22:41:43.152+0100] {processor.py:175} INFO - Processing /home/chrisfleig/.local/lib/python3.10/site-packages/airflow/example_dags/tutorial_taskflow_api.py took 0.095 seconds
[2023-01-03T22:42:21.979+0100] {processor.py:153} INFO - Started process (PID=9200) to work on /home/chrisfleig/.local/lib/python3.10/site-packages/airflow/example_dags/tutorial_taskflow_api.py
[2023-01-03T22:42:21.980+0100] {processor.py:743} INFO - Processing file /home/chrisfleig/.local/lib/python3.10/site-packages/airflow/example_dags/tutorial_taskflow_api.py for tasks to queue
[2023-01-03T22:42:21.981+0100] {logging_mixin.py:137} INFO - [2023-01-03T22:42:21.981+0100] {dagbag.py:538} INFO - Filling up the DagBag from /home/chrisfleig/.local/lib/python3.10/site-packages/airflow/example_dags/tutorial_taskflow_api.py
[2023-01-03T22:42:22.002+0100] {processor.py:753} INFO - DAG(s) dict_keys(['tutorial_taskflow_api']) retrieved from /home/chrisfleig/.local/lib/python3.10/site-packages/airflow/example_dags/tutorial_taskflow_api.py
[2023-01-03T22:42:22.026+0100] {logging_mixin.py:137} INFO - [2023-01-03T22:42:22.026+0100] {dag.py:2676} INFO - Sync 1 DAGs
[2023-01-03T22:42:22.043+0100] {logging_mixin.py:137} INFO - [2023-01-03T22:42:22.043+0100] {dag.py:3423} INFO - Setting next_dagrun for tutorial_taskflow_api to None, run_after=None
[2023-01-03T22:42:22.077+0100] {processor.py:175} INFO - Processing /home/chrisfleig/.local/lib/python3.10/site-packages/airflow/example_dags/tutorial_taskflow_api.py took 0.102 seconds
[2023-01-03T22:43:00.784+0100] {processor.py:153} INFO - Started process (PID=9238) to work on /home/chrisfleig/.local/lib/python3.10/site-packages/airflow/example_dags/tutorial_taskflow_api.py
[2023-01-03T22:43:00.785+0100] {processor.py:743} INFO - Processing file /home/chrisfleig/.local/lib/python3.10/site-packages/airflow/example_dags/tutorial_taskflow_api.py for tasks to queue
[2023-01-03T22:43:00.786+0100] {logging_mixin.py:137} INFO - [2023-01-03T22:43:00.786+0100] {dagbag.py:538} INFO - Filling up the DagBag from /home/chrisfleig/.local/lib/python3.10/site-packages/airflow/example_dags/tutorial_taskflow_api.py
[2023-01-03T22:43:00.805+0100] {processor.py:753} INFO - DAG(s) dict_keys(['tutorial_taskflow_api']) retrieved from /home/chrisfleig/.local/lib/python3.10/site-packages/airflow/example_dags/tutorial_taskflow_api.py
[2023-01-03T22:43:00.825+0100] {logging_mixin.py:137} INFO - [2023-01-03T22:43:00.825+0100] {dag.py:2676} INFO - Sync 1 DAGs
[2023-01-03T22:43:00.843+0100] {logging_mixin.py:137} INFO - [2023-01-03T22:43:00.843+0100] {dag.py:3423} INFO - Setting next_dagrun for tutorial_taskflow_api to None, run_after=None
[2023-01-03T22:43:00.881+0100] {processor.py:175} INFO - Processing /home/chrisfleig/.local/lib/python3.10/site-packages/airflow/example_dags/tutorial_taskflow_api.py took 0.100 seconds
[2023-01-03T22:43:39.895+0100] {processor.py:153} INFO - Started process (PID=9276) to work on /home/chrisfleig/.local/lib/python3.10/site-packages/airflow/example_dags/tutorial_taskflow_api.py
[2023-01-03T22:43:39.897+0100] {processor.py:743} INFO - Processing file /home/chrisfleig/.local/lib/python3.10/site-packages/airflow/example_dags/tutorial_taskflow_api.py for tasks to queue
[2023-01-03T22:43:39.897+0100] {logging_mixin.py:137} INFO - [2023-01-03T22:43:39.897+0100] {dagbag.py:538} INFO - Filling up the DagBag from /home/chrisfleig/.local/lib/python3.10/site-packages/airflow/example_dags/tutorial_taskflow_api.py
[2023-01-03T22:43:39.916+0100] {processor.py:753} INFO - DAG(s) dict_keys(['tutorial_taskflow_api']) retrieved from /home/chrisfleig/.local/lib/python3.10/site-packages/airflow/example_dags/tutorial_taskflow_api.py
[2023-01-03T22:43:39.936+0100] {logging_mixin.py:137} INFO - [2023-01-03T22:43:39.936+0100] {dag.py:2676} INFO - Sync 1 DAGs
[2023-01-03T22:43:39.952+0100] {logging_mixin.py:137} INFO - [2023-01-03T22:43:39.952+0100] {dag.py:3423} INFO - Setting next_dagrun for tutorial_taskflow_api to None, run_after=None
[2023-01-03T22:43:39.987+0100] {processor.py:175} INFO - Processing /home/chrisfleig/.local/lib/python3.10/site-packages/airflow/example_dags/tutorial_taskflow_api.py took 0.094 seconds
[2023-01-03T22:44:19.296+0100] {processor.py:153} INFO - Started process (PID=9314) to work on /home/chrisfleig/.local/lib/python3.10/site-packages/airflow/example_dags/tutorial_taskflow_api.py
[2023-01-03T22:44:19.297+0100] {processor.py:743} INFO - Processing file /home/chrisfleig/.local/lib/python3.10/site-packages/airflow/example_dags/tutorial_taskflow_api.py for tasks to queue
[2023-01-03T22:44:19.298+0100] {logging_mixin.py:137} INFO - [2023-01-03T22:44:19.298+0100] {dagbag.py:538} INFO - Filling up the DagBag from /home/chrisfleig/.local/lib/python3.10/site-packages/airflow/example_dags/tutorial_taskflow_api.py
[2023-01-03T22:44:19.316+0100] {processor.py:753} INFO - DAG(s) dict_keys(['tutorial_taskflow_api']) retrieved from /home/chrisfleig/.local/lib/python3.10/site-packages/airflow/example_dags/tutorial_taskflow_api.py
[2023-01-03T22:44:19.336+0100] {logging_mixin.py:137} INFO - [2023-01-03T22:44:19.336+0100] {dag.py:2676} INFO - Sync 1 DAGs
[2023-01-03T22:44:19.353+0100] {logging_mixin.py:137} INFO - [2023-01-03T22:44:19.353+0100] {dag.py:3423} INFO - Setting next_dagrun for tutorial_taskflow_api to None, run_after=None
[2023-01-03T22:44:19.388+0100] {processor.py:175} INFO - Processing /home/chrisfleig/.local/lib/python3.10/site-packages/airflow/example_dags/tutorial_taskflow_api.py took 0.095 seconds
[2023-01-03T22:44:57.494+0100] {processor.py:153} INFO - Started process (PID=9352) to work on /home/chrisfleig/.local/lib/python3.10/site-packages/airflow/example_dags/tutorial_taskflow_api.py
[2023-01-03T22:44:57.495+0100] {processor.py:743} INFO - Processing file /home/chrisfleig/.local/lib/python3.10/site-packages/airflow/example_dags/tutorial_taskflow_api.py for tasks to queue
[2023-01-03T22:44:57.496+0100] {logging_mixin.py:137} INFO - [2023-01-03T22:44:57.496+0100] {dagbag.py:538} INFO - Filling up the DagBag from /home/chrisfleig/.local/lib/python3.10/site-packages/airflow/example_dags/tutorial_taskflow_api.py
[2023-01-03T22:44:57.522+0100] {processor.py:753} INFO - DAG(s) dict_keys(['tutorial_taskflow_api']) retrieved from /home/chrisfleig/.local/lib/python3.10/site-packages/airflow/example_dags/tutorial_taskflow_api.py
[2023-01-03T22:44:57.544+0100] {logging_mixin.py:137} INFO - [2023-01-03T22:44:57.544+0100] {dag.py:2676} INFO - Sync 1 DAGs
[2023-01-03T22:44:57.562+0100] {logging_mixin.py:137} INFO - [2023-01-03T22:44:57.562+0100] {dag.py:3423} INFO - Setting next_dagrun for tutorial_taskflow_api to None, run_after=None
[2023-01-03T22:44:57.599+0100] {processor.py:175} INFO - Processing /home/chrisfleig/.local/lib/python3.10/site-packages/airflow/example_dags/tutorial_taskflow_api.py took 0.108 seconds
[2023-01-03T22:45:37.632+0100] {processor.py:153} INFO - Started process (PID=9390) to work on /home/chrisfleig/.local/lib/python3.10/site-packages/airflow/example_dags/tutorial_taskflow_api.py
[2023-01-03T22:45:37.633+0100] {processor.py:743} INFO - Processing file /home/chrisfleig/.local/lib/python3.10/site-packages/airflow/example_dags/tutorial_taskflow_api.py for tasks to queue
[2023-01-03T22:45:37.633+0100] {logging_mixin.py:137} INFO - [2023-01-03T22:45:37.633+0100] {dagbag.py:538} INFO - Filling up the DagBag from /home/chrisfleig/.local/lib/python3.10/site-packages/airflow/example_dags/tutorial_taskflow_api.py
[2023-01-03T22:45:37.652+0100] {processor.py:753} INFO - DAG(s) dict_keys(['tutorial_taskflow_api']) retrieved from /home/chrisfleig/.local/lib/python3.10/site-packages/airflow/example_dags/tutorial_taskflow_api.py
[2023-01-03T22:45:37.673+0100] {logging_mixin.py:137} INFO - [2023-01-03T22:45:37.673+0100] {dag.py:2676} INFO - Sync 1 DAGs
[2023-01-03T22:45:37.690+0100] {logging_mixin.py:137} INFO - [2023-01-03T22:45:37.689+0100] {dag.py:3423} INFO - Setting next_dagrun for tutorial_taskflow_api to None, run_after=None
[2023-01-03T22:45:37.723+0100] {processor.py:175} INFO - Processing /home/chrisfleig/.local/lib/python3.10/site-packages/airflow/example_dags/tutorial_taskflow_api.py took 0.094 seconds
[2023-01-03T22:46:14.721+0100] {processor.py:153} INFO - Started process (PID=9428) to work on /home/chrisfleig/.local/lib/python3.10/site-packages/airflow/example_dags/tutorial_taskflow_api.py
[2023-01-03T22:46:14.721+0100] {processor.py:743} INFO - Processing file /home/chrisfleig/.local/lib/python3.10/site-packages/airflow/example_dags/tutorial_taskflow_api.py for tasks to queue
[2023-01-03T22:46:14.722+0100] {logging_mixin.py:137} INFO - [2023-01-03T22:46:14.722+0100] {dagbag.py:538} INFO - Filling up the DagBag from /home/chrisfleig/.local/lib/python3.10/site-packages/airflow/example_dags/tutorial_taskflow_api.py
[2023-01-03T22:46:14.741+0100] {processor.py:753} INFO - DAG(s) dict_keys(['tutorial_taskflow_api']) retrieved from /home/chrisfleig/.local/lib/python3.10/site-packages/airflow/example_dags/tutorial_taskflow_api.py
[2023-01-03T22:46:14.762+0100] {logging_mixin.py:137} INFO - [2023-01-03T22:46:14.761+0100] {dag.py:2676} INFO - Sync 1 DAGs
[2023-01-03T22:46:14.779+0100] {logging_mixin.py:137} INFO - [2023-01-03T22:46:14.779+0100] {dag.py:3423} INFO - Setting next_dagrun for tutorial_taskflow_api to None, run_after=None
[2023-01-03T22:46:14.818+0100] {processor.py:175} INFO - Processing /home/chrisfleig/.local/lib/python3.10/site-packages/airflow/example_dags/tutorial_taskflow_api.py took 0.100 seconds
[2023-01-03T22:46:51.455+0100] {processor.py:153} INFO - Started process (PID=9466) to work on /home/chrisfleig/.local/lib/python3.10/site-packages/airflow/example_dags/tutorial_taskflow_api.py
[2023-01-03T22:46:51.456+0100] {processor.py:743} INFO - Processing file /home/chrisfleig/.local/lib/python3.10/site-packages/airflow/example_dags/tutorial_taskflow_api.py for tasks to queue
[2023-01-03T22:46:51.457+0100] {logging_mixin.py:137} INFO - [2023-01-03T22:46:51.456+0100] {dagbag.py:538} INFO - Filling up the DagBag from /home/chrisfleig/.local/lib/python3.10/site-packages/airflow/example_dags/tutorial_taskflow_api.py
[2023-01-03T22:46:51.476+0100] {processor.py:753} INFO - DAG(s) dict_keys(['tutorial_taskflow_api']) retrieved from /home/chrisfleig/.local/lib/python3.10/site-packages/airflow/example_dags/tutorial_taskflow_api.py
[2023-01-03T22:46:51.498+0100] {logging_mixin.py:137} INFO - [2023-01-03T22:46:51.498+0100] {dag.py:2676} INFO - Sync 1 DAGs
[2023-01-03T22:46:51.515+0100] {logging_mixin.py:137} INFO - [2023-01-03T22:46:51.514+0100] {dag.py:3423} INFO - Setting next_dagrun for tutorial_taskflow_api to None, run_after=None
[2023-01-03T22:46:51.551+0100] {processor.py:175} INFO - Processing /home/chrisfleig/.local/lib/python3.10/site-packages/airflow/example_dags/tutorial_taskflow_api.py took 0.099 seconds
[2023-01-03T22:47:31.399+0100] {processor.py:153} INFO - Started process (PID=9504) to work on /home/chrisfleig/.local/lib/python3.10/site-packages/airflow/example_dags/tutorial_taskflow_api.py
[2023-01-03T22:47:31.400+0100] {processor.py:743} INFO - Processing file /home/chrisfleig/.local/lib/python3.10/site-packages/airflow/example_dags/tutorial_taskflow_api.py for tasks to queue
[2023-01-03T22:47:31.400+0100] {logging_mixin.py:137} INFO - [2023-01-03T22:47:31.400+0100] {dagbag.py:538} INFO - Filling up the DagBag from /home/chrisfleig/.local/lib/python3.10/site-packages/airflow/example_dags/tutorial_taskflow_api.py
[2023-01-03T22:47:31.419+0100] {processor.py:753} INFO - DAG(s) dict_keys(['tutorial_taskflow_api']) retrieved from /home/chrisfleig/.local/lib/python3.10/site-packages/airflow/example_dags/tutorial_taskflow_api.py
[2023-01-03T22:47:31.439+0100] {logging_mixin.py:137} INFO - [2023-01-03T22:47:31.439+0100] {dag.py:2676} INFO - Sync 1 DAGs
[2023-01-03T22:47:31.455+0100] {logging_mixin.py:137} INFO - [2023-01-03T22:47:31.455+0100] {dag.py:3423} INFO - Setting next_dagrun for tutorial_taskflow_api to None, run_after=None
[2023-01-03T22:47:31.490+0100] {processor.py:175} INFO - Processing /home/chrisfleig/.local/lib/python3.10/site-packages/airflow/example_dags/tutorial_taskflow_api.py took 0.093 seconds
[2023-01-03T22:48:11.065+0100] {processor.py:153} INFO - Started process (PID=9542) to work on /home/chrisfleig/.local/lib/python3.10/site-packages/airflow/example_dags/tutorial_taskflow_api.py
[2023-01-03T22:48:11.071+0100] {processor.py:743} INFO - Processing file /home/chrisfleig/.local/lib/python3.10/site-packages/airflow/example_dags/tutorial_taskflow_api.py for tasks to queue
[2023-01-03T22:48:11.072+0100] {logging_mixin.py:137} INFO - [2023-01-03T22:48:11.072+0100] {dagbag.py:538} INFO - Filling up the DagBag from /home/chrisfleig/.local/lib/python3.10/site-packages/airflow/example_dags/tutorial_taskflow_api.py
[2023-01-03T22:48:11.097+0100] {processor.py:753} INFO - DAG(s) dict_keys(['tutorial_taskflow_api']) retrieved from /home/chrisfleig/.local/lib/python3.10/site-packages/airflow/example_dags/tutorial_taskflow_api.py
[2023-01-03T22:48:11.165+0100] {logging_mixin.py:137} INFO - [2023-01-03T22:48:11.164+0100] {dag.py:2676} INFO - Sync 1 DAGs
[2023-01-03T22:48:11.208+0100] {logging_mixin.py:137} INFO - [2023-01-03T22:48:11.208+0100] {dag.py:3423} INFO - Setting next_dagrun for tutorial_taskflow_api to None, run_after=None
[2023-01-03T22:48:11.259+0100] {processor.py:175} INFO - Processing /home/chrisfleig/.local/lib/python3.10/site-packages/airflow/example_dags/tutorial_taskflow_api.py took 0.197 seconds
[2023-01-03T22:48:50.405+0100] {processor.py:153} INFO - Started process (PID=9580) to work on /home/chrisfleig/.local/lib/python3.10/site-packages/airflow/example_dags/tutorial_taskflow_api.py
[2023-01-03T22:48:50.406+0100] {processor.py:743} INFO - Processing file /home/chrisfleig/.local/lib/python3.10/site-packages/airflow/example_dags/tutorial_taskflow_api.py for tasks to queue
[2023-01-03T22:48:50.407+0100] {logging_mixin.py:137} INFO - [2023-01-03T22:48:50.407+0100] {dagbag.py:538} INFO - Filling up the DagBag from /home/chrisfleig/.local/lib/python3.10/site-packages/airflow/example_dags/tutorial_taskflow_api.py
[2023-01-03T22:48:50.440+0100] {processor.py:753} INFO - DAG(s) dict_keys(['tutorial_taskflow_api']) retrieved from /home/chrisfleig/.local/lib/python3.10/site-packages/airflow/example_dags/tutorial_taskflow_api.py
[2023-01-03T22:48:50.466+0100] {logging_mixin.py:137} INFO - [2023-01-03T22:48:50.466+0100] {dag.py:2676} INFO - Sync 1 DAGs
[2023-01-03T22:48:50.557+0100] {logging_mixin.py:137} INFO - [2023-01-03T22:48:50.557+0100] {dag.py:3423} INFO - Setting next_dagrun for tutorial_taskflow_api to None, run_after=None
[2023-01-03T22:48:50.844+0100] {processor.py:175} INFO - Processing /home/chrisfleig/.local/lib/python3.10/site-packages/airflow/example_dags/tutorial_taskflow_api.py took 0.443 seconds
[2023-01-03T22:49:32.046+0100] {processor.py:153} INFO - Started process (PID=9618) to work on /home/chrisfleig/.local/lib/python3.10/site-packages/airflow/example_dags/tutorial_taskflow_api.py
[2023-01-03T22:49:32.047+0100] {processor.py:743} INFO - Processing file /home/chrisfleig/.local/lib/python3.10/site-packages/airflow/example_dags/tutorial_taskflow_api.py for tasks to queue
[2023-01-03T22:49:32.048+0100] {logging_mixin.py:137} INFO - [2023-01-03T22:49:32.048+0100] {dagbag.py:538} INFO - Filling up the DagBag from /home/chrisfleig/.local/lib/python3.10/site-packages/airflow/example_dags/tutorial_taskflow_api.py
[2023-01-03T22:49:32.067+0100] {processor.py:753} INFO - DAG(s) dict_keys(['tutorial_taskflow_api']) retrieved from /home/chrisfleig/.local/lib/python3.10/site-packages/airflow/example_dags/tutorial_taskflow_api.py
[2023-01-03T22:49:32.094+0100] {logging_mixin.py:137} INFO - [2023-01-03T22:49:32.094+0100] {dag.py:2676} INFO - Sync 1 DAGs
[2023-01-03T22:49:32.119+0100] {logging_mixin.py:137} INFO - [2023-01-03T22:49:32.119+0100] {dag.py:3423} INFO - Setting next_dagrun for tutorial_taskflow_api to None, run_after=None
[2023-01-03T22:49:32.163+0100] {processor.py:175} INFO - Processing /home/chrisfleig/.local/lib/python3.10/site-packages/airflow/example_dags/tutorial_taskflow_api.py took 0.120 seconds
[2023-01-03T22:50:10.419+0100] {processor.py:153} INFO - Started process (PID=9656) to work on /home/chrisfleig/.local/lib/python3.10/site-packages/airflow/example_dags/tutorial_taskflow_api.py
[2023-01-03T22:50:10.420+0100] {processor.py:743} INFO - Processing file /home/chrisfleig/.local/lib/python3.10/site-packages/airflow/example_dags/tutorial_taskflow_api.py for tasks to queue
[2023-01-03T22:50:10.421+0100] {logging_mixin.py:137} INFO - [2023-01-03T22:50:10.421+0100] {dagbag.py:538} INFO - Filling up the DagBag from /home/chrisfleig/.local/lib/python3.10/site-packages/airflow/example_dags/tutorial_taskflow_api.py
[2023-01-03T22:50:10.440+0100] {processor.py:753} INFO - DAG(s) dict_keys(['tutorial_taskflow_api']) retrieved from /home/chrisfleig/.local/lib/python3.10/site-packages/airflow/example_dags/tutorial_taskflow_api.py
[2023-01-03T22:50:10.461+0100] {logging_mixin.py:137} INFO - [2023-01-03T22:50:10.461+0100] {dag.py:2676} INFO - Sync 1 DAGs
[2023-01-03T22:50:10.478+0100] {logging_mixin.py:137} INFO - [2023-01-03T22:50:10.478+0100] {dag.py:3423} INFO - Setting next_dagrun for tutorial_taskflow_api to None, run_after=None
[2023-01-03T22:50:10.514+0100] {processor.py:175} INFO - Processing /home/chrisfleig/.local/lib/python3.10/site-packages/airflow/example_dags/tutorial_taskflow_api.py took 0.097 seconds
[2023-01-03T22:50:50.429+0100] {processor.py:153} INFO - Started process (PID=9694) to work on /home/chrisfleig/.local/lib/python3.10/site-packages/airflow/example_dags/tutorial_taskflow_api.py
[2023-01-03T22:50:50.430+0100] {processor.py:743} INFO - Processing file /home/chrisfleig/.local/lib/python3.10/site-packages/airflow/example_dags/tutorial_taskflow_api.py for tasks to queue
[2023-01-03T22:50:50.431+0100] {logging_mixin.py:137} INFO - [2023-01-03T22:50:50.431+0100] {dagbag.py:538} INFO - Filling up the DagBag from /home/chrisfleig/.local/lib/python3.10/site-packages/airflow/example_dags/tutorial_taskflow_api.py
[2023-01-03T22:50:50.456+0100] {processor.py:753} INFO - DAG(s) dict_keys(['tutorial_taskflow_api']) retrieved from /home/chrisfleig/.local/lib/python3.10/site-packages/airflow/example_dags/tutorial_taskflow_api.py
[2023-01-03T22:50:50.486+0100] {logging_mixin.py:137} INFO - [2023-01-03T22:50:50.485+0100] {dag.py:2676} INFO - Sync 1 DAGs
[2023-01-03T22:50:50.505+0100] {logging_mixin.py:137} INFO - [2023-01-03T22:50:50.505+0100] {dag.py:3423} INFO - Setting next_dagrun for tutorial_taskflow_api to None, run_after=None
[2023-01-03T22:50:50.546+0100] {processor.py:175} INFO - Processing /home/chrisfleig/.local/lib/python3.10/site-packages/airflow/example_dags/tutorial_taskflow_api.py took 0.121 seconds
[2023-01-03T22:51:28.602+0100] {processor.py:153} INFO - Started process (PID=9732) to work on /home/chrisfleig/.local/lib/python3.10/site-packages/airflow/example_dags/tutorial_taskflow_api.py
[2023-01-03T22:51:28.603+0100] {processor.py:743} INFO - Processing file /home/chrisfleig/.local/lib/python3.10/site-packages/airflow/example_dags/tutorial_taskflow_api.py for tasks to queue
[2023-01-03T22:51:28.603+0100] {logging_mixin.py:137} INFO - [2023-01-03T22:51:28.603+0100] {dagbag.py:538} INFO - Filling up the DagBag from /home/chrisfleig/.local/lib/python3.10/site-packages/airflow/example_dags/tutorial_taskflow_api.py
[2023-01-03T22:51:28.626+0100] {processor.py:753} INFO - DAG(s) dict_keys(['tutorial_taskflow_api']) retrieved from /home/chrisfleig/.local/lib/python3.10/site-packages/airflow/example_dags/tutorial_taskflow_api.py
[2023-01-03T22:51:28.650+0100] {logging_mixin.py:137} INFO - [2023-01-03T22:51:28.650+0100] {dag.py:2676} INFO - Sync 1 DAGs
[2023-01-03T22:51:28.668+0100] {logging_mixin.py:137} INFO - [2023-01-03T22:51:28.668+0100] {dag.py:3423} INFO - Setting next_dagrun for tutorial_taskflow_api to None, run_after=None
[2023-01-03T22:51:28.708+0100] {processor.py:175} INFO - Processing /home/chrisfleig/.local/lib/python3.10/site-packages/airflow/example_dags/tutorial_taskflow_api.py took 0.109 seconds
[2023-01-03T22:52:08.424+0100] {processor.py:153} INFO - Started process (PID=9770) to work on /home/chrisfleig/.local/lib/python3.10/site-packages/airflow/example_dags/tutorial_taskflow_api.py
[2023-01-03T22:52:08.425+0100] {processor.py:743} INFO - Processing file /home/chrisfleig/.local/lib/python3.10/site-packages/airflow/example_dags/tutorial_taskflow_api.py for tasks to queue
[2023-01-03T22:52:08.426+0100] {logging_mixin.py:137} INFO - [2023-01-03T22:52:08.426+0100] {dagbag.py:538} INFO - Filling up the DagBag from /home/chrisfleig/.local/lib/python3.10/site-packages/airflow/example_dags/tutorial_taskflow_api.py
[2023-01-03T22:52:08.449+0100] {processor.py:753} INFO - DAG(s) dict_keys(['tutorial_taskflow_api']) retrieved from /home/chrisfleig/.local/lib/python3.10/site-packages/airflow/example_dags/tutorial_taskflow_api.py
[2023-01-03T22:52:08.474+0100] {logging_mixin.py:137} INFO - [2023-01-03T22:52:08.474+0100] {dag.py:2676} INFO - Sync 1 DAGs
[2023-01-03T22:52:08.493+0100] {logging_mixin.py:137} INFO - [2023-01-03T22:52:08.493+0100] {dag.py:3423} INFO - Setting next_dagrun for tutorial_taskflow_api to None, run_after=None
[2023-01-03T22:52:08.538+0100] {processor.py:175} INFO - Processing /home/chrisfleig/.local/lib/python3.10/site-packages/airflow/example_dags/tutorial_taskflow_api.py took 0.118 seconds
[2023-01-03T22:52:49.279+0100] {processor.py:153} INFO - Started process (PID=9808) to work on /home/chrisfleig/.local/lib/python3.10/site-packages/airflow/example_dags/tutorial_taskflow_api.py
[2023-01-03T22:52:49.280+0100] {processor.py:743} INFO - Processing file /home/chrisfleig/.local/lib/python3.10/site-packages/airflow/example_dags/tutorial_taskflow_api.py for tasks to queue
[2023-01-03T22:52:49.281+0100] {logging_mixin.py:137} INFO - [2023-01-03T22:52:49.281+0100] {dagbag.py:538} INFO - Filling up the DagBag from /home/chrisfleig/.local/lib/python3.10/site-packages/airflow/example_dags/tutorial_taskflow_api.py
[2023-01-03T22:52:49.300+0100] {processor.py:753} INFO - DAG(s) dict_keys(['tutorial_taskflow_api']) retrieved from /home/chrisfleig/.local/lib/python3.10/site-packages/airflow/example_dags/tutorial_taskflow_api.py
[2023-01-03T22:52:49.319+0100] {logging_mixin.py:137} INFO - [2023-01-03T22:52:49.319+0100] {dag.py:2676} INFO - Sync 1 DAGs
[2023-01-03T22:52:49.335+0100] {logging_mixin.py:137} INFO - [2023-01-03T22:52:49.335+0100] {dag.py:3423} INFO - Setting next_dagrun for tutorial_taskflow_api to None, run_after=None
[2023-01-03T22:52:49.376+0100] {processor.py:175} INFO - Processing /home/chrisfleig/.local/lib/python3.10/site-packages/airflow/example_dags/tutorial_taskflow_api.py took 0.100 seconds
[2023-01-03T22:53:27.998+0100] {processor.py:153} INFO - Started process (PID=9846) to work on /home/chrisfleig/.local/lib/python3.10/site-packages/airflow/example_dags/tutorial_taskflow_api.py
[2023-01-03T22:53:28.000+0100] {processor.py:743} INFO - Processing file /home/chrisfleig/.local/lib/python3.10/site-packages/airflow/example_dags/tutorial_taskflow_api.py for tasks to queue
[2023-01-03T22:53:28.000+0100] {logging_mixin.py:137} INFO - [2023-01-03T22:53:28.000+0100] {dagbag.py:538} INFO - Filling up the DagBag from /home/chrisfleig/.local/lib/python3.10/site-packages/airflow/example_dags/tutorial_taskflow_api.py
[2023-01-03T22:53:28.021+0100] {processor.py:753} INFO - DAG(s) dict_keys(['tutorial_taskflow_api']) retrieved from /home/chrisfleig/.local/lib/python3.10/site-packages/airflow/example_dags/tutorial_taskflow_api.py
[2023-01-03T22:53:28.040+0100] {logging_mixin.py:137} INFO - [2023-01-03T22:53:28.040+0100] {dag.py:2676} INFO - Sync 1 DAGs
[2023-01-03T22:53:28.057+0100] {logging_mixin.py:137} INFO - [2023-01-03T22:53:28.057+0100] {dag.py:3423} INFO - Setting next_dagrun for tutorial_taskflow_api to None, run_after=None
[2023-01-03T22:53:28.096+0100] {processor.py:175} INFO - Processing /home/chrisfleig/.local/lib/python3.10/site-packages/airflow/example_dags/tutorial_taskflow_api.py took 0.100 seconds
[2023-01-03T22:54:09.859+0100] {processor.py:153} INFO - Started process (PID=9889) to work on /home/chrisfleig/.local/lib/python3.10/site-packages/airflow/example_dags/tutorial_taskflow_api.py
[2023-01-03T22:54:09.860+0100] {processor.py:743} INFO - Processing file /home/chrisfleig/.local/lib/python3.10/site-packages/airflow/example_dags/tutorial_taskflow_api.py for tasks to queue
[2023-01-03T22:54:09.860+0100] {logging_mixin.py:137} INFO - [2023-01-03T22:54:09.860+0100] {dagbag.py:538} INFO - Filling up the DagBag from /home/chrisfleig/.local/lib/python3.10/site-packages/airflow/example_dags/tutorial_taskflow_api.py
[2023-01-03T22:54:09.879+0100] {processor.py:753} INFO - DAG(s) dict_keys(['tutorial_taskflow_api']) retrieved from /home/chrisfleig/.local/lib/python3.10/site-packages/airflow/example_dags/tutorial_taskflow_api.py
[2023-01-03T22:54:09.900+0100] {logging_mixin.py:137} INFO - [2023-01-03T22:54:09.900+0100] {dag.py:2676} INFO - Sync 1 DAGs
[2023-01-03T22:54:09.917+0100] {logging_mixin.py:137} INFO - [2023-01-03T22:54:09.917+0100] {dag.py:3423} INFO - Setting next_dagrun for tutorial_taskflow_api to None, run_after=None
[2023-01-03T22:54:10.033+0100] {processor.py:175} INFO - Processing /home/chrisfleig/.local/lib/python3.10/site-packages/airflow/example_dags/tutorial_taskflow_api.py took 0.176 seconds
[2023-01-03T22:54:52.400+0100] {processor.py:153} INFO - Started process (PID=9929) to work on /home/chrisfleig/.local/lib/python3.10/site-packages/airflow/example_dags/tutorial_taskflow_api.py
[2023-01-03T22:54:52.402+0100] {processor.py:743} INFO - Processing file /home/chrisfleig/.local/lib/python3.10/site-packages/airflow/example_dags/tutorial_taskflow_api.py for tasks to queue
[2023-01-03T22:54:52.403+0100] {logging_mixin.py:137} INFO - [2023-01-03T22:54:52.403+0100] {dagbag.py:538} INFO - Filling up the DagBag from /home/chrisfleig/.local/lib/python3.10/site-packages/airflow/example_dags/tutorial_taskflow_api.py
[2023-01-03T22:54:52.460+0100] {processor.py:753} INFO - DAG(s) dict_keys(['tutorial_taskflow_api']) retrieved from /home/chrisfleig/.local/lib/python3.10/site-packages/airflow/example_dags/tutorial_taskflow_api.py
[2023-01-03T22:54:52.516+0100] {logging_mixin.py:137} INFO - [2023-01-03T22:54:52.516+0100] {dag.py:2676} INFO - Sync 1 DAGs
[2023-01-03T22:54:52.558+0100] {logging_mixin.py:137} INFO - [2023-01-03T22:54:52.558+0100] {dag.py:3423} INFO - Setting next_dagrun for tutorial_taskflow_api to None, run_after=None
[2023-01-03T22:54:52.649+0100] {processor.py:175} INFO - Processing /home/chrisfleig/.local/lib/python3.10/site-packages/airflow/example_dags/tutorial_taskflow_api.py took 0.253 seconds
[2023-01-03T22:55:34.667+0100] {processor.py:153} INFO - Started process (PID=9967) to work on /home/chrisfleig/.local/lib/python3.10/site-packages/airflow/example_dags/tutorial_taskflow_api.py
[2023-01-03T22:55:34.668+0100] {processor.py:743} INFO - Processing file /home/chrisfleig/.local/lib/python3.10/site-packages/airflow/example_dags/tutorial_taskflow_api.py for tasks to queue
[2023-01-03T22:55:34.669+0100] {logging_mixin.py:137} INFO - [2023-01-03T22:55:34.668+0100] {dagbag.py:538} INFO - Filling up the DagBag from /home/chrisfleig/.local/lib/python3.10/site-packages/airflow/example_dags/tutorial_taskflow_api.py
[2023-01-03T22:55:34.694+0100] {processor.py:753} INFO - DAG(s) dict_keys(['tutorial_taskflow_api']) retrieved from /home/chrisfleig/.local/lib/python3.10/site-packages/airflow/example_dags/tutorial_taskflow_api.py
[2023-01-03T22:55:34.719+0100] {logging_mixin.py:137} INFO - [2023-01-03T22:55:34.719+0100] {dag.py:2676} INFO - Sync 1 DAGs
[2023-01-03T22:55:34.739+0100] {logging_mixin.py:137} INFO - [2023-01-03T22:55:34.739+0100] {dag.py:3423} INFO - Setting next_dagrun for tutorial_taskflow_api to None, run_after=None
[2023-01-03T22:55:34.794+0100] {processor.py:175} INFO - Processing /home/chrisfleig/.local/lib/python3.10/site-packages/airflow/example_dags/tutorial_taskflow_api.py took 0.131 seconds
[2023-01-03T22:56:16.653+0100] {processor.py:153} INFO - Started process (PID=10010) to work on /home/chrisfleig/.local/lib/python3.10/site-packages/airflow/example_dags/tutorial_taskflow_api.py
[2023-01-03T22:56:16.654+0100] {processor.py:743} INFO - Processing file /home/chrisfleig/.local/lib/python3.10/site-packages/airflow/example_dags/tutorial_taskflow_api.py for tasks to queue
[2023-01-03T22:56:16.655+0100] {logging_mixin.py:137} INFO - [2023-01-03T22:56:16.655+0100] {dagbag.py:538} INFO - Filling up the DagBag from /home/chrisfleig/.local/lib/python3.10/site-packages/airflow/example_dags/tutorial_taskflow_api.py
[2023-01-03T22:56:16.685+0100] {processor.py:753} INFO - DAG(s) dict_keys(['tutorial_taskflow_api']) retrieved from /home/chrisfleig/.local/lib/python3.10/site-packages/airflow/example_dags/tutorial_taskflow_api.py
[2023-01-03T22:56:16.717+0100] {logging_mixin.py:137} INFO - [2023-01-03T22:56:16.717+0100] {dag.py:2676} INFO - Sync 1 DAGs
[2023-01-03T22:56:16.739+0100] {logging_mixin.py:137} INFO - [2023-01-03T22:56:16.739+0100] {dag.py:3423} INFO - Setting next_dagrun for tutorial_taskflow_api to None, run_after=None
[2023-01-03T22:56:16.781+0100] {processor.py:175} INFO - Processing /home/chrisfleig/.local/lib/python3.10/site-packages/airflow/example_dags/tutorial_taskflow_api.py took 0.131 seconds
[2023-01-03T22:57:00.552+0100] {processor.py:153} INFO - Started process (PID=10049) to work on /home/chrisfleig/.local/lib/python3.10/site-packages/airflow/example_dags/tutorial_taskflow_api.py
[2023-01-03T22:57:00.553+0100] {processor.py:743} INFO - Processing file /home/chrisfleig/.local/lib/python3.10/site-packages/airflow/example_dags/tutorial_taskflow_api.py for tasks to queue
[2023-01-03T22:57:00.554+0100] {logging_mixin.py:137} INFO - [2023-01-03T22:57:00.554+0100] {dagbag.py:538} INFO - Filling up the DagBag from /home/chrisfleig/.local/lib/python3.10/site-packages/airflow/example_dags/tutorial_taskflow_api.py
[2023-01-03T22:57:00.578+0100] {processor.py:753} INFO - DAG(s) dict_keys(['tutorial_taskflow_api']) retrieved from /home/chrisfleig/.local/lib/python3.10/site-packages/airflow/example_dags/tutorial_taskflow_api.py
[2023-01-03T22:57:00.600+0100] {logging_mixin.py:137} INFO - [2023-01-03T22:57:00.600+0100] {dag.py:2676} INFO - Sync 1 DAGs
[2023-01-03T22:57:00.618+0100] {logging_mixin.py:137} INFO - [2023-01-03T22:57:00.618+0100] {dag.py:3423} INFO - Setting next_dagrun for tutorial_taskflow_api to None, run_after=None
[2023-01-03T22:57:00.658+0100] {processor.py:175} INFO - Processing /home/chrisfleig/.local/lib/python3.10/site-packages/airflow/example_dags/tutorial_taskflow_api.py took 0.108 seconds
