[2023-01-07T01:00:41.575+0100] {processor.py:153} INFO - Started process (PID=10941) to work on /home/chrisfleig/.local/lib/python3.10/site-packages/airflow/example_dags/plugins/workday.py
[2023-01-07T01:00:41.577+0100] {processor.py:743} INFO - Processing file /home/chrisfleig/.local/lib/python3.10/site-packages/airflow/example_dags/plugins/workday.py for tasks to queue
[2023-01-07T01:00:41.578+0100] {logging_mixin.py:137} INFO - [2023-01-07T01:00:41.578+0100] {dagbag.py:538} INFO - Filling up the DagBag from /home/chrisfleig/.local/lib/python3.10/site-packages/airflow/example_dags/plugins/workday.py
[2023-01-07T01:00:41.581+0100] {processor.py:755} WARNING - No viable dags retrieved from /home/chrisfleig/.local/lib/python3.10/site-packages/airflow/example_dags/plugins/workday.py
[2023-01-07T01:00:41.597+0100] {processor.py:175} INFO - Processing /home/chrisfleig/.local/lib/python3.10/site-packages/airflow/example_dags/plugins/workday.py took 0.027 seconds
[2023-01-07T01:01:39.435+0100] {processor.py:153} INFO - Started process (PID=10996) to work on /home/chrisfleig/.local/lib/python3.10/site-packages/airflow/example_dags/plugins/workday.py
[2023-01-07T01:01:39.436+0100] {processor.py:743} INFO - Processing file /home/chrisfleig/.local/lib/python3.10/site-packages/airflow/example_dags/plugins/workday.py for tasks to queue
[2023-01-07T01:01:39.437+0100] {logging_mixin.py:137} INFO - [2023-01-07T01:01:39.437+0100] {dagbag.py:538} INFO - Filling up the DagBag from /home/chrisfleig/.local/lib/python3.10/site-packages/airflow/example_dags/plugins/workday.py
[2023-01-07T01:01:39.438+0100] {processor.py:755} WARNING - No viable dags retrieved from /home/chrisfleig/.local/lib/python3.10/site-packages/airflow/example_dags/plugins/workday.py
[2023-01-07T01:01:39.446+0100] {processor.py:175} INFO - Processing /home/chrisfleig/.local/lib/python3.10/site-packages/airflow/example_dags/plugins/workday.py took 0.014 seconds
[2023-01-07T01:02:34.478+0100] {processor.py:153} INFO - Started process (PID=11048) to work on /home/chrisfleig/.local/lib/python3.10/site-packages/airflow/example_dags/plugins/workday.py
[2023-01-07T01:02:34.479+0100] {processor.py:743} INFO - Processing file /home/chrisfleig/.local/lib/python3.10/site-packages/airflow/example_dags/plugins/workday.py for tasks to queue
[2023-01-07T01:02:34.479+0100] {logging_mixin.py:137} INFO - [2023-01-07T01:02:34.479+0100] {dagbag.py:538} INFO - Filling up the DagBag from /home/chrisfleig/.local/lib/python3.10/site-packages/airflow/example_dags/plugins/workday.py
[2023-01-07T01:02:34.481+0100] {processor.py:755} WARNING - No viable dags retrieved from /home/chrisfleig/.local/lib/python3.10/site-packages/airflow/example_dags/plugins/workday.py
[2023-01-07T01:02:34.492+0100] {processor.py:175} INFO - Processing /home/chrisfleig/.local/lib/python3.10/site-packages/airflow/example_dags/plugins/workday.py took 0.017 seconds
[2023-01-07T01:03:30.036+0100] {processor.py:153} INFO - Started process (PID=11099) to work on /home/chrisfleig/.local/lib/python3.10/site-packages/airflow/example_dags/plugins/workday.py
[2023-01-07T01:03:30.037+0100] {processor.py:743} INFO - Processing file /home/chrisfleig/.local/lib/python3.10/site-packages/airflow/example_dags/plugins/workday.py for tasks to queue
[2023-01-07T01:03:30.038+0100] {logging_mixin.py:137} INFO - [2023-01-07T01:03:30.038+0100] {dagbag.py:538} INFO - Filling up the DagBag from /home/chrisfleig/.local/lib/python3.10/site-packages/airflow/example_dags/plugins/workday.py
[2023-01-07T01:03:30.041+0100] {processor.py:755} WARNING - No viable dags retrieved from /home/chrisfleig/.local/lib/python3.10/site-packages/airflow/example_dags/plugins/workday.py
[2023-01-07T01:03:30.051+0100] {processor.py:175} INFO - Processing /home/chrisfleig/.local/lib/python3.10/site-packages/airflow/example_dags/plugins/workday.py took 0.021 seconds
[2023-01-07T01:04:29.650+0100] {processor.py:153} INFO - Started process (PID=11154) to work on /home/chrisfleig/.local/lib/python3.10/site-packages/airflow/example_dags/plugins/workday.py
[2023-01-07T01:04:29.687+0100] {processor.py:743} INFO - Processing file /home/chrisfleig/.local/lib/python3.10/site-packages/airflow/example_dags/plugins/workday.py for tasks to queue
[2023-01-07T01:04:29.688+0100] {logging_mixin.py:137} INFO - [2023-01-07T01:04:29.687+0100] {dagbag.py:538} INFO - Filling up the DagBag from /home/chrisfleig/.local/lib/python3.10/site-packages/airflow/example_dags/plugins/workday.py
[2023-01-07T01:04:29.690+0100] {processor.py:755} WARNING - No viable dags retrieved from /home/chrisfleig/.local/lib/python3.10/site-packages/airflow/example_dags/plugins/workday.py
[2023-01-07T01:04:29.726+0100] {processor.py:175} INFO - Processing /home/chrisfleig/.local/lib/python3.10/site-packages/airflow/example_dags/plugins/workday.py took 0.097 seconds
[2023-01-07T01:05:16.006+0100] {processor.py:153} INFO - Started process (PID=11200) to work on /home/chrisfleig/.local/lib/python3.10/site-packages/airflow/example_dags/plugins/workday.py
[2023-01-07T01:05:16.008+0100] {processor.py:743} INFO - Processing file /home/chrisfleig/.local/lib/python3.10/site-packages/airflow/example_dags/plugins/workday.py for tasks to queue
[2023-01-07T01:05:16.009+0100] {logging_mixin.py:137} INFO - [2023-01-07T01:05:16.009+0100] {dagbag.py:538} INFO - Filling up the DagBag from /home/chrisfleig/.local/lib/python3.10/site-packages/airflow/example_dags/plugins/workday.py
[2023-01-07T01:05:16.011+0100] {processor.py:755} WARNING - No viable dags retrieved from /home/chrisfleig/.local/lib/python3.10/site-packages/airflow/example_dags/plugins/workday.py
[2023-01-07T01:05:16.020+0100] {processor.py:175} INFO - Processing /home/chrisfleig/.local/lib/python3.10/site-packages/airflow/example_dags/plugins/workday.py took 0.017 seconds
[2023-01-07T01:06:07.909+0100] {processor.py:153} INFO - Started process (PID=11248) to work on /home/chrisfleig/.local/lib/python3.10/site-packages/airflow/example_dags/plugins/workday.py
[2023-01-07T01:06:07.910+0100] {processor.py:743} INFO - Processing file /home/chrisfleig/.local/lib/python3.10/site-packages/airflow/example_dags/plugins/workday.py for tasks to queue
[2023-01-07T01:06:07.911+0100] {logging_mixin.py:137} INFO - [2023-01-07T01:06:07.911+0100] {dagbag.py:538} INFO - Filling up the DagBag from /home/chrisfleig/.local/lib/python3.10/site-packages/airflow/example_dags/plugins/workday.py
[2023-01-07T01:06:07.912+0100] {processor.py:755} WARNING - No viable dags retrieved from /home/chrisfleig/.local/lib/python3.10/site-packages/airflow/example_dags/plugins/workday.py
[2023-01-07T01:06:07.922+0100] {processor.py:175} INFO - Processing /home/chrisfleig/.local/lib/python3.10/site-packages/airflow/example_dags/plugins/workday.py took 0.016 seconds
[2023-01-07T01:06:59.398+0100] {processor.py:153} INFO - Started process (PID=11299) to work on /home/chrisfleig/.local/lib/python3.10/site-packages/airflow/example_dags/plugins/workday.py
[2023-01-07T01:06:59.399+0100] {processor.py:743} INFO - Processing file /home/chrisfleig/.local/lib/python3.10/site-packages/airflow/example_dags/plugins/workday.py for tasks to queue
[2023-01-07T01:06:59.400+0100] {logging_mixin.py:137} INFO - [2023-01-07T01:06:59.400+0100] {dagbag.py:538} INFO - Filling up the DagBag from /home/chrisfleig/.local/lib/python3.10/site-packages/airflow/example_dags/plugins/workday.py
[2023-01-07T01:06:59.402+0100] {processor.py:755} WARNING - No viable dags retrieved from /home/chrisfleig/.local/lib/python3.10/site-packages/airflow/example_dags/plugins/workday.py
[2023-01-07T01:06:59.410+0100] {processor.py:175} INFO - Processing /home/chrisfleig/.local/lib/python3.10/site-packages/airflow/example_dags/plugins/workday.py took 0.016 seconds
[2023-01-07T01:07:51.631+0100] {processor.py:153} INFO - Started process (PID=11347) to work on /home/chrisfleig/.local/lib/python3.10/site-packages/airflow/example_dags/plugins/workday.py
[2023-01-07T01:07:51.634+0100] {processor.py:743} INFO - Processing file /home/chrisfleig/.local/lib/python3.10/site-packages/airflow/example_dags/plugins/workday.py for tasks to queue
[2023-01-07T01:07:51.637+0100] {logging_mixin.py:137} INFO - [2023-01-07T01:07:51.636+0100] {dagbag.py:538} INFO - Filling up the DagBag from /home/chrisfleig/.local/lib/python3.10/site-packages/airflow/example_dags/plugins/workday.py
[2023-01-07T01:07:51.640+0100] {processor.py:755} WARNING - No viable dags retrieved from /home/chrisfleig/.local/lib/python3.10/site-packages/airflow/example_dags/plugins/workday.py
[2023-01-07T01:07:51.658+0100] {processor.py:175} INFO - Processing /home/chrisfleig/.local/lib/python3.10/site-packages/airflow/example_dags/plugins/workday.py took 0.040 seconds
[2023-01-07T01:08:57.871+0100] {processor.py:153} INFO - Started process (PID=11404) to work on /home/chrisfleig/.local/lib/python3.10/site-packages/airflow/example_dags/plugins/workday.py
[2023-01-07T01:08:57.872+0100] {processor.py:743} INFO - Processing file /home/chrisfleig/.local/lib/python3.10/site-packages/airflow/example_dags/plugins/workday.py for tasks to queue
[2023-01-07T01:08:57.873+0100] {logging_mixin.py:137} INFO - [2023-01-07T01:08:57.873+0100] {dagbag.py:538} INFO - Filling up the DagBag from /home/chrisfleig/.local/lib/python3.10/site-packages/airflow/example_dags/plugins/workday.py
[2023-01-07T01:08:57.875+0100] {processor.py:755} WARNING - No viable dags retrieved from /home/chrisfleig/.local/lib/python3.10/site-packages/airflow/example_dags/plugins/workday.py
[2023-01-07T01:08:57.885+0100] {processor.py:175} INFO - Processing /home/chrisfleig/.local/lib/python3.10/site-packages/airflow/example_dags/plugins/workday.py took 0.018 seconds
[2023-01-07T01:10:02.939+0100] {processor.py:153} INFO - Started process (PID=11467) to work on /home/chrisfleig/.local/lib/python3.10/site-packages/airflow/example_dags/plugins/workday.py
[2023-01-07T01:10:02.943+0100] {processor.py:743} INFO - Processing file /home/chrisfleig/.local/lib/python3.10/site-packages/airflow/example_dags/plugins/workday.py for tasks to queue
[2023-01-07T01:10:02.946+0100] {logging_mixin.py:137} INFO - [2023-01-07T01:10:02.946+0100] {dagbag.py:538} INFO - Filling up the DagBag from /home/chrisfleig/.local/lib/python3.10/site-packages/airflow/example_dags/plugins/workday.py
[2023-01-07T01:10:02.948+0100] {processor.py:755} WARNING - No viable dags retrieved from /home/chrisfleig/.local/lib/python3.10/site-packages/airflow/example_dags/plugins/workday.py
[2023-01-07T01:10:02.977+0100] {processor.py:175} INFO - Processing /home/chrisfleig/.local/lib/python3.10/site-packages/airflow/example_dags/plugins/workday.py took 0.042 seconds
[2023-01-07T01:11:03.560+0100] {processor.py:153} INFO - Started process (PID=11524) to work on /home/chrisfleig/.local/lib/python3.10/site-packages/airflow/example_dags/plugins/workday.py
[2023-01-07T01:11:03.561+0100] {processor.py:743} INFO - Processing file /home/chrisfleig/.local/lib/python3.10/site-packages/airflow/example_dags/plugins/workday.py for tasks to queue
[2023-01-07T01:11:03.561+0100] {logging_mixin.py:137} INFO - [2023-01-07T01:11:03.561+0100] {dagbag.py:538} INFO - Filling up the DagBag from /home/chrisfleig/.local/lib/python3.10/site-packages/airflow/example_dags/plugins/workday.py
[2023-01-07T01:11:03.563+0100] {processor.py:755} WARNING - No viable dags retrieved from /home/chrisfleig/.local/lib/python3.10/site-packages/airflow/example_dags/plugins/workday.py
[2023-01-07T01:11:03.571+0100] {processor.py:175} INFO - Processing /home/chrisfleig/.local/lib/python3.10/site-packages/airflow/example_dags/plugins/workday.py took 0.014 seconds
[2023-01-07T01:12:02.071+0100] {processor.py:153} INFO - Started process (PID=11579) to work on /home/chrisfleig/.local/lib/python3.10/site-packages/airflow/example_dags/plugins/workday.py
[2023-01-07T01:12:02.072+0100] {processor.py:743} INFO - Processing file /home/chrisfleig/.local/lib/python3.10/site-packages/airflow/example_dags/plugins/workday.py for tasks to queue
[2023-01-07T01:12:02.073+0100] {logging_mixin.py:137} INFO - [2023-01-07T01:12:02.073+0100] {dagbag.py:538} INFO - Filling up the DagBag from /home/chrisfleig/.local/lib/python3.10/site-packages/airflow/example_dags/plugins/workday.py
[2023-01-07T01:12:02.075+0100] {processor.py:755} WARNING - No viable dags retrieved from /home/chrisfleig/.local/lib/python3.10/site-packages/airflow/example_dags/plugins/workday.py
[2023-01-07T01:12:02.084+0100] {processor.py:175} INFO - Processing /home/chrisfleig/.local/lib/python3.10/site-packages/airflow/example_dags/plugins/workday.py took 0.016 seconds
[2023-01-07T01:13:04.802+0100] {processor.py:153} INFO - Started process (PID=11643) to work on /home/chrisfleig/.local/lib/python3.10/site-packages/airflow/example_dags/plugins/workday.py
[2023-01-07T01:13:04.804+0100] {processor.py:743} INFO - Processing file /home/chrisfleig/.local/lib/python3.10/site-packages/airflow/example_dags/plugins/workday.py for tasks to queue
[2023-01-07T01:13:04.805+0100] {logging_mixin.py:137} INFO - [2023-01-07T01:13:04.804+0100] {dagbag.py:538} INFO - Filling up the DagBag from /home/chrisfleig/.local/lib/python3.10/site-packages/airflow/example_dags/plugins/workday.py
[2023-01-07T01:13:04.806+0100] {processor.py:755} WARNING - No viable dags retrieved from /home/chrisfleig/.local/lib/python3.10/site-packages/airflow/example_dags/plugins/workday.py
[2023-01-07T01:13:04.817+0100] {processor.py:175} INFO - Processing /home/chrisfleig/.local/lib/python3.10/site-packages/airflow/example_dags/plugins/workday.py took 0.018 seconds
[2023-01-07T01:14:13.469+0100] {processor.py:153} INFO - Started process (PID=11705) to work on /home/chrisfleig/.local/lib/python3.10/site-packages/airflow/example_dags/plugins/workday.py
[2023-01-07T01:14:13.471+0100] {processor.py:743} INFO - Processing file /home/chrisfleig/.local/lib/python3.10/site-packages/airflow/example_dags/plugins/workday.py for tasks to queue
[2023-01-07T01:14:13.471+0100] {logging_mixin.py:137} INFO - [2023-01-07T01:14:13.471+0100] {dagbag.py:538} INFO - Filling up the DagBag from /home/chrisfleig/.local/lib/python3.10/site-packages/airflow/example_dags/plugins/workday.py
[2023-01-07T01:14:13.473+0100] {processor.py:755} WARNING - No viable dags retrieved from /home/chrisfleig/.local/lib/python3.10/site-packages/airflow/example_dags/plugins/workday.py
[2023-01-07T01:14:13.481+0100] {processor.py:175} INFO - Processing /home/chrisfleig/.local/lib/python3.10/site-packages/airflow/example_dags/plugins/workday.py took 0.016 seconds
[2023-01-07T01:15:23.701+0100] {processor.py:153} INFO - Started process (PID=11769) to work on /home/chrisfleig/.local/lib/python3.10/site-packages/airflow/example_dags/plugins/workday.py
[2023-01-07T01:15:23.703+0100] {processor.py:743} INFO - Processing file /home/chrisfleig/.local/lib/python3.10/site-packages/airflow/example_dags/plugins/workday.py for tasks to queue
[2023-01-07T01:15:23.704+0100] {logging_mixin.py:137} INFO - [2023-01-07T01:15:23.704+0100] {dagbag.py:538} INFO - Filling up the DagBag from /home/chrisfleig/.local/lib/python3.10/site-packages/airflow/example_dags/plugins/workday.py
[2023-01-07T01:15:23.706+0100] {processor.py:755} WARNING - No viable dags retrieved from /home/chrisfleig/.local/lib/python3.10/site-packages/airflow/example_dags/plugins/workday.py
[2023-01-07T01:15:23.718+0100] {processor.py:175} INFO - Processing /home/chrisfleig/.local/lib/python3.10/site-packages/airflow/example_dags/plugins/workday.py took 0.021 seconds
[2023-01-07T01:16:21.037+0100] {processor.py:153} INFO - Started process (PID=11828) to work on /home/chrisfleig/.local/lib/python3.10/site-packages/airflow/example_dags/plugins/workday.py
[2023-01-07T01:16:21.038+0100] {processor.py:743} INFO - Processing file /home/chrisfleig/.local/lib/python3.10/site-packages/airflow/example_dags/plugins/workday.py for tasks to queue
[2023-01-07T01:16:21.038+0100] {logging_mixin.py:137} INFO - [2023-01-07T01:16:21.038+0100] {dagbag.py:538} INFO - Filling up the DagBag from /home/chrisfleig/.local/lib/python3.10/site-packages/airflow/example_dags/plugins/workday.py
[2023-01-07T01:16:21.044+0100] {processor.py:755} WARNING - No viable dags retrieved from /home/chrisfleig/.local/lib/python3.10/site-packages/airflow/example_dags/plugins/workday.py
[2023-01-07T01:16:21.066+0100] {processor.py:175} INFO - Processing /home/chrisfleig/.local/lib/python3.10/site-packages/airflow/example_dags/plugins/workday.py took 0.032 seconds
[2023-01-07T01:17:26.053+0100] {processor.py:153} INFO - Started process (PID=11894) to work on /home/chrisfleig/.local/lib/python3.10/site-packages/airflow/example_dags/plugins/workday.py
[2023-01-07T01:17:26.066+0100] {processor.py:743} INFO - Processing file /home/chrisfleig/.local/lib/python3.10/site-packages/airflow/example_dags/plugins/workday.py for tasks to queue
[2023-01-07T01:17:26.068+0100] {logging_mixin.py:137} INFO - [2023-01-07T01:17:26.067+0100] {dagbag.py:538} INFO - Filling up the DagBag from /home/chrisfleig/.local/lib/python3.10/site-packages/airflow/example_dags/plugins/workday.py
[2023-01-07T01:17:26.070+0100] {processor.py:755} WARNING - No viable dags retrieved from /home/chrisfleig/.local/lib/python3.10/site-packages/airflow/example_dags/plugins/workday.py
[2023-01-07T01:17:26.097+0100] {processor.py:175} INFO - Processing /home/chrisfleig/.local/lib/python3.10/site-packages/airflow/example_dags/plugins/workday.py took 0.047 seconds
[2023-01-07T01:18:36.445+0100] {processor.py:153} INFO - Started process (PID=11954) to work on /home/chrisfleig/.local/lib/python3.10/site-packages/airflow/example_dags/plugins/workday.py
[2023-01-07T01:18:36.446+0100] {processor.py:743} INFO - Processing file /home/chrisfleig/.local/lib/python3.10/site-packages/airflow/example_dags/plugins/workday.py for tasks to queue
[2023-01-07T01:18:36.447+0100] {logging_mixin.py:137} INFO - [2023-01-07T01:18:36.447+0100] {dagbag.py:538} INFO - Filling up the DagBag from /home/chrisfleig/.local/lib/python3.10/site-packages/airflow/example_dags/plugins/workday.py
[2023-01-07T01:18:36.449+0100] {processor.py:755} WARNING - No viable dags retrieved from /home/chrisfleig/.local/lib/python3.10/site-packages/airflow/example_dags/plugins/workday.py
[2023-01-07T01:18:36.457+0100] {processor.py:175} INFO - Processing /home/chrisfleig/.local/lib/python3.10/site-packages/airflow/example_dags/plugins/workday.py took 0.016 seconds
[2023-01-07T01:19:55.587+0100] {processor.py:153} INFO - Started process (PID=12019) to work on /home/chrisfleig/.local/lib/python3.10/site-packages/airflow/example_dags/plugins/workday.py
[2023-01-07T01:19:55.588+0100] {processor.py:743} INFO - Processing file /home/chrisfleig/.local/lib/python3.10/site-packages/airflow/example_dags/plugins/workday.py for tasks to queue
[2023-01-07T01:19:55.589+0100] {logging_mixin.py:137} INFO - [2023-01-07T01:19:55.589+0100] {dagbag.py:538} INFO - Filling up the DagBag from /home/chrisfleig/.local/lib/python3.10/site-packages/airflow/example_dags/plugins/workday.py
[2023-01-07T01:19:55.591+0100] {processor.py:755} WARNING - No viable dags retrieved from /home/chrisfleig/.local/lib/python3.10/site-packages/airflow/example_dags/plugins/workday.py
[2023-01-07T01:19:55.600+0100] {processor.py:175} INFO - Processing /home/chrisfleig/.local/lib/python3.10/site-packages/airflow/example_dags/plugins/workday.py took 0.018 seconds
[2023-01-07T01:20:58.719+0100] {processor.py:153} INFO - Started process (PID=12079) to work on /home/chrisfleig/.local/lib/python3.10/site-packages/airflow/example_dags/plugins/workday.py
[2023-01-07T01:20:58.721+0100] {processor.py:743} INFO - Processing file /home/chrisfleig/.local/lib/python3.10/site-packages/airflow/example_dags/plugins/workday.py for tasks to queue
[2023-01-07T01:20:58.722+0100] {logging_mixin.py:137} INFO - [2023-01-07T01:20:58.722+0100] {dagbag.py:538} INFO - Filling up the DagBag from /home/chrisfleig/.local/lib/python3.10/site-packages/airflow/example_dags/plugins/workday.py
[2023-01-07T01:20:58.725+0100] {processor.py:755} WARNING - No viable dags retrieved from /home/chrisfleig/.local/lib/python3.10/site-packages/airflow/example_dags/plugins/workday.py
[2023-01-07T01:20:58.739+0100] {processor.py:175} INFO - Processing /home/chrisfleig/.local/lib/python3.10/site-packages/airflow/example_dags/plugins/workday.py took 0.028 seconds
[2023-01-07T01:21:56.187+0100] {processor.py:153} INFO - Started process (PID=12135) to work on /home/chrisfleig/.local/lib/python3.10/site-packages/airflow/example_dags/plugins/workday.py
[2023-01-07T01:21:56.189+0100] {processor.py:743} INFO - Processing file /home/chrisfleig/.local/lib/python3.10/site-packages/airflow/example_dags/plugins/workday.py for tasks to queue
[2023-01-07T01:21:56.189+0100] {logging_mixin.py:137} INFO - [2023-01-07T01:21:56.189+0100] {dagbag.py:538} INFO - Filling up the DagBag from /home/chrisfleig/.local/lib/python3.10/site-packages/airflow/example_dags/plugins/workday.py
[2023-01-07T01:21:56.191+0100] {processor.py:755} WARNING - No viable dags retrieved from /home/chrisfleig/.local/lib/python3.10/site-packages/airflow/example_dags/plugins/workday.py
[2023-01-07T01:21:56.200+0100] {processor.py:175} INFO - Processing /home/chrisfleig/.local/lib/python3.10/site-packages/airflow/example_dags/plugins/workday.py took 0.016 seconds
[2023-01-07T01:23:00.740+0100] {processor.py:153} INFO - Started process (PID=12193) to work on /home/chrisfleig/.local/lib/python3.10/site-packages/airflow/example_dags/plugins/workday.py
[2023-01-07T01:23:00.741+0100] {processor.py:743} INFO - Processing file /home/chrisfleig/.local/lib/python3.10/site-packages/airflow/example_dags/plugins/workday.py for tasks to queue
[2023-01-07T01:23:00.742+0100] {logging_mixin.py:137} INFO - [2023-01-07T01:23:00.742+0100] {dagbag.py:538} INFO - Filling up the DagBag from /home/chrisfleig/.local/lib/python3.10/site-packages/airflow/example_dags/plugins/workday.py
[2023-01-07T01:23:00.743+0100] {processor.py:755} WARNING - No viable dags retrieved from /home/chrisfleig/.local/lib/python3.10/site-packages/airflow/example_dags/plugins/workday.py
[2023-01-07T01:23:00.752+0100] {processor.py:175} INFO - Processing /home/chrisfleig/.local/lib/python3.10/site-packages/airflow/example_dags/plugins/workday.py took 0.014 seconds
[2023-01-07T01:24:02.266+0100] {processor.py:153} INFO - Started process (PID=12252) to work on /home/chrisfleig/.local/lib/python3.10/site-packages/airflow/example_dags/plugins/workday.py
[2023-01-07T01:24:02.268+0100] {processor.py:743} INFO - Processing file /home/chrisfleig/.local/lib/python3.10/site-packages/airflow/example_dags/plugins/workday.py for tasks to queue
[2023-01-07T01:24:02.268+0100] {logging_mixin.py:137} INFO - [2023-01-07T01:24:02.268+0100] {dagbag.py:538} INFO - Filling up the DagBag from /home/chrisfleig/.local/lib/python3.10/site-packages/airflow/example_dags/plugins/workday.py
[2023-01-07T01:24:02.270+0100] {processor.py:755} WARNING - No viable dags retrieved from /home/chrisfleig/.local/lib/python3.10/site-packages/airflow/example_dags/plugins/workday.py
[2023-01-07T01:24:02.278+0100] {processor.py:175} INFO - Processing /home/chrisfleig/.local/lib/python3.10/site-packages/airflow/example_dags/plugins/workday.py took 0.015 seconds
[2023-01-07T01:25:09.138+0100] {processor.py:153} INFO - Started process (PID=12310) to work on /home/chrisfleig/.local/lib/python3.10/site-packages/airflow/example_dags/plugins/workday.py
[2023-01-07T01:25:09.139+0100] {processor.py:743} INFO - Processing file /home/chrisfleig/.local/lib/python3.10/site-packages/airflow/example_dags/plugins/workday.py for tasks to queue
[2023-01-07T01:25:09.140+0100] {logging_mixin.py:137} INFO - [2023-01-07T01:25:09.140+0100] {dagbag.py:538} INFO - Filling up the DagBag from /home/chrisfleig/.local/lib/python3.10/site-packages/airflow/example_dags/plugins/workday.py
[2023-01-07T01:25:09.142+0100] {processor.py:755} WARNING - No viable dags retrieved from /home/chrisfleig/.local/lib/python3.10/site-packages/airflow/example_dags/plugins/workday.py
[2023-01-07T01:25:09.150+0100] {processor.py:175} INFO - Processing /home/chrisfleig/.local/lib/python3.10/site-packages/airflow/example_dags/plugins/workday.py took 0.016 seconds
[2023-01-07T01:26:13.564+0100] {processor.py:153} INFO - Started process (PID=12370) to work on /home/chrisfleig/.local/lib/python3.10/site-packages/airflow/example_dags/plugins/workday.py
[2023-01-07T01:26:13.565+0100] {processor.py:743} INFO - Processing file /home/chrisfleig/.local/lib/python3.10/site-packages/airflow/example_dags/plugins/workday.py for tasks to queue
[2023-01-07T01:26:13.566+0100] {logging_mixin.py:137} INFO - [2023-01-07T01:26:13.566+0100] {dagbag.py:538} INFO - Filling up the DagBag from /home/chrisfleig/.local/lib/python3.10/site-packages/airflow/example_dags/plugins/workday.py
[2023-01-07T01:26:13.568+0100] {processor.py:755} WARNING - No viable dags retrieved from /home/chrisfleig/.local/lib/python3.10/site-packages/airflow/example_dags/plugins/workday.py
[2023-01-07T01:26:13.577+0100] {processor.py:175} INFO - Processing /home/chrisfleig/.local/lib/python3.10/site-packages/airflow/example_dags/plugins/workday.py took 0.015 seconds
[2023-01-07T01:27:16.211+0100] {processor.py:153} INFO - Started process (PID=12428) to work on /home/chrisfleig/.local/lib/python3.10/site-packages/airflow/example_dags/plugins/workday.py
[2023-01-07T01:27:16.212+0100] {processor.py:743} INFO - Processing file /home/chrisfleig/.local/lib/python3.10/site-packages/airflow/example_dags/plugins/workday.py for tasks to queue
[2023-01-07T01:27:16.213+0100] {logging_mixin.py:137} INFO - [2023-01-07T01:27:16.213+0100] {dagbag.py:538} INFO - Filling up the DagBag from /home/chrisfleig/.local/lib/python3.10/site-packages/airflow/example_dags/plugins/workday.py
[2023-01-07T01:27:16.215+0100] {processor.py:755} WARNING - No viable dags retrieved from /home/chrisfleig/.local/lib/python3.10/site-packages/airflow/example_dags/plugins/workday.py
[2023-01-07T01:27:16.226+0100] {processor.py:175} INFO - Processing /home/chrisfleig/.local/lib/python3.10/site-packages/airflow/example_dags/plugins/workday.py took 0.018 seconds
[2023-01-07T01:28:19.048+0100] {processor.py:153} INFO - Started process (PID=12489) to work on /home/chrisfleig/.local/lib/python3.10/site-packages/airflow/example_dags/plugins/workday.py
[2023-01-07T01:28:19.050+0100] {processor.py:743} INFO - Processing file /home/chrisfleig/.local/lib/python3.10/site-packages/airflow/example_dags/plugins/workday.py for tasks to queue
[2023-01-07T01:28:19.051+0100] {logging_mixin.py:137} INFO - [2023-01-07T01:28:19.050+0100] {dagbag.py:538} INFO - Filling up the DagBag from /home/chrisfleig/.local/lib/python3.10/site-packages/airflow/example_dags/plugins/workday.py
[2023-01-07T01:28:19.053+0100] {processor.py:755} WARNING - No viable dags retrieved from /home/chrisfleig/.local/lib/python3.10/site-packages/airflow/example_dags/plugins/workday.py
[2023-01-07T01:28:19.061+0100] {processor.py:175} INFO - Processing /home/chrisfleig/.local/lib/python3.10/site-packages/airflow/example_dags/plugins/workday.py took 0.016 seconds
[2023-01-07T01:29:23.494+0100] {processor.py:153} INFO - Started process (PID=12649) to work on /home/chrisfleig/.local/lib/python3.10/site-packages/airflow/example_dags/plugins/workday.py
[2023-01-07T01:29:23.496+0100] {processor.py:743} INFO - Processing file /home/chrisfleig/.local/lib/python3.10/site-packages/airflow/example_dags/plugins/workday.py for tasks to queue
[2023-01-07T01:29:23.498+0100] {logging_mixin.py:137} INFO - [2023-01-07T01:29:23.498+0100] {dagbag.py:538} INFO - Filling up the DagBag from /home/chrisfleig/.local/lib/python3.10/site-packages/airflow/example_dags/plugins/workday.py
[2023-01-07T01:29:23.500+0100] {processor.py:755} WARNING - No viable dags retrieved from /home/chrisfleig/.local/lib/python3.10/site-packages/airflow/example_dags/plugins/workday.py
[2023-01-07T01:29:23.513+0100] {processor.py:175} INFO - Processing /home/chrisfleig/.local/lib/python3.10/site-packages/airflow/example_dags/plugins/workday.py took 0.024 seconds
[2023-01-07T01:30:26.736+0100] {processor.py:153} INFO - Started process (PID=12724) to work on /home/chrisfleig/.local/lib/python3.10/site-packages/airflow/example_dags/plugins/workday.py
[2023-01-07T01:30:26.737+0100] {processor.py:743} INFO - Processing file /home/chrisfleig/.local/lib/python3.10/site-packages/airflow/example_dags/plugins/workday.py for tasks to queue
[2023-01-07T01:30:26.738+0100] {logging_mixin.py:137} INFO - [2023-01-07T01:30:26.738+0100] {dagbag.py:538} INFO - Filling up the DagBag from /home/chrisfleig/.local/lib/python3.10/site-packages/airflow/example_dags/plugins/workday.py
[2023-01-07T01:30:26.740+0100] {processor.py:755} WARNING - No viable dags retrieved from /home/chrisfleig/.local/lib/python3.10/site-packages/airflow/example_dags/plugins/workday.py
[2023-01-07T01:30:26.749+0100] {processor.py:175} INFO - Processing /home/chrisfleig/.local/lib/python3.10/site-packages/airflow/example_dags/plugins/workday.py took 0.019 seconds
[2023-01-07T01:31:21.986+0100] {processor.py:153} INFO - Started process (PID=12776) to work on /home/chrisfleig/.local/lib/python3.10/site-packages/airflow/example_dags/plugins/workday.py
[2023-01-07T01:31:21.988+0100] {processor.py:743} INFO - Processing file /home/chrisfleig/.local/lib/python3.10/site-packages/airflow/example_dags/plugins/workday.py for tasks to queue
[2023-01-07T01:31:21.989+0100] {logging_mixin.py:137} INFO - [2023-01-07T01:31:21.989+0100] {dagbag.py:538} INFO - Filling up the DagBag from /home/chrisfleig/.local/lib/python3.10/site-packages/airflow/example_dags/plugins/workday.py
[2023-01-07T01:31:21.991+0100] {processor.py:755} WARNING - No viable dags retrieved from /home/chrisfleig/.local/lib/python3.10/site-packages/airflow/example_dags/plugins/workday.py
[2023-01-07T01:31:22.000+0100] {processor.py:175} INFO - Processing /home/chrisfleig/.local/lib/python3.10/site-packages/airflow/example_dags/plugins/workday.py took 0.018 seconds
[2023-01-07T01:32:22.367+0100] {processor.py:153} INFO - Started process (PID=12833) to work on /home/chrisfleig/.local/lib/python3.10/site-packages/airflow/example_dags/plugins/workday.py
[2023-01-07T01:32:22.368+0100] {processor.py:743} INFO - Processing file /home/chrisfleig/.local/lib/python3.10/site-packages/airflow/example_dags/plugins/workday.py for tasks to queue
[2023-01-07T01:32:22.369+0100] {logging_mixin.py:137} INFO - [2023-01-07T01:32:22.369+0100] {dagbag.py:538} INFO - Filling up the DagBag from /home/chrisfleig/.local/lib/python3.10/site-packages/airflow/example_dags/plugins/workday.py
[2023-01-07T01:32:22.370+0100] {processor.py:755} WARNING - No viable dags retrieved from /home/chrisfleig/.local/lib/python3.10/site-packages/airflow/example_dags/plugins/workday.py
[2023-01-07T01:32:22.379+0100] {processor.py:175} INFO - Processing /home/chrisfleig/.local/lib/python3.10/site-packages/airflow/example_dags/plugins/workday.py took 0.016 seconds
[2023-01-07T01:33:26.489+0100] {processor.py:153} INFO - Started process (PID=12889) to work on /home/chrisfleig/.local/lib/python3.10/site-packages/airflow/example_dags/plugins/workday.py
[2023-01-07T01:33:26.491+0100] {processor.py:743} INFO - Processing file /home/chrisfleig/.local/lib/python3.10/site-packages/airflow/example_dags/plugins/workday.py for tasks to queue
[2023-01-07T01:33:26.492+0100] {logging_mixin.py:137} INFO - [2023-01-07T01:33:26.492+0100] {dagbag.py:538} INFO - Filling up the DagBag from /home/chrisfleig/.local/lib/python3.10/site-packages/airflow/example_dags/plugins/workday.py
[2023-01-07T01:33:26.494+0100] {processor.py:755} WARNING - No viable dags retrieved from /home/chrisfleig/.local/lib/python3.10/site-packages/airflow/example_dags/plugins/workday.py
[2023-01-07T01:33:26.503+0100] {processor.py:175} INFO - Processing /home/chrisfleig/.local/lib/python3.10/site-packages/airflow/example_dags/plugins/workday.py took 0.017 seconds
[2023-01-07T01:34:54.813+0100] {processor.py:153} INFO - Started process (PID=12959) to work on /home/chrisfleig/.local/lib/python3.10/site-packages/airflow/example_dags/plugins/workday.py
[2023-01-07T01:34:54.819+0100] {processor.py:743} INFO - Processing file /home/chrisfleig/.local/lib/python3.10/site-packages/airflow/example_dags/plugins/workday.py for tasks to queue
[2023-01-07T01:34:54.819+0100] {logging_mixin.py:137} INFO - [2023-01-07T01:34:54.819+0100] {dagbag.py:538} INFO - Filling up the DagBag from /home/chrisfleig/.local/lib/python3.10/site-packages/airflow/example_dags/plugins/workday.py
[2023-01-07T01:34:54.821+0100] {processor.py:755} WARNING - No viable dags retrieved from /home/chrisfleig/.local/lib/python3.10/site-packages/airflow/example_dags/plugins/workday.py
[2023-01-07T01:34:54.829+0100] {processor.py:175} INFO - Processing /home/chrisfleig/.local/lib/python3.10/site-packages/airflow/example_dags/plugins/workday.py took 0.019 seconds
[2023-01-07T01:36:02.818+0100] {processor.py:153} INFO - Started process (PID=13022) to work on /home/chrisfleig/.local/lib/python3.10/site-packages/airflow/example_dags/plugins/workday.py
[2023-01-07T01:36:02.821+0100] {processor.py:743} INFO - Processing file /home/chrisfleig/.local/lib/python3.10/site-packages/airflow/example_dags/plugins/workday.py for tasks to queue
[2023-01-07T01:36:02.823+0100] {logging_mixin.py:137} INFO - [2023-01-07T01:36:02.822+0100] {dagbag.py:538} INFO - Filling up the DagBag from /home/chrisfleig/.local/lib/python3.10/site-packages/airflow/example_dags/plugins/workday.py
[2023-01-07T01:36:02.825+0100] {processor.py:755} WARNING - No viable dags retrieved from /home/chrisfleig/.local/lib/python3.10/site-packages/airflow/example_dags/plugins/workday.py
[2023-01-07T01:36:02.837+0100] {processor.py:175} INFO - Processing /home/chrisfleig/.local/lib/python3.10/site-packages/airflow/example_dags/plugins/workday.py took 0.022 seconds
[2023-01-07T01:37:04.621+0100] {processor.py:153} INFO - Started process (PID=13079) to work on /home/chrisfleig/.local/lib/python3.10/site-packages/airflow/example_dags/plugins/workday.py
[2023-01-07T01:37:04.622+0100] {processor.py:743} INFO - Processing file /home/chrisfleig/.local/lib/python3.10/site-packages/airflow/example_dags/plugins/workday.py for tasks to queue
[2023-01-07T01:37:04.623+0100] {logging_mixin.py:137} INFO - [2023-01-07T01:37:04.623+0100] {dagbag.py:538} INFO - Filling up the DagBag from /home/chrisfleig/.local/lib/python3.10/site-packages/airflow/example_dags/plugins/workday.py
[2023-01-07T01:37:04.625+0100] {processor.py:755} WARNING - No viable dags retrieved from /home/chrisfleig/.local/lib/python3.10/site-packages/airflow/example_dags/plugins/workday.py
[2023-01-07T01:37:04.633+0100] {processor.py:175} INFO - Processing /home/chrisfleig/.local/lib/python3.10/site-packages/airflow/example_dags/plugins/workday.py took 0.016 seconds
[2023-01-07T01:38:02.417+0100] {processor.py:153} INFO - Started process (PID=13135) to work on /home/chrisfleig/.local/lib/python3.10/site-packages/airflow/example_dags/plugins/workday.py
[2023-01-07T01:38:02.418+0100] {processor.py:743} INFO - Processing file /home/chrisfleig/.local/lib/python3.10/site-packages/airflow/example_dags/plugins/workday.py for tasks to queue
[2023-01-07T01:38:02.419+0100] {logging_mixin.py:137} INFO - [2023-01-07T01:38:02.419+0100] {dagbag.py:538} INFO - Filling up the DagBag from /home/chrisfleig/.local/lib/python3.10/site-packages/airflow/example_dags/plugins/workday.py
[2023-01-07T01:38:02.421+0100] {processor.py:755} WARNING - No viable dags retrieved from /home/chrisfleig/.local/lib/python3.10/site-packages/airflow/example_dags/plugins/workday.py
[2023-01-07T01:38:02.429+0100] {processor.py:175} INFO - Processing /home/chrisfleig/.local/lib/python3.10/site-packages/airflow/example_dags/plugins/workday.py took 0.015 seconds
[2023-01-07T01:39:05.075+0100] {processor.py:153} INFO - Started process (PID=13191) to work on /home/chrisfleig/.local/lib/python3.10/site-packages/airflow/example_dags/plugins/workday.py
[2023-01-07T01:39:05.077+0100] {processor.py:743} INFO - Processing file /home/chrisfleig/.local/lib/python3.10/site-packages/airflow/example_dags/plugins/workday.py for tasks to queue
[2023-01-07T01:39:05.077+0100] {logging_mixin.py:137} INFO - [2023-01-07T01:39:05.077+0100] {dagbag.py:538} INFO - Filling up the DagBag from /home/chrisfleig/.local/lib/python3.10/site-packages/airflow/example_dags/plugins/workday.py
[2023-01-07T01:39:05.079+0100] {processor.py:755} WARNING - No viable dags retrieved from /home/chrisfleig/.local/lib/python3.10/site-packages/airflow/example_dags/plugins/workday.py
[2023-01-07T01:39:05.088+0100] {processor.py:175} INFO - Processing /home/chrisfleig/.local/lib/python3.10/site-packages/airflow/example_dags/plugins/workday.py took 0.016 seconds
[2023-01-07T01:40:18.594+0100] {processor.py:153} INFO - Started process (PID=13254) to work on /home/chrisfleig/.local/lib/python3.10/site-packages/airflow/example_dags/plugins/workday.py
[2023-01-07T01:40:18.595+0100] {processor.py:743} INFO - Processing file /home/chrisfleig/.local/lib/python3.10/site-packages/airflow/example_dags/plugins/workday.py for tasks to queue
[2023-01-07T01:40:18.596+0100] {logging_mixin.py:137} INFO - [2023-01-07T01:40:18.596+0100] {dagbag.py:538} INFO - Filling up the DagBag from /home/chrisfleig/.local/lib/python3.10/site-packages/airflow/example_dags/plugins/workday.py
[2023-01-07T01:40:18.598+0100] {processor.py:755} WARNING - No viable dags retrieved from /home/chrisfleig/.local/lib/python3.10/site-packages/airflow/example_dags/plugins/workday.py
[2023-01-07T01:40:18.607+0100] {processor.py:175} INFO - Processing /home/chrisfleig/.local/lib/python3.10/site-packages/airflow/example_dags/plugins/workday.py took 0.017 seconds
[2023-01-07T01:41:26.421+0100] {processor.py:153} INFO - Started process (PID=13314) to work on /home/chrisfleig/.local/lib/python3.10/site-packages/airflow/example_dags/plugins/workday.py
[2023-01-07T01:41:26.422+0100] {processor.py:743} INFO - Processing file /home/chrisfleig/.local/lib/python3.10/site-packages/airflow/example_dags/plugins/workday.py for tasks to queue
[2023-01-07T01:41:26.423+0100] {logging_mixin.py:137} INFO - [2023-01-07T01:41:26.423+0100] {dagbag.py:538} INFO - Filling up the DagBag from /home/chrisfleig/.local/lib/python3.10/site-packages/airflow/example_dags/plugins/workday.py
[2023-01-07T01:41:26.425+0100] {processor.py:755} WARNING - No viable dags retrieved from /home/chrisfleig/.local/lib/python3.10/site-packages/airflow/example_dags/plugins/workday.py
[2023-01-07T01:41:26.441+0100] {processor.py:175} INFO - Processing /home/chrisfleig/.local/lib/python3.10/site-packages/airflow/example_dags/plugins/workday.py took 0.027 seconds
[2023-01-07T01:42:49.520+0100] {processor.py:153} INFO - Started process (PID=13384) to work on /home/chrisfleig/.local/lib/python3.10/site-packages/airflow/example_dags/plugins/workday.py
[2023-01-07T01:42:49.521+0100] {processor.py:743} INFO - Processing file /home/chrisfleig/.local/lib/python3.10/site-packages/airflow/example_dags/plugins/workday.py for tasks to queue
[2023-01-07T01:42:49.522+0100] {logging_mixin.py:137} INFO - [2023-01-07T01:42:49.521+0100] {dagbag.py:538} INFO - Filling up the DagBag from /home/chrisfleig/.local/lib/python3.10/site-packages/airflow/example_dags/plugins/workday.py
[2023-01-07T01:42:49.523+0100] {processor.py:755} WARNING - No viable dags retrieved from /home/chrisfleig/.local/lib/python3.10/site-packages/airflow/example_dags/plugins/workday.py
[2023-01-07T01:42:49.532+0100] {processor.py:175} INFO - Processing /home/chrisfleig/.local/lib/python3.10/site-packages/airflow/example_dags/plugins/workday.py took 0.015 seconds
[2023-01-07T01:44:01.033+0100] {processor.py:153} INFO - Started process (PID=13445) to work on /home/chrisfleig/.local/lib/python3.10/site-packages/airflow/example_dags/plugins/workday.py
[2023-01-07T01:44:01.034+0100] {processor.py:743} INFO - Processing file /home/chrisfleig/.local/lib/python3.10/site-packages/airflow/example_dags/plugins/workday.py for tasks to queue
[2023-01-07T01:44:01.035+0100] {logging_mixin.py:137} INFO - [2023-01-07T01:44:01.034+0100] {dagbag.py:538} INFO - Filling up the DagBag from /home/chrisfleig/.local/lib/python3.10/site-packages/airflow/example_dags/plugins/workday.py
[2023-01-07T01:44:01.036+0100] {processor.py:755} WARNING - No viable dags retrieved from /home/chrisfleig/.local/lib/python3.10/site-packages/airflow/example_dags/plugins/workday.py
[2023-01-07T01:44:01.045+0100] {processor.py:175} INFO - Processing /home/chrisfleig/.local/lib/python3.10/site-packages/airflow/example_dags/plugins/workday.py took 0.017 seconds
[2023-01-07T01:45:06.011+0100] {processor.py:153} INFO - Started process (PID=13505) to work on /home/chrisfleig/.local/lib/python3.10/site-packages/airflow/example_dags/plugins/workday.py
[2023-01-07T01:45:06.012+0100] {processor.py:743} INFO - Processing file /home/chrisfleig/.local/lib/python3.10/site-packages/airflow/example_dags/plugins/workday.py for tasks to queue
[2023-01-07T01:45:06.013+0100] {logging_mixin.py:137} INFO - [2023-01-07T01:45:06.012+0100] {dagbag.py:538} INFO - Filling up the DagBag from /home/chrisfleig/.local/lib/python3.10/site-packages/airflow/example_dags/plugins/workday.py
[2023-01-07T01:45:06.014+0100] {processor.py:755} WARNING - No viable dags retrieved from /home/chrisfleig/.local/lib/python3.10/site-packages/airflow/example_dags/plugins/workday.py
[2023-01-07T01:45:06.021+0100] {processor.py:175} INFO - Processing /home/chrisfleig/.local/lib/python3.10/site-packages/airflow/example_dags/plugins/workday.py took 0.013 seconds
[2023-01-07T01:46:15.890+0100] {processor.py:153} INFO - Started process (PID=13565) to work on /home/chrisfleig/.local/lib/python3.10/site-packages/airflow/example_dags/plugins/workday.py
[2023-01-07T01:46:15.891+0100] {processor.py:743} INFO - Processing file /home/chrisfleig/.local/lib/python3.10/site-packages/airflow/example_dags/plugins/workday.py for tasks to queue
[2023-01-07T01:46:15.892+0100] {logging_mixin.py:137} INFO - [2023-01-07T01:46:15.892+0100] {dagbag.py:538} INFO - Filling up the DagBag from /home/chrisfleig/.local/lib/python3.10/site-packages/airflow/example_dags/plugins/workday.py
[2023-01-07T01:46:15.894+0100] {processor.py:755} WARNING - No viable dags retrieved from /home/chrisfleig/.local/lib/python3.10/site-packages/airflow/example_dags/plugins/workday.py
[2023-01-07T01:46:15.902+0100] {processor.py:175} INFO - Processing /home/chrisfleig/.local/lib/python3.10/site-packages/airflow/example_dags/plugins/workday.py took 0.015 seconds
[2023-01-07T01:47:16.467+0100] {processor.py:153} INFO - Started process (PID=13623) to work on /home/chrisfleig/.local/lib/python3.10/site-packages/airflow/example_dags/plugins/workday.py
[2023-01-07T01:47:16.469+0100] {processor.py:743} INFO - Processing file /home/chrisfleig/.local/lib/python3.10/site-packages/airflow/example_dags/plugins/workday.py for tasks to queue
[2023-01-07T01:47:16.470+0100] {logging_mixin.py:137} INFO - [2023-01-07T01:47:16.470+0100] {dagbag.py:538} INFO - Filling up the DagBag from /home/chrisfleig/.local/lib/python3.10/site-packages/airflow/example_dags/plugins/workday.py
[2023-01-07T01:47:16.473+0100] {processor.py:755} WARNING - No viable dags retrieved from /home/chrisfleig/.local/lib/python3.10/site-packages/airflow/example_dags/plugins/workday.py
[2023-01-07T01:47:16.481+0100] {processor.py:175} INFO - Processing /home/chrisfleig/.local/lib/python3.10/site-packages/airflow/example_dags/plugins/workday.py took 0.020 seconds
[2023-01-07T01:48:13.849+0100] {processor.py:153} INFO - Started process (PID=13677) to work on /home/chrisfleig/.local/lib/python3.10/site-packages/airflow/example_dags/plugins/workday.py
[2023-01-07T01:48:13.851+0100] {processor.py:743} INFO - Processing file /home/chrisfleig/.local/lib/python3.10/site-packages/airflow/example_dags/plugins/workday.py for tasks to queue
[2023-01-07T01:48:13.851+0100] {logging_mixin.py:137} INFO - [2023-01-07T01:48:13.851+0100] {dagbag.py:538} INFO - Filling up the DagBag from /home/chrisfleig/.local/lib/python3.10/site-packages/airflow/example_dags/plugins/workday.py
[2023-01-07T01:48:13.853+0100] {processor.py:755} WARNING - No viable dags retrieved from /home/chrisfleig/.local/lib/python3.10/site-packages/airflow/example_dags/plugins/workday.py
[2023-01-07T01:48:13.862+0100] {processor.py:175} INFO - Processing /home/chrisfleig/.local/lib/python3.10/site-packages/airflow/example_dags/plugins/workday.py took 0.016 seconds
[2023-01-07T01:49:31.644+0100] {processor.py:153} INFO - Started process (PID=13742) to work on /home/chrisfleig/.local/lib/python3.10/site-packages/airflow/example_dags/plugins/workday.py
[2023-01-07T01:49:31.645+0100] {processor.py:743} INFO - Processing file /home/chrisfleig/.local/lib/python3.10/site-packages/airflow/example_dags/plugins/workday.py for tasks to queue
[2023-01-07T01:49:31.646+0100] {logging_mixin.py:137} INFO - [2023-01-07T01:49:31.646+0100] {dagbag.py:538} INFO - Filling up the DagBag from /home/chrisfleig/.local/lib/python3.10/site-packages/airflow/example_dags/plugins/workday.py
[2023-01-07T01:49:31.647+0100] {processor.py:755} WARNING - No viable dags retrieved from /home/chrisfleig/.local/lib/python3.10/site-packages/airflow/example_dags/plugins/workday.py
[2023-01-07T01:49:31.657+0100] {processor.py:175} INFO - Processing /home/chrisfleig/.local/lib/python3.10/site-packages/airflow/example_dags/plugins/workday.py took 0.017 seconds
[2023-01-07T01:50:25.603+0100] {processor.py:153} INFO - Started process (PID=13788) to work on /home/chrisfleig/.local/lib/python3.10/site-packages/airflow/example_dags/plugins/workday.py
[2023-01-07T01:50:25.604+0100] {processor.py:743} INFO - Processing file /home/chrisfleig/.local/lib/python3.10/site-packages/airflow/example_dags/plugins/workday.py for tasks to queue
[2023-01-07T01:50:25.605+0100] {logging_mixin.py:137} INFO - [2023-01-07T01:50:25.605+0100] {dagbag.py:538} INFO - Filling up the DagBag from /home/chrisfleig/.local/lib/python3.10/site-packages/airflow/example_dags/plugins/workday.py
[2023-01-07T01:50:25.607+0100] {processor.py:755} WARNING - No viable dags retrieved from /home/chrisfleig/.local/lib/python3.10/site-packages/airflow/example_dags/plugins/workday.py
[2023-01-07T01:50:25.618+0100] {processor.py:175} INFO - Processing /home/chrisfleig/.local/lib/python3.10/site-packages/airflow/example_dags/plugins/workday.py took 0.020 seconds
[2023-01-07T01:51:54.788+0100] {processor.py:153} INFO - Started process (PID=13862) to work on /home/chrisfleig/.local/lib/python3.10/site-packages/airflow/example_dags/plugins/workday.py
[2023-01-07T01:51:54.790+0100] {processor.py:743} INFO - Processing file /home/chrisfleig/.local/lib/python3.10/site-packages/airflow/example_dags/plugins/workday.py for tasks to queue
[2023-01-07T01:51:54.791+0100] {logging_mixin.py:137} INFO - [2023-01-07T01:51:54.790+0100] {dagbag.py:538} INFO - Filling up the DagBag from /home/chrisfleig/.local/lib/python3.10/site-packages/airflow/example_dags/plugins/workday.py
[2023-01-07T01:51:54.792+0100] {processor.py:755} WARNING - No viable dags retrieved from /home/chrisfleig/.local/lib/python3.10/site-packages/airflow/example_dags/plugins/workday.py
[2023-01-07T01:51:54.801+0100] {processor.py:175} INFO - Processing /home/chrisfleig/.local/lib/python3.10/site-packages/airflow/example_dags/plugins/workday.py took 0.017 seconds
[2023-01-07T01:53:02.575+0100] {processor.py:153} INFO - Started process (PID=13924) to work on /home/chrisfleig/.local/lib/python3.10/site-packages/airflow/example_dags/plugins/workday.py
[2023-01-07T01:53:02.577+0100] {processor.py:743} INFO - Processing file /home/chrisfleig/.local/lib/python3.10/site-packages/airflow/example_dags/plugins/workday.py for tasks to queue
[2023-01-07T01:53:02.577+0100] {logging_mixin.py:137} INFO - [2023-01-07T01:53:02.577+0100] {dagbag.py:538} INFO - Filling up the DagBag from /home/chrisfleig/.local/lib/python3.10/site-packages/airflow/example_dags/plugins/workday.py
[2023-01-07T01:53:02.579+0100] {processor.py:755} WARNING - No viable dags retrieved from /home/chrisfleig/.local/lib/python3.10/site-packages/airflow/example_dags/plugins/workday.py
[2023-01-07T01:53:02.587+0100] {processor.py:175} INFO - Processing /home/chrisfleig/.local/lib/python3.10/site-packages/airflow/example_dags/plugins/workday.py took 0.016 seconds
[2023-01-07T01:53:59.109+0100] {processor.py:153} INFO - Started process (PID=13977) to work on /home/chrisfleig/.local/lib/python3.10/site-packages/airflow/example_dags/plugins/workday.py
[2023-01-07T01:53:59.111+0100] {processor.py:743} INFO - Processing file /home/chrisfleig/.local/lib/python3.10/site-packages/airflow/example_dags/plugins/workday.py for tasks to queue
[2023-01-07T01:53:59.112+0100] {logging_mixin.py:137} INFO - [2023-01-07T01:53:59.112+0100] {dagbag.py:538} INFO - Filling up the DagBag from /home/chrisfleig/.local/lib/python3.10/site-packages/airflow/example_dags/plugins/workday.py
[2023-01-07T01:53:59.114+0100] {processor.py:755} WARNING - No viable dags retrieved from /home/chrisfleig/.local/lib/python3.10/site-packages/airflow/example_dags/plugins/workday.py
[2023-01-07T01:53:59.124+0100] {processor.py:175} INFO - Processing /home/chrisfleig/.local/lib/python3.10/site-packages/airflow/example_dags/plugins/workday.py took 0.019 seconds
[2023-01-07T01:55:02.111+0100] {processor.py:153} INFO - Started process (PID=14037) to work on /home/chrisfleig/.local/lib/python3.10/site-packages/airflow/example_dags/plugins/workday.py
[2023-01-07T01:55:02.113+0100] {processor.py:743} INFO - Processing file /home/chrisfleig/.local/lib/python3.10/site-packages/airflow/example_dags/plugins/workday.py for tasks to queue
[2023-01-07T01:55:02.114+0100] {logging_mixin.py:137} INFO - [2023-01-07T01:55:02.114+0100] {dagbag.py:538} INFO - Filling up the DagBag from /home/chrisfleig/.local/lib/python3.10/site-packages/airflow/example_dags/plugins/workday.py
[2023-01-07T01:55:02.117+0100] {processor.py:755} WARNING - No viable dags retrieved from /home/chrisfleig/.local/lib/python3.10/site-packages/airflow/example_dags/plugins/workday.py
[2023-01-07T01:55:02.126+0100] {processor.py:175} INFO - Processing /home/chrisfleig/.local/lib/python3.10/site-packages/airflow/example_dags/plugins/workday.py took 0.017 seconds
[2023-01-07T01:56:07.775+0100] {processor.py:153} INFO - Started process (PID=14097) to work on /home/chrisfleig/.local/lib/python3.10/site-packages/airflow/example_dags/plugins/workday.py
[2023-01-07T01:56:07.777+0100] {processor.py:743} INFO - Processing file /home/chrisfleig/.local/lib/python3.10/site-packages/airflow/example_dags/plugins/workday.py for tasks to queue
[2023-01-07T01:56:07.778+0100] {logging_mixin.py:137} INFO - [2023-01-07T01:56:07.778+0100] {dagbag.py:538} INFO - Filling up the DagBag from /home/chrisfleig/.local/lib/python3.10/site-packages/airflow/example_dags/plugins/workday.py
[2023-01-07T01:56:07.779+0100] {processor.py:755} WARNING - No viable dags retrieved from /home/chrisfleig/.local/lib/python3.10/site-packages/airflow/example_dags/plugins/workday.py
[2023-01-07T01:56:07.787+0100] {processor.py:175} INFO - Processing /home/chrisfleig/.local/lib/python3.10/site-packages/airflow/example_dags/plugins/workday.py took 0.017 seconds
[2023-01-07T01:57:45.796+0100] {processor.py:153} INFO - Started process (PID=14180) to work on /home/chrisfleig/.local/lib/python3.10/site-packages/airflow/example_dags/plugins/workday.py
[2023-01-07T01:57:45.797+0100] {processor.py:743} INFO - Processing file /home/chrisfleig/.local/lib/python3.10/site-packages/airflow/example_dags/plugins/workday.py for tasks to queue
[2023-01-07T01:57:45.798+0100] {logging_mixin.py:137} INFO - [2023-01-07T01:57:45.798+0100] {dagbag.py:538} INFO - Filling up the DagBag from /home/chrisfleig/.local/lib/python3.10/site-packages/airflow/example_dags/plugins/workday.py
[2023-01-07T01:57:45.800+0100] {processor.py:755} WARNING - No viable dags retrieved from /home/chrisfleig/.local/lib/python3.10/site-packages/airflow/example_dags/plugins/workday.py
[2023-01-07T01:57:45.808+0100] {processor.py:175} INFO - Processing /home/chrisfleig/.local/lib/python3.10/site-packages/airflow/example_dags/plugins/workday.py took 0.016 seconds
[2023-01-07T01:58:58.592+0100] {processor.py:153} INFO - Started process (PID=14242) to work on /home/chrisfleig/.local/lib/python3.10/site-packages/airflow/example_dags/plugins/workday.py
[2023-01-07T01:58:58.593+0100] {processor.py:743} INFO - Processing file /home/chrisfleig/.local/lib/python3.10/site-packages/airflow/example_dags/plugins/workday.py for tasks to queue
[2023-01-07T01:58:58.594+0100] {logging_mixin.py:137} INFO - [2023-01-07T01:58:58.593+0100] {dagbag.py:538} INFO - Filling up the DagBag from /home/chrisfleig/.local/lib/python3.10/site-packages/airflow/example_dags/plugins/workday.py
[2023-01-07T01:58:58.595+0100] {processor.py:755} WARNING - No viable dags retrieved from /home/chrisfleig/.local/lib/python3.10/site-packages/airflow/example_dags/plugins/workday.py
[2023-01-07T01:58:58.603+0100] {processor.py:175} INFO - Processing /home/chrisfleig/.local/lib/python3.10/site-packages/airflow/example_dags/plugins/workday.py took 0.015 seconds
[2023-01-07T02:00:00.642+0100] {processor.py:153} INFO - Started process (PID=14302) to work on /home/chrisfleig/.local/lib/python3.10/site-packages/airflow/example_dags/plugins/workday.py
[2023-01-07T02:00:00.644+0100] {processor.py:743} INFO - Processing file /home/chrisfleig/.local/lib/python3.10/site-packages/airflow/example_dags/plugins/workday.py for tasks to queue
[2023-01-07T02:00:00.645+0100] {logging_mixin.py:137} INFO - [2023-01-07T02:00:00.645+0100] {dagbag.py:538} INFO - Filling up the DagBag from /home/chrisfleig/.local/lib/python3.10/site-packages/airflow/example_dags/plugins/workday.py
[2023-01-07T02:00:00.647+0100] {processor.py:755} WARNING - No viable dags retrieved from /home/chrisfleig/.local/lib/python3.10/site-packages/airflow/example_dags/plugins/workday.py
[2023-01-07T02:00:00.656+0100] {processor.py:175} INFO - Processing /home/chrisfleig/.local/lib/python3.10/site-packages/airflow/example_dags/plugins/workday.py took 0.019 seconds
[2023-01-07T02:00:58.389+0100] {processor.py:153} INFO - Started process (PID=14356) to work on /home/chrisfleig/.local/lib/python3.10/site-packages/airflow/example_dags/plugins/workday.py
[2023-01-07T02:00:58.390+0100] {processor.py:743} INFO - Processing file /home/chrisfleig/.local/lib/python3.10/site-packages/airflow/example_dags/plugins/workday.py for tasks to queue
[2023-01-07T02:00:58.390+0100] {logging_mixin.py:137} INFO - [2023-01-07T02:00:58.390+0100] {dagbag.py:538} INFO - Filling up the DagBag from /home/chrisfleig/.local/lib/python3.10/site-packages/airflow/example_dags/plugins/workday.py
[2023-01-07T02:00:58.392+0100] {processor.py:755} WARNING - No viable dags retrieved from /home/chrisfleig/.local/lib/python3.10/site-packages/airflow/example_dags/plugins/workday.py
[2023-01-07T02:00:58.400+0100] {processor.py:175} INFO - Processing /home/chrisfleig/.local/lib/python3.10/site-packages/airflow/example_dags/plugins/workday.py took 0.013 seconds
[2023-01-07T02:02:01.065+0100] {processor.py:153} INFO - Started process (PID=14413) to work on /home/chrisfleig/.local/lib/python3.10/site-packages/airflow/example_dags/plugins/workday.py
[2023-01-07T02:02:01.066+0100] {processor.py:743} INFO - Processing file /home/chrisfleig/.local/lib/python3.10/site-packages/airflow/example_dags/plugins/workday.py for tasks to queue
[2023-01-07T02:02:01.067+0100] {logging_mixin.py:137} INFO - [2023-01-07T02:02:01.067+0100] {dagbag.py:538} INFO - Filling up the DagBag from /home/chrisfleig/.local/lib/python3.10/site-packages/airflow/example_dags/plugins/workday.py
[2023-01-07T02:02:01.068+0100] {processor.py:755} WARNING - No viable dags retrieved from /home/chrisfleig/.local/lib/python3.10/site-packages/airflow/example_dags/plugins/workday.py
[2023-01-07T02:02:01.076+0100] {processor.py:175} INFO - Processing /home/chrisfleig/.local/lib/python3.10/site-packages/airflow/example_dags/plugins/workday.py took 0.016 seconds
[2023-01-07T02:03:10.922+0100] {processor.py:153} INFO - Started process (PID=14473) to work on /home/chrisfleig/.local/lib/python3.10/site-packages/airflow/example_dags/plugins/workday.py
[2023-01-07T02:03:10.924+0100] {processor.py:743} INFO - Processing file /home/chrisfleig/.local/lib/python3.10/site-packages/airflow/example_dags/plugins/workday.py for tasks to queue
[2023-01-07T02:03:10.925+0100] {logging_mixin.py:137} INFO - [2023-01-07T02:03:10.924+0100] {dagbag.py:538} INFO - Filling up the DagBag from /home/chrisfleig/.local/lib/python3.10/site-packages/airflow/example_dags/plugins/workday.py
[2023-01-07T02:03:10.926+0100] {processor.py:755} WARNING - No viable dags retrieved from /home/chrisfleig/.local/lib/python3.10/site-packages/airflow/example_dags/plugins/workday.py
[2023-01-07T02:03:10.935+0100] {processor.py:175} INFO - Processing /home/chrisfleig/.local/lib/python3.10/site-packages/airflow/example_dags/plugins/workday.py took 0.016 seconds
[2023-01-07T02:04:15.327+0100] {processor.py:153} INFO - Started process (PID=14534) to work on /home/chrisfleig/.local/lib/python3.10/site-packages/airflow/example_dags/plugins/workday.py
[2023-01-07T02:04:15.329+0100] {processor.py:743} INFO - Processing file /home/chrisfleig/.local/lib/python3.10/site-packages/airflow/example_dags/plugins/workday.py for tasks to queue
[2023-01-07T02:04:15.332+0100] {logging_mixin.py:137} INFO - [2023-01-07T02:04:15.331+0100] {dagbag.py:538} INFO - Filling up the DagBag from /home/chrisfleig/.local/lib/python3.10/site-packages/airflow/example_dags/plugins/workday.py
[2023-01-07T02:04:15.343+0100] {processor.py:755} WARNING - No viable dags retrieved from /home/chrisfleig/.local/lib/python3.10/site-packages/airflow/example_dags/plugins/workday.py
[2023-01-07T02:04:15.374+0100] {processor.py:175} INFO - Processing /home/chrisfleig/.local/lib/python3.10/site-packages/airflow/example_dags/plugins/workday.py took 0.054 seconds
[2023-01-07T02:05:18.755+0100] {processor.py:153} INFO - Started process (PID=14590) to work on /home/chrisfleig/.local/lib/python3.10/site-packages/airflow/example_dags/plugins/workday.py
[2023-01-07T02:05:18.756+0100] {processor.py:743} INFO - Processing file /home/chrisfleig/.local/lib/python3.10/site-packages/airflow/example_dags/plugins/workday.py for tasks to queue
[2023-01-07T02:05:18.757+0100] {logging_mixin.py:137} INFO - [2023-01-07T02:05:18.757+0100] {dagbag.py:538} INFO - Filling up the DagBag from /home/chrisfleig/.local/lib/python3.10/site-packages/airflow/example_dags/plugins/workday.py
[2023-01-07T02:05:18.759+0100] {processor.py:755} WARNING - No viable dags retrieved from /home/chrisfleig/.local/lib/python3.10/site-packages/airflow/example_dags/plugins/workday.py
[2023-01-07T02:05:18.812+0100] {processor.py:175} INFO - Processing /home/chrisfleig/.local/lib/python3.10/site-packages/airflow/example_dags/plugins/workday.py took 0.059 seconds
[2023-01-07T02:06:33.558+0100] {processor.py:153} INFO - Started process (PID=14655) to work on /home/chrisfleig/.local/lib/python3.10/site-packages/airflow/example_dags/plugins/workday.py
[2023-01-07T02:06:33.560+0100] {processor.py:743} INFO - Processing file /home/chrisfleig/.local/lib/python3.10/site-packages/airflow/example_dags/plugins/workday.py for tasks to queue
[2023-01-07T02:06:33.561+0100] {logging_mixin.py:137} INFO - [2023-01-07T02:06:33.560+0100] {dagbag.py:538} INFO - Filling up the DagBag from /home/chrisfleig/.local/lib/python3.10/site-packages/airflow/example_dags/plugins/workday.py
[2023-01-07T02:06:33.563+0100] {processor.py:755} WARNING - No viable dags retrieved from /home/chrisfleig/.local/lib/python3.10/site-packages/airflow/example_dags/plugins/workday.py
[2023-01-07T02:06:33.574+0100] {processor.py:175} INFO - Processing /home/chrisfleig/.local/lib/python3.10/site-packages/airflow/example_dags/plugins/workday.py took 0.020 seconds
[2023-01-07T02:07:49.940+0100] {processor.py:153} INFO - Started process (PID=14720) to work on /home/chrisfleig/.local/lib/python3.10/site-packages/airflow/example_dags/plugins/workday.py
[2023-01-07T02:07:49.942+0100] {processor.py:743} INFO - Processing file /home/chrisfleig/.local/lib/python3.10/site-packages/airflow/example_dags/plugins/workday.py for tasks to queue
[2023-01-07T02:07:49.943+0100] {logging_mixin.py:137} INFO - [2023-01-07T02:07:49.942+0100] {dagbag.py:538} INFO - Filling up the DagBag from /home/chrisfleig/.local/lib/python3.10/site-packages/airflow/example_dags/plugins/workday.py
[2023-01-07T02:07:49.945+0100] {processor.py:755} WARNING - No viable dags retrieved from /home/chrisfleig/.local/lib/python3.10/site-packages/airflow/example_dags/plugins/workday.py
[2023-01-07T02:07:49.956+0100] {processor.py:175} INFO - Processing /home/chrisfleig/.local/lib/python3.10/site-packages/airflow/example_dags/plugins/workday.py took 0.021 seconds
[2023-01-07T02:09:57.637+0100] {processor.py:153} INFO - Started process (PID=14827) to work on /home/chrisfleig/.local/lib/python3.10/site-packages/airflow/example_dags/plugins/workday.py
[2023-01-07T02:09:57.640+0100] {processor.py:743} INFO - Processing file /home/chrisfleig/.local/lib/python3.10/site-packages/airflow/example_dags/plugins/workday.py for tasks to queue
[2023-01-07T02:09:57.641+0100] {logging_mixin.py:137} INFO - [2023-01-07T02:09:57.640+0100] {dagbag.py:538} INFO - Filling up the DagBag from /home/chrisfleig/.local/lib/python3.10/site-packages/airflow/example_dags/plugins/workday.py
[2023-01-07T02:09:57.647+0100] {processor.py:755} WARNING - No viable dags retrieved from /home/chrisfleig/.local/lib/python3.10/site-packages/airflow/example_dags/plugins/workday.py
[2023-01-07T02:09:57.682+0100] {processor.py:175} INFO - Processing /home/chrisfleig/.local/lib/python3.10/site-packages/airflow/example_dags/plugins/workday.py took 0.058 seconds
[2023-01-07T02:11:07.830+0100] {processor.py:153} INFO - Started process (PID=14891) to work on /home/chrisfleig/.local/lib/python3.10/site-packages/airflow/example_dags/plugins/workday.py
[2023-01-07T02:11:07.831+0100] {processor.py:743} INFO - Processing file /home/chrisfleig/.local/lib/python3.10/site-packages/airflow/example_dags/plugins/workday.py for tasks to queue
[2023-01-07T02:11:07.832+0100] {logging_mixin.py:137} INFO - [2023-01-07T02:11:07.832+0100] {dagbag.py:538} INFO - Filling up the DagBag from /home/chrisfleig/.local/lib/python3.10/site-packages/airflow/example_dags/plugins/workday.py
[2023-01-07T02:11:07.833+0100] {processor.py:755} WARNING - No viable dags retrieved from /home/chrisfleig/.local/lib/python3.10/site-packages/airflow/example_dags/plugins/workday.py
[2023-01-07T02:11:07.842+0100] {processor.py:175} INFO - Processing /home/chrisfleig/.local/lib/python3.10/site-packages/airflow/example_dags/plugins/workday.py took 0.015 seconds
[2023-01-07T02:12:14.215+0100] {processor.py:153} INFO - Started process (PID=14949) to work on /home/chrisfleig/.local/lib/python3.10/site-packages/airflow/example_dags/plugins/workday.py
[2023-01-07T02:12:14.218+0100] {processor.py:743} INFO - Processing file /home/chrisfleig/.local/lib/python3.10/site-packages/airflow/example_dags/plugins/workday.py for tasks to queue
[2023-01-07T02:12:14.219+0100] {logging_mixin.py:137} INFO - [2023-01-07T02:12:14.219+0100] {dagbag.py:538} INFO - Filling up the DagBag from /home/chrisfleig/.local/lib/python3.10/site-packages/airflow/example_dags/plugins/workday.py
[2023-01-07T02:12:14.220+0100] {processor.py:755} WARNING - No viable dags retrieved from /home/chrisfleig/.local/lib/python3.10/site-packages/airflow/example_dags/plugins/workday.py
[2023-01-07T02:12:14.235+0100] {processor.py:175} INFO - Processing /home/chrisfleig/.local/lib/python3.10/site-packages/airflow/example_dags/plugins/workday.py took 0.027 seconds
