[2023-01-07T01:00:40.417+0100] {processor.py:153} INFO - Started process (PID=10940) to work on /home/chrisfleig/.local/lib/python3.10/site-packages/airflow/example_dags/example_latest_only_with_trigger.py
[2023-01-07T01:00:40.418+0100] {processor.py:743} INFO - Processing file /home/chrisfleig/.local/lib/python3.10/site-packages/airflow/example_dags/example_latest_only_with_trigger.py for tasks to queue
[2023-01-07T01:00:40.418+0100] {logging_mixin.py:137} INFO - [2023-01-07T01:00:40.418+0100] {dagbag.py:538} INFO - Filling up the DagBag from /home/chrisfleig/.local/lib/python3.10/site-packages/airflow/example_dags/example_latest_only_with_trigger.py
[2023-01-07T01:00:40.430+0100] {processor.py:753} INFO - DAG(s) dict_keys(['latest_only_with_trigger']) retrieved from /home/chrisfleig/.local/lib/python3.10/site-packages/airflow/example_dags/example_latest_only_with_trigger.py
[2023-01-07T01:00:40.450+0100] {logging_mixin.py:137} INFO - [2023-01-07T01:00:40.450+0100] {dag.py:2676} INFO - Sync 1 DAGs
[2023-01-07T01:00:40.466+0100] {logging_mixin.py:137} INFO - [2023-01-07T01:00:40.466+0100] {dag.py:3423} INFO - Setting next_dagrun for latest_only_with_trigger to 2023-01-06T20:00:40.466563+00:00, run_after=2023-01-07T00:00:40.466563+00:00
[2023-01-07T01:00:40.505+0100] {processor.py:175} INFO - Processing /home/chrisfleig/.local/lib/python3.10/site-packages/airflow/example_dags/example_latest_only_with_trigger.py took 0.091 seconds
[2023-01-07T01:01:38.672+0100] {processor.py:153} INFO - Started process (PID=10995) to work on /home/chrisfleig/.local/lib/python3.10/site-packages/airflow/example_dags/example_latest_only_with_trigger.py
[2023-01-07T01:01:38.673+0100] {processor.py:743} INFO - Processing file /home/chrisfleig/.local/lib/python3.10/site-packages/airflow/example_dags/example_latest_only_with_trigger.py for tasks to queue
[2023-01-07T01:01:38.674+0100] {logging_mixin.py:137} INFO - [2023-01-07T01:01:38.673+0100] {dagbag.py:538} INFO - Filling up the DagBag from /home/chrisfleig/.local/lib/python3.10/site-packages/airflow/example_dags/example_latest_only_with_trigger.py
[2023-01-07T01:01:38.688+0100] {processor.py:753} INFO - DAG(s) dict_keys(['latest_only_with_trigger']) retrieved from /home/chrisfleig/.local/lib/python3.10/site-packages/airflow/example_dags/example_latest_only_with_trigger.py
[2023-01-07T01:01:38.716+0100] {logging_mixin.py:137} INFO - [2023-01-07T01:01:38.716+0100] {dag.py:2676} INFO - Sync 1 DAGs
[2023-01-07T01:01:38.736+0100] {logging_mixin.py:137} INFO - [2023-01-07T01:01:38.736+0100] {dag.py:3423} INFO - Setting next_dagrun for latest_only_with_trigger to 2023-01-06T20:01:38.735887+00:00, run_after=2023-01-07T00:01:38.735887+00:00
[2023-01-07T01:01:38.775+0100] {processor.py:175} INFO - Processing /home/chrisfleig/.local/lib/python3.10/site-packages/airflow/example_dags/example_latest_only_with_trigger.py took 0.106 seconds
[2023-01-07T01:02:33.151+0100] {processor.py:153} INFO - Started process (PID=11047) to work on /home/chrisfleig/.local/lib/python3.10/site-packages/airflow/example_dags/example_latest_only_with_trigger.py
[2023-01-07T01:02:33.153+0100] {processor.py:743} INFO - Processing file /home/chrisfleig/.local/lib/python3.10/site-packages/airflow/example_dags/example_latest_only_with_trigger.py for tasks to queue
[2023-01-07T01:02:33.154+0100] {logging_mixin.py:137} INFO - [2023-01-07T01:02:33.154+0100] {dagbag.py:538} INFO - Filling up the DagBag from /home/chrisfleig/.local/lib/python3.10/site-packages/airflow/example_dags/example_latest_only_with_trigger.py
[2023-01-07T01:02:33.169+0100] {processor.py:753} INFO - DAG(s) dict_keys(['latest_only_with_trigger']) retrieved from /home/chrisfleig/.local/lib/python3.10/site-packages/airflow/example_dags/example_latest_only_with_trigger.py
[2023-01-07T01:02:33.190+0100] {logging_mixin.py:137} INFO - [2023-01-07T01:02:33.190+0100] {dag.py:2676} INFO - Sync 1 DAGs
[2023-01-07T01:02:33.207+0100] {logging_mixin.py:137} INFO - [2023-01-07T01:02:33.206+0100] {dag.py:3423} INFO - Setting next_dagrun for latest_only_with_trigger to 2023-01-06T20:02:33.206692+00:00, run_after=2023-01-07T00:02:33.206692+00:00
[2023-01-07T01:02:33.352+0100] {processor.py:175} INFO - Processing /home/chrisfleig/.local/lib/python3.10/site-packages/airflow/example_dags/example_latest_only_with_trigger.py took 0.206 seconds
[2023-01-07T01:03:29.405+0100] {processor.py:153} INFO - Started process (PID=11098) to work on /home/chrisfleig/.local/lib/python3.10/site-packages/airflow/example_dags/example_latest_only_with_trigger.py
[2023-01-07T01:03:29.406+0100] {processor.py:743} INFO - Processing file /home/chrisfleig/.local/lib/python3.10/site-packages/airflow/example_dags/example_latest_only_with_trigger.py for tasks to queue
[2023-01-07T01:03:29.407+0100] {logging_mixin.py:137} INFO - [2023-01-07T01:03:29.407+0100] {dagbag.py:538} INFO - Filling up the DagBag from /home/chrisfleig/.local/lib/python3.10/site-packages/airflow/example_dags/example_latest_only_with_trigger.py
[2023-01-07T01:03:29.420+0100] {processor.py:753} INFO - DAG(s) dict_keys(['latest_only_with_trigger']) retrieved from /home/chrisfleig/.local/lib/python3.10/site-packages/airflow/example_dags/example_latest_only_with_trigger.py
[2023-01-07T01:03:29.440+0100] {logging_mixin.py:137} INFO - [2023-01-07T01:03:29.440+0100] {dag.py:2676} INFO - Sync 1 DAGs
[2023-01-07T01:03:29.549+0100] {logging_mixin.py:137} INFO - [2023-01-07T01:03:29.549+0100] {dag.py:3423} INFO - Setting next_dagrun for latest_only_with_trigger to 2023-01-06T20:03:29.548845+00:00, run_after=2023-01-07T00:03:29.548845+00:00
[2023-01-07T01:03:29.587+0100] {processor.py:175} INFO - Processing /home/chrisfleig/.local/lib/python3.10/site-packages/airflow/example_dags/example_latest_only_with_trigger.py took 0.186 seconds
[2023-01-07T01:04:28.604+0100] {processor.py:153} INFO - Started process (PID=11153) to work on /home/chrisfleig/.local/lib/python3.10/site-packages/airflow/example_dags/example_latest_only_with_trigger.py
[2023-01-07T01:04:28.605+0100] {processor.py:743} INFO - Processing file /home/chrisfleig/.local/lib/python3.10/site-packages/airflow/example_dags/example_latest_only_with_trigger.py for tasks to queue
[2023-01-07T01:04:28.606+0100] {logging_mixin.py:137} INFO - [2023-01-07T01:04:28.606+0100] {dagbag.py:538} INFO - Filling up the DagBag from /home/chrisfleig/.local/lib/python3.10/site-packages/airflow/example_dags/example_latest_only_with_trigger.py
[2023-01-07T01:04:28.618+0100] {processor.py:753} INFO - DAG(s) dict_keys(['latest_only_with_trigger']) retrieved from /home/chrisfleig/.local/lib/python3.10/site-packages/airflow/example_dags/example_latest_only_with_trigger.py
[2023-01-07T01:04:28.639+0100] {logging_mixin.py:137} INFO - [2023-01-07T01:04:28.639+0100] {dag.py:2676} INFO - Sync 1 DAGs
[2023-01-07T01:04:28.657+0100] {logging_mixin.py:137} INFO - [2023-01-07T01:04:28.657+0100] {dag.py:3423} INFO - Setting next_dagrun for latest_only_with_trigger to 2023-01-06T20:04:28.657386+00:00, run_after=2023-01-07T00:04:28.657386+00:00
[2023-01-07T01:04:28.698+0100] {processor.py:175} INFO - Processing /home/chrisfleig/.local/lib/python3.10/site-packages/airflow/example_dags/example_latest_only_with_trigger.py took 0.099 seconds
[2023-01-07T01:05:14.750+0100] {processor.py:153} INFO - Started process (PID=11199) to work on /home/chrisfleig/.local/lib/python3.10/site-packages/airflow/example_dags/example_latest_only_with_trigger.py
[2023-01-07T01:05:14.751+0100] {processor.py:743} INFO - Processing file /home/chrisfleig/.local/lib/python3.10/site-packages/airflow/example_dags/example_latest_only_with_trigger.py for tasks to queue
[2023-01-07T01:05:14.752+0100] {logging_mixin.py:137} INFO - [2023-01-07T01:05:14.752+0100] {dagbag.py:538} INFO - Filling up the DagBag from /home/chrisfleig/.local/lib/python3.10/site-packages/airflow/example_dags/example_latest_only_with_trigger.py
[2023-01-07T01:05:14.765+0100] {processor.py:753} INFO - DAG(s) dict_keys(['latest_only_with_trigger']) retrieved from /home/chrisfleig/.local/lib/python3.10/site-packages/airflow/example_dags/example_latest_only_with_trigger.py
[2023-01-07T01:05:14.785+0100] {logging_mixin.py:137} INFO - [2023-01-07T01:05:14.785+0100] {dag.py:2676} INFO - Sync 1 DAGs
[2023-01-07T01:05:14.801+0100] {logging_mixin.py:137} INFO - [2023-01-07T01:05:14.801+0100] {dag.py:3423} INFO - Setting next_dagrun for latest_only_with_trigger to 2023-01-06T20:05:14.801506+00:00, run_after=2023-01-07T00:05:14.801506+00:00
[2023-01-07T01:05:14.857+0100] {processor.py:175} INFO - Processing /home/chrisfleig/.local/lib/python3.10/site-packages/airflow/example_dags/example_latest_only_with_trigger.py took 0.112 seconds
[2023-01-07T01:06:06.771+0100] {processor.py:153} INFO - Started process (PID=11247) to work on /home/chrisfleig/.local/lib/python3.10/site-packages/airflow/example_dags/example_latest_only_with_trigger.py
[2023-01-07T01:06:06.772+0100] {processor.py:743} INFO - Processing file /home/chrisfleig/.local/lib/python3.10/site-packages/airflow/example_dags/example_latest_only_with_trigger.py for tasks to queue
[2023-01-07T01:06:06.773+0100] {logging_mixin.py:137} INFO - [2023-01-07T01:06:06.773+0100] {dagbag.py:538} INFO - Filling up the DagBag from /home/chrisfleig/.local/lib/python3.10/site-packages/airflow/example_dags/example_latest_only_with_trigger.py
[2023-01-07T01:06:06.786+0100] {processor.py:753} INFO - DAG(s) dict_keys(['latest_only_with_trigger']) retrieved from /home/chrisfleig/.local/lib/python3.10/site-packages/airflow/example_dags/example_latest_only_with_trigger.py
[2023-01-07T01:06:06.808+0100] {logging_mixin.py:137} INFO - [2023-01-07T01:06:06.808+0100] {dag.py:2676} INFO - Sync 1 DAGs
[2023-01-07T01:06:06.824+0100] {logging_mixin.py:137} INFO - [2023-01-07T01:06:06.824+0100] {dag.py:3423} INFO - Setting next_dagrun for latest_only_with_trigger to 2023-01-06T20:06:06.824280+00:00, run_after=2023-01-07T00:06:06.824280+00:00
[2023-01-07T01:06:06.861+0100] {processor.py:175} INFO - Processing /home/chrisfleig/.local/lib/python3.10/site-packages/airflow/example_dags/example_latest_only_with_trigger.py took 0.093 seconds
[2023-01-07T01:06:58.032+0100] {processor.py:153} INFO - Started process (PID=11298) to work on /home/chrisfleig/.local/lib/python3.10/site-packages/airflow/example_dags/example_latest_only_with_trigger.py
[2023-01-07T01:06:58.037+0100] {processor.py:743} INFO - Processing file /home/chrisfleig/.local/lib/python3.10/site-packages/airflow/example_dags/example_latest_only_with_trigger.py for tasks to queue
[2023-01-07T01:06:58.038+0100] {logging_mixin.py:137} INFO - [2023-01-07T01:06:58.038+0100] {dagbag.py:538} INFO - Filling up the DagBag from /home/chrisfleig/.local/lib/python3.10/site-packages/airflow/example_dags/example_latest_only_with_trigger.py
[2023-01-07T01:06:58.078+0100] {processor.py:753} INFO - DAG(s) dict_keys(['latest_only_with_trigger']) retrieved from /home/chrisfleig/.local/lib/python3.10/site-packages/airflow/example_dags/example_latest_only_with_trigger.py
[2023-01-07T01:06:58.169+0100] {logging_mixin.py:137} INFO - [2023-01-07T01:06:58.169+0100] {dag.py:2676} INFO - Sync 1 DAGs
[2023-01-07T01:06:58.203+0100] {logging_mixin.py:137} INFO - [2023-01-07T01:06:58.203+0100] {dag.py:3423} INFO - Setting next_dagrun for latest_only_with_trigger to 2023-01-06T20:06:58.203307+00:00, run_after=2023-01-07T00:06:58.203307+00:00
[2023-01-07T01:06:58.239+0100] {processor.py:175} INFO - Processing /home/chrisfleig/.local/lib/python3.10/site-packages/airflow/example_dags/example_latest_only_with_trigger.py took 0.218 seconds
[2023-01-07T01:07:50.021+0100] {processor.py:153} INFO - Started process (PID=11346) to work on /home/chrisfleig/.local/lib/python3.10/site-packages/airflow/example_dags/example_latest_only_with_trigger.py
[2023-01-07T01:07:50.022+0100] {processor.py:743} INFO - Processing file /home/chrisfleig/.local/lib/python3.10/site-packages/airflow/example_dags/example_latest_only_with_trigger.py for tasks to queue
[2023-01-07T01:07:50.023+0100] {logging_mixin.py:137} INFO - [2023-01-07T01:07:50.023+0100] {dagbag.py:538} INFO - Filling up the DagBag from /home/chrisfleig/.local/lib/python3.10/site-packages/airflow/example_dags/example_latest_only_with_trigger.py
[2023-01-07T01:07:50.044+0100] {processor.py:753} INFO - DAG(s) dict_keys(['latest_only_with_trigger']) retrieved from /home/chrisfleig/.local/lib/python3.10/site-packages/airflow/example_dags/example_latest_only_with_trigger.py
[2023-01-07T01:07:50.091+0100] {logging_mixin.py:137} INFO - [2023-01-07T01:07:50.091+0100] {dag.py:2676} INFO - Sync 1 DAGs
[2023-01-07T01:07:50.163+0100] {logging_mixin.py:137} INFO - [2023-01-07T01:07:50.162+0100] {dag.py:3423} INFO - Setting next_dagrun for latest_only_with_trigger to 2023-01-06T20:07:50.162544+00:00, run_after=2023-01-07T00:07:50.162544+00:00
[2023-01-07T01:07:50.423+0100] {processor.py:175} INFO - Processing /home/chrisfleig/.local/lib/python3.10/site-packages/airflow/example_dags/example_latest_only_with_trigger.py took 0.405 seconds
[2023-01-07T01:08:56.620+0100] {processor.py:153} INFO - Started process (PID=11403) to work on /home/chrisfleig/.local/lib/python3.10/site-packages/airflow/example_dags/example_latest_only_with_trigger.py
[2023-01-07T01:08:56.621+0100] {processor.py:743} INFO - Processing file /home/chrisfleig/.local/lib/python3.10/site-packages/airflow/example_dags/example_latest_only_with_trigger.py for tasks to queue
[2023-01-07T01:08:56.622+0100] {logging_mixin.py:137} INFO - [2023-01-07T01:08:56.622+0100] {dagbag.py:538} INFO - Filling up the DagBag from /home/chrisfleig/.local/lib/python3.10/site-packages/airflow/example_dags/example_latest_only_with_trigger.py
[2023-01-07T01:08:56.636+0100] {processor.py:753} INFO - DAG(s) dict_keys(['latest_only_with_trigger']) retrieved from /home/chrisfleig/.local/lib/python3.10/site-packages/airflow/example_dags/example_latest_only_with_trigger.py
[2023-01-07T01:08:56.657+0100] {logging_mixin.py:137} INFO - [2023-01-07T01:08:56.656+0100] {dag.py:2676} INFO - Sync 1 DAGs
[2023-01-07T01:08:56.766+0100] {logging_mixin.py:137} INFO - [2023-01-07T01:08:56.766+0100] {dag.py:3423} INFO - Setting next_dagrun for latest_only_with_trigger to 2023-01-06T20:08:56.766037+00:00, run_after=2023-01-07T00:08:56.766037+00:00
[2023-01-07T01:08:56.804+0100] {processor.py:175} INFO - Processing /home/chrisfleig/.local/lib/python3.10/site-packages/airflow/example_dags/example_latest_only_with_trigger.py took 0.189 seconds
[2023-01-07T01:10:02.077+0100] {processor.py:153} INFO - Started process (PID=11466) to work on /home/chrisfleig/.local/lib/python3.10/site-packages/airflow/example_dags/example_latest_only_with_trigger.py
[2023-01-07T01:10:02.078+0100] {processor.py:743} INFO - Processing file /home/chrisfleig/.local/lib/python3.10/site-packages/airflow/example_dags/example_latest_only_with_trigger.py for tasks to queue
[2023-01-07T01:10:02.079+0100] {logging_mixin.py:137} INFO - [2023-01-07T01:10:02.079+0100] {dagbag.py:538} INFO - Filling up the DagBag from /home/chrisfleig/.local/lib/python3.10/site-packages/airflow/example_dags/example_latest_only_with_trigger.py
[2023-01-07T01:10:02.092+0100] {processor.py:753} INFO - DAG(s) dict_keys(['latest_only_with_trigger']) retrieved from /home/chrisfleig/.local/lib/python3.10/site-packages/airflow/example_dags/example_latest_only_with_trigger.py
[2023-01-07T01:10:02.116+0100] {logging_mixin.py:137} INFO - [2023-01-07T01:10:02.115+0100] {dag.py:2676} INFO - Sync 1 DAGs
[2023-01-07T01:10:02.134+0100] {logging_mixin.py:137} INFO - [2023-01-07T01:10:02.134+0100] {dag.py:3423} INFO - Setting next_dagrun for latest_only_with_trigger to 2023-01-06T20:10:02.133927+00:00, run_after=2023-01-07T00:10:02.133927+00:00
[2023-01-07T01:10:02.171+0100] {processor.py:175} INFO - Processing /home/chrisfleig/.local/lib/python3.10/site-packages/airflow/example_dags/example_latest_only_with_trigger.py took 0.098 seconds
[2023-01-07T01:11:02.327+0100] {processor.py:153} INFO - Started process (PID=11523) to work on /home/chrisfleig/.local/lib/python3.10/site-packages/airflow/example_dags/example_latest_only_with_trigger.py
[2023-01-07T01:11:02.328+0100] {processor.py:743} INFO - Processing file /home/chrisfleig/.local/lib/python3.10/site-packages/airflow/example_dags/example_latest_only_with_trigger.py for tasks to queue
[2023-01-07T01:11:02.330+0100] {logging_mixin.py:137} INFO - [2023-01-07T01:11:02.330+0100] {dagbag.py:538} INFO - Filling up the DagBag from /home/chrisfleig/.local/lib/python3.10/site-packages/airflow/example_dags/example_latest_only_with_trigger.py
[2023-01-07T01:11:02.346+0100] {processor.py:753} INFO - DAG(s) dict_keys(['latest_only_with_trigger']) retrieved from /home/chrisfleig/.local/lib/python3.10/site-packages/airflow/example_dags/example_latest_only_with_trigger.py
[2023-01-07T01:11:02.367+0100] {logging_mixin.py:137} INFO - [2023-01-07T01:11:02.367+0100] {dag.py:2676} INFO - Sync 1 DAGs
[2023-01-07T01:11:02.385+0100] {logging_mixin.py:137} INFO - [2023-01-07T01:11:02.385+0100] {dag.py:3423} INFO - Setting next_dagrun for latest_only_with_trigger to 2023-01-06T20:11:02.385349+00:00, run_after=2023-01-07T00:11:02.385349+00:00
[2023-01-07T01:11:02.427+0100] {processor.py:175} INFO - Processing /home/chrisfleig/.local/lib/python3.10/site-packages/airflow/example_dags/example_latest_only_with_trigger.py took 0.104 seconds
[2023-01-07T01:12:01.530+0100] {processor.py:153} INFO - Started process (PID=11578) to work on /home/chrisfleig/.local/lib/python3.10/site-packages/airflow/example_dags/example_latest_only_with_trigger.py
[2023-01-07T01:12:01.532+0100] {processor.py:743} INFO - Processing file /home/chrisfleig/.local/lib/python3.10/site-packages/airflow/example_dags/example_latest_only_with_trigger.py for tasks to queue
[2023-01-07T01:12:01.533+0100] {logging_mixin.py:137} INFO - [2023-01-07T01:12:01.532+0100] {dagbag.py:538} INFO - Filling up the DagBag from /home/chrisfleig/.local/lib/python3.10/site-packages/airflow/example_dags/example_latest_only_with_trigger.py
[2023-01-07T01:12:01.546+0100] {processor.py:753} INFO - DAG(s) dict_keys(['latest_only_with_trigger']) retrieved from /home/chrisfleig/.local/lib/python3.10/site-packages/airflow/example_dags/example_latest_only_with_trigger.py
[2023-01-07T01:12:01.567+0100] {logging_mixin.py:137} INFO - [2023-01-07T01:12:01.567+0100] {dag.py:2676} INFO - Sync 1 DAGs
[2023-01-07T01:12:01.584+0100] {logging_mixin.py:137} INFO - [2023-01-07T01:12:01.584+0100] {dag.py:3423} INFO - Setting next_dagrun for latest_only_with_trigger to 2023-01-06T20:12:01.583973+00:00, run_after=2023-01-07T00:12:01.583973+00:00
[2023-01-07T01:12:01.623+0100] {processor.py:175} INFO - Processing /home/chrisfleig/.local/lib/python3.10/site-packages/airflow/example_dags/example_latest_only_with_trigger.py took 0.096 seconds
[2023-01-07T01:13:03.487+0100] {processor.py:153} INFO - Started process (PID=11642) to work on /home/chrisfleig/.local/lib/python3.10/site-packages/airflow/example_dags/example_latest_only_with_trigger.py
[2023-01-07T01:13:03.490+0100] {processor.py:743} INFO - Processing file /home/chrisfleig/.local/lib/python3.10/site-packages/airflow/example_dags/example_latest_only_with_trigger.py for tasks to queue
[2023-01-07T01:13:03.492+0100] {logging_mixin.py:137} INFO - [2023-01-07T01:13:03.491+0100] {dagbag.py:538} INFO - Filling up the DagBag from /home/chrisfleig/.local/lib/python3.10/site-packages/airflow/example_dags/example_latest_only_with_trigger.py
[2023-01-07T01:13:03.519+0100] {processor.py:753} INFO - DAG(s) dict_keys(['latest_only_with_trigger']) retrieved from /home/chrisfleig/.local/lib/python3.10/site-packages/airflow/example_dags/example_latest_only_with_trigger.py
[2023-01-07T01:13:03.542+0100] {logging_mixin.py:137} INFO - [2023-01-07T01:13:03.542+0100] {dag.py:2676} INFO - Sync 1 DAGs
[2023-01-07T01:13:03.560+0100] {logging_mixin.py:137} INFO - [2023-01-07T01:13:03.560+0100] {dag.py:3423} INFO - Setting next_dagrun for latest_only_with_trigger to 2023-01-06T20:13:03.560383+00:00, run_after=2023-01-07T00:13:03.560383+00:00
[2023-01-07T01:13:03.682+0100] {processor.py:175} INFO - Processing /home/chrisfleig/.local/lib/python3.10/site-packages/airflow/example_dags/example_latest_only_with_trigger.py took 0.211 seconds
[2023-01-07T01:14:12.847+0100] {processor.py:153} INFO - Started process (PID=11704) to work on /home/chrisfleig/.local/lib/python3.10/site-packages/airflow/example_dags/example_latest_only_with_trigger.py
[2023-01-07T01:14:12.848+0100] {processor.py:743} INFO - Processing file /home/chrisfleig/.local/lib/python3.10/site-packages/airflow/example_dags/example_latest_only_with_trigger.py for tasks to queue
[2023-01-07T01:14:12.849+0100] {logging_mixin.py:137} INFO - [2023-01-07T01:14:12.849+0100] {dagbag.py:538} INFO - Filling up the DagBag from /home/chrisfleig/.local/lib/python3.10/site-packages/airflow/example_dags/example_latest_only_with_trigger.py
[2023-01-07T01:14:12.862+0100] {processor.py:753} INFO - DAG(s) dict_keys(['latest_only_with_trigger']) retrieved from /home/chrisfleig/.local/lib/python3.10/site-packages/airflow/example_dags/example_latest_only_with_trigger.py
[2023-01-07T01:14:12.882+0100] {logging_mixin.py:137} INFO - [2023-01-07T01:14:12.882+0100] {dag.py:2676} INFO - Sync 1 DAGs
[2023-01-07T01:14:12.985+0100] {logging_mixin.py:137} INFO - [2023-01-07T01:14:12.985+0100] {dag.py:3423} INFO - Setting next_dagrun for latest_only_with_trigger to 2023-01-06T20:14:12.985277+00:00, run_after=2023-01-07T00:14:12.985277+00:00
[2023-01-07T01:14:13.040+0100] {processor.py:175} INFO - Processing /home/chrisfleig/.local/lib/python3.10/site-packages/airflow/example_dags/example_latest_only_with_trigger.py took 0.197 seconds
[2023-01-07T01:15:22.449+0100] {processor.py:153} INFO - Started process (PID=11768) to work on /home/chrisfleig/.local/lib/python3.10/site-packages/airflow/example_dags/example_latest_only_with_trigger.py
[2023-01-07T01:15:22.451+0100] {processor.py:743} INFO - Processing file /home/chrisfleig/.local/lib/python3.10/site-packages/airflow/example_dags/example_latest_only_with_trigger.py for tasks to queue
[2023-01-07T01:15:22.452+0100] {logging_mixin.py:137} INFO - [2023-01-07T01:15:22.451+0100] {dagbag.py:538} INFO - Filling up the DagBag from /home/chrisfleig/.local/lib/python3.10/site-packages/airflow/example_dags/example_latest_only_with_trigger.py
[2023-01-07T01:15:22.466+0100] {processor.py:753} INFO - DAG(s) dict_keys(['latest_only_with_trigger']) retrieved from /home/chrisfleig/.local/lib/python3.10/site-packages/airflow/example_dags/example_latest_only_with_trigger.py
[2023-01-07T01:15:22.489+0100] {logging_mixin.py:137} INFO - [2023-01-07T01:15:22.489+0100] {dag.py:2676} INFO - Sync 1 DAGs
[2023-01-07T01:15:22.510+0100] {logging_mixin.py:137} INFO - [2023-01-07T01:15:22.509+0100] {dag.py:3423} INFO - Setting next_dagrun for latest_only_with_trigger to 2023-01-06T20:15:22.509719+00:00, run_after=2023-01-07T00:15:22.509719+00:00
[2023-01-07T01:15:22.551+0100] {processor.py:175} INFO - Processing /home/chrisfleig/.local/lib/python3.10/site-packages/airflow/example_dags/example_latest_only_with_trigger.py took 0.105 seconds
[2023-01-07T01:16:19.841+0100] {processor.py:153} INFO - Started process (PID=11826) to work on /home/chrisfleig/.local/lib/python3.10/site-packages/airflow/example_dags/example_latest_only_with_trigger.py
[2023-01-07T01:16:19.842+0100] {processor.py:743} INFO - Processing file /home/chrisfleig/.local/lib/python3.10/site-packages/airflow/example_dags/example_latest_only_with_trigger.py for tasks to queue
[2023-01-07T01:16:19.842+0100] {logging_mixin.py:137} INFO - [2023-01-07T01:16:19.842+0100] {dagbag.py:538} INFO - Filling up the DagBag from /home/chrisfleig/.local/lib/python3.10/site-packages/airflow/example_dags/example_latest_only_with_trigger.py
[2023-01-07T01:16:19.861+0100] {processor.py:753} INFO - DAG(s) dict_keys(['latest_only_with_trigger']) retrieved from /home/chrisfleig/.local/lib/python3.10/site-packages/airflow/example_dags/example_latest_only_with_trigger.py
[2023-01-07T01:16:19.896+0100] {logging_mixin.py:137} INFO - [2023-01-07T01:16:19.895+0100] {dag.py:2676} INFO - Sync 1 DAGs
[2023-01-07T01:16:19.936+0100] {logging_mixin.py:137} INFO - [2023-01-07T01:16:19.936+0100] {dag.py:3423} INFO - Setting next_dagrun for latest_only_with_trigger to 2023-01-06T20:16:19.935536+00:00, run_after=2023-01-07T00:16:19.935536+00:00
[2023-01-07T01:16:19.995+0100] {processor.py:175} INFO - Processing /home/chrisfleig/.local/lib/python3.10/site-packages/airflow/example_dags/example_latest_only_with_trigger.py took 0.159 seconds
[2023-01-07T01:17:24.791+0100] {processor.py:153} INFO - Started process (PID=11893) to work on /home/chrisfleig/.local/lib/python3.10/site-packages/airflow/example_dags/example_latest_only_with_trigger.py
[2023-01-07T01:17:24.793+0100] {processor.py:743} INFO - Processing file /home/chrisfleig/.local/lib/python3.10/site-packages/airflow/example_dags/example_latest_only_with_trigger.py for tasks to queue
[2023-01-07T01:17:24.793+0100] {logging_mixin.py:137} INFO - [2023-01-07T01:17:24.793+0100] {dagbag.py:538} INFO - Filling up the DagBag from /home/chrisfleig/.local/lib/python3.10/site-packages/airflow/example_dags/example_latest_only_with_trigger.py
[2023-01-07T01:17:24.817+0100] {processor.py:753} INFO - DAG(s) dict_keys(['latest_only_with_trigger']) retrieved from /home/chrisfleig/.local/lib/python3.10/site-packages/airflow/example_dags/example_latest_only_with_trigger.py
[2023-01-07T01:17:24.843+0100] {logging_mixin.py:137} INFO - [2023-01-07T01:17:24.842+0100] {dag.py:2676} INFO - Sync 1 DAGs
[2023-01-07T01:17:24.864+0100] {logging_mixin.py:137} INFO - [2023-01-07T01:17:24.864+0100] {dag.py:3423} INFO - Setting next_dagrun for latest_only_with_trigger to 2023-01-06T20:17:24.864113+00:00, run_after=2023-01-07T00:17:24.864113+00:00
[2023-01-07T01:17:24.966+0100] {processor.py:175} INFO - Processing /home/chrisfleig/.local/lib/python3.10/site-packages/airflow/example_dags/example_latest_only_with_trigger.py took 0.179 seconds
[2023-01-07T01:18:35.185+0100] {processor.py:153} INFO - Started process (PID=11953) to work on /home/chrisfleig/.local/lib/python3.10/site-packages/airflow/example_dags/example_latest_only_with_trigger.py
[2023-01-07T01:18:35.187+0100] {processor.py:743} INFO - Processing file /home/chrisfleig/.local/lib/python3.10/site-packages/airflow/example_dags/example_latest_only_with_trigger.py for tasks to queue
[2023-01-07T01:18:35.187+0100] {logging_mixin.py:137} INFO - [2023-01-07T01:18:35.187+0100] {dagbag.py:538} INFO - Filling up the DagBag from /home/chrisfleig/.local/lib/python3.10/site-packages/airflow/example_dags/example_latest_only_with_trigger.py
[2023-01-07T01:18:35.201+0100] {processor.py:753} INFO - DAG(s) dict_keys(['latest_only_with_trigger']) retrieved from /home/chrisfleig/.local/lib/python3.10/site-packages/airflow/example_dags/example_latest_only_with_trigger.py
[2023-01-07T01:18:35.222+0100] {logging_mixin.py:137} INFO - [2023-01-07T01:18:35.222+0100] {dag.py:2676} INFO - Sync 1 DAGs
[2023-01-07T01:18:35.240+0100] {logging_mixin.py:137} INFO - [2023-01-07T01:18:35.240+0100] {dag.py:3423} INFO - Setting next_dagrun for latest_only_with_trigger to 2023-01-06T20:18:35.240384+00:00, run_after=2023-01-07T00:18:35.240384+00:00
[2023-01-07T01:18:35.365+0100] {processor.py:175} INFO - Processing /home/chrisfleig/.local/lib/python3.10/site-packages/airflow/example_dags/example_latest_only_with_trigger.py took 0.184 seconds
[2023-01-07T01:19:54.333+0100] {processor.py:153} INFO - Started process (PID=12018) to work on /home/chrisfleig/.local/lib/python3.10/site-packages/airflow/example_dags/example_latest_only_with_trigger.py
[2023-01-07T01:19:54.335+0100] {processor.py:743} INFO - Processing file /home/chrisfleig/.local/lib/python3.10/site-packages/airflow/example_dags/example_latest_only_with_trigger.py for tasks to queue
[2023-01-07T01:19:54.335+0100] {logging_mixin.py:137} INFO - [2023-01-07T01:19:54.335+0100] {dagbag.py:538} INFO - Filling up the DagBag from /home/chrisfleig/.local/lib/python3.10/site-packages/airflow/example_dags/example_latest_only_with_trigger.py
[2023-01-07T01:19:54.349+0100] {processor.py:753} INFO - DAG(s) dict_keys(['latest_only_with_trigger']) retrieved from /home/chrisfleig/.local/lib/python3.10/site-packages/airflow/example_dags/example_latest_only_with_trigger.py
[2023-01-07T01:19:54.370+0100] {logging_mixin.py:137} INFO - [2023-01-07T01:19:54.370+0100] {dag.py:2676} INFO - Sync 1 DAGs
[2023-01-07T01:19:54.471+0100] {logging_mixin.py:137} INFO - [2023-01-07T01:19:54.471+0100] {dag.py:3423} INFO - Setting next_dagrun for latest_only_with_trigger to 2023-01-06T20:19:54.471614+00:00, run_after=2023-01-07T00:19:54.471614+00:00
[2023-01-07T01:19:54.506+0100] {processor.py:175} INFO - Processing /home/chrisfleig/.local/lib/python3.10/site-packages/airflow/example_dags/example_latest_only_with_trigger.py took 0.177 seconds
[2023-01-07T01:20:57.417+0100] {processor.py:153} INFO - Started process (PID=12078) to work on /home/chrisfleig/.local/lib/python3.10/site-packages/airflow/example_dags/example_latest_only_with_trigger.py
[2023-01-07T01:20:57.419+0100] {processor.py:743} INFO - Processing file /home/chrisfleig/.local/lib/python3.10/site-packages/airflow/example_dags/example_latest_only_with_trigger.py for tasks to queue
[2023-01-07T01:20:57.420+0100] {logging_mixin.py:137} INFO - [2023-01-07T01:20:57.420+0100] {dagbag.py:538} INFO - Filling up the DagBag from /home/chrisfleig/.local/lib/python3.10/site-packages/airflow/example_dags/example_latest_only_with_trigger.py
[2023-01-07T01:20:57.435+0100] {processor.py:753} INFO - DAG(s) dict_keys(['latest_only_with_trigger']) retrieved from /home/chrisfleig/.local/lib/python3.10/site-packages/airflow/example_dags/example_latest_only_with_trigger.py
[2023-01-07T01:20:57.460+0100] {logging_mixin.py:137} INFO - [2023-01-07T01:20:57.460+0100] {dag.py:2676} INFO - Sync 1 DAGs
[2023-01-07T01:20:57.484+0100] {logging_mixin.py:137} INFO - [2023-01-07T01:20:57.484+0100] {dag.py:3423} INFO - Setting next_dagrun for latest_only_with_trigger to 2023-01-06T20:20:57.484347+00:00, run_after=2023-01-07T00:20:57.484347+00:00
[2023-01-07T01:20:57.553+0100] {processor.py:175} INFO - Processing /home/chrisfleig/.local/lib/python3.10/site-packages/airflow/example_dags/example_latest_only_with_trigger.py took 0.143 seconds
[2023-01-07T01:21:54.938+0100] {processor.py:153} INFO - Started process (PID=12134) to work on /home/chrisfleig/.local/lib/python3.10/site-packages/airflow/example_dags/example_latest_only_with_trigger.py
[2023-01-07T01:21:54.939+0100] {processor.py:743} INFO - Processing file /home/chrisfleig/.local/lib/python3.10/site-packages/airflow/example_dags/example_latest_only_with_trigger.py for tasks to queue
[2023-01-07T01:21:54.939+0100] {logging_mixin.py:137} INFO - [2023-01-07T01:21:54.939+0100] {dagbag.py:538} INFO - Filling up the DagBag from /home/chrisfleig/.local/lib/python3.10/site-packages/airflow/example_dags/example_latest_only_with_trigger.py
[2023-01-07T01:21:54.953+0100] {processor.py:753} INFO - DAG(s) dict_keys(['latest_only_with_trigger']) retrieved from /home/chrisfleig/.local/lib/python3.10/site-packages/airflow/example_dags/example_latest_only_with_trigger.py
[2023-01-07T01:21:54.975+0100] {logging_mixin.py:137} INFO - [2023-01-07T01:21:54.975+0100] {dag.py:2676} INFO - Sync 1 DAGs
[2023-01-07T01:21:54.993+0100] {logging_mixin.py:137} INFO - [2023-01-07T01:21:54.993+0100] {dag.py:3423} INFO - Setting next_dagrun for latest_only_with_trigger to 2023-01-06T20:21:54.993001+00:00, run_after=2023-01-07T00:21:54.993001+00:00
[2023-01-07T01:21:55.037+0100] {processor.py:175} INFO - Processing /home/chrisfleig/.local/lib/python3.10/site-packages/airflow/example_dags/example_latest_only_with_trigger.py took 0.103 seconds
[2023-01-07T01:22:59.509+0100] {processor.py:153} INFO - Started process (PID=12192) to work on /home/chrisfleig/.local/lib/python3.10/site-packages/airflow/example_dags/example_latest_only_with_trigger.py
[2023-01-07T01:22:59.510+0100] {processor.py:743} INFO - Processing file /home/chrisfleig/.local/lib/python3.10/site-packages/airflow/example_dags/example_latest_only_with_trigger.py for tasks to queue
[2023-01-07T01:22:59.511+0100] {logging_mixin.py:137} INFO - [2023-01-07T01:22:59.511+0100] {dagbag.py:538} INFO - Filling up the DagBag from /home/chrisfleig/.local/lib/python3.10/site-packages/airflow/example_dags/example_latest_only_with_trigger.py
[2023-01-07T01:22:59.525+0100] {processor.py:753} INFO - DAG(s) dict_keys(['latest_only_with_trigger']) retrieved from /home/chrisfleig/.local/lib/python3.10/site-packages/airflow/example_dags/example_latest_only_with_trigger.py
[2023-01-07T01:22:59.544+0100] {logging_mixin.py:137} INFO - [2023-01-07T01:22:59.544+0100] {dag.py:2676} INFO - Sync 1 DAGs
[2023-01-07T01:22:59.560+0100] {logging_mixin.py:137} INFO - [2023-01-07T01:22:59.560+0100] {dag.py:3423} INFO - Setting next_dagrun for latest_only_with_trigger to 2023-01-06T20:22:59.560011+00:00, run_after=2023-01-07T00:22:59.560011+00:00
[2023-01-07T01:22:59.681+0100] {processor.py:175} INFO - Processing /home/chrisfleig/.local/lib/python3.10/site-packages/airflow/example_dags/example_latest_only_with_trigger.py took 0.176 seconds
[2023-01-07T01:24:01.028+0100] {processor.py:153} INFO - Started process (PID=12251) to work on /home/chrisfleig/.local/lib/python3.10/site-packages/airflow/example_dags/example_latest_only_with_trigger.py
[2023-01-07T01:24:01.029+0100] {processor.py:743} INFO - Processing file /home/chrisfleig/.local/lib/python3.10/site-packages/airflow/example_dags/example_latest_only_with_trigger.py for tasks to queue
[2023-01-07T01:24:01.030+0100] {logging_mixin.py:137} INFO - [2023-01-07T01:24:01.030+0100] {dagbag.py:538} INFO - Filling up the DagBag from /home/chrisfleig/.local/lib/python3.10/site-packages/airflow/example_dags/example_latest_only_with_trigger.py
[2023-01-07T01:24:01.043+0100] {processor.py:753} INFO - DAG(s) dict_keys(['latest_only_with_trigger']) retrieved from /home/chrisfleig/.local/lib/python3.10/site-packages/airflow/example_dags/example_latest_only_with_trigger.py
[2023-01-07T01:24:01.064+0100] {logging_mixin.py:137} INFO - [2023-01-07T01:24:01.064+0100] {dag.py:2676} INFO - Sync 1 DAGs
[2023-01-07T01:24:01.171+0100] {logging_mixin.py:137} INFO - [2023-01-07T01:24:01.170+0100] {dag.py:3423} INFO - Setting next_dagrun for latest_only_with_trigger to 2023-01-06T20:24:01.170707+00:00, run_after=2023-01-07T00:24:01.170707+00:00
[2023-01-07T01:24:01.204+0100] {processor.py:175} INFO - Processing /home/chrisfleig/.local/lib/python3.10/site-packages/airflow/example_dags/example_latest_only_with_trigger.py took 0.179 seconds
[2023-01-07T01:25:07.782+0100] {processor.py:153} INFO - Started process (PID=12309) to work on /home/chrisfleig/.local/lib/python3.10/site-packages/airflow/example_dags/example_latest_only_with_trigger.py
[2023-01-07T01:25:07.783+0100] {processor.py:743} INFO - Processing file /home/chrisfleig/.local/lib/python3.10/site-packages/airflow/example_dags/example_latest_only_with_trigger.py for tasks to queue
[2023-01-07T01:25:07.784+0100] {logging_mixin.py:137} INFO - [2023-01-07T01:25:07.784+0100] {dagbag.py:538} INFO - Filling up the DagBag from /home/chrisfleig/.local/lib/python3.10/site-packages/airflow/example_dags/example_latest_only_with_trigger.py
[2023-01-07T01:25:07.802+0100] {processor.py:753} INFO - DAG(s) dict_keys(['latest_only_with_trigger']) retrieved from /home/chrisfleig/.local/lib/python3.10/site-packages/airflow/example_dags/example_latest_only_with_trigger.py
[2023-01-07T01:25:07.958+0100] {logging_mixin.py:137} INFO - [2023-01-07T01:25:07.958+0100] {dag.py:2676} INFO - Sync 1 DAGs
[2023-01-07T01:25:07.988+0100] {logging_mixin.py:137} INFO - [2023-01-07T01:25:07.987+0100] {dag.py:3423} INFO - Setting next_dagrun for latest_only_with_trigger to 2023-01-06T20:25:07.987593+00:00, run_after=2023-01-07T00:25:07.987593+00:00
[2023-01-07T01:25:08.033+0100] {processor.py:175} INFO - Processing /home/chrisfleig/.local/lib/python3.10/site-packages/airflow/example_dags/example_latest_only_with_trigger.py took 0.254 seconds
[2023-01-07T01:26:12.300+0100] {processor.py:153} INFO - Started process (PID=12369) to work on /home/chrisfleig/.local/lib/python3.10/site-packages/airflow/example_dags/example_latest_only_with_trigger.py
[2023-01-07T01:26:12.301+0100] {processor.py:743} INFO - Processing file /home/chrisfleig/.local/lib/python3.10/site-packages/airflow/example_dags/example_latest_only_with_trigger.py for tasks to queue
[2023-01-07T01:26:12.302+0100] {logging_mixin.py:137} INFO - [2023-01-07T01:26:12.302+0100] {dagbag.py:538} INFO - Filling up the DagBag from /home/chrisfleig/.local/lib/python3.10/site-packages/airflow/example_dags/example_latest_only_with_trigger.py
[2023-01-07T01:26:12.317+0100] {processor.py:753} INFO - DAG(s) dict_keys(['latest_only_with_trigger']) retrieved from /home/chrisfleig/.local/lib/python3.10/site-packages/airflow/example_dags/example_latest_only_with_trigger.py
[2023-01-07T01:26:12.338+0100] {logging_mixin.py:137} INFO - [2023-01-07T01:26:12.338+0100] {dag.py:2676} INFO - Sync 1 DAGs
[2023-01-07T01:26:12.354+0100] {logging_mixin.py:137} INFO - [2023-01-07T01:26:12.354+0100] {dag.py:3423} INFO - Setting next_dagrun for latest_only_with_trigger to 2023-01-06T20:26:12.354614+00:00, run_after=2023-01-07T00:26:12.354614+00:00
[2023-01-07T01:26:12.395+0100] {processor.py:175} INFO - Processing /home/chrisfleig/.local/lib/python3.10/site-packages/airflow/example_dags/example_latest_only_with_trigger.py took 0.098 seconds
[2023-01-07T01:27:15.209+0100] {processor.py:153} INFO - Started process (PID=12427) to work on /home/chrisfleig/.local/lib/python3.10/site-packages/airflow/example_dags/example_latest_only_with_trigger.py
[2023-01-07T01:27:15.211+0100] {processor.py:743} INFO - Processing file /home/chrisfleig/.local/lib/python3.10/site-packages/airflow/example_dags/example_latest_only_with_trigger.py for tasks to queue
[2023-01-07T01:27:15.211+0100] {logging_mixin.py:137} INFO - [2023-01-07T01:27:15.211+0100] {dagbag.py:538} INFO - Filling up the DagBag from /home/chrisfleig/.local/lib/python3.10/site-packages/airflow/example_dags/example_latest_only_with_trigger.py
[2023-01-07T01:27:15.224+0100] {processor.py:753} INFO - DAG(s) dict_keys(['latest_only_with_trigger']) retrieved from /home/chrisfleig/.local/lib/python3.10/site-packages/airflow/example_dags/example_latest_only_with_trigger.py
[2023-01-07T01:27:15.244+0100] {logging_mixin.py:137} INFO - [2023-01-07T01:27:15.244+0100] {dag.py:2676} INFO - Sync 1 DAGs
[2023-01-07T01:27:15.260+0100] {logging_mixin.py:137} INFO - [2023-01-07T01:27:15.260+0100] {dag.py:3423} INFO - Setting next_dagrun for latest_only_with_trigger to 2023-01-06T20:27:15.260331+00:00, run_after=2023-01-07T00:27:15.260331+00:00
[2023-01-07T01:27:15.296+0100] {processor.py:175} INFO - Processing /home/chrisfleig/.local/lib/python3.10/site-packages/airflow/example_dags/example_latest_only_with_trigger.py took 0.090 seconds
[2023-01-07T01:28:18.208+0100] {processor.py:153} INFO - Started process (PID=12488) to work on /home/chrisfleig/.local/lib/python3.10/site-packages/airflow/example_dags/example_latest_only_with_trigger.py
[2023-01-07T01:28:18.210+0100] {processor.py:743} INFO - Processing file /home/chrisfleig/.local/lib/python3.10/site-packages/airflow/example_dags/example_latest_only_with_trigger.py for tasks to queue
[2023-01-07T01:28:18.210+0100] {logging_mixin.py:137} INFO - [2023-01-07T01:28:18.210+0100] {dagbag.py:538} INFO - Filling up the DagBag from /home/chrisfleig/.local/lib/python3.10/site-packages/airflow/example_dags/example_latest_only_with_trigger.py
[2023-01-07T01:28:18.225+0100] {processor.py:753} INFO - DAG(s) dict_keys(['latest_only_with_trigger']) retrieved from /home/chrisfleig/.local/lib/python3.10/site-packages/airflow/example_dags/example_latest_only_with_trigger.py
[2023-01-07T01:28:18.248+0100] {logging_mixin.py:137} INFO - [2023-01-07T01:28:18.248+0100] {dag.py:2676} INFO - Sync 1 DAGs
[2023-01-07T01:28:18.269+0100] {logging_mixin.py:137} INFO - [2023-01-07T01:28:18.269+0100] {dag.py:3423} INFO - Setting next_dagrun for latest_only_with_trigger to 2023-01-06T20:28:18.268940+00:00, run_after=2023-01-07T00:28:18.268940+00:00
[2023-01-07T01:28:18.403+0100] {processor.py:175} INFO - Processing /home/chrisfleig/.local/lib/python3.10/site-packages/airflow/example_dags/example_latest_only_with_trigger.py took 0.198 seconds
[2023-01-07T01:29:22.151+0100] {processor.py:153} INFO - Started process (PID=12634) to work on /home/chrisfleig/.local/lib/python3.10/site-packages/airflow/example_dags/example_latest_only_with_trigger.py
[2023-01-07T01:29:22.152+0100] {processor.py:743} INFO - Processing file /home/chrisfleig/.local/lib/python3.10/site-packages/airflow/example_dags/example_latest_only_with_trigger.py for tasks to queue
[2023-01-07T01:29:22.153+0100] {logging_mixin.py:137} INFO - [2023-01-07T01:29:22.153+0100] {dagbag.py:538} INFO - Filling up the DagBag from /home/chrisfleig/.local/lib/python3.10/site-packages/airflow/example_dags/example_latest_only_with_trigger.py
[2023-01-07T01:29:22.171+0100] {processor.py:753} INFO - DAG(s) dict_keys(['latest_only_with_trigger']) retrieved from /home/chrisfleig/.local/lib/python3.10/site-packages/airflow/example_dags/example_latest_only_with_trigger.py
[2023-01-07T01:29:22.202+0100] {logging_mixin.py:137} INFO - [2023-01-07T01:29:22.202+0100] {dag.py:2676} INFO - Sync 1 DAGs
[2023-01-07T01:29:22.427+0100] {logging_mixin.py:137} INFO - [2023-01-07T01:29:22.427+0100] {dag.py:3423} INFO - Setting next_dagrun for latest_only_with_trigger to 2023-01-06T20:29:22.426490+00:00, run_after=2023-01-07T00:29:22.426490+00:00
[2023-01-07T01:29:22.502+0100] {processor.py:175} INFO - Processing /home/chrisfleig/.local/lib/python3.10/site-packages/airflow/example_dags/example_latest_only_with_trigger.py took 0.353 seconds
[2023-01-07T01:30:26.197+0100] {processor.py:153} INFO - Started process (PID=12723) to work on /home/chrisfleig/.local/lib/python3.10/site-packages/airflow/example_dags/example_latest_only_with_trigger.py
[2023-01-07T01:30:26.198+0100] {processor.py:743} INFO - Processing file /home/chrisfleig/.local/lib/python3.10/site-packages/airflow/example_dags/example_latest_only_with_trigger.py for tasks to queue
[2023-01-07T01:30:26.199+0100] {logging_mixin.py:137} INFO - [2023-01-07T01:30:26.199+0100] {dagbag.py:538} INFO - Filling up the DagBag from /home/chrisfleig/.local/lib/python3.10/site-packages/airflow/example_dags/example_latest_only_with_trigger.py
[2023-01-07T01:30:26.212+0100] {processor.py:753} INFO - DAG(s) dict_keys(['latest_only_with_trigger']) retrieved from /home/chrisfleig/.local/lib/python3.10/site-packages/airflow/example_dags/example_latest_only_with_trigger.py
[2023-01-07T01:30:26.325+0100] {logging_mixin.py:137} INFO - [2023-01-07T01:30:26.325+0100] {dag.py:2676} INFO - Sync 1 DAGs
[2023-01-07T01:30:26.339+0100] {logging_mixin.py:137} INFO - [2023-01-07T01:30:26.339+0100] {dag.py:3423} INFO - Setting next_dagrun for latest_only_with_trigger to 2023-01-06T20:30:26.339155+00:00, run_after=2023-01-07T00:30:26.339155+00:00
[2023-01-07T01:30:26.375+0100] {processor.py:175} INFO - Processing /home/chrisfleig/.local/lib/python3.10/site-packages/airflow/example_dags/example_latest_only_with_trigger.py took 0.182 seconds
[2023-01-07T01:31:20.732+0100] {processor.py:153} INFO - Started process (PID=12775) to work on /home/chrisfleig/.local/lib/python3.10/site-packages/airflow/example_dags/example_latest_only_with_trigger.py
[2023-01-07T01:31:20.734+0100] {processor.py:743} INFO - Processing file /home/chrisfleig/.local/lib/python3.10/site-packages/airflow/example_dags/example_latest_only_with_trigger.py for tasks to queue
[2023-01-07T01:31:20.735+0100] {logging_mixin.py:137} INFO - [2023-01-07T01:31:20.734+0100] {dagbag.py:538} INFO - Filling up the DagBag from /home/chrisfleig/.local/lib/python3.10/site-packages/airflow/example_dags/example_latest_only_with_trigger.py
[2023-01-07T01:31:20.750+0100] {processor.py:753} INFO - DAG(s) dict_keys(['latest_only_with_trigger']) retrieved from /home/chrisfleig/.local/lib/python3.10/site-packages/airflow/example_dags/example_latest_only_with_trigger.py
[2023-01-07T01:31:20.769+0100] {logging_mixin.py:137} INFO - [2023-01-07T01:31:20.769+0100] {dag.py:2676} INFO - Sync 1 DAGs
[2023-01-07T01:31:20.785+0100] {logging_mixin.py:137} INFO - [2023-01-07T01:31:20.785+0100] {dag.py:3423} INFO - Setting next_dagrun for latest_only_with_trigger to 2023-01-06T20:31:20.785544+00:00, run_after=2023-01-07T00:31:20.785544+00:00
[2023-01-07T01:31:20.823+0100] {processor.py:175} INFO - Processing /home/chrisfleig/.local/lib/python3.10/site-packages/airflow/example_dags/example_latest_only_with_trigger.py took 0.096 seconds
[2023-01-07T01:32:21.107+0100] {processor.py:153} INFO - Started process (PID=12832) to work on /home/chrisfleig/.local/lib/python3.10/site-packages/airflow/example_dags/example_latest_only_with_trigger.py
[2023-01-07T01:32:21.108+0100] {processor.py:743} INFO - Processing file /home/chrisfleig/.local/lib/python3.10/site-packages/airflow/example_dags/example_latest_only_with_trigger.py for tasks to queue
[2023-01-07T01:32:21.108+0100] {logging_mixin.py:137} INFO - [2023-01-07T01:32:21.108+0100] {dagbag.py:538} INFO - Filling up the DagBag from /home/chrisfleig/.local/lib/python3.10/site-packages/airflow/example_dags/example_latest_only_with_trigger.py
[2023-01-07T01:32:21.122+0100] {processor.py:753} INFO - DAG(s) dict_keys(['latest_only_with_trigger']) retrieved from /home/chrisfleig/.local/lib/python3.10/site-packages/airflow/example_dags/example_latest_only_with_trigger.py
[2023-01-07T01:32:21.143+0100] {logging_mixin.py:137} INFO - [2023-01-07T01:32:21.143+0100] {dag.py:2676} INFO - Sync 1 DAGs
[2023-01-07T01:32:21.161+0100] {logging_mixin.py:137} INFO - [2023-01-07T01:32:21.161+0100] {dag.py:3423} INFO - Setting next_dagrun for latest_only_with_trigger to 2023-01-06T20:32:21.160978+00:00, run_after=2023-01-07T00:32:21.160978+00:00
[2023-01-07T01:32:21.201+0100] {processor.py:175} INFO - Processing /home/chrisfleig/.local/lib/python3.10/site-packages/airflow/example_dags/example_latest_only_with_trigger.py took 0.097 seconds
[2023-01-07T01:33:25.242+0100] {processor.py:153} INFO - Started process (PID=12888) to work on /home/chrisfleig/.local/lib/python3.10/site-packages/airflow/example_dags/example_latest_only_with_trigger.py
[2023-01-07T01:33:25.244+0100] {processor.py:743} INFO - Processing file /home/chrisfleig/.local/lib/python3.10/site-packages/airflow/example_dags/example_latest_only_with_trigger.py for tasks to queue
[2023-01-07T01:33:25.245+0100] {logging_mixin.py:137} INFO - [2023-01-07T01:33:25.244+0100] {dagbag.py:538} INFO - Filling up the DagBag from /home/chrisfleig/.local/lib/python3.10/site-packages/airflow/example_dags/example_latest_only_with_trigger.py
[2023-01-07T01:33:25.259+0100] {processor.py:753} INFO - DAG(s) dict_keys(['latest_only_with_trigger']) retrieved from /home/chrisfleig/.local/lib/python3.10/site-packages/airflow/example_dags/example_latest_only_with_trigger.py
[2023-01-07T01:33:25.280+0100] {logging_mixin.py:137} INFO - [2023-01-07T01:33:25.280+0100] {dag.py:2676} INFO - Sync 1 DAGs
[2023-01-07T01:33:25.297+0100] {logging_mixin.py:137} INFO - [2023-01-07T01:33:25.297+0100] {dag.py:3423} INFO - Setting next_dagrun for latest_only_with_trigger to 2023-01-06T20:33:25.297441+00:00, run_after=2023-01-07T00:33:25.297441+00:00
[2023-01-07T01:33:25.429+0100] {processor.py:175} INFO - Processing /home/chrisfleig/.local/lib/python3.10/site-packages/airflow/example_dags/example_latest_only_with_trigger.py took 0.191 seconds
[2023-01-07T01:34:53.476+0100] {processor.py:153} INFO - Started process (PID=12958) to work on /home/chrisfleig/.local/lib/python3.10/site-packages/airflow/example_dags/example_latest_only_with_trigger.py
[2023-01-07T01:34:53.478+0100] {processor.py:743} INFO - Processing file /home/chrisfleig/.local/lib/python3.10/site-packages/airflow/example_dags/example_latest_only_with_trigger.py for tasks to queue
[2023-01-07T01:34:53.479+0100] {logging_mixin.py:137} INFO - [2023-01-07T01:34:53.478+0100] {dagbag.py:538} INFO - Filling up the DagBag from /home/chrisfleig/.local/lib/python3.10/site-packages/airflow/example_dags/example_latest_only_with_trigger.py
[2023-01-07T01:34:53.499+0100] {processor.py:753} INFO - DAG(s) dict_keys(['latest_only_with_trigger']) retrieved from /home/chrisfleig/.local/lib/python3.10/site-packages/airflow/example_dags/example_latest_only_with_trigger.py
[2023-01-07T01:34:53.528+0100] {logging_mixin.py:137} INFO - [2023-01-07T01:34:53.528+0100] {dag.py:2676} INFO - Sync 1 DAGs
[2023-01-07T01:34:53.644+0100] {logging_mixin.py:137} INFO - [2023-01-07T01:34:53.643+0100] {dag.py:3423} INFO - Setting next_dagrun for latest_only_with_trigger to 2023-01-06T20:34:53.643824+00:00, run_after=2023-01-07T00:34:53.643824+00:00
[2023-01-07T01:34:53.697+0100] {processor.py:175} INFO - Processing /home/chrisfleig/.local/lib/python3.10/site-packages/airflow/example_dags/example_latest_only_with_trigger.py took 0.224 seconds
[2023-01-07T01:36:01.486+0100] {processor.py:153} INFO - Started process (PID=13021) to work on /home/chrisfleig/.local/lib/python3.10/site-packages/airflow/example_dags/example_latest_only_with_trigger.py
[2023-01-07T01:36:01.488+0100] {processor.py:743} INFO - Processing file /home/chrisfleig/.local/lib/python3.10/site-packages/airflow/example_dags/example_latest_only_with_trigger.py for tasks to queue
[2023-01-07T01:36:01.489+0100] {logging_mixin.py:137} INFO - [2023-01-07T01:36:01.489+0100] {dagbag.py:538} INFO - Filling up the DagBag from /home/chrisfleig/.local/lib/python3.10/site-packages/airflow/example_dags/example_latest_only_with_trigger.py
[2023-01-07T01:36:01.503+0100] {processor.py:753} INFO - DAG(s) dict_keys(['latest_only_with_trigger']) retrieved from /home/chrisfleig/.local/lib/python3.10/site-packages/airflow/example_dags/example_latest_only_with_trigger.py
[2023-01-07T01:36:01.525+0100] {logging_mixin.py:137} INFO - [2023-01-07T01:36:01.524+0100] {dag.py:2676} INFO - Sync 1 DAGs
[2023-01-07T01:36:01.543+0100] {logging_mixin.py:137} INFO - [2023-01-07T01:36:01.543+0100] {dag.py:3423} INFO - Setting next_dagrun for latest_only_with_trigger to 2023-01-06T20:36:01.543577+00:00, run_after=2023-01-07T00:36:01.543577+00:00
[2023-01-07T01:36:01.582+0100] {processor.py:175} INFO - Processing /home/chrisfleig/.local/lib/python3.10/site-packages/airflow/example_dags/example_latest_only_with_trigger.py took 0.099 seconds
[2023-01-07T01:37:03.362+0100] {processor.py:153} INFO - Started process (PID=13078) to work on /home/chrisfleig/.local/lib/python3.10/site-packages/airflow/example_dags/example_latest_only_with_trigger.py
[2023-01-07T01:37:03.364+0100] {processor.py:743} INFO - Processing file /home/chrisfleig/.local/lib/python3.10/site-packages/airflow/example_dags/example_latest_only_with_trigger.py for tasks to queue
[2023-01-07T01:37:03.365+0100] {logging_mixin.py:137} INFO - [2023-01-07T01:37:03.364+0100] {dagbag.py:538} INFO - Filling up the DagBag from /home/chrisfleig/.local/lib/python3.10/site-packages/airflow/example_dags/example_latest_only_with_trigger.py
[2023-01-07T01:37:03.379+0100] {processor.py:753} INFO - DAG(s) dict_keys(['latest_only_with_trigger']) retrieved from /home/chrisfleig/.local/lib/python3.10/site-packages/airflow/example_dags/example_latest_only_with_trigger.py
[2023-01-07T01:37:03.399+0100] {logging_mixin.py:137} INFO - [2023-01-07T01:37:03.399+0100] {dag.py:2676} INFO - Sync 1 DAGs
[2023-01-07T01:37:03.416+0100] {logging_mixin.py:137} INFO - [2023-01-07T01:37:03.416+0100] {dag.py:3423} INFO - Setting next_dagrun for latest_only_with_trigger to 2023-01-06T20:37:03.415793+00:00, run_after=2023-01-07T00:37:03.415793+00:00
[2023-01-07T01:37:03.455+0100] {processor.py:175} INFO - Processing /home/chrisfleig/.local/lib/python3.10/site-packages/airflow/example_dags/example_latest_only_with_trigger.py took 0.097 seconds
[2023-01-07T01:38:02.041+0100] {processor.py:153} INFO - Started process (PID=13134) to work on /home/chrisfleig/.local/lib/python3.10/site-packages/airflow/example_dags/example_latest_only_with_trigger.py
[2023-01-07T01:38:02.043+0100] {processor.py:743} INFO - Processing file /home/chrisfleig/.local/lib/python3.10/site-packages/airflow/example_dags/example_latest_only_with_trigger.py for tasks to queue
[2023-01-07T01:38:02.044+0100] {logging_mixin.py:137} INFO - [2023-01-07T01:38:02.043+0100] {dagbag.py:538} INFO - Filling up the DagBag from /home/chrisfleig/.local/lib/python3.10/site-packages/airflow/example_dags/example_latest_only_with_trigger.py
[2023-01-07T01:38:02.062+0100] {processor.py:753} INFO - DAG(s) dict_keys(['latest_only_with_trigger']) retrieved from /home/chrisfleig/.local/lib/python3.10/site-packages/airflow/example_dags/example_latest_only_with_trigger.py
[2023-01-07T01:38:02.132+0100] {logging_mixin.py:137} INFO - [2023-01-07T01:38:02.132+0100] {dag.py:2676} INFO - Sync 1 DAGs
[2023-01-07T01:38:02.150+0100] {logging_mixin.py:137} INFO - [2023-01-07T01:38:02.150+0100] {dag.py:3423} INFO - Setting next_dagrun for latest_only_with_trigger to 2023-01-06T20:38:02.149963+00:00, run_after=2023-01-07T00:38:02.149963+00:00
[2023-01-07T01:38:02.296+0100] {processor.py:175} INFO - Processing /home/chrisfleig/.local/lib/python3.10/site-packages/airflow/example_dags/example_latest_only_with_trigger.py took 0.259 seconds
[2023-01-07T01:39:03.805+0100] {processor.py:153} INFO - Started process (PID=13190) to work on /home/chrisfleig/.local/lib/python3.10/site-packages/airflow/example_dags/example_latest_only_with_trigger.py
[2023-01-07T01:39:03.807+0100] {processor.py:743} INFO - Processing file /home/chrisfleig/.local/lib/python3.10/site-packages/airflow/example_dags/example_latest_only_with_trigger.py for tasks to queue
[2023-01-07T01:39:03.807+0100] {logging_mixin.py:137} INFO - [2023-01-07T01:39:03.807+0100] {dagbag.py:538} INFO - Filling up the DagBag from /home/chrisfleig/.local/lib/python3.10/site-packages/airflow/example_dags/example_latest_only_with_trigger.py
[2023-01-07T01:39:03.825+0100] {processor.py:753} INFO - DAG(s) dict_keys(['latest_only_with_trigger']) retrieved from /home/chrisfleig/.local/lib/python3.10/site-packages/airflow/example_dags/example_latest_only_with_trigger.py
[2023-01-07T01:39:03.845+0100] {logging_mixin.py:137} INFO - [2023-01-07T01:39:03.845+0100] {dag.py:2676} INFO - Sync 1 DAGs
[2023-01-07T01:39:03.950+0100] {logging_mixin.py:137} INFO - [2023-01-07T01:39:03.950+0100] {dag.py:3423} INFO - Setting next_dagrun for latest_only_with_trigger to 2023-01-06T20:39:03.950150+00:00, run_after=2023-01-07T00:39:03.950150+00:00
[2023-01-07T01:39:03.987+0100] {processor.py:175} INFO - Processing /home/chrisfleig/.local/lib/python3.10/site-packages/airflow/example_dags/example_latest_only_with_trigger.py took 0.186 seconds
[2023-01-07T01:40:17.215+0100] {processor.py:153} INFO - Started process (PID=13253) to work on /home/chrisfleig/.local/lib/python3.10/site-packages/airflow/example_dags/example_latest_only_with_trigger.py
[2023-01-07T01:40:17.216+0100] {processor.py:743} INFO - Processing file /home/chrisfleig/.local/lib/python3.10/site-packages/airflow/example_dags/example_latest_only_with_trigger.py for tasks to queue
[2023-01-07T01:40:17.217+0100] {logging_mixin.py:137} INFO - [2023-01-07T01:40:17.217+0100] {dagbag.py:538} INFO - Filling up the DagBag from /home/chrisfleig/.local/lib/python3.10/site-packages/airflow/example_dags/example_latest_only_with_trigger.py
[2023-01-07T01:40:17.232+0100] {processor.py:753} INFO - DAG(s) dict_keys(['latest_only_with_trigger']) retrieved from /home/chrisfleig/.local/lib/python3.10/site-packages/airflow/example_dags/example_latest_only_with_trigger.py
[2023-01-07T01:40:17.256+0100] {logging_mixin.py:137} INFO - [2023-01-07T01:40:17.256+0100] {dag.py:2676} INFO - Sync 1 DAGs
[2023-01-07T01:40:17.376+0100] {logging_mixin.py:137} INFO - [2023-01-07T01:40:17.376+0100] {dag.py:3423} INFO - Setting next_dagrun for latest_only_with_trigger to 2023-01-06T20:40:17.375750+00:00, run_after=2023-01-07T00:40:17.375750+00:00
[2023-01-07T01:40:17.417+0100] {processor.py:175} INFO - Processing /home/chrisfleig/.local/lib/python3.10/site-packages/airflow/example_dags/example_latest_only_with_trigger.py took 0.205 seconds
[2023-01-07T01:41:25.168+0100] {processor.py:153} INFO - Started process (PID=13313) to work on /home/chrisfleig/.local/lib/python3.10/site-packages/airflow/example_dags/example_latest_only_with_trigger.py
[2023-01-07T01:41:25.174+0100] {processor.py:743} INFO - Processing file /home/chrisfleig/.local/lib/python3.10/site-packages/airflow/example_dags/example_latest_only_with_trigger.py for tasks to queue
[2023-01-07T01:41:25.179+0100] {logging_mixin.py:137} INFO - [2023-01-07T01:41:25.178+0100] {dagbag.py:538} INFO - Filling up the DagBag from /home/chrisfleig/.local/lib/python3.10/site-packages/airflow/example_dags/example_latest_only_with_trigger.py
[2023-01-07T01:41:25.208+0100] {processor.py:753} INFO - DAG(s) dict_keys(['latest_only_with_trigger']) retrieved from /home/chrisfleig/.local/lib/python3.10/site-packages/airflow/example_dags/example_latest_only_with_trigger.py
[2023-01-07T01:41:25.282+0100] {logging_mixin.py:137} INFO - [2023-01-07T01:41:25.282+0100] {dag.py:2676} INFO - Sync 1 DAGs
[2023-01-07T01:41:25.323+0100] {logging_mixin.py:137} INFO - [2023-01-07T01:41:25.322+0100] {dag.py:3423} INFO - Setting next_dagrun for latest_only_with_trigger to 2023-01-06T20:41:25.322651+00:00, run_after=2023-01-07T00:41:25.322651+00:00
[2023-01-07T01:41:25.418+0100] {processor.py:175} INFO - Processing /home/chrisfleig/.local/lib/python3.10/site-packages/airflow/example_dags/example_latest_only_with_trigger.py took 0.255 seconds
[2023-01-07T01:42:48.287+0100] {processor.py:153} INFO - Started process (PID=13383) to work on /home/chrisfleig/.local/lib/python3.10/site-packages/airflow/example_dags/example_latest_only_with_trigger.py
[2023-01-07T01:42:48.288+0100] {processor.py:743} INFO - Processing file /home/chrisfleig/.local/lib/python3.10/site-packages/airflow/example_dags/example_latest_only_with_trigger.py for tasks to queue
[2023-01-07T01:42:48.289+0100] {logging_mixin.py:137} INFO - [2023-01-07T01:42:48.288+0100] {dagbag.py:538} INFO - Filling up the DagBag from /home/chrisfleig/.local/lib/python3.10/site-packages/airflow/example_dags/example_latest_only_with_trigger.py
[2023-01-07T01:42:48.305+0100] {processor.py:753} INFO - DAG(s) dict_keys(['latest_only_with_trigger']) retrieved from /home/chrisfleig/.local/lib/python3.10/site-packages/airflow/example_dags/example_latest_only_with_trigger.py
[2023-01-07T01:42:48.332+0100] {logging_mixin.py:137} INFO - [2023-01-07T01:42:48.332+0100] {dag.py:2676} INFO - Sync 1 DAGs
[2023-01-07T01:42:48.354+0100] {logging_mixin.py:137} INFO - [2023-01-07T01:42:48.353+0100] {dag.py:3423} INFO - Setting next_dagrun for latest_only_with_trigger to 2023-01-06T20:42:48.353700+00:00, run_after=2023-01-07T00:42:48.353700+00:00
[2023-01-07T01:42:48.394+0100] {processor.py:175} INFO - Processing /home/chrisfleig/.local/lib/python3.10/site-packages/airflow/example_dags/example_latest_only_with_trigger.py took 0.115 seconds
[2023-01-07T01:43:59.799+0100] {processor.py:153} INFO - Started process (PID=13444) to work on /home/chrisfleig/.local/lib/python3.10/site-packages/airflow/example_dags/example_latest_only_with_trigger.py
[2023-01-07T01:43:59.801+0100] {processor.py:743} INFO - Processing file /home/chrisfleig/.local/lib/python3.10/site-packages/airflow/example_dags/example_latest_only_with_trigger.py for tasks to queue
[2023-01-07T01:43:59.802+0100] {logging_mixin.py:137} INFO - [2023-01-07T01:43:59.802+0100] {dagbag.py:538} INFO - Filling up the DagBag from /home/chrisfleig/.local/lib/python3.10/site-packages/airflow/example_dags/example_latest_only_with_trigger.py
[2023-01-07T01:43:59.819+0100] {processor.py:753} INFO - DAG(s) dict_keys(['latest_only_with_trigger']) retrieved from /home/chrisfleig/.local/lib/python3.10/site-packages/airflow/example_dags/example_latest_only_with_trigger.py
[2023-01-07T01:43:59.839+0100] {logging_mixin.py:137} INFO - [2023-01-07T01:43:59.839+0100] {dag.py:2676} INFO - Sync 1 DAGs
[2023-01-07T01:43:59.856+0100] {logging_mixin.py:137} INFO - [2023-01-07T01:43:59.856+0100] {dag.py:3423} INFO - Setting next_dagrun for latest_only_with_trigger to 2023-01-06T20:43:59.856229+00:00, run_after=2023-01-07T00:43:59.856229+00:00
[2023-01-07T01:43:59.973+0100] {processor.py:175} INFO - Processing /home/chrisfleig/.local/lib/python3.10/site-packages/airflow/example_dags/example_latest_only_with_trigger.py took 0.178 seconds
[2023-01-07T01:45:04.679+0100] {processor.py:153} INFO - Started process (PID=13504) to work on /home/chrisfleig/.local/lib/python3.10/site-packages/airflow/example_dags/example_latest_only_with_trigger.py
[2023-01-07T01:45:04.681+0100] {processor.py:743} INFO - Processing file /home/chrisfleig/.local/lib/python3.10/site-packages/airflow/example_dags/example_latest_only_with_trigger.py for tasks to queue
[2023-01-07T01:45:04.682+0100] {logging_mixin.py:137} INFO - [2023-01-07T01:45:04.682+0100] {dagbag.py:538} INFO - Filling up the DagBag from /home/chrisfleig/.local/lib/python3.10/site-packages/airflow/example_dags/example_latest_only_with_trigger.py
[2023-01-07T01:45:04.702+0100] {processor.py:753} INFO - DAG(s) dict_keys(['latest_only_with_trigger']) retrieved from /home/chrisfleig/.local/lib/python3.10/site-packages/airflow/example_dags/example_latest_only_with_trigger.py
[2023-01-07T01:45:04.724+0100] {logging_mixin.py:137} INFO - [2023-01-07T01:45:04.724+0100] {dag.py:2676} INFO - Sync 1 DAGs
[2023-01-07T01:45:04.829+0100] {logging_mixin.py:137} INFO - [2023-01-07T01:45:04.829+0100] {dag.py:3423} INFO - Setting next_dagrun for latest_only_with_trigger to 2023-01-06T20:45:04.829641+00:00, run_after=2023-01-07T00:45:04.829641+00:00
[2023-01-07T01:45:04.868+0100] {processor.py:175} INFO - Processing /home/chrisfleig/.local/lib/python3.10/site-packages/airflow/example_dags/example_latest_only_with_trigger.py took 0.198 seconds
[2023-01-07T01:46:14.589+0100] {processor.py:153} INFO - Started process (PID=13564) to work on /home/chrisfleig/.local/lib/python3.10/site-packages/airflow/example_dags/example_latest_only_with_trigger.py
[2023-01-07T01:46:14.591+0100] {processor.py:743} INFO - Processing file /home/chrisfleig/.local/lib/python3.10/site-packages/airflow/example_dags/example_latest_only_with_trigger.py for tasks to queue
[2023-01-07T01:46:14.592+0100] {logging_mixin.py:137} INFO - [2023-01-07T01:46:14.592+0100] {dagbag.py:538} INFO - Filling up the DagBag from /home/chrisfleig/.local/lib/python3.10/site-packages/airflow/example_dags/example_latest_only_with_trigger.py
[2023-01-07T01:46:14.608+0100] {processor.py:753} INFO - DAG(s) dict_keys(['latest_only_with_trigger']) retrieved from /home/chrisfleig/.local/lib/python3.10/site-packages/airflow/example_dags/example_latest_only_with_trigger.py
[2023-01-07T01:46:14.721+0100] {logging_mixin.py:137} INFO - [2023-01-07T01:46:14.721+0100] {dag.py:2676} INFO - Sync 1 DAGs
[2023-01-07T01:46:14.737+0100] {logging_mixin.py:137} INFO - [2023-01-07T01:46:14.737+0100] {dag.py:3423} INFO - Setting next_dagrun for latest_only_with_trigger to 2023-01-06T20:46:14.736900+00:00, run_after=2023-01-07T00:46:14.736900+00:00
[2023-01-07T01:46:14.780+0100] {processor.py:175} INFO - Processing /home/chrisfleig/.local/lib/python3.10/site-packages/airflow/example_dags/example_latest_only_with_trigger.py took 0.194 seconds
[2023-01-07T01:47:15.209+0100] {processor.py:153} INFO - Started process (PID=13622) to work on /home/chrisfleig/.local/lib/python3.10/site-packages/airflow/example_dags/example_latest_only_with_trigger.py
[2023-01-07T01:47:15.211+0100] {processor.py:743} INFO - Processing file /home/chrisfleig/.local/lib/python3.10/site-packages/airflow/example_dags/example_latest_only_with_trigger.py for tasks to queue
[2023-01-07T01:47:15.211+0100] {logging_mixin.py:137} INFO - [2023-01-07T01:47:15.211+0100] {dagbag.py:538} INFO - Filling up the DagBag from /home/chrisfleig/.local/lib/python3.10/site-packages/airflow/example_dags/example_latest_only_with_trigger.py
[2023-01-07T01:47:15.226+0100] {processor.py:753} INFO - DAG(s) dict_keys(['latest_only_with_trigger']) retrieved from /home/chrisfleig/.local/lib/python3.10/site-packages/airflow/example_dags/example_latest_only_with_trigger.py
[2023-01-07T01:47:15.249+0100] {logging_mixin.py:137} INFO - [2023-01-07T01:47:15.249+0100] {dag.py:2676} INFO - Sync 1 DAGs
[2023-01-07T01:47:15.269+0100] {logging_mixin.py:137} INFO - [2023-01-07T01:47:15.269+0100] {dag.py:3423} INFO - Setting next_dagrun for latest_only_with_trigger to 2023-01-06T20:47:15.269429+00:00, run_after=2023-01-07T00:47:15.269429+00:00
[2023-01-07T01:47:15.310+0100] {processor.py:175} INFO - Processing /home/chrisfleig/.local/lib/python3.10/site-packages/airflow/example_dags/example_latest_only_with_trigger.py took 0.103 seconds
[2023-01-07T01:48:13.544+0100] {processor.py:153} INFO - Started process (PID=13676) to work on /home/chrisfleig/.local/lib/python3.10/site-packages/airflow/example_dags/example_latest_only_with_trigger.py
[2023-01-07T01:48:13.545+0100] {processor.py:743} INFO - Processing file /home/chrisfleig/.local/lib/python3.10/site-packages/airflow/example_dags/example_latest_only_with_trigger.py for tasks to queue
[2023-01-07T01:48:13.546+0100] {logging_mixin.py:137} INFO - [2023-01-07T01:48:13.546+0100] {dagbag.py:538} INFO - Filling up the DagBag from /home/chrisfleig/.local/lib/python3.10/site-packages/airflow/example_dags/example_latest_only_with_trigger.py
[2023-01-07T01:48:13.559+0100] {processor.py:753} INFO - DAG(s) dict_keys(['latest_only_with_trigger']) retrieved from /home/chrisfleig/.local/lib/python3.10/site-packages/airflow/example_dags/example_latest_only_with_trigger.py
[2023-01-07T01:48:13.580+0100] {logging_mixin.py:137} INFO - [2023-01-07T01:48:13.579+0100] {dag.py:2676} INFO - Sync 1 DAGs
[2023-01-07T01:48:13.596+0100] {logging_mixin.py:137} INFO - [2023-01-07T01:48:13.596+0100] {dag.py:3423} INFO - Setting next_dagrun for latest_only_with_trigger to 2023-01-06T20:48:13.595921+00:00, run_after=2023-01-07T00:48:13.595921+00:00
[2023-01-07T01:48:13.636+0100] {processor.py:175} INFO - Processing /home/chrisfleig/.local/lib/python3.10/site-packages/airflow/example_dags/example_latest_only_with_trigger.py took 0.096 seconds
[2023-01-07T01:49:31.058+0100] {processor.py:153} INFO - Started process (PID=13741) to work on /home/chrisfleig/.local/lib/python3.10/site-packages/airflow/example_dags/example_latest_only_with_trigger.py
[2023-01-07T01:49:31.060+0100] {processor.py:743} INFO - Processing file /home/chrisfleig/.local/lib/python3.10/site-packages/airflow/example_dags/example_latest_only_with_trigger.py for tasks to queue
[2023-01-07T01:49:31.061+0100] {logging_mixin.py:137} INFO - [2023-01-07T01:49:31.060+0100] {dagbag.py:538} INFO - Filling up the DagBag from /home/chrisfleig/.local/lib/python3.10/site-packages/airflow/example_dags/example_latest_only_with_trigger.py
[2023-01-07T01:49:31.077+0100] {processor.py:753} INFO - DAG(s) dict_keys(['latest_only_with_trigger']) retrieved from /home/chrisfleig/.local/lib/python3.10/site-packages/airflow/example_dags/example_latest_only_with_trigger.py
[2023-01-07T01:49:31.105+0100] {logging_mixin.py:137} INFO - [2023-01-07T01:49:31.104+0100] {dag.py:2676} INFO - Sync 1 DAGs
[2023-01-07T01:49:31.128+0100] {logging_mixin.py:137} INFO - [2023-01-07T01:49:31.128+0100] {dag.py:3423} INFO - Setting next_dagrun for latest_only_with_trigger to 2023-01-06T20:49:31.128101+00:00, run_after=2023-01-07T00:49:31.128101+00:00
[2023-01-07T01:49:31.270+0100] {processor.py:175} INFO - Processing /home/chrisfleig/.local/lib/python3.10/site-packages/airflow/example_dags/example_latest_only_with_trigger.py took 0.215 seconds
[2023-01-07T01:50:24.233+0100] {processor.py:153} INFO - Started process (PID=13787) to work on /home/chrisfleig/.local/lib/python3.10/site-packages/airflow/example_dags/example_latest_only_with_trigger.py
[2023-01-07T01:50:24.234+0100] {processor.py:743} INFO - Processing file /home/chrisfleig/.local/lib/python3.10/site-packages/airflow/example_dags/example_latest_only_with_trigger.py for tasks to queue
[2023-01-07T01:50:24.234+0100] {logging_mixin.py:137} INFO - [2023-01-07T01:50:24.234+0100] {dagbag.py:538} INFO - Filling up the DagBag from /home/chrisfleig/.local/lib/python3.10/site-packages/airflow/example_dags/example_latest_only_with_trigger.py
[2023-01-07T01:50:24.251+0100] {processor.py:753} INFO - DAG(s) dict_keys(['latest_only_with_trigger']) retrieved from /home/chrisfleig/.local/lib/python3.10/site-packages/airflow/example_dags/example_latest_only_with_trigger.py
[2023-01-07T01:50:24.281+0100] {logging_mixin.py:137} INFO - [2023-01-07T01:50:24.281+0100] {dag.py:2676} INFO - Sync 1 DAGs
[2023-01-07T01:50:24.473+0100] {logging_mixin.py:137} INFO - [2023-01-07T01:50:24.472+0100] {dag.py:3423} INFO - Setting next_dagrun for latest_only_with_trigger to 2023-01-06T20:50:24.472651+00:00, run_after=2023-01-07T00:50:24.472651+00:00
[2023-01-07T01:50:24.567+0100] {processor.py:175} INFO - Processing /home/chrisfleig/.local/lib/python3.10/site-packages/airflow/example_dags/example_latest_only_with_trigger.py took 0.337 seconds
[2023-01-07T01:51:53.405+0100] {processor.py:153} INFO - Started process (PID=13861) to work on /home/chrisfleig/.local/lib/python3.10/site-packages/airflow/example_dags/example_latest_only_with_trigger.py
[2023-01-07T01:51:53.407+0100] {processor.py:743} INFO - Processing file /home/chrisfleig/.local/lib/python3.10/site-packages/airflow/example_dags/example_latest_only_with_trigger.py for tasks to queue
[2023-01-07T01:51:53.408+0100] {logging_mixin.py:137} INFO - [2023-01-07T01:51:53.408+0100] {dagbag.py:538} INFO - Filling up the DagBag from /home/chrisfleig/.local/lib/python3.10/site-packages/airflow/example_dags/example_latest_only_with_trigger.py
[2023-01-07T01:51:53.422+0100] {processor.py:753} INFO - DAG(s) dict_keys(['latest_only_with_trigger']) retrieved from /home/chrisfleig/.local/lib/python3.10/site-packages/airflow/example_dags/example_latest_only_with_trigger.py
[2023-01-07T01:51:53.553+0100] {logging_mixin.py:137} INFO - [2023-01-07T01:51:53.553+0100] {dag.py:2676} INFO - Sync 1 DAGs
[2023-01-07T01:51:53.576+0100] {logging_mixin.py:137} INFO - [2023-01-07T01:51:53.576+0100] {dag.py:3423} INFO - Setting next_dagrun for latest_only_with_trigger to 2023-01-06T20:51:53.576131+00:00, run_after=2023-01-07T00:51:53.576131+00:00
[2023-01-07T01:51:53.618+0100] {processor.py:175} INFO - Processing /home/chrisfleig/.local/lib/python3.10/site-packages/airflow/example_dags/example_latest_only_with_trigger.py took 0.216 seconds
[2023-01-07T01:53:01.434+0100] {processor.py:153} INFO - Started process (PID=13923) to work on /home/chrisfleig/.local/lib/python3.10/site-packages/airflow/example_dags/example_latest_only_with_trigger.py
[2023-01-07T01:53:01.435+0100] {processor.py:743} INFO - Processing file /home/chrisfleig/.local/lib/python3.10/site-packages/airflow/example_dags/example_latest_only_with_trigger.py for tasks to queue
[2023-01-07T01:53:01.435+0100] {logging_mixin.py:137} INFO - [2023-01-07T01:53:01.435+0100] {dagbag.py:538} INFO - Filling up the DagBag from /home/chrisfleig/.local/lib/python3.10/site-packages/airflow/example_dags/example_latest_only_with_trigger.py
[2023-01-07T01:53:01.448+0100] {processor.py:753} INFO - DAG(s) dict_keys(['latest_only_with_trigger']) retrieved from /home/chrisfleig/.local/lib/python3.10/site-packages/airflow/example_dags/example_latest_only_with_trigger.py
[2023-01-07T01:53:01.468+0100] {logging_mixin.py:137} INFO - [2023-01-07T01:53:01.468+0100] {dag.py:2676} INFO - Sync 1 DAGs
[2023-01-07T01:53:01.485+0100] {logging_mixin.py:137} INFO - [2023-01-07T01:53:01.484+0100] {dag.py:3423} INFO - Setting next_dagrun for latest_only_with_trigger to 2023-01-06T20:53:01.484740+00:00, run_after=2023-01-07T00:53:01.484740+00:00
[2023-01-07T01:53:01.521+0100] {processor.py:175} INFO - Processing /home/chrisfleig/.local/lib/python3.10/site-packages/airflow/example_dags/example_latest_only_with_trigger.py took 0.093 seconds
[2023-01-07T01:53:57.862+0100] {processor.py:153} INFO - Started process (PID=13976) to work on /home/chrisfleig/.local/lib/python3.10/site-packages/airflow/example_dags/example_latest_only_with_trigger.py
[2023-01-07T01:53:57.863+0100] {processor.py:743} INFO - Processing file /home/chrisfleig/.local/lib/python3.10/site-packages/airflow/example_dags/example_latest_only_with_trigger.py for tasks to queue
[2023-01-07T01:53:57.864+0100] {logging_mixin.py:137} INFO - [2023-01-07T01:53:57.864+0100] {dagbag.py:538} INFO - Filling up the DagBag from /home/chrisfleig/.local/lib/python3.10/site-packages/airflow/example_dags/example_latest_only_with_trigger.py
[2023-01-07T01:53:57.879+0100] {processor.py:753} INFO - DAG(s) dict_keys(['latest_only_with_trigger']) retrieved from /home/chrisfleig/.local/lib/python3.10/site-packages/airflow/example_dags/example_latest_only_with_trigger.py
[2023-01-07T01:53:57.906+0100] {logging_mixin.py:137} INFO - [2023-01-07T01:53:57.906+0100] {dag.py:2676} INFO - Sync 1 DAGs
[2023-01-07T01:53:57.923+0100] {logging_mixin.py:137} INFO - [2023-01-07T01:53:57.922+0100] {dag.py:3423} INFO - Setting next_dagrun for latest_only_with_trigger to 2023-01-06T20:53:57.922754+00:00, run_after=2023-01-07T00:53:57.922754+00:00
[2023-01-07T01:53:57.965+0100] {processor.py:175} INFO - Processing /home/chrisfleig/.local/lib/python3.10/site-packages/airflow/example_dags/example_latest_only_with_trigger.py took 0.105 seconds
[2023-01-07T01:55:01.134+0100] {processor.py:153} INFO - Started process (PID=14036) to work on /home/chrisfleig/.local/lib/python3.10/site-packages/airflow/example_dags/example_latest_only_with_trigger.py
[2023-01-07T01:55:01.136+0100] {processor.py:743} INFO - Processing file /home/chrisfleig/.local/lib/python3.10/site-packages/airflow/example_dags/example_latest_only_with_trigger.py for tasks to queue
[2023-01-07T01:55:01.138+0100] {logging_mixin.py:137} INFO - [2023-01-07T01:55:01.138+0100] {dagbag.py:538} INFO - Filling up the DagBag from /home/chrisfleig/.local/lib/python3.10/site-packages/airflow/example_dags/example_latest_only_with_trigger.py
[2023-01-07T01:55:01.153+0100] {processor.py:753} INFO - DAG(s) dict_keys(['latest_only_with_trigger']) retrieved from /home/chrisfleig/.local/lib/python3.10/site-packages/airflow/example_dags/example_latest_only_with_trigger.py
[2023-01-07T01:55:01.175+0100] {logging_mixin.py:137} INFO - [2023-01-07T01:55:01.174+0100] {dag.py:2676} INFO - Sync 1 DAGs
[2023-01-07T01:55:01.194+0100] {logging_mixin.py:137} INFO - [2023-01-07T01:55:01.193+0100] {dag.py:3423} INFO - Setting next_dagrun for latest_only_with_trigger to 2023-01-06T20:55:01.193744+00:00, run_after=2023-01-07T00:55:01.193744+00:00
[2023-01-07T01:55:01.325+0100] {processor.py:175} INFO - Processing /home/chrisfleig/.local/lib/python3.10/site-packages/airflow/example_dags/example_latest_only_with_trigger.py took 0.195 seconds
[2023-01-07T01:56:06.831+0100] {processor.py:153} INFO - Started process (PID=14096) to work on /home/chrisfleig/.local/lib/python3.10/site-packages/airflow/example_dags/example_latest_only_with_trigger.py
[2023-01-07T01:56:06.832+0100] {processor.py:743} INFO - Processing file /home/chrisfleig/.local/lib/python3.10/site-packages/airflow/example_dags/example_latest_only_with_trigger.py for tasks to queue
[2023-01-07T01:56:06.833+0100] {logging_mixin.py:137} INFO - [2023-01-07T01:56:06.833+0100] {dagbag.py:538} INFO - Filling up the DagBag from /home/chrisfleig/.local/lib/python3.10/site-packages/airflow/example_dags/example_latest_only_with_trigger.py
[2023-01-07T01:56:06.847+0100] {processor.py:753} INFO - DAG(s) dict_keys(['latest_only_with_trigger']) retrieved from /home/chrisfleig/.local/lib/python3.10/site-packages/airflow/example_dags/example_latest_only_with_trigger.py
[2023-01-07T01:56:06.867+0100] {logging_mixin.py:137} INFO - [2023-01-07T01:56:06.867+0100] {dag.py:2676} INFO - Sync 1 DAGs
[2023-01-07T01:56:06.971+0100] {logging_mixin.py:137} INFO - [2023-01-07T01:56:06.971+0100] {dag.py:3423} INFO - Setting next_dagrun for latest_only_with_trigger to 2023-01-06T20:56:06.970797+00:00, run_after=2023-01-07T00:56:06.970797+00:00
[2023-01-07T01:56:07.007+0100] {processor.py:175} INFO - Processing /home/chrisfleig/.local/lib/python3.10/site-packages/airflow/example_dags/example_latest_only_with_trigger.py took 0.181 seconds
[2023-01-07T01:57:44.454+0100] {processor.py:153} INFO - Started process (PID=14179) to work on /home/chrisfleig/.local/lib/python3.10/site-packages/airflow/example_dags/example_latest_only_with_trigger.py
[2023-01-07T01:57:44.455+0100] {processor.py:743} INFO - Processing file /home/chrisfleig/.local/lib/python3.10/site-packages/airflow/example_dags/example_latest_only_with_trigger.py for tasks to queue
[2023-01-07T01:57:44.456+0100] {logging_mixin.py:137} INFO - [2023-01-07T01:57:44.456+0100] {dagbag.py:538} INFO - Filling up the DagBag from /home/chrisfleig/.local/lib/python3.10/site-packages/airflow/example_dags/example_latest_only_with_trigger.py
[2023-01-07T01:57:44.469+0100] {processor.py:753} INFO - DAG(s) dict_keys(['latest_only_with_trigger']) retrieved from /home/chrisfleig/.local/lib/python3.10/site-packages/airflow/example_dags/example_latest_only_with_trigger.py
[2023-01-07T01:57:44.592+0100] {logging_mixin.py:137} INFO - [2023-01-07T01:57:44.592+0100] {dag.py:2676} INFO - Sync 1 DAGs
[2023-01-07T01:57:44.612+0100] {logging_mixin.py:137} INFO - [2023-01-07T01:57:44.612+0100] {dag.py:3423} INFO - Setting next_dagrun for latest_only_with_trigger to 2023-01-06T20:57:44.611986+00:00, run_after=2023-01-07T00:57:44.611986+00:00
[2023-01-07T01:57:44.667+0100] {processor.py:175} INFO - Processing /home/chrisfleig/.local/lib/python3.10/site-packages/airflow/example_dags/example_latest_only_with_trigger.py took 0.216 seconds
[2023-01-07T01:58:57.316+0100] {processor.py:153} INFO - Started process (PID=14241) to work on /home/chrisfleig/.local/lib/python3.10/site-packages/airflow/example_dags/example_latest_only_with_trigger.py
[2023-01-07T01:58:57.317+0100] {processor.py:743} INFO - Processing file /home/chrisfleig/.local/lib/python3.10/site-packages/airflow/example_dags/example_latest_only_with_trigger.py for tasks to queue
[2023-01-07T01:58:57.318+0100] {logging_mixin.py:137} INFO - [2023-01-07T01:58:57.318+0100] {dagbag.py:538} INFO - Filling up the DagBag from /home/chrisfleig/.local/lib/python3.10/site-packages/airflow/example_dags/example_latest_only_with_trigger.py
[2023-01-07T01:58:57.332+0100] {processor.py:753} INFO - DAG(s) dict_keys(['latest_only_with_trigger']) retrieved from /home/chrisfleig/.local/lib/python3.10/site-packages/airflow/example_dags/example_latest_only_with_trigger.py
[2023-01-07T01:58:57.352+0100] {logging_mixin.py:137} INFO - [2023-01-07T01:58:57.352+0100] {dag.py:2676} INFO - Sync 1 DAGs
[2023-01-07T01:58:57.369+0100] {logging_mixin.py:137} INFO - [2023-01-07T01:58:57.369+0100] {dag.py:3423} INFO - Setting next_dagrun for latest_only_with_trigger to 2023-01-06T20:58:57.369510+00:00, run_after=2023-01-07T00:58:57.369510+00:00
[2023-01-07T01:58:57.407+0100] {processor.py:175} INFO - Processing /home/chrisfleig/.local/lib/python3.10/site-packages/airflow/example_dags/example_latest_only_with_trigger.py took 0.095 seconds
[2023-01-07T01:59:59.370+0100] {processor.py:153} INFO - Started process (PID=14301) to work on /home/chrisfleig/.local/lib/python3.10/site-packages/airflow/example_dags/example_latest_only_with_trigger.py
[2023-01-07T01:59:59.372+0100] {processor.py:743} INFO - Processing file /home/chrisfleig/.local/lib/python3.10/site-packages/airflow/example_dags/example_latest_only_with_trigger.py for tasks to queue
[2023-01-07T01:59:59.373+0100] {logging_mixin.py:137} INFO - [2023-01-07T01:59:59.373+0100] {dagbag.py:538} INFO - Filling up the DagBag from /home/chrisfleig/.local/lib/python3.10/site-packages/airflow/example_dags/example_latest_only_with_trigger.py
[2023-01-07T01:59:59.390+0100] {processor.py:753} INFO - DAG(s) dict_keys(['latest_only_with_trigger']) retrieved from /home/chrisfleig/.local/lib/python3.10/site-packages/airflow/example_dags/example_latest_only_with_trigger.py
[2023-01-07T01:59:59.410+0100] {logging_mixin.py:137} INFO - [2023-01-07T01:59:59.409+0100] {dag.py:2676} INFO - Sync 1 DAGs
[2023-01-07T01:59:59.426+0100] {logging_mixin.py:137} INFO - [2023-01-07T01:59:59.425+0100] {dag.py:3423} INFO - Setting next_dagrun for latest_only_with_trigger to 2023-01-06T20:59:59.425711+00:00, run_after=2023-01-07T00:59:59.425711+00:00
[2023-01-07T01:59:59.465+0100] {processor.py:175} INFO - Processing /home/chrisfleig/.local/lib/python3.10/site-packages/airflow/example_dags/example_latest_only_with_trigger.py took 0.099 seconds
[2023-01-07T02:00:57.055+0100] {processor.py:153} INFO - Started process (PID=14355) to work on /home/chrisfleig/.local/lib/python3.10/site-packages/airflow/example_dags/example_latest_only_with_trigger.py
[2023-01-07T02:00:57.057+0100] {processor.py:743} INFO - Processing file /home/chrisfleig/.local/lib/python3.10/site-packages/airflow/example_dags/example_latest_only_with_trigger.py for tasks to queue
[2023-01-07T02:00:57.058+0100] {logging_mixin.py:137} INFO - [2023-01-07T02:00:57.058+0100] {dagbag.py:538} INFO - Filling up the DagBag from /home/chrisfleig/.local/lib/python3.10/site-packages/airflow/example_dags/example_latest_only_with_trigger.py
[2023-01-07T02:00:57.073+0100] {processor.py:753} INFO - DAG(s) dict_keys(['latest_only_with_trigger']) retrieved from /home/chrisfleig/.local/lib/python3.10/site-packages/airflow/example_dags/example_latest_only_with_trigger.py
[2023-01-07T02:00:57.093+0100] {logging_mixin.py:137} INFO - [2023-01-07T02:00:57.093+0100] {dag.py:2676} INFO - Sync 1 DAGs
[2023-01-07T02:00:57.111+0100] {logging_mixin.py:137} INFO - [2023-01-07T02:00:57.111+0100] {dag.py:3423} INFO - Setting next_dagrun for latest_only_with_trigger to 2023-01-06T21:00:57.111127+00:00, run_after=2023-01-07T01:00:57.111127+00:00
[2023-01-07T02:00:57.246+0100] {processor.py:175} INFO - Processing /home/chrisfleig/.local/lib/python3.10/site-packages/airflow/example_dags/example_latest_only_with_trigger.py took 0.195 seconds
[2023-01-07T02:01:59.733+0100] {processor.py:153} INFO - Started process (PID=14412) to work on /home/chrisfleig/.local/lib/python3.10/site-packages/airflow/example_dags/example_latest_only_with_trigger.py
[2023-01-07T02:01:59.736+0100] {processor.py:743} INFO - Processing file /home/chrisfleig/.local/lib/python3.10/site-packages/airflow/example_dags/example_latest_only_with_trigger.py for tasks to queue
[2023-01-07T02:01:59.738+0100] {logging_mixin.py:137} INFO - [2023-01-07T02:01:59.737+0100] {dagbag.py:538} INFO - Filling up the DagBag from /home/chrisfleig/.local/lib/python3.10/site-packages/airflow/example_dags/example_latest_only_with_trigger.py
[2023-01-07T02:01:59.760+0100] {processor.py:753} INFO - DAG(s) dict_keys(['latest_only_with_trigger']) retrieved from /home/chrisfleig/.local/lib/python3.10/site-packages/airflow/example_dags/example_latest_only_with_trigger.py
[2023-01-07T02:01:59.796+0100] {logging_mixin.py:137} INFO - [2023-01-07T02:01:59.796+0100] {dag.py:2676} INFO - Sync 1 DAGs
[2023-01-07T02:01:59.959+0100] {logging_mixin.py:137} INFO - [2023-01-07T02:01:59.958+0100] {dag.py:3423} INFO - Setting next_dagrun for latest_only_with_trigger to 2023-01-06T21:01:59.958708+00:00, run_after=2023-01-07T01:01:59.958708+00:00
[2023-01-07T02:01:59.998+0100] {processor.py:175} INFO - Processing /home/chrisfleig/.local/lib/python3.10/site-packages/airflow/example_dags/example_latest_only_with_trigger.py took 0.271 seconds
[2023-01-07T02:03:09.578+0100] {processor.py:153} INFO - Started process (PID=14472) to work on /home/chrisfleig/.local/lib/python3.10/site-packages/airflow/example_dags/example_latest_only_with_trigger.py
[2023-01-07T02:03:09.579+0100] {processor.py:743} INFO - Processing file /home/chrisfleig/.local/lib/python3.10/site-packages/airflow/example_dags/example_latest_only_with_trigger.py for tasks to queue
[2023-01-07T02:03:09.581+0100] {logging_mixin.py:137} INFO - [2023-01-07T02:03:09.580+0100] {dagbag.py:538} INFO - Filling up the DagBag from /home/chrisfleig/.local/lib/python3.10/site-packages/airflow/example_dags/example_latest_only_with_trigger.py
[2023-01-07T02:03:09.603+0100] {processor.py:753} INFO - DAG(s) dict_keys(['latest_only_with_trigger']) retrieved from /home/chrisfleig/.local/lib/python3.10/site-packages/airflow/example_dags/example_latest_only_with_trigger.py
[2023-01-07T02:03:09.726+0100] {logging_mixin.py:137} INFO - [2023-01-07T02:03:09.726+0100] {dag.py:2676} INFO - Sync 1 DAGs
[2023-01-07T02:03:09.741+0100] {logging_mixin.py:137} INFO - [2023-01-07T02:03:09.741+0100] {dag.py:3423} INFO - Setting next_dagrun for latest_only_with_trigger to 2023-01-06T21:03:09.741116+00:00, run_after=2023-01-07T01:03:09.741116+00:00
[2023-01-07T02:03:09.779+0100] {processor.py:175} INFO - Processing /home/chrisfleig/.local/lib/python3.10/site-packages/airflow/example_dags/example_latest_only_with_trigger.py took 0.204 seconds
[2023-01-07T02:04:14.071+0100] {processor.py:153} INFO - Started process (PID=14533) to work on /home/chrisfleig/.local/lib/python3.10/site-packages/airflow/example_dags/example_latest_only_with_trigger.py
[2023-01-07T02:04:14.072+0100] {processor.py:743} INFO - Processing file /home/chrisfleig/.local/lib/python3.10/site-packages/airflow/example_dags/example_latest_only_with_trigger.py for tasks to queue
[2023-01-07T02:04:14.073+0100] {logging_mixin.py:137} INFO - [2023-01-07T02:04:14.072+0100] {dagbag.py:538} INFO - Filling up the DagBag from /home/chrisfleig/.local/lib/python3.10/site-packages/airflow/example_dags/example_latest_only_with_trigger.py
[2023-01-07T02:04:14.086+0100] {processor.py:753} INFO - DAG(s) dict_keys(['latest_only_with_trigger']) retrieved from /home/chrisfleig/.local/lib/python3.10/site-packages/airflow/example_dags/example_latest_only_with_trigger.py
[2023-01-07T02:04:14.195+0100] {logging_mixin.py:137} INFO - [2023-01-07T02:04:14.195+0100] {dag.py:2676} INFO - Sync 1 DAGs
[2023-01-07T02:04:14.210+0100] {logging_mixin.py:137} INFO - [2023-01-07T02:04:14.210+0100] {dag.py:3423} INFO - Setting next_dagrun for latest_only_with_trigger to 2023-01-06T21:04:14.210116+00:00, run_after=2023-01-07T01:04:14.210116+00:00
[2023-01-07T02:04:14.245+0100] {processor.py:175} INFO - Processing /home/chrisfleig/.local/lib/python3.10/site-packages/airflow/example_dags/example_latest_only_with_trigger.py took 0.177 seconds
[2023-01-07T02:05:17.355+0100] {processor.py:153} INFO - Started process (PID=14589) to work on /home/chrisfleig/.local/lib/python3.10/site-packages/airflow/example_dags/example_latest_only_with_trigger.py
[2023-01-07T02:05:17.356+0100] {processor.py:743} INFO - Processing file /home/chrisfleig/.local/lib/python3.10/site-packages/airflow/example_dags/example_latest_only_with_trigger.py for tasks to queue
[2023-01-07T02:05:17.357+0100] {logging_mixin.py:137} INFO - [2023-01-07T02:05:17.357+0100] {dagbag.py:538} INFO - Filling up the DagBag from /home/chrisfleig/.local/lib/python3.10/site-packages/airflow/example_dags/example_latest_only_with_trigger.py
[2023-01-07T02:05:17.371+0100] {processor.py:753} INFO - DAG(s) dict_keys(['latest_only_with_trigger']) retrieved from /home/chrisfleig/.local/lib/python3.10/site-packages/airflow/example_dags/example_latest_only_with_trigger.py
[2023-01-07T02:05:17.394+0100] {logging_mixin.py:137} INFO - [2023-01-07T02:05:17.393+0100] {dag.py:2676} INFO - Sync 1 DAGs
[2023-01-07T02:05:17.413+0100] {logging_mixin.py:137} INFO - [2023-01-07T02:05:17.413+0100] {dag.py:3423} INFO - Setting next_dagrun for latest_only_with_trigger to 2023-01-06T21:05:17.412894+00:00, run_after=2023-01-07T01:05:17.412894+00:00
[2023-01-07T02:05:17.552+0100] {processor.py:175} INFO - Processing /home/chrisfleig/.local/lib/python3.10/site-packages/airflow/example_dags/example_latest_only_with_trigger.py took 0.199 seconds
[2023-01-07T02:06:32.151+0100] {processor.py:153} INFO - Started process (PID=14654) to work on /home/chrisfleig/.local/lib/python3.10/site-packages/airflow/example_dags/example_latest_only_with_trigger.py
[2023-01-07T02:06:32.161+0100] {processor.py:743} INFO - Processing file /home/chrisfleig/.local/lib/python3.10/site-packages/airflow/example_dags/example_latest_only_with_trigger.py for tasks to queue
[2023-01-07T02:06:32.162+0100] {logging_mixin.py:137} INFO - [2023-01-07T02:06:32.162+0100] {dagbag.py:538} INFO - Filling up the DagBag from /home/chrisfleig/.local/lib/python3.10/site-packages/airflow/example_dags/example_latest_only_with_trigger.py
[2023-01-07T02:06:32.195+0100] {processor.py:753} INFO - DAG(s) dict_keys(['latest_only_with_trigger']) retrieved from /home/chrisfleig/.local/lib/python3.10/site-packages/airflow/example_dags/example_latest_only_with_trigger.py
[2023-01-07T02:06:32.233+0100] {logging_mixin.py:137} INFO - [2023-01-07T02:06:32.233+0100] {dag.py:2676} INFO - Sync 1 DAGs
[2023-01-07T02:06:32.375+0100] {logging_mixin.py:137} INFO - [2023-01-07T02:06:32.375+0100] {dag.py:3423} INFO - Setting next_dagrun for latest_only_with_trigger to 2023-01-06T21:06:32.375241+00:00, run_after=2023-01-07T01:06:32.375241+00:00
[2023-01-07T02:06:32.420+0100] {processor.py:175} INFO - Processing /home/chrisfleig/.local/lib/python3.10/site-packages/airflow/example_dags/example_latest_only_with_trigger.py took 0.272 seconds
[2023-01-07T02:07:48.672+0100] {processor.py:153} INFO - Started process (PID=14719) to work on /home/chrisfleig/.local/lib/python3.10/site-packages/airflow/example_dags/example_latest_only_with_trigger.py
[2023-01-07T02:07:48.675+0100] {processor.py:743} INFO - Processing file /home/chrisfleig/.local/lib/python3.10/site-packages/airflow/example_dags/example_latest_only_with_trigger.py for tasks to queue
[2023-01-07T02:07:48.676+0100] {logging_mixin.py:137} INFO - [2023-01-07T02:07:48.675+0100] {dagbag.py:538} INFO - Filling up the DagBag from /home/chrisfleig/.local/lib/python3.10/site-packages/airflow/example_dags/example_latest_only_with_trigger.py
[2023-01-07T02:07:48.688+0100] {processor.py:753} INFO - DAG(s) dict_keys(['latest_only_with_trigger']) retrieved from /home/chrisfleig/.local/lib/python3.10/site-packages/airflow/example_dags/example_latest_only_with_trigger.py
[2023-01-07T02:07:48.710+0100] {logging_mixin.py:137} INFO - [2023-01-07T02:07:48.710+0100] {dag.py:2676} INFO - Sync 1 DAGs
[2023-01-07T02:07:48.815+0100] {logging_mixin.py:137} INFO - [2023-01-07T02:07:48.815+0100] {dag.py:3423} INFO - Setting next_dagrun for latest_only_with_trigger to 2023-01-06T21:07:48.815406+00:00, run_after=2023-01-07T01:07:48.815406+00:00
[2023-01-07T02:07:48.852+0100] {processor.py:175} INFO - Processing /home/chrisfleig/.local/lib/python3.10/site-packages/airflow/example_dags/example_latest_only_with_trigger.py took 0.184 seconds
[2023-01-07T02:09:56.433+0100] {processor.py:153} INFO - Started process (PID=14826) to work on /home/chrisfleig/.local/lib/python3.10/site-packages/airflow/example_dags/example_latest_only_with_trigger.py
[2023-01-07T02:09:56.435+0100] {processor.py:743} INFO - Processing file /home/chrisfleig/.local/lib/python3.10/site-packages/airflow/example_dags/example_latest_only_with_trigger.py for tasks to queue
[2023-01-07T02:09:56.435+0100] {logging_mixin.py:137} INFO - [2023-01-07T02:09:56.435+0100] {dagbag.py:538} INFO - Filling up the DagBag from /home/chrisfleig/.local/lib/python3.10/site-packages/airflow/example_dags/example_latest_only_with_trigger.py
[2023-01-07T02:09:56.456+0100] {processor.py:753} INFO - DAG(s) dict_keys(['latest_only_with_trigger']) retrieved from /home/chrisfleig/.local/lib/python3.10/site-packages/airflow/example_dags/example_latest_only_with_trigger.py
[2023-01-07T02:09:56.586+0100] {logging_mixin.py:137} INFO - [2023-01-07T02:09:56.586+0100] {dag.py:2676} INFO - Sync 1 DAGs
[2023-01-07T02:09:56.603+0100] {logging_mixin.py:137} INFO - [2023-01-07T02:09:56.602+0100] {dag.py:3423} INFO - Setting next_dagrun for latest_only_with_trigger to 2023-01-06T21:09:56.602780+00:00, run_after=2023-01-07T01:09:56.602780+00:00
[2023-01-07T02:09:56.654+0100] {processor.py:175} INFO - Processing /home/chrisfleig/.local/lib/python3.10/site-packages/airflow/example_dags/example_latest_only_with_trigger.py took 0.226 seconds
[2023-01-07T02:11:06.687+0100] {processor.py:153} INFO - Started process (PID=14890) to work on /home/chrisfleig/.local/lib/python3.10/site-packages/airflow/example_dags/example_latest_only_with_trigger.py
[2023-01-07T02:11:06.688+0100] {processor.py:743} INFO - Processing file /home/chrisfleig/.local/lib/python3.10/site-packages/airflow/example_dags/example_latest_only_with_trigger.py for tasks to queue
[2023-01-07T02:11:06.689+0100] {logging_mixin.py:137} INFO - [2023-01-07T02:11:06.689+0100] {dagbag.py:538} INFO - Filling up the DagBag from /home/chrisfleig/.local/lib/python3.10/site-packages/airflow/example_dags/example_latest_only_with_trigger.py
[2023-01-07T02:11:06.701+0100] {processor.py:753} INFO - DAG(s) dict_keys(['latest_only_with_trigger']) retrieved from /home/chrisfleig/.local/lib/python3.10/site-packages/airflow/example_dags/example_latest_only_with_trigger.py
[2023-01-07T02:11:06.722+0100] {logging_mixin.py:137} INFO - [2023-01-07T02:11:06.722+0100] {dag.py:2676} INFO - Sync 1 DAGs
[2023-01-07T02:11:06.738+0100] {logging_mixin.py:137} INFO - [2023-01-07T02:11:06.738+0100] {dag.py:3423} INFO - Setting next_dagrun for latest_only_with_trigger to 2023-01-06T21:11:06.738245+00:00, run_after=2023-01-07T01:11:06.738245+00:00
[2023-01-07T02:11:06.777+0100] {processor.py:175} INFO - Processing /home/chrisfleig/.local/lib/python3.10/site-packages/airflow/example_dags/example_latest_only_with_trigger.py took 0.093 seconds
[2023-01-07T02:12:12.854+0100] {processor.py:153} INFO - Started process (PID=14948) to work on /home/chrisfleig/.local/lib/python3.10/site-packages/airflow/example_dags/example_latest_only_with_trigger.py
[2023-01-07T02:12:12.855+0100] {processor.py:743} INFO - Processing file /home/chrisfleig/.local/lib/python3.10/site-packages/airflow/example_dags/example_latest_only_with_trigger.py for tasks to queue
[2023-01-07T02:12:12.856+0100] {logging_mixin.py:137} INFO - [2023-01-07T02:12:12.856+0100] {dagbag.py:538} INFO - Filling up the DagBag from /home/chrisfleig/.local/lib/python3.10/site-packages/airflow/example_dags/example_latest_only_with_trigger.py
[2023-01-07T02:12:12.869+0100] {processor.py:753} INFO - DAG(s) dict_keys(['latest_only_with_trigger']) retrieved from /home/chrisfleig/.local/lib/python3.10/site-packages/airflow/example_dags/example_latest_only_with_trigger.py
[2023-01-07T02:12:12.889+0100] {logging_mixin.py:137} INFO - [2023-01-07T02:12:12.889+0100] {dag.py:2676} INFO - Sync 1 DAGs
[2023-01-07T02:12:12.907+0100] {logging_mixin.py:137} INFO - [2023-01-07T02:12:12.907+0100] {dag.py:3423} INFO - Setting next_dagrun for latest_only_with_trigger to 2023-01-06T21:12:12.906943+00:00, run_after=2023-01-07T01:12:12.906943+00:00
[2023-01-07T02:12:13.087+0100] {processor.py:175} INFO - Processing /home/chrisfleig/.local/lib/python3.10/site-packages/airflow/example_dags/example_latest_only_with_trigger.py took 0.237 seconds
