[2023-01-07T01:00:09.950+0100] {processor.py:153} INFO - Started process (PID=10909) to work on /home/chrisfleig/.local/lib/python3.10/site-packages/airflow/example_dags/example_kubernetes_executor.py
[2023-01-07T01:00:09.951+0100] {processor.py:743} INFO - Processing file /home/chrisfleig/.local/lib/python3.10/site-packages/airflow/example_dags/example_kubernetes_executor.py for tasks to queue
[2023-01-07T01:00:09.952+0100] {logging_mixin.py:137} INFO - [2023-01-07T01:00:09.952+0100] {dagbag.py:538} INFO - Filling up the DagBag from /home/chrisfleig/.local/lib/python3.10/site-packages/airflow/example_dags/example_kubernetes_executor.py
[2023-01-07T01:00:09.991+0100] {logging_mixin.py:137} INFO - [2023-01-07T01:00:09.991+0100] {example_kubernetes_executor.py:41} WARNING - The example_kubernetes_executor example DAG requires the kubernetes provider. Please install it with: pip install apache-airflow[cncf.kubernetes]
[2023-01-07T01:00:09.993+0100] {processor.py:755} WARNING - No viable dags retrieved from /home/chrisfleig/.local/lib/python3.10/site-packages/airflow/example_dags/example_kubernetes_executor.py
[2023-01-07T01:00:10.010+0100] {processor.py:175} INFO - Processing /home/chrisfleig/.local/lib/python3.10/site-packages/airflow/example_dags/example_kubernetes_executor.py took 0.063 seconds
[2023-01-07T01:00:56.856+0100] {processor.py:153} INFO - Started process (PID=10955) to work on /home/chrisfleig/.local/lib/python3.10/site-packages/airflow/example_dags/example_kubernetes_executor.py
[2023-01-07T01:00:56.858+0100] {processor.py:743} INFO - Processing file /home/chrisfleig/.local/lib/python3.10/site-packages/airflow/example_dags/example_kubernetes_executor.py for tasks to queue
[2023-01-07T01:00:56.858+0100] {logging_mixin.py:137} INFO - [2023-01-07T01:00:56.858+0100] {dagbag.py:538} INFO - Filling up the DagBag from /home/chrisfleig/.local/lib/python3.10/site-packages/airflow/example_dags/example_kubernetes_executor.py
[2023-01-07T01:00:56.873+0100] {logging_mixin.py:137} INFO - [2023-01-07T01:00:56.873+0100] {example_kubernetes_executor.py:41} WARNING - The example_kubernetes_executor example DAG requires the kubernetes provider. Please install it with: pip install apache-airflow[cncf.kubernetes]
[2023-01-07T01:00:56.874+0100] {processor.py:755} WARNING - No viable dags retrieved from /home/chrisfleig/.local/lib/python3.10/site-packages/airflow/example_dags/example_kubernetes_executor.py
[2023-01-07T01:00:56.887+0100] {processor.py:175} INFO - Processing /home/chrisfleig/.local/lib/python3.10/site-packages/airflow/example_dags/example_kubernetes_executor.py took 0.035 seconds
[2023-01-07T01:01:49.887+0100] {processor.py:153} INFO - Started process (PID=11007) to work on /home/chrisfleig/.local/lib/python3.10/site-packages/airflow/example_dags/example_kubernetes_executor.py
[2023-01-07T01:01:49.889+0100] {processor.py:743} INFO - Processing file /home/chrisfleig/.local/lib/python3.10/site-packages/airflow/example_dags/example_kubernetes_executor.py for tasks to queue
[2023-01-07T01:01:49.890+0100] {logging_mixin.py:137} INFO - [2023-01-07T01:01:49.889+0100] {dagbag.py:538} INFO - Filling up the DagBag from /home/chrisfleig/.local/lib/python3.10/site-packages/airflow/example_dags/example_kubernetes_executor.py
[2023-01-07T01:01:49.906+0100] {logging_mixin.py:137} INFO - [2023-01-07T01:01:49.906+0100] {example_kubernetes_executor.py:41} WARNING - The example_kubernetes_executor example DAG requires the kubernetes provider. Please install it with: pip install apache-airflow[cncf.kubernetes]
[2023-01-07T01:01:49.906+0100] {processor.py:755} WARNING - No viable dags retrieved from /home/chrisfleig/.local/lib/python3.10/site-packages/airflow/example_dags/example_kubernetes_executor.py
[2023-01-07T01:01:49.915+0100] {processor.py:175} INFO - Processing /home/chrisfleig/.local/lib/python3.10/site-packages/airflow/example_dags/example_kubernetes_executor.py took 0.032 seconds
[2023-01-07T01:02:44.998+0100] {processor.py:153} INFO - Started process (PID=11057) to work on /home/chrisfleig/.local/lib/python3.10/site-packages/airflow/example_dags/example_kubernetes_executor.py
[2023-01-07T01:02:45.000+0100] {processor.py:743} INFO - Processing file /home/chrisfleig/.local/lib/python3.10/site-packages/airflow/example_dags/example_kubernetes_executor.py for tasks to queue
[2023-01-07T01:02:45.001+0100] {logging_mixin.py:137} INFO - [2023-01-07T01:02:45.001+0100] {dagbag.py:538} INFO - Filling up the DagBag from /home/chrisfleig/.local/lib/python3.10/site-packages/airflow/example_dags/example_kubernetes_executor.py
[2023-01-07T01:02:45.018+0100] {logging_mixin.py:137} INFO - [2023-01-07T01:02:45.018+0100] {example_kubernetes_executor.py:41} WARNING - The example_kubernetes_executor example DAG requires the kubernetes provider. Please install it with: pip install apache-airflow[cncf.kubernetes]
[2023-01-07T01:02:45.019+0100] {processor.py:755} WARNING - No viable dags retrieved from /home/chrisfleig/.local/lib/python3.10/site-packages/airflow/example_dags/example_kubernetes_executor.py
[2023-01-07T01:02:45.026+0100] {processor.py:175} INFO - Processing /home/chrisfleig/.local/lib/python3.10/site-packages/airflow/example_dags/example_kubernetes_executor.py took 0.031 seconds
[2023-01-07T01:03:40.476+0100] {processor.py:153} INFO - Started process (PID=11110) to work on /home/chrisfleig/.local/lib/python3.10/site-packages/airflow/example_dags/example_kubernetes_executor.py
[2023-01-07T01:03:40.484+0100] {processor.py:743} INFO - Processing file /home/chrisfleig/.local/lib/python3.10/site-packages/airflow/example_dags/example_kubernetes_executor.py for tasks to queue
[2023-01-07T01:03:40.487+0100] {logging_mixin.py:137} INFO - [2023-01-07T01:03:40.486+0100] {dagbag.py:538} INFO - Filling up the DagBag from /home/chrisfleig/.local/lib/python3.10/site-packages/airflow/example_dags/example_kubernetes_executor.py
[2023-01-07T01:03:40.514+0100] {logging_mixin.py:137} INFO - [2023-01-07T01:03:40.513+0100] {example_kubernetes_executor.py:41} WARNING - The example_kubernetes_executor example DAG requires the kubernetes provider. Please install it with: pip install apache-airflow[cncf.kubernetes]
[2023-01-07T01:03:40.514+0100] {processor.py:755} WARNING - No viable dags retrieved from /home/chrisfleig/.local/lib/python3.10/site-packages/airflow/example_dags/example_kubernetes_executor.py
[2023-01-07T01:03:40.528+0100] {processor.py:175} INFO - Processing /home/chrisfleig/.local/lib/python3.10/site-packages/airflow/example_dags/example_kubernetes_executor.py took 0.063 seconds
[2023-01-07T01:04:28.360+0100] {processor.py:153} INFO - Started process (PID=11152) to work on /home/chrisfleig/.local/lib/python3.10/site-packages/airflow/example_dags/example_kubernetes_executor.py
[2023-01-07T01:04:28.363+0100] {processor.py:743} INFO - Processing file /home/chrisfleig/.local/lib/python3.10/site-packages/airflow/example_dags/example_kubernetes_executor.py for tasks to queue
[2023-01-07T01:04:28.363+0100] {logging_mixin.py:137} INFO - [2023-01-07T01:04:28.363+0100] {dagbag.py:538} INFO - Filling up the DagBag from /home/chrisfleig/.local/lib/python3.10/site-packages/airflow/example_dags/example_kubernetes_executor.py
[2023-01-07T01:04:28.380+0100] {logging_mixin.py:137} INFO - [2023-01-07T01:04:28.380+0100] {example_kubernetes_executor.py:41} WARNING - The example_kubernetes_executor example DAG requires the kubernetes provider. Please install it with: pip install apache-airflow[cncf.kubernetes]
[2023-01-07T01:04:28.381+0100] {processor.py:755} WARNING - No viable dags retrieved from /home/chrisfleig/.local/lib/python3.10/site-packages/airflow/example_dags/example_kubernetes_executor.py
[2023-01-07T01:04:28.389+0100] {processor.py:175} INFO - Processing /home/chrisfleig/.local/lib/python3.10/site-packages/airflow/example_dags/example_kubernetes_executor.py took 0.033 seconds
[2023-01-07T01:05:13.596+0100] {processor.py:153} INFO - Started process (PID=11198) to work on /home/chrisfleig/.local/lib/python3.10/site-packages/airflow/example_dags/example_kubernetes_executor.py
[2023-01-07T01:05:13.598+0100] {processor.py:743} INFO - Processing file /home/chrisfleig/.local/lib/python3.10/site-packages/airflow/example_dags/example_kubernetes_executor.py for tasks to queue
[2023-01-07T01:05:13.599+0100] {logging_mixin.py:137} INFO - [2023-01-07T01:05:13.599+0100] {dagbag.py:538} INFO - Filling up the DagBag from /home/chrisfleig/.local/lib/python3.10/site-packages/airflow/example_dags/example_kubernetes_executor.py
[2023-01-07T01:05:13.616+0100] {logging_mixin.py:137} INFO - [2023-01-07T01:05:13.616+0100] {example_kubernetes_executor.py:41} WARNING - The example_kubernetes_executor example DAG requires the kubernetes provider. Please install it with: pip install apache-airflow[cncf.kubernetes]
[2023-01-07T01:05:13.616+0100] {processor.py:755} WARNING - No viable dags retrieved from /home/chrisfleig/.local/lib/python3.10/site-packages/airflow/example_dags/example_kubernetes_executor.py
[2023-01-07T01:05:13.623+0100] {processor.py:175} INFO - Processing /home/chrisfleig/.local/lib/python3.10/site-packages/airflow/example_dags/example_kubernetes_executor.py took 0.031 seconds
[2023-01-07T01:06:05.638+0100] {processor.py:153} INFO - Started process (PID=11246) to work on /home/chrisfleig/.local/lib/python3.10/site-packages/airflow/example_dags/example_kubernetes_executor.py
[2023-01-07T01:06:05.640+0100] {processor.py:743} INFO - Processing file /home/chrisfleig/.local/lib/python3.10/site-packages/airflow/example_dags/example_kubernetes_executor.py for tasks to queue
[2023-01-07T01:06:05.641+0100] {logging_mixin.py:137} INFO - [2023-01-07T01:06:05.640+0100] {dagbag.py:538} INFO - Filling up the DagBag from /home/chrisfleig/.local/lib/python3.10/site-packages/airflow/example_dags/example_kubernetes_executor.py
[2023-01-07T01:06:05.660+0100] {logging_mixin.py:137} INFO - [2023-01-07T01:06:05.660+0100] {example_kubernetes_executor.py:41} WARNING - The example_kubernetes_executor example DAG requires the kubernetes provider. Please install it with: pip install apache-airflow[cncf.kubernetes]
[2023-01-07T01:06:05.661+0100] {processor.py:755} WARNING - No viable dags retrieved from /home/chrisfleig/.local/lib/python3.10/site-packages/airflow/example_dags/example_kubernetes_executor.py
[2023-01-07T01:06:05.668+0100] {processor.py:175} INFO - Processing /home/chrisfleig/.local/lib/python3.10/site-packages/airflow/example_dags/example_kubernetes_executor.py took 0.034 seconds
[2023-01-07T01:06:56.844+0100] {processor.py:153} INFO - Started process (PID=11297) to work on /home/chrisfleig/.local/lib/python3.10/site-packages/airflow/example_dags/example_kubernetes_executor.py
[2023-01-07T01:06:56.845+0100] {processor.py:743} INFO - Processing file /home/chrisfleig/.local/lib/python3.10/site-packages/airflow/example_dags/example_kubernetes_executor.py for tasks to queue
[2023-01-07T01:06:56.845+0100] {logging_mixin.py:137} INFO - [2023-01-07T01:06:56.845+0100] {dagbag.py:538} INFO - Filling up the DagBag from /home/chrisfleig/.local/lib/python3.10/site-packages/airflow/example_dags/example_kubernetes_executor.py
[2023-01-07T01:06:56.860+0100] {logging_mixin.py:137} INFO - [2023-01-07T01:06:56.860+0100] {example_kubernetes_executor.py:41} WARNING - The example_kubernetes_executor example DAG requires the kubernetes provider. Please install it with: pip install apache-airflow[cncf.kubernetes]
[2023-01-07T01:06:56.860+0100] {processor.py:755} WARNING - No viable dags retrieved from /home/chrisfleig/.local/lib/python3.10/site-packages/airflow/example_dags/example_kubernetes_executor.py
[2023-01-07T01:06:56.867+0100] {processor.py:175} INFO - Processing /home/chrisfleig/.local/lib/python3.10/site-packages/airflow/example_dags/example_kubernetes_executor.py took 0.026 seconds
[2023-01-07T01:07:49.046+0100] {processor.py:153} INFO - Started process (PID=11345) to work on /home/chrisfleig/.local/lib/python3.10/site-packages/airflow/example_dags/example_kubernetes_executor.py
[2023-01-07T01:07:49.047+0100] {processor.py:743} INFO - Processing file /home/chrisfleig/.local/lib/python3.10/site-packages/airflow/example_dags/example_kubernetes_executor.py for tasks to queue
[2023-01-07T01:07:49.047+0100] {logging_mixin.py:137} INFO - [2023-01-07T01:07:49.047+0100] {dagbag.py:538} INFO - Filling up the DagBag from /home/chrisfleig/.local/lib/python3.10/site-packages/airflow/example_dags/example_kubernetes_executor.py
[2023-01-07T01:07:49.066+0100] {logging_mixin.py:137} INFO - [2023-01-07T01:07:49.066+0100] {example_kubernetes_executor.py:41} WARNING - The example_kubernetes_executor example DAG requires the kubernetes provider. Please install it with: pip install apache-airflow[cncf.kubernetes]
[2023-01-07T01:07:49.067+0100] {processor.py:755} WARNING - No viable dags retrieved from /home/chrisfleig/.local/lib/python3.10/site-packages/airflow/example_dags/example_kubernetes_executor.py
[2023-01-07T01:07:49.075+0100] {processor.py:175} INFO - Processing /home/chrisfleig/.local/lib/python3.10/site-packages/airflow/example_dags/example_kubernetes_executor.py took 0.032 seconds
[2023-01-07T01:08:55.469+0100] {processor.py:153} INFO - Started process (PID=11402) to work on /home/chrisfleig/.local/lib/python3.10/site-packages/airflow/example_dags/example_kubernetes_executor.py
[2023-01-07T01:08:55.470+0100] {processor.py:743} INFO - Processing file /home/chrisfleig/.local/lib/python3.10/site-packages/airflow/example_dags/example_kubernetes_executor.py for tasks to queue
[2023-01-07T01:08:55.471+0100] {logging_mixin.py:137} INFO - [2023-01-07T01:08:55.471+0100] {dagbag.py:538} INFO - Filling up the DagBag from /home/chrisfleig/.local/lib/python3.10/site-packages/airflow/example_dags/example_kubernetes_executor.py
[2023-01-07T01:08:55.487+0100] {logging_mixin.py:137} INFO - [2023-01-07T01:08:55.487+0100] {example_kubernetes_executor.py:41} WARNING - The example_kubernetes_executor example DAG requires the kubernetes provider. Please install it with: pip install apache-airflow[cncf.kubernetes]
[2023-01-07T01:08:55.487+0100] {processor.py:755} WARNING - No viable dags retrieved from /home/chrisfleig/.local/lib/python3.10/site-packages/airflow/example_dags/example_kubernetes_executor.py
[2023-01-07T01:08:55.495+0100] {processor.py:175} INFO - Processing /home/chrisfleig/.local/lib/python3.10/site-packages/airflow/example_dags/example_kubernetes_executor.py took 0.029 seconds
[2023-01-07T01:09:59.677+0100] {processor.py:153} INFO - Started process (PID=11464) to work on /home/chrisfleig/.local/lib/python3.10/site-packages/airflow/example_dags/example_kubernetes_executor.py
[2023-01-07T01:09:59.679+0100] {processor.py:743} INFO - Processing file /home/chrisfleig/.local/lib/python3.10/site-packages/airflow/example_dags/example_kubernetes_executor.py for tasks to queue
[2023-01-07T01:09:59.680+0100] {logging_mixin.py:137} INFO - [2023-01-07T01:09:59.679+0100] {dagbag.py:538} INFO - Filling up the DagBag from /home/chrisfleig/.local/lib/python3.10/site-packages/airflow/example_dags/example_kubernetes_executor.py
[2023-01-07T01:09:59.702+0100] {logging_mixin.py:137} INFO - [2023-01-07T01:09:59.702+0100] {example_kubernetes_executor.py:41} WARNING - The example_kubernetes_executor example DAG requires the kubernetes provider. Please install it with: pip install apache-airflow[cncf.kubernetes]
[2023-01-07T01:09:59.703+0100] {processor.py:755} WARNING - No viable dags retrieved from /home/chrisfleig/.local/lib/python3.10/site-packages/airflow/example_dags/example_kubernetes_executor.py
[2023-01-07T01:09:59.713+0100] {processor.py:175} INFO - Processing /home/chrisfleig/.local/lib/python3.10/site-packages/airflow/example_dags/example_kubernetes_executor.py took 0.042 seconds
[2023-01-07T01:11:00.644+0100] {processor.py:153} INFO - Started process (PID=11521) to work on /home/chrisfleig/.local/lib/python3.10/site-packages/airflow/example_dags/example_kubernetes_executor.py
[2023-01-07T01:11:00.646+0100] {processor.py:743} INFO - Processing file /home/chrisfleig/.local/lib/python3.10/site-packages/airflow/example_dags/example_kubernetes_executor.py for tasks to queue
[2023-01-07T01:11:00.646+0100] {logging_mixin.py:137} INFO - [2023-01-07T01:11:00.646+0100] {dagbag.py:538} INFO - Filling up the DagBag from /home/chrisfleig/.local/lib/python3.10/site-packages/airflow/example_dags/example_kubernetes_executor.py
[2023-01-07T01:11:00.663+0100] {logging_mixin.py:137} INFO - [2023-01-07T01:11:00.663+0100] {example_kubernetes_executor.py:41} WARNING - The example_kubernetes_executor example DAG requires the kubernetes provider. Please install it with: pip install apache-airflow[cncf.kubernetes]
[2023-01-07T01:11:00.663+0100] {processor.py:755} WARNING - No viable dags retrieved from /home/chrisfleig/.local/lib/python3.10/site-packages/airflow/example_dags/example_kubernetes_executor.py
[2023-01-07T01:11:00.672+0100] {processor.py:175} INFO - Processing /home/chrisfleig/.local/lib/python3.10/site-packages/airflow/example_dags/example_kubernetes_executor.py took 0.032 seconds
[2023-01-07T01:11:59.101+0100] {processor.py:153} INFO - Started process (PID=11576) to work on /home/chrisfleig/.local/lib/python3.10/site-packages/airflow/example_dags/example_kubernetes_executor.py
[2023-01-07T01:11:59.105+0100] {processor.py:743} INFO - Processing file /home/chrisfleig/.local/lib/python3.10/site-packages/airflow/example_dags/example_kubernetes_executor.py for tasks to queue
[2023-01-07T01:11:59.106+0100] {logging_mixin.py:137} INFO - [2023-01-07T01:11:59.106+0100] {dagbag.py:538} INFO - Filling up the DagBag from /home/chrisfleig/.local/lib/python3.10/site-packages/airflow/example_dags/example_kubernetes_executor.py
[2023-01-07T01:11:59.122+0100] {logging_mixin.py:137} INFO - [2023-01-07T01:11:59.122+0100] {example_kubernetes_executor.py:41} WARNING - The example_kubernetes_executor example DAG requires the kubernetes provider. Please install it with: pip install apache-airflow[cncf.kubernetes]
[2023-01-07T01:11:59.122+0100] {processor.py:755} WARNING - No viable dags retrieved from /home/chrisfleig/.local/lib/python3.10/site-packages/airflow/example_dags/example_kubernetes_executor.py
[2023-01-07T01:11:59.130+0100] {processor.py:175} INFO - Processing /home/chrisfleig/.local/lib/python3.10/site-packages/airflow/example_dags/example_kubernetes_executor.py took 0.033 seconds
[2023-01-07T01:13:02.451+0100] {processor.py:153} INFO - Started process (PID=11640) to work on /home/chrisfleig/.local/lib/python3.10/site-packages/airflow/example_dags/example_kubernetes_executor.py
[2023-01-07T01:13:02.453+0100] {processor.py:743} INFO - Processing file /home/chrisfleig/.local/lib/python3.10/site-packages/airflow/example_dags/example_kubernetes_executor.py for tasks to queue
[2023-01-07T01:13:02.454+0100] {logging_mixin.py:137} INFO - [2023-01-07T01:13:02.453+0100] {dagbag.py:538} INFO - Filling up the DagBag from /home/chrisfleig/.local/lib/python3.10/site-packages/airflow/example_dags/example_kubernetes_executor.py
[2023-01-07T01:13:02.470+0100] {logging_mixin.py:137} INFO - [2023-01-07T01:13:02.470+0100] {example_kubernetes_executor.py:41} WARNING - The example_kubernetes_executor example DAG requires the kubernetes provider. Please install it with: pip install apache-airflow[cncf.kubernetes]
[2023-01-07T01:13:02.471+0100] {processor.py:755} WARNING - No viable dags retrieved from /home/chrisfleig/.local/lib/python3.10/site-packages/airflow/example_dags/example_kubernetes_executor.py
[2023-01-07T01:13:02.479+0100] {processor.py:175} INFO - Processing /home/chrisfleig/.local/lib/python3.10/site-packages/airflow/example_dags/example_kubernetes_executor.py took 0.031 seconds
[2023-01-07T01:14:08.664+0100] {processor.py:153} INFO - Started process (PID=11701) to work on /home/chrisfleig/.local/lib/python3.10/site-packages/airflow/example_dags/example_kubernetes_executor.py
[2023-01-07T01:14:08.667+0100] {processor.py:743} INFO - Processing file /home/chrisfleig/.local/lib/python3.10/site-packages/airflow/example_dags/example_kubernetes_executor.py for tasks to queue
[2023-01-07T01:14:08.669+0100] {logging_mixin.py:137} INFO - [2023-01-07T01:14:08.668+0100] {dagbag.py:538} INFO - Filling up the DagBag from /home/chrisfleig/.local/lib/python3.10/site-packages/airflow/example_dags/example_kubernetes_executor.py
[2023-01-07T01:14:08.703+0100] {logging_mixin.py:137} INFO - [2023-01-07T01:14:08.703+0100] {example_kubernetes_executor.py:41} WARNING - The example_kubernetes_executor example DAG requires the kubernetes provider. Please install it with: pip install apache-airflow[cncf.kubernetes]
[2023-01-07T01:14:08.703+0100] {processor.py:755} WARNING - No viable dags retrieved from /home/chrisfleig/.local/lib/python3.10/site-packages/airflow/example_dags/example_kubernetes_executor.py
[2023-01-07T01:14:08.723+0100] {processor.py:175} INFO - Processing /home/chrisfleig/.local/lib/python3.10/site-packages/airflow/example_dags/example_kubernetes_executor.py took 0.067 seconds
[2023-01-07T01:15:15.803+0100] {processor.py:153} INFO - Started process (PID=11762) to work on /home/chrisfleig/.local/lib/python3.10/site-packages/airflow/example_dags/example_kubernetes_executor.py
[2023-01-07T01:15:15.804+0100] {processor.py:743} INFO - Processing file /home/chrisfleig/.local/lib/python3.10/site-packages/airflow/example_dags/example_kubernetes_executor.py for tasks to queue
[2023-01-07T01:15:15.805+0100] {logging_mixin.py:137} INFO - [2023-01-07T01:15:15.805+0100] {dagbag.py:538} INFO - Filling up the DagBag from /home/chrisfleig/.local/lib/python3.10/site-packages/airflow/example_dags/example_kubernetes_executor.py
[2023-01-07T01:15:15.828+0100] {logging_mixin.py:137} INFO - [2023-01-07T01:15:15.828+0100] {example_kubernetes_executor.py:41} WARNING - The example_kubernetes_executor example DAG requires the kubernetes provider. Please install it with: pip install apache-airflow[cncf.kubernetes]
[2023-01-07T01:15:15.831+0100] {processor.py:755} WARNING - No viable dags retrieved from /home/chrisfleig/.local/lib/python3.10/site-packages/airflow/example_dags/example_kubernetes_executor.py
[2023-01-07T01:15:15.842+0100] {processor.py:175} INFO - Processing /home/chrisfleig/.local/lib/python3.10/site-packages/airflow/example_dags/example_kubernetes_executor.py took 0.046 seconds
[2023-01-07T01:16:12.389+0100] {processor.py:153} INFO - Started process (PID=11817) to work on /home/chrisfleig/.local/lib/python3.10/site-packages/airflow/example_dags/example_kubernetes_executor.py
[2023-01-07T01:16:12.391+0100] {processor.py:743} INFO - Processing file /home/chrisfleig/.local/lib/python3.10/site-packages/airflow/example_dags/example_kubernetes_executor.py for tasks to queue
[2023-01-07T01:16:12.392+0100] {logging_mixin.py:137} INFO - [2023-01-07T01:16:12.392+0100] {dagbag.py:538} INFO - Filling up the DagBag from /home/chrisfleig/.local/lib/python3.10/site-packages/airflow/example_dags/example_kubernetes_executor.py
[2023-01-07T01:16:12.414+0100] {logging_mixin.py:137} INFO - [2023-01-07T01:16:12.414+0100] {example_kubernetes_executor.py:41} WARNING - The example_kubernetes_executor example DAG requires the kubernetes provider. Please install it with: pip install apache-airflow[cncf.kubernetes]
[2023-01-07T01:16:12.414+0100] {processor.py:755} WARNING - No viable dags retrieved from /home/chrisfleig/.local/lib/python3.10/site-packages/airflow/example_dags/example_kubernetes_executor.py
[2023-01-07T01:16:12.424+0100] {processor.py:175} INFO - Processing /home/chrisfleig/.local/lib/python3.10/site-packages/airflow/example_dags/example_kubernetes_executor.py took 0.040 seconds
[2023-01-07T01:16:59.468+0100] {processor.py:153} INFO - Started process (PID=11869) to work on /home/chrisfleig/.local/lib/python3.10/site-packages/airflow/example_dags/example_kubernetes_executor.py
[2023-01-07T01:16:59.469+0100] {processor.py:743} INFO - Processing file /home/chrisfleig/.local/lib/python3.10/site-packages/airflow/example_dags/example_kubernetes_executor.py for tasks to queue
[2023-01-07T01:16:59.470+0100] {logging_mixin.py:137} INFO - [2023-01-07T01:16:59.470+0100] {dagbag.py:538} INFO - Filling up the DagBag from /home/chrisfleig/.local/lib/python3.10/site-packages/airflow/example_dags/example_kubernetes_executor.py
[2023-01-07T01:16:59.489+0100] {logging_mixin.py:137} INFO - [2023-01-07T01:16:59.489+0100] {example_kubernetes_executor.py:41} WARNING - The example_kubernetes_executor example DAG requires the kubernetes provider. Please install it with: pip install apache-airflow[cncf.kubernetes]
[2023-01-07T01:16:59.489+0100] {processor.py:755} WARNING - No viable dags retrieved from /home/chrisfleig/.local/lib/python3.10/site-packages/airflow/example_dags/example_kubernetes_executor.py
[2023-01-07T01:16:59.497+0100] {processor.py:175} INFO - Processing /home/chrisfleig/.local/lib/python3.10/site-packages/airflow/example_dags/example_kubernetes_executor.py took 0.033 seconds
[2023-01-07T01:18:04.605+0100] {processor.py:153} INFO - Started process (PID=11928) to work on /home/chrisfleig/.local/lib/python3.10/site-packages/airflow/example_dags/example_kubernetes_executor.py
[2023-01-07T01:18:04.607+0100] {processor.py:743} INFO - Processing file /home/chrisfleig/.local/lib/python3.10/site-packages/airflow/example_dags/example_kubernetes_executor.py for tasks to queue
[2023-01-07T01:18:04.608+0100] {logging_mixin.py:137} INFO - [2023-01-07T01:18:04.608+0100] {dagbag.py:538} INFO - Filling up the DagBag from /home/chrisfleig/.local/lib/python3.10/site-packages/airflow/example_dags/example_kubernetes_executor.py
[2023-01-07T01:18:04.625+0100] {logging_mixin.py:137} INFO - [2023-01-07T01:18:04.624+0100] {example_kubernetes_executor.py:41} WARNING - The example_kubernetes_executor example DAG requires the kubernetes provider. Please install it with: pip install apache-airflow[cncf.kubernetes]
[2023-01-07T01:18:04.625+0100] {processor.py:755} WARNING - No viable dags retrieved from /home/chrisfleig/.local/lib/python3.10/site-packages/airflow/example_dags/example_kubernetes_executor.py
[2023-01-07T01:18:04.634+0100] {processor.py:175} INFO - Processing /home/chrisfleig/.local/lib/python3.10/site-packages/airflow/example_dags/example_kubernetes_executor.py took 0.032 seconds
[2023-01-07T01:18:55.486+0100] {processor.py:153} INFO - Started process (PID=11971) to work on /home/chrisfleig/.local/lib/python3.10/site-packages/airflow/example_dags/example_kubernetes_executor.py
[2023-01-07T01:18:55.488+0100] {processor.py:743} INFO - Processing file /home/chrisfleig/.local/lib/python3.10/site-packages/airflow/example_dags/example_kubernetes_executor.py for tasks to queue
[2023-01-07T01:18:55.489+0100] {logging_mixin.py:137} INFO - [2023-01-07T01:18:55.488+0100] {dagbag.py:538} INFO - Filling up the DagBag from /home/chrisfleig/.local/lib/python3.10/site-packages/airflow/example_dags/example_kubernetes_executor.py
[2023-01-07T01:18:55.507+0100] {logging_mixin.py:137} INFO - [2023-01-07T01:18:55.507+0100] {example_kubernetes_executor.py:41} WARNING - The example_kubernetes_executor example DAG requires the kubernetes provider. Please install it with: pip install apache-airflow[cncf.kubernetes]
[2023-01-07T01:18:55.507+0100] {processor.py:755} WARNING - No viable dags retrieved from /home/chrisfleig/.local/lib/python3.10/site-packages/airflow/example_dags/example_kubernetes_executor.py
[2023-01-07T01:18:55.515+0100] {processor.py:175} INFO - Processing /home/chrisfleig/.local/lib/python3.10/site-packages/airflow/example_dags/example_kubernetes_executor.py took 0.033 seconds
[2023-01-07T01:19:46.510+0100] {processor.py:153} INFO - Started process (PID=12012) to work on /home/chrisfleig/.local/lib/python3.10/site-packages/airflow/example_dags/example_kubernetes_executor.py
[2023-01-07T01:19:46.512+0100] {processor.py:743} INFO - Processing file /home/chrisfleig/.local/lib/python3.10/site-packages/airflow/example_dags/example_kubernetes_executor.py for tasks to queue
[2023-01-07T01:19:46.516+0100] {logging_mixin.py:137} INFO - [2023-01-07T01:19:46.515+0100] {dagbag.py:538} INFO - Filling up the DagBag from /home/chrisfleig/.local/lib/python3.10/site-packages/airflow/example_dags/example_kubernetes_executor.py
[2023-01-07T01:19:46.533+0100] {logging_mixin.py:137} INFO - [2023-01-07T01:19:46.533+0100] {example_kubernetes_executor.py:41} WARNING - The example_kubernetes_executor example DAG requires the kubernetes provider. Please install it with: pip install apache-airflow[cncf.kubernetes]
[2023-01-07T01:19:46.534+0100] {processor.py:755} WARNING - No viable dags retrieved from /home/chrisfleig/.local/lib/python3.10/site-packages/airflow/example_dags/example_kubernetes_executor.py
[2023-01-07T01:19:46.542+0100] {processor.py:175} INFO - Processing /home/chrisfleig/.local/lib/python3.10/site-packages/airflow/example_dags/example_kubernetes_executor.py took 0.036 seconds
[2023-01-07T01:20:35.252+0100] {processor.py:153} INFO - Started process (PID=12056) to work on /home/chrisfleig/.local/lib/python3.10/site-packages/airflow/example_dags/example_kubernetes_executor.py
[2023-01-07T01:20:35.253+0100] {processor.py:743} INFO - Processing file /home/chrisfleig/.local/lib/python3.10/site-packages/airflow/example_dags/example_kubernetes_executor.py for tasks to queue
[2023-01-07T01:20:35.254+0100] {logging_mixin.py:137} INFO - [2023-01-07T01:20:35.254+0100] {dagbag.py:538} INFO - Filling up the DagBag from /home/chrisfleig/.local/lib/python3.10/site-packages/airflow/example_dags/example_kubernetes_executor.py
[2023-01-07T01:20:35.270+0100] {logging_mixin.py:137} INFO - [2023-01-07T01:20:35.270+0100] {example_kubernetes_executor.py:41} WARNING - The example_kubernetes_executor example DAG requires the kubernetes provider. Please install it with: pip install apache-airflow[cncf.kubernetes]
[2023-01-07T01:20:35.271+0100] {processor.py:755} WARNING - No viable dags retrieved from /home/chrisfleig/.local/lib/python3.10/site-packages/airflow/example_dags/example_kubernetes_executor.py
[2023-01-07T01:20:35.283+0100] {processor.py:175} INFO - Processing /home/chrisfleig/.local/lib/python3.10/site-packages/airflow/example_dags/example_kubernetes_executor.py took 0.036 seconds
[2023-01-07T01:21:30.321+0100] {processor.py:153} INFO - Started process (PID=12111) to work on /home/chrisfleig/.local/lib/python3.10/site-packages/airflow/example_dags/example_kubernetes_executor.py
[2023-01-07T01:21:30.322+0100] {processor.py:743} INFO - Processing file /home/chrisfleig/.local/lib/python3.10/site-packages/airflow/example_dags/example_kubernetes_executor.py for tasks to queue
[2023-01-07T01:21:30.322+0100] {logging_mixin.py:137} INFO - [2023-01-07T01:21:30.322+0100] {dagbag.py:538} INFO - Filling up the DagBag from /home/chrisfleig/.local/lib/python3.10/site-packages/airflow/example_dags/example_kubernetes_executor.py
[2023-01-07T01:21:30.336+0100] {logging_mixin.py:137} INFO - [2023-01-07T01:21:30.336+0100] {example_kubernetes_executor.py:41} WARNING - The example_kubernetes_executor example DAG requires the kubernetes provider. Please install it with: pip install apache-airflow[cncf.kubernetes]
[2023-01-07T01:21:30.337+0100] {processor.py:755} WARNING - No viable dags retrieved from /home/chrisfleig/.local/lib/python3.10/site-packages/airflow/example_dags/example_kubernetes_executor.py
[2023-01-07T01:21:30.344+0100] {processor.py:175} INFO - Processing /home/chrisfleig/.local/lib/python3.10/site-packages/airflow/example_dags/example_kubernetes_executor.py took 0.025 seconds
[2023-01-07T01:22:31.801+0100] {processor.py:153} INFO - Started process (PID=12168) to work on /home/chrisfleig/.local/lib/python3.10/site-packages/airflow/example_dags/example_kubernetes_executor.py
[2023-01-07T01:22:31.802+0100] {processor.py:743} INFO - Processing file /home/chrisfleig/.local/lib/python3.10/site-packages/airflow/example_dags/example_kubernetes_executor.py for tasks to queue
[2023-01-07T01:22:31.803+0100] {logging_mixin.py:137} INFO - [2023-01-07T01:22:31.803+0100] {dagbag.py:538} INFO - Filling up the DagBag from /home/chrisfleig/.local/lib/python3.10/site-packages/airflow/example_dags/example_kubernetes_executor.py
[2023-01-07T01:22:31.819+0100] {logging_mixin.py:137} INFO - [2023-01-07T01:22:31.818+0100] {example_kubernetes_executor.py:41} WARNING - The example_kubernetes_executor example DAG requires the kubernetes provider. Please install it with: pip install apache-airflow[cncf.kubernetes]
[2023-01-07T01:22:31.819+0100] {processor.py:755} WARNING - No viable dags retrieved from /home/chrisfleig/.local/lib/python3.10/site-packages/airflow/example_dags/example_kubernetes_executor.py
[2023-01-07T01:22:31.826+0100] {processor.py:175} INFO - Processing /home/chrisfleig/.local/lib/python3.10/site-packages/airflow/example_dags/example_kubernetes_executor.py took 0.028 seconds
[2023-01-07T01:23:35.756+0100] {processor.py:153} INFO - Started process (PID=12227) to work on /home/chrisfleig/.local/lib/python3.10/site-packages/airflow/example_dags/example_kubernetes_executor.py
[2023-01-07T01:23:35.757+0100] {processor.py:743} INFO - Processing file /home/chrisfleig/.local/lib/python3.10/site-packages/airflow/example_dags/example_kubernetes_executor.py for tasks to queue
[2023-01-07T01:23:35.758+0100] {logging_mixin.py:137} INFO - [2023-01-07T01:23:35.758+0100] {dagbag.py:538} INFO - Filling up the DagBag from /home/chrisfleig/.local/lib/python3.10/site-packages/airflow/example_dags/example_kubernetes_executor.py
[2023-01-07T01:23:35.773+0100] {logging_mixin.py:137} INFO - [2023-01-07T01:23:35.773+0100] {example_kubernetes_executor.py:41} WARNING - The example_kubernetes_executor example DAG requires the kubernetes provider. Please install it with: pip install apache-airflow[cncf.kubernetes]
[2023-01-07T01:23:35.773+0100] {processor.py:755} WARNING - No viable dags retrieved from /home/chrisfleig/.local/lib/python3.10/site-packages/airflow/example_dags/example_kubernetes_executor.py
[2023-01-07T01:23:35.781+0100] {processor.py:175} INFO - Processing /home/chrisfleig/.local/lib/python3.10/site-packages/airflow/example_dags/example_kubernetes_executor.py took 0.028 seconds
[2023-01-07T01:24:42.092+0100] {processor.py:153} INFO - Started process (PID=12287) to work on /home/chrisfleig/.local/lib/python3.10/site-packages/airflow/example_dags/example_kubernetes_executor.py
[2023-01-07T01:24:42.094+0100] {processor.py:743} INFO - Processing file /home/chrisfleig/.local/lib/python3.10/site-packages/airflow/example_dags/example_kubernetes_executor.py for tasks to queue
[2023-01-07T01:24:42.095+0100] {logging_mixin.py:137} INFO - [2023-01-07T01:24:42.094+0100] {dagbag.py:538} INFO - Filling up the DagBag from /home/chrisfleig/.local/lib/python3.10/site-packages/airflow/example_dags/example_kubernetes_executor.py
[2023-01-07T01:24:42.111+0100] {logging_mixin.py:137} INFO - [2023-01-07T01:24:42.111+0100] {example_kubernetes_executor.py:41} WARNING - The example_kubernetes_executor example DAG requires the kubernetes provider. Please install it with: pip install apache-airflow[cncf.kubernetes]
[2023-01-07T01:24:42.112+0100] {processor.py:755} WARNING - No viable dags retrieved from /home/chrisfleig/.local/lib/python3.10/site-packages/airflow/example_dags/example_kubernetes_executor.py
[2023-01-07T01:24:42.120+0100] {processor.py:175} INFO - Processing /home/chrisfleig/.local/lib/python3.10/site-packages/airflow/example_dags/example_kubernetes_executor.py took 0.032 seconds
[2023-01-07T01:25:47.001+0100] {processor.py:153} INFO - Started process (PID=12346) to work on /home/chrisfleig/.local/lib/python3.10/site-packages/airflow/example_dags/example_kubernetes_executor.py
[2023-01-07T01:25:47.002+0100] {processor.py:743} INFO - Processing file /home/chrisfleig/.local/lib/python3.10/site-packages/airflow/example_dags/example_kubernetes_executor.py for tasks to queue
[2023-01-07T01:25:47.003+0100] {logging_mixin.py:137} INFO - [2023-01-07T01:25:47.003+0100] {dagbag.py:538} INFO - Filling up the DagBag from /home/chrisfleig/.local/lib/python3.10/site-packages/airflow/example_dags/example_kubernetes_executor.py
[2023-01-07T01:25:47.018+0100] {logging_mixin.py:137} INFO - [2023-01-07T01:25:47.018+0100] {example_kubernetes_executor.py:41} WARNING - The example_kubernetes_executor example DAG requires the kubernetes provider. Please install it with: pip install apache-airflow[cncf.kubernetes]
[2023-01-07T01:25:47.019+0100] {processor.py:755} WARNING - No viable dags retrieved from /home/chrisfleig/.local/lib/python3.10/site-packages/airflow/example_dags/example_kubernetes_executor.py
[2023-01-07T01:25:47.026+0100] {processor.py:175} INFO - Processing /home/chrisfleig/.local/lib/python3.10/site-packages/airflow/example_dags/example_kubernetes_executor.py took 0.030 seconds
[2023-01-07T01:26:48.826+0100] {processor.py:153} INFO - Started process (PID=12404) to work on /home/chrisfleig/.local/lib/python3.10/site-packages/airflow/example_dags/example_kubernetes_executor.py
[2023-01-07T01:26:48.828+0100] {processor.py:743} INFO - Processing file /home/chrisfleig/.local/lib/python3.10/site-packages/airflow/example_dags/example_kubernetes_executor.py for tasks to queue
[2023-01-07T01:26:48.830+0100] {logging_mixin.py:137} INFO - [2023-01-07T01:26:48.829+0100] {dagbag.py:538} INFO - Filling up the DagBag from /home/chrisfleig/.local/lib/python3.10/site-packages/airflow/example_dags/example_kubernetes_executor.py
[2023-01-07T01:26:48.872+0100] {logging_mixin.py:137} INFO - [2023-01-07T01:26:48.872+0100] {example_kubernetes_executor.py:41} WARNING - The example_kubernetes_executor example DAG requires the kubernetes provider. Please install it with: pip install apache-airflow[cncf.kubernetes]
[2023-01-07T01:26:48.873+0100] {processor.py:755} WARNING - No viable dags retrieved from /home/chrisfleig/.local/lib/python3.10/site-packages/airflow/example_dags/example_kubernetes_executor.py
[2023-01-07T01:26:48.885+0100] {processor.py:175} INFO - Processing /home/chrisfleig/.local/lib/python3.10/site-packages/airflow/example_dags/example_kubernetes_executor.py took 0.065 seconds
[2023-01-07T01:27:49.924+0100] {processor.py:153} INFO - Started process (PID=12460) to work on /home/chrisfleig/.local/lib/python3.10/site-packages/airflow/example_dags/example_kubernetes_executor.py
[2023-01-07T01:27:49.926+0100] {processor.py:743} INFO - Processing file /home/chrisfleig/.local/lib/python3.10/site-packages/airflow/example_dags/example_kubernetes_executor.py for tasks to queue
[2023-01-07T01:27:49.927+0100] {logging_mixin.py:137} INFO - [2023-01-07T01:27:49.926+0100] {dagbag.py:538} INFO - Filling up the DagBag from /home/chrisfleig/.local/lib/python3.10/site-packages/airflow/example_dags/example_kubernetes_executor.py
[2023-01-07T01:27:49.942+0100] {logging_mixin.py:137} INFO - [2023-01-07T01:27:49.942+0100] {example_kubernetes_executor.py:41} WARNING - The example_kubernetes_executor example DAG requires the kubernetes provider. Please install it with: pip install apache-airflow[cncf.kubernetes]
[2023-01-07T01:27:49.942+0100] {processor.py:755} WARNING - No viable dags retrieved from /home/chrisfleig/.local/lib/python3.10/site-packages/airflow/example_dags/example_kubernetes_executor.py
[2023-01-07T01:27:49.951+0100] {processor.py:175} INFO - Processing /home/chrisfleig/.local/lib/python3.10/site-packages/airflow/example_dags/example_kubernetes_executor.py took 0.030 seconds
[2023-01-07T01:28:56.779+0100] {processor.py:153} INFO - Started process (PID=12587) to work on /home/chrisfleig/.local/lib/python3.10/site-packages/airflow/example_dags/example_kubernetes_executor.py
[2023-01-07T01:28:56.780+0100] {processor.py:743} INFO - Processing file /home/chrisfleig/.local/lib/python3.10/site-packages/airflow/example_dags/example_kubernetes_executor.py for tasks to queue
[2023-01-07T01:28:56.781+0100] {logging_mixin.py:137} INFO - [2023-01-07T01:28:56.781+0100] {dagbag.py:538} INFO - Filling up the DagBag from /home/chrisfleig/.local/lib/python3.10/site-packages/airflow/example_dags/example_kubernetes_executor.py
[2023-01-07T01:28:56.799+0100] {logging_mixin.py:137} INFO - [2023-01-07T01:28:56.799+0100] {example_kubernetes_executor.py:41} WARNING - The example_kubernetes_executor example DAG requires the kubernetes provider. Please install it with: pip install apache-airflow[cncf.kubernetes]
[2023-01-07T01:28:56.799+0100] {processor.py:755} WARNING - No viable dags retrieved from /home/chrisfleig/.local/lib/python3.10/site-packages/airflow/example_dags/example_kubernetes_executor.py
[2023-01-07T01:28:56.807+0100] {processor.py:175} INFO - Processing /home/chrisfleig/.local/lib/python3.10/site-packages/airflow/example_dags/example_kubernetes_executor.py took 0.031 seconds
[2023-01-07T01:30:00.227+0100] {processor.py:153} INFO - Started process (PID=12698) to work on /home/chrisfleig/.local/lib/python3.10/site-packages/airflow/example_dags/example_kubernetes_executor.py
[2023-01-07T01:30:00.228+0100] {processor.py:743} INFO - Processing file /home/chrisfleig/.local/lib/python3.10/site-packages/airflow/example_dags/example_kubernetes_executor.py for tasks to queue
[2023-01-07T01:30:00.229+0100] {logging_mixin.py:137} INFO - [2023-01-07T01:30:00.229+0100] {dagbag.py:538} INFO - Filling up the DagBag from /home/chrisfleig/.local/lib/python3.10/site-packages/airflow/example_dags/example_kubernetes_executor.py
[2023-01-07T01:30:00.251+0100] {logging_mixin.py:137} INFO - [2023-01-07T01:30:00.251+0100] {example_kubernetes_executor.py:41} WARNING - The example_kubernetes_executor example DAG requires the kubernetes provider. Please install it with: pip install apache-airflow[cncf.kubernetes]
[2023-01-07T01:30:00.251+0100] {processor.py:755} WARNING - No viable dags retrieved from /home/chrisfleig/.local/lib/python3.10/site-packages/airflow/example_dags/example_kubernetes_executor.py
[2023-01-07T01:30:00.260+0100] {processor.py:175} INFO - Processing /home/chrisfleig/.local/lib/python3.10/site-packages/airflow/example_dags/example_kubernetes_executor.py took 0.037 seconds
[2023-01-07T01:30:56.981+0100] {processor.py:153} INFO - Started process (PID=12754) to work on /home/chrisfleig/.local/lib/python3.10/site-packages/airflow/example_dags/example_kubernetes_executor.py
[2023-01-07T01:30:56.983+0100] {processor.py:743} INFO - Processing file /home/chrisfleig/.local/lib/python3.10/site-packages/airflow/example_dags/example_kubernetes_executor.py for tasks to queue
[2023-01-07T01:30:56.984+0100] {logging_mixin.py:137} INFO - [2023-01-07T01:30:56.983+0100] {dagbag.py:538} INFO - Filling up the DagBag from /home/chrisfleig/.local/lib/python3.10/site-packages/airflow/example_dags/example_kubernetes_executor.py
[2023-01-07T01:30:56.999+0100] {logging_mixin.py:137} INFO - [2023-01-07T01:30:56.999+0100] {example_kubernetes_executor.py:41} WARNING - The example_kubernetes_executor example DAG requires the kubernetes provider. Please install it with: pip install apache-airflow[cncf.kubernetes]
[2023-01-07T01:30:56.999+0100] {processor.py:755} WARNING - No viable dags retrieved from /home/chrisfleig/.local/lib/python3.10/site-packages/airflow/example_dags/example_kubernetes_executor.py
[2023-01-07T01:30:57.007+0100] {processor.py:175} INFO - Processing /home/chrisfleig/.local/lib/python3.10/site-packages/airflow/example_dags/example_kubernetes_executor.py took 0.029 seconds
[2023-01-07T01:31:56.072+0100] {processor.py:153} INFO - Started process (PID=12809) to work on /home/chrisfleig/.local/lib/python3.10/site-packages/airflow/example_dags/example_kubernetes_executor.py
[2023-01-07T01:31:56.074+0100] {processor.py:743} INFO - Processing file /home/chrisfleig/.local/lib/python3.10/site-packages/airflow/example_dags/example_kubernetes_executor.py for tasks to queue
[2023-01-07T01:31:56.075+0100] {logging_mixin.py:137} INFO - [2023-01-07T01:31:56.074+0100] {dagbag.py:538} INFO - Filling up the DagBag from /home/chrisfleig/.local/lib/python3.10/site-packages/airflow/example_dags/example_kubernetes_executor.py
[2023-01-07T01:31:56.105+0100] {logging_mixin.py:137} INFO - [2023-01-07T01:31:56.105+0100] {example_kubernetes_executor.py:41} WARNING - The example_kubernetes_executor example DAG requires the kubernetes provider. Please install it with: pip install apache-airflow[cncf.kubernetes]
[2023-01-07T01:31:56.106+0100] {processor.py:755} WARNING - No viable dags retrieved from /home/chrisfleig/.local/lib/python3.10/site-packages/airflow/example_dags/example_kubernetes_executor.py
[2023-01-07T01:31:56.121+0100] {processor.py:175} INFO - Processing /home/chrisfleig/.local/lib/python3.10/site-packages/airflow/example_dags/example_kubernetes_executor.py took 0.052 seconds
[2023-01-07T01:32:57.648+0100] {processor.py:153} INFO - Started process (PID=12865) to work on /home/chrisfleig/.local/lib/python3.10/site-packages/airflow/example_dags/example_kubernetes_executor.py
[2023-01-07T01:32:57.649+0100] {processor.py:743} INFO - Processing file /home/chrisfleig/.local/lib/python3.10/site-packages/airflow/example_dags/example_kubernetes_executor.py for tasks to queue
[2023-01-07T01:32:57.650+0100] {logging_mixin.py:137} INFO - [2023-01-07T01:32:57.650+0100] {dagbag.py:538} INFO - Filling up the DagBag from /home/chrisfleig/.local/lib/python3.10/site-packages/airflow/example_dags/example_kubernetes_executor.py
[2023-01-07T01:32:57.667+0100] {logging_mixin.py:137} INFO - [2023-01-07T01:32:57.667+0100] {example_kubernetes_executor.py:41} WARNING - The example_kubernetes_executor example DAG requires the kubernetes provider. Please install it with: pip install apache-airflow[cncf.kubernetes]
[2023-01-07T01:32:57.668+0100] {processor.py:755} WARNING - No viable dags retrieved from /home/chrisfleig/.local/lib/python3.10/site-packages/airflow/example_dags/example_kubernetes_executor.py
[2023-01-07T01:32:57.675+0100] {processor.py:175} INFO - Processing /home/chrisfleig/.local/lib/python3.10/site-packages/airflow/example_dags/example_kubernetes_executor.py took 0.031 seconds
[2023-01-07T01:34:12.383+0100] {processor.py:153} INFO - Started process (PID=12926) to work on /home/chrisfleig/.local/lib/python3.10/site-packages/airflow/example_dags/example_kubernetes_executor.py
[2023-01-07T01:34:12.385+0100] {processor.py:743} INFO - Processing file /home/chrisfleig/.local/lib/python3.10/site-packages/airflow/example_dags/example_kubernetes_executor.py for tasks to queue
[2023-01-07T01:34:12.386+0100] {logging_mixin.py:137} INFO - [2023-01-07T01:34:12.385+0100] {dagbag.py:538} INFO - Filling up the DagBag from /home/chrisfleig/.local/lib/python3.10/site-packages/airflow/example_dags/example_kubernetes_executor.py
[2023-01-07T01:34:12.405+0100] {logging_mixin.py:137} INFO - [2023-01-07T01:34:12.405+0100] {example_kubernetes_executor.py:41} WARNING - The example_kubernetes_executor example DAG requires the kubernetes provider. Please install it with: pip install apache-airflow[cncf.kubernetes]
[2023-01-07T01:34:12.405+0100] {processor.py:755} WARNING - No viable dags retrieved from /home/chrisfleig/.local/lib/python3.10/site-packages/airflow/example_dags/example_kubernetes_executor.py
[2023-01-07T01:34:12.413+0100] {processor.py:175} INFO - Processing /home/chrisfleig/.local/lib/python3.10/site-packages/airflow/example_dags/example_kubernetes_executor.py took 0.034 seconds
[2023-01-07T01:35:14.528+0100] {processor.py:153} INFO - Started process (PID=12978) to work on /home/chrisfleig/.local/lib/python3.10/site-packages/airflow/example_dags/example_kubernetes_executor.py
[2023-01-07T01:35:14.530+0100] {processor.py:743} INFO - Processing file /home/chrisfleig/.local/lib/python3.10/site-packages/airflow/example_dags/example_kubernetes_executor.py for tasks to queue
[2023-01-07T01:35:14.531+0100] {logging_mixin.py:137} INFO - [2023-01-07T01:35:14.531+0100] {dagbag.py:538} INFO - Filling up the DagBag from /home/chrisfleig/.local/lib/python3.10/site-packages/airflow/example_dags/example_kubernetes_executor.py
[2023-01-07T01:35:14.565+0100] {logging_mixin.py:137} INFO - [2023-01-07T01:35:14.564+0100] {example_kubernetes_executor.py:41} WARNING - The example_kubernetes_executor example DAG requires the kubernetes provider. Please install it with: pip install apache-airflow[cncf.kubernetes]
[2023-01-07T01:35:14.567+0100] {processor.py:755} WARNING - No viable dags retrieved from /home/chrisfleig/.local/lib/python3.10/site-packages/airflow/example_dags/example_kubernetes_executor.py
[2023-01-07T01:35:14.607+0100] {processor.py:175} INFO - Processing /home/chrisfleig/.local/lib/python3.10/site-packages/airflow/example_dags/example_kubernetes_executor.py took 0.086 seconds
[2023-01-07T01:36:18.933+0100] {processor.py:153} INFO - Started process (PID=13036) to work on /home/chrisfleig/.local/lib/python3.10/site-packages/airflow/example_dags/example_kubernetes_executor.py
[2023-01-07T01:36:18.934+0100] {processor.py:743} INFO - Processing file /home/chrisfleig/.local/lib/python3.10/site-packages/airflow/example_dags/example_kubernetes_executor.py for tasks to queue
[2023-01-07T01:36:18.935+0100] {logging_mixin.py:137} INFO - [2023-01-07T01:36:18.935+0100] {dagbag.py:538} INFO - Filling up the DagBag from /home/chrisfleig/.local/lib/python3.10/site-packages/airflow/example_dags/example_kubernetes_executor.py
[2023-01-07T01:36:18.951+0100] {logging_mixin.py:137} INFO - [2023-01-07T01:36:18.951+0100] {example_kubernetes_executor.py:41} WARNING - The example_kubernetes_executor example DAG requires the kubernetes provider. Please install it with: pip install apache-airflow[cncf.kubernetes]
[2023-01-07T01:36:18.951+0100] {processor.py:755} WARNING - No viable dags retrieved from /home/chrisfleig/.local/lib/python3.10/site-packages/airflow/example_dags/example_kubernetes_executor.py
[2023-01-07T01:36:18.959+0100] {processor.py:175} INFO - Processing /home/chrisfleig/.local/lib/python3.10/site-packages/airflow/example_dags/example_kubernetes_executor.py took 0.029 seconds
[2023-01-07T01:37:14.829+0100] {processor.py:153} INFO - Started process (PID=13091) to work on /home/chrisfleig/.local/lib/python3.10/site-packages/airflow/example_dags/example_kubernetes_executor.py
[2023-01-07T01:37:14.831+0100] {processor.py:743} INFO - Processing file /home/chrisfleig/.local/lib/python3.10/site-packages/airflow/example_dags/example_kubernetes_executor.py for tasks to queue
[2023-01-07T01:37:14.832+0100] {logging_mixin.py:137} INFO - [2023-01-07T01:37:14.831+0100] {dagbag.py:538} INFO - Filling up the DagBag from /home/chrisfleig/.local/lib/python3.10/site-packages/airflow/example_dags/example_kubernetes_executor.py
[2023-01-07T01:37:14.847+0100] {logging_mixin.py:137} INFO - [2023-01-07T01:37:14.847+0100] {example_kubernetes_executor.py:41} WARNING - The example_kubernetes_executor example DAG requires the kubernetes provider. Please install it with: pip install apache-airflow[cncf.kubernetes]
[2023-01-07T01:37:14.847+0100] {processor.py:755} WARNING - No viable dags retrieved from /home/chrisfleig/.local/lib/python3.10/site-packages/airflow/example_dags/example_kubernetes_executor.py
[2023-01-07T01:37:14.854+0100] {processor.py:175} INFO - Processing /home/chrisfleig/.local/lib/python3.10/site-packages/airflow/example_dags/example_kubernetes_executor.py took 0.029 seconds
[2023-01-07T01:38:15.185+0100] {processor.py:153} INFO - Started process (PID=13145) to work on /home/chrisfleig/.local/lib/python3.10/site-packages/airflow/example_dags/example_kubernetes_executor.py
[2023-01-07T01:38:15.188+0100] {processor.py:743} INFO - Processing file /home/chrisfleig/.local/lib/python3.10/site-packages/airflow/example_dags/example_kubernetes_executor.py for tasks to queue
[2023-01-07T01:38:15.190+0100] {logging_mixin.py:137} INFO - [2023-01-07T01:38:15.190+0100] {dagbag.py:538} INFO - Filling up the DagBag from /home/chrisfleig/.local/lib/python3.10/site-packages/airflow/example_dags/example_kubernetes_executor.py
[2023-01-07T01:38:15.211+0100] {logging_mixin.py:137} INFO - [2023-01-07T01:38:15.210+0100] {example_kubernetes_executor.py:41} WARNING - The example_kubernetes_executor example DAG requires the kubernetes provider. Please install it with: pip install apache-airflow[cncf.kubernetes]
[2023-01-07T01:38:15.211+0100] {processor.py:755} WARNING - No viable dags retrieved from /home/chrisfleig/.local/lib/python3.10/site-packages/airflow/example_dags/example_kubernetes_executor.py
[2023-01-07T01:38:15.219+0100] {processor.py:175} INFO - Processing /home/chrisfleig/.local/lib/python3.10/site-packages/airflow/example_dags/example_kubernetes_executor.py took 0.042 seconds
[2023-01-07T01:39:03.166+0100] {processor.py:153} INFO - Started process (PID=13189) to work on /home/chrisfleig/.local/lib/python3.10/site-packages/airflow/example_dags/example_kubernetes_executor.py
[2023-01-07T01:39:03.167+0100] {processor.py:743} INFO - Processing file /home/chrisfleig/.local/lib/python3.10/site-packages/airflow/example_dags/example_kubernetes_executor.py for tasks to queue
[2023-01-07T01:39:03.168+0100] {logging_mixin.py:137} INFO - [2023-01-07T01:39:03.168+0100] {dagbag.py:538} INFO - Filling up the DagBag from /home/chrisfleig/.local/lib/python3.10/site-packages/airflow/example_dags/example_kubernetes_executor.py
[2023-01-07T01:39:03.183+0100] {logging_mixin.py:137} INFO - [2023-01-07T01:39:03.183+0100] {example_kubernetes_executor.py:41} WARNING - The example_kubernetes_executor example DAG requires the kubernetes provider. Please install it with: pip install apache-airflow[cncf.kubernetes]
[2023-01-07T01:39:03.183+0100] {processor.py:755} WARNING - No viable dags retrieved from /home/chrisfleig/.local/lib/python3.10/site-packages/airflow/example_dags/example_kubernetes_executor.py
[2023-01-07T01:39:03.191+0100] {processor.py:175} INFO - Processing /home/chrisfleig/.local/lib/python3.10/site-packages/airflow/example_dags/example_kubernetes_executor.py took 0.029 seconds
[2023-01-07T01:40:13.231+0100] {processor.py:153} INFO - Started process (PID=13249) to work on /home/chrisfleig/.local/lib/python3.10/site-packages/airflow/example_dags/example_kubernetes_executor.py
[2023-01-07T01:40:13.233+0100] {processor.py:743} INFO - Processing file /home/chrisfleig/.local/lib/python3.10/site-packages/airflow/example_dags/example_kubernetes_executor.py for tasks to queue
[2023-01-07T01:40:13.234+0100] {logging_mixin.py:137} INFO - [2023-01-07T01:40:13.234+0100] {dagbag.py:538} INFO - Filling up the DagBag from /home/chrisfleig/.local/lib/python3.10/site-packages/airflow/example_dags/example_kubernetes_executor.py
[2023-01-07T01:40:13.250+0100] {logging_mixin.py:137} INFO - [2023-01-07T01:40:13.250+0100] {example_kubernetes_executor.py:41} WARNING - The example_kubernetes_executor example DAG requires the kubernetes provider. Please install it with: pip install apache-airflow[cncf.kubernetes]
[2023-01-07T01:40:13.250+0100] {processor.py:755} WARNING - No viable dags retrieved from /home/chrisfleig/.local/lib/python3.10/site-packages/airflow/example_dags/example_kubernetes_executor.py
[2023-01-07T01:40:13.257+0100] {processor.py:175} INFO - Processing /home/chrisfleig/.local/lib/python3.10/site-packages/airflow/example_dags/example_kubernetes_executor.py took 0.030 seconds
[2023-01-07T01:41:00.043+0100] {processor.py:153} INFO - Started process (PID=13292) to work on /home/chrisfleig/.local/lib/python3.10/site-packages/airflow/example_dags/example_kubernetes_executor.py
[2023-01-07T01:41:00.044+0100] {processor.py:743} INFO - Processing file /home/chrisfleig/.local/lib/python3.10/site-packages/airflow/example_dags/example_kubernetes_executor.py for tasks to queue
[2023-01-07T01:41:00.044+0100] {logging_mixin.py:137} INFO - [2023-01-07T01:41:00.044+0100] {dagbag.py:538} INFO - Filling up the DagBag from /home/chrisfleig/.local/lib/python3.10/site-packages/airflow/example_dags/example_kubernetes_executor.py
[2023-01-07T01:41:00.059+0100] {logging_mixin.py:137} INFO - [2023-01-07T01:41:00.059+0100] {example_kubernetes_executor.py:41} WARNING - The example_kubernetes_executor example DAG requires the kubernetes provider. Please install it with: pip install apache-airflow[cncf.kubernetes]
[2023-01-07T01:41:00.059+0100] {processor.py:755} WARNING - No viable dags retrieved from /home/chrisfleig/.local/lib/python3.10/site-packages/airflow/example_dags/example_kubernetes_executor.py
[2023-01-07T01:41:00.066+0100] {processor.py:175} INFO - Processing /home/chrisfleig/.local/lib/python3.10/site-packages/airflow/example_dags/example_kubernetes_executor.py took 0.031 seconds
[2023-01-07T01:42:13.202+0100] {processor.py:153} INFO - Started process (PID=13354) to work on /home/chrisfleig/.local/lib/python3.10/site-packages/airflow/example_dags/example_kubernetes_executor.py
[2023-01-07T01:42:13.204+0100] {processor.py:743} INFO - Processing file /home/chrisfleig/.local/lib/python3.10/site-packages/airflow/example_dags/example_kubernetes_executor.py for tasks to queue
[2023-01-07T01:42:13.205+0100] {logging_mixin.py:137} INFO - [2023-01-07T01:42:13.205+0100] {dagbag.py:538} INFO - Filling up the DagBag from /home/chrisfleig/.local/lib/python3.10/site-packages/airflow/example_dags/example_kubernetes_executor.py
[2023-01-07T01:42:13.229+0100] {logging_mixin.py:137} INFO - [2023-01-07T01:42:13.229+0100] {example_kubernetes_executor.py:41} WARNING - The example_kubernetes_executor example DAG requires the kubernetes provider. Please install it with: pip install apache-airflow[cncf.kubernetes]
[2023-01-07T01:42:13.229+0100] {processor.py:755} WARNING - No viable dags retrieved from /home/chrisfleig/.local/lib/python3.10/site-packages/airflow/example_dags/example_kubernetes_executor.py
[2023-01-07T01:42:13.253+0100] {processor.py:175} INFO - Processing /home/chrisfleig/.local/lib/python3.10/site-packages/airflow/example_dags/example_kubernetes_executor.py took 0.054 seconds
[2023-01-07T01:43:10.641+0100] {processor.py:153} INFO - Started process (PID=13402) to work on /home/chrisfleig/.local/lib/python3.10/site-packages/airflow/example_dags/example_kubernetes_executor.py
[2023-01-07T01:43:10.642+0100] {processor.py:743} INFO - Processing file /home/chrisfleig/.local/lib/python3.10/site-packages/airflow/example_dags/example_kubernetes_executor.py for tasks to queue
[2023-01-07T01:43:10.644+0100] {logging_mixin.py:137} INFO - [2023-01-07T01:43:10.643+0100] {dagbag.py:538} INFO - Filling up the DagBag from /home/chrisfleig/.local/lib/python3.10/site-packages/airflow/example_dags/example_kubernetes_executor.py
[2023-01-07T01:43:10.661+0100] {logging_mixin.py:137} INFO - [2023-01-07T01:43:10.661+0100] {example_kubernetes_executor.py:41} WARNING - The example_kubernetes_executor example DAG requires the kubernetes provider. Please install it with: pip install apache-airflow[cncf.kubernetes]
[2023-01-07T01:43:10.661+0100] {processor.py:755} WARNING - No viable dags retrieved from /home/chrisfleig/.local/lib/python3.10/site-packages/airflow/example_dags/example_kubernetes_executor.py
[2023-01-07T01:43:10.669+0100] {processor.py:175} INFO - Processing /home/chrisfleig/.local/lib/python3.10/site-packages/airflow/example_dags/example_kubernetes_executor.py took 0.033 seconds
[2023-01-07T01:44:19.540+0100] {processor.py:153} INFO - Started process (PID=13463) to work on /home/chrisfleig/.local/lib/python3.10/site-packages/airflow/example_dags/example_kubernetes_executor.py
[2023-01-07T01:44:19.541+0100] {processor.py:743} INFO - Processing file /home/chrisfleig/.local/lib/python3.10/site-packages/airflow/example_dags/example_kubernetes_executor.py for tasks to queue
[2023-01-07T01:44:19.542+0100] {logging_mixin.py:137} INFO - [2023-01-07T01:44:19.542+0100] {dagbag.py:538} INFO - Filling up the DagBag from /home/chrisfleig/.local/lib/python3.10/site-packages/airflow/example_dags/example_kubernetes_executor.py
[2023-01-07T01:44:19.557+0100] {logging_mixin.py:137} INFO - [2023-01-07T01:44:19.557+0100] {example_kubernetes_executor.py:41} WARNING - The example_kubernetes_executor example DAG requires the kubernetes provider. Please install it with: pip install apache-airflow[cncf.kubernetes]
[2023-01-07T01:44:19.557+0100] {processor.py:755} WARNING - No viable dags retrieved from /home/chrisfleig/.local/lib/python3.10/site-packages/airflow/example_dags/example_kubernetes_executor.py
[2023-01-07T01:44:19.564+0100] {processor.py:175} INFO - Processing /home/chrisfleig/.local/lib/python3.10/site-packages/airflow/example_dags/example_kubernetes_executor.py took 0.028 seconds
[2023-01-07T01:45:22.916+0100] {processor.py:153} INFO - Started process (PID=13519) to work on /home/chrisfleig/.local/lib/python3.10/site-packages/airflow/example_dags/example_kubernetes_executor.py
[2023-01-07T01:45:22.918+0100] {processor.py:743} INFO - Processing file /home/chrisfleig/.local/lib/python3.10/site-packages/airflow/example_dags/example_kubernetes_executor.py for tasks to queue
[2023-01-07T01:45:22.919+0100] {logging_mixin.py:137} INFO - [2023-01-07T01:45:22.919+0100] {dagbag.py:538} INFO - Filling up the DagBag from /home/chrisfleig/.local/lib/python3.10/site-packages/airflow/example_dags/example_kubernetes_executor.py
[2023-01-07T01:45:22.936+0100] {logging_mixin.py:137} INFO - [2023-01-07T01:45:22.936+0100] {example_kubernetes_executor.py:41} WARNING - The example_kubernetes_executor example DAG requires the kubernetes provider. Please install it with: pip install apache-airflow[cncf.kubernetes]
[2023-01-07T01:45:22.936+0100] {processor.py:755} WARNING - No viable dags retrieved from /home/chrisfleig/.local/lib/python3.10/site-packages/airflow/example_dags/example_kubernetes_executor.py
[2023-01-07T01:45:22.944+0100] {processor.py:175} INFO - Processing /home/chrisfleig/.local/lib/python3.10/site-packages/airflow/example_dags/example_kubernetes_executor.py took 0.031 seconds
[2023-01-07T01:46:11.305+0100] {processor.py:153} INFO - Started process (PID=13561) to work on /home/chrisfleig/.local/lib/python3.10/site-packages/airflow/example_dags/example_kubernetes_executor.py
[2023-01-07T01:46:11.306+0100] {processor.py:743} INFO - Processing file /home/chrisfleig/.local/lib/python3.10/site-packages/airflow/example_dags/example_kubernetes_executor.py for tasks to queue
[2023-01-07T01:46:11.307+0100] {logging_mixin.py:137} INFO - [2023-01-07T01:46:11.306+0100] {dagbag.py:538} INFO - Filling up the DagBag from /home/chrisfleig/.local/lib/python3.10/site-packages/airflow/example_dags/example_kubernetes_executor.py
[2023-01-07T01:46:11.321+0100] {logging_mixin.py:137} INFO - [2023-01-07T01:46:11.320+0100] {example_kubernetes_executor.py:41} WARNING - The example_kubernetes_executor example DAG requires the kubernetes provider. Please install it with: pip install apache-airflow[cncf.kubernetes]
[2023-01-07T01:46:11.321+0100] {processor.py:755} WARNING - No viable dags retrieved from /home/chrisfleig/.local/lib/python3.10/site-packages/airflow/example_dags/example_kubernetes_executor.py
[2023-01-07T01:46:11.328+0100] {processor.py:175} INFO - Processing /home/chrisfleig/.local/lib/python3.10/site-packages/airflow/example_dags/example_kubernetes_executor.py took 0.025 seconds
[2023-01-07T01:47:12.526+0100] {processor.py:153} INFO - Started process (PID=13619) to work on /home/chrisfleig/.local/lib/python3.10/site-packages/airflow/example_dags/example_kubernetes_executor.py
[2023-01-07T01:47:12.527+0100] {processor.py:743} INFO - Processing file /home/chrisfleig/.local/lib/python3.10/site-packages/airflow/example_dags/example_kubernetes_executor.py for tasks to queue
[2023-01-07T01:47:12.528+0100] {logging_mixin.py:137} INFO - [2023-01-07T01:47:12.528+0100] {dagbag.py:538} INFO - Filling up the DagBag from /home/chrisfleig/.local/lib/python3.10/site-packages/airflow/example_dags/example_kubernetes_executor.py
[2023-01-07T01:47:12.547+0100] {logging_mixin.py:137} INFO - [2023-01-07T01:47:12.546+0100] {example_kubernetes_executor.py:41} WARNING - The example_kubernetes_executor example DAG requires the kubernetes provider. Please install it with: pip install apache-airflow[cncf.kubernetes]
[2023-01-07T01:47:12.547+0100] {processor.py:755} WARNING - No viable dags retrieved from /home/chrisfleig/.local/lib/python3.10/site-packages/airflow/example_dags/example_kubernetes_executor.py
[2023-01-07T01:47:12.560+0100] {processor.py:175} INFO - Processing /home/chrisfleig/.local/lib/python3.10/site-packages/airflow/example_dags/example_kubernetes_executor.py took 0.038 seconds
[2023-01-07T01:48:10.594+0100] {processor.py:153} INFO - Started process (PID=13673) to work on /home/chrisfleig/.local/lib/python3.10/site-packages/airflow/example_dags/example_kubernetes_executor.py
[2023-01-07T01:48:10.598+0100] {processor.py:743} INFO - Processing file /home/chrisfleig/.local/lib/python3.10/site-packages/airflow/example_dags/example_kubernetes_executor.py for tasks to queue
[2023-01-07T01:48:10.599+0100] {logging_mixin.py:137} INFO - [2023-01-07T01:48:10.599+0100] {dagbag.py:538} INFO - Filling up the DagBag from /home/chrisfleig/.local/lib/python3.10/site-packages/airflow/example_dags/example_kubernetes_executor.py
[2023-01-07T01:48:10.623+0100] {logging_mixin.py:137} INFO - [2023-01-07T01:48:10.623+0100] {example_kubernetes_executor.py:41} WARNING - The example_kubernetes_executor example DAG requires the kubernetes provider. Please install it with: pip install apache-airflow[cncf.kubernetes]
[2023-01-07T01:48:10.623+0100] {processor.py:755} WARNING - No viable dags retrieved from /home/chrisfleig/.local/lib/python3.10/site-packages/airflow/example_dags/example_kubernetes_executor.py
[2023-01-07T01:48:10.634+0100] {processor.py:175} INFO - Processing /home/chrisfleig/.local/lib/python3.10/site-packages/airflow/example_dags/example_kubernetes_executor.py took 0.054 seconds
[2023-01-07T01:49:26.755+0100] {processor.py:153} INFO - Started process (PID=13738) to work on /home/chrisfleig/.local/lib/python3.10/site-packages/airflow/example_dags/example_kubernetes_executor.py
[2023-01-07T01:49:26.756+0100] {processor.py:743} INFO - Processing file /home/chrisfleig/.local/lib/python3.10/site-packages/airflow/example_dags/example_kubernetes_executor.py for tasks to queue
[2023-01-07T01:49:26.757+0100] {logging_mixin.py:137} INFO - [2023-01-07T01:49:26.756+0100] {dagbag.py:538} INFO - Filling up the DagBag from /home/chrisfleig/.local/lib/python3.10/site-packages/airflow/example_dags/example_kubernetes_executor.py
[2023-01-07T01:49:26.786+0100] {logging_mixin.py:137} INFO - [2023-01-07T01:49:26.786+0100] {example_kubernetes_executor.py:41} WARNING - The example_kubernetes_executor example DAG requires the kubernetes provider. Please install it with: pip install apache-airflow[cncf.kubernetes]
[2023-01-07T01:49:26.787+0100] {processor.py:755} WARNING - No viable dags retrieved from /home/chrisfleig/.local/lib/python3.10/site-packages/airflow/example_dags/example_kubernetes_executor.py
[2023-01-07T01:49:26.857+0100] {processor.py:175} INFO - Processing /home/chrisfleig/.local/lib/python3.10/site-packages/airflow/example_dags/example_kubernetes_executor.py took 0.106 seconds
[2023-01-07T01:50:20.404+0100] {processor.py:153} INFO - Started process (PID=13784) to work on /home/chrisfleig/.local/lib/python3.10/site-packages/airflow/example_dags/example_kubernetes_executor.py
[2023-01-07T01:50:20.405+0100] {processor.py:743} INFO - Processing file /home/chrisfleig/.local/lib/python3.10/site-packages/airflow/example_dags/example_kubernetes_executor.py for tasks to queue
[2023-01-07T01:50:20.406+0100] {logging_mixin.py:137} INFO - [2023-01-07T01:50:20.406+0100] {dagbag.py:538} INFO - Filling up the DagBag from /home/chrisfleig/.local/lib/python3.10/site-packages/airflow/example_dags/example_kubernetes_executor.py
[2023-01-07T01:50:20.425+0100] {logging_mixin.py:137} INFO - [2023-01-07T01:50:20.425+0100] {example_kubernetes_executor.py:41} WARNING - The example_kubernetes_executor example DAG requires the kubernetes provider. Please install it with: pip install apache-airflow[cncf.kubernetes]
[2023-01-07T01:50:20.426+0100] {processor.py:755} WARNING - No viable dags retrieved from /home/chrisfleig/.local/lib/python3.10/site-packages/airflow/example_dags/example_kubernetes_executor.py
[2023-01-07T01:50:20.434+0100] {processor.py:175} INFO - Processing /home/chrisfleig/.local/lib/python3.10/site-packages/airflow/example_dags/example_kubernetes_executor.py took 0.034 seconds
[2023-01-07T01:51:16.545+0100] {processor.py:153} INFO - Started process (PID=13831) to work on /home/chrisfleig/.local/lib/python3.10/site-packages/airflow/example_dags/example_kubernetes_executor.py
[2023-01-07T01:51:16.547+0100] {processor.py:743} INFO - Processing file /home/chrisfleig/.local/lib/python3.10/site-packages/airflow/example_dags/example_kubernetes_executor.py for tasks to queue
[2023-01-07T01:51:16.548+0100] {logging_mixin.py:137} INFO - [2023-01-07T01:51:16.547+0100] {dagbag.py:538} INFO - Filling up the DagBag from /home/chrisfleig/.local/lib/python3.10/site-packages/airflow/example_dags/example_kubernetes_executor.py
[2023-01-07T01:51:16.566+0100] {logging_mixin.py:137} INFO - [2023-01-07T01:51:16.566+0100] {example_kubernetes_executor.py:41} WARNING - The example_kubernetes_executor example DAG requires the kubernetes provider. Please install it with: pip install apache-airflow[cncf.kubernetes]
[2023-01-07T01:51:16.566+0100] {processor.py:755} WARNING - No viable dags retrieved from /home/chrisfleig/.local/lib/python3.10/site-packages/airflow/example_dags/example_kubernetes_executor.py
[2023-01-07T01:51:16.577+0100] {processor.py:175} INFO - Processing /home/chrisfleig/.local/lib/python3.10/site-packages/airflow/example_dags/example_kubernetes_executor.py took 0.036 seconds
[2023-01-07T01:52:15.046+0100] {processor.py:153} INFO - Started process (PID=13880) to work on /home/chrisfleig/.local/lib/python3.10/site-packages/airflow/example_dags/example_kubernetes_executor.py
[2023-01-07T01:52:15.047+0100] {processor.py:743} INFO - Processing file /home/chrisfleig/.local/lib/python3.10/site-packages/airflow/example_dags/example_kubernetes_executor.py for tasks to queue
[2023-01-07T01:52:15.048+0100] {logging_mixin.py:137} INFO - [2023-01-07T01:52:15.048+0100] {dagbag.py:538} INFO - Filling up the DagBag from /home/chrisfleig/.local/lib/python3.10/site-packages/airflow/example_dags/example_kubernetes_executor.py
[2023-01-07T01:52:15.064+0100] {logging_mixin.py:137} INFO - [2023-01-07T01:52:15.064+0100] {example_kubernetes_executor.py:41} WARNING - The example_kubernetes_executor example DAG requires the kubernetes provider. Please install it with: pip install apache-airflow[cncf.kubernetes]
[2023-01-07T01:52:15.064+0100] {processor.py:755} WARNING - No viable dags retrieved from /home/chrisfleig/.local/lib/python3.10/site-packages/airflow/example_dags/example_kubernetes_executor.py
[2023-01-07T01:52:15.071+0100] {processor.py:175} INFO - Processing /home/chrisfleig/.local/lib/python3.10/site-packages/airflow/example_dags/example_kubernetes_executor.py took 0.030 seconds
[2023-01-07T01:53:15.755+0100] {processor.py:153} INFO - Started process (PID=13937) to work on /home/chrisfleig/.local/lib/python3.10/site-packages/airflow/example_dags/example_kubernetes_executor.py
[2023-01-07T01:53:15.756+0100] {processor.py:743} INFO - Processing file /home/chrisfleig/.local/lib/python3.10/site-packages/airflow/example_dags/example_kubernetes_executor.py for tasks to queue
[2023-01-07T01:53:15.757+0100] {logging_mixin.py:137} INFO - [2023-01-07T01:53:15.757+0100] {dagbag.py:538} INFO - Filling up the DagBag from /home/chrisfleig/.local/lib/python3.10/site-packages/airflow/example_dags/example_kubernetes_executor.py
[2023-01-07T01:53:15.774+0100] {logging_mixin.py:137} INFO - [2023-01-07T01:53:15.773+0100] {example_kubernetes_executor.py:41} WARNING - The example_kubernetes_executor example DAG requires the kubernetes provider. Please install it with: pip install apache-airflow[cncf.kubernetes]
[2023-01-07T01:53:15.774+0100] {processor.py:755} WARNING - No viable dags retrieved from /home/chrisfleig/.local/lib/python3.10/site-packages/airflow/example_dags/example_kubernetes_executor.py
[2023-01-07T01:53:15.782+0100] {processor.py:175} INFO - Processing /home/chrisfleig/.local/lib/python3.10/site-packages/airflow/example_dags/example_kubernetes_executor.py took 0.030 seconds
[2023-01-07T01:54:14.964+0100] {processor.py:153} INFO - Started process (PID=13995) to work on /home/chrisfleig/.local/lib/python3.10/site-packages/airflow/example_dags/example_kubernetes_executor.py
[2023-01-07T01:54:14.966+0100] {processor.py:743} INFO - Processing file /home/chrisfleig/.local/lib/python3.10/site-packages/airflow/example_dags/example_kubernetes_executor.py for tasks to queue
[2023-01-07T01:54:14.967+0100] {logging_mixin.py:137} INFO - [2023-01-07T01:54:14.966+0100] {dagbag.py:538} INFO - Filling up the DagBag from /home/chrisfleig/.local/lib/python3.10/site-packages/airflow/example_dags/example_kubernetes_executor.py
[2023-01-07T01:54:14.986+0100] {logging_mixin.py:137} INFO - [2023-01-07T01:54:14.986+0100] {example_kubernetes_executor.py:41} WARNING - The example_kubernetes_executor example DAG requires the kubernetes provider. Please install it with: pip install apache-airflow[cncf.kubernetes]
[2023-01-07T01:54:14.986+0100] {processor.py:755} WARNING - No viable dags retrieved from /home/chrisfleig/.local/lib/python3.10/site-packages/airflow/example_dags/example_kubernetes_executor.py
[2023-01-07T01:54:14.995+0100] {processor.py:175} INFO - Processing /home/chrisfleig/.local/lib/python3.10/site-packages/airflow/example_dags/example_kubernetes_executor.py took 0.034 seconds
[2023-01-07T01:55:19.327+0100] {processor.py:153} INFO - Started process (PID=14052) to work on /home/chrisfleig/.local/lib/python3.10/site-packages/airflow/example_dags/example_kubernetes_executor.py
[2023-01-07T01:55:19.328+0100] {processor.py:743} INFO - Processing file /home/chrisfleig/.local/lib/python3.10/site-packages/airflow/example_dags/example_kubernetes_executor.py for tasks to queue
[2023-01-07T01:55:19.329+0100] {logging_mixin.py:137} INFO - [2023-01-07T01:55:19.329+0100] {dagbag.py:538} INFO - Filling up the DagBag from /home/chrisfleig/.local/lib/python3.10/site-packages/airflow/example_dags/example_kubernetes_executor.py
[2023-01-07T01:55:19.347+0100] {logging_mixin.py:137} INFO - [2023-01-07T01:55:19.347+0100] {example_kubernetes_executor.py:41} WARNING - The example_kubernetes_executor example DAG requires the kubernetes provider. Please install it with: pip install apache-airflow[cncf.kubernetes]
[2023-01-07T01:55:19.347+0100] {processor.py:755} WARNING - No viable dags retrieved from /home/chrisfleig/.local/lib/python3.10/site-packages/airflow/example_dags/example_kubernetes_executor.py
[2023-01-07T01:55:19.356+0100] {processor.py:175} INFO - Processing /home/chrisfleig/.local/lib/python3.10/site-packages/airflow/example_dags/example_kubernetes_executor.py took 0.032 seconds
[2023-01-07T01:56:23.429+0100] {processor.py:153} INFO - Started process (PID=14114) to work on /home/chrisfleig/.local/lib/python3.10/site-packages/airflow/example_dags/example_kubernetes_executor.py
[2023-01-07T01:56:23.431+0100] {processor.py:743} INFO - Processing file /home/chrisfleig/.local/lib/python3.10/site-packages/airflow/example_dags/example_kubernetes_executor.py for tasks to queue
[2023-01-07T01:56:23.431+0100] {logging_mixin.py:137} INFO - [2023-01-07T01:56:23.431+0100] {dagbag.py:538} INFO - Filling up the DagBag from /home/chrisfleig/.local/lib/python3.10/site-packages/airflow/example_dags/example_kubernetes_executor.py
[2023-01-07T01:56:23.446+0100] {logging_mixin.py:137} INFO - [2023-01-07T01:56:23.446+0100] {example_kubernetes_executor.py:41} WARNING - The example_kubernetes_executor example DAG requires the kubernetes provider. Please install it with: pip install apache-airflow[cncf.kubernetes]
[2023-01-07T01:56:23.446+0100] {processor.py:755} WARNING - No viable dags retrieved from /home/chrisfleig/.local/lib/python3.10/site-packages/airflow/example_dags/example_kubernetes_executor.py
[2023-01-07T01:56:23.453+0100] {processor.py:175} INFO - Processing /home/chrisfleig/.local/lib/python3.10/site-packages/airflow/example_dags/example_kubernetes_executor.py took 0.027 seconds
[2023-01-07T01:58:20.533+0100] {processor.py:153} INFO - Started process (PID=14211) to work on /home/chrisfleig/.local/lib/python3.10/site-packages/airflow/example_dags/example_kubernetes_executor.py
[2023-01-07T01:58:20.535+0100] {processor.py:743} INFO - Processing file /home/chrisfleig/.local/lib/python3.10/site-packages/airflow/example_dags/example_kubernetes_executor.py for tasks to queue
[2023-01-07T01:58:20.536+0100] {logging_mixin.py:137} INFO - [2023-01-07T01:58:20.535+0100] {dagbag.py:538} INFO - Filling up the DagBag from /home/chrisfleig/.local/lib/python3.10/site-packages/airflow/example_dags/example_kubernetes_executor.py
[2023-01-07T01:58:20.556+0100] {logging_mixin.py:137} INFO - [2023-01-07T01:58:20.556+0100] {example_kubernetes_executor.py:41} WARNING - The example_kubernetes_executor example DAG requires the kubernetes provider. Please install it with: pip install apache-airflow[cncf.kubernetes]
[2023-01-07T01:58:20.557+0100] {processor.py:755} WARNING - No viable dags retrieved from /home/chrisfleig/.local/lib/python3.10/site-packages/airflow/example_dags/example_kubernetes_executor.py
[2023-01-07T01:58:20.567+0100] {processor.py:175} INFO - Processing /home/chrisfleig/.local/lib/python3.10/site-packages/airflow/example_dags/example_kubernetes_executor.py took 0.037 seconds
[2023-01-07T01:59:15.235+0100] {processor.py:153} INFO - Started process (PID=14257) to work on /home/chrisfleig/.local/lib/python3.10/site-packages/airflow/example_dags/example_kubernetes_executor.py
[2023-01-07T01:59:15.237+0100] {processor.py:743} INFO - Processing file /home/chrisfleig/.local/lib/python3.10/site-packages/airflow/example_dags/example_kubernetes_executor.py for tasks to queue
[2023-01-07T01:59:15.238+0100] {logging_mixin.py:137} INFO - [2023-01-07T01:59:15.238+0100] {dagbag.py:538} INFO - Filling up the DagBag from /home/chrisfleig/.local/lib/python3.10/site-packages/airflow/example_dags/example_kubernetes_executor.py
[2023-01-07T01:59:15.256+0100] {logging_mixin.py:137} INFO - [2023-01-07T01:59:15.255+0100] {example_kubernetes_executor.py:41} WARNING - The example_kubernetes_executor example DAG requires the kubernetes provider. Please install it with: pip install apache-airflow[cncf.kubernetes]
[2023-01-07T01:59:15.256+0100] {processor.py:755} WARNING - No viable dags retrieved from /home/chrisfleig/.local/lib/python3.10/site-packages/airflow/example_dags/example_kubernetes_executor.py
[2023-01-07T01:59:15.263+0100] {processor.py:175} INFO - Processing /home/chrisfleig/.local/lib/python3.10/site-packages/airflow/example_dags/example_kubernetes_executor.py took 0.032 seconds
[2023-01-07T02:00:22.527+0100] {processor.py:153} INFO - Started process (PID=14325) to work on /home/chrisfleig/.local/lib/python3.10/site-packages/airflow/example_dags/example_kubernetes_executor.py
[2023-01-07T02:00:22.528+0100] {processor.py:743} INFO - Processing file /home/chrisfleig/.local/lib/python3.10/site-packages/airflow/example_dags/example_kubernetes_executor.py for tasks to queue
[2023-01-07T02:00:22.529+0100] {logging_mixin.py:137} INFO - [2023-01-07T02:00:22.529+0100] {dagbag.py:538} INFO - Filling up the DagBag from /home/chrisfleig/.local/lib/python3.10/site-packages/airflow/example_dags/example_kubernetes_executor.py
[2023-01-07T02:00:22.545+0100] {logging_mixin.py:137} INFO - [2023-01-07T02:00:22.545+0100] {example_kubernetes_executor.py:41} WARNING - The example_kubernetes_executor example DAG requires the kubernetes provider. Please install it with: pip install apache-airflow[cncf.kubernetes]
[2023-01-07T02:00:22.546+0100] {processor.py:755} WARNING - No viable dags retrieved from /home/chrisfleig/.local/lib/python3.10/site-packages/airflow/example_dags/example_kubernetes_executor.py
[2023-01-07T02:00:22.554+0100] {processor.py:175} INFO - Processing /home/chrisfleig/.local/lib/python3.10/site-packages/airflow/example_dags/example_kubernetes_executor.py took 0.030 seconds
[2023-01-07T02:01:10.666+0100] {processor.py:153} INFO - Started process (PID=14370) to work on /home/chrisfleig/.local/lib/python3.10/site-packages/airflow/example_dags/example_kubernetes_executor.py
[2023-01-07T02:01:10.668+0100] {processor.py:743} INFO - Processing file /home/chrisfleig/.local/lib/python3.10/site-packages/airflow/example_dags/example_kubernetes_executor.py for tasks to queue
[2023-01-07T02:01:10.672+0100] {logging_mixin.py:137} INFO - [2023-01-07T02:01:10.671+0100] {dagbag.py:538} INFO - Filling up the DagBag from /home/chrisfleig/.local/lib/python3.10/site-packages/airflow/example_dags/example_kubernetes_executor.py
[2023-01-07T02:01:10.714+0100] {logging_mixin.py:137} INFO - [2023-01-07T02:01:10.713+0100] {example_kubernetes_executor.py:41} WARNING - The example_kubernetes_executor example DAG requires the kubernetes provider. Please install it with: pip install apache-airflow[cncf.kubernetes]
[2023-01-07T02:01:10.714+0100] {processor.py:755} WARNING - No viable dags retrieved from /home/chrisfleig/.local/lib/python3.10/site-packages/airflow/example_dags/example_kubernetes_executor.py
[2023-01-07T02:01:10.727+0100] {processor.py:175} INFO - Processing /home/chrisfleig/.local/lib/python3.10/site-packages/airflow/example_dags/example_kubernetes_executor.py took 0.092 seconds
[2023-01-07T02:02:17.712+0100] {processor.py:153} INFO - Started process (PID=14428) to work on /home/chrisfleig/.local/lib/python3.10/site-packages/airflow/example_dags/example_kubernetes_executor.py
[2023-01-07T02:02:17.713+0100] {processor.py:743} INFO - Processing file /home/chrisfleig/.local/lib/python3.10/site-packages/airflow/example_dags/example_kubernetes_executor.py for tasks to queue
[2023-01-07T02:02:17.713+0100] {logging_mixin.py:137} INFO - [2023-01-07T02:02:17.713+0100] {dagbag.py:538} INFO - Filling up the DagBag from /home/chrisfleig/.local/lib/python3.10/site-packages/airflow/example_dags/example_kubernetes_executor.py
[2023-01-07T02:02:17.734+0100] {logging_mixin.py:137} INFO - [2023-01-07T02:02:17.733+0100] {example_kubernetes_executor.py:41} WARNING - The example_kubernetes_executor example DAG requires the kubernetes provider. Please install it with: pip install apache-airflow[cncf.kubernetes]
[2023-01-07T02:02:17.734+0100] {processor.py:755} WARNING - No viable dags retrieved from /home/chrisfleig/.local/lib/python3.10/site-packages/airflow/example_dags/example_kubernetes_executor.py
[2023-01-07T02:02:17.743+0100] {processor.py:175} INFO - Processing /home/chrisfleig/.local/lib/python3.10/site-packages/airflow/example_dags/example_kubernetes_executor.py took 0.034 seconds
[2023-01-07T02:03:27.859+0100] {processor.py:153} INFO - Started process (PID=14490) to work on /home/chrisfleig/.local/lib/python3.10/site-packages/airflow/example_dags/example_kubernetes_executor.py
[2023-01-07T02:03:27.861+0100] {processor.py:743} INFO - Processing file /home/chrisfleig/.local/lib/python3.10/site-packages/airflow/example_dags/example_kubernetes_executor.py for tasks to queue
[2023-01-07T02:03:27.862+0100] {logging_mixin.py:137} INFO - [2023-01-07T02:03:27.862+0100] {dagbag.py:538} INFO - Filling up the DagBag from /home/chrisfleig/.local/lib/python3.10/site-packages/airflow/example_dags/example_kubernetes_executor.py
[2023-01-07T02:03:27.887+0100] {logging_mixin.py:137} INFO - [2023-01-07T02:03:27.887+0100] {example_kubernetes_executor.py:41} WARNING - The example_kubernetes_executor example DAG requires the kubernetes provider. Please install it with: pip install apache-airflow[cncf.kubernetes]
[2023-01-07T02:03:27.887+0100] {processor.py:755} WARNING - No viable dags retrieved from /home/chrisfleig/.local/lib/python3.10/site-packages/airflow/example_dags/example_kubernetes_executor.py
[2023-01-07T02:03:27.895+0100] {processor.py:175} INFO - Processing /home/chrisfleig/.local/lib/python3.10/site-packages/airflow/example_dags/example_kubernetes_executor.py took 0.039 seconds
[2023-01-07T02:04:29.727+0100] {processor.py:153} INFO - Started process (PID=14547) to work on /home/chrisfleig/.local/lib/python3.10/site-packages/airflow/example_dags/example_kubernetes_executor.py
[2023-01-07T02:04:29.729+0100] {processor.py:743} INFO - Processing file /home/chrisfleig/.local/lib/python3.10/site-packages/airflow/example_dags/example_kubernetes_executor.py for tasks to queue
[2023-01-07T02:04:29.730+0100] {logging_mixin.py:137} INFO - [2023-01-07T02:04:29.730+0100] {dagbag.py:538} INFO - Filling up the DagBag from /home/chrisfleig/.local/lib/python3.10/site-packages/airflow/example_dags/example_kubernetes_executor.py
[2023-01-07T02:04:29.746+0100] {logging_mixin.py:137} INFO - [2023-01-07T02:04:29.746+0100] {example_kubernetes_executor.py:41} WARNING - The example_kubernetes_executor example DAG requires the kubernetes provider. Please install it with: pip install apache-airflow[cncf.kubernetes]
[2023-01-07T02:04:29.746+0100] {processor.py:755} WARNING - No viable dags retrieved from /home/chrisfleig/.local/lib/python3.10/site-packages/airflow/example_dags/example_kubernetes_executor.py
[2023-01-07T02:04:29.754+0100] {processor.py:175} INFO - Processing /home/chrisfleig/.local/lib/python3.10/site-packages/airflow/example_dags/example_kubernetes_executor.py took 0.030 seconds
[2023-01-07T02:05:48.699+0100] {processor.py:153} INFO - Started process (PID=14619) to work on /home/chrisfleig/.local/lib/python3.10/site-packages/airflow/example_dags/example_kubernetes_executor.py
[2023-01-07T02:05:48.700+0100] {processor.py:743} INFO - Processing file /home/chrisfleig/.local/lib/python3.10/site-packages/airflow/example_dags/example_kubernetes_executor.py for tasks to queue
[2023-01-07T02:05:48.701+0100] {logging_mixin.py:137} INFO - [2023-01-07T02:05:48.701+0100] {dagbag.py:538} INFO - Filling up the DagBag from /home/chrisfleig/.local/lib/python3.10/site-packages/airflow/example_dags/example_kubernetes_executor.py
[2023-01-07T02:05:48.720+0100] {logging_mixin.py:137} INFO - [2023-01-07T02:05:48.720+0100] {example_kubernetes_executor.py:41} WARNING - The example_kubernetes_executor example DAG requires the kubernetes provider. Please install it with: pip install apache-airflow[cncf.kubernetes]
[2023-01-07T02:05:48.720+0100] {processor.py:755} WARNING - No viable dags retrieved from /home/chrisfleig/.local/lib/python3.10/site-packages/airflow/example_dags/example_kubernetes_executor.py
[2023-01-07T02:05:48.730+0100] {processor.py:175} INFO - Processing /home/chrisfleig/.local/lib/python3.10/site-packages/airflow/example_dags/example_kubernetes_executor.py took 0.036 seconds
[2023-01-07T02:06:51.579+0100] {processor.py:153} INFO - Started process (PID=14672) to work on /home/chrisfleig/.local/lib/python3.10/site-packages/airflow/example_dags/example_kubernetes_executor.py
[2023-01-07T02:06:51.580+0100] {processor.py:743} INFO - Processing file /home/chrisfleig/.local/lib/python3.10/site-packages/airflow/example_dags/example_kubernetes_executor.py for tasks to queue
[2023-01-07T02:06:51.581+0100] {logging_mixin.py:137} INFO - [2023-01-07T02:06:51.581+0100] {dagbag.py:538} INFO - Filling up the DagBag from /home/chrisfleig/.local/lib/python3.10/site-packages/airflow/example_dags/example_kubernetes_executor.py
[2023-01-07T02:06:51.606+0100] {logging_mixin.py:137} INFO - [2023-01-07T02:06:51.606+0100] {example_kubernetes_executor.py:41} WARNING - The example_kubernetes_executor example DAG requires the kubernetes provider. Please install it with: pip install apache-airflow[cncf.kubernetes]
[2023-01-07T02:06:51.608+0100] {processor.py:755} WARNING - No viable dags retrieved from /home/chrisfleig/.local/lib/python3.10/site-packages/airflow/example_dags/example_kubernetes_executor.py
[2023-01-07T02:06:51.619+0100] {processor.py:175} INFO - Processing /home/chrisfleig/.local/lib/python3.10/site-packages/airflow/example_dags/example_kubernetes_executor.py took 0.043 seconds
[2023-01-07T02:07:42.837+0100] {processor.py:153} INFO - Started process (PID=14714) to work on /home/chrisfleig/.local/lib/python3.10/site-packages/airflow/example_dags/example_kubernetes_executor.py
[2023-01-07T02:07:42.839+0100] {processor.py:743} INFO - Processing file /home/chrisfleig/.local/lib/python3.10/site-packages/airflow/example_dags/example_kubernetes_executor.py for tasks to queue
[2023-01-07T02:07:42.840+0100] {logging_mixin.py:137} INFO - [2023-01-07T02:07:42.839+0100] {dagbag.py:538} INFO - Filling up the DagBag from /home/chrisfleig/.local/lib/python3.10/site-packages/airflow/example_dags/example_kubernetes_executor.py
[2023-01-07T02:07:42.854+0100] {logging_mixin.py:137} INFO - [2023-01-07T02:07:42.854+0100] {example_kubernetes_executor.py:41} WARNING - The example_kubernetes_executor example DAG requires the kubernetes provider. Please install it with: pip install apache-airflow[cncf.kubernetes]
[2023-01-07T02:07:42.854+0100] {processor.py:755} WARNING - No viable dags retrieved from /home/chrisfleig/.local/lib/python3.10/site-packages/airflow/example_dags/example_kubernetes_executor.py
[2023-01-07T02:07:42.861+0100] {processor.py:175} INFO - Processing /home/chrisfleig/.local/lib/python3.10/site-packages/airflow/example_dags/example_kubernetes_executor.py took 0.027 seconds
[2023-01-07T02:08:40.215+0100] {processor.py:153} INFO - Started process (PID=14763) to work on /home/chrisfleig/.local/lib/python3.10/site-packages/airflow/example_dags/example_kubernetes_executor.py
[2023-01-07T02:08:40.216+0100] {processor.py:743} INFO - Processing file /home/chrisfleig/.local/lib/python3.10/site-packages/airflow/example_dags/example_kubernetes_executor.py for tasks to queue
[2023-01-07T02:08:40.216+0100] {logging_mixin.py:137} INFO - [2023-01-07T02:08:40.216+0100] {dagbag.py:538} INFO - Filling up the DagBag from /home/chrisfleig/.local/lib/python3.10/site-packages/airflow/example_dags/example_kubernetes_executor.py
[2023-01-07T02:08:40.232+0100] {logging_mixin.py:137} INFO - [2023-01-07T02:08:40.232+0100] {example_kubernetes_executor.py:41} WARNING - The example_kubernetes_executor example DAG requires the kubernetes provider. Please install it with: pip install apache-airflow[cncf.kubernetes]
[2023-01-07T02:08:40.232+0100] {processor.py:755} WARNING - No viable dags retrieved from /home/chrisfleig/.local/lib/python3.10/site-packages/airflow/example_dags/example_kubernetes_executor.py
[2023-01-07T02:08:40.243+0100] {processor.py:175} INFO - Processing /home/chrisfleig/.local/lib/python3.10/site-packages/airflow/example_dags/example_kubernetes_executor.py took 0.031 seconds
[2023-01-07T02:09:48.624+0100] {processor.py:153} INFO - Started process (PID=14818) to work on /home/chrisfleig/.local/lib/python3.10/site-packages/airflow/example_dags/example_kubernetes_executor.py
[2023-01-07T02:09:48.625+0100] {processor.py:743} INFO - Processing file /home/chrisfleig/.local/lib/python3.10/site-packages/airflow/example_dags/example_kubernetes_executor.py for tasks to queue
[2023-01-07T02:09:48.626+0100] {logging_mixin.py:137} INFO - [2023-01-07T02:09:48.626+0100] {dagbag.py:538} INFO - Filling up the DagBag from /home/chrisfleig/.local/lib/python3.10/site-packages/airflow/example_dags/example_kubernetes_executor.py
[2023-01-07T02:09:48.643+0100] {logging_mixin.py:137} INFO - [2023-01-07T02:09:48.643+0100] {example_kubernetes_executor.py:41} WARNING - The example_kubernetes_executor example DAG requires the kubernetes provider. Please install it with: pip install apache-airflow[cncf.kubernetes]
[2023-01-07T02:09:48.643+0100] {processor.py:755} WARNING - No viable dags retrieved from /home/chrisfleig/.local/lib/python3.10/site-packages/airflow/example_dags/example_kubernetes_executor.py
[2023-01-07T02:09:48.652+0100] {processor.py:175} INFO - Processing /home/chrisfleig/.local/lib/python3.10/site-packages/airflow/example_dags/example_kubernetes_executor.py took 0.031 seconds
[2023-01-07T02:10:42.574+0100] {processor.py:153} INFO - Started process (PID=14867) to work on /home/chrisfleig/.local/lib/python3.10/site-packages/airflow/example_dags/example_kubernetes_executor.py
[2023-01-07T02:10:42.575+0100] {processor.py:743} INFO - Processing file /home/chrisfleig/.local/lib/python3.10/site-packages/airflow/example_dags/example_kubernetes_executor.py for tasks to queue
[2023-01-07T02:10:42.576+0100] {logging_mixin.py:137} INFO - [2023-01-07T02:10:42.576+0100] {dagbag.py:538} INFO - Filling up the DagBag from /home/chrisfleig/.local/lib/python3.10/site-packages/airflow/example_dags/example_kubernetes_executor.py
[2023-01-07T02:10:42.593+0100] {logging_mixin.py:137} INFO - [2023-01-07T02:10:42.593+0100] {example_kubernetes_executor.py:41} WARNING - The example_kubernetes_executor example DAG requires the kubernetes provider. Please install it with: pip install apache-airflow[cncf.kubernetes]
[2023-01-07T02:10:42.594+0100] {processor.py:755} WARNING - No viable dags retrieved from /home/chrisfleig/.local/lib/python3.10/site-packages/airflow/example_dags/example_kubernetes_executor.py
[2023-01-07T02:10:42.604+0100] {processor.py:175} INFO - Processing /home/chrisfleig/.local/lib/python3.10/site-packages/airflow/example_dags/example_kubernetes_executor.py took 0.033 seconds
[2023-01-07T02:11:48.153+0100] {processor.py:153} INFO - Started process (PID=14928) to work on /home/chrisfleig/.local/lib/python3.10/site-packages/airflow/example_dags/example_kubernetes_executor.py
[2023-01-07T02:11:48.155+0100] {processor.py:743} INFO - Processing file /home/chrisfleig/.local/lib/python3.10/site-packages/airflow/example_dags/example_kubernetes_executor.py for tasks to queue
[2023-01-07T02:11:48.156+0100] {logging_mixin.py:137} INFO - [2023-01-07T02:11:48.156+0100] {dagbag.py:538} INFO - Filling up the DagBag from /home/chrisfleig/.local/lib/python3.10/site-packages/airflow/example_dags/example_kubernetes_executor.py
[2023-01-07T02:11:48.186+0100] {logging_mixin.py:137} INFO - [2023-01-07T02:11:48.186+0100] {example_kubernetes_executor.py:41} WARNING - The example_kubernetes_executor example DAG requires the kubernetes provider. Please install it with: pip install apache-airflow[cncf.kubernetes]
[2023-01-07T02:11:48.186+0100] {processor.py:755} WARNING - No viable dags retrieved from /home/chrisfleig/.local/lib/python3.10/site-packages/airflow/example_dags/example_kubernetes_executor.py
[2023-01-07T02:11:48.197+0100] {processor.py:175} INFO - Processing /home/chrisfleig/.local/lib/python3.10/site-packages/airflow/example_dags/example_kubernetes_executor.py took 0.046 seconds
