[2023-01-07T01:01:01.668+0100] {processor.py:153} INFO - Started process (PID=10959) to work on /home/chrisfleig/.local/lib/python3.10/site-packages/airflow/example_dags/example_short_circuit_decorator.py
[2023-01-07T01:01:01.669+0100] {processor.py:743} INFO - Processing file /home/chrisfleig/.local/lib/python3.10/site-packages/airflow/example_dags/example_short_circuit_decorator.py for tasks to queue
[2023-01-07T01:01:01.670+0100] {logging_mixin.py:137} INFO - [2023-01-07T01:01:01.670+0100] {dagbag.py:538} INFO - Filling up the DagBag from /home/chrisfleig/.local/lib/python3.10/site-packages/airflow/example_dags/example_short_circuit_decorator.py
[2023-01-07T01:01:01.695+0100] {processor.py:753} INFO - DAG(s) dict_keys(['example_short_circuit_decorator']) retrieved from /home/chrisfleig/.local/lib/python3.10/site-packages/airflow/example_dags/example_short_circuit_decorator.py
[2023-01-07T01:01:01.720+0100] {logging_mixin.py:137} INFO - [2023-01-07T01:01:01.719+0100] {dag.py:2676} INFO - Sync 1 DAGs
[2023-01-07T01:01:01.740+0100] {logging_mixin.py:137} INFO - [2023-01-07T01:01:01.739+0100] {dag.py:3423} INFO - Setting next_dagrun for example_short_circuit_decorator to 2023-01-06T00:01:01.739649+00:00, run_after=2023-01-07T00:01:01.739649+00:00
[2023-01-07T01:01:01.779+0100] {processor.py:175} INFO - Processing /home/chrisfleig/.local/lib/python3.10/site-packages/airflow/example_dags/example_short_circuit_decorator.py took 0.115 seconds
[2023-01-07T01:01:54.936+0100] {processor.py:153} INFO - Started process (PID=11011) to work on /home/chrisfleig/.local/lib/python3.10/site-packages/airflow/example_dags/example_short_circuit_decorator.py
[2023-01-07T01:01:54.937+0100] {processor.py:743} INFO - Processing file /home/chrisfleig/.local/lib/python3.10/site-packages/airflow/example_dags/example_short_circuit_decorator.py for tasks to queue
[2023-01-07T01:01:54.938+0100] {logging_mixin.py:137} INFO - [2023-01-07T01:01:54.938+0100] {dagbag.py:538} INFO - Filling up the DagBag from /home/chrisfleig/.local/lib/python3.10/site-packages/airflow/example_dags/example_short_circuit_decorator.py
[2023-01-07T01:01:54.963+0100] {processor.py:753} INFO - DAG(s) dict_keys(['example_short_circuit_decorator']) retrieved from /home/chrisfleig/.local/lib/python3.10/site-packages/airflow/example_dags/example_short_circuit_decorator.py
[2023-01-07T01:01:54.985+0100] {logging_mixin.py:137} INFO - [2023-01-07T01:01:54.985+0100] {dag.py:2676} INFO - Sync 1 DAGs
[2023-01-07T01:01:55.007+0100] {logging_mixin.py:137} INFO - [2023-01-07T01:01:55.007+0100] {dag.py:3423} INFO - Setting next_dagrun for example_short_circuit_decorator to 2023-01-06T00:01:55.005838+00:00, run_after=2023-01-07T00:01:55.005838+00:00
[2023-01-07T01:01:55.135+0100] {processor.py:175} INFO - Processing /home/chrisfleig/.local/lib/python3.10/site-packages/airflow/example_dags/example_short_circuit_decorator.py took 0.205 seconds
[2023-01-07T01:02:49.005+0100] {processor.py:153} INFO - Started process (PID=11061) to work on /home/chrisfleig/.local/lib/python3.10/site-packages/airflow/example_dags/example_short_circuit_decorator.py
[2023-01-07T01:02:49.019+0100] {processor.py:743} INFO - Processing file /home/chrisfleig/.local/lib/python3.10/site-packages/airflow/example_dags/example_short_circuit_decorator.py for tasks to queue
[2023-01-07T01:02:49.019+0100] {logging_mixin.py:137} INFO - [2023-01-07T01:02:49.019+0100] {dagbag.py:538} INFO - Filling up the DagBag from /home/chrisfleig/.local/lib/python3.10/site-packages/airflow/example_dags/example_short_circuit_decorator.py
[2023-01-07T01:02:49.048+0100] {processor.py:753} INFO - DAG(s) dict_keys(['example_short_circuit_decorator']) retrieved from /home/chrisfleig/.local/lib/python3.10/site-packages/airflow/example_dags/example_short_circuit_decorator.py
[2023-01-07T01:02:49.072+0100] {logging_mixin.py:137} INFO - [2023-01-07T01:02:49.072+0100] {dag.py:2676} INFO - Sync 1 DAGs
[2023-01-07T01:02:49.211+0100] {logging_mixin.py:137} INFO - [2023-01-07T01:02:49.210+0100] {dag.py:3423} INFO - Setting next_dagrun for example_short_circuit_decorator to 2023-01-06T00:02:49.210784+00:00, run_after=2023-01-07T00:02:49.210784+00:00
[2023-01-07T01:02:49.246+0100] {processor.py:175} INFO - Processing /home/chrisfleig/.local/lib/python3.10/site-packages/airflow/example_dags/example_short_circuit_decorator.py took 0.246 seconds
[2023-01-07T01:03:45.592+0100] {processor.py:153} INFO - Started process (PID=11114) to work on /home/chrisfleig/.local/lib/python3.10/site-packages/airflow/example_dags/example_short_circuit_decorator.py
[2023-01-07T01:03:45.593+0100] {processor.py:743} INFO - Processing file /home/chrisfleig/.local/lib/python3.10/site-packages/airflow/example_dags/example_short_circuit_decorator.py for tasks to queue
[2023-01-07T01:03:45.594+0100] {logging_mixin.py:137} INFO - [2023-01-07T01:03:45.594+0100] {dagbag.py:538} INFO - Filling up the DagBag from /home/chrisfleig/.local/lib/python3.10/site-packages/airflow/example_dags/example_short_circuit_decorator.py
[2023-01-07T01:03:45.615+0100] {processor.py:753} INFO - DAG(s) dict_keys(['example_short_circuit_decorator']) retrieved from /home/chrisfleig/.local/lib/python3.10/site-packages/airflow/example_dags/example_short_circuit_decorator.py
[2023-01-07T01:03:45.636+0100] {logging_mixin.py:137} INFO - [2023-01-07T01:03:45.636+0100] {dag.py:2676} INFO - Sync 1 DAGs
[2023-01-07T01:03:45.734+0100] {logging_mixin.py:137} INFO - [2023-01-07T01:03:45.734+0100] {dag.py:3423} INFO - Setting next_dagrun for example_short_circuit_decorator to 2023-01-06T00:03:45.734418+00:00, run_after=2023-01-07T00:03:45.734418+00:00
[2023-01-07T01:03:45.772+0100] {processor.py:175} INFO - Processing /home/chrisfleig/.local/lib/python3.10/site-packages/airflow/example_dags/example_short_circuit_decorator.py took 0.183 seconds
[2023-01-07T01:04:44.435+0100] {processor.py:153} INFO - Started process (PID=11168) to work on /home/chrisfleig/.local/lib/python3.10/site-packages/airflow/example_dags/example_short_circuit_decorator.py
[2023-01-07T01:04:44.437+0100] {processor.py:743} INFO - Processing file /home/chrisfleig/.local/lib/python3.10/site-packages/airflow/example_dags/example_short_circuit_decorator.py for tasks to queue
[2023-01-07T01:04:44.438+0100] {logging_mixin.py:137} INFO - [2023-01-07T01:04:44.438+0100] {dagbag.py:538} INFO - Filling up the DagBag from /home/chrisfleig/.local/lib/python3.10/site-packages/airflow/example_dags/example_short_circuit_decorator.py
[2023-01-07T01:04:44.463+0100] {processor.py:753} INFO - DAG(s) dict_keys(['example_short_circuit_decorator']) retrieved from /home/chrisfleig/.local/lib/python3.10/site-packages/airflow/example_dags/example_short_circuit_decorator.py
[2023-01-07T01:04:44.485+0100] {logging_mixin.py:137} INFO - [2023-01-07T01:04:44.485+0100] {dag.py:2676} INFO - Sync 1 DAGs
[2023-01-07T01:04:44.501+0100] {logging_mixin.py:137} INFO - [2023-01-07T01:04:44.500+0100] {dag.py:3423} INFO - Setting next_dagrun for example_short_circuit_decorator to 2023-01-06T00:04:44.500682+00:00, run_after=2023-01-07T00:04:44.500682+00:00
[2023-01-07T01:04:44.544+0100] {processor.py:175} INFO - Processing /home/chrisfleig/.local/lib/python3.10/site-packages/airflow/example_dags/example_short_circuit_decorator.py took 0.112 seconds
[2023-01-07T01:05:30.452+0100] {processor.py:153} INFO - Started process (PID=11212) to work on /home/chrisfleig/.local/lib/python3.10/site-packages/airflow/example_dags/example_short_circuit_decorator.py
[2023-01-07T01:05:30.454+0100] {processor.py:743} INFO - Processing file /home/chrisfleig/.local/lib/python3.10/site-packages/airflow/example_dags/example_short_circuit_decorator.py for tasks to queue
[2023-01-07T01:05:30.454+0100] {logging_mixin.py:137} INFO - [2023-01-07T01:05:30.454+0100] {dagbag.py:538} INFO - Filling up the DagBag from /home/chrisfleig/.local/lib/python3.10/site-packages/airflow/example_dags/example_short_circuit_decorator.py
[2023-01-07T01:05:30.478+0100] {processor.py:753} INFO - DAG(s) dict_keys(['example_short_circuit_decorator']) retrieved from /home/chrisfleig/.local/lib/python3.10/site-packages/airflow/example_dags/example_short_circuit_decorator.py
[2023-01-07T01:05:30.499+0100] {logging_mixin.py:137} INFO - [2023-01-07T01:05:30.499+0100] {dag.py:2676} INFO - Sync 1 DAGs
[2023-01-07T01:05:30.523+0100] {logging_mixin.py:137} INFO - [2023-01-07T01:05:30.523+0100] {dag.py:3423} INFO - Setting next_dagrun for example_short_circuit_decorator to 2023-01-06T00:05:30.523114+00:00, run_after=2023-01-07T00:05:30.523114+00:00
[2023-01-07T01:05:30.562+0100] {processor.py:175} INFO - Processing /home/chrisfleig/.local/lib/python3.10/site-packages/airflow/example_dags/example_short_circuit_decorator.py took 0.114 seconds
[2023-01-07T01:06:22.542+0100] {processor.py:153} INFO - Started process (PID=11264) to work on /home/chrisfleig/.local/lib/python3.10/site-packages/airflow/example_dags/example_short_circuit_decorator.py
[2023-01-07T01:06:22.543+0100] {processor.py:743} INFO - Processing file /home/chrisfleig/.local/lib/python3.10/site-packages/airflow/example_dags/example_short_circuit_decorator.py for tasks to queue
[2023-01-07T01:06:22.544+0100] {logging_mixin.py:137} INFO - [2023-01-07T01:06:22.544+0100] {dagbag.py:538} INFO - Filling up the DagBag from /home/chrisfleig/.local/lib/python3.10/site-packages/airflow/example_dags/example_short_circuit_decorator.py
[2023-01-07T01:06:22.569+0100] {processor.py:753} INFO - DAG(s) dict_keys(['example_short_circuit_decorator']) retrieved from /home/chrisfleig/.local/lib/python3.10/site-packages/airflow/example_dags/example_short_circuit_decorator.py
[2023-01-07T01:06:22.594+0100] {logging_mixin.py:137} INFO - [2023-01-07T01:06:22.593+0100] {dag.py:2676} INFO - Sync 1 DAGs
[2023-01-07T01:06:22.612+0100] {logging_mixin.py:137} INFO - [2023-01-07T01:06:22.612+0100] {dag.py:3423} INFO - Setting next_dagrun for example_short_circuit_decorator to 2023-01-06T00:06:22.612217+00:00, run_after=2023-01-07T00:06:22.612217+00:00
[2023-01-07T01:06:22.653+0100] {processor.py:175} INFO - Processing /home/chrisfleig/.local/lib/python3.10/site-packages/airflow/example_dags/example_short_circuit_decorator.py took 0.113 seconds
[2023-01-07T01:07:12.587+0100] {processor.py:153} INFO - Started process (PID=11312) to work on /home/chrisfleig/.local/lib/python3.10/site-packages/airflow/example_dags/example_short_circuit_decorator.py
[2023-01-07T01:07:12.589+0100] {processor.py:743} INFO - Processing file /home/chrisfleig/.local/lib/python3.10/site-packages/airflow/example_dags/example_short_circuit_decorator.py for tasks to queue
[2023-01-07T01:07:12.590+0100] {logging_mixin.py:137} INFO - [2023-01-07T01:07:12.590+0100] {dagbag.py:538} INFO - Filling up the DagBag from /home/chrisfleig/.local/lib/python3.10/site-packages/airflow/example_dags/example_short_circuit_decorator.py
[2023-01-07T01:07:12.685+0100] {processor.py:753} INFO - DAG(s) dict_keys(['example_short_circuit_decorator']) retrieved from /home/chrisfleig/.local/lib/python3.10/site-packages/airflow/example_dags/example_short_circuit_decorator.py
[2023-01-07T01:07:12.765+0100] {logging_mixin.py:137} INFO - [2023-01-07T01:07:12.764+0100] {dag.py:2676} INFO - Sync 1 DAGs
[2023-01-07T01:07:12.802+0100] {logging_mixin.py:137} INFO - [2023-01-07T01:07:12.801+0100] {dag.py:3423} INFO - Setting next_dagrun for example_short_circuit_decorator to 2023-01-06T00:07:12.801410+00:00, run_after=2023-01-07T00:07:12.801410+00:00
[2023-01-07T01:07:12.957+0100] {processor.py:175} INFO - Processing /home/chrisfleig/.local/lib/python3.10/site-packages/airflow/example_dags/example_short_circuit_decorator.py took 0.373 seconds
[2023-01-07T01:08:12.647+0100] {processor.py:153} INFO - Started process (PID=11364) to work on /home/chrisfleig/.local/lib/python3.10/site-packages/airflow/example_dags/example_short_circuit_decorator.py
[2023-01-07T01:08:12.648+0100] {processor.py:743} INFO - Processing file /home/chrisfleig/.local/lib/python3.10/site-packages/airflow/example_dags/example_short_circuit_decorator.py for tasks to queue
[2023-01-07T01:08:12.649+0100] {logging_mixin.py:137} INFO - [2023-01-07T01:08:12.649+0100] {dagbag.py:538} INFO - Filling up the DagBag from /home/chrisfleig/.local/lib/python3.10/site-packages/airflow/example_dags/example_short_circuit_decorator.py
[2023-01-07T01:08:12.672+0100] {processor.py:753} INFO - DAG(s) dict_keys(['example_short_circuit_decorator']) retrieved from /home/chrisfleig/.local/lib/python3.10/site-packages/airflow/example_dags/example_short_circuit_decorator.py
[2023-01-07T01:08:12.694+0100] {logging_mixin.py:137} INFO - [2023-01-07T01:08:12.694+0100] {dag.py:2676} INFO - Sync 1 DAGs
[2023-01-07T01:08:12.803+0100] {logging_mixin.py:137} INFO - [2023-01-07T01:08:12.803+0100] {dag.py:3423} INFO - Setting next_dagrun for example_short_circuit_decorator to 2023-01-06T00:08:12.803540+00:00, run_after=2023-01-07T00:08:12.803540+00:00
[2023-01-07T01:08:12.839+0100] {processor.py:175} INFO - Processing /home/chrisfleig/.local/lib/python3.10/site-packages/airflow/example_dags/example_short_circuit_decorator.py took 0.197 seconds
[2023-01-07T01:09:13.957+0100] {processor.py:153} INFO - Started process (PID=11424) to work on /home/chrisfleig/.local/lib/python3.10/site-packages/airflow/example_dags/example_short_circuit_decorator.py
[2023-01-07T01:09:13.959+0100] {processor.py:743} INFO - Processing file /home/chrisfleig/.local/lib/python3.10/site-packages/airflow/example_dags/example_short_circuit_decorator.py for tasks to queue
[2023-01-07T01:09:13.959+0100] {logging_mixin.py:137} INFO - [2023-01-07T01:09:13.959+0100] {dagbag.py:538} INFO - Filling up the DagBag from /home/chrisfleig/.local/lib/python3.10/site-packages/airflow/example_dags/example_short_circuit_decorator.py
[2023-01-07T01:09:13.983+0100] {processor.py:753} INFO - DAG(s) dict_keys(['example_short_circuit_decorator']) retrieved from /home/chrisfleig/.local/lib/python3.10/site-packages/airflow/example_dags/example_short_circuit_decorator.py
[2023-01-07T01:09:14.120+0100] {logging_mixin.py:137} INFO - [2023-01-07T01:09:14.120+0100] {dag.py:2676} INFO - Sync 1 DAGs
[2023-01-07T01:09:14.140+0100] {logging_mixin.py:137} INFO - [2023-01-07T01:09:14.140+0100] {dag.py:3423} INFO - Setting next_dagrun for example_short_circuit_decorator to 2023-01-06T00:09:14.140013+00:00, run_after=2023-01-07T00:09:14.140013+00:00
[2023-01-07T01:09:14.177+0100] {processor.py:175} INFO - Processing /home/chrisfleig/.local/lib/python3.10/site-packages/airflow/example_dags/example_short_circuit_decorator.py took 0.223 seconds
[2023-01-07T01:10:21.374+0100] {processor.py:153} INFO - Started process (PID=11485) to work on /home/chrisfleig/.local/lib/python3.10/site-packages/airflow/example_dags/example_short_circuit_decorator.py
[2023-01-07T01:10:21.376+0100] {processor.py:743} INFO - Processing file /home/chrisfleig/.local/lib/python3.10/site-packages/airflow/example_dags/example_short_circuit_decorator.py for tasks to queue
[2023-01-07T01:10:21.378+0100] {logging_mixin.py:137} INFO - [2023-01-07T01:10:21.377+0100] {dagbag.py:538} INFO - Filling up the DagBag from /home/chrisfleig/.local/lib/python3.10/site-packages/airflow/example_dags/example_short_circuit_decorator.py
[2023-01-07T01:10:21.409+0100] {processor.py:753} INFO - DAG(s) dict_keys(['example_short_circuit_decorator']) retrieved from /home/chrisfleig/.local/lib/python3.10/site-packages/airflow/example_dags/example_short_circuit_decorator.py
[2023-01-07T01:10:21.431+0100] {logging_mixin.py:137} INFO - [2023-01-07T01:10:21.431+0100] {dag.py:2676} INFO - Sync 1 DAGs
[2023-01-07T01:10:21.448+0100] {logging_mixin.py:137} INFO - [2023-01-07T01:10:21.448+0100] {dag.py:3423} INFO - Setting next_dagrun for example_short_circuit_decorator to 2023-01-06T00:10:21.448154+00:00, run_after=2023-01-07T00:10:21.448154+00:00
[2023-01-07T01:10:21.487+0100] {processor.py:175} INFO - Processing /home/chrisfleig/.local/lib/python3.10/site-packages/airflow/example_dags/example_short_circuit_decorator.py took 0.120 seconds
[2023-01-07T01:11:22.074+0100] {processor.py:153} INFO - Started process (PID=11541) to work on /home/chrisfleig/.local/lib/python3.10/site-packages/airflow/example_dags/example_short_circuit_decorator.py
[2023-01-07T01:11:22.077+0100] {processor.py:743} INFO - Processing file /home/chrisfleig/.local/lib/python3.10/site-packages/airflow/example_dags/example_short_circuit_decorator.py for tasks to queue
[2023-01-07T01:11:22.079+0100] {logging_mixin.py:137} INFO - [2023-01-07T01:11:22.079+0100] {dagbag.py:538} INFO - Filling up the DagBag from /home/chrisfleig/.local/lib/python3.10/site-packages/airflow/example_dags/example_short_circuit_decorator.py
[2023-01-07T01:11:22.116+0100] {processor.py:753} INFO - DAG(s) dict_keys(['example_short_circuit_decorator']) retrieved from /home/chrisfleig/.local/lib/python3.10/site-packages/airflow/example_dags/example_short_circuit_decorator.py
[2023-01-07T01:11:22.150+0100] {logging_mixin.py:137} INFO - [2023-01-07T01:11:22.150+0100] {dag.py:2676} INFO - Sync 1 DAGs
[2023-01-07T01:11:22.179+0100] {logging_mixin.py:137} INFO - [2023-01-07T01:11:22.178+0100] {dag.py:3423} INFO - Setting next_dagrun for example_short_circuit_decorator to 2023-01-06T00:11:22.178698+00:00, run_after=2023-01-07T00:11:22.178698+00:00
[2023-01-07T01:11:22.225+0100] {processor.py:175} INFO - Processing /home/chrisfleig/.local/lib/python3.10/site-packages/airflow/example_dags/example_short_circuit_decorator.py took 0.156 seconds
[2023-01-07T01:12:20.369+0100] {processor.py:153} INFO - Started process (PID=11597) to work on /home/chrisfleig/.local/lib/python3.10/site-packages/airflow/example_dags/example_short_circuit_decorator.py
[2023-01-07T01:12:20.371+0100] {processor.py:743} INFO - Processing file /home/chrisfleig/.local/lib/python3.10/site-packages/airflow/example_dags/example_short_circuit_decorator.py for tasks to queue
[2023-01-07T01:12:20.372+0100] {logging_mixin.py:137} INFO - [2023-01-07T01:12:20.372+0100] {dagbag.py:538} INFO - Filling up the DagBag from /home/chrisfleig/.local/lib/python3.10/site-packages/airflow/example_dags/example_short_circuit_decorator.py
[2023-01-07T01:12:20.398+0100] {processor.py:753} INFO - DAG(s) dict_keys(['example_short_circuit_decorator']) retrieved from /home/chrisfleig/.local/lib/python3.10/site-packages/airflow/example_dags/example_short_circuit_decorator.py
[2023-01-07T01:12:20.418+0100] {logging_mixin.py:137} INFO - [2023-01-07T01:12:20.418+0100] {dag.py:2676} INFO - Sync 1 DAGs
[2023-01-07T01:12:20.435+0100] {logging_mixin.py:137} INFO - [2023-01-07T01:12:20.435+0100] {dag.py:3423} INFO - Setting next_dagrun for example_short_circuit_decorator to 2023-01-06T00:12:20.435593+00:00, run_after=2023-01-07T00:12:20.435593+00:00
[2023-01-07T01:12:20.564+0100] {processor.py:175} INFO - Processing /home/chrisfleig/.local/lib/python3.10/site-packages/airflow/example_dags/example_short_circuit_decorator.py took 0.200 seconds
[2023-01-07T01:13:22.424+0100] {processor.py:153} INFO - Started process (PID=11662) to work on /home/chrisfleig/.local/lib/python3.10/site-packages/airflow/example_dags/example_short_circuit_decorator.py
[2023-01-07T01:13:22.425+0100] {processor.py:743} INFO - Processing file /home/chrisfleig/.local/lib/python3.10/site-packages/airflow/example_dags/example_short_circuit_decorator.py for tasks to queue
[2023-01-07T01:13:22.426+0100] {logging_mixin.py:137} INFO - [2023-01-07T01:13:22.426+0100] {dagbag.py:538} INFO - Filling up the DagBag from /home/chrisfleig/.local/lib/python3.10/site-packages/airflow/example_dags/example_short_circuit_decorator.py
[2023-01-07T01:13:22.447+0100] {processor.py:753} INFO - DAG(s) dict_keys(['example_short_circuit_decorator']) retrieved from /home/chrisfleig/.local/lib/python3.10/site-packages/airflow/example_dags/example_short_circuit_decorator.py
[2023-01-07T01:13:22.467+0100] {logging_mixin.py:137} INFO - [2023-01-07T01:13:22.467+0100] {dag.py:2676} INFO - Sync 1 DAGs
[2023-01-07T01:13:22.604+0100] {logging_mixin.py:137} INFO - [2023-01-07T01:13:22.604+0100] {dag.py:3423} INFO - Setting next_dagrun for example_short_circuit_decorator to 2023-01-06T00:13:22.604127+00:00, run_after=2023-01-07T00:13:22.604127+00:00
[2023-01-07T01:13:22.664+0100] {processor.py:175} INFO - Processing /home/chrisfleig/.local/lib/python3.10/site-packages/airflow/example_dags/example_short_circuit_decorator.py took 0.243 seconds
[2023-01-07T01:14:33.904+0100] {processor.py:153} INFO - Started process (PID=11724) to work on /home/chrisfleig/.local/lib/python3.10/site-packages/airflow/example_dags/example_short_circuit_decorator.py
[2023-01-07T01:14:33.908+0100] {processor.py:743} INFO - Processing file /home/chrisfleig/.local/lib/python3.10/site-packages/airflow/example_dags/example_short_circuit_decorator.py for tasks to queue
[2023-01-07T01:14:33.912+0100] {logging_mixin.py:137} INFO - [2023-01-07T01:14:33.911+0100] {dagbag.py:538} INFO - Filling up the DagBag from /home/chrisfleig/.local/lib/python3.10/site-packages/airflow/example_dags/example_short_circuit_decorator.py
[2023-01-07T01:14:33.961+0100] {processor.py:753} INFO - DAG(s) dict_keys(['example_short_circuit_decorator']) retrieved from /home/chrisfleig/.local/lib/python3.10/site-packages/airflow/example_dags/example_short_circuit_decorator.py
[2023-01-07T01:14:34.072+0100] {logging_mixin.py:137} INFO - [2023-01-07T01:14:34.071+0100] {dag.py:2676} INFO - Sync 1 DAGs
[2023-01-07T01:14:34.087+0100] {logging_mixin.py:137} INFO - [2023-01-07T01:14:34.087+0100] {dag.py:3423} INFO - Setting next_dagrun for example_short_circuit_decorator to 2023-01-06T00:14:34.086828+00:00, run_after=2023-01-07T00:14:34.086828+00:00
[2023-01-07T01:14:34.132+0100] {processor.py:175} INFO - Processing /home/chrisfleig/.local/lib/python3.10/site-packages/airflow/example_dags/example_short_circuit_decorator.py took 0.247 seconds
[2023-01-07T01:15:39.130+0100] {processor.py:153} INFO - Started process (PID=11784) to work on /home/chrisfleig/.local/lib/python3.10/site-packages/airflow/example_dags/example_short_circuit_decorator.py
[2023-01-07T01:15:39.131+0100] {processor.py:743} INFO - Processing file /home/chrisfleig/.local/lib/python3.10/site-packages/airflow/example_dags/example_short_circuit_decorator.py for tasks to queue
[2023-01-07T01:15:39.132+0100] {logging_mixin.py:137} INFO - [2023-01-07T01:15:39.132+0100] {dagbag.py:538} INFO - Filling up the DagBag from /home/chrisfleig/.local/lib/python3.10/site-packages/airflow/example_dags/example_short_circuit_decorator.py
[2023-01-07T01:15:39.159+0100] {processor.py:753} INFO - DAG(s) dict_keys(['example_short_circuit_decorator']) retrieved from /home/chrisfleig/.local/lib/python3.10/site-packages/airflow/example_dags/example_short_circuit_decorator.py
[2023-01-07T01:15:39.185+0100] {logging_mixin.py:137} INFO - [2023-01-07T01:15:39.184+0100] {dag.py:2676} INFO - Sync 1 DAGs
[2023-01-07T01:15:39.208+0100] {logging_mixin.py:137} INFO - [2023-01-07T01:15:39.208+0100] {dag.py:3423} INFO - Setting next_dagrun for example_short_circuit_decorator to 2023-01-06T00:15:39.207913+00:00, run_after=2023-01-07T00:15:39.207913+00:00
[2023-01-07T01:15:39.248+0100] {processor.py:175} INFO - Processing /home/chrisfleig/.local/lib/python3.10/site-packages/airflow/example_dags/example_short_circuit_decorator.py took 0.121 seconds
[2023-01-07T01:16:40.406+0100] {processor.py:153} INFO - Started process (PID=11852) to work on /home/chrisfleig/.local/lib/python3.10/site-packages/airflow/example_dags/example_short_circuit_decorator.py
[2023-01-07T01:16:40.408+0100] {processor.py:743} INFO - Processing file /home/chrisfleig/.local/lib/python3.10/site-packages/airflow/example_dags/example_short_circuit_decorator.py for tasks to queue
[2023-01-07T01:16:40.409+0100] {logging_mixin.py:137} INFO - [2023-01-07T01:16:40.409+0100] {dagbag.py:538} INFO - Filling up the DagBag from /home/chrisfleig/.local/lib/python3.10/site-packages/airflow/example_dags/example_short_circuit_decorator.py
[2023-01-07T01:16:40.436+0100] {processor.py:753} INFO - DAG(s) dict_keys(['example_short_circuit_decorator']) retrieved from /home/chrisfleig/.local/lib/python3.10/site-packages/airflow/example_dags/example_short_circuit_decorator.py
[2023-01-07T01:16:40.456+0100] {logging_mixin.py:137} INFO - [2023-01-07T01:16:40.456+0100] {dag.py:2676} INFO - Sync 1 DAGs
[2023-01-07T01:16:40.472+0100] {logging_mixin.py:137} INFO - [2023-01-07T01:16:40.472+0100] {dag.py:3423} INFO - Setting next_dagrun for example_short_circuit_decorator to 2023-01-06T00:16:40.472393+00:00, run_after=2023-01-07T00:16:40.472393+00:00
[2023-01-07T01:16:40.510+0100] {processor.py:175} INFO - Processing /home/chrisfleig/.local/lib/python3.10/site-packages/airflow/example_dags/example_short_circuit_decorator.py took 0.108 seconds
[2023-01-07T01:17:43.981+0100] {processor.py:153} INFO - Started process (PID=11910) to work on /home/chrisfleig/.local/lib/python3.10/site-packages/airflow/example_dags/example_short_circuit_decorator.py
[2023-01-07T01:17:43.982+0100] {processor.py:743} INFO - Processing file /home/chrisfleig/.local/lib/python3.10/site-packages/airflow/example_dags/example_short_circuit_decorator.py for tasks to queue
[2023-01-07T01:17:43.983+0100] {logging_mixin.py:137} INFO - [2023-01-07T01:17:43.982+0100] {dagbag.py:538} INFO - Filling up the DagBag from /home/chrisfleig/.local/lib/python3.10/site-packages/airflow/example_dags/example_short_circuit_decorator.py
[2023-01-07T01:17:44.006+0100] {processor.py:753} INFO - DAG(s) dict_keys(['example_short_circuit_decorator']) retrieved from /home/chrisfleig/.local/lib/python3.10/site-packages/airflow/example_dags/example_short_circuit_decorator.py
[2023-01-07T01:17:44.028+0100] {logging_mixin.py:137} INFO - [2023-01-07T01:17:44.028+0100] {dag.py:2676} INFO - Sync 1 DAGs
[2023-01-07T01:17:44.133+0100] {logging_mixin.py:137} INFO - [2023-01-07T01:17:44.133+0100] {dag.py:3423} INFO - Setting next_dagrun for example_short_circuit_decorator to 2023-01-06T00:17:44.132743+00:00, run_after=2023-01-07T00:17:44.132743+00:00
[2023-01-07T01:17:44.173+0100] {processor.py:175} INFO - Processing /home/chrisfleig/.local/lib/python3.10/site-packages/airflow/example_dags/example_short_circuit_decorator.py took 0.195 seconds
[2023-01-07T01:18:57.759+0100] {processor.py:153} INFO - Started process (PID=11973) to work on /home/chrisfleig/.local/lib/python3.10/site-packages/airflow/example_dags/example_short_circuit_decorator.py
[2023-01-07T01:18:57.760+0100] {processor.py:743} INFO - Processing file /home/chrisfleig/.local/lib/python3.10/site-packages/airflow/example_dags/example_short_circuit_decorator.py for tasks to queue
[2023-01-07T01:18:57.761+0100] {logging_mixin.py:137} INFO - [2023-01-07T01:18:57.760+0100] {dagbag.py:538} INFO - Filling up the DagBag from /home/chrisfleig/.local/lib/python3.10/site-packages/airflow/example_dags/example_short_circuit_decorator.py
[2023-01-07T01:18:57.799+0100] {processor.py:753} INFO - DAG(s) dict_keys(['example_short_circuit_decorator']) retrieved from /home/chrisfleig/.local/lib/python3.10/site-packages/airflow/example_dags/example_short_circuit_decorator.py
[2023-01-07T01:18:57.843+0100] {logging_mixin.py:137} INFO - [2023-01-07T01:18:57.843+0100] {dag.py:2676} INFO - Sync 1 DAGs
[2023-01-07T01:18:58.063+0100] {logging_mixin.py:137} INFO - [2023-01-07T01:18:58.063+0100] {dag.py:3423} INFO - Setting next_dagrun for example_short_circuit_decorator to 2023-01-06T00:18:58.063376+00:00, run_after=2023-01-07T00:18:58.063376+00:00
[2023-01-07T01:18:58.119+0100] {processor.py:175} INFO - Processing /home/chrisfleig/.local/lib/python3.10/site-packages/airflow/example_dags/example_short_circuit_decorator.py took 0.366 seconds
[2023-01-07T01:19:52.982+0100] {processor.py:153} INFO - Started process (PID=12017) to work on /home/chrisfleig/.local/lib/python3.10/site-packages/airflow/example_dags/example_short_circuit_decorator.py
[2023-01-07T01:19:52.985+0100] {processor.py:743} INFO - Processing file /home/chrisfleig/.local/lib/python3.10/site-packages/airflow/example_dags/example_short_circuit_decorator.py for tasks to queue
[2023-01-07T01:19:52.987+0100] {logging_mixin.py:137} INFO - [2023-01-07T01:19:52.987+0100] {dagbag.py:538} INFO - Filling up the DagBag from /home/chrisfleig/.local/lib/python3.10/site-packages/airflow/example_dags/example_short_circuit_decorator.py
[2023-01-07T01:19:53.026+0100] {processor.py:753} INFO - DAG(s) dict_keys(['example_short_circuit_decorator']) retrieved from /home/chrisfleig/.local/lib/python3.10/site-packages/airflow/example_dags/example_short_circuit_decorator.py
[2023-01-07T01:19:53.170+0100] {logging_mixin.py:137} INFO - [2023-01-07T01:19:53.170+0100] {dag.py:2676} INFO - Sync 1 DAGs
[2023-01-07T01:19:53.184+0100] {logging_mixin.py:137} INFO - [2023-01-07T01:19:53.184+0100] {dag.py:3423} INFO - Setting next_dagrun for example_short_circuit_decorator to 2023-01-06T00:19:53.184451+00:00, run_after=2023-01-07T00:19:53.184451+00:00
[2023-01-07T01:19:53.219+0100] {processor.py:175} INFO - Processing /home/chrisfleig/.local/lib/python3.10/site-packages/airflow/example_dags/example_short_circuit_decorator.py took 0.243 seconds
[2023-01-07T01:20:56.133+0100] {processor.py:153} INFO - Started process (PID=12076) to work on /home/chrisfleig/.local/lib/python3.10/site-packages/airflow/example_dags/example_short_circuit_decorator.py
[2023-01-07T01:20:56.135+0100] {processor.py:743} INFO - Processing file /home/chrisfleig/.local/lib/python3.10/site-packages/airflow/example_dags/example_short_circuit_decorator.py for tasks to queue
[2023-01-07T01:20:56.135+0100] {logging_mixin.py:137} INFO - [2023-01-07T01:20:56.135+0100] {dagbag.py:538} INFO - Filling up the DagBag from /home/chrisfleig/.local/lib/python3.10/site-packages/airflow/example_dags/example_short_circuit_decorator.py
[2023-01-07T01:20:56.168+0100] {processor.py:753} INFO - DAG(s) dict_keys(['example_short_circuit_decorator']) retrieved from /home/chrisfleig/.local/lib/python3.10/site-packages/airflow/example_dags/example_short_circuit_decorator.py
[2023-01-07T01:20:56.194+0100] {logging_mixin.py:137} INFO - [2023-01-07T01:20:56.194+0100] {dag.py:2676} INFO - Sync 1 DAGs
[2023-01-07T01:20:56.214+0100] {logging_mixin.py:137} INFO - [2023-01-07T01:20:56.214+0100] {dag.py:3423} INFO - Setting next_dagrun for example_short_circuit_decorator to 2023-01-06T00:20:56.214374+00:00, run_after=2023-01-07T00:20:56.214374+00:00
[2023-01-07T01:20:56.257+0100] {processor.py:175} INFO - Processing /home/chrisfleig/.local/lib/python3.10/site-packages/airflow/example_dags/example_short_circuit_decorator.py took 0.127 seconds
[2023-01-07T01:21:53.698+0100] {processor.py:153} INFO - Started process (PID=12133) to work on /home/chrisfleig/.local/lib/python3.10/site-packages/airflow/example_dags/example_short_circuit_decorator.py
[2023-01-07T01:21:53.699+0100] {processor.py:743} INFO - Processing file /home/chrisfleig/.local/lib/python3.10/site-packages/airflow/example_dags/example_short_circuit_decorator.py for tasks to queue
[2023-01-07T01:21:53.700+0100] {logging_mixin.py:137} INFO - [2023-01-07T01:21:53.700+0100] {dagbag.py:538} INFO - Filling up the DagBag from /home/chrisfleig/.local/lib/python3.10/site-packages/airflow/example_dags/example_short_circuit_decorator.py
[2023-01-07T01:21:53.723+0100] {processor.py:753} INFO - DAG(s) dict_keys(['example_short_circuit_decorator']) retrieved from /home/chrisfleig/.local/lib/python3.10/site-packages/airflow/example_dags/example_short_circuit_decorator.py
[2023-01-07T01:21:53.744+0100] {logging_mixin.py:137} INFO - [2023-01-07T01:21:53.744+0100] {dag.py:2676} INFO - Sync 1 DAGs
[2023-01-07T01:21:53.760+0100] {logging_mixin.py:137} INFO - [2023-01-07T01:21:53.760+0100] {dag.py:3423} INFO - Setting next_dagrun for example_short_circuit_decorator to 2023-01-06T00:21:53.759967+00:00, run_after=2023-01-07T00:21:53.759967+00:00
[2023-01-07T01:21:53.886+0100] {processor.py:175} INFO - Processing /home/chrisfleig/.local/lib/python3.10/site-packages/airflow/example_dags/example_short_circuit_decorator.py took 0.191 seconds
[2023-01-07T01:22:58.502+0100] {processor.py:153} INFO - Started process (PID=12191) to work on /home/chrisfleig/.local/lib/python3.10/site-packages/airflow/example_dags/example_short_circuit_decorator.py
[2023-01-07T01:22:58.502+0100] {processor.py:743} INFO - Processing file /home/chrisfleig/.local/lib/python3.10/site-packages/airflow/example_dags/example_short_circuit_decorator.py for tasks to queue
[2023-01-07T01:22:58.503+0100] {logging_mixin.py:137} INFO - [2023-01-07T01:22:58.503+0100] {dagbag.py:538} INFO - Filling up the DagBag from /home/chrisfleig/.local/lib/python3.10/site-packages/airflow/example_dags/example_short_circuit_decorator.py
[2023-01-07T01:22:58.524+0100] {processor.py:753} INFO - DAG(s) dict_keys(['example_short_circuit_decorator']) retrieved from /home/chrisfleig/.local/lib/python3.10/site-packages/airflow/example_dags/example_short_circuit_decorator.py
[2023-01-07T01:22:58.544+0100] {logging_mixin.py:137} INFO - [2023-01-07T01:22:58.544+0100] {dag.py:2676} INFO - Sync 1 DAGs
[2023-01-07T01:22:58.646+0100] {logging_mixin.py:137} INFO - [2023-01-07T01:22:58.646+0100] {dag.py:3423} INFO - Setting next_dagrun for example_short_circuit_decorator to 2023-01-06T00:22:58.646166+00:00, run_after=2023-01-07T00:22:58.646166+00:00
[2023-01-07T01:22:58.684+0100] {processor.py:175} INFO - Processing /home/chrisfleig/.local/lib/python3.10/site-packages/airflow/example_dags/example_short_circuit_decorator.py took 0.185 seconds
[2023-01-07T01:23:59.650+0100] {processor.py:153} INFO - Started process (PID=12250) to work on /home/chrisfleig/.local/lib/python3.10/site-packages/airflow/example_dags/example_short_circuit_decorator.py
[2023-01-07T01:23:59.652+0100] {processor.py:743} INFO - Processing file /home/chrisfleig/.local/lib/python3.10/site-packages/airflow/example_dags/example_short_circuit_decorator.py for tasks to queue
[2023-01-07T01:23:59.654+0100] {logging_mixin.py:137} INFO - [2023-01-07T01:23:59.653+0100] {dagbag.py:538} INFO - Filling up the DagBag from /home/chrisfleig/.local/lib/python3.10/site-packages/airflow/example_dags/example_short_circuit_decorator.py
[2023-01-07T01:23:59.686+0100] {processor.py:753} INFO - DAG(s) dict_keys(['example_short_circuit_decorator']) retrieved from /home/chrisfleig/.local/lib/python3.10/site-packages/airflow/example_dags/example_short_circuit_decorator.py
[2023-01-07T01:23:59.707+0100] {logging_mixin.py:137} INFO - [2023-01-07T01:23:59.707+0100] {dag.py:2676} INFO - Sync 1 DAGs
[2023-01-07T01:23:59.807+0100] {logging_mixin.py:137} INFO - [2023-01-07T01:23:59.807+0100] {dag.py:3423} INFO - Setting next_dagrun for example_short_circuit_decorator to 2023-01-06T00:23:59.806936+00:00, run_after=2023-01-07T00:23:59.806936+00:00
[2023-01-07T01:23:59.848+0100] {processor.py:175} INFO - Processing /home/chrisfleig/.local/lib/python3.10/site-packages/airflow/example_dags/example_short_circuit_decorator.py took 0.205 seconds
[2023-01-07T01:25:06.542+0100] {processor.py:153} INFO - Started process (PID=12308) to work on /home/chrisfleig/.local/lib/python3.10/site-packages/airflow/example_dags/example_short_circuit_decorator.py
[2023-01-07T01:25:06.544+0100] {processor.py:743} INFO - Processing file /home/chrisfleig/.local/lib/python3.10/site-packages/airflow/example_dags/example_short_circuit_decorator.py for tasks to queue
[2023-01-07T01:25:06.545+0100] {logging_mixin.py:137} INFO - [2023-01-07T01:25:06.545+0100] {dagbag.py:538} INFO - Filling up the DagBag from /home/chrisfleig/.local/lib/python3.10/site-packages/airflow/example_dags/example_short_circuit_decorator.py
[2023-01-07T01:25:06.570+0100] {processor.py:753} INFO - DAG(s) dict_keys(['example_short_circuit_decorator']) retrieved from /home/chrisfleig/.local/lib/python3.10/site-packages/airflow/example_dags/example_short_circuit_decorator.py
[2023-01-07T01:25:06.592+0100] {logging_mixin.py:137} INFO - [2023-01-07T01:25:06.591+0100] {dag.py:2676} INFO - Sync 1 DAGs
[2023-01-07T01:25:06.610+0100] {logging_mixin.py:137} INFO - [2023-01-07T01:25:06.609+0100] {dag.py:3423} INFO - Setting next_dagrun for example_short_circuit_decorator to 2023-01-06T00:25:06.609662+00:00, run_after=2023-01-07T00:25:06.609662+00:00
[2023-01-07T01:25:06.645+0100] {processor.py:175} INFO - Processing /home/chrisfleig/.local/lib/python3.10/site-packages/airflow/example_dags/example_short_circuit_decorator.py took 0.107 seconds
[2023-01-07T01:26:11.063+0100] {processor.py:153} INFO - Started process (PID=12368) to work on /home/chrisfleig/.local/lib/python3.10/site-packages/airflow/example_dags/example_short_circuit_decorator.py
[2023-01-07T01:26:11.065+0100] {processor.py:743} INFO - Processing file /home/chrisfleig/.local/lib/python3.10/site-packages/airflow/example_dags/example_short_circuit_decorator.py for tasks to queue
[2023-01-07T01:26:11.066+0100] {logging_mixin.py:137} INFO - [2023-01-07T01:26:11.065+0100] {dagbag.py:538} INFO - Filling up the DagBag from /home/chrisfleig/.local/lib/python3.10/site-packages/airflow/example_dags/example_short_circuit_decorator.py
[2023-01-07T01:26:11.098+0100] {processor.py:753} INFO - DAG(s) dict_keys(['example_short_circuit_decorator']) retrieved from /home/chrisfleig/.local/lib/python3.10/site-packages/airflow/example_dags/example_short_circuit_decorator.py
[2023-01-07T01:26:11.120+0100] {logging_mixin.py:137} INFO - [2023-01-07T01:26:11.120+0100] {dag.py:2676} INFO - Sync 1 DAGs
[2023-01-07T01:26:11.137+0100] {logging_mixin.py:137} INFO - [2023-01-07T01:26:11.137+0100] {dag.py:3423} INFO - Setting next_dagrun for example_short_circuit_decorator to 2023-01-06T00:26:11.137257+00:00, run_after=2023-01-07T00:26:11.137257+00:00
[2023-01-07T01:26:11.175+0100] {processor.py:175} INFO - Processing /home/chrisfleig/.local/lib/python3.10/site-packages/airflow/example_dags/example_short_circuit_decorator.py took 0.115 seconds
[2023-01-07T01:27:14.963+0100] {processor.py:153} INFO - Started process (PID=12426) to work on /home/chrisfleig/.local/lib/python3.10/site-packages/airflow/example_dags/example_short_circuit_decorator.py
[2023-01-07T01:27:14.965+0100] {processor.py:743} INFO - Processing file /home/chrisfleig/.local/lib/python3.10/site-packages/airflow/example_dags/example_short_circuit_decorator.py for tasks to queue
[2023-01-07T01:27:14.966+0100] {logging_mixin.py:137} INFO - [2023-01-07T01:27:14.966+0100] {dagbag.py:538} INFO - Filling up the DagBag from /home/chrisfleig/.local/lib/python3.10/site-packages/airflow/example_dags/example_short_circuit_decorator.py
[2023-01-07T01:27:14.990+0100] {processor.py:753} INFO - DAG(s) dict_keys(['example_short_circuit_decorator']) retrieved from /home/chrisfleig/.local/lib/python3.10/site-packages/airflow/example_dags/example_short_circuit_decorator.py
[2023-01-07T01:27:15.016+0100] {logging_mixin.py:137} INFO - [2023-01-07T01:27:15.016+0100] {dag.py:2676} INFO - Sync 1 DAGs
[2023-01-07T01:27:15.034+0100] {logging_mixin.py:137} INFO - [2023-01-07T01:27:15.034+0100] {dag.py:3423} INFO - Setting next_dagrun for example_short_circuit_decorator to 2023-01-06T00:27:15.032421+00:00, run_after=2023-01-07T00:27:15.032421+00:00
[2023-01-07T01:27:15.151+0100] {processor.py:175} INFO - Processing /home/chrisfleig/.local/lib/python3.10/site-packages/airflow/example_dags/example_short_circuit_decorator.py took 0.194 seconds
[2023-01-07T01:28:17.332+0100] {processor.py:153} INFO - Started process (PID=12487) to work on /home/chrisfleig/.local/lib/python3.10/site-packages/airflow/example_dags/example_short_circuit_decorator.py
[2023-01-07T01:28:17.333+0100] {processor.py:743} INFO - Processing file /home/chrisfleig/.local/lib/python3.10/site-packages/airflow/example_dags/example_short_circuit_decorator.py for tasks to queue
[2023-01-07T01:28:17.333+0100] {logging_mixin.py:137} INFO - [2023-01-07T01:28:17.333+0100] {dagbag.py:538} INFO - Filling up the DagBag from /home/chrisfleig/.local/lib/python3.10/site-packages/airflow/example_dags/example_short_circuit_decorator.py
[2023-01-07T01:28:17.357+0100] {processor.py:753} INFO - DAG(s) dict_keys(['example_short_circuit_decorator']) retrieved from /home/chrisfleig/.local/lib/python3.10/site-packages/airflow/example_dags/example_short_circuit_decorator.py
[2023-01-07T01:28:17.379+0100] {logging_mixin.py:137} INFO - [2023-01-07T01:28:17.378+0100] {dag.py:2676} INFO - Sync 1 DAGs
[2023-01-07T01:28:17.504+0100] {logging_mixin.py:137} INFO - [2023-01-07T01:28:17.504+0100] {dag.py:3423} INFO - Setting next_dagrun for example_short_circuit_decorator to 2023-01-06T00:28:17.504083+00:00, run_after=2023-01-07T00:28:17.504083+00:00
[2023-01-07T01:28:17.545+0100] {processor.py:175} INFO - Processing /home/chrisfleig/.local/lib/python3.10/site-packages/airflow/example_dags/example_short_circuit_decorator.py took 0.216 seconds
[2023-01-07T01:29:20.811+0100] {processor.py:153} INFO - Started process (PID=12619) to work on /home/chrisfleig/.local/lib/python3.10/site-packages/airflow/example_dags/example_short_circuit_decorator.py
[2023-01-07T01:29:20.813+0100] {processor.py:743} INFO - Processing file /home/chrisfleig/.local/lib/python3.10/site-packages/airflow/example_dags/example_short_circuit_decorator.py for tasks to queue
[2023-01-07T01:29:20.813+0100] {logging_mixin.py:137} INFO - [2023-01-07T01:29:20.813+0100] {dagbag.py:538} INFO - Filling up the DagBag from /home/chrisfleig/.local/lib/python3.10/site-packages/airflow/example_dags/example_short_circuit_decorator.py
[2023-01-07T01:29:20.838+0100] {processor.py:753} INFO - DAG(s) dict_keys(['example_short_circuit_decorator']) retrieved from /home/chrisfleig/.local/lib/python3.10/site-packages/airflow/example_dags/example_short_circuit_decorator.py
[2023-01-07T01:29:20.974+0100] {logging_mixin.py:137} INFO - [2023-01-07T01:29:20.973+0100] {dag.py:2676} INFO - Sync 1 DAGs
[2023-01-07T01:29:20.993+0100] {logging_mixin.py:137} INFO - [2023-01-07T01:29:20.993+0100] {dag.py:3423} INFO - Setting next_dagrun for example_short_circuit_decorator to 2023-01-06T00:29:20.992967+00:00, run_after=2023-01-07T00:29:20.992967+00:00
[2023-01-07T01:29:21.034+0100] {processor.py:175} INFO - Processing /home/chrisfleig/.local/lib/python3.10/site-packages/airflow/example_dags/example_short_circuit_decorator.py took 0.225 seconds
[2023-01-07T01:30:24.938+0100] {processor.py:153} INFO - Started process (PID=12722) to work on /home/chrisfleig/.local/lib/python3.10/site-packages/airflow/example_dags/example_short_circuit_decorator.py
[2023-01-07T01:30:24.940+0100] {processor.py:743} INFO - Processing file /home/chrisfleig/.local/lib/python3.10/site-packages/airflow/example_dags/example_short_circuit_decorator.py for tasks to queue
[2023-01-07T01:30:24.941+0100] {logging_mixin.py:137} INFO - [2023-01-07T01:30:24.941+0100] {dagbag.py:538} INFO - Filling up the DagBag from /home/chrisfleig/.local/lib/python3.10/site-packages/airflow/example_dags/example_short_circuit_decorator.py
[2023-01-07T01:30:24.963+0100] {processor.py:753} INFO - DAG(s) dict_keys(['example_short_circuit_decorator']) retrieved from /home/chrisfleig/.local/lib/python3.10/site-packages/airflow/example_dags/example_short_circuit_decorator.py
[2023-01-07T01:30:24.983+0100] {logging_mixin.py:137} INFO - [2023-01-07T01:30:24.983+0100] {dag.py:2676} INFO - Sync 1 DAGs
[2023-01-07T01:30:24.999+0100] {logging_mixin.py:137} INFO - [2023-01-07T01:30:24.999+0100] {dag.py:3423} INFO - Setting next_dagrun for example_short_circuit_decorator to 2023-01-06T00:30:24.999585+00:00, run_after=2023-01-07T00:30:24.999585+00:00
[2023-01-07T01:30:25.036+0100] {processor.py:175} INFO - Processing /home/chrisfleig/.local/lib/python3.10/site-packages/airflow/example_dags/example_short_circuit_decorator.py took 0.100 seconds
[2023-01-07T01:31:19.413+0100] {processor.py:153} INFO - Started process (PID=12774) to work on /home/chrisfleig/.local/lib/python3.10/site-packages/airflow/example_dags/example_short_circuit_decorator.py
[2023-01-07T01:31:19.414+0100] {processor.py:743} INFO - Processing file /home/chrisfleig/.local/lib/python3.10/site-packages/airflow/example_dags/example_short_circuit_decorator.py for tasks to queue
[2023-01-07T01:31:19.415+0100] {logging_mixin.py:137} INFO - [2023-01-07T01:31:19.415+0100] {dagbag.py:538} INFO - Filling up the DagBag from /home/chrisfleig/.local/lib/python3.10/site-packages/airflow/example_dags/example_short_circuit_decorator.py
[2023-01-07T01:31:19.439+0100] {processor.py:753} INFO - DAG(s) dict_keys(['example_short_circuit_decorator']) retrieved from /home/chrisfleig/.local/lib/python3.10/site-packages/airflow/example_dags/example_short_circuit_decorator.py
[2023-01-07T01:31:19.461+0100] {logging_mixin.py:137} INFO - [2023-01-07T01:31:19.460+0100] {dag.py:2676} INFO - Sync 1 DAGs
[2023-01-07T01:31:19.476+0100] {logging_mixin.py:137} INFO - [2023-01-07T01:31:19.476+0100] {dag.py:3423} INFO - Setting next_dagrun for example_short_circuit_decorator to 2023-01-06T00:31:19.476494+00:00, run_after=2023-01-07T00:31:19.476494+00:00
[2023-01-07T01:31:19.515+0100] {processor.py:175} INFO - Processing /home/chrisfleig/.local/lib/python3.10/site-packages/airflow/example_dags/example_short_circuit_decorator.py took 0.104 seconds
[2023-01-07T01:32:19.775+0100] {processor.py:153} INFO - Started process (PID=12831) to work on /home/chrisfleig/.local/lib/python3.10/site-packages/airflow/example_dags/example_short_circuit_decorator.py
[2023-01-07T01:32:19.777+0100] {processor.py:743} INFO - Processing file /home/chrisfleig/.local/lib/python3.10/site-packages/airflow/example_dags/example_short_circuit_decorator.py for tasks to queue
[2023-01-07T01:32:19.778+0100] {logging_mixin.py:137} INFO - [2023-01-07T01:32:19.778+0100] {dagbag.py:538} INFO - Filling up the DagBag from /home/chrisfleig/.local/lib/python3.10/site-packages/airflow/example_dags/example_short_circuit_decorator.py
[2023-01-07T01:32:19.803+0100] {processor.py:753} INFO - DAG(s) dict_keys(['example_short_circuit_decorator']) retrieved from /home/chrisfleig/.local/lib/python3.10/site-packages/airflow/example_dags/example_short_circuit_decorator.py
[2023-01-07T01:32:19.825+0100] {logging_mixin.py:137} INFO - [2023-01-07T01:32:19.825+0100] {dag.py:2676} INFO - Sync 1 DAGs
[2023-01-07T01:32:19.843+0100] {logging_mixin.py:137} INFO - [2023-01-07T01:32:19.843+0100] {dag.py:3423} INFO - Setting next_dagrun for example_short_circuit_decorator to 2023-01-06T00:32:19.843395+00:00, run_after=2023-01-07T00:32:19.843395+00:00
[2023-01-07T01:32:19.968+0100] {processor.py:175} INFO - Processing /home/chrisfleig/.local/lib/python3.10/site-packages/airflow/example_dags/example_short_circuit_decorator.py took 0.198 seconds
[2023-01-07T01:33:24.407+0100] {processor.py:153} INFO - Started process (PID=12887) to work on /home/chrisfleig/.local/lib/python3.10/site-packages/airflow/example_dags/example_short_circuit_decorator.py
[2023-01-07T01:33:24.408+0100] {processor.py:743} INFO - Processing file /home/chrisfleig/.local/lib/python3.10/site-packages/airflow/example_dags/example_short_circuit_decorator.py for tasks to queue
[2023-01-07T01:33:24.409+0100] {logging_mixin.py:137} INFO - [2023-01-07T01:33:24.409+0100] {dagbag.py:538} INFO - Filling up the DagBag from /home/chrisfleig/.local/lib/python3.10/site-packages/airflow/example_dags/example_short_circuit_decorator.py
[2023-01-07T01:33:24.433+0100] {processor.py:753} INFO - DAG(s) dict_keys(['example_short_circuit_decorator']) retrieved from /home/chrisfleig/.local/lib/python3.10/site-packages/airflow/example_dags/example_short_circuit_decorator.py
[2023-01-07T01:33:24.455+0100] {logging_mixin.py:137} INFO - [2023-01-07T01:33:24.454+0100] {dag.py:2676} INFO - Sync 1 DAGs
[2023-01-07T01:33:24.561+0100] {logging_mixin.py:137} INFO - [2023-01-07T01:33:24.561+0100] {dag.py:3423} INFO - Setting next_dagrun for example_short_circuit_decorator to 2023-01-06T00:33:24.561246+00:00, run_after=2023-01-07T00:33:24.561246+00:00
[2023-01-07T01:33:24.599+0100] {processor.py:175} INFO - Processing /home/chrisfleig/.local/lib/python3.10/site-packages/airflow/example_dags/example_short_circuit_decorator.py took 0.196 seconds
[2023-01-07T01:34:50.888+0100] {processor.py:153} INFO - Started process (PID=12956) to work on /home/chrisfleig/.local/lib/python3.10/site-packages/airflow/example_dags/example_short_circuit_decorator.py
[2023-01-07T01:34:50.890+0100] {processor.py:743} INFO - Processing file /home/chrisfleig/.local/lib/python3.10/site-packages/airflow/example_dags/example_short_circuit_decorator.py for tasks to queue
[2023-01-07T01:34:50.890+0100] {logging_mixin.py:137} INFO - [2023-01-07T01:34:50.890+0100] {dagbag.py:538} INFO - Filling up the DagBag from /home/chrisfleig/.local/lib/python3.10/site-packages/airflow/example_dags/example_short_circuit_decorator.py
[2023-01-07T01:34:50.922+0100] {processor.py:753} INFO - DAG(s) dict_keys(['example_short_circuit_decorator']) retrieved from /home/chrisfleig/.local/lib/python3.10/site-packages/airflow/example_dags/example_short_circuit_decorator.py
[2023-01-07T01:34:51.054+0100] {logging_mixin.py:137} INFO - [2023-01-07T01:34:51.054+0100] {dag.py:2676} INFO - Sync 1 DAGs
[2023-01-07T01:34:51.073+0100] {logging_mixin.py:137} INFO - [2023-01-07T01:34:51.072+0100] {dag.py:3423} INFO - Setting next_dagrun for example_short_circuit_decorator to 2023-01-06T00:34:51.072689+00:00, run_after=2023-01-07T00:34:51.072689+00:00
[2023-01-07T01:34:51.114+0100] {processor.py:175} INFO - Processing /home/chrisfleig/.local/lib/python3.10/site-packages/airflow/example_dags/example_short_circuit_decorator.py took 0.228 seconds
[2023-01-07T01:35:41.245+0100] {processor.py:153} INFO - Started process (PID=13002) to work on /home/chrisfleig/.local/lib/python3.10/site-packages/airflow/example_dags/example_short_circuit_decorator.py
[2023-01-07T01:35:41.246+0100] {processor.py:743} INFO - Processing file /home/chrisfleig/.local/lib/python3.10/site-packages/airflow/example_dags/example_short_circuit_decorator.py for tasks to queue
[2023-01-07T01:35:41.247+0100] {logging_mixin.py:137} INFO - [2023-01-07T01:35:41.247+0100] {dagbag.py:538} INFO - Filling up the DagBag from /home/chrisfleig/.local/lib/python3.10/site-packages/airflow/example_dags/example_short_circuit_decorator.py
[2023-01-07T01:35:41.298+0100] {processor.py:753} INFO - DAG(s) dict_keys(['example_short_circuit_decorator']) retrieved from /home/chrisfleig/.local/lib/python3.10/site-packages/airflow/example_dags/example_short_circuit_decorator.py
[2023-01-07T01:35:41.335+0100] {logging_mixin.py:137} INFO - [2023-01-07T01:35:41.335+0100] {dag.py:2676} INFO - Sync 1 DAGs
[2023-01-07T01:35:41.355+0100] {logging_mixin.py:137} INFO - [2023-01-07T01:35:41.354+0100] {dag.py:3423} INFO - Setting next_dagrun for example_short_circuit_decorator to 2023-01-06T00:35:41.354175+00:00, run_after=2023-01-07T00:35:41.354175+00:00
[2023-01-07T01:35:41.430+0100] {processor.py:175} INFO - Processing /home/chrisfleig/.local/lib/python3.10/site-packages/airflow/example_dags/example_short_circuit_decorator.py took 0.189 seconds
[2023-01-07T01:36:44.181+0100] {processor.py:153} INFO - Started process (PID=13062) to work on /home/chrisfleig/.local/lib/python3.10/site-packages/airflow/example_dags/example_short_circuit_decorator.py
[2023-01-07T01:36:44.183+0100] {processor.py:743} INFO - Processing file /home/chrisfleig/.local/lib/python3.10/site-packages/airflow/example_dags/example_short_circuit_decorator.py for tasks to queue
[2023-01-07T01:36:44.184+0100] {logging_mixin.py:137} INFO - [2023-01-07T01:36:44.184+0100] {dagbag.py:538} INFO - Filling up the DagBag from /home/chrisfleig/.local/lib/python3.10/site-packages/airflow/example_dags/example_short_circuit_decorator.py
[2023-01-07T01:36:44.207+0100] {processor.py:753} INFO - DAG(s) dict_keys(['example_short_circuit_decorator']) retrieved from /home/chrisfleig/.local/lib/python3.10/site-packages/airflow/example_dags/example_short_circuit_decorator.py
[2023-01-07T01:36:44.227+0100] {logging_mixin.py:137} INFO - [2023-01-07T01:36:44.227+0100] {dag.py:2676} INFO - Sync 1 DAGs
[2023-01-07T01:36:44.243+0100] {logging_mixin.py:137} INFO - [2023-01-07T01:36:44.243+0100] {dag.py:3423} INFO - Setting next_dagrun for example_short_circuit_decorator to 2023-01-06T00:36:44.242936+00:00, run_after=2023-01-07T00:36:44.242936+00:00
[2023-01-07T01:36:44.278+0100] {processor.py:175} INFO - Processing /home/chrisfleig/.local/lib/python3.10/site-packages/airflow/example_dags/example_short_circuit_decorator.py took 0.101 seconds
[2023-01-07T01:37:41.482+0100] {processor.py:153} INFO - Started process (PID=13114) to work on /home/chrisfleig/.local/lib/python3.10/site-packages/airflow/example_dags/example_short_circuit_decorator.py
[2023-01-07T01:37:41.483+0100] {processor.py:743} INFO - Processing file /home/chrisfleig/.local/lib/python3.10/site-packages/airflow/example_dags/example_short_circuit_decorator.py for tasks to queue
[2023-01-07T01:37:41.484+0100] {logging_mixin.py:137} INFO - [2023-01-07T01:37:41.483+0100] {dagbag.py:538} INFO - Filling up the DagBag from /home/chrisfleig/.local/lib/python3.10/site-packages/airflow/example_dags/example_short_circuit_decorator.py
[2023-01-07T01:37:41.505+0100] {processor.py:753} INFO - DAG(s) dict_keys(['example_short_circuit_decorator']) retrieved from /home/chrisfleig/.local/lib/python3.10/site-packages/airflow/example_dags/example_short_circuit_decorator.py
[2023-01-07T01:37:41.526+0100] {logging_mixin.py:137} INFO - [2023-01-07T01:37:41.525+0100] {dag.py:2676} INFO - Sync 1 DAGs
[2023-01-07T01:37:41.543+0100] {logging_mixin.py:137} INFO - [2023-01-07T01:37:41.543+0100] {dag.py:3423} INFO - Setting next_dagrun for example_short_circuit_decorator to 2023-01-06T00:37:41.543423+00:00, run_after=2023-01-07T00:37:41.543423+00:00
[2023-01-07T01:37:41.674+0100] {processor.py:175} INFO - Processing /home/chrisfleig/.local/lib/python3.10/site-packages/airflow/example_dags/example_short_circuit_decorator.py took 0.194 seconds
[2023-01-07T01:38:43.222+0100] {processor.py:153} INFO - Started process (PID=13172) to work on /home/chrisfleig/.local/lib/python3.10/site-packages/airflow/example_dags/example_short_circuit_decorator.py
[2023-01-07T01:38:43.223+0100] {processor.py:743} INFO - Processing file /home/chrisfleig/.local/lib/python3.10/site-packages/airflow/example_dags/example_short_circuit_decorator.py for tasks to queue
[2023-01-07T01:38:43.223+0100] {logging_mixin.py:137} INFO - [2023-01-07T01:38:43.223+0100] {dagbag.py:538} INFO - Filling up the DagBag from /home/chrisfleig/.local/lib/python3.10/site-packages/airflow/example_dags/example_short_circuit_decorator.py
[2023-01-07T01:38:43.246+0100] {processor.py:753} INFO - DAG(s) dict_keys(['example_short_circuit_decorator']) retrieved from /home/chrisfleig/.local/lib/python3.10/site-packages/airflow/example_dags/example_short_circuit_decorator.py
[2023-01-07T01:38:43.290+0100] {logging_mixin.py:137} INFO - [2023-01-07T01:38:43.290+0100] {dag.py:2676} INFO - Sync 1 DAGs
[2023-01-07T01:38:43.395+0100] {logging_mixin.py:137} INFO - [2023-01-07T01:38:43.395+0100] {dag.py:3423} INFO - Setting next_dagrun for example_short_circuit_decorator to 2023-01-06T00:38:43.394981+00:00, run_after=2023-01-07T00:38:43.394981+00:00
[2023-01-07T01:38:43.432+0100] {processor.py:175} INFO - Processing /home/chrisfleig/.local/lib/python3.10/site-packages/airflow/example_dags/example_short_circuit_decorator.py took 0.213 seconds
[2023-01-07T01:39:51.167+0100] {processor.py:153} INFO - Started process (PID=13230) to work on /home/chrisfleig/.local/lib/python3.10/site-packages/airflow/example_dags/example_short_circuit_decorator.py
[2023-01-07T01:39:51.170+0100] {processor.py:743} INFO - Processing file /home/chrisfleig/.local/lib/python3.10/site-packages/airflow/example_dags/example_short_circuit_decorator.py for tasks to queue
[2023-01-07T01:39:51.173+0100] {logging_mixin.py:137} INFO - [2023-01-07T01:39:51.172+0100] {dagbag.py:538} INFO - Filling up the DagBag from /home/chrisfleig/.local/lib/python3.10/site-packages/airflow/example_dags/example_short_circuit_decorator.py
[2023-01-07T01:39:51.216+0100] {processor.py:753} INFO - DAG(s) dict_keys(['example_short_circuit_decorator']) retrieved from /home/chrisfleig/.local/lib/python3.10/site-packages/airflow/example_dags/example_short_circuit_decorator.py
[2023-01-07T01:39:51.400+0100] {logging_mixin.py:137} INFO - [2023-01-07T01:39:51.399+0100] {dag.py:2676} INFO - Sync 1 DAGs
[2023-01-07T01:39:51.430+0100] {logging_mixin.py:137} INFO - [2023-01-07T01:39:51.430+0100] {dag.py:3423} INFO - Setting next_dagrun for example_short_circuit_decorator to 2023-01-06T00:39:51.430089+00:00, run_after=2023-01-07T00:39:51.430089+00:00
[2023-01-07T01:39:51.518+0100] {processor.py:175} INFO - Processing /home/chrisfleig/.local/lib/python3.10/site-packages/airflow/example_dags/example_short_circuit_decorator.py took 0.354 seconds
[2023-01-07T01:41:02.641+0100] {processor.py:153} INFO - Started process (PID=13294) to work on /home/chrisfleig/.local/lib/python3.10/site-packages/airflow/example_dags/example_short_circuit_decorator.py
[2023-01-07T01:41:02.653+0100] {processor.py:743} INFO - Processing file /home/chrisfleig/.local/lib/python3.10/site-packages/airflow/example_dags/example_short_circuit_decorator.py for tasks to queue
[2023-01-07T01:41:02.654+0100] {logging_mixin.py:137} INFO - [2023-01-07T01:41:02.653+0100] {dagbag.py:538} INFO - Filling up the DagBag from /home/chrisfleig/.local/lib/python3.10/site-packages/airflow/example_dags/example_short_circuit_decorator.py
[2023-01-07T01:41:02.744+0100] {processor.py:753} INFO - DAG(s) dict_keys(['example_short_circuit_decorator']) retrieved from /home/chrisfleig/.local/lib/python3.10/site-packages/airflow/example_dags/example_short_circuit_decorator.py
[2023-01-07T01:41:02.855+0100] {logging_mixin.py:137} INFO - [2023-01-07T01:41:02.854+0100] {dag.py:2676} INFO - Sync 1 DAGs
[2023-01-07T01:41:02.871+0100] {logging_mixin.py:137} INFO - [2023-01-07T01:41:02.871+0100] {dag.py:3423} INFO - Setting next_dagrun for example_short_circuit_decorator to 2023-01-06T00:41:02.871630+00:00, run_after=2023-01-07T00:41:02.871630+00:00
[2023-01-07T01:41:02.909+0100] {processor.py:175} INFO - Processing /home/chrisfleig/.local/lib/python3.10/site-packages/airflow/example_dags/example_short_circuit_decorator.py took 0.278 seconds
[2023-01-07T01:42:18.443+0100] {processor.py:153} INFO - Started process (PID=13358) to work on /home/chrisfleig/.local/lib/python3.10/site-packages/airflow/example_dags/example_short_circuit_decorator.py
[2023-01-07T01:42:18.446+0100] {processor.py:743} INFO - Processing file /home/chrisfleig/.local/lib/python3.10/site-packages/airflow/example_dags/example_short_circuit_decorator.py for tasks to queue
[2023-01-07T01:42:18.447+0100] {logging_mixin.py:137} INFO - [2023-01-07T01:42:18.447+0100] {dagbag.py:538} INFO - Filling up the DagBag from /home/chrisfleig/.local/lib/python3.10/site-packages/airflow/example_dags/example_short_circuit_decorator.py
[2023-01-07T01:42:18.486+0100] {processor.py:753} INFO - DAG(s) dict_keys(['example_short_circuit_decorator']) retrieved from /home/chrisfleig/.local/lib/python3.10/site-packages/airflow/example_dags/example_short_circuit_decorator.py
[2023-01-07T01:42:18.667+0100] {logging_mixin.py:137} INFO - [2023-01-07T01:42:18.666+0100] {dag.py:2676} INFO - Sync 1 DAGs
[2023-01-07T01:42:18.720+0100] {logging_mixin.py:137} INFO - [2023-01-07T01:42:18.719+0100] {dag.py:3423} INFO - Setting next_dagrun for example_short_circuit_decorator to 2023-01-06T00:42:18.719529+00:00, run_after=2023-01-07T00:42:18.719529+00:00
[2023-01-07T01:42:18.882+0100] {processor.py:175} INFO - Processing /home/chrisfleig/.local/lib/python3.10/site-packages/airflow/example_dags/example_short_circuit_decorator.py took 0.446 seconds
[2023-01-07T01:43:14.634+0100] {processor.py:153} INFO - Started process (PID=13406) to work on /home/chrisfleig/.local/lib/python3.10/site-packages/airflow/example_dags/example_short_circuit_decorator.py
[2023-01-07T01:43:14.635+0100] {processor.py:743} INFO - Processing file /home/chrisfleig/.local/lib/python3.10/site-packages/airflow/example_dags/example_short_circuit_decorator.py for tasks to queue
[2023-01-07T01:43:14.636+0100] {logging_mixin.py:137} INFO - [2023-01-07T01:43:14.636+0100] {dagbag.py:538} INFO - Filling up the DagBag from /home/chrisfleig/.local/lib/python3.10/site-packages/airflow/example_dags/example_short_circuit_decorator.py
[2023-01-07T01:43:14.659+0100] {processor.py:753} INFO - DAG(s) dict_keys(['example_short_circuit_decorator']) retrieved from /home/chrisfleig/.local/lib/python3.10/site-packages/airflow/example_dags/example_short_circuit_decorator.py
[2023-01-07T01:43:14.679+0100] {logging_mixin.py:137} INFO - [2023-01-07T01:43:14.679+0100] {dag.py:2676} INFO - Sync 1 DAGs
[2023-01-07T01:43:14.696+0100] {logging_mixin.py:137} INFO - [2023-01-07T01:43:14.696+0100] {dag.py:3423} INFO - Setting next_dagrun for example_short_circuit_decorator to 2023-01-06T00:43:14.695998+00:00, run_after=2023-01-07T00:43:14.695998+00:00
[2023-01-07T01:43:14.825+0100] {processor.py:175} INFO - Processing /home/chrisfleig/.local/lib/python3.10/site-packages/airflow/example_dags/example_short_circuit_decorator.py took 0.197 seconds
[2023-01-07T01:44:24.163+0100] {processor.py:153} INFO - Started process (PID=13468) to work on /home/chrisfleig/.local/lib/python3.10/site-packages/airflow/example_dags/example_short_circuit_decorator.py
[2023-01-07T01:44:24.165+0100] {processor.py:743} INFO - Processing file /home/chrisfleig/.local/lib/python3.10/site-packages/airflow/example_dags/example_short_circuit_decorator.py for tasks to queue
[2023-01-07T01:44:24.166+0100] {logging_mixin.py:137} INFO - [2023-01-07T01:44:24.165+0100] {dagbag.py:538} INFO - Filling up the DagBag from /home/chrisfleig/.local/lib/python3.10/site-packages/airflow/example_dags/example_short_circuit_decorator.py
[2023-01-07T01:44:24.189+0100] {processor.py:753} INFO - DAG(s) dict_keys(['example_short_circuit_decorator']) retrieved from /home/chrisfleig/.local/lib/python3.10/site-packages/airflow/example_dags/example_short_circuit_decorator.py
[2023-01-07T01:44:24.210+0100] {logging_mixin.py:137} INFO - [2023-01-07T01:44:24.209+0100] {dag.py:2676} INFO - Sync 1 DAGs
[2023-01-07T01:44:24.323+0100] {logging_mixin.py:137} INFO - [2023-01-07T01:44:24.323+0100] {dag.py:3423} INFO - Setting next_dagrun for example_short_circuit_decorator to 2023-01-06T00:44:24.323171+00:00, run_after=2023-01-07T00:44:24.323171+00:00
[2023-01-07T01:44:24.358+0100] {processor.py:175} INFO - Processing /home/chrisfleig/.local/lib/python3.10/site-packages/airflow/example_dags/example_short_circuit_decorator.py took 0.198 seconds
[2023-01-07T01:45:29.085+0100] {processor.py:153} INFO - Started process (PID=13524) to work on /home/chrisfleig/.local/lib/python3.10/site-packages/airflow/example_dags/example_short_circuit_decorator.py
[2023-01-07T01:45:29.086+0100] {processor.py:743} INFO - Processing file /home/chrisfleig/.local/lib/python3.10/site-packages/airflow/example_dags/example_short_circuit_decorator.py for tasks to queue
[2023-01-07T01:45:29.087+0100] {logging_mixin.py:137} INFO - [2023-01-07T01:45:29.086+0100] {dagbag.py:538} INFO - Filling up the DagBag from /home/chrisfleig/.local/lib/python3.10/site-packages/airflow/example_dags/example_short_circuit_decorator.py
[2023-01-07T01:45:29.107+0100] {processor.py:753} INFO - DAG(s) dict_keys(['example_short_circuit_decorator']) retrieved from /home/chrisfleig/.local/lib/python3.10/site-packages/airflow/example_dags/example_short_circuit_decorator.py
[2023-01-07T01:45:29.211+0100] {logging_mixin.py:137} INFO - [2023-01-07T01:45:29.211+0100] {dag.py:2676} INFO - Sync 1 DAGs
[2023-01-07T01:45:29.225+0100] {logging_mixin.py:137} INFO - [2023-01-07T01:45:29.225+0100] {dag.py:3423} INFO - Setting next_dagrun for example_short_circuit_decorator to 2023-01-06T00:45:29.224957+00:00, run_after=2023-01-07T00:45:29.224957+00:00
[2023-01-07T01:45:29.264+0100] {processor.py:175} INFO - Processing /home/chrisfleig/.local/lib/python3.10/site-packages/airflow/example_dags/example_short_circuit_decorator.py took 0.182 seconds
[2023-01-07T01:46:37.192+0100] {processor.py:153} INFO - Started process (PID=13587) to work on /home/chrisfleig/.local/lib/python3.10/site-packages/airflow/example_dags/example_short_circuit_decorator.py
[2023-01-07T01:46:37.193+0100] {processor.py:743} INFO - Processing file /home/chrisfleig/.local/lib/python3.10/site-packages/airflow/example_dags/example_short_circuit_decorator.py for tasks to queue
[2023-01-07T01:46:37.194+0100] {logging_mixin.py:137} INFO - [2023-01-07T01:46:37.194+0100] {dagbag.py:538} INFO - Filling up the DagBag from /home/chrisfleig/.local/lib/python3.10/site-packages/airflow/example_dags/example_short_circuit_decorator.py
[2023-01-07T01:46:37.218+0100] {processor.py:753} INFO - DAG(s) dict_keys(['example_short_circuit_decorator']) retrieved from /home/chrisfleig/.local/lib/python3.10/site-packages/airflow/example_dags/example_short_circuit_decorator.py
[2023-01-07T01:46:37.323+0100] {logging_mixin.py:137} INFO - [2023-01-07T01:46:37.323+0100] {dag.py:2676} INFO - Sync 1 DAGs
[2023-01-07T01:46:37.338+0100] {logging_mixin.py:137} INFO - [2023-01-07T01:46:37.338+0100] {dag.py:3423} INFO - Setting next_dagrun for example_short_circuit_decorator to 2023-01-06T00:46:37.338238+00:00, run_after=2023-01-07T00:46:37.338238+00:00
[2023-01-07T01:46:37.376+0100] {processor.py:175} INFO - Processing /home/chrisfleig/.local/lib/python3.10/site-packages/airflow/example_dags/example_short_circuit_decorator.py took 0.188 seconds
[2023-01-07T01:47:36.098+0100] {processor.py:153} INFO - Started process (PID=13641) to work on /home/chrisfleig/.local/lib/python3.10/site-packages/airflow/example_dags/example_short_circuit_decorator.py
[2023-01-07T01:47:36.100+0100] {processor.py:743} INFO - Processing file /home/chrisfleig/.local/lib/python3.10/site-packages/airflow/example_dags/example_short_circuit_decorator.py for tasks to queue
[2023-01-07T01:47:36.101+0100] {logging_mixin.py:137} INFO - [2023-01-07T01:47:36.101+0100] {dagbag.py:538} INFO - Filling up the DagBag from /home/chrisfleig/.local/lib/python3.10/site-packages/airflow/example_dags/example_short_circuit_decorator.py
[2023-01-07T01:47:36.128+0100] {processor.py:753} INFO - DAG(s) dict_keys(['example_short_circuit_decorator']) retrieved from /home/chrisfleig/.local/lib/python3.10/site-packages/airflow/example_dags/example_short_circuit_decorator.py
[2023-01-07T01:47:36.149+0100] {logging_mixin.py:137} INFO - [2023-01-07T01:47:36.149+0100] {dag.py:2676} INFO - Sync 1 DAGs
[2023-01-07T01:47:36.167+0100] {logging_mixin.py:137} INFO - [2023-01-07T01:47:36.167+0100] {dag.py:3423} INFO - Setting next_dagrun for example_short_circuit_decorator to 2023-01-06T00:47:36.167341+00:00, run_after=2023-01-07T00:47:36.167341+00:00
[2023-01-07T01:47:36.222+0100] {processor.py:175} INFO - Processing /home/chrisfleig/.local/lib/python3.10/site-packages/airflow/example_dags/example_short_circuit_decorator.py took 0.128 seconds
[2023-01-07T01:48:36.644+0100] {processor.py:153} INFO - Started process (PID=13699) to work on /home/chrisfleig/.local/lib/python3.10/site-packages/airflow/example_dags/example_short_circuit_decorator.py
[2023-01-07T01:48:36.645+0100] {processor.py:743} INFO - Processing file /home/chrisfleig/.local/lib/python3.10/site-packages/airflow/example_dags/example_short_circuit_decorator.py for tasks to queue
[2023-01-07T01:48:36.647+0100] {logging_mixin.py:137} INFO - [2023-01-07T01:48:36.646+0100] {dagbag.py:538} INFO - Filling up the DagBag from /home/chrisfleig/.local/lib/python3.10/site-packages/airflow/example_dags/example_short_circuit_decorator.py
[2023-01-07T01:48:36.672+0100] {processor.py:753} INFO - DAG(s) dict_keys(['example_short_circuit_decorator']) retrieved from /home/chrisfleig/.local/lib/python3.10/site-packages/airflow/example_dags/example_short_circuit_decorator.py
[2023-01-07T01:48:36.695+0100] {logging_mixin.py:137} INFO - [2023-01-07T01:48:36.695+0100] {dag.py:2676} INFO - Sync 1 DAGs
[2023-01-07T01:48:36.802+0100] {logging_mixin.py:137} INFO - [2023-01-07T01:48:36.802+0100] {dag.py:3423} INFO - Setting next_dagrun for example_short_circuit_decorator to 2023-01-06T00:48:36.802443+00:00, run_after=2023-01-07T00:48:36.802443+00:00
[2023-01-07T01:48:36.840+0100] {processor.py:175} INFO - Processing /home/chrisfleig/.local/lib/python3.10/site-packages/airflow/example_dags/example_short_circuit_decorator.py took 0.199 seconds
[2023-01-07T01:50:00.277+0100] {processor.py:153} INFO - Started process (PID=13765) to work on /home/chrisfleig/.local/lib/python3.10/site-packages/airflow/example_dags/example_short_circuit_decorator.py
[2023-01-07T01:50:00.279+0100] {processor.py:743} INFO - Processing file /home/chrisfleig/.local/lib/python3.10/site-packages/airflow/example_dags/example_short_circuit_decorator.py for tasks to queue
[2023-01-07T01:50:00.279+0100] {logging_mixin.py:137} INFO - [2023-01-07T01:50:00.279+0100] {dagbag.py:538} INFO - Filling up the DagBag from /home/chrisfleig/.local/lib/python3.10/site-packages/airflow/example_dags/example_short_circuit_decorator.py
[2023-01-07T01:50:00.304+0100] {processor.py:753} INFO - DAG(s) dict_keys(['example_short_circuit_decorator']) retrieved from /home/chrisfleig/.local/lib/python3.10/site-packages/airflow/example_dags/example_short_circuit_decorator.py
[2023-01-07T01:50:00.326+0100] {logging_mixin.py:137} INFO - [2023-01-07T01:50:00.325+0100] {dag.py:2676} INFO - Sync 1 DAGs
[2023-01-07T01:50:00.437+0100] {logging_mixin.py:137} INFO - [2023-01-07T01:50:00.436+0100] {dag.py:3423} INFO - Setting next_dagrun for example_short_circuit_decorator to 2023-01-06T00:50:00.436664+00:00, run_after=2023-01-07T00:50:00.436664+00:00
[2023-01-07T01:50:00.472+0100] {processor.py:175} INFO - Processing /home/chrisfleig/.local/lib/python3.10/site-packages/airflow/example_dags/example_short_circuit_decorator.py took 0.199 seconds
[2023-01-07T01:51:21.508+0100] {processor.py:153} INFO - Started process (PID=13835) to work on /home/chrisfleig/.local/lib/python3.10/site-packages/airflow/example_dags/example_short_circuit_decorator.py
[2023-01-07T01:51:21.509+0100] {processor.py:743} INFO - Processing file /home/chrisfleig/.local/lib/python3.10/site-packages/airflow/example_dags/example_short_circuit_decorator.py for tasks to queue
[2023-01-07T01:51:21.510+0100] {logging_mixin.py:137} INFO - [2023-01-07T01:51:21.510+0100] {dagbag.py:538} INFO - Filling up the DagBag from /home/chrisfleig/.local/lib/python3.10/site-packages/airflow/example_dags/example_short_circuit_decorator.py
[2023-01-07T01:51:21.534+0100] {processor.py:753} INFO - DAG(s) dict_keys(['example_short_circuit_decorator']) retrieved from /home/chrisfleig/.local/lib/python3.10/site-packages/airflow/example_dags/example_short_circuit_decorator.py
[2023-01-07T01:51:21.724+0100] {logging_mixin.py:137} INFO - [2023-01-07T01:51:21.723+0100] {dag.py:2676} INFO - Sync 1 DAGs
[2023-01-07T01:51:21.743+0100] {logging_mixin.py:137} INFO - [2023-01-07T01:51:21.742+0100] {dag.py:3423} INFO - Setting next_dagrun for example_short_circuit_decorator to 2023-01-06T00:51:21.742693+00:00, run_after=2023-01-07T00:51:21.742693+00:00
[2023-01-07T01:51:21.792+0100] {processor.py:175} INFO - Processing /home/chrisfleig/.local/lib/python3.10/site-packages/airflow/example_dags/example_short_circuit_decorator.py took 0.286 seconds
[2023-01-07T01:52:19.259+0100] {processor.py:153} INFO - Started process (PID=13884) to work on /home/chrisfleig/.local/lib/python3.10/site-packages/airflow/example_dags/example_short_circuit_decorator.py
[2023-01-07T01:52:19.260+0100] {processor.py:743} INFO - Processing file /home/chrisfleig/.local/lib/python3.10/site-packages/airflow/example_dags/example_short_circuit_decorator.py for tasks to queue
[2023-01-07T01:52:19.261+0100] {logging_mixin.py:137} INFO - [2023-01-07T01:52:19.261+0100] {dagbag.py:538} INFO - Filling up the DagBag from /home/chrisfleig/.local/lib/python3.10/site-packages/airflow/example_dags/example_short_circuit_decorator.py
[2023-01-07T01:52:19.288+0100] {processor.py:753} INFO - DAG(s) dict_keys(['example_short_circuit_decorator']) retrieved from /home/chrisfleig/.local/lib/python3.10/site-packages/airflow/example_dags/example_short_circuit_decorator.py
[2023-01-07T01:52:19.403+0100] {logging_mixin.py:137} INFO - [2023-01-07T01:52:19.403+0100] {dag.py:2676} INFO - Sync 1 DAGs
[2023-01-07T01:52:19.418+0100] {logging_mixin.py:137} INFO - [2023-01-07T01:52:19.418+0100] {dag.py:3423} INFO - Setting next_dagrun for example_short_circuit_decorator to 2023-01-06T00:52:19.418349+00:00, run_after=2023-01-07T00:52:19.418349+00:00
[2023-01-07T01:52:19.496+0100] {processor.py:175} INFO - Processing /home/chrisfleig/.local/lib/python3.10/site-packages/airflow/example_dags/example_short_circuit_decorator.py took 0.240 seconds
[2023-01-07T01:53:19.415+0100] {processor.py:153} INFO - Started process (PID=13941) to work on /home/chrisfleig/.local/lib/python3.10/site-packages/airflow/example_dags/example_short_circuit_decorator.py
[2023-01-07T01:53:19.416+0100] {processor.py:743} INFO - Processing file /home/chrisfleig/.local/lib/python3.10/site-packages/airflow/example_dags/example_short_circuit_decorator.py for tasks to queue
[2023-01-07T01:53:19.417+0100] {logging_mixin.py:137} INFO - [2023-01-07T01:53:19.416+0100] {dagbag.py:538} INFO - Filling up the DagBag from /home/chrisfleig/.local/lib/python3.10/site-packages/airflow/example_dags/example_short_circuit_decorator.py
[2023-01-07T01:53:19.462+0100] {processor.py:753} INFO - DAG(s) dict_keys(['example_short_circuit_decorator']) retrieved from /home/chrisfleig/.local/lib/python3.10/site-packages/airflow/example_dags/example_short_circuit_decorator.py
[2023-01-07T01:53:19.502+0100] {logging_mixin.py:137} INFO - [2023-01-07T01:53:19.502+0100] {dag.py:2676} INFO - Sync 1 DAGs
[2023-01-07T01:53:19.524+0100] {logging_mixin.py:137} INFO - [2023-01-07T01:53:19.524+0100] {dag.py:3423} INFO - Setting next_dagrun for example_short_circuit_decorator to 2023-01-06T00:53:19.524392+00:00, run_after=2023-01-07T00:53:19.524392+00:00
[2023-01-07T01:53:19.594+0100] {processor.py:175} INFO - Processing /home/chrisfleig/.local/lib/python3.10/site-packages/airflow/example_dags/example_short_circuit_decorator.py took 0.182 seconds
[2023-01-07T01:54:19.929+0100] {processor.py:153} INFO - Started process (PID=13999) to work on /home/chrisfleig/.local/lib/python3.10/site-packages/airflow/example_dags/example_short_circuit_decorator.py
[2023-01-07T01:54:19.930+0100] {processor.py:743} INFO - Processing file /home/chrisfleig/.local/lib/python3.10/site-packages/airflow/example_dags/example_short_circuit_decorator.py for tasks to queue
[2023-01-07T01:54:19.931+0100] {logging_mixin.py:137} INFO - [2023-01-07T01:54:19.931+0100] {dagbag.py:538} INFO - Filling up the DagBag from /home/chrisfleig/.local/lib/python3.10/site-packages/airflow/example_dags/example_short_circuit_decorator.py
[2023-01-07T01:54:19.953+0100] {processor.py:753} INFO - DAG(s) dict_keys(['example_short_circuit_decorator']) retrieved from /home/chrisfleig/.local/lib/python3.10/site-packages/airflow/example_dags/example_short_circuit_decorator.py
[2023-01-07T01:54:19.978+0100] {logging_mixin.py:137} INFO - [2023-01-07T01:54:19.977+0100] {dag.py:2676} INFO - Sync 1 DAGs
[2023-01-07T01:54:20.083+0100] {logging_mixin.py:137} INFO - [2023-01-07T01:54:20.083+0100] {dag.py:3423} INFO - Setting next_dagrun for example_short_circuit_decorator to 2023-01-06T00:54:20.083446+00:00, run_after=2023-01-07T00:54:20.083446+00:00
[2023-01-07T01:54:20.127+0100] {processor.py:175} INFO - Processing /home/chrisfleig/.local/lib/python3.10/site-packages/airflow/example_dags/example_short_circuit_decorator.py took 0.202 seconds
[2023-01-07T01:55:23.636+0100] {processor.py:153} INFO - Started process (PID=14056) to work on /home/chrisfleig/.local/lib/python3.10/site-packages/airflow/example_dags/example_short_circuit_decorator.py
[2023-01-07T01:55:23.639+0100] {processor.py:743} INFO - Processing file /home/chrisfleig/.local/lib/python3.10/site-packages/airflow/example_dags/example_short_circuit_decorator.py for tasks to queue
[2023-01-07T01:55:23.641+0100] {logging_mixin.py:137} INFO - [2023-01-07T01:55:23.640+0100] {dagbag.py:538} INFO - Filling up the DagBag from /home/chrisfleig/.local/lib/python3.10/site-packages/airflow/example_dags/example_short_circuit_decorator.py
[2023-01-07T01:55:23.670+0100] {processor.py:753} INFO - DAG(s) dict_keys(['example_short_circuit_decorator']) retrieved from /home/chrisfleig/.local/lib/python3.10/site-packages/airflow/example_dags/example_short_circuit_decorator.py
[2023-01-07T01:55:23.691+0100] {logging_mixin.py:137} INFO - [2023-01-07T01:55:23.691+0100] {dag.py:2676} INFO - Sync 1 DAGs
[2023-01-07T01:55:23.794+0100] {logging_mixin.py:137} INFO - [2023-01-07T01:55:23.794+0100] {dag.py:3423} INFO - Setting next_dagrun for example_short_circuit_decorator to 2023-01-06T00:55:23.794472+00:00, run_after=2023-01-07T00:55:23.794472+00:00
[2023-01-07T01:55:23.835+0100] {processor.py:175} INFO - Processing /home/chrisfleig/.local/lib/python3.10/site-packages/airflow/example_dags/example_short_circuit_decorator.py took 0.204 seconds
[2023-01-07T01:56:27.638+0100] {processor.py:153} INFO - Started process (PID=14118) to work on /home/chrisfleig/.local/lib/python3.10/site-packages/airflow/example_dags/example_short_circuit_decorator.py
[2023-01-07T01:56:27.640+0100] {processor.py:743} INFO - Processing file /home/chrisfleig/.local/lib/python3.10/site-packages/airflow/example_dags/example_short_circuit_decorator.py for tasks to queue
[2023-01-07T01:56:27.641+0100] {logging_mixin.py:137} INFO - [2023-01-07T01:56:27.641+0100] {dagbag.py:538} INFO - Filling up the DagBag from /home/chrisfleig/.local/lib/python3.10/site-packages/airflow/example_dags/example_short_circuit_decorator.py
[2023-01-07T01:56:27.664+0100] {processor.py:753} INFO - DAG(s) dict_keys(['example_short_circuit_decorator']) retrieved from /home/chrisfleig/.local/lib/python3.10/site-packages/airflow/example_dags/example_short_circuit_decorator.py
[2023-01-07T01:56:27.823+0100] {logging_mixin.py:137} INFO - [2023-01-07T01:56:27.822+0100] {dag.py:2676} INFO - Sync 1 DAGs
[2023-01-07T01:56:27.851+0100] {logging_mixin.py:137} INFO - [2023-01-07T01:56:27.851+0100] {dag.py:3423} INFO - Setting next_dagrun for example_short_circuit_decorator to 2023-01-06T00:56:27.851471+00:00, run_after=2023-01-07T00:56:27.851471+00:00
[2023-01-07T01:56:27.894+0100] {processor.py:175} INFO - Processing /home/chrisfleig/.local/lib/python3.10/site-packages/airflow/example_dags/example_short_circuit_decorator.py took 0.260 seconds
[2023-01-07T01:58:32.650+0100] {processor.py:153} INFO - Started process (PID=14220) to work on /home/chrisfleig/.local/lib/python3.10/site-packages/airflow/example_dags/example_short_circuit_decorator.py
[2023-01-07T01:58:32.678+0100] {processor.py:743} INFO - Processing file /home/chrisfleig/.local/lib/python3.10/site-packages/airflow/example_dags/example_short_circuit_decorator.py for tasks to queue
[2023-01-07T01:58:32.679+0100] {logging_mixin.py:137} INFO - [2023-01-07T01:58:32.679+0100] {dagbag.py:538} INFO - Filling up the DagBag from /home/chrisfleig/.local/lib/python3.10/site-packages/airflow/example_dags/example_short_circuit_decorator.py
[2023-01-07T01:58:33.028+0100] {processor.py:753} INFO - DAG(s) dict_keys(['example_short_circuit_decorator']) retrieved from /home/chrisfleig/.local/lib/python3.10/site-packages/airflow/example_dags/example_short_circuit_decorator.py
[2023-01-07T01:58:33.153+0100] {logging_mixin.py:137} INFO - [2023-01-07T01:58:33.152+0100] {dag.py:2676} INFO - Sync 1 DAGs
[2023-01-07T01:58:33.253+0100] {logging_mixin.py:137} INFO - [2023-01-07T01:58:33.252+0100] {dag.py:3423} INFO - Setting next_dagrun for example_short_circuit_decorator to 2023-01-06T00:58:33.252499+00:00, run_after=2023-01-07T00:58:33.252499+00:00
[2023-01-07T01:58:33.469+0100] {processor.py:175} INFO - Processing /home/chrisfleig/.local/lib/python3.10/site-packages/airflow/example_dags/example_short_circuit_decorator.py took 0.823 seconds
[2023-01-07T01:59:40.937+0100] {processor.py:153} INFO - Started process (PID=14283) to work on /home/chrisfleig/.local/lib/python3.10/site-packages/airflow/example_dags/example_short_circuit_decorator.py
[2023-01-07T01:59:40.938+0100] {processor.py:743} INFO - Processing file /home/chrisfleig/.local/lib/python3.10/site-packages/airflow/example_dags/example_short_circuit_decorator.py for tasks to queue
[2023-01-07T01:59:40.939+0100] {logging_mixin.py:137} INFO - [2023-01-07T01:59:40.939+0100] {dagbag.py:538} INFO - Filling up the DagBag from /home/chrisfleig/.local/lib/python3.10/site-packages/airflow/example_dags/example_short_circuit_decorator.py
[2023-01-07T01:59:40.960+0100] {processor.py:753} INFO - DAG(s) dict_keys(['example_short_circuit_decorator']) retrieved from /home/chrisfleig/.local/lib/python3.10/site-packages/airflow/example_dags/example_short_circuit_decorator.py
[2023-01-07T01:59:40.986+0100] {logging_mixin.py:137} INFO - [2023-01-07T01:59:40.986+0100] {dag.py:2676} INFO - Sync 1 DAGs
[2023-01-07T01:59:41.005+0100] {logging_mixin.py:137} INFO - [2023-01-07T01:59:41.004+0100] {dag.py:3423} INFO - Setting next_dagrun for example_short_circuit_decorator to 2023-01-06T00:59:41.004766+00:00, run_after=2023-01-07T00:59:41.004766+00:00
[2023-01-07T01:59:41.129+0100] {processor.py:175} INFO - Processing /home/chrisfleig/.local/lib/python3.10/site-packages/airflow/example_dags/example_short_circuit_decorator.py took 0.195 seconds
[2023-01-07T02:00:53.283+0100] {processor.py:153} INFO - Started process (PID=14352) to work on /home/chrisfleig/.local/lib/python3.10/site-packages/airflow/example_dags/example_short_circuit_decorator.py
[2023-01-07T02:00:53.284+0100] {processor.py:743} INFO - Processing file /home/chrisfleig/.local/lib/python3.10/site-packages/airflow/example_dags/example_short_circuit_decorator.py for tasks to queue
[2023-01-07T02:00:53.284+0100] {logging_mixin.py:137} INFO - [2023-01-07T02:00:53.284+0100] {dagbag.py:538} INFO - Filling up the DagBag from /home/chrisfleig/.local/lib/python3.10/site-packages/airflow/example_dags/example_short_circuit_decorator.py
[2023-01-07T02:00:53.307+0100] {processor.py:753} INFO - DAG(s) dict_keys(['example_short_circuit_decorator']) retrieved from /home/chrisfleig/.local/lib/python3.10/site-packages/airflow/example_dags/example_short_circuit_decorator.py
[2023-01-07T02:00:53.329+0100] {logging_mixin.py:137} INFO - [2023-01-07T02:00:53.329+0100] {dag.py:2676} INFO - Sync 1 DAGs
[2023-01-07T02:00:53.436+0100] {logging_mixin.py:137} INFO - [2023-01-07T02:00:53.436+0100] {dag.py:3423} INFO - Setting next_dagrun for example_short_circuit_decorator to 2023-01-06T01:00:53.436424+00:00, run_after=2023-01-07T01:00:53.436424+00:00
[2023-01-07T02:00:53.472+0100] {processor.py:175} INFO - Processing /home/chrisfleig/.local/lib/python3.10/site-packages/airflow/example_dags/example_short_circuit_decorator.py took 0.192 seconds
[2023-01-07T02:01:55.892+0100] {processor.py:153} INFO - Started process (PID=14409) to work on /home/chrisfleig/.local/lib/python3.10/site-packages/airflow/example_dags/example_short_circuit_decorator.py
[2023-01-07T02:01:55.893+0100] {processor.py:743} INFO - Processing file /home/chrisfleig/.local/lib/python3.10/site-packages/airflow/example_dags/example_short_circuit_decorator.py for tasks to queue
[2023-01-07T02:01:55.894+0100] {logging_mixin.py:137} INFO - [2023-01-07T02:01:55.894+0100] {dagbag.py:538} INFO - Filling up the DagBag from /home/chrisfleig/.local/lib/python3.10/site-packages/airflow/example_dags/example_short_circuit_decorator.py
[2023-01-07T02:01:55.916+0100] {processor.py:753} INFO - DAG(s) dict_keys(['example_short_circuit_decorator']) retrieved from /home/chrisfleig/.local/lib/python3.10/site-packages/airflow/example_dags/example_short_circuit_decorator.py
[2023-01-07T02:01:55.939+0100] {logging_mixin.py:137} INFO - [2023-01-07T02:01:55.939+0100] {dag.py:2676} INFO - Sync 1 DAGs
[2023-01-07T02:01:56.043+0100] {logging_mixin.py:137} INFO - [2023-01-07T02:01:56.043+0100] {dag.py:3423} INFO - Setting next_dagrun for example_short_circuit_decorator to 2023-01-06T01:01:56.043033+00:00, run_after=2023-01-07T01:01:56.043033+00:00
[2023-01-07T02:01:56.081+0100] {processor.py:175} INFO - Processing /home/chrisfleig/.local/lib/python3.10/site-packages/airflow/example_dags/example_short_circuit_decorator.py took 0.193 seconds
[2023-01-07T02:03:05.060+0100] {processor.py:153} INFO - Started process (PID=14469) to work on /home/chrisfleig/.local/lib/python3.10/site-packages/airflow/example_dags/example_short_circuit_decorator.py
[2023-01-07T02:03:05.061+0100] {processor.py:743} INFO - Processing file /home/chrisfleig/.local/lib/python3.10/site-packages/airflow/example_dags/example_short_circuit_decorator.py for tasks to queue
[2023-01-07T02:03:05.062+0100] {logging_mixin.py:137} INFO - [2023-01-07T02:03:05.062+0100] {dagbag.py:538} INFO - Filling up the DagBag from /home/chrisfleig/.local/lib/python3.10/site-packages/airflow/example_dags/example_short_circuit_decorator.py
[2023-01-07T02:03:05.090+0100] {processor.py:753} INFO - DAG(s) dict_keys(['example_short_circuit_decorator']) retrieved from /home/chrisfleig/.local/lib/python3.10/site-packages/airflow/example_dags/example_short_circuit_decorator.py
[2023-01-07T02:03:05.259+0100] {logging_mixin.py:137} INFO - [2023-01-07T02:03:05.259+0100] {dag.py:2676} INFO - Sync 1 DAGs
[2023-01-07T02:03:05.300+0100] {logging_mixin.py:137} INFO - [2023-01-07T02:03:05.300+0100] {dag.py:3423} INFO - Setting next_dagrun for example_short_circuit_decorator to 2023-01-06T01:03:05.300001+00:00, run_after=2023-01-07T01:03:05.300001+00:00
[2023-01-07T02:03:05.401+0100] {processor.py:175} INFO - Processing /home/chrisfleig/.local/lib/python3.10/site-packages/airflow/example_dags/example_short_circuit_decorator.py took 0.346 seconds
[2023-01-07T02:03:54.941+0100] {processor.py:153} INFO - Started process (PID=14515) to work on /home/chrisfleig/.local/lib/python3.10/site-packages/airflow/example_dags/example_short_circuit_decorator.py
[2023-01-07T02:03:54.943+0100] {processor.py:743} INFO - Processing file /home/chrisfleig/.local/lib/python3.10/site-packages/airflow/example_dags/example_short_circuit_decorator.py for tasks to queue
[2023-01-07T02:03:54.944+0100] {logging_mixin.py:137} INFO - [2023-01-07T02:03:54.943+0100] {dagbag.py:538} INFO - Filling up the DagBag from /home/chrisfleig/.local/lib/python3.10/site-packages/airflow/example_dags/example_short_circuit_decorator.py
[2023-01-07T02:03:55.057+0100] {processor.py:753} INFO - DAG(s) dict_keys(['example_short_circuit_decorator']) retrieved from /home/chrisfleig/.local/lib/python3.10/site-packages/airflow/example_dags/example_short_circuit_decorator.py
[2023-01-07T02:03:55.076+0100] {logging_mixin.py:137} INFO - [2023-01-07T02:03:55.076+0100] {dag.py:2676} INFO - Sync 1 DAGs
[2023-01-07T02:03:55.091+0100] {logging_mixin.py:137} INFO - [2023-01-07T02:03:55.091+0100] {dag.py:3423} INFO - Setting next_dagrun for example_short_circuit_decorator to 2023-01-06T01:03:55.091376+00:00, run_after=2023-01-07T01:03:55.091376+00:00
[2023-01-07T02:03:55.128+0100] {processor.py:175} INFO - Processing /home/chrisfleig/.local/lib/python3.10/site-packages/airflow/example_dags/example_short_circuit_decorator.py took 0.190 seconds
[2023-01-07T02:04:55.307+0100] {processor.py:153} INFO - Started process (PID=14572) to work on /home/chrisfleig/.local/lib/python3.10/site-packages/airflow/example_dags/example_short_circuit_decorator.py
[2023-01-07T02:04:55.308+0100] {processor.py:743} INFO - Processing file /home/chrisfleig/.local/lib/python3.10/site-packages/airflow/example_dags/example_short_circuit_decorator.py for tasks to queue
[2023-01-07T02:04:55.309+0100] {logging_mixin.py:137} INFO - [2023-01-07T02:04:55.309+0100] {dagbag.py:538} INFO - Filling up the DagBag from /home/chrisfleig/.local/lib/python3.10/site-packages/airflow/example_dags/example_short_circuit_decorator.py
[2023-01-07T02:04:55.333+0100] {processor.py:753} INFO - DAG(s) dict_keys(['example_short_circuit_decorator']) retrieved from /home/chrisfleig/.local/lib/python3.10/site-packages/airflow/example_dags/example_short_circuit_decorator.py
[2023-01-07T02:04:55.354+0100] {logging_mixin.py:137} INFO - [2023-01-07T02:04:55.354+0100] {dag.py:2676} INFO - Sync 1 DAGs
[2023-01-07T02:04:55.374+0100] {logging_mixin.py:137} INFO - [2023-01-07T02:04:55.374+0100] {dag.py:3423} INFO - Setting next_dagrun for example_short_circuit_decorator to 2023-01-06T01:04:55.374315+00:00, run_after=2023-01-07T01:04:55.374315+00:00
[2023-01-07T02:04:55.493+0100] {processor.py:175} INFO - Processing /home/chrisfleig/.local/lib/python3.10/site-packages/airflow/example_dags/example_short_circuit_decorator.py took 0.189 seconds
[2023-01-07T02:06:28.331+0100] {processor.py:153} INFO - Started process (PID=14651) to work on /home/chrisfleig/.local/lib/python3.10/site-packages/airflow/example_dags/example_short_circuit_decorator.py
[2023-01-07T02:06:28.333+0100] {processor.py:743} INFO - Processing file /home/chrisfleig/.local/lib/python3.10/site-packages/airflow/example_dags/example_short_circuit_decorator.py for tasks to queue
[2023-01-07T02:06:28.333+0100] {logging_mixin.py:137} INFO - [2023-01-07T02:06:28.333+0100] {dagbag.py:538} INFO - Filling up the DagBag from /home/chrisfleig/.local/lib/python3.10/site-packages/airflow/example_dags/example_short_circuit_decorator.py
[2023-01-07T02:06:28.359+0100] {processor.py:753} INFO - DAG(s) dict_keys(['example_short_circuit_decorator']) retrieved from /home/chrisfleig/.local/lib/python3.10/site-packages/airflow/example_dags/example_short_circuit_decorator.py
[2023-01-07T02:06:28.380+0100] {logging_mixin.py:137} INFO - [2023-01-07T02:06:28.380+0100] {dag.py:2676} INFO - Sync 1 DAGs
[2023-01-07T02:06:28.488+0100] {logging_mixin.py:137} INFO - [2023-01-07T02:06:28.488+0100] {dag.py:3423} INFO - Setting next_dagrun for example_short_circuit_decorator to 2023-01-06T01:06:28.488651+00:00, run_after=2023-01-07T01:06:28.488651+00:00
[2023-01-07T02:06:28.548+0100] {processor.py:175} INFO - Processing /home/chrisfleig/.local/lib/python3.10/site-packages/airflow/example_dags/example_short_circuit_decorator.py took 0.221 seconds
[2023-01-07T02:07:23.960+0100] {processor.py:153} INFO - Started process (PID=14697) to work on /home/chrisfleig/.local/lib/python3.10/site-packages/airflow/example_dags/example_short_circuit_decorator.py
[2023-01-07T02:07:23.961+0100] {processor.py:743} INFO - Processing file /home/chrisfleig/.local/lib/python3.10/site-packages/airflow/example_dags/example_short_circuit_decorator.py for tasks to queue
[2023-01-07T02:07:23.962+0100] {logging_mixin.py:137} INFO - [2023-01-07T02:07:23.962+0100] {dagbag.py:538} INFO - Filling up the DagBag from /home/chrisfleig/.local/lib/python3.10/site-packages/airflow/example_dags/example_short_circuit_decorator.py
[2023-01-07T02:07:23.991+0100] {processor.py:753} INFO - DAG(s) dict_keys(['example_short_circuit_decorator']) retrieved from /home/chrisfleig/.local/lib/python3.10/site-packages/airflow/example_dags/example_short_circuit_decorator.py
[2023-01-07T02:07:24.111+0100] {logging_mixin.py:137} INFO - [2023-01-07T02:07:24.111+0100] {dag.py:2676} INFO - Sync 1 DAGs
[2023-01-07T02:07:24.126+0100] {logging_mixin.py:137} INFO - [2023-01-07T02:07:24.126+0100] {dag.py:3423} INFO - Setting next_dagrun for example_short_circuit_decorator to 2023-01-06T01:07:24.126244+00:00, run_after=2023-01-07T01:07:24.126244+00:00
[2023-01-07T02:07:24.163+0100] {processor.py:175} INFO - Processing /home/chrisfleig/.local/lib/python3.10/site-packages/airflow/example_dags/example_short_circuit_decorator.py took 0.208 seconds
[2023-01-07T02:09:11.311+0100] {processor.py:153} INFO - Started process (PID=14786) to work on /home/chrisfleig/.local/lib/python3.10/site-packages/airflow/example_dags/example_short_circuit_decorator.py
[2023-01-07T02:09:11.312+0100] {processor.py:743} INFO - Processing file /home/chrisfleig/.local/lib/python3.10/site-packages/airflow/example_dags/example_short_circuit_decorator.py for tasks to queue
[2023-01-07T02:09:11.313+0100] {logging_mixin.py:137} INFO - [2023-01-07T02:09:11.313+0100] {dagbag.py:538} INFO - Filling up the DagBag from /home/chrisfleig/.local/lib/python3.10/site-packages/airflow/example_dags/example_short_circuit_decorator.py
[2023-01-07T02:09:11.338+0100] {processor.py:753} INFO - DAG(s) dict_keys(['example_short_circuit_decorator']) retrieved from /home/chrisfleig/.local/lib/python3.10/site-packages/airflow/example_dags/example_short_circuit_decorator.py
[2023-01-07T02:09:11.492+0100] {logging_mixin.py:137} INFO - [2023-01-07T02:09:11.492+0100] {dag.py:2676} INFO - Sync 1 DAGs
[2023-01-07T02:09:11.510+0100] {logging_mixin.py:137} INFO - [2023-01-07T02:09:11.510+0100] {dag.py:3423} INFO - Setting next_dagrun for example_short_circuit_decorator to 2023-01-06T01:09:11.510094+00:00, run_after=2023-01-07T01:09:11.510094+00:00
[2023-01-07T02:09:11.559+0100] {processor.py:175} INFO - Processing /home/chrisfleig/.local/lib/python3.10/site-packages/airflow/example_dags/example_short_circuit_decorator.py took 0.250 seconds
[2023-01-07T02:10:18.029+0100] {processor.py:153} INFO - Started process (PID=14847) to work on /home/chrisfleig/.local/lib/python3.10/site-packages/airflow/example_dags/example_short_circuit_decorator.py
[2023-01-07T02:10:18.030+0100] {processor.py:743} INFO - Processing file /home/chrisfleig/.local/lib/python3.10/site-packages/airflow/example_dags/example_short_circuit_decorator.py for tasks to queue
[2023-01-07T02:10:18.031+0100] {logging_mixin.py:137} INFO - [2023-01-07T02:10:18.030+0100] {dagbag.py:538} INFO - Filling up the DagBag from /home/chrisfleig/.local/lib/python3.10/site-packages/airflow/example_dags/example_short_circuit_decorator.py
[2023-01-07T02:10:18.141+0100] {processor.py:753} INFO - DAG(s) dict_keys(['example_short_circuit_decorator']) retrieved from /home/chrisfleig/.local/lib/python3.10/site-packages/airflow/example_dags/example_short_circuit_decorator.py
[2023-01-07T02:10:18.158+0100] {logging_mixin.py:137} INFO - [2023-01-07T02:10:18.158+0100] {dag.py:2676} INFO - Sync 1 DAGs
[2023-01-07T02:10:18.175+0100] {logging_mixin.py:137} INFO - [2023-01-07T02:10:18.175+0100] {dag.py:3423} INFO - Setting next_dagrun for example_short_circuit_decorator to 2023-01-06T01:10:18.175046+00:00, run_after=2023-01-07T01:10:18.175046+00:00
[2023-01-07T02:10:18.212+0100] {processor.py:175} INFO - Processing /home/chrisfleig/.local/lib/python3.10/site-packages/airflow/example_dags/example_short_circuit_decorator.py took 0.185 seconds
[2023-01-07T02:11:28.601+0100] {processor.py:153} INFO - Started process (PID=14910) to work on /home/chrisfleig/.local/lib/python3.10/site-packages/airflow/example_dags/example_short_circuit_decorator.py
[2023-01-07T02:11:28.602+0100] {processor.py:743} INFO - Processing file /home/chrisfleig/.local/lib/python3.10/site-packages/airflow/example_dags/example_short_circuit_decorator.py for tasks to queue
[2023-01-07T02:11:28.603+0100] {logging_mixin.py:137} INFO - [2023-01-07T02:11:28.603+0100] {dagbag.py:538} INFO - Filling up the DagBag from /home/chrisfleig/.local/lib/python3.10/site-packages/airflow/example_dags/example_short_circuit_decorator.py
[2023-01-07T02:11:28.637+0100] {processor.py:753} INFO - DAG(s) dict_keys(['example_short_circuit_decorator']) retrieved from /home/chrisfleig/.local/lib/python3.10/site-packages/airflow/example_dags/example_short_circuit_decorator.py
[2023-01-07T02:11:28.660+0100] {logging_mixin.py:137} INFO - [2023-01-07T02:11:28.660+0100] {dag.py:2676} INFO - Sync 1 DAGs
[2023-01-07T02:11:28.782+0100] {logging_mixin.py:137} INFO - [2023-01-07T02:11:28.782+0100] {dag.py:3423} INFO - Setting next_dagrun for example_short_circuit_decorator to 2023-01-06T01:11:28.782280+00:00, run_after=2023-01-07T01:11:28.782280+00:00
[2023-01-07T02:11:28.821+0100] {processor.py:175} INFO - Processing /home/chrisfleig/.local/lib/python3.10/site-packages/airflow/example_dags/example_short_circuit_decorator.py took 0.225 seconds
[2023-01-07T02:12:39.318+0100] {processor.py:153} INFO - Started process (PID=14971) to work on /home/chrisfleig/.local/lib/python3.10/site-packages/airflow/example_dags/example_short_circuit_decorator.py
[2023-01-07T02:12:39.320+0100] {processor.py:743} INFO - Processing file /home/chrisfleig/.local/lib/python3.10/site-packages/airflow/example_dags/example_short_circuit_decorator.py for tasks to queue
[2023-01-07T02:12:39.321+0100] {logging_mixin.py:137} INFO - [2023-01-07T02:12:39.320+0100] {dagbag.py:538} INFO - Filling up the DagBag from /home/chrisfleig/.local/lib/python3.10/site-packages/airflow/example_dags/example_short_circuit_decorator.py
[2023-01-07T02:12:39.344+0100] {processor.py:753} INFO - DAG(s) dict_keys(['example_short_circuit_decorator']) retrieved from /home/chrisfleig/.local/lib/python3.10/site-packages/airflow/example_dags/example_short_circuit_decorator.py
[2023-01-07T02:12:39.365+0100] {logging_mixin.py:137} INFO - [2023-01-07T02:12:39.364+0100] {dag.py:2676} INFO - Sync 1 DAGs
[2023-01-07T02:12:39.479+0100] {logging_mixin.py:137} INFO - [2023-01-07T02:12:39.479+0100] {dag.py:3423} INFO - Setting next_dagrun for example_short_circuit_decorator to 2023-01-06T01:12:39.479269+00:00, run_after=2023-01-07T01:12:39.479269+00:00
[2023-01-07T02:12:39.542+0100] {processor.py:175} INFO - Processing /home/chrisfleig/.local/lib/python3.10/site-packages/airflow/example_dags/example_short_circuit_decorator.py took 0.227 seconds
