[2023-01-07T01:00:16.371+0100] {processor.py:153} INFO - Started process (PID=10915) to work on /home/chrisfleig/.local/lib/python3.10/site-packages/airflow/example_dags/example_latest_only.py
[2023-01-07T01:00:16.372+0100] {processor.py:743} INFO - Processing file /home/chrisfleig/.local/lib/python3.10/site-packages/airflow/example_dags/example_latest_only.py for tasks to queue
[2023-01-07T01:00:16.373+0100] {logging_mixin.py:137} INFO - [2023-01-07T01:00:16.373+0100] {dagbag.py:538} INFO - Filling up the DagBag from /home/chrisfleig/.local/lib/python3.10/site-packages/airflow/example_dags/example_latest_only.py
[2023-01-07T01:00:16.386+0100] {processor.py:753} INFO - DAG(s) dict_keys(['latest_only']) retrieved from /home/chrisfleig/.local/lib/python3.10/site-packages/airflow/example_dags/example_latest_only.py
[2023-01-07T01:00:16.406+0100] {logging_mixin.py:137} INFO - [2023-01-07T01:00:16.406+0100] {dag.py:2676} INFO - Sync 1 DAGs
[2023-01-07T01:00:16.423+0100] {logging_mixin.py:137} INFO - [2023-01-07T01:00:16.423+0100] {dag.py:3423} INFO - Setting next_dagrun for latest_only to 2023-01-06T20:00:16.422922+00:00, run_after=2023-01-07T00:00:16.422922+00:00
[2023-01-07T01:00:16.464+0100] {processor.py:175} INFO - Processing /home/chrisfleig/.local/lib/python3.10/site-packages/airflow/example_dags/example_latest_only.py took 0.097 seconds
[2023-01-07T01:01:20.801+0100] {processor.py:153} INFO - Started process (PID=10978) to work on /home/chrisfleig/.local/lib/python3.10/site-packages/airflow/example_dags/example_latest_only.py
[2023-01-07T01:01:20.802+0100] {processor.py:743} INFO - Processing file /home/chrisfleig/.local/lib/python3.10/site-packages/airflow/example_dags/example_latest_only.py for tasks to queue
[2023-01-07T01:01:20.802+0100] {logging_mixin.py:137} INFO - [2023-01-07T01:01:20.802+0100] {dagbag.py:538} INFO - Filling up the DagBag from /home/chrisfleig/.local/lib/python3.10/site-packages/airflow/example_dags/example_latest_only.py
[2023-01-07T01:01:20.818+0100] {processor.py:753} INFO - DAG(s) dict_keys(['latest_only']) retrieved from /home/chrisfleig/.local/lib/python3.10/site-packages/airflow/example_dags/example_latest_only.py
[2023-01-07T01:01:20.839+0100] {logging_mixin.py:137} INFO - [2023-01-07T01:01:20.839+0100] {dag.py:2676} INFO - Sync 1 DAGs
[2023-01-07T01:01:20.855+0100] {logging_mixin.py:137} INFO - [2023-01-07T01:01:20.855+0100] {dag.py:3423} INFO - Setting next_dagrun for latest_only to 2023-01-06T20:01:20.854903+00:00, run_after=2023-01-07T00:01:20.854903+00:00
[2023-01-07T01:01:20.891+0100] {processor.py:175} INFO - Processing /home/chrisfleig/.local/lib/python3.10/site-packages/airflow/example_dags/example_latest_only.py took 0.093 seconds
[2023-01-07T01:02:14.977+0100] {processor.py:153} INFO - Started process (PID=11030) to work on /home/chrisfleig/.local/lib/python3.10/site-packages/airflow/example_dags/example_latest_only.py
[2023-01-07T01:02:14.979+0100] {processor.py:743} INFO - Processing file /home/chrisfleig/.local/lib/python3.10/site-packages/airflow/example_dags/example_latest_only.py for tasks to queue
[2023-01-07T01:02:14.979+0100] {logging_mixin.py:137} INFO - [2023-01-07T01:02:14.979+0100] {dagbag.py:538} INFO - Filling up the DagBag from /home/chrisfleig/.local/lib/python3.10/site-packages/airflow/example_dags/example_latest_only.py
[2023-01-07T01:02:14.994+0100] {processor.py:753} INFO - DAG(s) dict_keys(['latest_only']) retrieved from /home/chrisfleig/.local/lib/python3.10/site-packages/airflow/example_dags/example_latest_only.py
[2023-01-07T01:02:15.017+0100] {logging_mixin.py:137} INFO - [2023-01-07T01:02:15.017+0100] {dag.py:2676} INFO - Sync 1 DAGs
[2023-01-07T01:02:15.034+0100] {logging_mixin.py:137} INFO - [2023-01-07T01:02:15.034+0100] {dag.py:3423} INFO - Setting next_dagrun for latest_only to 2023-01-06T20:02:15.034516+00:00, run_after=2023-01-07T00:02:15.034516+00:00
[2023-01-07T01:02:15.073+0100] {processor.py:175} INFO - Processing /home/chrisfleig/.local/lib/python3.10/site-packages/airflow/example_dags/example_latest_only.py took 0.099 seconds
[2023-01-07T01:03:10.733+0100] {processor.py:153} INFO - Started process (PID=11082) to work on /home/chrisfleig/.local/lib/python3.10/site-packages/airflow/example_dags/example_latest_only.py
[2023-01-07T01:03:10.735+0100] {processor.py:743} INFO - Processing file /home/chrisfleig/.local/lib/python3.10/site-packages/airflow/example_dags/example_latest_only.py for tasks to queue
[2023-01-07T01:03:10.736+0100] {logging_mixin.py:137} INFO - [2023-01-07T01:03:10.736+0100] {dagbag.py:538} INFO - Filling up the DagBag from /home/chrisfleig/.local/lib/python3.10/site-packages/airflow/example_dags/example_latest_only.py
[2023-01-07T01:03:10.750+0100] {processor.py:753} INFO - DAG(s) dict_keys(['latest_only']) retrieved from /home/chrisfleig/.local/lib/python3.10/site-packages/airflow/example_dags/example_latest_only.py
[2023-01-07T01:03:10.771+0100] {logging_mixin.py:137} INFO - [2023-01-07T01:03:10.771+0100] {dag.py:2676} INFO - Sync 1 DAGs
[2023-01-07T01:03:10.788+0100] {logging_mixin.py:137} INFO - [2023-01-07T01:03:10.788+0100] {dag.py:3423} INFO - Setting next_dagrun for latest_only to 2023-01-06T20:03:10.787984+00:00, run_after=2023-01-07T00:03:10.787984+00:00
[2023-01-07T01:03:10.910+0100] {processor.py:175} INFO - Processing /home/chrisfleig/.local/lib/python3.10/site-packages/airflow/example_dags/example_latest_only.py took 0.180 seconds
[2023-01-07T01:04:08.751+0100] {processor.py:153} INFO - Started process (PID=11133) to work on /home/chrisfleig/.local/lib/python3.10/site-packages/airflow/example_dags/example_latest_only.py
[2023-01-07T01:04:08.753+0100] {processor.py:743} INFO - Processing file /home/chrisfleig/.local/lib/python3.10/site-packages/airflow/example_dags/example_latest_only.py for tasks to queue
[2023-01-07T01:04:08.753+0100] {logging_mixin.py:137} INFO - [2023-01-07T01:04:08.753+0100] {dagbag.py:538} INFO - Filling up the DagBag from /home/chrisfleig/.local/lib/python3.10/site-packages/airflow/example_dags/example_latest_only.py
[2023-01-07T01:04:08.767+0100] {processor.py:753} INFO - DAG(s) dict_keys(['latest_only']) retrieved from /home/chrisfleig/.local/lib/python3.10/site-packages/airflow/example_dags/example_latest_only.py
[2023-01-07T01:04:08.787+0100] {logging_mixin.py:137} INFO - [2023-01-07T01:04:08.786+0100] {dag.py:2676} INFO - Sync 1 DAGs
[2023-01-07T01:04:08.887+0100] {logging_mixin.py:137} INFO - [2023-01-07T01:04:08.887+0100] {dag.py:3423} INFO - Setting next_dagrun for latest_only to 2023-01-06T20:04:08.887362+00:00, run_after=2023-01-07T00:04:08.887362+00:00
[2023-01-07T01:04:08.923+0100] {processor.py:175} INFO - Processing /home/chrisfleig/.local/lib/python3.10/site-packages/airflow/example_dags/example_latest_only.py took 0.178 seconds
[2023-01-07T01:05:00.733+0100] {processor.py:153} INFO - Started process (PID=11186) to work on /home/chrisfleig/.local/lib/python3.10/site-packages/airflow/example_dags/example_latest_only.py
[2023-01-07T01:05:00.734+0100] {processor.py:743} INFO - Processing file /home/chrisfleig/.local/lib/python3.10/site-packages/airflow/example_dags/example_latest_only.py for tasks to queue
[2023-01-07T01:05:00.734+0100] {logging_mixin.py:137} INFO - [2023-01-07T01:05:00.734+0100] {dagbag.py:538} INFO - Filling up the DagBag from /home/chrisfleig/.local/lib/python3.10/site-packages/airflow/example_dags/example_latest_only.py
[2023-01-07T01:05:00.747+0100] {processor.py:753} INFO - DAG(s) dict_keys(['latest_only']) retrieved from /home/chrisfleig/.local/lib/python3.10/site-packages/airflow/example_dags/example_latest_only.py
[2023-01-07T01:05:00.767+0100] {logging_mixin.py:137} INFO - [2023-01-07T01:05:00.766+0100] {dag.py:2676} INFO - Sync 1 DAGs
[2023-01-07T01:05:00.783+0100] {logging_mixin.py:137} INFO - [2023-01-07T01:05:00.782+0100] {dag.py:3423} INFO - Setting next_dagrun for latest_only to 2023-01-06T20:05:00.782649+00:00, run_after=2023-01-07T00:05:00.782649+00:00
[2023-01-07T01:05:00.819+0100] {processor.py:175} INFO - Processing /home/chrisfleig/.local/lib/python3.10/site-packages/airflow/example_dags/example_latest_only.py took 0.089 seconds
[2023-01-07T01:05:47.419+0100] {processor.py:153} INFO - Started process (PID=11229) to work on /home/chrisfleig/.local/lib/python3.10/site-packages/airflow/example_dags/example_latest_only.py
[2023-01-07T01:05:47.421+0100] {processor.py:743} INFO - Processing file /home/chrisfleig/.local/lib/python3.10/site-packages/airflow/example_dags/example_latest_only.py for tasks to queue
[2023-01-07T01:05:47.422+0100] {logging_mixin.py:137} INFO - [2023-01-07T01:05:47.422+0100] {dagbag.py:538} INFO - Filling up the DagBag from /home/chrisfleig/.local/lib/python3.10/site-packages/airflow/example_dags/example_latest_only.py
[2023-01-07T01:05:47.436+0100] {processor.py:753} INFO - DAG(s) dict_keys(['latest_only']) retrieved from /home/chrisfleig/.local/lib/python3.10/site-packages/airflow/example_dags/example_latest_only.py
[2023-01-07T01:05:47.460+0100] {logging_mixin.py:137} INFO - [2023-01-07T01:05:47.460+0100] {dag.py:2676} INFO - Sync 1 DAGs
[2023-01-07T01:05:47.480+0100] {logging_mixin.py:137} INFO - [2023-01-07T01:05:47.479+0100] {dag.py:3423} INFO - Setting next_dagrun for latest_only to 2023-01-06T20:05:47.479701+00:00, run_after=2023-01-07T00:05:47.479701+00:00
[2023-01-07T01:05:47.519+0100] {processor.py:175} INFO - Processing /home/chrisfleig/.local/lib/python3.10/site-packages/airflow/example_dags/example_latest_only.py took 0.103 seconds
[2023-01-07T01:06:40.237+0100] {processor.py:153} INFO - Started process (PID=11280) to work on /home/chrisfleig/.local/lib/python3.10/site-packages/airflow/example_dags/example_latest_only.py
[2023-01-07T01:06:40.239+0100] {processor.py:743} INFO - Processing file /home/chrisfleig/.local/lib/python3.10/site-packages/airflow/example_dags/example_latest_only.py for tasks to queue
[2023-01-07T01:06:40.240+0100] {logging_mixin.py:137} INFO - [2023-01-07T01:06:40.239+0100] {dagbag.py:538} INFO - Filling up the DagBag from /home/chrisfleig/.local/lib/python3.10/site-packages/airflow/example_dags/example_latest_only.py
[2023-01-07T01:06:40.257+0100] {processor.py:753} INFO - DAG(s) dict_keys(['latest_only']) retrieved from /home/chrisfleig/.local/lib/python3.10/site-packages/airflow/example_dags/example_latest_only.py
[2023-01-07T01:06:40.286+0100] {logging_mixin.py:137} INFO - [2023-01-07T01:06:40.286+0100] {dag.py:2676} INFO - Sync 1 DAGs
[2023-01-07T01:06:40.313+0100] {logging_mixin.py:137} INFO - [2023-01-07T01:06:40.312+0100] {dag.py:3423} INFO - Setting next_dagrun for latest_only to 2023-01-06T20:06:40.312532+00:00, run_after=2023-01-07T00:06:40.312532+00:00
[2023-01-07T01:06:40.369+0100] {processor.py:175} INFO - Processing /home/chrisfleig/.local/lib/python3.10/site-packages/airflow/example_dags/example_latest_only.py took 0.135 seconds
[2023-01-07T01:07:30.099+0100] {processor.py:153} INFO - Started process (PID=11328) to work on /home/chrisfleig/.local/lib/python3.10/site-packages/airflow/example_dags/example_latest_only.py
[2023-01-07T01:07:30.101+0100] {processor.py:743} INFO - Processing file /home/chrisfleig/.local/lib/python3.10/site-packages/airflow/example_dags/example_latest_only.py for tasks to queue
[2023-01-07T01:07:30.101+0100] {logging_mixin.py:137} INFO - [2023-01-07T01:07:30.101+0100] {dagbag.py:538} INFO - Filling up the DagBag from /home/chrisfleig/.local/lib/python3.10/site-packages/airflow/example_dags/example_latest_only.py
[2023-01-07T01:07:30.115+0100] {processor.py:753} INFO - DAG(s) dict_keys(['latest_only']) retrieved from /home/chrisfleig/.local/lib/python3.10/site-packages/airflow/example_dags/example_latest_only.py
[2023-01-07T01:07:30.149+0100] {logging_mixin.py:137} INFO - [2023-01-07T01:07:30.149+0100] {dag.py:2676} INFO - Sync 1 DAGs
[2023-01-07T01:07:30.174+0100] {logging_mixin.py:137} INFO - [2023-01-07T01:07:30.174+0100] {dag.py:3423} INFO - Setting next_dagrun for latest_only to 2023-01-06T20:07:30.173924+00:00, run_after=2023-01-07T00:07:30.173924+00:00
[2023-01-07T01:07:30.319+0100] {processor.py:175} INFO - Processing /home/chrisfleig/.local/lib/python3.10/site-packages/airflow/example_dags/example_latest_only.py took 0.222 seconds
[2023-01-07T01:08:36.951+0100] {processor.py:153} INFO - Started process (PID=11384) to work on /home/chrisfleig/.local/lib/python3.10/site-packages/airflow/example_dags/example_latest_only.py
[2023-01-07T01:08:36.952+0100] {processor.py:743} INFO - Processing file /home/chrisfleig/.local/lib/python3.10/site-packages/airflow/example_dags/example_latest_only.py for tasks to queue
[2023-01-07T01:08:36.953+0100] {logging_mixin.py:137} INFO - [2023-01-07T01:08:36.952+0100] {dagbag.py:538} INFO - Filling up the DagBag from /home/chrisfleig/.local/lib/python3.10/site-packages/airflow/example_dags/example_latest_only.py
[2023-01-07T01:08:36.964+0100] {processor.py:753} INFO - DAG(s) dict_keys(['latest_only']) retrieved from /home/chrisfleig/.local/lib/python3.10/site-packages/airflow/example_dags/example_latest_only.py
[2023-01-07T01:08:36.983+0100] {logging_mixin.py:137} INFO - [2023-01-07T01:08:36.983+0100] {dag.py:2676} INFO - Sync 1 DAGs
[2023-01-07T01:08:37.085+0100] {logging_mixin.py:137} INFO - [2023-01-07T01:08:37.085+0100] {dag.py:3423} INFO - Setting next_dagrun for latest_only to 2023-01-06T20:08:37.085465+00:00, run_after=2023-01-07T00:08:37.085465+00:00
[2023-01-07T01:08:37.125+0100] {processor.py:175} INFO - Processing /home/chrisfleig/.local/lib/python3.10/site-packages/airflow/example_dags/example_latest_only.py took 0.176 seconds
[2023-01-07T01:09:37.582+0100] {processor.py:153} INFO - Started process (PID=11444) to work on /home/chrisfleig/.local/lib/python3.10/site-packages/airflow/example_dags/example_latest_only.py
[2023-01-07T01:09:37.584+0100] {processor.py:743} INFO - Processing file /home/chrisfleig/.local/lib/python3.10/site-packages/airflow/example_dags/example_latest_only.py for tasks to queue
[2023-01-07T01:09:37.584+0100] {logging_mixin.py:137} INFO - [2023-01-07T01:09:37.584+0100] {dagbag.py:538} INFO - Filling up the DagBag from /home/chrisfleig/.local/lib/python3.10/site-packages/airflow/example_dags/example_latest_only.py
[2023-01-07T01:09:37.598+0100] {processor.py:753} INFO - DAG(s) dict_keys(['latest_only']) retrieved from /home/chrisfleig/.local/lib/python3.10/site-packages/airflow/example_dags/example_latest_only.py
[2023-01-07T01:09:37.629+0100] {logging_mixin.py:137} INFO - [2023-01-07T01:09:37.629+0100] {dag.py:2676} INFO - Sync 1 DAGs
[2023-01-07T01:09:37.749+0100] {logging_mixin.py:137} INFO - [2023-01-07T01:09:37.749+0100] {dag.py:3423} INFO - Setting next_dagrun for latest_only to 2023-01-06T20:09:37.748880+00:00, run_after=2023-01-07T00:09:37.748880+00:00
[2023-01-07T01:09:37.797+0100] {processor.py:175} INFO - Processing /home/chrisfleig/.local/lib/python3.10/site-packages/airflow/example_dags/example_latest_only.py took 0.218 seconds
[2023-01-07T01:10:40.354+0100] {processor.py:153} INFO - Started process (PID=11503) to work on /home/chrisfleig/.local/lib/python3.10/site-packages/airflow/example_dags/example_latest_only.py
[2023-01-07T01:10:40.355+0100] {processor.py:743} INFO - Processing file /home/chrisfleig/.local/lib/python3.10/site-packages/airflow/example_dags/example_latest_only.py for tasks to queue
[2023-01-07T01:10:40.355+0100] {logging_mixin.py:137} INFO - [2023-01-07T01:10:40.355+0100] {dagbag.py:538} INFO - Filling up the DagBag from /home/chrisfleig/.local/lib/python3.10/site-packages/airflow/example_dags/example_latest_only.py
[2023-01-07T01:10:40.367+0100] {processor.py:753} INFO - DAG(s) dict_keys(['latest_only']) retrieved from /home/chrisfleig/.local/lib/python3.10/site-packages/airflow/example_dags/example_latest_only.py
[2023-01-07T01:10:40.388+0100] {logging_mixin.py:137} INFO - [2023-01-07T01:10:40.388+0100] {dag.py:2676} INFO - Sync 1 DAGs
[2023-01-07T01:10:40.404+0100] {logging_mixin.py:137} INFO - [2023-01-07T01:10:40.404+0100] {dag.py:3423} INFO - Setting next_dagrun for latest_only to 2023-01-06T20:10:40.404243+00:00, run_after=2023-01-07T00:10:40.404243+00:00
[2023-01-07T01:10:40.447+0100] {processor.py:175} INFO - Processing /home/chrisfleig/.local/lib/python3.10/site-packages/airflow/example_dags/example_latest_only.py took 0.095 seconds
[2023-01-07T01:11:41.431+0100] {processor.py:153} INFO - Started process (PID=11560) to work on /home/chrisfleig/.local/lib/python3.10/site-packages/airflow/example_dags/example_latest_only.py
[2023-01-07T01:11:41.433+0100] {processor.py:743} INFO - Processing file /home/chrisfleig/.local/lib/python3.10/site-packages/airflow/example_dags/example_latest_only.py for tasks to queue
[2023-01-07T01:11:41.433+0100] {logging_mixin.py:137} INFO - [2023-01-07T01:11:41.433+0100] {dagbag.py:538} INFO - Filling up the DagBag from /home/chrisfleig/.local/lib/python3.10/site-packages/airflow/example_dags/example_latest_only.py
[2023-01-07T01:11:41.446+0100] {processor.py:753} INFO - DAG(s) dict_keys(['latest_only']) retrieved from /home/chrisfleig/.local/lib/python3.10/site-packages/airflow/example_dags/example_latest_only.py
[2023-01-07T01:11:41.466+0100] {logging_mixin.py:137} INFO - [2023-01-07T01:11:41.466+0100] {dag.py:2676} INFO - Sync 1 DAGs
[2023-01-07T01:11:41.483+0100] {logging_mixin.py:137} INFO - [2023-01-07T01:11:41.482+0100] {dag.py:3423} INFO - Setting next_dagrun for latest_only to 2023-01-06T20:11:41.482608+00:00, run_after=2023-01-07T00:11:41.482608+00:00
[2023-01-07T01:11:41.518+0100] {processor.py:175} INFO - Processing /home/chrisfleig/.local/lib/python3.10/site-packages/airflow/example_dags/example_latest_only.py took 0.090 seconds
[2023-01-07T01:12:41.458+0100] {processor.py:153} INFO - Started process (PID=11615) to work on /home/chrisfleig/.local/lib/python3.10/site-packages/airflow/example_dags/example_latest_only.py
[2023-01-07T01:12:41.460+0100] {processor.py:743} INFO - Processing file /home/chrisfleig/.local/lib/python3.10/site-packages/airflow/example_dags/example_latest_only.py for tasks to queue
[2023-01-07T01:12:41.461+0100] {logging_mixin.py:137} INFO - [2023-01-07T01:12:41.461+0100] {dagbag.py:538} INFO - Filling up the DagBag from /home/chrisfleig/.local/lib/python3.10/site-packages/airflow/example_dags/example_latest_only.py
[2023-01-07T01:12:41.480+0100] {processor.py:753} INFO - DAG(s) dict_keys(['latest_only']) retrieved from /home/chrisfleig/.local/lib/python3.10/site-packages/airflow/example_dags/example_latest_only.py
[2023-01-07T01:12:41.500+0100] {logging_mixin.py:137} INFO - [2023-01-07T01:12:41.500+0100] {dag.py:2676} INFO - Sync 1 DAGs
[2023-01-07T01:12:41.516+0100] {logging_mixin.py:137} INFO - [2023-01-07T01:12:41.516+0100] {dag.py:3423} INFO - Setting next_dagrun for latest_only to 2023-01-06T20:12:41.516565+00:00, run_after=2023-01-07T00:12:41.516565+00:00
[2023-01-07T01:12:41.649+0100] {processor.py:175} INFO - Processing /home/chrisfleig/.local/lib/python3.10/site-packages/airflow/example_dags/example_latest_only.py took 0.196 seconds
[2023-01-07T01:13:45.996+0100] {processor.py:153} INFO - Started process (PID=11682) to work on /home/chrisfleig/.local/lib/python3.10/site-packages/airflow/example_dags/example_latest_only.py
[2023-01-07T01:13:45.998+0100] {processor.py:743} INFO - Processing file /home/chrisfleig/.local/lib/python3.10/site-packages/airflow/example_dags/example_latest_only.py for tasks to queue
[2023-01-07T01:13:46.000+0100] {logging_mixin.py:137} INFO - [2023-01-07T01:13:46.000+0100] {dagbag.py:538} INFO - Filling up the DagBag from /home/chrisfleig/.local/lib/python3.10/site-packages/airflow/example_dags/example_latest_only.py
[2023-01-07T01:13:46.032+0100] {processor.py:753} INFO - DAG(s) dict_keys(['latest_only']) retrieved from /home/chrisfleig/.local/lib/python3.10/site-packages/airflow/example_dags/example_latest_only.py
[2023-01-07T01:13:46.076+0100] {logging_mixin.py:137} INFO - [2023-01-07T01:13:46.075+0100] {dag.py:2676} INFO - Sync 1 DAGs
[2023-01-07T01:13:46.219+0100] {logging_mixin.py:137} INFO - [2023-01-07T01:13:46.218+0100] {dag.py:3423} INFO - Setting next_dagrun for latest_only to 2023-01-06T20:13:46.218644+00:00, run_after=2023-01-07T00:13:46.218644+00:00
[2023-01-07T01:13:46.317+0100] {processor.py:175} INFO - Processing /home/chrisfleig/.local/lib/python3.10/site-packages/airflow/example_dags/example_latest_only.py took 0.325 seconds
[2023-01-07T01:14:59.772+0100] {processor.py:153} INFO - Started process (PID=11744) to work on /home/chrisfleig/.local/lib/python3.10/site-packages/airflow/example_dags/example_latest_only.py
[2023-01-07T01:14:59.773+0100] {processor.py:743} INFO - Processing file /home/chrisfleig/.local/lib/python3.10/site-packages/airflow/example_dags/example_latest_only.py for tasks to queue
[2023-01-07T01:14:59.774+0100] {logging_mixin.py:137} INFO - [2023-01-07T01:14:59.774+0100] {dagbag.py:538} INFO - Filling up the DagBag from /home/chrisfleig/.local/lib/python3.10/site-packages/airflow/example_dags/example_latest_only.py
[2023-01-07T01:14:59.788+0100] {processor.py:753} INFO - DAG(s) dict_keys(['latest_only']) retrieved from /home/chrisfleig/.local/lib/python3.10/site-packages/airflow/example_dags/example_latest_only.py
[2023-01-07T01:14:59.810+0100] {logging_mixin.py:137} INFO - [2023-01-07T01:14:59.809+0100] {dag.py:2676} INFO - Sync 1 DAGs
[2023-01-07T01:14:59.826+0100] {logging_mixin.py:137} INFO - [2023-01-07T01:14:59.826+0100] {dag.py:3423} INFO - Setting next_dagrun for latest_only to 2023-01-06T20:14:59.826526+00:00, run_after=2023-01-07T00:14:59.826526+00:00
[2023-01-07T01:14:59.862+0100] {processor.py:175} INFO - Processing /home/chrisfleig/.local/lib/python3.10/site-packages/airflow/example_dags/example_latest_only.py took 0.094 seconds
[2023-01-07T01:15:58.379+0100] {processor.py:153} INFO - Started process (PID=11802) to work on /home/chrisfleig/.local/lib/python3.10/site-packages/airflow/example_dags/example_latest_only.py
[2023-01-07T01:15:58.380+0100] {processor.py:743} INFO - Processing file /home/chrisfleig/.local/lib/python3.10/site-packages/airflow/example_dags/example_latest_only.py for tasks to queue
[2023-01-07T01:15:58.381+0100] {logging_mixin.py:137} INFO - [2023-01-07T01:15:58.381+0100] {dagbag.py:538} INFO - Filling up the DagBag from /home/chrisfleig/.local/lib/python3.10/site-packages/airflow/example_dags/example_latest_only.py
[2023-01-07T01:15:58.393+0100] {processor.py:753} INFO - DAG(s) dict_keys(['latest_only']) retrieved from /home/chrisfleig/.local/lib/python3.10/site-packages/airflow/example_dags/example_latest_only.py
[2023-01-07T01:15:58.415+0100] {logging_mixin.py:137} INFO - [2023-01-07T01:15:58.415+0100] {dag.py:2676} INFO - Sync 1 DAGs
[2023-01-07T01:15:58.432+0100] {logging_mixin.py:137} INFO - [2023-01-07T01:15:58.432+0100] {dag.py:3423} INFO - Setting next_dagrun for latest_only to 2023-01-06T20:15:58.431778+00:00, run_after=2023-01-07T00:15:58.431778+00:00
[2023-01-07T01:15:58.468+0100] {processor.py:175} INFO - Processing /home/chrisfleig/.local/lib/python3.10/site-packages/airflow/example_dags/example_latest_only.py took 0.091 seconds
[2023-01-07T01:17:02.681+0100] {processor.py:153} INFO - Started process (PID=11872) to work on /home/chrisfleig/.local/lib/python3.10/site-packages/airflow/example_dags/example_latest_only.py
[2023-01-07T01:17:02.682+0100] {processor.py:743} INFO - Processing file /home/chrisfleig/.local/lib/python3.10/site-packages/airflow/example_dags/example_latest_only.py for tasks to queue
[2023-01-07T01:17:02.683+0100] {logging_mixin.py:137} INFO - [2023-01-07T01:17:02.683+0100] {dagbag.py:538} INFO - Filling up the DagBag from /home/chrisfleig/.local/lib/python3.10/site-packages/airflow/example_dags/example_latest_only.py
[2023-01-07T01:17:02.699+0100] {processor.py:753} INFO - DAG(s) dict_keys(['latest_only']) retrieved from /home/chrisfleig/.local/lib/python3.10/site-packages/airflow/example_dags/example_latest_only.py
[2023-01-07T01:17:02.725+0100] {logging_mixin.py:137} INFO - [2023-01-07T01:17:02.725+0100] {dag.py:2676} INFO - Sync 1 DAGs
[2023-01-07T01:17:02.746+0100] {logging_mixin.py:137} INFO - [2023-01-07T01:17:02.746+0100] {dag.py:3423} INFO - Setting next_dagrun for latest_only to 2023-01-06T20:17:02.745980+00:00, run_after=2023-01-07T00:17:02.745980+00:00
[2023-01-07T01:17:02.792+0100] {processor.py:175} INFO - Processing /home/chrisfleig/.local/lib/python3.10/site-packages/airflow/example_dags/example_latest_only.py took 0.115 seconds
[2023-01-07T01:18:08.225+0100] {processor.py:153} INFO - Started process (PID=11931) to work on /home/chrisfleig/.local/lib/python3.10/site-packages/airflow/example_dags/example_latest_only.py
[2023-01-07T01:18:08.228+0100] {processor.py:743} INFO - Processing file /home/chrisfleig/.local/lib/python3.10/site-packages/airflow/example_dags/example_latest_only.py for tasks to queue
[2023-01-07T01:18:08.238+0100] {logging_mixin.py:137} INFO - [2023-01-07T01:18:08.236+0100] {dagbag.py:538} INFO - Filling up the DagBag from /home/chrisfleig/.local/lib/python3.10/site-packages/airflow/example_dags/example_latest_only.py
[2023-01-07T01:18:08.279+0100] {processor.py:753} INFO - DAG(s) dict_keys(['latest_only']) retrieved from /home/chrisfleig/.local/lib/python3.10/site-packages/airflow/example_dags/example_latest_only.py
[2023-01-07T01:18:08.377+0100] {logging_mixin.py:137} INFO - [2023-01-07T01:18:08.377+0100] {dag.py:2676} INFO - Sync 1 DAGs
[2023-01-07T01:18:08.415+0100] {logging_mixin.py:137} INFO - [2023-01-07T01:18:08.415+0100] {dag.py:3423} INFO - Setting next_dagrun for latest_only to 2023-01-06T20:18:08.415230+00:00, run_after=2023-01-07T00:18:08.415230+00:00
[2023-01-07T01:18:08.669+0100] {processor.py:175} INFO - Processing /home/chrisfleig/.local/lib/python3.10/site-packages/airflow/example_dags/example_latest_only.py took 0.451 seconds
[2023-01-07T01:19:24.936+0100] {processor.py:153} INFO - Started process (PID=11993) to work on /home/chrisfleig/.local/lib/python3.10/site-packages/airflow/example_dags/example_latest_only.py
[2023-01-07T01:19:24.937+0100] {processor.py:743} INFO - Processing file /home/chrisfleig/.local/lib/python3.10/site-packages/airflow/example_dags/example_latest_only.py for tasks to queue
[2023-01-07T01:19:24.938+0100] {logging_mixin.py:137} INFO - [2023-01-07T01:19:24.938+0100] {dagbag.py:538} INFO - Filling up the DagBag from /home/chrisfleig/.local/lib/python3.10/site-packages/airflow/example_dags/example_latest_only.py
[2023-01-07T01:19:24.951+0100] {processor.py:753} INFO - DAG(s) dict_keys(['latest_only']) retrieved from /home/chrisfleig/.local/lib/python3.10/site-packages/airflow/example_dags/example_latest_only.py
[2023-01-07T01:19:24.973+0100] {logging_mixin.py:137} INFO - [2023-01-07T01:19:24.973+0100] {dag.py:2676} INFO - Sync 1 DAGs
[2023-01-07T01:19:25.140+0100] {logging_mixin.py:137} INFO - [2023-01-07T01:19:25.140+0100] {dag.py:3423} INFO - Setting next_dagrun for latest_only to 2023-01-06T20:19:25.140217+00:00, run_after=2023-01-07T00:19:25.140217+00:00
[2023-01-07T01:19:25.206+0100] {processor.py:175} INFO - Processing /home/chrisfleig/.local/lib/python3.10/site-packages/airflow/example_dags/example_latest_only.py took 0.273 seconds
[2023-01-07T01:20:16.917+0100] {processor.py:153} INFO - Started process (PID=12037) to work on /home/chrisfleig/.local/lib/python3.10/site-packages/airflow/example_dags/example_latest_only.py
[2023-01-07T01:20:16.918+0100] {processor.py:743} INFO - Processing file /home/chrisfleig/.local/lib/python3.10/site-packages/airflow/example_dags/example_latest_only.py for tasks to queue
[2023-01-07T01:20:16.919+0100] {logging_mixin.py:137} INFO - [2023-01-07T01:20:16.919+0100] {dagbag.py:538} INFO - Filling up the DagBag from /home/chrisfleig/.local/lib/python3.10/site-packages/airflow/example_dags/example_latest_only.py
[2023-01-07T01:20:16.931+0100] {processor.py:753} INFO - DAG(s) dict_keys(['latest_only']) retrieved from /home/chrisfleig/.local/lib/python3.10/site-packages/airflow/example_dags/example_latest_only.py
[2023-01-07T01:20:16.955+0100] {logging_mixin.py:137} INFO - [2023-01-07T01:20:16.954+0100] {dag.py:2676} INFO - Sync 1 DAGs
[2023-01-07T01:20:16.974+0100] {logging_mixin.py:137} INFO - [2023-01-07T01:20:16.974+0100] {dag.py:3423} INFO - Setting next_dagrun for latest_only to 2023-01-06T20:20:16.974465+00:00, run_after=2023-01-07T00:20:16.974465+00:00
[2023-01-07T01:20:17.018+0100] {processor.py:175} INFO - Processing /home/chrisfleig/.local/lib/python3.10/site-packages/airflow/example_dags/example_latest_only.py took 0.103 seconds
[2023-01-07T01:21:14.102+0100] {processor.py:153} INFO - Started process (PID=12096) to work on /home/chrisfleig/.local/lib/python3.10/site-packages/airflow/example_dags/example_latest_only.py
[2023-01-07T01:21:14.104+0100] {processor.py:743} INFO - Processing file /home/chrisfleig/.local/lib/python3.10/site-packages/airflow/example_dags/example_latest_only.py for tasks to queue
[2023-01-07T01:21:14.104+0100] {logging_mixin.py:137} INFO - [2023-01-07T01:21:14.104+0100] {dagbag.py:538} INFO - Filling up the DagBag from /home/chrisfleig/.local/lib/python3.10/site-packages/airflow/example_dags/example_latest_only.py
[2023-01-07T01:21:14.118+0100] {processor.py:753} INFO - DAG(s) dict_keys(['latest_only']) retrieved from /home/chrisfleig/.local/lib/python3.10/site-packages/airflow/example_dags/example_latest_only.py
[2023-01-07T01:21:14.139+0100] {logging_mixin.py:137} INFO - [2023-01-07T01:21:14.139+0100] {dag.py:2676} INFO - Sync 1 DAGs
[2023-01-07T01:21:14.154+0100] {logging_mixin.py:137} INFO - [2023-01-07T01:21:14.154+0100] {dag.py:3423} INFO - Setting next_dagrun for latest_only to 2023-01-06T20:21:14.154519+00:00, run_after=2023-01-07T00:21:14.154519+00:00
[2023-01-07T01:21:14.190+0100] {processor.py:175} INFO - Processing /home/chrisfleig/.local/lib/python3.10/site-packages/airflow/example_dags/example_latest_only.py took 0.092 seconds
[2023-01-07T01:22:13.965+0100] {processor.py:153} INFO - Started process (PID=12151) to work on /home/chrisfleig/.local/lib/python3.10/site-packages/airflow/example_dags/example_latest_only.py
[2023-01-07T01:22:13.968+0100] {processor.py:743} INFO - Processing file /home/chrisfleig/.local/lib/python3.10/site-packages/airflow/example_dags/example_latest_only.py for tasks to queue
[2023-01-07T01:22:13.969+0100] {logging_mixin.py:137} INFO - [2023-01-07T01:22:13.969+0100] {dagbag.py:538} INFO - Filling up the DagBag from /home/chrisfleig/.local/lib/python3.10/site-packages/airflow/example_dags/example_latest_only.py
[2023-01-07T01:22:13.993+0100] {processor.py:753} INFO - DAG(s) dict_keys(['latest_only']) retrieved from /home/chrisfleig/.local/lib/python3.10/site-packages/airflow/example_dags/example_latest_only.py
[2023-01-07T01:22:14.040+0100] {logging_mixin.py:137} INFO - [2023-01-07T01:22:14.039+0100] {dag.py:2676} INFO - Sync 1 DAGs
[2023-01-07T01:22:14.083+0100] {logging_mixin.py:137} INFO - [2023-01-07T01:22:14.082+0100] {dag.py:3423} INFO - Setting next_dagrun for latest_only to 2023-01-06T20:22:14.082227+00:00, run_after=2023-01-07T00:22:14.082227+00:00
[2023-01-07T01:22:14.148+0100] {processor.py:175} INFO - Processing /home/chrisfleig/.local/lib/python3.10/site-packages/airflow/example_dags/example_latest_only.py took 0.193 seconds
[2023-01-07T01:23:18.484+0100] {processor.py:153} INFO - Started process (PID=12211) to work on /home/chrisfleig/.local/lib/python3.10/site-packages/airflow/example_dags/example_latest_only.py
[2023-01-07T01:23:18.486+0100] {processor.py:743} INFO - Processing file /home/chrisfleig/.local/lib/python3.10/site-packages/airflow/example_dags/example_latest_only.py for tasks to queue
[2023-01-07T01:23:18.486+0100] {logging_mixin.py:137} INFO - [2023-01-07T01:23:18.486+0100] {dagbag.py:538} INFO - Filling up the DagBag from /home/chrisfleig/.local/lib/python3.10/site-packages/airflow/example_dags/example_latest_only.py
[2023-01-07T01:23:18.499+0100] {processor.py:753} INFO - DAG(s) dict_keys(['latest_only']) retrieved from /home/chrisfleig/.local/lib/python3.10/site-packages/airflow/example_dags/example_latest_only.py
[2023-01-07T01:23:18.519+0100] {logging_mixin.py:137} INFO - [2023-01-07T01:23:18.519+0100] {dag.py:2676} INFO - Sync 1 DAGs
[2023-01-07T01:23:18.539+0100] {logging_mixin.py:137} INFO - [2023-01-07T01:23:18.539+0100] {dag.py:3423} INFO - Setting next_dagrun for latest_only to 2023-01-06T20:23:18.538997+00:00, run_after=2023-01-07T00:23:18.538997+00:00
[2023-01-07T01:23:18.669+0100] {processor.py:175} INFO - Processing /home/chrisfleig/.local/lib/python3.10/site-packages/airflow/example_dags/example_latest_only.py took 0.189 seconds
[2023-01-07T01:24:21.632+0100] {processor.py:153} INFO - Started process (PID=12269) to work on /home/chrisfleig/.local/lib/python3.10/site-packages/airflow/example_dags/example_latest_only.py
[2023-01-07T01:24:21.634+0100] {processor.py:743} INFO - Processing file /home/chrisfleig/.local/lib/python3.10/site-packages/airflow/example_dags/example_latest_only.py for tasks to queue
[2023-01-07T01:24:21.635+0100] {logging_mixin.py:137} INFO - [2023-01-07T01:24:21.635+0100] {dagbag.py:538} INFO - Filling up the DagBag from /home/chrisfleig/.local/lib/python3.10/site-packages/airflow/example_dags/example_latest_only.py
[2023-01-07T01:24:21.649+0100] {processor.py:753} INFO - DAG(s) dict_keys(['latest_only']) retrieved from /home/chrisfleig/.local/lib/python3.10/site-packages/airflow/example_dags/example_latest_only.py
[2023-01-07T01:24:21.668+0100] {logging_mixin.py:137} INFO - [2023-01-07T01:24:21.668+0100] {dag.py:2676} INFO - Sync 1 DAGs
[2023-01-07T01:24:21.780+0100] {logging_mixin.py:137} INFO - [2023-01-07T01:24:21.779+0100] {dag.py:3423} INFO - Setting next_dagrun for latest_only to 2023-01-06T20:24:21.779608+00:00, run_after=2023-01-07T00:24:21.779608+00:00
[2023-01-07T01:24:21.814+0100] {processor.py:175} INFO - Processing /home/chrisfleig/.local/lib/python3.10/site-packages/airflow/example_dags/example_latest_only.py took 0.186 seconds
[2023-01-07T01:25:29.174+0100] {processor.py:153} INFO - Started process (PID=12329) to work on /home/chrisfleig/.local/lib/python3.10/site-packages/airflow/example_dags/example_latest_only.py
[2023-01-07T01:25:29.175+0100] {processor.py:743} INFO - Processing file /home/chrisfleig/.local/lib/python3.10/site-packages/airflow/example_dags/example_latest_only.py for tasks to queue
[2023-01-07T01:25:29.176+0100] {logging_mixin.py:137} INFO - [2023-01-07T01:25:29.176+0100] {dagbag.py:538} INFO - Filling up the DagBag from /home/chrisfleig/.local/lib/python3.10/site-packages/airflow/example_dags/example_latest_only.py
[2023-01-07T01:25:29.189+0100] {processor.py:753} INFO - DAG(s) dict_keys(['latest_only']) retrieved from /home/chrisfleig/.local/lib/python3.10/site-packages/airflow/example_dags/example_latest_only.py
[2023-01-07T01:25:29.212+0100] {logging_mixin.py:137} INFO - [2023-01-07T01:25:29.211+0100] {dag.py:2676} INFO - Sync 1 DAGs
[2023-01-07T01:25:29.229+0100] {logging_mixin.py:137} INFO - [2023-01-07T01:25:29.229+0100] {dag.py:3423} INFO - Setting next_dagrun for latest_only to 2023-01-06T20:25:29.228980+00:00, run_after=2023-01-07T00:25:29.228980+00:00
[2023-01-07T01:25:29.266+0100] {processor.py:175} INFO - Processing /home/chrisfleig/.local/lib/python3.10/site-packages/airflow/example_dags/example_latest_only.py took 0.097 seconds
[2023-01-07T01:26:31.977+0100] {processor.py:153} INFO - Started process (PID=12388) to work on /home/chrisfleig/.local/lib/python3.10/site-packages/airflow/example_dags/example_latest_only.py
[2023-01-07T01:26:31.978+0100] {processor.py:743} INFO - Processing file /home/chrisfleig/.local/lib/python3.10/site-packages/airflow/example_dags/example_latest_only.py for tasks to queue
[2023-01-07T01:26:31.979+0100] {logging_mixin.py:137} INFO - [2023-01-07T01:26:31.979+0100] {dagbag.py:538} INFO - Filling up the DagBag from /home/chrisfleig/.local/lib/python3.10/site-packages/airflow/example_dags/example_latest_only.py
[2023-01-07T01:26:31.996+0100] {processor.py:753} INFO - DAG(s) dict_keys(['latest_only']) retrieved from /home/chrisfleig/.local/lib/python3.10/site-packages/airflow/example_dags/example_latest_only.py
[2023-01-07T01:26:32.020+0100] {logging_mixin.py:137} INFO - [2023-01-07T01:26:32.020+0100] {dag.py:2676} INFO - Sync 1 DAGs
[2023-01-07T01:26:32.040+0100] {logging_mixin.py:137} INFO - [2023-01-07T01:26:32.039+0100] {dag.py:3423} INFO - Setting next_dagrun for latest_only to 2023-01-06T20:26:32.038171+00:00, run_after=2023-01-07T00:26:32.038171+00:00
[2023-01-07T01:26:32.136+0100] {processor.py:175} INFO - Processing /home/chrisfleig/.local/lib/python3.10/site-packages/airflow/example_dags/example_latest_only.py took 0.162 seconds
[2023-01-07T01:27:33.653+0100] {processor.py:153} INFO - Started process (PID=12446) to work on /home/chrisfleig/.local/lib/python3.10/site-packages/airflow/example_dags/example_latest_only.py
[2023-01-07T01:27:33.654+0100] {processor.py:743} INFO - Processing file /home/chrisfleig/.local/lib/python3.10/site-packages/airflow/example_dags/example_latest_only.py for tasks to queue
[2023-01-07T01:27:33.655+0100] {logging_mixin.py:137} INFO - [2023-01-07T01:27:33.655+0100] {dagbag.py:538} INFO - Filling up the DagBag from /home/chrisfleig/.local/lib/python3.10/site-packages/airflow/example_dags/example_latest_only.py
[2023-01-07T01:27:33.670+0100] {processor.py:753} INFO - DAG(s) dict_keys(['latest_only']) retrieved from /home/chrisfleig/.local/lib/python3.10/site-packages/airflow/example_dags/example_latest_only.py
[2023-01-07T01:27:33.688+0100] {logging_mixin.py:137} INFO - [2023-01-07T01:27:33.688+0100] {dag.py:2676} INFO - Sync 1 DAGs
[2023-01-07T01:27:33.704+0100] {logging_mixin.py:137} INFO - [2023-01-07T01:27:33.704+0100] {dag.py:3423} INFO - Setting next_dagrun for latest_only to 2023-01-06T20:27:33.704393+00:00, run_after=2023-01-07T00:27:33.704393+00:00
[2023-01-07T01:27:33.744+0100] {processor.py:175} INFO - Processing /home/chrisfleig/.local/lib/python3.10/site-packages/airflow/example_dags/example_latest_only.py took 0.095 seconds
[2023-01-07T01:28:37.866+0100] {processor.py:153} INFO - Started process (PID=12506) to work on /home/chrisfleig/.local/lib/python3.10/site-packages/airflow/example_dags/example_latest_only.py
[2023-01-07T01:28:37.867+0100] {processor.py:743} INFO - Processing file /home/chrisfleig/.local/lib/python3.10/site-packages/airflow/example_dags/example_latest_only.py for tasks to queue
[2023-01-07T01:28:37.868+0100] {logging_mixin.py:137} INFO - [2023-01-07T01:28:37.868+0100] {dagbag.py:538} INFO - Filling up the DagBag from /home/chrisfleig/.local/lib/python3.10/site-packages/airflow/example_dags/example_latest_only.py
[2023-01-07T01:28:37.882+0100] {processor.py:753} INFO - DAG(s) dict_keys(['latest_only']) retrieved from /home/chrisfleig/.local/lib/python3.10/site-packages/airflow/example_dags/example_latest_only.py
[2023-01-07T01:28:37.904+0100] {logging_mixin.py:137} INFO - [2023-01-07T01:28:37.904+0100] {dag.py:2676} INFO - Sync 1 DAGs
[2023-01-07T01:28:38.166+0100] {logging_mixin.py:137} INFO - [2023-01-07T01:28:38.166+0100] {dag.py:3423} INFO - Setting next_dagrun for latest_only to 2023-01-06T20:28:38.166017+00:00, run_after=2023-01-07T00:28:38.166017+00:00
[2023-01-07T01:28:38.217+0100] {processor.py:175} INFO - Processing /home/chrisfleig/.local/lib/python3.10/site-packages/airflow/example_dags/example_latest_only.py took 0.354 seconds
[2023-01-07T01:29:42.265+0100] {processor.py:153} INFO - Started process (PID=12683) to work on /home/chrisfleig/.local/lib/python3.10/site-packages/airflow/example_dags/example_latest_only.py
[2023-01-07T01:29:42.267+0100] {processor.py:743} INFO - Processing file /home/chrisfleig/.local/lib/python3.10/site-packages/airflow/example_dags/example_latest_only.py for tasks to queue
[2023-01-07T01:29:42.268+0100] {logging_mixin.py:137} INFO - [2023-01-07T01:29:42.268+0100] {dagbag.py:538} INFO - Filling up the DagBag from /home/chrisfleig/.local/lib/python3.10/site-packages/airflow/example_dags/example_latest_only.py
[2023-01-07T01:29:42.285+0100] {processor.py:753} INFO - DAG(s) dict_keys(['latest_only']) retrieved from /home/chrisfleig/.local/lib/python3.10/site-packages/airflow/example_dags/example_latest_only.py
[2023-01-07T01:29:42.308+0100] {logging_mixin.py:137} INFO - [2023-01-07T01:29:42.308+0100] {dag.py:2676} INFO - Sync 1 DAGs
[2023-01-07T01:29:42.408+0100] {logging_mixin.py:137} INFO - [2023-01-07T01:29:42.408+0100] {dag.py:3423} INFO - Setting next_dagrun for latest_only to 2023-01-06T20:29:42.408618+00:00, run_after=2023-01-07T00:29:42.408618+00:00
[2023-01-07T01:29:42.445+0100] {processor.py:175} INFO - Processing /home/chrisfleig/.local/lib/python3.10/site-packages/airflow/example_dags/example_latest_only.py took 0.185 seconds
[2023-01-07T01:30:42.960+0100] {processor.py:153} INFO - Started process (PID=12739) to work on /home/chrisfleig/.local/lib/python3.10/site-packages/airflow/example_dags/example_latest_only.py
[2023-01-07T01:30:42.961+0100] {processor.py:743} INFO - Processing file /home/chrisfleig/.local/lib/python3.10/site-packages/airflow/example_dags/example_latest_only.py for tasks to queue
[2023-01-07T01:30:42.962+0100] {logging_mixin.py:137} INFO - [2023-01-07T01:30:42.962+0100] {dagbag.py:538} INFO - Filling up the DagBag from /home/chrisfleig/.local/lib/python3.10/site-packages/airflow/example_dags/example_latest_only.py
[2023-01-07T01:30:42.976+0100] {processor.py:753} INFO - DAG(s) dict_keys(['latest_only']) retrieved from /home/chrisfleig/.local/lib/python3.10/site-packages/airflow/example_dags/example_latest_only.py
[2023-01-07T01:30:42.996+0100] {logging_mixin.py:137} INFO - [2023-01-07T01:30:42.996+0100] {dag.py:2676} INFO - Sync 1 DAGs
[2023-01-07T01:30:43.012+0100] {logging_mixin.py:137} INFO - [2023-01-07T01:30:43.012+0100] {dag.py:3423} INFO - Setting next_dagrun for latest_only to 2023-01-06T20:30:43.012388+00:00, run_after=2023-01-07T00:30:43.012388+00:00
[2023-01-07T01:30:43.051+0100] {processor.py:175} INFO - Processing /home/chrisfleig/.local/lib/python3.10/site-packages/airflow/example_dags/example_latest_only.py took 0.095 seconds
[2023-01-07T01:31:39.744+0100] {processor.py:153} INFO - Started process (PID=12793) to work on /home/chrisfleig/.local/lib/python3.10/site-packages/airflow/example_dags/example_latest_only.py
[2023-01-07T01:31:39.746+0100] {processor.py:743} INFO - Processing file /home/chrisfleig/.local/lib/python3.10/site-packages/airflow/example_dags/example_latest_only.py for tasks to queue
[2023-01-07T01:31:39.753+0100] {logging_mixin.py:137} INFO - [2023-01-07T01:31:39.747+0100] {dagbag.py:538} INFO - Filling up the DagBag from /home/chrisfleig/.local/lib/python3.10/site-packages/airflow/example_dags/example_latest_only.py
[2023-01-07T01:31:39.791+0100] {processor.py:753} INFO - DAG(s) dict_keys(['latest_only']) retrieved from /home/chrisfleig/.local/lib/python3.10/site-packages/airflow/example_dags/example_latest_only.py
[2023-01-07T01:31:39.840+0100] {logging_mixin.py:137} INFO - [2023-01-07T01:31:39.839+0100] {dag.py:2676} INFO - Sync 1 DAGs
[2023-01-07T01:31:39.863+0100] {logging_mixin.py:137} INFO - [2023-01-07T01:31:39.863+0100] {dag.py:3423} INFO - Setting next_dagrun for latest_only to 2023-01-06T20:31:39.863350+00:00, run_after=2023-01-07T00:31:39.863350+00:00
[2023-01-07T01:31:39.912+0100] {processor.py:175} INFO - Processing /home/chrisfleig/.local/lib/python3.10/site-packages/airflow/example_dags/example_latest_only.py took 0.173 seconds
[2023-01-07T01:32:39.359+0100] {processor.py:153} INFO - Started process (PID=12848) to work on /home/chrisfleig/.local/lib/python3.10/site-packages/airflow/example_dags/example_latest_only.py
[2023-01-07T01:32:39.360+0100] {processor.py:743} INFO - Processing file /home/chrisfleig/.local/lib/python3.10/site-packages/airflow/example_dags/example_latest_only.py for tasks to queue
[2023-01-07T01:32:39.361+0100] {logging_mixin.py:137} INFO - [2023-01-07T01:32:39.361+0100] {dagbag.py:538} INFO - Filling up the DagBag from /home/chrisfleig/.local/lib/python3.10/site-packages/airflow/example_dags/example_latest_only.py
[2023-01-07T01:32:39.374+0100] {processor.py:753} INFO - DAG(s) dict_keys(['latest_only']) retrieved from /home/chrisfleig/.local/lib/python3.10/site-packages/airflow/example_dags/example_latest_only.py
[2023-01-07T01:32:39.394+0100] {logging_mixin.py:137} INFO - [2023-01-07T01:32:39.394+0100] {dag.py:2676} INFO - Sync 1 DAGs
[2023-01-07T01:32:39.410+0100] {logging_mixin.py:137} INFO - [2023-01-07T01:32:39.410+0100] {dag.py:3423} INFO - Setting next_dagrun for latest_only to 2023-01-06T20:32:39.410151+00:00, run_after=2023-01-07T00:32:39.410151+00:00
[2023-01-07T01:32:39.540+0100] {processor.py:175} INFO - Processing /home/chrisfleig/.local/lib/python3.10/site-packages/airflow/example_dags/example_latest_only.py took 0.185 seconds
[2023-01-07T01:33:48.324+0100] {processor.py:153} INFO - Started process (PID=12908) to work on /home/chrisfleig/.local/lib/python3.10/site-packages/airflow/example_dags/example_latest_only.py
[2023-01-07T01:33:48.325+0100] {processor.py:743} INFO - Processing file /home/chrisfleig/.local/lib/python3.10/site-packages/airflow/example_dags/example_latest_only.py for tasks to queue
[2023-01-07T01:33:48.326+0100] {logging_mixin.py:137} INFO - [2023-01-07T01:33:48.326+0100] {dagbag.py:538} INFO - Filling up the DagBag from /home/chrisfleig/.local/lib/python3.10/site-packages/airflow/example_dags/example_latest_only.py
[2023-01-07T01:33:48.341+0100] {processor.py:753} INFO - DAG(s) dict_keys(['latest_only']) retrieved from /home/chrisfleig/.local/lib/python3.10/site-packages/airflow/example_dags/example_latest_only.py
[2023-01-07T01:33:48.363+0100] {logging_mixin.py:137} INFO - [2023-01-07T01:33:48.363+0100] {dag.py:2676} INFO - Sync 1 DAGs
[2023-01-07T01:33:48.471+0100] {logging_mixin.py:137} INFO - [2023-01-07T01:33:48.470+0100] {dag.py:3423} INFO - Setting next_dagrun for latest_only to 2023-01-06T20:33:48.470744+00:00, run_after=2023-01-07T00:33:48.470744+00:00
[2023-01-07T01:33:48.517+0100] {processor.py:175} INFO - Processing /home/chrisfleig/.local/lib/python3.10/site-packages/airflow/example_dags/example_latest_only.py took 0.197 seconds
[2023-01-07T01:34:49.651+0100] {processor.py:153} INFO - Started process (PID=12955) to work on /home/chrisfleig/.local/lib/python3.10/site-packages/airflow/example_dags/example_latest_only.py
[2023-01-07T01:34:49.653+0100] {processor.py:743} INFO - Processing file /home/chrisfleig/.local/lib/python3.10/site-packages/airflow/example_dags/example_latest_only.py for tasks to queue
[2023-01-07T01:34:49.654+0100] {logging_mixin.py:137} INFO - [2023-01-07T01:34:49.654+0100] {dagbag.py:538} INFO - Filling up the DagBag from /home/chrisfleig/.local/lib/python3.10/site-packages/airflow/example_dags/example_latest_only.py
[2023-01-07T01:34:49.666+0100] {processor.py:753} INFO - DAG(s) dict_keys(['latest_only']) retrieved from /home/chrisfleig/.local/lib/python3.10/site-packages/airflow/example_dags/example_latest_only.py
[2023-01-07T01:34:49.689+0100] {logging_mixin.py:137} INFO - [2023-01-07T01:34:49.689+0100] {dag.py:2676} INFO - Sync 1 DAGs
[2023-01-07T01:34:49.790+0100] {logging_mixin.py:137} INFO - [2023-01-07T01:34:49.790+0100] {dag.py:3423} INFO - Setting next_dagrun for latest_only to 2023-01-06T20:34:49.789883+00:00, run_after=2023-01-07T00:34:49.789883+00:00
[2023-01-07T01:34:49.828+0100] {processor.py:175} INFO - Processing /home/chrisfleig/.local/lib/python3.10/site-packages/airflow/example_dags/example_latest_only.py took 0.180 seconds
[2023-01-07T01:35:39.877+0100] {processor.py:153} INFO - Started process (PID=13001) to work on /home/chrisfleig/.local/lib/python3.10/site-packages/airflow/example_dags/example_latest_only.py
[2023-01-07T01:35:39.878+0100] {processor.py:743} INFO - Processing file /home/chrisfleig/.local/lib/python3.10/site-packages/airflow/example_dags/example_latest_only.py for tasks to queue
[2023-01-07T01:35:39.879+0100] {logging_mixin.py:137} INFO - [2023-01-07T01:35:39.879+0100] {dagbag.py:538} INFO - Filling up the DagBag from /home/chrisfleig/.local/lib/python3.10/site-packages/airflow/example_dags/example_latest_only.py
[2023-01-07T01:35:39.892+0100] {processor.py:753} INFO - DAG(s) dict_keys(['latest_only']) retrieved from /home/chrisfleig/.local/lib/python3.10/site-packages/airflow/example_dags/example_latest_only.py
[2023-01-07T01:35:40.012+0100] {logging_mixin.py:137} INFO - [2023-01-07T01:35:40.012+0100] {dag.py:2676} INFO - Sync 1 DAGs
[2023-01-07T01:35:40.028+0100] {logging_mixin.py:137} INFO - [2023-01-07T01:35:40.028+0100] {dag.py:3423} INFO - Setting next_dagrun for latest_only to 2023-01-06T20:35:40.028169+00:00, run_after=2023-01-07T00:35:40.028169+00:00
[2023-01-07T01:35:40.071+0100] {processor.py:175} INFO - Processing /home/chrisfleig/.local/lib/python3.10/site-packages/airflow/example_dags/example_latest_only.py took 0.197 seconds
[2023-01-07T01:36:43.849+0100] {processor.py:153} INFO - Started process (PID=13061) to work on /home/chrisfleig/.local/lib/python3.10/site-packages/airflow/example_dags/example_latest_only.py
[2023-01-07T01:36:43.850+0100] {processor.py:743} INFO - Processing file /home/chrisfleig/.local/lib/python3.10/site-packages/airflow/example_dags/example_latest_only.py for tasks to queue
[2023-01-07T01:36:43.850+0100] {logging_mixin.py:137} INFO - [2023-01-07T01:36:43.850+0100] {dagbag.py:538} INFO - Filling up the DagBag from /home/chrisfleig/.local/lib/python3.10/site-packages/airflow/example_dags/example_latest_only.py
[2023-01-07T01:36:43.862+0100] {processor.py:753} INFO - DAG(s) dict_keys(['latest_only']) retrieved from /home/chrisfleig/.local/lib/python3.10/site-packages/airflow/example_dags/example_latest_only.py
[2023-01-07T01:36:43.881+0100] {logging_mixin.py:137} INFO - [2023-01-07T01:36:43.881+0100] {dag.py:2676} INFO - Sync 1 DAGs
[2023-01-07T01:36:43.899+0100] {logging_mixin.py:137} INFO - [2023-01-07T01:36:43.899+0100] {dag.py:3423} INFO - Setting next_dagrun for latest_only to 2023-01-06T20:36:43.898807+00:00, run_after=2023-01-07T00:36:43.898807+00:00
[2023-01-07T01:36:43.943+0100] {processor.py:175} INFO - Processing /home/chrisfleig/.local/lib/python3.10/site-packages/airflow/example_dags/example_latest_only.py took 0.097 seconds
[2023-01-07T01:37:40.559+0100] {processor.py:153} INFO - Started process (PID=13113) to work on /home/chrisfleig/.local/lib/python3.10/site-packages/airflow/example_dags/example_latest_only.py
[2023-01-07T01:37:40.560+0100] {processor.py:743} INFO - Processing file /home/chrisfleig/.local/lib/python3.10/site-packages/airflow/example_dags/example_latest_only.py for tasks to queue
[2023-01-07T01:37:40.561+0100] {logging_mixin.py:137} INFO - [2023-01-07T01:37:40.560+0100] {dagbag.py:538} INFO - Filling up the DagBag from /home/chrisfleig/.local/lib/python3.10/site-packages/airflow/example_dags/example_latest_only.py
[2023-01-07T01:37:40.579+0100] {processor.py:753} INFO - DAG(s) dict_keys(['latest_only']) retrieved from /home/chrisfleig/.local/lib/python3.10/site-packages/airflow/example_dags/example_latest_only.py
[2023-01-07T01:37:40.608+0100] {logging_mixin.py:137} INFO - [2023-01-07T01:37:40.608+0100] {dag.py:2676} INFO - Sync 1 DAGs
[2023-01-07T01:37:40.630+0100] {logging_mixin.py:137} INFO - [2023-01-07T01:37:40.629+0100] {dag.py:3423} INFO - Setting next_dagrun for latest_only to 2023-01-06T20:37:40.629522+00:00, run_after=2023-01-07T00:37:40.629522+00:00
[2023-01-07T01:37:40.682+0100] {processor.py:175} INFO - Processing /home/chrisfleig/.local/lib/python3.10/site-packages/airflow/example_dags/example_latest_only.py took 0.126 seconds
[2023-01-07T01:38:42.233+0100] {processor.py:153} INFO - Started process (PID=13171) to work on /home/chrisfleig/.local/lib/python3.10/site-packages/airflow/example_dags/example_latest_only.py
[2023-01-07T01:38:42.234+0100] {processor.py:743} INFO - Processing file /home/chrisfleig/.local/lib/python3.10/site-packages/airflow/example_dags/example_latest_only.py for tasks to queue
[2023-01-07T01:38:42.235+0100] {logging_mixin.py:137} INFO - [2023-01-07T01:38:42.235+0100] {dagbag.py:538} INFO - Filling up the DagBag from /home/chrisfleig/.local/lib/python3.10/site-packages/airflow/example_dags/example_latest_only.py
[2023-01-07T01:38:42.251+0100] {processor.py:753} INFO - DAG(s) dict_keys(['latest_only']) retrieved from /home/chrisfleig/.local/lib/python3.10/site-packages/airflow/example_dags/example_latest_only.py
[2023-01-07T01:38:42.271+0100] {logging_mixin.py:137} INFO - [2023-01-07T01:38:42.271+0100] {dag.py:2676} INFO - Sync 1 DAGs
[2023-01-07T01:38:42.290+0100] {logging_mixin.py:137} INFO - [2023-01-07T01:38:42.289+0100] {dag.py:3423} INFO - Setting next_dagrun for latest_only to 2023-01-06T20:38:42.289573+00:00, run_after=2023-01-07T00:38:42.289573+00:00
[2023-01-07T01:38:42.414+0100] {processor.py:175} INFO - Processing /home/chrisfleig/.local/lib/python3.10/site-packages/airflow/example_dags/example_latest_only.py took 0.185 seconds
[2023-01-07T01:39:49.651+0100] {processor.py:153} INFO - Started process (PID=13229) to work on /home/chrisfleig/.local/lib/python3.10/site-packages/airflow/example_dags/example_latest_only.py
[2023-01-07T01:39:49.652+0100] {processor.py:743} INFO - Processing file /home/chrisfleig/.local/lib/python3.10/site-packages/airflow/example_dags/example_latest_only.py for tasks to queue
[2023-01-07T01:39:49.654+0100] {logging_mixin.py:137} INFO - [2023-01-07T01:39:49.653+0100] {dagbag.py:538} INFO - Filling up the DagBag from /home/chrisfleig/.local/lib/python3.10/site-packages/airflow/example_dags/example_latest_only.py
[2023-01-07T01:39:49.680+0100] {processor.py:753} INFO - DAG(s) dict_keys(['latest_only']) retrieved from /home/chrisfleig/.local/lib/python3.10/site-packages/airflow/example_dags/example_latest_only.py
[2023-01-07T01:39:49.716+0100] {logging_mixin.py:137} INFO - [2023-01-07T01:39:49.716+0100] {dag.py:2676} INFO - Sync 1 DAGs
[2023-01-07T01:39:49.901+0100] {logging_mixin.py:137} INFO - [2023-01-07T01:39:49.901+0100] {dag.py:3423} INFO - Setting next_dagrun for latest_only to 2023-01-06T20:39:49.901008+00:00, run_after=2023-01-07T00:39:49.901008+00:00
[2023-01-07T01:39:49.963+0100] {processor.py:175} INFO - Processing /home/chrisfleig/.local/lib/python3.10/site-packages/airflow/example_dags/example_latest_only.py took 0.316 seconds
[2023-01-07T01:41:01.213+0100] {processor.py:153} INFO - Started process (PID=13293) to work on /home/chrisfleig/.local/lib/python3.10/site-packages/airflow/example_dags/example_latest_only.py
[2023-01-07T01:41:01.215+0100] {processor.py:743} INFO - Processing file /home/chrisfleig/.local/lib/python3.10/site-packages/airflow/example_dags/example_latest_only.py for tasks to queue
[2023-01-07T01:41:01.215+0100] {logging_mixin.py:137} INFO - [2023-01-07T01:41:01.215+0100] {dagbag.py:538} INFO - Filling up the DagBag from /home/chrisfleig/.local/lib/python3.10/site-packages/airflow/example_dags/example_latest_only.py
[2023-01-07T01:41:01.229+0100] {processor.py:753} INFO - DAG(s) dict_keys(['latest_only']) retrieved from /home/chrisfleig/.local/lib/python3.10/site-packages/airflow/example_dags/example_latest_only.py
[2023-01-07T01:41:01.341+0100] {logging_mixin.py:137} INFO - [2023-01-07T01:41:01.341+0100] {dag.py:2676} INFO - Sync 1 DAGs
[2023-01-07T01:41:01.359+0100] {logging_mixin.py:137} INFO - [2023-01-07T01:41:01.359+0100] {dag.py:3423} INFO - Setting next_dagrun for latest_only to 2023-01-06T20:41:01.358988+00:00, run_after=2023-01-07T00:41:01.358988+00:00
[2023-01-07T01:41:01.417+0100] {processor.py:175} INFO - Processing /home/chrisfleig/.local/lib/python3.10/site-packages/airflow/example_dags/example_latest_only.py took 0.207 seconds
[2023-01-07T01:42:17.188+0100] {processor.py:153} INFO - Started process (PID=13357) to work on /home/chrisfleig/.local/lib/python3.10/site-packages/airflow/example_dags/example_latest_only.py
[2023-01-07T01:42:17.189+0100] {processor.py:743} INFO - Processing file /home/chrisfleig/.local/lib/python3.10/site-packages/airflow/example_dags/example_latest_only.py for tasks to queue
[2023-01-07T01:42:17.190+0100] {logging_mixin.py:137} INFO - [2023-01-07T01:42:17.190+0100] {dagbag.py:538} INFO - Filling up the DagBag from /home/chrisfleig/.local/lib/python3.10/site-packages/airflow/example_dags/example_latest_only.py
[2023-01-07T01:42:17.207+0100] {processor.py:753} INFO - DAG(s) dict_keys(['latest_only']) retrieved from /home/chrisfleig/.local/lib/python3.10/site-packages/airflow/example_dags/example_latest_only.py
[2023-01-07T01:42:17.228+0100] {logging_mixin.py:137} INFO - [2023-01-07T01:42:17.228+0100] {dag.py:2676} INFO - Sync 1 DAGs
[2023-01-07T01:42:17.251+0100] {logging_mixin.py:137} INFO - [2023-01-07T01:42:17.251+0100] {dag.py:3423} INFO - Setting next_dagrun for latest_only to 2023-01-06T20:42:17.251148+00:00, run_after=2023-01-07T00:42:17.251148+00:00
[2023-01-07T01:42:17.299+0100] {processor.py:175} INFO - Processing /home/chrisfleig/.local/lib/python3.10/site-packages/airflow/example_dags/example_latest_only.py took 0.115 seconds
[2023-01-07T01:43:14.222+0100] {processor.py:153} INFO - Started process (PID=13405) to work on /home/chrisfleig/.local/lib/python3.10/site-packages/airflow/example_dags/example_latest_only.py
[2023-01-07T01:43:14.223+0100] {processor.py:743} INFO - Processing file /home/chrisfleig/.local/lib/python3.10/site-packages/airflow/example_dags/example_latest_only.py for tasks to queue
[2023-01-07T01:43:14.224+0100] {logging_mixin.py:137} INFO - [2023-01-07T01:43:14.223+0100] {dagbag.py:538} INFO - Filling up the DagBag from /home/chrisfleig/.local/lib/python3.10/site-packages/airflow/example_dags/example_latest_only.py
[2023-01-07T01:43:14.236+0100] {processor.py:753} INFO - DAG(s) dict_keys(['latest_only']) retrieved from /home/chrisfleig/.local/lib/python3.10/site-packages/airflow/example_dags/example_latest_only.py
[2023-01-07T01:43:14.256+0100] {logging_mixin.py:137} INFO - [2023-01-07T01:43:14.255+0100] {dag.py:2676} INFO - Sync 1 DAGs
[2023-01-07T01:43:14.271+0100] {logging_mixin.py:137} INFO - [2023-01-07T01:43:14.271+0100] {dag.py:3423} INFO - Setting next_dagrun for latest_only to 2023-01-06T20:43:14.271415+00:00, run_after=2023-01-07T00:43:14.271415+00:00
[2023-01-07T01:43:14.308+0100] {processor.py:175} INFO - Processing /home/chrisfleig/.local/lib/python3.10/site-packages/airflow/example_dags/example_latest_only.py took 0.090 seconds
[2023-01-07T01:44:23.536+0100] {processor.py:153} INFO - Started process (PID=13467) to work on /home/chrisfleig/.local/lib/python3.10/site-packages/airflow/example_dags/example_latest_only.py
[2023-01-07T01:44:23.537+0100] {processor.py:743} INFO - Processing file /home/chrisfleig/.local/lib/python3.10/site-packages/airflow/example_dags/example_latest_only.py for tasks to queue
[2023-01-07T01:44:23.538+0100] {logging_mixin.py:137} INFO - [2023-01-07T01:44:23.537+0100] {dagbag.py:538} INFO - Filling up the DagBag from /home/chrisfleig/.local/lib/python3.10/site-packages/airflow/example_dags/example_latest_only.py
[2023-01-07T01:44:23.550+0100] {processor.py:753} INFO - DAG(s) dict_keys(['latest_only']) retrieved from /home/chrisfleig/.local/lib/python3.10/site-packages/airflow/example_dags/example_latest_only.py
[2023-01-07T01:44:23.570+0100] {logging_mixin.py:137} INFO - [2023-01-07T01:44:23.570+0100] {dag.py:2676} INFO - Sync 1 DAGs
[2023-01-07T01:44:23.674+0100] {logging_mixin.py:137} INFO - [2023-01-07T01:44:23.674+0100] {dag.py:3423} INFO - Setting next_dagrun for latest_only to 2023-01-06T20:44:23.674633+00:00, run_after=2023-01-07T00:44:23.674633+00:00
[2023-01-07T01:44:23.734+0100] {processor.py:175} INFO - Processing /home/chrisfleig/.local/lib/python3.10/site-packages/airflow/example_dags/example_latest_only.py took 0.202 seconds
[2023-01-07T01:45:27.851+0100] {processor.py:153} INFO - Started process (PID=13523) to work on /home/chrisfleig/.local/lib/python3.10/site-packages/airflow/example_dags/example_latest_only.py
[2023-01-07T01:45:27.852+0100] {processor.py:743} INFO - Processing file /home/chrisfleig/.local/lib/python3.10/site-packages/airflow/example_dags/example_latest_only.py for tasks to queue
[2023-01-07T01:45:27.853+0100] {logging_mixin.py:137} INFO - [2023-01-07T01:45:27.853+0100] {dagbag.py:538} INFO - Filling up the DagBag from /home/chrisfleig/.local/lib/python3.10/site-packages/airflow/example_dags/example_latest_only.py
[2023-01-07T01:45:27.867+0100] {processor.py:753} INFO - DAG(s) dict_keys(['latest_only']) retrieved from /home/chrisfleig/.local/lib/python3.10/site-packages/airflow/example_dags/example_latest_only.py
[2023-01-07T01:45:27.888+0100] {logging_mixin.py:137} INFO - [2023-01-07T01:45:27.888+0100] {dag.py:2676} INFO - Sync 1 DAGs
[2023-01-07T01:45:27.995+0100] {logging_mixin.py:137} INFO - [2023-01-07T01:45:27.994+0100] {dag.py:3423} INFO - Setting next_dagrun for latest_only to 2023-01-06T20:45:27.994588+00:00, run_after=2023-01-07T00:45:27.994588+00:00
[2023-01-07T01:45:28.031+0100] {processor.py:175} INFO - Processing /home/chrisfleig/.local/lib/python3.10/site-packages/airflow/example_dags/example_latest_only.py took 0.185 seconds
[2023-01-07T01:46:35.915+0100] {processor.py:153} INFO - Started process (PID=13586) to work on /home/chrisfleig/.local/lib/python3.10/site-packages/airflow/example_dags/example_latest_only.py
[2023-01-07T01:46:35.916+0100] {processor.py:743} INFO - Processing file /home/chrisfleig/.local/lib/python3.10/site-packages/airflow/example_dags/example_latest_only.py for tasks to queue
[2023-01-07T01:46:35.917+0100] {logging_mixin.py:137} INFO - [2023-01-07T01:46:35.917+0100] {dagbag.py:538} INFO - Filling up the DagBag from /home/chrisfleig/.local/lib/python3.10/site-packages/airflow/example_dags/example_latest_only.py
[2023-01-07T01:46:35.931+0100] {processor.py:753} INFO - DAG(s) dict_keys(['latest_only']) retrieved from /home/chrisfleig/.local/lib/python3.10/site-packages/airflow/example_dags/example_latest_only.py
[2023-01-07T01:46:36.048+0100] {logging_mixin.py:137} INFO - [2023-01-07T01:46:36.048+0100] {dag.py:2676} INFO - Sync 1 DAGs
[2023-01-07T01:46:36.063+0100] {logging_mixin.py:137} INFO - [2023-01-07T01:46:36.063+0100] {dag.py:3423} INFO - Setting next_dagrun for latest_only to 2023-01-06T20:46:36.063501+00:00, run_after=2023-01-07T00:46:36.063501+00:00
[2023-01-07T01:46:36.100+0100] {processor.py:175} INFO - Processing /home/chrisfleig/.local/lib/python3.10/site-packages/airflow/example_dags/example_latest_only.py took 0.189 seconds
[2023-01-07T01:47:34.608+0100] {processor.py:153} INFO - Started process (PID=13640) to work on /home/chrisfleig/.local/lib/python3.10/site-packages/airflow/example_dags/example_latest_only.py
[2023-01-07T01:47:34.611+0100] {processor.py:743} INFO - Processing file /home/chrisfleig/.local/lib/python3.10/site-packages/airflow/example_dags/example_latest_only.py for tasks to queue
[2023-01-07T01:47:34.613+0100] {logging_mixin.py:137} INFO - [2023-01-07T01:47:34.612+0100] {dagbag.py:538} INFO - Filling up the DagBag from /home/chrisfleig/.local/lib/python3.10/site-packages/airflow/example_dags/example_latest_only.py
[2023-01-07T01:47:34.632+0100] {processor.py:753} INFO - DAG(s) dict_keys(['latest_only']) retrieved from /home/chrisfleig/.local/lib/python3.10/site-packages/airflow/example_dags/example_latest_only.py
[2023-01-07T01:47:34.700+0100] {logging_mixin.py:137} INFO - [2023-01-07T01:47:34.699+0100] {dag.py:2676} INFO - Sync 1 DAGs
[2023-01-07T01:47:34.839+0100] {logging_mixin.py:137} INFO - [2023-01-07T01:47:34.838+0100] {dag.py:3423} INFO - Setting next_dagrun for latest_only to 2023-01-06T20:47:34.837401+00:00, run_after=2023-01-07T00:47:34.837401+00:00
[2023-01-07T01:47:34.908+0100] {processor.py:175} INFO - Processing /home/chrisfleig/.local/lib/python3.10/site-packages/airflow/example_dags/example_latest_only.py took 0.304 seconds
[2023-01-07T01:48:35.407+0100] {processor.py:153} INFO - Started process (PID=13698) to work on /home/chrisfleig/.local/lib/python3.10/site-packages/airflow/example_dags/example_latest_only.py
[2023-01-07T01:48:35.408+0100] {processor.py:743} INFO - Processing file /home/chrisfleig/.local/lib/python3.10/site-packages/airflow/example_dags/example_latest_only.py for tasks to queue
[2023-01-07T01:48:35.409+0100] {logging_mixin.py:137} INFO - [2023-01-07T01:48:35.409+0100] {dagbag.py:538} INFO - Filling up the DagBag from /home/chrisfleig/.local/lib/python3.10/site-packages/airflow/example_dags/example_latest_only.py
[2023-01-07T01:48:35.421+0100] {processor.py:753} INFO - DAG(s) dict_keys(['latest_only']) retrieved from /home/chrisfleig/.local/lib/python3.10/site-packages/airflow/example_dags/example_latest_only.py
[2023-01-07T01:48:35.460+0100] {logging_mixin.py:137} INFO - [2023-01-07T01:48:35.460+0100] {dag.py:2676} INFO - Sync 1 DAGs
[2023-01-07T01:48:35.493+0100] {logging_mixin.py:137} INFO - [2023-01-07T01:48:35.493+0100] {dag.py:3423} INFO - Setting next_dagrun for latest_only to 2023-01-06T20:48:35.493199+00:00, run_after=2023-01-07T00:48:35.493199+00:00
[2023-01-07T01:48:35.542+0100] {processor.py:175} INFO - Processing /home/chrisfleig/.local/lib/python3.10/site-packages/airflow/example_dags/example_latest_only.py took 0.138 seconds
[2023-01-07T01:49:57.673+0100] {processor.py:153} INFO - Started process (PID=13762) to work on /home/chrisfleig/.local/lib/python3.10/site-packages/airflow/example_dags/example_latest_only.py
[2023-01-07T01:49:57.675+0100] {processor.py:743} INFO - Processing file /home/chrisfleig/.local/lib/python3.10/site-packages/airflow/example_dags/example_latest_only.py for tasks to queue
[2023-01-07T01:49:57.676+0100] {logging_mixin.py:137} INFO - [2023-01-07T01:49:57.675+0100] {dagbag.py:538} INFO - Filling up the DagBag from /home/chrisfleig/.local/lib/python3.10/site-packages/airflow/example_dags/example_latest_only.py
[2023-01-07T01:49:57.691+0100] {processor.py:753} INFO - DAG(s) dict_keys(['latest_only']) retrieved from /home/chrisfleig/.local/lib/python3.10/site-packages/airflow/example_dags/example_latest_only.py
[2023-01-07T01:49:57.713+0100] {logging_mixin.py:137} INFO - [2023-01-07T01:49:57.713+0100] {dag.py:2676} INFO - Sync 1 DAGs
[2023-01-07T01:49:57.819+0100] {logging_mixin.py:137} INFO - [2023-01-07T01:49:57.818+0100] {dag.py:3423} INFO - Setting next_dagrun for latest_only to 2023-01-06T20:49:57.818670+00:00, run_after=2023-01-07T00:49:57.818670+00:00
[2023-01-07T01:49:57.858+0100] {processor.py:175} INFO - Processing /home/chrisfleig/.local/lib/python3.10/site-packages/airflow/example_dags/example_latest_only.py took 0.189 seconds
[2023-01-07T01:51:17.727+0100] {processor.py:153} INFO - Started process (PID=13832) to work on /home/chrisfleig/.local/lib/python3.10/site-packages/airflow/example_dags/example_latest_only.py
[2023-01-07T01:51:17.728+0100] {processor.py:743} INFO - Processing file /home/chrisfleig/.local/lib/python3.10/site-packages/airflow/example_dags/example_latest_only.py for tasks to queue
[2023-01-07T01:51:17.729+0100] {logging_mixin.py:137} INFO - [2023-01-07T01:51:17.729+0100] {dagbag.py:538} INFO - Filling up the DagBag from /home/chrisfleig/.local/lib/python3.10/site-packages/airflow/example_dags/example_latest_only.py
[2023-01-07T01:51:17.744+0100] {processor.py:753} INFO - DAG(s) dict_keys(['latest_only']) retrieved from /home/chrisfleig/.local/lib/python3.10/site-packages/airflow/example_dags/example_latest_only.py
[2023-01-07T01:51:17.770+0100] {logging_mixin.py:137} INFO - [2023-01-07T01:51:17.770+0100] {dag.py:2676} INFO - Sync 1 DAGs
[2023-01-07T01:51:17.891+0100] {logging_mixin.py:137} INFO - [2023-01-07T01:51:17.891+0100] {dag.py:3423} INFO - Setting next_dagrun for latest_only to 2023-01-06T20:51:17.891142+00:00, run_after=2023-01-07T00:51:17.891142+00:00
[2023-01-07T01:51:17.933+0100] {processor.py:175} INFO - Processing /home/chrisfleig/.local/lib/python3.10/site-packages/airflow/example_dags/example_latest_only.py took 0.211 seconds
[2023-01-07T01:52:16.225+0100] {processor.py:153} INFO - Started process (PID=13881) to work on /home/chrisfleig/.local/lib/python3.10/site-packages/airflow/example_dags/example_latest_only.py
[2023-01-07T01:52:16.226+0100] {processor.py:743} INFO - Processing file /home/chrisfleig/.local/lib/python3.10/site-packages/airflow/example_dags/example_latest_only.py for tasks to queue
[2023-01-07T01:52:16.227+0100] {logging_mixin.py:137} INFO - [2023-01-07T01:52:16.227+0100] {dagbag.py:538} INFO - Filling up the DagBag from /home/chrisfleig/.local/lib/python3.10/site-packages/airflow/example_dags/example_latest_only.py
[2023-01-07T01:52:16.241+0100] {processor.py:753} INFO - DAG(s) dict_keys(['latest_only']) retrieved from /home/chrisfleig/.local/lib/python3.10/site-packages/airflow/example_dags/example_latest_only.py
[2023-01-07T01:52:16.362+0100] {logging_mixin.py:137} INFO - [2023-01-07T01:52:16.362+0100] {dag.py:2676} INFO - Sync 1 DAGs
[2023-01-07T01:52:16.377+0100] {logging_mixin.py:137} INFO - [2023-01-07T01:52:16.377+0100] {dag.py:3423} INFO - Setting next_dagrun for latest_only to 2023-01-06T20:52:16.377413+00:00, run_after=2023-01-07T00:52:16.377413+00:00
[2023-01-07T01:52:16.428+0100] {processor.py:175} INFO - Processing /home/chrisfleig/.local/lib/python3.10/site-packages/airflow/example_dags/example_latest_only.py took 0.207 seconds
[2023-01-07T01:53:16.903+0100] {processor.py:153} INFO - Started process (PID=13938) to work on /home/chrisfleig/.local/lib/python3.10/site-packages/airflow/example_dags/example_latest_only.py
[2023-01-07T01:53:16.905+0100] {processor.py:743} INFO - Processing file /home/chrisfleig/.local/lib/python3.10/site-packages/airflow/example_dags/example_latest_only.py for tasks to queue
[2023-01-07T01:53:16.906+0100] {logging_mixin.py:137} INFO - [2023-01-07T01:53:16.906+0100] {dagbag.py:538} INFO - Filling up the DagBag from /home/chrisfleig/.local/lib/python3.10/site-packages/airflow/example_dags/example_latest_only.py
[2023-01-07T01:53:16.919+0100] {processor.py:753} INFO - DAG(s) dict_keys(['latest_only']) retrieved from /home/chrisfleig/.local/lib/python3.10/site-packages/airflow/example_dags/example_latest_only.py
[2023-01-07T01:53:16.940+0100] {logging_mixin.py:137} INFO - [2023-01-07T01:53:16.940+0100] {dag.py:2676} INFO - Sync 1 DAGs
[2023-01-07T01:53:16.957+0100] {logging_mixin.py:137} INFO - [2023-01-07T01:53:16.957+0100] {dag.py:3423} INFO - Setting next_dagrun for latest_only to 2023-01-06T20:53:16.957309+00:00, run_after=2023-01-07T00:53:16.957309+00:00
[2023-01-07T01:53:16.993+0100] {processor.py:175} INFO - Processing /home/chrisfleig/.local/lib/python3.10/site-packages/airflow/example_dags/example_latest_only.py took 0.093 seconds
[2023-01-07T01:54:16.134+0100] {processor.py:153} INFO - Started process (PID=13996) to work on /home/chrisfleig/.local/lib/python3.10/site-packages/airflow/example_dags/example_latest_only.py
[2023-01-07T01:54:16.136+0100] {processor.py:743} INFO - Processing file /home/chrisfleig/.local/lib/python3.10/site-packages/airflow/example_dags/example_latest_only.py for tasks to queue
[2023-01-07T01:54:16.137+0100] {logging_mixin.py:137} INFO - [2023-01-07T01:54:16.137+0100] {dagbag.py:538} INFO - Filling up the DagBag from /home/chrisfleig/.local/lib/python3.10/site-packages/airflow/example_dags/example_latest_only.py
[2023-01-07T01:54:16.150+0100] {processor.py:753} INFO - DAG(s) dict_keys(['latest_only']) retrieved from /home/chrisfleig/.local/lib/python3.10/site-packages/airflow/example_dags/example_latest_only.py
[2023-01-07T01:54:16.171+0100] {logging_mixin.py:137} INFO - [2023-01-07T01:54:16.171+0100] {dag.py:2676} INFO - Sync 1 DAGs
[2023-01-07T01:54:16.188+0100] {logging_mixin.py:137} INFO - [2023-01-07T01:54:16.187+0100] {dag.py:3423} INFO - Setting next_dagrun for latest_only to 2023-01-06T20:54:16.187747+00:00, run_after=2023-01-07T00:54:16.187747+00:00
[2023-01-07T01:54:16.226+0100] {processor.py:175} INFO - Processing /home/chrisfleig/.local/lib/python3.10/site-packages/airflow/example_dags/example_latest_only.py took 0.095 seconds
[2023-01-07T01:55:20.509+0100] {processor.py:153} INFO - Started process (PID=14053) to work on /home/chrisfleig/.local/lib/python3.10/site-packages/airflow/example_dags/example_latest_only.py
[2023-01-07T01:55:20.517+0100] {processor.py:743} INFO - Processing file /home/chrisfleig/.local/lib/python3.10/site-packages/airflow/example_dags/example_latest_only.py for tasks to queue
[2023-01-07T01:55:20.520+0100] {logging_mixin.py:137} INFO - [2023-01-07T01:55:20.519+0100] {dagbag.py:538} INFO - Filling up the DagBag from /home/chrisfleig/.local/lib/python3.10/site-packages/airflow/example_dags/example_latest_only.py
[2023-01-07T01:55:20.555+0100] {processor.py:753} INFO - DAG(s) dict_keys(['latest_only']) retrieved from /home/chrisfleig/.local/lib/python3.10/site-packages/airflow/example_dags/example_latest_only.py
[2023-01-07T01:55:20.590+0100] {logging_mixin.py:137} INFO - [2023-01-07T01:55:20.590+0100] {dag.py:2676} INFO - Sync 1 DAGs
[2023-01-07T01:55:20.740+0100] {logging_mixin.py:137} INFO - [2023-01-07T01:55:20.740+0100] {dag.py:3423} INFO - Setting next_dagrun for latest_only to 2023-01-06T20:55:20.739925+00:00, run_after=2023-01-07T00:55:20.739925+00:00
[2023-01-07T01:55:20.777+0100] {processor.py:175} INFO - Processing /home/chrisfleig/.local/lib/python3.10/site-packages/airflow/example_dags/example_latest_only.py took 0.271 seconds
[2023-01-07T01:56:24.604+0100] {processor.py:153} INFO - Started process (PID=14115) to work on /home/chrisfleig/.local/lib/python3.10/site-packages/airflow/example_dags/example_latest_only.py
[2023-01-07T01:56:24.606+0100] {processor.py:743} INFO - Processing file /home/chrisfleig/.local/lib/python3.10/site-packages/airflow/example_dags/example_latest_only.py for tasks to queue
[2023-01-07T01:56:24.607+0100] {logging_mixin.py:137} INFO - [2023-01-07T01:56:24.607+0100] {dagbag.py:538} INFO - Filling up the DagBag from /home/chrisfleig/.local/lib/python3.10/site-packages/airflow/example_dags/example_latest_only.py
[2023-01-07T01:56:24.628+0100] {processor.py:753} INFO - DAG(s) dict_keys(['latest_only']) retrieved from /home/chrisfleig/.local/lib/python3.10/site-packages/airflow/example_dags/example_latest_only.py
[2023-01-07T01:56:24.649+0100] {logging_mixin.py:137} INFO - [2023-01-07T01:56:24.648+0100] {dag.py:2676} INFO - Sync 1 DAGs
[2023-01-07T01:56:24.749+0100] {logging_mixin.py:137} INFO - [2023-01-07T01:56:24.748+0100] {dag.py:3423} INFO - Setting next_dagrun for latest_only to 2023-01-06T20:56:24.748809+00:00, run_after=2023-01-07T00:56:24.748809+00:00
[2023-01-07T01:56:24.784+0100] {processor.py:175} INFO - Processing /home/chrisfleig/.local/lib/python3.10/site-packages/airflow/example_dags/example_latest_only.py took 0.186 seconds
[2023-01-07T01:58:29.211+0100] {processor.py:153} INFO - Started process (PID=14217) to work on /home/chrisfleig/.local/lib/python3.10/site-packages/airflow/example_dags/example_latest_only.py
[2023-01-07T01:58:29.215+0100] {processor.py:743} INFO - Processing file /home/chrisfleig/.local/lib/python3.10/site-packages/airflow/example_dags/example_latest_only.py for tasks to queue
[2023-01-07T01:58:29.216+0100] {logging_mixin.py:137} INFO - [2023-01-07T01:58:29.216+0100] {dagbag.py:538} INFO - Filling up the DagBag from /home/chrisfleig/.local/lib/python3.10/site-packages/airflow/example_dags/example_latest_only.py
[2023-01-07T01:58:29.241+0100] {processor.py:753} INFO - DAG(s) dict_keys(['latest_only']) retrieved from /home/chrisfleig/.local/lib/python3.10/site-packages/airflow/example_dags/example_latest_only.py
[2023-01-07T01:58:29.448+0100] {logging_mixin.py:137} INFO - [2023-01-07T01:58:29.448+0100] {dag.py:2676} INFO - Sync 1 DAGs
[2023-01-07T01:58:29.473+0100] {logging_mixin.py:137} INFO - [2023-01-07T01:58:29.473+0100] {dag.py:3423} INFO - Setting next_dagrun for latest_only to 2023-01-06T20:58:29.473206+00:00, run_after=2023-01-07T00:58:29.473206+00:00
[2023-01-07T01:58:29.534+0100] {processor.py:175} INFO - Processing /home/chrisfleig/.local/lib/python3.10/site-packages/airflow/example_dags/example_latest_only.py took 0.346 seconds
[2023-01-07T01:59:21.395+0100] {processor.py:153} INFO - Started process (PID=14263) to work on /home/chrisfleig/.local/lib/python3.10/site-packages/airflow/example_dags/example_latest_only.py
[2023-01-07T01:59:21.399+0100] {processor.py:743} INFO - Processing file /home/chrisfleig/.local/lib/python3.10/site-packages/airflow/example_dags/example_latest_only.py for tasks to queue
[2023-01-07T01:59:21.402+0100] {logging_mixin.py:137} INFO - [2023-01-07T01:59:21.401+0100] {dagbag.py:538} INFO - Filling up the DagBag from /home/chrisfleig/.local/lib/python3.10/site-packages/airflow/example_dags/example_latest_only.py
[2023-01-07T01:59:21.426+0100] {processor.py:753} INFO - DAG(s) dict_keys(['latest_only']) retrieved from /home/chrisfleig/.local/lib/python3.10/site-packages/airflow/example_dags/example_latest_only.py
[2023-01-07T01:59:21.473+0100] {logging_mixin.py:137} INFO - [2023-01-07T01:59:21.472+0100] {dag.py:2676} INFO - Sync 1 DAGs
[2023-01-07T01:59:21.504+0100] {logging_mixin.py:137} INFO - [2023-01-07T01:59:21.504+0100] {dag.py:3423} INFO - Setting next_dagrun for latest_only to 2023-01-06T20:59:21.503942+00:00, run_after=2023-01-07T00:59:21.503942+00:00
[2023-01-07T01:59:21.541+0100] {processor.py:175} INFO - Processing /home/chrisfleig/.local/lib/python3.10/site-packages/airflow/example_dags/example_latest_only.py took 0.149 seconds
[2023-01-07T02:00:30.672+0100] {processor.py:153} INFO - Started process (PID=14331) to work on /home/chrisfleig/.local/lib/python3.10/site-packages/airflow/example_dags/example_latest_only.py
[2023-01-07T02:00:30.673+0100] {processor.py:743} INFO - Processing file /home/chrisfleig/.local/lib/python3.10/site-packages/airflow/example_dags/example_latest_only.py for tasks to queue
[2023-01-07T02:00:30.674+0100] {logging_mixin.py:137} INFO - [2023-01-07T02:00:30.674+0100] {dagbag.py:538} INFO - Filling up the DagBag from /home/chrisfleig/.local/lib/python3.10/site-packages/airflow/example_dags/example_latest_only.py
[2023-01-07T02:00:30.692+0100] {processor.py:753} INFO - DAG(s) dict_keys(['latest_only']) retrieved from /home/chrisfleig/.local/lib/python3.10/site-packages/airflow/example_dags/example_latest_only.py
[2023-01-07T02:00:30.713+0100] {logging_mixin.py:137} INFO - [2023-01-07T02:00:30.713+0100] {dag.py:2676} INFO - Sync 1 DAGs
[2023-01-07T02:00:30.731+0100] {logging_mixin.py:137} INFO - [2023-01-07T02:00:30.731+0100] {dag.py:3423} INFO - Setting next_dagrun for latest_only to 2023-01-06T21:00:30.731325+00:00, run_after=2023-01-07T01:00:30.731325+00:00
[2023-01-07T02:00:30.858+0100] {processor.py:175} INFO - Processing /home/chrisfleig/.local/lib/python3.10/site-packages/airflow/example_dags/example_latest_only.py took 0.189 seconds
[2023-01-07T02:01:37.051+0100] {processor.py:153} INFO - Started process (PID=14392) to work on /home/chrisfleig/.local/lib/python3.10/site-packages/airflow/example_dags/example_latest_only.py
[2023-01-07T02:01:37.053+0100] {processor.py:743} INFO - Processing file /home/chrisfleig/.local/lib/python3.10/site-packages/airflow/example_dags/example_latest_only.py for tasks to queue
[2023-01-07T02:01:37.054+0100] {logging_mixin.py:137} INFO - [2023-01-07T02:01:37.054+0100] {dagbag.py:538} INFO - Filling up the DagBag from /home/chrisfleig/.local/lib/python3.10/site-packages/airflow/example_dags/example_latest_only.py
[2023-01-07T02:01:37.070+0100] {processor.py:753} INFO - DAG(s) dict_keys(['latest_only']) retrieved from /home/chrisfleig/.local/lib/python3.10/site-packages/airflow/example_dags/example_latest_only.py
[2023-01-07T02:01:37.094+0100] {logging_mixin.py:137} INFO - [2023-01-07T02:01:37.094+0100] {dag.py:2676} INFO - Sync 1 DAGs
[2023-01-07T02:01:37.201+0100] {logging_mixin.py:137} INFO - [2023-01-07T02:01:37.201+0100] {dag.py:3423} INFO - Setting next_dagrun for latest_only to 2023-01-06T21:01:37.201110+00:00, run_after=2023-01-07T01:01:37.201110+00:00
[2023-01-07T02:01:37.239+0100] {processor.py:175} INFO - Processing /home/chrisfleig/.local/lib/python3.10/site-packages/airflow/example_dags/example_latest_only.py took 0.191 seconds
[2023-01-07T02:02:44.129+0100] {processor.py:153} INFO - Started process (PID=14452) to work on /home/chrisfleig/.local/lib/python3.10/site-packages/airflow/example_dags/example_latest_only.py
[2023-01-07T02:02:44.131+0100] {processor.py:743} INFO - Processing file /home/chrisfleig/.local/lib/python3.10/site-packages/airflow/example_dags/example_latest_only.py for tasks to queue
[2023-01-07T02:02:44.132+0100] {logging_mixin.py:137} INFO - [2023-01-07T02:02:44.132+0100] {dagbag.py:538} INFO - Filling up the DagBag from /home/chrisfleig/.local/lib/python3.10/site-packages/airflow/example_dags/example_latest_only.py
[2023-01-07T02:02:44.145+0100] {processor.py:753} INFO - DAG(s) dict_keys(['latest_only']) retrieved from /home/chrisfleig/.local/lib/python3.10/site-packages/airflow/example_dags/example_latest_only.py
[2023-01-07T02:02:44.169+0100] {logging_mixin.py:137} INFO - [2023-01-07T02:02:44.169+0100] {dag.py:2676} INFO - Sync 1 DAGs
[2023-01-07T02:02:44.296+0100] {logging_mixin.py:137} INFO - [2023-01-07T02:02:44.295+0100] {dag.py:3423} INFO - Setting next_dagrun for latest_only to 2023-01-06T21:02:44.295777+00:00, run_after=2023-01-07T01:02:44.295777+00:00
[2023-01-07T02:02:44.332+0100] {processor.py:175} INFO - Processing /home/chrisfleig/.local/lib/python3.10/site-packages/airflow/example_dags/example_latest_only.py took 0.206 seconds
[2023-01-07T02:03:52.157+0100] {processor.py:153} INFO - Started process (PID=14512) to work on /home/chrisfleig/.local/lib/python3.10/site-packages/airflow/example_dags/example_latest_only.py
[2023-01-07T02:03:52.159+0100] {processor.py:743} INFO - Processing file /home/chrisfleig/.local/lib/python3.10/site-packages/airflow/example_dags/example_latest_only.py for tasks to queue
[2023-01-07T02:03:52.159+0100] {logging_mixin.py:137} INFO - [2023-01-07T02:03:52.159+0100] {dagbag.py:538} INFO - Filling up the DagBag from /home/chrisfleig/.local/lib/python3.10/site-packages/airflow/example_dags/example_latest_only.py
[2023-01-07T02:03:52.174+0100] {processor.py:753} INFO - DAG(s) dict_keys(['latest_only']) retrieved from /home/chrisfleig/.local/lib/python3.10/site-packages/airflow/example_dags/example_latest_only.py
[2023-01-07T02:03:52.285+0100] {logging_mixin.py:137} INFO - [2023-01-07T02:03:52.285+0100] {dag.py:2676} INFO - Sync 1 DAGs
[2023-01-07T02:03:52.300+0100] {logging_mixin.py:137} INFO - [2023-01-07T02:03:52.300+0100] {dag.py:3423} INFO - Setting next_dagrun for latest_only to 2023-01-06T21:03:52.300518+00:00, run_after=2023-01-07T01:03:52.300518+00:00
[2023-01-07T02:03:52.335+0100] {processor.py:175} INFO - Processing /home/chrisfleig/.local/lib/python3.10/site-packages/airflow/example_dags/example_latest_only.py took 0.182 seconds
[2023-01-07T02:04:51.926+0100] {processor.py:153} INFO - Started process (PID=14569) to work on /home/chrisfleig/.local/lib/python3.10/site-packages/airflow/example_dags/example_latest_only.py
[2023-01-07T02:04:51.927+0100] {processor.py:743} INFO - Processing file /home/chrisfleig/.local/lib/python3.10/site-packages/airflow/example_dags/example_latest_only.py for tasks to queue
[2023-01-07T02:04:51.928+0100] {logging_mixin.py:137} INFO - [2023-01-07T02:04:51.928+0100] {dagbag.py:538} INFO - Filling up the DagBag from /home/chrisfleig/.local/lib/python3.10/site-packages/airflow/example_dags/example_latest_only.py
[2023-01-07T02:04:51.939+0100] {processor.py:753} INFO - DAG(s) dict_keys(['latest_only']) retrieved from /home/chrisfleig/.local/lib/python3.10/site-packages/airflow/example_dags/example_latest_only.py
[2023-01-07T02:04:51.959+0100] {logging_mixin.py:137} INFO - [2023-01-07T02:04:51.959+0100] {dag.py:2676} INFO - Sync 1 DAGs
[2023-01-07T02:04:51.975+0100] {logging_mixin.py:137} INFO - [2023-01-07T02:04:51.974+0100] {dag.py:3423} INFO - Setting next_dagrun for latest_only to 2023-01-06T21:04:51.974750+00:00, run_after=2023-01-07T01:04:51.974750+00:00
[2023-01-07T02:04:52.015+0100] {processor.py:175} INFO - Processing /home/chrisfleig/.local/lib/python3.10/site-packages/airflow/example_dags/example_latest_only.py took 0.091 seconds
[2023-01-07T02:06:24.000+0100] {processor.py:153} INFO - Started process (PID=14648) to work on /home/chrisfleig/.local/lib/python3.10/site-packages/airflow/example_dags/example_latest_only.py
[2023-01-07T02:06:24.001+0100] {processor.py:743} INFO - Processing file /home/chrisfleig/.local/lib/python3.10/site-packages/airflow/example_dags/example_latest_only.py for tasks to queue
[2023-01-07T02:06:24.002+0100] {logging_mixin.py:137} INFO - [2023-01-07T02:06:24.002+0100] {dagbag.py:538} INFO - Filling up the DagBag from /home/chrisfleig/.local/lib/python3.10/site-packages/airflow/example_dags/example_latest_only.py
[2023-01-07T02:06:24.017+0100] {processor.py:753} INFO - DAG(s) dict_keys(['latest_only']) retrieved from /home/chrisfleig/.local/lib/python3.10/site-packages/airflow/example_dags/example_latest_only.py
[2023-01-07T02:06:24.048+0100] {logging_mixin.py:137} INFO - [2023-01-07T02:06:24.047+0100] {dag.py:2676} INFO - Sync 1 DAGs
[2023-01-07T02:06:24.239+0100] {logging_mixin.py:137} INFO - [2023-01-07T02:06:24.239+0100] {dag.py:3423} INFO - Setting next_dagrun for latest_only to 2023-01-06T21:06:24.238994+00:00, run_after=2023-01-07T01:06:24.238994+00:00
[2023-01-07T02:06:24.464+0100] {processor.py:175} INFO - Processing /home/chrisfleig/.local/lib/python3.10/site-packages/airflow/example_dags/example_latest_only.py took 0.470 seconds
[2023-01-07T02:07:20.596+0100] {processor.py:153} INFO - Started process (PID=14694) to work on /home/chrisfleig/.local/lib/python3.10/site-packages/airflow/example_dags/example_latest_only.py
[2023-01-07T02:07:20.598+0100] {processor.py:743} INFO - Processing file /home/chrisfleig/.local/lib/python3.10/site-packages/airflow/example_dags/example_latest_only.py for tasks to queue
[2023-01-07T02:07:20.599+0100] {logging_mixin.py:137} INFO - [2023-01-07T02:07:20.599+0100] {dagbag.py:538} INFO - Filling up the DagBag from /home/chrisfleig/.local/lib/python3.10/site-packages/airflow/example_dags/example_latest_only.py
[2023-01-07T02:07:20.611+0100] {processor.py:753} INFO - DAG(s) dict_keys(['latest_only']) retrieved from /home/chrisfleig/.local/lib/python3.10/site-packages/airflow/example_dags/example_latest_only.py
[2023-01-07T02:07:20.648+0100] {logging_mixin.py:137} INFO - [2023-01-07T02:07:20.648+0100] {dag.py:2676} INFO - Sync 1 DAGs
[2023-01-07T02:07:20.860+0100] {logging_mixin.py:137} INFO - [2023-01-07T02:07:20.860+0100] {dag.py:3423} INFO - Setting next_dagrun for latest_only to 2023-01-06T21:07:20.860244+00:00, run_after=2023-01-07T01:07:20.860244+00:00
[2023-01-07T02:07:20.918+0100] {processor.py:175} INFO - Processing /home/chrisfleig/.local/lib/python3.10/site-packages/airflow/example_dags/example_latest_only.py took 0.325 seconds
[2023-01-07T02:08:13.887+0100] {processor.py:153} INFO - Started process (PID=14739) to work on /home/chrisfleig/.local/lib/python3.10/site-packages/airflow/example_dags/example_latest_only.py
[2023-01-07T02:08:13.889+0100] {processor.py:743} INFO - Processing file /home/chrisfleig/.local/lib/python3.10/site-packages/airflow/example_dags/example_latest_only.py for tasks to queue
[2023-01-07T02:08:13.889+0100] {logging_mixin.py:137} INFO - [2023-01-07T02:08:13.889+0100] {dagbag.py:538} INFO - Filling up the DagBag from /home/chrisfleig/.local/lib/python3.10/site-packages/airflow/example_dags/example_latest_only.py
[2023-01-07T02:08:13.903+0100] {processor.py:753} INFO - DAG(s) dict_keys(['latest_only']) retrieved from /home/chrisfleig/.local/lib/python3.10/site-packages/airflow/example_dags/example_latest_only.py
[2023-01-07T02:08:13.927+0100] {logging_mixin.py:137} INFO - [2023-01-07T02:08:13.927+0100] {dag.py:2676} INFO - Sync 1 DAGs
[2023-01-07T02:08:14.046+0100] {logging_mixin.py:137} INFO - [2023-01-07T02:08:14.046+0100] {dag.py:3423} INFO - Setting next_dagrun for latest_only to 2023-01-06T21:08:14.046200+00:00, run_after=2023-01-07T01:08:14.046200+00:00
[2023-01-07T02:08:14.090+0100] {processor.py:175} INFO - Processing /home/chrisfleig/.local/lib/python3.10/site-packages/airflow/example_dags/example_latest_only.py took 0.205 seconds
[2023-01-07T02:09:53.821+0100] {processor.py:153} INFO - Started process (PID=14823) to work on /home/chrisfleig/.local/lib/python3.10/site-packages/airflow/example_dags/example_latest_only.py
[2023-01-07T02:09:53.823+0100] {processor.py:743} INFO - Processing file /home/chrisfleig/.local/lib/python3.10/site-packages/airflow/example_dags/example_latest_only.py for tasks to queue
[2023-01-07T02:09:53.824+0100] {logging_mixin.py:137} INFO - [2023-01-07T02:09:53.824+0100] {dagbag.py:538} INFO - Filling up the DagBag from /home/chrisfleig/.local/lib/python3.10/site-packages/airflow/example_dags/example_latest_only.py
[2023-01-07T02:09:53.838+0100] {processor.py:753} INFO - DAG(s) dict_keys(['latest_only']) retrieved from /home/chrisfleig/.local/lib/python3.10/site-packages/airflow/example_dags/example_latest_only.py
[2023-01-07T02:09:53.945+0100] {logging_mixin.py:137} INFO - [2023-01-07T02:09:53.945+0100] {dag.py:2676} INFO - Sync 1 DAGs
[2023-01-07T02:09:53.963+0100] {logging_mixin.py:137} INFO - [2023-01-07T02:09:53.963+0100] {dag.py:3423} INFO - Setting next_dagrun for latest_only to 2023-01-06T21:09:53.962978+00:00, run_after=2023-01-07T01:09:53.962978+00:00
[2023-01-07T02:09:54.000+0100] {processor.py:175} INFO - Processing /home/chrisfleig/.local/lib/python3.10/site-packages/airflow/example_dags/example_latest_only.py took 0.184 seconds
[2023-01-07T02:11:04.666+0100] {processor.py:153} INFO - Started process (PID=14887) to work on /home/chrisfleig/.local/lib/python3.10/site-packages/airflow/example_dags/example_latest_only.py
[2023-01-07T02:11:04.667+0100] {processor.py:743} INFO - Processing file /home/chrisfleig/.local/lib/python3.10/site-packages/airflow/example_dags/example_latest_only.py for tasks to queue
[2023-01-07T02:11:04.668+0100] {logging_mixin.py:137} INFO - [2023-01-07T02:11:04.668+0100] {dagbag.py:538} INFO - Filling up the DagBag from /home/chrisfleig/.local/lib/python3.10/site-packages/airflow/example_dags/example_latest_only.py
[2023-01-07T02:11:04.682+0100] {processor.py:753} INFO - DAG(s) dict_keys(['latest_only']) retrieved from /home/chrisfleig/.local/lib/python3.10/site-packages/airflow/example_dags/example_latest_only.py
[2023-01-07T02:11:04.705+0100] {logging_mixin.py:137} INFO - [2023-01-07T02:11:04.705+0100] {dag.py:2676} INFO - Sync 1 DAGs
[2023-01-07T02:11:04.724+0100] {logging_mixin.py:137} INFO - [2023-01-07T02:11:04.724+0100] {dag.py:3423} INFO - Setting next_dagrun for latest_only to 2023-01-06T21:11:04.723774+00:00, run_after=2023-01-07T01:11:04.723774+00:00
[2023-01-07T02:11:04.773+0100] {processor.py:175} INFO - Processing /home/chrisfleig/.local/lib/python3.10/site-packages/airflow/example_dags/example_latest_only.py took 0.110 seconds
[2023-01-07T02:12:10.973+0100] {processor.py:153} INFO - Started process (PID=14946) to work on /home/chrisfleig/.local/lib/python3.10/site-packages/airflow/example_dags/example_latest_only.py
[2023-01-07T02:12:10.974+0100] {processor.py:743} INFO - Processing file /home/chrisfleig/.local/lib/python3.10/site-packages/airflow/example_dags/example_latest_only.py for tasks to queue
[2023-01-07T02:12:10.975+0100] {logging_mixin.py:137} INFO - [2023-01-07T02:12:10.975+0100] {dagbag.py:538} INFO - Filling up the DagBag from /home/chrisfleig/.local/lib/python3.10/site-packages/airflow/example_dags/example_latest_only.py
[2023-01-07T02:12:10.987+0100] {processor.py:753} INFO - DAG(s) dict_keys(['latest_only']) retrieved from /home/chrisfleig/.local/lib/python3.10/site-packages/airflow/example_dags/example_latest_only.py
[2023-01-07T02:12:11.006+0100] {logging_mixin.py:137} INFO - [2023-01-07T02:12:11.006+0100] {dag.py:2676} INFO - Sync 1 DAGs
[2023-01-07T02:12:11.024+0100] {logging_mixin.py:137} INFO - [2023-01-07T02:12:11.024+0100] {dag.py:3423} INFO - Setting next_dagrun for latest_only to 2023-01-06T21:12:11.024621+00:00, run_after=2023-01-07T01:12:11.024621+00:00
[2023-01-07T02:12:11.164+0100] {processor.py:175} INFO - Processing /home/chrisfleig/.local/lib/python3.10/site-packages/airflow/example_dags/example_latest_only.py took 0.193 seconds
