[2023-01-07T01:00:10.175+0100] {processor.py:153} INFO - Started process (PID=10910) to work on /home/chrisfleig/.local/lib/python3.10/site-packages/airflow/example_dags/example_sensors.py
[2023-01-07T01:00:10.176+0100] {processor.py:743} INFO - Processing file /home/chrisfleig/.local/lib/python3.10/site-packages/airflow/example_dags/example_sensors.py for tasks to queue
[2023-01-07T01:00:10.177+0100] {logging_mixin.py:137} INFO - [2023-01-07T01:00:10.176+0100] {dagbag.py:538} INFO - Filling up the DagBag from /home/chrisfleig/.local/lib/python3.10/site-packages/airflow/example_dags/example_sensors.py
[2023-01-07T01:00:10.198+0100] {processor.py:753} INFO - DAG(s) dict_keys(['example_sensors']) retrieved from /home/chrisfleig/.local/lib/python3.10/site-packages/airflow/example_dags/example_sensors.py
[2023-01-07T01:00:10.224+0100] {logging_mixin.py:137} INFO - [2023-01-07T01:00:10.224+0100] {dag.py:2676} INFO - Sync 1 DAGs
[2023-01-07T01:00:10.242+0100] {logging_mixin.py:137} INFO - [2023-01-07T01:00:10.242+0100] {dag.py:3423} INFO - Setting next_dagrun for example_sensors to None, run_after=None
[2023-01-07T01:00:10.288+0100] {processor.py:175} INFO - Processing /home/chrisfleig/.local/lib/python3.10/site-packages/airflow/example_dags/example_sensors.py took 0.118 seconds
[2023-01-07T01:00:57.689+0100] {processor.py:153} INFO - Started process (PID=10956) to work on /home/chrisfleig/.local/lib/python3.10/site-packages/airflow/example_dags/example_sensors.py
[2023-01-07T01:00:57.690+0100] {processor.py:743} INFO - Processing file /home/chrisfleig/.local/lib/python3.10/site-packages/airflow/example_dags/example_sensors.py for tasks to queue
[2023-01-07T01:00:57.691+0100] {logging_mixin.py:137} INFO - [2023-01-07T01:00:57.691+0100] {dagbag.py:538} INFO - Filling up the DagBag from /home/chrisfleig/.local/lib/python3.10/site-packages/airflow/example_dags/example_sensors.py
[2023-01-07T01:00:57.709+0100] {processor.py:753} INFO - DAG(s) dict_keys(['example_sensors']) retrieved from /home/chrisfleig/.local/lib/python3.10/site-packages/airflow/example_dags/example_sensors.py
[2023-01-07T01:00:57.738+0100] {logging_mixin.py:137} INFO - [2023-01-07T01:00:57.738+0100] {dag.py:2676} INFO - Sync 1 DAGs
[2023-01-07T01:00:57.761+0100] {logging_mixin.py:137} INFO - [2023-01-07T01:00:57.761+0100] {dag.py:3423} INFO - Setting next_dagrun for example_sensors to None, run_after=None
[2023-01-07T01:00:57.827+0100] {processor.py:175} INFO - Processing /home/chrisfleig/.local/lib/python3.10/site-packages/airflow/example_dags/example_sensors.py took 0.142 seconds
[2023-01-07T01:01:51.064+0100] {processor.py:153} INFO - Started process (PID=11008) to work on /home/chrisfleig/.local/lib/python3.10/site-packages/airflow/example_dags/example_sensors.py
[2023-01-07T01:01:51.067+0100] {processor.py:743} INFO - Processing file /home/chrisfleig/.local/lib/python3.10/site-packages/airflow/example_dags/example_sensors.py for tasks to queue
[2023-01-07T01:01:51.070+0100] {logging_mixin.py:137} INFO - [2023-01-07T01:01:51.069+0100] {dagbag.py:538} INFO - Filling up the DagBag from /home/chrisfleig/.local/lib/python3.10/site-packages/airflow/example_dags/example_sensors.py
[2023-01-07T01:01:51.098+0100] {processor.py:753} INFO - DAG(s) dict_keys(['example_sensors']) retrieved from /home/chrisfleig/.local/lib/python3.10/site-packages/airflow/example_dags/example_sensors.py
[2023-01-07T01:01:51.124+0100] {logging_mixin.py:137} INFO - [2023-01-07T01:01:51.124+0100] {dag.py:2676} INFO - Sync 1 DAGs
[2023-01-07T01:01:51.141+0100] {logging_mixin.py:137} INFO - [2023-01-07T01:01:51.141+0100] {dag.py:3423} INFO - Setting next_dagrun for example_sensors to None, run_after=None
[2023-01-07T01:01:51.264+0100] {processor.py:175} INFO - Processing /home/chrisfleig/.local/lib/python3.10/site-packages/airflow/example_dags/example_sensors.py took 0.204 seconds
[2023-01-07T01:02:46.154+0100] {processor.py:153} INFO - Started process (PID=11058) to work on /home/chrisfleig/.local/lib/python3.10/site-packages/airflow/example_dags/example_sensors.py
[2023-01-07T01:02:46.155+0100] {processor.py:743} INFO - Processing file /home/chrisfleig/.local/lib/python3.10/site-packages/airflow/example_dags/example_sensors.py for tasks to queue
[2023-01-07T01:02:46.156+0100] {logging_mixin.py:137} INFO - [2023-01-07T01:02:46.156+0100] {dagbag.py:538} INFO - Filling up the DagBag from /home/chrisfleig/.local/lib/python3.10/site-packages/airflow/example_dags/example_sensors.py
[2023-01-07T01:02:46.174+0100] {processor.py:753} INFO - DAG(s) dict_keys(['example_sensors']) retrieved from /home/chrisfleig/.local/lib/python3.10/site-packages/airflow/example_dags/example_sensors.py
[2023-01-07T01:02:46.198+0100] {logging_mixin.py:137} INFO - [2023-01-07T01:02:46.198+0100] {dag.py:2676} INFO - Sync 1 DAGs
[2023-01-07T01:02:46.299+0100] {logging_mixin.py:137} INFO - [2023-01-07T01:02:46.299+0100] {dag.py:3423} INFO - Setting next_dagrun for example_sensors to None, run_after=None
[2023-01-07T01:02:46.333+0100] {processor.py:175} INFO - Processing /home/chrisfleig/.local/lib/python3.10/site-packages/airflow/example_dags/example_sensors.py took 0.182 seconds
[2023-01-07T01:03:41.746+0100] {processor.py:153} INFO - Started process (PID=11111) to work on /home/chrisfleig/.local/lib/python3.10/site-packages/airflow/example_dags/example_sensors.py
[2023-01-07T01:03:41.748+0100] {processor.py:743} INFO - Processing file /home/chrisfleig/.local/lib/python3.10/site-packages/airflow/example_dags/example_sensors.py for tasks to queue
[2023-01-07T01:03:41.749+0100] {logging_mixin.py:137} INFO - [2023-01-07T01:03:41.748+0100] {dagbag.py:538} INFO - Filling up the DagBag from /home/chrisfleig/.local/lib/python3.10/site-packages/airflow/example_dags/example_sensors.py
[2023-01-07T01:03:41.769+0100] {processor.py:753} INFO - DAG(s) dict_keys(['example_sensors']) retrieved from /home/chrisfleig/.local/lib/python3.10/site-packages/airflow/example_dags/example_sensors.py
[2023-01-07T01:03:41.792+0100] {logging_mixin.py:137} INFO - [2023-01-07T01:03:41.792+0100] {dag.py:2676} INFO - Sync 1 DAGs
[2023-01-07T01:03:41.896+0100] {logging_mixin.py:137} INFO - [2023-01-07T01:03:41.896+0100] {dag.py:3423} INFO - Setting next_dagrun for example_sensors to None, run_after=None
[2023-01-07T01:03:41.931+0100] {processor.py:175} INFO - Processing /home/chrisfleig/.local/lib/python3.10/site-packages/airflow/example_dags/example_sensors.py took 0.189 seconds
[2023-01-07T01:04:41.494+0100] {processor.py:153} INFO - Started process (PID=11165) to work on /home/chrisfleig/.local/lib/python3.10/site-packages/airflow/example_dags/example_sensors.py
[2023-01-07T01:04:41.495+0100] {processor.py:743} INFO - Processing file /home/chrisfleig/.local/lib/python3.10/site-packages/airflow/example_dags/example_sensors.py for tasks to queue
[2023-01-07T01:04:41.495+0100] {logging_mixin.py:137} INFO - [2023-01-07T01:04:41.495+0100] {dagbag.py:538} INFO - Filling up the DagBag from /home/chrisfleig/.local/lib/python3.10/site-packages/airflow/example_dags/example_sensors.py
[2023-01-07T01:04:41.524+0100] {processor.py:753} INFO - DAG(s) dict_keys(['example_sensors']) retrieved from /home/chrisfleig/.local/lib/python3.10/site-packages/airflow/example_dags/example_sensors.py
[2023-01-07T01:04:41.559+0100] {logging_mixin.py:137} INFO - [2023-01-07T01:04:41.559+0100] {dag.py:2676} INFO - Sync 1 DAGs
[2023-01-07T01:04:41.583+0100] {logging_mixin.py:137} INFO - [2023-01-07T01:04:41.583+0100] {dag.py:3423} INFO - Setting next_dagrun for example_sensors to None, run_after=None
[2023-01-07T01:04:41.635+0100] {processor.py:175} INFO - Processing /home/chrisfleig/.local/lib/python3.10/site-packages/airflow/example_dags/example_sensors.py took 0.146 seconds
[2023-01-07T01:05:26.300+0100] {processor.py:153} INFO - Started process (PID=11209) to work on /home/chrisfleig/.local/lib/python3.10/site-packages/airflow/example_dags/example_sensors.py
[2023-01-07T01:05:26.302+0100] {processor.py:743} INFO - Processing file /home/chrisfleig/.local/lib/python3.10/site-packages/airflow/example_dags/example_sensors.py for tasks to queue
[2023-01-07T01:05:26.302+0100] {logging_mixin.py:137} INFO - [2023-01-07T01:05:26.302+0100] {dagbag.py:538} INFO - Filling up the DagBag from /home/chrisfleig/.local/lib/python3.10/site-packages/airflow/example_dags/example_sensors.py
[2023-01-07T01:05:26.336+0100] {processor.py:753} INFO - DAG(s) dict_keys(['example_sensors']) retrieved from /home/chrisfleig/.local/lib/python3.10/site-packages/airflow/example_dags/example_sensors.py
[2023-01-07T01:05:26.382+0100] {logging_mixin.py:137} INFO - [2023-01-07T01:05:26.382+0100] {dag.py:2676} INFO - Sync 1 DAGs
[2023-01-07T01:05:26.414+0100] {logging_mixin.py:137} INFO - [2023-01-07T01:05:26.413+0100] {dag.py:3423} INFO - Setting next_dagrun for example_sensors to None, run_after=None
[2023-01-07T01:05:26.466+0100] {processor.py:175} INFO - Processing /home/chrisfleig/.local/lib/python3.10/site-packages/airflow/example_dags/example_sensors.py took 0.169 seconds
[2023-01-07T01:06:19.776+0100] {processor.py:153} INFO - Started process (PID=11261) to work on /home/chrisfleig/.local/lib/python3.10/site-packages/airflow/example_dags/example_sensors.py
[2023-01-07T01:06:19.778+0100] {processor.py:743} INFO - Processing file /home/chrisfleig/.local/lib/python3.10/site-packages/airflow/example_dags/example_sensors.py for tasks to queue
[2023-01-07T01:06:19.778+0100] {logging_mixin.py:137} INFO - [2023-01-07T01:06:19.778+0100] {dagbag.py:538} INFO - Filling up the DagBag from /home/chrisfleig/.local/lib/python3.10/site-packages/airflow/example_dags/example_sensors.py
[2023-01-07T01:06:19.795+0100] {processor.py:753} INFO - DAG(s) dict_keys(['example_sensors']) retrieved from /home/chrisfleig/.local/lib/python3.10/site-packages/airflow/example_dags/example_sensors.py
[2023-01-07T01:06:19.818+0100] {logging_mixin.py:137} INFO - [2023-01-07T01:06:19.818+0100] {dag.py:2676} INFO - Sync 1 DAGs
[2023-01-07T01:06:19.835+0100] {logging_mixin.py:137} INFO - [2023-01-07T01:06:19.835+0100] {dag.py:3423} INFO - Setting next_dagrun for example_sensors to None, run_after=None
[2023-01-07T01:06:19.878+0100] {processor.py:175} INFO - Processing /home/chrisfleig/.local/lib/python3.10/site-packages/airflow/example_dags/example_sensors.py took 0.104 seconds
[2023-01-07T01:07:09.990+0100] {processor.py:153} INFO - Started process (PID=11309) to work on /home/chrisfleig/.local/lib/python3.10/site-packages/airflow/example_dags/example_sensors.py
[2023-01-07T01:07:09.992+0100] {processor.py:743} INFO - Processing file /home/chrisfleig/.local/lib/python3.10/site-packages/airflow/example_dags/example_sensors.py for tasks to queue
[2023-01-07T01:07:09.993+0100] {logging_mixin.py:137} INFO - [2023-01-07T01:07:09.993+0100] {dagbag.py:538} INFO - Filling up the DagBag from /home/chrisfleig/.local/lib/python3.10/site-packages/airflow/example_dags/example_sensors.py
[2023-01-07T01:07:10.013+0100] {processor.py:753} INFO - DAG(s) dict_keys(['example_sensors']) retrieved from /home/chrisfleig/.local/lib/python3.10/site-packages/airflow/example_dags/example_sensors.py
[2023-01-07T01:07:10.037+0100] {logging_mixin.py:137} INFO - [2023-01-07T01:07:10.036+0100] {dag.py:2676} INFO - Sync 1 DAGs
[2023-01-07T01:07:10.054+0100] {logging_mixin.py:137} INFO - [2023-01-07T01:07:10.054+0100] {dag.py:3423} INFO - Setting next_dagrun for example_sensors to None, run_after=None
[2023-01-07T01:07:10.206+0100] {processor.py:175} INFO - Processing /home/chrisfleig/.local/lib/python3.10/site-packages/airflow/example_dags/example_sensors.py took 0.220 seconds
[2023-01-07T01:08:09.290+0100] {processor.py:153} INFO - Started process (PID=11361) to work on /home/chrisfleig/.local/lib/python3.10/site-packages/airflow/example_dags/example_sensors.py
[2023-01-07T01:08:09.291+0100] {processor.py:743} INFO - Processing file /home/chrisfleig/.local/lib/python3.10/site-packages/airflow/example_dags/example_sensors.py for tasks to queue
[2023-01-07T01:08:09.292+0100] {logging_mixin.py:137} INFO - [2023-01-07T01:08:09.291+0100] {dagbag.py:538} INFO - Filling up the DagBag from /home/chrisfleig/.local/lib/python3.10/site-packages/airflow/example_dags/example_sensors.py
[2023-01-07T01:08:09.308+0100] {processor.py:753} INFO - DAG(s) dict_keys(['example_sensors']) retrieved from /home/chrisfleig/.local/lib/python3.10/site-packages/airflow/example_dags/example_sensors.py
[2023-01-07T01:08:09.329+0100] {logging_mixin.py:137} INFO - [2023-01-07T01:08:09.329+0100] {dag.py:2676} INFO - Sync 1 DAGs
[2023-01-07T01:08:09.443+0100] {logging_mixin.py:137} INFO - [2023-01-07T01:08:09.443+0100] {dag.py:3423} INFO - Setting next_dagrun for example_sensors to None, run_after=None
[2023-01-07T01:08:09.481+0100] {processor.py:175} INFO - Processing /home/chrisfleig/.local/lib/python3.10/site-packages/airflow/example_dags/example_sensors.py took 0.194 seconds
[2023-01-07T01:09:09.605+0100] {processor.py:153} INFO - Started process (PID=11415) to work on /home/chrisfleig/.local/lib/python3.10/site-packages/airflow/example_dags/example_sensors.py
[2023-01-07T01:09:09.607+0100] {processor.py:743} INFO - Processing file /home/chrisfleig/.local/lib/python3.10/site-packages/airflow/example_dags/example_sensors.py for tasks to queue
[2023-01-07T01:09:09.608+0100] {logging_mixin.py:137} INFO - [2023-01-07T01:09:09.608+0100] {dagbag.py:538} INFO - Filling up the DagBag from /home/chrisfleig/.local/lib/python3.10/site-packages/airflow/example_dags/example_sensors.py
[2023-01-07T01:09:09.625+0100] {processor.py:753} INFO - DAG(s) dict_keys(['example_sensors']) retrieved from /home/chrisfleig/.local/lib/python3.10/site-packages/airflow/example_dags/example_sensors.py
[2023-01-07T01:09:09.648+0100] {logging_mixin.py:137} INFO - [2023-01-07T01:09:09.648+0100] {dag.py:2676} INFO - Sync 1 DAGs
[2023-01-07T01:09:09.753+0100] {logging_mixin.py:137} INFO - [2023-01-07T01:09:09.753+0100] {dag.py:3423} INFO - Setting next_dagrun for example_sensors to None, run_after=None
[2023-01-07T01:09:09.790+0100] {processor.py:175} INFO - Processing /home/chrisfleig/.local/lib/python3.10/site-packages/airflow/example_dags/example_sensors.py took 0.190 seconds
[2023-01-07T01:10:00.843+0100] {processor.py:153} INFO - Started process (PID=11465) to work on /home/chrisfleig/.local/lib/python3.10/site-packages/airflow/example_dags/example_sensors.py
[2023-01-07T01:10:00.844+0100] {processor.py:743} INFO - Processing file /home/chrisfleig/.local/lib/python3.10/site-packages/airflow/example_dags/example_sensors.py for tasks to queue
[2023-01-07T01:10:00.845+0100] {logging_mixin.py:137} INFO - [2023-01-07T01:10:00.845+0100] {dagbag.py:538} INFO - Filling up the DagBag from /home/chrisfleig/.local/lib/python3.10/site-packages/airflow/example_dags/example_sensors.py
[2023-01-07T01:10:00.863+0100] {processor.py:753} INFO - DAG(s) dict_keys(['example_sensors']) retrieved from /home/chrisfleig/.local/lib/python3.10/site-packages/airflow/example_dags/example_sensors.py
[2023-01-07T01:10:00.888+0100] {logging_mixin.py:137} INFO - [2023-01-07T01:10:00.888+0100] {dag.py:2676} INFO - Sync 1 DAGs
[2023-01-07T01:10:00.906+0100] {logging_mixin.py:137} INFO - [2023-01-07T01:10:00.906+0100] {dag.py:3423} INFO - Setting next_dagrun for example_sensors to None, run_after=None
[2023-01-07T01:10:00.944+0100] {processor.py:175} INFO - Processing /home/chrisfleig/.local/lib/python3.10/site-packages/airflow/example_dags/example_sensors.py took 0.106 seconds
[2023-01-07T01:11:01.040+0100] {processor.py:153} INFO - Started process (PID=11522) to work on /home/chrisfleig/.local/lib/python3.10/site-packages/airflow/example_dags/example_sensors.py
[2023-01-07T01:11:01.041+0100] {processor.py:743} INFO - Processing file /home/chrisfleig/.local/lib/python3.10/site-packages/airflow/example_dags/example_sensors.py for tasks to queue
[2023-01-07T01:11:01.042+0100] {logging_mixin.py:137} INFO - [2023-01-07T01:11:01.042+0100] {dagbag.py:538} INFO - Filling up the DagBag from /home/chrisfleig/.local/lib/python3.10/site-packages/airflow/example_dags/example_sensors.py
[2023-01-07T01:11:01.061+0100] {processor.py:753} INFO - DAG(s) dict_keys(['example_sensors']) retrieved from /home/chrisfleig/.local/lib/python3.10/site-packages/airflow/example_dags/example_sensors.py
[2023-01-07T01:11:01.083+0100] {logging_mixin.py:137} INFO - [2023-01-07T01:11:01.082+0100] {dag.py:2676} INFO - Sync 1 DAGs
[2023-01-07T01:11:01.098+0100] {logging_mixin.py:137} INFO - [2023-01-07T01:11:01.098+0100] {dag.py:3423} INFO - Setting next_dagrun for example_sensors to None, run_after=None
[2023-01-07T01:11:01.138+0100] {processor.py:175} INFO - Processing /home/chrisfleig/.local/lib/python3.10/site-packages/airflow/example_dags/example_sensors.py took 0.102 seconds
[2023-01-07T01:12:00.273+0100] {processor.py:153} INFO - Started process (PID=11577) to work on /home/chrisfleig/.local/lib/python3.10/site-packages/airflow/example_dags/example_sensors.py
[2023-01-07T01:12:00.274+0100] {processor.py:743} INFO - Processing file /home/chrisfleig/.local/lib/python3.10/site-packages/airflow/example_dags/example_sensors.py for tasks to queue
[2023-01-07T01:12:00.275+0100] {logging_mixin.py:137} INFO - [2023-01-07T01:12:00.274+0100] {dagbag.py:538} INFO - Filling up the DagBag from /home/chrisfleig/.local/lib/python3.10/site-packages/airflow/example_dags/example_sensors.py
[2023-01-07T01:12:00.312+0100] {processor.py:753} INFO - DAG(s) dict_keys(['example_sensors']) retrieved from /home/chrisfleig/.local/lib/python3.10/site-packages/airflow/example_dags/example_sensors.py
[2023-01-07T01:12:00.360+0100] {logging_mixin.py:137} INFO - [2023-01-07T01:12:00.360+0100] {dag.py:2676} INFO - Sync 1 DAGs
[2023-01-07T01:12:00.393+0100] {logging_mixin.py:137} INFO - [2023-01-07T01:12:00.393+0100] {dag.py:3423} INFO - Setting next_dagrun for example_sensors to None, run_after=None
[2023-01-07T01:12:00.455+0100] {processor.py:175} INFO - Processing /home/chrisfleig/.local/lib/python3.10/site-packages/airflow/example_dags/example_sensors.py took 0.186 seconds
[2023-01-07T01:13:02.600+0100] {processor.py:153} INFO - Started process (PID=11641) to work on /home/chrisfleig/.local/lib/python3.10/site-packages/airflow/example_dags/example_sensors.py
[2023-01-07T01:13:02.601+0100] {processor.py:743} INFO - Processing file /home/chrisfleig/.local/lib/python3.10/site-packages/airflow/example_dags/example_sensors.py for tasks to queue
[2023-01-07T01:13:02.602+0100] {logging_mixin.py:137} INFO - [2023-01-07T01:13:02.602+0100] {dagbag.py:538} INFO - Filling up the DagBag from /home/chrisfleig/.local/lib/python3.10/site-packages/airflow/example_dags/example_sensors.py
[2023-01-07T01:13:02.619+0100] {processor.py:753} INFO - DAG(s) dict_keys(['example_sensors']) retrieved from /home/chrisfleig/.local/lib/python3.10/site-packages/airflow/example_dags/example_sensors.py
[2023-01-07T01:13:02.643+0100] {logging_mixin.py:137} INFO - [2023-01-07T01:13:02.643+0100] {dag.py:2676} INFO - Sync 1 DAGs
[2023-01-07T01:13:02.758+0100] {logging_mixin.py:137} INFO - [2023-01-07T01:13:02.758+0100] {dag.py:3423} INFO - Setting next_dagrun for example_sensors to None, run_after=None
[2023-01-07T01:13:02.796+0100] {processor.py:175} INFO - Processing /home/chrisfleig/.local/lib/python3.10/site-packages/airflow/example_dags/example_sensors.py took 0.199 seconds
[2023-01-07T01:14:09.814+0100] {processor.py:153} INFO - Started process (PID=11702) to work on /home/chrisfleig/.local/lib/python3.10/site-packages/airflow/example_dags/example_sensors.py
[2023-01-07T01:14:09.815+0100] {processor.py:743} INFO - Processing file /home/chrisfleig/.local/lib/python3.10/site-packages/airflow/example_dags/example_sensors.py for tasks to queue
[2023-01-07T01:14:09.816+0100] {logging_mixin.py:137} INFO - [2023-01-07T01:14:09.816+0100] {dagbag.py:538} INFO - Filling up the DagBag from /home/chrisfleig/.local/lib/python3.10/site-packages/airflow/example_dags/example_sensors.py
[2023-01-07T01:14:09.834+0100] {processor.py:753} INFO - DAG(s) dict_keys(['example_sensors']) retrieved from /home/chrisfleig/.local/lib/python3.10/site-packages/airflow/example_dags/example_sensors.py
[2023-01-07T01:14:09.857+0100] {logging_mixin.py:137} INFO - [2023-01-07T01:14:09.857+0100] {dag.py:2676} INFO - Sync 1 DAGs
[2023-01-07T01:14:09.974+0100] {logging_mixin.py:137} INFO - [2023-01-07T01:14:09.974+0100] {dag.py:3423} INFO - Setting next_dagrun for example_sensors to None, run_after=None
[2023-01-07T01:14:10.053+0100] {processor.py:175} INFO - Processing /home/chrisfleig/.local/lib/python3.10/site-packages/airflow/example_dags/example_sensors.py took 0.241 seconds
[2023-01-07T01:15:16.974+0100] {processor.py:153} INFO - Started process (PID=11763) to work on /home/chrisfleig/.local/lib/python3.10/site-packages/airflow/example_dags/example_sensors.py
[2023-01-07T01:15:16.975+0100] {processor.py:743} INFO - Processing file /home/chrisfleig/.local/lib/python3.10/site-packages/airflow/example_dags/example_sensors.py for tasks to queue
[2023-01-07T01:15:16.976+0100] {logging_mixin.py:137} INFO - [2023-01-07T01:15:16.976+0100] {dagbag.py:538} INFO - Filling up the DagBag from /home/chrisfleig/.local/lib/python3.10/site-packages/airflow/example_dags/example_sensors.py
[2023-01-07T01:15:16.995+0100] {processor.py:753} INFO - DAG(s) dict_keys(['example_sensors']) retrieved from /home/chrisfleig/.local/lib/python3.10/site-packages/airflow/example_dags/example_sensors.py
[2023-01-07T01:15:17.017+0100] {logging_mixin.py:137} INFO - [2023-01-07T01:15:17.017+0100] {dag.py:2676} INFO - Sync 1 DAGs
[2023-01-07T01:15:17.033+0100] {logging_mixin.py:137} INFO - [2023-01-07T01:15:17.033+0100] {dag.py:3423} INFO - Setting next_dagrun for example_sensors to None, run_after=None
[2023-01-07T01:15:17.069+0100] {processor.py:175} INFO - Processing /home/chrisfleig/.local/lib/python3.10/site-packages/airflow/example_dags/example_sensors.py took 0.099 seconds
[2023-01-07T01:16:13.069+0100] {processor.py:153} INFO - Started process (PID=11818) to work on /home/chrisfleig/.local/lib/python3.10/site-packages/airflow/example_dags/example_sensors.py
[2023-01-07T01:16:13.070+0100] {processor.py:743} INFO - Processing file /home/chrisfleig/.local/lib/python3.10/site-packages/airflow/example_dags/example_sensors.py for tasks to queue
[2023-01-07T01:16:13.071+0100] {logging_mixin.py:137} INFO - [2023-01-07T01:16:13.071+0100] {dagbag.py:538} INFO - Filling up the DagBag from /home/chrisfleig/.local/lib/python3.10/site-packages/airflow/example_dags/example_sensors.py
[2023-01-07T01:16:13.090+0100] {processor.py:753} INFO - DAG(s) dict_keys(['example_sensors']) retrieved from /home/chrisfleig/.local/lib/python3.10/site-packages/airflow/example_dags/example_sensors.py
[2023-01-07T01:16:13.117+0100] {logging_mixin.py:137} INFO - [2023-01-07T01:16:13.116+0100] {dag.py:2676} INFO - Sync 1 DAGs
[2023-01-07T01:16:13.135+0100] {logging_mixin.py:137} INFO - [2023-01-07T01:16:13.135+0100] {dag.py:3423} INFO - Setting next_dagrun for example_sensors to None, run_after=None
[2023-01-07T01:16:13.218+0100] {processor.py:175} INFO - Processing /home/chrisfleig/.local/lib/python3.10/site-packages/airflow/example_dags/example_sensors.py took 0.153 seconds
[2023-01-07T01:16:59.872+0100] {processor.py:153} INFO - Started process (PID=11870) to work on /home/chrisfleig/.local/lib/python3.10/site-packages/airflow/example_dags/example_sensors.py
[2023-01-07T01:16:59.873+0100] {processor.py:743} INFO - Processing file /home/chrisfleig/.local/lib/python3.10/site-packages/airflow/example_dags/example_sensors.py for tasks to queue
[2023-01-07T01:16:59.874+0100] {logging_mixin.py:137} INFO - [2023-01-07T01:16:59.874+0100] {dagbag.py:538} INFO - Filling up the DagBag from /home/chrisfleig/.local/lib/python3.10/site-packages/airflow/example_dags/example_sensors.py
[2023-01-07T01:16:59.892+0100] {processor.py:753} INFO - DAG(s) dict_keys(['example_sensors']) retrieved from /home/chrisfleig/.local/lib/python3.10/site-packages/airflow/example_dags/example_sensors.py
[2023-01-07T01:16:59.916+0100] {logging_mixin.py:137} INFO - [2023-01-07T01:16:59.916+0100] {dag.py:2676} INFO - Sync 1 DAGs
[2023-01-07T01:16:59.933+0100] {logging_mixin.py:137} INFO - [2023-01-07T01:16:59.932+0100] {dag.py:3423} INFO - Setting next_dagrun for example_sensors to None, run_after=None
[2023-01-07T01:16:59.971+0100] {processor.py:175} INFO - Processing /home/chrisfleig/.local/lib/python3.10/site-packages/airflow/example_dags/example_sensors.py took 0.102 seconds
[2023-01-07T01:18:05.754+0100] {processor.py:153} INFO - Started process (PID=11929) to work on /home/chrisfleig/.local/lib/python3.10/site-packages/airflow/example_dags/example_sensors.py
[2023-01-07T01:18:05.755+0100] {processor.py:743} INFO - Processing file /home/chrisfleig/.local/lib/python3.10/site-packages/airflow/example_dags/example_sensors.py for tasks to queue
[2023-01-07T01:18:05.756+0100] {logging_mixin.py:137} INFO - [2023-01-07T01:18:05.756+0100] {dagbag.py:538} INFO - Filling up the DagBag from /home/chrisfleig/.local/lib/python3.10/site-packages/airflow/example_dags/example_sensors.py
[2023-01-07T01:18:05.775+0100] {processor.py:753} INFO - DAG(s) dict_keys(['example_sensors']) retrieved from /home/chrisfleig/.local/lib/python3.10/site-packages/airflow/example_dags/example_sensors.py
[2023-01-07T01:18:05.798+0100] {logging_mixin.py:137} INFO - [2023-01-07T01:18:05.798+0100] {dag.py:2676} INFO - Sync 1 DAGs
[2023-01-07T01:18:05.904+0100] {logging_mixin.py:137} INFO - [2023-01-07T01:18:05.904+0100] {dag.py:3423} INFO - Setting next_dagrun for example_sensors to None, run_after=None
[2023-01-07T01:18:05.937+0100] {processor.py:175} INFO - Processing /home/chrisfleig/.local/lib/python3.10/site-packages/airflow/example_dags/example_sensors.py took 0.186 seconds
[2023-01-07T01:18:56.492+0100] {processor.py:153} INFO - Started process (PID=11972) to work on /home/chrisfleig/.local/lib/python3.10/site-packages/airflow/example_dags/example_sensors.py
[2023-01-07T01:18:56.494+0100] {processor.py:743} INFO - Processing file /home/chrisfleig/.local/lib/python3.10/site-packages/airflow/example_dags/example_sensors.py for tasks to queue
[2023-01-07T01:18:56.494+0100] {logging_mixin.py:137} INFO - [2023-01-07T01:18:56.494+0100] {dagbag.py:538} INFO - Filling up the DagBag from /home/chrisfleig/.local/lib/python3.10/site-packages/airflow/example_dags/example_sensors.py
[2023-01-07T01:18:56.512+0100] {processor.py:753} INFO - DAG(s) dict_keys(['example_sensors']) retrieved from /home/chrisfleig/.local/lib/python3.10/site-packages/airflow/example_dags/example_sensors.py
[2023-01-07T01:18:56.535+0100] {logging_mixin.py:137} INFO - [2023-01-07T01:18:56.535+0100] {dag.py:2676} INFO - Sync 1 DAGs
[2023-01-07T01:18:56.642+0100] {logging_mixin.py:137} INFO - [2023-01-07T01:18:56.642+0100] {dag.py:3423} INFO - Setting next_dagrun for example_sensors to None, run_after=None
[2023-01-07T01:18:56.678+0100] {processor.py:175} INFO - Processing /home/chrisfleig/.local/lib/python3.10/site-packages/airflow/example_dags/example_sensors.py took 0.190 seconds
[2023-01-07T01:19:47.692+0100] {processor.py:153} INFO - Started process (PID=12013) to work on /home/chrisfleig/.local/lib/python3.10/site-packages/airflow/example_dags/example_sensors.py
[2023-01-07T01:19:47.694+0100] {processor.py:743} INFO - Processing file /home/chrisfleig/.local/lib/python3.10/site-packages/airflow/example_dags/example_sensors.py for tasks to queue
[2023-01-07T01:19:47.695+0100] {logging_mixin.py:137} INFO - [2023-01-07T01:19:47.695+0100] {dagbag.py:538} INFO - Filling up the DagBag from /home/chrisfleig/.local/lib/python3.10/site-packages/airflow/example_dags/example_sensors.py
[2023-01-07T01:19:47.713+0100] {processor.py:753} INFO - DAG(s) dict_keys(['example_sensors']) retrieved from /home/chrisfleig/.local/lib/python3.10/site-packages/airflow/example_dags/example_sensors.py
[2023-01-07T01:19:47.824+0100] {logging_mixin.py:137} INFO - [2023-01-07T01:19:47.824+0100] {dag.py:2676} INFO - Sync 1 DAGs
[2023-01-07T01:19:47.838+0100] {logging_mixin.py:137} INFO - [2023-01-07T01:19:47.838+0100] {dag.py:3423} INFO - Setting next_dagrun for example_sensors to None, run_after=None
[2023-01-07T01:19:47.874+0100] {processor.py:175} INFO - Processing /home/chrisfleig/.local/lib/python3.10/site-packages/airflow/example_dags/example_sensors.py took 0.185 seconds
[2023-01-07T01:20:35.694+0100] {processor.py:153} INFO - Started process (PID=12057) to work on /home/chrisfleig/.local/lib/python3.10/site-packages/airflow/example_dags/example_sensors.py
[2023-01-07T01:20:35.696+0100] {processor.py:743} INFO - Processing file /home/chrisfleig/.local/lib/python3.10/site-packages/airflow/example_dags/example_sensors.py for tasks to queue
[2023-01-07T01:20:35.696+0100] {logging_mixin.py:137} INFO - [2023-01-07T01:20:35.696+0100] {dagbag.py:538} INFO - Filling up the DagBag from /home/chrisfleig/.local/lib/python3.10/site-packages/airflow/example_dags/example_sensors.py
[2023-01-07T01:20:35.730+0100] {processor.py:753} INFO - DAG(s) dict_keys(['example_sensors']) retrieved from /home/chrisfleig/.local/lib/python3.10/site-packages/airflow/example_dags/example_sensors.py
[2023-01-07T01:20:35.772+0100] {logging_mixin.py:137} INFO - [2023-01-07T01:20:35.770+0100] {dag.py:2676} INFO - Sync 1 DAGs
[2023-01-07T01:20:35.808+0100] {logging_mixin.py:137} INFO - [2023-01-07T01:20:35.808+0100] {dag.py:3423} INFO - Setting next_dagrun for example_sensors to None, run_after=None
[2023-01-07T01:20:35.867+0100] {processor.py:175} INFO - Processing /home/chrisfleig/.local/lib/python3.10/site-packages/airflow/example_dags/example_sensors.py took 0.181 seconds
[2023-01-07T01:21:31.504+0100] {processor.py:153} INFO - Started process (PID=12112) to work on /home/chrisfleig/.local/lib/python3.10/site-packages/airflow/example_dags/example_sensors.py
[2023-01-07T01:21:31.507+0100] {processor.py:743} INFO - Processing file /home/chrisfleig/.local/lib/python3.10/site-packages/airflow/example_dags/example_sensors.py for tasks to queue
[2023-01-07T01:21:31.508+0100] {logging_mixin.py:137} INFO - [2023-01-07T01:21:31.508+0100] {dagbag.py:538} INFO - Filling up the DagBag from /home/chrisfleig/.local/lib/python3.10/site-packages/airflow/example_dags/example_sensors.py
[2023-01-07T01:21:31.536+0100] {processor.py:753} INFO - DAG(s) dict_keys(['example_sensors']) retrieved from /home/chrisfleig/.local/lib/python3.10/site-packages/airflow/example_dags/example_sensors.py
[2023-01-07T01:21:31.558+0100] {logging_mixin.py:137} INFO - [2023-01-07T01:21:31.558+0100] {dag.py:2676} INFO - Sync 1 DAGs
[2023-01-07T01:21:31.574+0100] {logging_mixin.py:137} INFO - [2023-01-07T01:21:31.574+0100] {dag.py:3423} INFO - Setting next_dagrun for example_sensors to None, run_after=None
[2023-01-07T01:21:31.611+0100] {processor.py:175} INFO - Processing /home/chrisfleig/.local/lib/python3.10/site-packages/airflow/example_dags/example_sensors.py took 0.112 seconds
[2023-01-07T01:22:32.939+0100] {processor.py:153} INFO - Started process (PID=12169) to work on /home/chrisfleig/.local/lib/python3.10/site-packages/airflow/example_dags/example_sensors.py
[2023-01-07T01:22:32.940+0100] {processor.py:743} INFO - Processing file /home/chrisfleig/.local/lib/python3.10/site-packages/airflow/example_dags/example_sensors.py for tasks to queue
[2023-01-07T01:22:32.943+0100] {logging_mixin.py:137} INFO - [2023-01-07T01:22:32.941+0100] {dagbag.py:538} INFO - Filling up the DagBag from /home/chrisfleig/.local/lib/python3.10/site-packages/airflow/example_dags/example_sensors.py
[2023-01-07T01:22:32.993+0100] {processor.py:753} INFO - DAG(s) dict_keys(['example_sensors']) retrieved from /home/chrisfleig/.local/lib/python3.10/site-packages/airflow/example_dags/example_sensors.py
[2023-01-07T01:22:33.038+0100] {logging_mixin.py:137} INFO - [2023-01-07T01:22:33.038+0100] {dag.py:2676} INFO - Sync 1 DAGs
[2023-01-07T01:22:33.063+0100] {logging_mixin.py:137} INFO - [2023-01-07T01:22:33.063+0100] {dag.py:3423} INFO - Setting next_dagrun for example_sensors to None, run_after=None
[2023-01-07T01:22:33.258+0100] {processor.py:175} INFO - Processing /home/chrisfleig/.local/lib/python3.10/site-packages/airflow/example_dags/example_sensors.py took 0.322 seconds
[2023-01-07T01:23:36.914+0100] {processor.py:153} INFO - Started process (PID=12228) to work on /home/chrisfleig/.local/lib/python3.10/site-packages/airflow/example_dags/example_sensors.py
[2023-01-07T01:23:36.918+0100] {processor.py:743} INFO - Processing file /home/chrisfleig/.local/lib/python3.10/site-packages/airflow/example_dags/example_sensors.py for tasks to queue
[2023-01-07T01:23:36.925+0100] {logging_mixin.py:137} INFO - [2023-01-07T01:23:36.925+0100] {dagbag.py:538} INFO - Filling up the DagBag from /home/chrisfleig/.local/lib/python3.10/site-packages/airflow/example_dags/example_sensors.py
[2023-01-07T01:23:37.000+0100] {processor.py:753} INFO - DAG(s) dict_keys(['example_sensors']) retrieved from /home/chrisfleig/.local/lib/python3.10/site-packages/airflow/example_dags/example_sensors.py
[2023-01-07T01:23:37.109+0100] {logging_mixin.py:137} INFO - [2023-01-07T01:23:37.109+0100] {dag.py:2676} INFO - Sync 1 DAGs
[2023-01-07T01:23:37.309+0100] {logging_mixin.py:137} INFO - [2023-01-07T01:23:37.309+0100] {dag.py:3423} INFO - Setting next_dagrun for example_sensors to None, run_after=None
[2023-01-07T01:23:37.358+0100] {processor.py:175} INFO - Processing /home/chrisfleig/.local/lib/python3.10/site-packages/airflow/example_dags/example_sensors.py took 0.461 seconds
[2023-01-07T01:24:42.292+0100] {processor.py:153} INFO - Started process (PID=12288) to work on /home/chrisfleig/.local/lib/python3.10/site-packages/airflow/example_dags/example_sensors.py
[2023-01-07T01:24:42.294+0100] {processor.py:743} INFO - Processing file /home/chrisfleig/.local/lib/python3.10/site-packages/airflow/example_dags/example_sensors.py for tasks to queue
[2023-01-07T01:24:42.295+0100] {logging_mixin.py:137} INFO - [2023-01-07T01:24:42.295+0100] {dagbag.py:538} INFO - Filling up the DagBag from /home/chrisfleig/.local/lib/python3.10/site-packages/airflow/example_dags/example_sensors.py
[2023-01-07T01:24:42.318+0100] {processor.py:753} INFO - DAG(s) dict_keys(['example_sensors']) retrieved from /home/chrisfleig/.local/lib/python3.10/site-packages/airflow/example_dags/example_sensors.py
[2023-01-07T01:24:42.429+0100] {logging_mixin.py:137} INFO - [2023-01-07T01:24:42.429+0100] {dag.py:2676} INFO - Sync 1 DAGs
[2023-01-07T01:24:42.444+0100] {logging_mixin.py:137} INFO - [2023-01-07T01:24:42.444+0100] {dag.py:3423} INFO - Setting next_dagrun for example_sensors to None, run_after=None
[2023-01-07T01:24:42.482+0100] {processor.py:175} INFO - Processing /home/chrisfleig/.local/lib/python3.10/site-packages/airflow/example_dags/example_sensors.py took 0.194 seconds
[2023-01-07T01:25:48.152+0100] {processor.py:153} INFO - Started process (PID=12347) to work on /home/chrisfleig/.local/lib/python3.10/site-packages/airflow/example_dags/example_sensors.py
[2023-01-07T01:25:48.153+0100] {processor.py:743} INFO - Processing file /home/chrisfleig/.local/lib/python3.10/site-packages/airflow/example_dags/example_sensors.py for tasks to queue
[2023-01-07T01:25:48.154+0100] {logging_mixin.py:137} INFO - [2023-01-07T01:25:48.154+0100] {dagbag.py:538} INFO - Filling up the DagBag from /home/chrisfleig/.local/lib/python3.10/site-packages/airflow/example_dags/example_sensors.py
[2023-01-07T01:25:48.174+0100] {processor.py:753} INFO - DAG(s) dict_keys(['example_sensors']) retrieved from /home/chrisfleig/.local/lib/python3.10/site-packages/airflow/example_dags/example_sensors.py
[2023-01-07T01:25:48.198+0100] {logging_mixin.py:137} INFO - [2023-01-07T01:25:48.198+0100] {dag.py:2676} INFO - Sync 1 DAGs
[2023-01-07T01:25:48.216+0100] {logging_mixin.py:137} INFO - [2023-01-07T01:25:48.216+0100] {dag.py:3423} INFO - Setting next_dagrun for example_sensors to None, run_after=None
[2023-01-07T01:25:48.260+0100] {processor.py:175} INFO - Processing /home/chrisfleig/.local/lib/python3.10/site-packages/airflow/example_dags/example_sensors.py took 0.112 seconds
[2023-01-07T01:26:49.241+0100] {processor.py:153} INFO - Started process (PID=12405) to work on /home/chrisfleig/.local/lib/python3.10/site-packages/airflow/example_dags/example_sensors.py
[2023-01-07T01:26:49.243+0100] {processor.py:743} INFO - Processing file /home/chrisfleig/.local/lib/python3.10/site-packages/airflow/example_dags/example_sensors.py for tasks to queue
[2023-01-07T01:26:49.244+0100] {logging_mixin.py:137} INFO - [2023-01-07T01:26:49.243+0100] {dagbag.py:538} INFO - Filling up the DagBag from /home/chrisfleig/.local/lib/python3.10/site-packages/airflow/example_dags/example_sensors.py
[2023-01-07T01:26:49.270+0100] {processor.py:753} INFO - DAG(s) dict_keys(['example_sensors']) retrieved from /home/chrisfleig/.local/lib/python3.10/site-packages/airflow/example_dags/example_sensors.py
[2023-01-07T01:26:49.312+0100] {logging_mixin.py:137} INFO - [2023-01-07T01:26:49.311+0100] {dag.py:2676} INFO - Sync 1 DAGs
[2023-01-07T01:26:49.333+0100] {logging_mixin.py:137} INFO - [2023-01-07T01:26:49.332+0100] {dag.py:3423} INFO - Setting next_dagrun for example_sensors to None, run_after=None
[2023-01-07T01:26:49.375+0100] {processor.py:175} INFO - Processing /home/chrisfleig/.local/lib/python3.10/site-packages/airflow/example_dags/example_sensors.py took 0.137 seconds
[2023-01-07T01:27:51.076+0100] {processor.py:153} INFO - Started process (PID=12461) to work on /home/chrisfleig/.local/lib/python3.10/site-packages/airflow/example_dags/example_sensors.py
[2023-01-07T01:27:51.077+0100] {processor.py:743} INFO - Processing file /home/chrisfleig/.local/lib/python3.10/site-packages/airflow/example_dags/example_sensors.py for tasks to queue
[2023-01-07T01:27:51.078+0100] {logging_mixin.py:137} INFO - [2023-01-07T01:27:51.078+0100] {dagbag.py:538} INFO - Filling up the DagBag from /home/chrisfleig/.local/lib/python3.10/site-packages/airflow/example_dags/example_sensors.py
[2023-01-07T01:27:51.105+0100] {processor.py:753} INFO - DAG(s) dict_keys(['example_sensors']) retrieved from /home/chrisfleig/.local/lib/python3.10/site-packages/airflow/example_dags/example_sensors.py
[2023-01-07T01:27:51.133+0100] {logging_mixin.py:137} INFO - [2023-01-07T01:27:51.133+0100] {dag.py:2676} INFO - Sync 1 DAGs
[2023-01-07T01:27:51.166+0100] {logging_mixin.py:137} INFO - [2023-01-07T01:27:51.165+0100] {dag.py:3423} INFO - Setting next_dagrun for example_sensors to None, run_after=None
[2023-01-07T01:27:51.307+0100] {processor.py:175} INFO - Processing /home/chrisfleig/.local/lib/python3.10/site-packages/airflow/example_dags/example_sensors.py took 0.236 seconds
[2023-01-07T01:28:57.045+0100] {processor.py:153} INFO - Started process (PID=12595) to work on /home/chrisfleig/.local/lib/python3.10/site-packages/airflow/example_dags/example_sensors.py
[2023-01-07T01:28:57.046+0100] {processor.py:743} INFO - Processing file /home/chrisfleig/.local/lib/python3.10/site-packages/airflow/example_dags/example_sensors.py for tasks to queue
[2023-01-07T01:28:57.046+0100] {logging_mixin.py:137} INFO - [2023-01-07T01:28:57.046+0100] {dagbag.py:538} INFO - Filling up the DagBag from /home/chrisfleig/.local/lib/python3.10/site-packages/airflow/example_dags/example_sensors.py
[2023-01-07T01:28:57.064+0100] {processor.py:753} INFO - DAG(s) dict_keys(['example_sensors']) retrieved from /home/chrisfleig/.local/lib/python3.10/site-packages/airflow/example_dags/example_sensors.py
[2023-01-07T01:28:57.085+0100] {logging_mixin.py:137} INFO - [2023-01-07T01:28:57.085+0100] {dag.py:2676} INFO - Sync 1 DAGs
[2023-01-07T01:28:57.189+0100] {logging_mixin.py:137} INFO - [2023-01-07T01:28:57.189+0100] {dag.py:3423} INFO - Setting next_dagrun for example_sensors to None, run_after=None
[2023-01-07T01:28:57.223+0100] {processor.py:175} INFO - Processing /home/chrisfleig/.local/lib/python3.10/site-packages/airflow/example_dags/example_sensors.py took 0.181 seconds
[2023-01-07T01:30:00.380+0100] {processor.py:153} INFO - Started process (PID=12699) to work on /home/chrisfleig/.local/lib/python3.10/site-packages/airflow/example_dags/example_sensors.py
[2023-01-07T01:30:00.381+0100] {processor.py:743} INFO - Processing file /home/chrisfleig/.local/lib/python3.10/site-packages/airflow/example_dags/example_sensors.py for tasks to queue
[2023-01-07T01:30:00.382+0100] {logging_mixin.py:137} INFO - [2023-01-07T01:30:00.381+0100] {dagbag.py:538} INFO - Filling up the DagBag from /home/chrisfleig/.local/lib/python3.10/site-packages/airflow/example_dags/example_sensors.py
[2023-01-07T01:30:00.401+0100] {processor.py:753} INFO - DAG(s) dict_keys(['example_sensors']) retrieved from /home/chrisfleig/.local/lib/python3.10/site-packages/airflow/example_dags/example_sensors.py
[2023-01-07T01:30:00.584+0100] {logging_mixin.py:137} INFO - [2023-01-07T01:30:00.584+0100] {dag.py:2676} INFO - Sync 1 DAGs
[2023-01-07T01:30:00.614+0100] {logging_mixin.py:137} INFO - [2023-01-07T01:30:00.614+0100] {dag.py:3423} INFO - Setting next_dagrun for example_sensors to None, run_after=None
[2023-01-07T01:30:00.672+0100] {processor.py:175} INFO - Processing /home/chrisfleig/.local/lib/python3.10/site-packages/airflow/example_dags/example_sensors.py took 0.295 seconds
[2023-01-07T01:30:58.117+0100] {processor.py:153} INFO - Started process (PID=12755) to work on /home/chrisfleig/.local/lib/python3.10/site-packages/airflow/example_dags/example_sensors.py
[2023-01-07T01:30:58.118+0100] {processor.py:743} INFO - Processing file /home/chrisfleig/.local/lib/python3.10/site-packages/airflow/example_dags/example_sensors.py for tasks to queue
[2023-01-07T01:30:58.119+0100] {logging_mixin.py:137} INFO - [2023-01-07T01:30:58.119+0100] {dagbag.py:538} INFO - Filling up the DagBag from /home/chrisfleig/.local/lib/python3.10/site-packages/airflow/example_dags/example_sensors.py
[2023-01-07T01:30:58.136+0100] {processor.py:753} INFO - DAG(s) dict_keys(['example_sensors']) retrieved from /home/chrisfleig/.local/lib/python3.10/site-packages/airflow/example_dags/example_sensors.py
[2023-01-07T01:30:58.157+0100] {logging_mixin.py:137} INFO - [2023-01-07T01:30:58.157+0100] {dag.py:2676} INFO - Sync 1 DAGs
[2023-01-07T01:30:58.173+0100] {logging_mixin.py:137} INFO - [2023-01-07T01:30:58.173+0100] {dag.py:3423} INFO - Setting next_dagrun for example_sensors to None, run_after=None
[2023-01-07T01:30:58.212+0100] {processor.py:175} INFO - Processing /home/chrisfleig/.local/lib/python3.10/site-packages/airflow/example_dags/example_sensors.py took 0.097 seconds
[2023-01-07T01:31:57.275+0100] {processor.py:153} INFO - Started process (PID=12810) to work on /home/chrisfleig/.local/lib/python3.10/site-packages/airflow/example_dags/example_sensors.py
[2023-01-07T01:31:57.277+0100] {processor.py:743} INFO - Processing file /home/chrisfleig/.local/lib/python3.10/site-packages/airflow/example_dags/example_sensors.py for tasks to queue
[2023-01-07T01:31:57.278+0100] {logging_mixin.py:137} INFO - [2023-01-07T01:31:57.278+0100] {dagbag.py:538} INFO - Filling up the DagBag from /home/chrisfleig/.local/lib/python3.10/site-packages/airflow/example_dags/example_sensors.py
[2023-01-07T01:31:57.301+0100] {processor.py:753} INFO - DAG(s) dict_keys(['example_sensors']) retrieved from /home/chrisfleig/.local/lib/python3.10/site-packages/airflow/example_dags/example_sensors.py
[2023-01-07T01:31:57.328+0100] {logging_mixin.py:137} INFO - [2023-01-07T01:31:57.328+0100] {dag.py:2676} INFO - Sync 1 DAGs
[2023-01-07T01:31:57.346+0100] {logging_mixin.py:137} INFO - [2023-01-07T01:31:57.346+0100] {dag.py:3423} INFO - Setting next_dagrun for example_sensors to None, run_after=None
[2023-01-07T01:31:57.388+0100] {processor.py:175} INFO - Processing /home/chrisfleig/.local/lib/python3.10/site-packages/airflow/example_dags/example_sensors.py took 0.116 seconds
[2023-01-07T01:32:58.818+0100] {processor.py:153} INFO - Started process (PID=12866) to work on /home/chrisfleig/.local/lib/python3.10/site-packages/airflow/example_dags/example_sensors.py
[2023-01-07T01:32:58.820+0100] {processor.py:743} INFO - Processing file /home/chrisfleig/.local/lib/python3.10/site-packages/airflow/example_dags/example_sensors.py for tasks to queue
[2023-01-07T01:32:58.821+0100] {logging_mixin.py:137} INFO - [2023-01-07T01:32:58.821+0100] {dagbag.py:538} INFO - Filling up the DagBag from /home/chrisfleig/.local/lib/python3.10/site-packages/airflow/example_dags/example_sensors.py
[2023-01-07T01:32:58.864+0100] {processor.py:753} INFO - DAG(s) dict_keys(['example_sensors']) retrieved from /home/chrisfleig/.local/lib/python3.10/site-packages/airflow/example_dags/example_sensors.py
[2023-01-07T01:32:58.936+0100] {logging_mixin.py:137} INFO - [2023-01-07T01:32:58.935+0100] {dag.py:2676} INFO - Sync 1 DAGs
[2023-01-07T01:32:59.172+0100] {logging_mixin.py:137} INFO - [2023-01-07T01:32:59.172+0100] {dag.py:3423} INFO - Setting next_dagrun for example_sensors to None, run_after=None
[2023-01-07T01:32:59.234+0100] {processor.py:175} INFO - Processing /home/chrisfleig/.local/lib/python3.10/site-packages/airflow/example_dags/example_sensors.py took 0.421 seconds
[2023-01-07T01:34:12.635+0100] {processor.py:153} INFO - Started process (PID=12927) to work on /home/chrisfleig/.local/lib/python3.10/site-packages/airflow/example_dags/example_sensors.py
[2023-01-07T01:34:12.636+0100] {processor.py:743} INFO - Processing file /home/chrisfleig/.local/lib/python3.10/site-packages/airflow/example_dags/example_sensors.py for tasks to queue
[2023-01-07T01:34:12.637+0100] {logging_mixin.py:137} INFO - [2023-01-07T01:34:12.637+0100] {dagbag.py:538} INFO - Filling up the DagBag from /home/chrisfleig/.local/lib/python3.10/site-packages/airflow/example_dags/example_sensors.py
[2023-01-07T01:34:12.655+0100] {processor.py:753} INFO - DAG(s) dict_keys(['example_sensors']) retrieved from /home/chrisfleig/.local/lib/python3.10/site-packages/airflow/example_dags/example_sensors.py
[2023-01-07T01:34:12.676+0100] {logging_mixin.py:137} INFO - [2023-01-07T01:34:12.676+0100] {dag.py:2676} INFO - Sync 1 DAGs
[2023-01-07T01:34:12.776+0100] {logging_mixin.py:137} INFO - [2023-01-07T01:34:12.776+0100] {dag.py:3423} INFO - Setting next_dagrun for example_sensors to None, run_after=None
[2023-01-07T01:34:12.814+0100] {processor.py:175} INFO - Processing /home/chrisfleig/.local/lib/python3.10/site-packages/airflow/example_dags/example_sensors.py took 0.183 seconds
[2023-01-07T01:35:15.717+0100] {processor.py:153} INFO - Started process (PID=12979) to work on /home/chrisfleig/.local/lib/python3.10/site-packages/airflow/example_dags/example_sensors.py
[2023-01-07T01:35:15.722+0100] {processor.py:743} INFO - Processing file /home/chrisfleig/.local/lib/python3.10/site-packages/airflow/example_dags/example_sensors.py for tasks to queue
[2023-01-07T01:35:15.725+0100] {logging_mixin.py:137} INFO - [2023-01-07T01:35:15.725+0100] {dagbag.py:538} INFO - Filling up the DagBag from /home/chrisfleig/.local/lib/python3.10/site-packages/airflow/example_dags/example_sensors.py
[2023-01-07T01:35:15.758+0100] {processor.py:753} INFO - DAG(s) dict_keys(['example_sensors']) retrieved from /home/chrisfleig/.local/lib/python3.10/site-packages/airflow/example_dags/example_sensors.py
[2023-01-07T01:35:15.873+0100] {logging_mixin.py:137} INFO - [2023-01-07T01:35:15.872+0100] {dag.py:2676} INFO - Sync 1 DAGs
[2023-01-07T01:35:15.887+0100] {logging_mixin.py:137} INFO - [2023-01-07T01:35:15.887+0100] {dag.py:3423} INFO - Setting next_dagrun for example_sensors to None, run_after=None
[2023-01-07T01:35:15.923+0100] {processor.py:175} INFO - Processing /home/chrisfleig/.local/lib/python3.10/site-packages/airflow/example_dags/example_sensors.py took 0.219 seconds
[2023-01-07T01:36:19.760+0100] {processor.py:153} INFO - Started process (PID=13037) to work on /home/chrisfleig/.local/lib/python3.10/site-packages/airflow/example_dags/example_sensors.py
[2023-01-07T01:36:19.761+0100] {processor.py:743} INFO - Processing file /home/chrisfleig/.local/lib/python3.10/site-packages/airflow/example_dags/example_sensors.py for tasks to queue
[2023-01-07T01:36:19.762+0100] {logging_mixin.py:137} INFO - [2023-01-07T01:36:19.762+0100] {dagbag.py:538} INFO - Filling up the DagBag from /home/chrisfleig/.local/lib/python3.10/site-packages/airflow/example_dags/example_sensors.py
[2023-01-07T01:36:19.779+0100] {processor.py:753} INFO - DAG(s) dict_keys(['example_sensors']) retrieved from /home/chrisfleig/.local/lib/python3.10/site-packages/airflow/example_dags/example_sensors.py
[2023-01-07T01:36:19.801+0100] {logging_mixin.py:137} INFO - [2023-01-07T01:36:19.801+0100] {dag.py:2676} INFO - Sync 1 DAGs
[2023-01-07T01:36:19.817+0100] {logging_mixin.py:137} INFO - [2023-01-07T01:36:19.817+0100] {dag.py:3423} INFO - Setting next_dagrun for example_sensors to None, run_after=None
[2023-01-07T01:36:19.854+0100] {processor.py:175} INFO - Processing /home/chrisfleig/.local/lib/python3.10/site-packages/airflow/example_dags/example_sensors.py took 0.097 seconds
[2023-01-07T01:37:15.383+0100] {processor.py:153} INFO - Started process (PID=13092) to work on /home/chrisfleig/.local/lib/python3.10/site-packages/airflow/example_dags/example_sensors.py
[2023-01-07T01:37:15.384+0100] {processor.py:743} INFO - Processing file /home/chrisfleig/.local/lib/python3.10/site-packages/airflow/example_dags/example_sensors.py for tasks to queue
[2023-01-07T01:37:15.385+0100] {logging_mixin.py:137} INFO - [2023-01-07T01:37:15.385+0100] {dagbag.py:538} INFO - Filling up the DagBag from /home/chrisfleig/.local/lib/python3.10/site-packages/airflow/example_dags/example_sensors.py
[2023-01-07T01:37:15.408+0100] {processor.py:753} INFO - DAG(s) dict_keys(['example_sensors']) retrieved from /home/chrisfleig/.local/lib/python3.10/site-packages/airflow/example_dags/example_sensors.py
[2023-01-07T01:37:15.430+0100] {logging_mixin.py:137} INFO - [2023-01-07T01:37:15.430+0100] {dag.py:2676} INFO - Sync 1 DAGs
[2023-01-07T01:37:15.446+0100] {logging_mixin.py:137} INFO - [2023-01-07T01:37:15.446+0100] {dag.py:3423} INFO - Setting next_dagrun for example_sensors to None, run_after=None
[2023-01-07T01:37:15.486+0100] {processor.py:175} INFO - Processing /home/chrisfleig/.local/lib/python3.10/site-packages/airflow/example_dags/example_sensors.py took 0.106 seconds
[2023-01-07T01:38:16.048+0100] {processor.py:153} INFO - Started process (PID=13146) to work on /home/chrisfleig/.local/lib/python3.10/site-packages/airflow/example_dags/example_sensors.py
[2023-01-07T01:38:16.051+0100] {processor.py:743} INFO - Processing file /home/chrisfleig/.local/lib/python3.10/site-packages/airflow/example_dags/example_sensors.py for tasks to queue
[2023-01-07T01:38:16.052+0100] {logging_mixin.py:137} INFO - [2023-01-07T01:38:16.052+0100] {dagbag.py:538} INFO - Filling up the DagBag from /home/chrisfleig/.local/lib/python3.10/site-packages/airflow/example_dags/example_sensors.py
[2023-01-07T01:38:16.080+0100] {processor.py:753} INFO - DAG(s) dict_keys(['example_sensors']) retrieved from /home/chrisfleig/.local/lib/python3.10/site-packages/airflow/example_dags/example_sensors.py
[2023-01-07T01:38:16.103+0100] {logging_mixin.py:137} INFO - [2023-01-07T01:38:16.103+0100] {dag.py:2676} INFO - Sync 1 DAGs
[2023-01-07T01:38:16.208+0100] {logging_mixin.py:137} INFO - [2023-01-07T01:38:16.208+0100] {dag.py:3423} INFO - Setting next_dagrun for example_sensors to None, run_after=None
[2023-01-07T01:38:16.243+0100] {processor.py:175} INFO - Processing /home/chrisfleig/.local/lib/python3.10/site-packages/airflow/example_dags/example_sensors.py took 0.202 seconds
[2023-01-07T01:39:20.519+0100] {processor.py:153} INFO - Started process (PID=13206) to work on /home/chrisfleig/.local/lib/python3.10/site-packages/airflow/example_dags/example_sensors.py
[2023-01-07T01:39:20.520+0100] {processor.py:743} INFO - Processing file /home/chrisfleig/.local/lib/python3.10/site-packages/airflow/example_dags/example_sensors.py for tasks to queue
[2023-01-07T01:39:20.521+0100] {logging_mixin.py:137} INFO - [2023-01-07T01:39:20.521+0100] {dagbag.py:538} INFO - Filling up the DagBag from /home/chrisfleig/.local/lib/python3.10/site-packages/airflow/example_dags/example_sensors.py
[2023-01-07T01:39:20.543+0100] {processor.py:753} INFO - DAG(s) dict_keys(['example_sensors']) retrieved from /home/chrisfleig/.local/lib/python3.10/site-packages/airflow/example_dags/example_sensors.py
[2023-01-07T01:39:20.569+0100] {logging_mixin.py:137} INFO - [2023-01-07T01:39:20.569+0100] {dag.py:2676} INFO - Sync 1 DAGs
[2023-01-07T01:39:20.695+0100] {logging_mixin.py:137} INFO - [2023-01-07T01:39:20.695+0100] {dag.py:3423} INFO - Setting next_dagrun for example_sensors to None, run_after=None
[2023-01-07T01:39:20.742+0100] {processor.py:175} INFO - Processing /home/chrisfleig/.local/lib/python3.10/site-packages/airflow/example_dags/example_sensors.py took 0.226 seconds
[2023-01-07T01:40:14.369+0100] {processor.py:153} INFO - Started process (PID=13250) to work on /home/chrisfleig/.local/lib/python3.10/site-packages/airflow/example_dags/example_sensors.py
[2023-01-07T01:40:14.371+0100] {processor.py:743} INFO - Processing file /home/chrisfleig/.local/lib/python3.10/site-packages/airflow/example_dags/example_sensors.py for tasks to queue
[2023-01-07T01:40:14.372+0100] {logging_mixin.py:137} INFO - [2023-01-07T01:40:14.372+0100] {dagbag.py:538} INFO - Filling up the DagBag from /home/chrisfleig/.local/lib/python3.10/site-packages/airflow/example_dags/example_sensors.py
[2023-01-07T01:40:14.394+0100] {processor.py:753} INFO - DAG(s) dict_keys(['example_sensors']) retrieved from /home/chrisfleig/.local/lib/python3.10/site-packages/airflow/example_dags/example_sensors.py
[2023-01-07T01:40:14.518+0100] {logging_mixin.py:137} INFO - [2023-01-07T01:40:14.518+0100] {dag.py:2676} INFO - Sync 1 DAGs
[2023-01-07T01:40:14.535+0100] {logging_mixin.py:137} INFO - [2023-01-07T01:40:14.535+0100] {dag.py:3423} INFO - Setting next_dagrun for example_sensors to None, run_after=None
[2023-01-07T01:40:14.577+0100] {processor.py:175} INFO - Processing /home/chrisfleig/.local/lib/python3.10/site-packages/airflow/example_dags/example_sensors.py took 0.212 seconds
[2023-01-07T01:41:21.096+0100] {processor.py:153} INFO - Started process (PID=13310) to work on /home/chrisfleig/.local/lib/python3.10/site-packages/airflow/example_dags/example_sensors.py
[2023-01-07T01:41:21.097+0100] {processor.py:743} INFO - Processing file /home/chrisfleig/.local/lib/python3.10/site-packages/airflow/example_dags/example_sensors.py for tasks to queue
[2023-01-07T01:41:21.098+0100] {logging_mixin.py:137} INFO - [2023-01-07T01:41:21.098+0100] {dagbag.py:538} INFO - Filling up the DagBag from /home/chrisfleig/.local/lib/python3.10/site-packages/airflow/example_dags/example_sensors.py
[2023-01-07T01:41:21.116+0100] {processor.py:753} INFO - DAG(s) dict_keys(['example_sensors']) retrieved from /home/chrisfleig/.local/lib/python3.10/site-packages/airflow/example_dags/example_sensors.py
[2023-01-07T01:41:21.139+0100] {logging_mixin.py:137} INFO - [2023-01-07T01:41:21.138+0100] {dag.py:2676} INFO - Sync 1 DAGs
[2023-01-07T01:41:21.162+0100] {logging_mixin.py:137} INFO - [2023-01-07T01:41:21.162+0100] {dag.py:3423} INFO - Setting next_dagrun for example_sensors to None, run_after=None
[2023-01-07T01:41:21.245+0100] {processor.py:175} INFO - Processing /home/chrisfleig/.local/lib/python3.10/site-packages/airflow/example_dags/example_sensors.py took 0.153 seconds
[2023-01-07T01:42:14.430+0100] {processor.py:153} INFO - Started process (PID=13355) to work on /home/chrisfleig/.local/lib/python3.10/site-packages/airflow/example_dags/example_sensors.py
[2023-01-07T01:42:14.431+0100] {processor.py:743} INFO - Processing file /home/chrisfleig/.local/lib/python3.10/site-packages/airflow/example_dags/example_sensors.py for tasks to queue
[2023-01-07T01:42:14.432+0100] {logging_mixin.py:137} INFO - [2023-01-07T01:42:14.432+0100] {dagbag.py:538} INFO - Filling up the DagBag from /home/chrisfleig/.local/lib/python3.10/site-packages/airflow/example_dags/example_sensors.py
[2023-01-07T01:42:14.462+0100] {processor.py:753} INFO - DAG(s) dict_keys(['example_sensors']) retrieved from /home/chrisfleig/.local/lib/python3.10/site-packages/airflow/example_dags/example_sensors.py
[2023-01-07T01:42:14.500+0100] {logging_mixin.py:137} INFO - [2023-01-07T01:42:14.500+0100] {dag.py:2676} INFO - Sync 1 DAGs
[2023-01-07T01:42:14.541+0100] {logging_mixin.py:137} INFO - [2023-01-07T01:42:14.541+0100] {dag.py:3423} INFO - Setting next_dagrun for example_sensors to None, run_after=None
[2023-01-07T01:42:14.633+0100] {processor.py:175} INFO - Processing /home/chrisfleig/.local/lib/python3.10/site-packages/airflow/example_dags/example_sensors.py took 0.208 seconds
[2023-01-07T01:43:11.781+0100] {processor.py:153} INFO - Started process (PID=13403) to work on /home/chrisfleig/.local/lib/python3.10/site-packages/airflow/example_dags/example_sensors.py
[2023-01-07T01:43:11.783+0100] {processor.py:743} INFO - Processing file /home/chrisfleig/.local/lib/python3.10/site-packages/airflow/example_dags/example_sensors.py for tasks to queue
[2023-01-07T01:43:11.783+0100] {logging_mixin.py:137} INFO - [2023-01-07T01:43:11.783+0100] {dagbag.py:538} INFO - Filling up the DagBag from /home/chrisfleig/.local/lib/python3.10/site-packages/airflow/example_dags/example_sensors.py
[2023-01-07T01:43:11.801+0100] {processor.py:753} INFO - DAG(s) dict_keys(['example_sensors']) retrieved from /home/chrisfleig/.local/lib/python3.10/site-packages/airflow/example_dags/example_sensors.py
[2023-01-07T01:43:11.824+0100] {logging_mixin.py:137} INFO - [2023-01-07T01:43:11.824+0100] {dag.py:2676} INFO - Sync 1 DAGs
[2023-01-07T01:43:11.842+0100] {logging_mixin.py:137} INFO - [2023-01-07T01:43:11.842+0100] {dag.py:3423} INFO - Setting next_dagrun for example_sensors to None, run_after=None
[2023-01-07T01:43:11.962+0100] {processor.py:175} INFO - Processing /home/chrisfleig/.local/lib/python3.10/site-packages/airflow/example_dags/example_sensors.py took 0.185 seconds
[2023-01-07T01:44:20.675+0100] {processor.py:153} INFO - Started process (PID=13464) to work on /home/chrisfleig/.local/lib/python3.10/site-packages/airflow/example_dags/example_sensors.py
[2023-01-07T01:44:20.677+0100] {processor.py:743} INFO - Processing file /home/chrisfleig/.local/lib/python3.10/site-packages/airflow/example_dags/example_sensors.py for tasks to queue
[2023-01-07T01:44:20.677+0100] {logging_mixin.py:137} INFO - [2023-01-07T01:44:20.677+0100] {dagbag.py:538} INFO - Filling up the DagBag from /home/chrisfleig/.local/lib/python3.10/site-packages/airflow/example_dags/example_sensors.py
[2023-01-07T01:44:20.707+0100] {processor.py:753} INFO - DAG(s) dict_keys(['example_sensors']) retrieved from /home/chrisfleig/.local/lib/python3.10/site-packages/airflow/example_dags/example_sensors.py
[2023-01-07T01:44:20.742+0100] {logging_mixin.py:137} INFO - [2023-01-07T01:44:20.742+0100] {dag.py:2676} INFO - Sync 1 DAGs
[2023-01-07T01:44:20.868+0100] {logging_mixin.py:137} INFO - [2023-01-07T01:44:20.867+0100] {dag.py:3423} INFO - Setting next_dagrun for example_sensors to None, run_after=None
[2023-01-07T01:44:20.910+0100] {processor.py:175} INFO - Processing /home/chrisfleig/.local/lib/python3.10/site-packages/airflow/example_dags/example_sensors.py took 0.238 seconds
[2023-01-07T01:45:24.072+0100] {processor.py:153} INFO - Started process (PID=13520) to work on /home/chrisfleig/.local/lib/python3.10/site-packages/airflow/example_dags/example_sensors.py
[2023-01-07T01:45:24.074+0100] {processor.py:743} INFO - Processing file /home/chrisfleig/.local/lib/python3.10/site-packages/airflow/example_dags/example_sensors.py for tasks to queue
[2023-01-07T01:45:24.075+0100] {logging_mixin.py:137} INFO - [2023-01-07T01:45:24.074+0100] {dagbag.py:538} INFO - Filling up the DagBag from /home/chrisfleig/.local/lib/python3.10/site-packages/airflow/example_dags/example_sensors.py
[2023-01-07T01:45:24.094+0100] {processor.py:753} INFO - DAG(s) dict_keys(['example_sensors']) retrieved from /home/chrisfleig/.local/lib/python3.10/site-packages/airflow/example_dags/example_sensors.py
[2023-01-07T01:45:24.202+0100] {logging_mixin.py:137} INFO - [2023-01-07T01:45:24.202+0100] {dag.py:2676} INFO - Sync 1 DAGs
[2023-01-07T01:45:24.218+0100] {logging_mixin.py:137} INFO - [2023-01-07T01:45:24.218+0100] {dag.py:3423} INFO - Setting next_dagrun for example_sensors to None, run_after=None
[2023-01-07T01:45:24.255+0100] {processor.py:175} INFO - Processing /home/chrisfleig/.local/lib/python3.10/site-packages/airflow/example_dags/example_sensors.py took 0.187 seconds
[2023-01-07T01:46:12.459+0100] {processor.py:153} INFO - Started process (PID=13562) to work on /home/chrisfleig/.local/lib/python3.10/site-packages/airflow/example_dags/example_sensors.py
[2023-01-07T01:46:12.461+0100] {processor.py:743} INFO - Processing file /home/chrisfleig/.local/lib/python3.10/site-packages/airflow/example_dags/example_sensors.py for tasks to queue
[2023-01-07T01:46:12.461+0100] {logging_mixin.py:137} INFO - [2023-01-07T01:46:12.461+0100] {dagbag.py:538} INFO - Filling up the DagBag from /home/chrisfleig/.local/lib/python3.10/site-packages/airflow/example_dags/example_sensors.py
[2023-01-07T01:46:12.480+0100] {processor.py:753} INFO - DAG(s) dict_keys(['example_sensors']) retrieved from /home/chrisfleig/.local/lib/python3.10/site-packages/airflow/example_dags/example_sensors.py
[2023-01-07T01:46:12.589+0100] {logging_mixin.py:137} INFO - [2023-01-07T01:46:12.589+0100] {dag.py:2676} INFO - Sync 1 DAGs
[2023-01-07T01:46:12.605+0100] {logging_mixin.py:137} INFO - [2023-01-07T01:46:12.605+0100] {dag.py:3423} INFO - Setting next_dagrun for example_sensors to None, run_after=None
[2023-01-07T01:46:12.640+0100] {processor.py:175} INFO - Processing /home/chrisfleig/.local/lib/python3.10/site-packages/airflow/example_dags/example_sensors.py took 0.185 seconds
[2023-01-07T01:47:12.728+0100] {processor.py:153} INFO - Started process (PID=13620) to work on /home/chrisfleig/.local/lib/python3.10/site-packages/airflow/example_dags/example_sensors.py
[2023-01-07T01:47:12.729+0100] {processor.py:743} INFO - Processing file /home/chrisfleig/.local/lib/python3.10/site-packages/airflow/example_dags/example_sensors.py for tasks to queue
[2023-01-07T01:47:12.730+0100] {logging_mixin.py:137} INFO - [2023-01-07T01:47:12.730+0100] {dagbag.py:538} INFO - Filling up the DagBag from /home/chrisfleig/.local/lib/python3.10/site-packages/airflow/example_dags/example_sensors.py
[2023-01-07T01:47:12.749+0100] {processor.py:753} INFO - DAG(s) dict_keys(['example_sensors']) retrieved from /home/chrisfleig/.local/lib/python3.10/site-packages/airflow/example_dags/example_sensors.py
[2023-01-07T01:47:12.773+0100] {logging_mixin.py:137} INFO - [2023-01-07T01:47:12.773+0100] {dag.py:2676} INFO - Sync 1 DAGs
[2023-01-07T01:47:12.791+0100] {logging_mixin.py:137} INFO - [2023-01-07T01:47:12.790+0100] {dag.py:3423} INFO - Setting next_dagrun for example_sensors to None, run_after=None
[2023-01-07T01:47:12.832+0100] {processor.py:175} INFO - Processing /home/chrisfleig/.local/lib/python3.10/site-packages/airflow/example_dags/example_sensors.py took 0.107 seconds
[2023-01-07T01:48:11.802+0100] {processor.py:153} INFO - Started process (PID=13674) to work on /home/chrisfleig/.local/lib/python3.10/site-packages/airflow/example_dags/example_sensors.py
[2023-01-07T01:48:11.803+0100] {processor.py:743} INFO - Processing file /home/chrisfleig/.local/lib/python3.10/site-packages/airflow/example_dags/example_sensors.py for tasks to queue
[2023-01-07T01:48:11.804+0100] {logging_mixin.py:137} INFO - [2023-01-07T01:48:11.804+0100] {dagbag.py:538} INFO - Filling up the DagBag from /home/chrisfleig/.local/lib/python3.10/site-packages/airflow/example_dags/example_sensors.py
[2023-01-07T01:48:11.827+0100] {processor.py:753} INFO - DAG(s) dict_keys(['example_sensors']) retrieved from /home/chrisfleig/.local/lib/python3.10/site-packages/airflow/example_dags/example_sensors.py
[2023-01-07T01:48:11.853+0100] {logging_mixin.py:137} INFO - [2023-01-07T01:48:11.852+0100] {dag.py:2676} INFO - Sync 1 DAGs
[2023-01-07T01:48:11.869+0100] {logging_mixin.py:137} INFO - [2023-01-07T01:48:11.869+0100] {dag.py:3423} INFO - Setting next_dagrun for example_sensors to None, run_after=None
[2023-01-07T01:48:12.002+0100] {processor.py:175} INFO - Processing /home/chrisfleig/.local/lib/python3.10/site-packages/airflow/example_dags/example_sensors.py took 0.204 seconds
[2023-01-07T01:49:28.239+0100] {processor.py:153} INFO - Started process (PID=13739) to work on /home/chrisfleig/.local/lib/python3.10/site-packages/airflow/example_dags/example_sensors.py
[2023-01-07T01:49:28.242+0100] {processor.py:743} INFO - Processing file /home/chrisfleig/.local/lib/python3.10/site-packages/airflow/example_dags/example_sensors.py for tasks to queue
[2023-01-07T01:49:28.243+0100] {logging_mixin.py:137} INFO - [2023-01-07T01:49:28.242+0100] {dagbag.py:538} INFO - Filling up the DagBag from /home/chrisfleig/.local/lib/python3.10/site-packages/airflow/example_dags/example_sensors.py
[2023-01-07T01:49:28.273+0100] {processor.py:753} INFO - DAG(s) dict_keys(['example_sensors']) retrieved from /home/chrisfleig/.local/lib/python3.10/site-packages/airflow/example_dags/example_sensors.py
[2023-01-07T01:49:28.332+0100] {logging_mixin.py:137} INFO - [2023-01-07T01:49:28.331+0100] {dag.py:2676} INFO - Sync 1 DAGs
[2023-01-07T01:49:28.507+0100] {logging_mixin.py:137} INFO - [2023-01-07T01:49:28.507+0100] {dag.py:3423} INFO - Setting next_dagrun for example_sensors to None, run_after=None
[2023-01-07T01:49:28.574+0100] {processor.py:175} INFO - Processing /home/chrisfleig/.local/lib/python3.10/site-packages/airflow/example_dags/example_sensors.py took 0.339 seconds
[2023-01-07T01:50:21.583+0100] {processor.py:153} INFO - Started process (PID=13785) to work on /home/chrisfleig/.local/lib/python3.10/site-packages/airflow/example_dags/example_sensors.py
[2023-01-07T01:50:21.585+0100] {processor.py:743} INFO - Processing file /home/chrisfleig/.local/lib/python3.10/site-packages/airflow/example_dags/example_sensors.py for tasks to queue
[2023-01-07T01:50:21.585+0100] {logging_mixin.py:137} INFO - [2023-01-07T01:50:21.585+0100] {dagbag.py:538} INFO - Filling up the DagBag from /home/chrisfleig/.local/lib/python3.10/site-packages/airflow/example_dags/example_sensors.py
[2023-01-07T01:50:21.603+0100] {processor.py:753} INFO - DAG(s) dict_keys(['example_sensors']) retrieved from /home/chrisfleig/.local/lib/python3.10/site-packages/airflow/example_dags/example_sensors.py
[2023-01-07T01:50:21.626+0100] {logging_mixin.py:137} INFO - [2023-01-07T01:50:21.626+0100] {dag.py:2676} INFO - Sync 1 DAGs
[2023-01-07T01:50:21.727+0100] {logging_mixin.py:137} INFO - [2023-01-07T01:50:21.727+0100] {dag.py:3423} INFO - Setting next_dagrun for example_sensors to None, run_after=None
[2023-01-07T01:50:21.768+0100] {processor.py:175} INFO - Processing /home/chrisfleig/.local/lib/python3.10/site-packages/airflow/example_dags/example_sensors.py took 0.187 seconds
[2023-01-07T01:51:45.528+0100] {processor.py:153} INFO - Started process (PID=13855) to work on /home/chrisfleig/.local/lib/python3.10/site-packages/airflow/example_dags/example_sensors.py
[2023-01-07T01:51:45.530+0100] {processor.py:743} INFO - Processing file /home/chrisfleig/.local/lib/python3.10/site-packages/airflow/example_dags/example_sensors.py for tasks to queue
[2023-01-07T01:51:45.531+0100] {logging_mixin.py:137} INFO - [2023-01-07T01:51:45.531+0100] {dagbag.py:538} INFO - Filling up the DagBag from /home/chrisfleig/.local/lib/python3.10/site-packages/airflow/example_dags/example_sensors.py
[2023-01-07T01:51:45.551+0100] {processor.py:753} INFO - DAG(s) dict_keys(['example_sensors']) retrieved from /home/chrisfleig/.local/lib/python3.10/site-packages/airflow/example_dags/example_sensors.py
[2023-01-07T01:51:45.660+0100] {logging_mixin.py:137} INFO - [2023-01-07T01:51:45.659+0100] {dag.py:2676} INFO - Sync 1 DAGs
[2023-01-07T01:51:45.674+0100] {logging_mixin.py:137} INFO - [2023-01-07T01:51:45.674+0100] {dag.py:3423} INFO - Setting next_dagrun for example_sensors to None, run_after=None
[2023-01-07T01:51:45.706+0100] {processor.py:175} INFO - Processing /home/chrisfleig/.local/lib/python3.10/site-packages/airflow/example_dags/example_sensors.py took 0.183 seconds
[2023-01-07T01:52:38.507+0100] {processor.py:153} INFO - Started process (PID=13901) to work on /home/chrisfleig/.local/lib/python3.10/site-packages/airflow/example_dags/example_sensors.py
[2023-01-07T01:52:38.524+0100] {processor.py:743} INFO - Processing file /home/chrisfleig/.local/lib/python3.10/site-packages/airflow/example_dags/example_sensors.py for tasks to queue
[2023-01-07T01:52:38.525+0100] {logging_mixin.py:137} INFO - [2023-01-07T01:52:38.524+0100] {dagbag.py:538} INFO - Filling up the DagBag from /home/chrisfleig/.local/lib/python3.10/site-packages/airflow/example_dags/example_sensors.py
[2023-01-07T01:52:38.543+0100] {processor.py:753} INFO - DAG(s) dict_keys(['example_sensors']) retrieved from /home/chrisfleig/.local/lib/python3.10/site-packages/airflow/example_dags/example_sensors.py
[2023-01-07T01:52:38.658+0100] {logging_mixin.py:137} INFO - [2023-01-07T01:52:38.658+0100] {dag.py:2676} INFO - Sync 1 DAGs
[2023-01-07T01:52:38.674+0100] {logging_mixin.py:137} INFO - [2023-01-07T01:52:38.673+0100] {dag.py:3423} INFO - Setting next_dagrun for example_sensors to None, run_after=None
[2023-01-07T01:52:38.715+0100] {processor.py:175} INFO - Processing /home/chrisfleig/.local/lib/python3.10/site-packages/airflow/example_dags/example_sensors.py took 0.210 seconds
[2023-01-07T01:53:35.424+0100] {processor.py:153} INFO - Started process (PID=13956) to work on /home/chrisfleig/.local/lib/python3.10/site-packages/airflow/example_dags/example_sensors.py
[2023-01-07T01:53:35.425+0100] {processor.py:743} INFO - Processing file /home/chrisfleig/.local/lib/python3.10/site-packages/airflow/example_dags/example_sensors.py for tasks to queue
[2023-01-07T01:53:35.426+0100] {logging_mixin.py:137} INFO - [2023-01-07T01:53:35.425+0100] {dagbag.py:538} INFO - Filling up the DagBag from /home/chrisfleig/.local/lib/python3.10/site-packages/airflow/example_dags/example_sensors.py
[2023-01-07T01:53:35.444+0100] {processor.py:753} INFO - DAG(s) dict_keys(['example_sensors']) retrieved from /home/chrisfleig/.local/lib/python3.10/site-packages/airflow/example_dags/example_sensors.py
[2023-01-07T01:53:35.467+0100] {logging_mixin.py:137} INFO - [2023-01-07T01:53:35.467+0100] {dag.py:2676} INFO - Sync 1 DAGs
[2023-01-07T01:53:35.484+0100] {logging_mixin.py:137} INFO - [2023-01-07T01:53:35.483+0100] {dag.py:3423} INFO - Setting next_dagrun for example_sensors to None, run_after=None
[2023-01-07T01:53:35.533+0100] {processor.py:175} INFO - Processing /home/chrisfleig/.local/lib/python3.10/site-packages/airflow/example_dags/example_sensors.py took 0.113 seconds
[2023-01-07T01:54:37.060+0100] {processor.py:153} INFO - Started process (PID=14015) to work on /home/chrisfleig/.local/lib/python3.10/site-packages/airflow/example_dags/example_sensors.py
[2023-01-07T01:54:37.062+0100] {processor.py:743} INFO - Processing file /home/chrisfleig/.local/lib/python3.10/site-packages/airflow/example_dags/example_sensors.py for tasks to queue
[2023-01-07T01:54:37.062+0100] {logging_mixin.py:137} INFO - [2023-01-07T01:54:37.062+0100] {dagbag.py:538} INFO - Filling up the DagBag from /home/chrisfleig/.local/lib/python3.10/site-packages/airflow/example_dags/example_sensors.py
[2023-01-07T01:54:37.078+0100] {processor.py:753} INFO - DAG(s) dict_keys(['example_sensors']) retrieved from /home/chrisfleig/.local/lib/python3.10/site-packages/airflow/example_dags/example_sensors.py
[2023-01-07T01:54:37.100+0100] {logging_mixin.py:137} INFO - [2023-01-07T01:54:37.100+0100] {dag.py:2676} INFO - Sync 1 DAGs
[2023-01-07T01:54:37.200+0100] {logging_mixin.py:137} INFO - [2023-01-07T01:54:37.199+0100] {dag.py:3423} INFO - Setting next_dagrun for example_sensors to None, run_after=None
[2023-01-07T01:54:37.238+0100] {processor.py:175} INFO - Processing /home/chrisfleig/.local/lib/python3.10/site-packages/airflow/example_dags/example_sensors.py took 0.180 seconds
[2023-01-07T01:55:40.783+0100] {processor.py:153} INFO - Started process (PID=14073) to work on /home/chrisfleig/.local/lib/python3.10/site-packages/airflow/example_dags/example_sensors.py
[2023-01-07T01:55:40.787+0100] {processor.py:743} INFO - Processing file /home/chrisfleig/.local/lib/python3.10/site-packages/airflow/example_dags/example_sensors.py for tasks to queue
[2023-01-07T01:55:40.788+0100] {logging_mixin.py:137} INFO - [2023-01-07T01:55:40.788+0100] {dagbag.py:538} INFO - Filling up the DagBag from /home/chrisfleig/.local/lib/python3.10/site-packages/airflow/example_dags/example_sensors.py
[2023-01-07T01:55:40.809+0100] {processor.py:753} INFO - DAG(s) dict_keys(['example_sensors']) retrieved from /home/chrisfleig/.local/lib/python3.10/site-packages/airflow/example_dags/example_sensors.py
[2023-01-07T01:55:40.832+0100] {logging_mixin.py:137} INFO - [2023-01-07T01:55:40.832+0100] {dag.py:2676} INFO - Sync 1 DAGs
[2023-01-07T01:55:40.938+0100] {logging_mixin.py:137} INFO - [2023-01-07T01:55:40.938+0100] {dag.py:3423} INFO - Setting next_dagrun for example_sensors to None, run_after=None
[2023-01-07T01:55:40.999+0100] {processor.py:175} INFO - Processing /home/chrisfleig/.local/lib/python3.10/site-packages/airflow/example_dags/example_sensors.py took 0.219 seconds
[2023-01-07T01:56:42.542+0100] {processor.py:153} INFO - Started process (PID=14133) to work on /home/chrisfleig/.local/lib/python3.10/site-packages/airflow/example_dags/example_sensors.py
[2023-01-07T01:56:42.543+0100] {processor.py:743} INFO - Processing file /home/chrisfleig/.local/lib/python3.10/site-packages/airflow/example_dags/example_sensors.py for tasks to queue
[2023-01-07T01:56:42.545+0100] {logging_mixin.py:137} INFO - [2023-01-07T01:56:42.544+0100] {dagbag.py:538} INFO - Filling up the DagBag from /home/chrisfleig/.local/lib/python3.10/site-packages/airflow/example_dags/example_sensors.py
[2023-01-07T01:56:42.571+0100] {processor.py:753} INFO - DAG(s) dict_keys(['example_sensors']) retrieved from /home/chrisfleig/.local/lib/python3.10/site-packages/airflow/example_dags/example_sensors.py
[2023-01-07T01:56:42.762+0100] {logging_mixin.py:137} INFO - [2023-01-07T01:56:42.761+0100] {dag.py:2676} INFO - Sync 1 DAGs
[2023-01-07T01:56:42.836+0100] {logging_mixin.py:137} INFO - [2023-01-07T01:56:42.835+0100] {dag.py:3423} INFO - Setting next_dagrun for example_sensors to None, run_after=None
[2023-01-07T01:56:42.960+0100] {processor.py:175} INFO - Processing /home/chrisfleig/.local/lib/python3.10/site-packages/airflow/example_dags/example_sensors.py took 0.422 seconds
[2023-01-07T01:58:21.690+0100] {processor.py:153} INFO - Started process (PID=14212) to work on /home/chrisfleig/.local/lib/python3.10/site-packages/airflow/example_dags/example_sensors.py
[2023-01-07T01:58:21.692+0100] {processor.py:743} INFO - Processing file /home/chrisfleig/.local/lib/python3.10/site-packages/airflow/example_dags/example_sensors.py for tasks to queue
[2023-01-07T01:58:21.693+0100] {logging_mixin.py:137} INFO - [2023-01-07T01:58:21.693+0100] {dagbag.py:538} INFO - Filling up the DagBag from /home/chrisfleig/.local/lib/python3.10/site-packages/airflow/example_dags/example_sensors.py
[2023-01-07T01:58:21.732+0100] {processor.py:753} INFO - DAG(s) dict_keys(['example_sensors']) retrieved from /home/chrisfleig/.local/lib/python3.10/site-packages/airflow/example_dags/example_sensors.py
[2023-01-07T01:58:21.903+0100] {logging_mixin.py:137} INFO - [2023-01-07T01:58:21.903+0100] {dag.py:2676} INFO - Sync 1 DAGs
[2023-01-07T01:58:21.922+0100] {logging_mixin.py:137} INFO - [2023-01-07T01:58:21.922+0100] {dag.py:3423} INFO - Setting next_dagrun for example_sensors to None, run_after=None
[2023-01-07T01:58:21.961+0100] {processor.py:175} INFO - Processing /home/chrisfleig/.local/lib/python3.10/site-packages/airflow/example_dags/example_sensors.py took 0.283 seconds
[2023-01-07T01:59:15.399+0100] {processor.py:153} INFO - Started process (PID=14258) to work on /home/chrisfleig/.local/lib/python3.10/site-packages/airflow/example_dags/example_sensors.py
[2023-01-07T01:59:15.400+0100] {processor.py:743} INFO - Processing file /home/chrisfleig/.local/lib/python3.10/site-packages/airflow/example_dags/example_sensors.py for tasks to queue
[2023-01-07T01:59:15.401+0100] {logging_mixin.py:137} INFO - [2023-01-07T01:59:15.401+0100] {dagbag.py:538} INFO - Filling up the DagBag from /home/chrisfleig/.local/lib/python3.10/site-packages/airflow/example_dags/example_sensors.py
[2023-01-07T01:59:15.422+0100] {processor.py:753} INFO - DAG(s) dict_keys(['example_sensors']) retrieved from /home/chrisfleig/.local/lib/python3.10/site-packages/airflow/example_dags/example_sensors.py
[2023-01-07T01:59:15.444+0100] {logging_mixin.py:137} INFO - [2023-01-07T01:59:15.444+0100] {dag.py:2676} INFO - Sync 1 DAGs
[2023-01-07T01:59:15.460+0100] {logging_mixin.py:137} INFO - [2023-01-07T01:59:15.460+0100] {dag.py:3423} INFO - Setting next_dagrun for example_sensors to None, run_after=None
[2023-01-07T01:59:15.501+0100] {processor.py:175} INFO - Processing /home/chrisfleig/.local/lib/python3.10/site-packages/airflow/example_dags/example_sensors.py took 0.105 seconds
[2023-01-07T02:00:23.713+0100] {processor.py:153} INFO - Started process (PID=14326) to work on /home/chrisfleig/.local/lib/python3.10/site-packages/airflow/example_dags/example_sensors.py
[2023-01-07T02:00:23.715+0100] {processor.py:743} INFO - Processing file /home/chrisfleig/.local/lib/python3.10/site-packages/airflow/example_dags/example_sensors.py for tasks to queue
[2023-01-07T02:00:23.716+0100] {logging_mixin.py:137} INFO - [2023-01-07T02:00:23.716+0100] {dagbag.py:538} INFO - Filling up the DagBag from /home/chrisfleig/.local/lib/python3.10/site-packages/airflow/example_dags/example_sensors.py
[2023-01-07T02:00:23.744+0100] {processor.py:753} INFO - DAG(s) dict_keys(['example_sensors']) retrieved from /home/chrisfleig/.local/lib/python3.10/site-packages/airflow/example_dags/example_sensors.py
[2023-01-07T02:00:23.771+0100] {logging_mixin.py:137} INFO - [2023-01-07T02:00:23.771+0100] {dag.py:2676} INFO - Sync 1 DAGs
[2023-01-07T02:00:23.792+0100] {logging_mixin.py:137} INFO - [2023-01-07T02:00:23.791+0100] {dag.py:3423} INFO - Setting next_dagrun for example_sensors to None, run_after=None
[2023-01-07T02:00:23.934+0100] {processor.py:175} INFO - Processing /home/chrisfleig/.local/lib/python3.10/site-packages/airflow/example_dags/example_sensors.py took 0.234 seconds
[2023-01-07T02:01:11.937+0100] {processor.py:153} INFO - Started process (PID=14371) to work on /home/chrisfleig/.local/lib/python3.10/site-packages/airflow/example_dags/example_sensors.py
[2023-01-07T02:01:11.939+0100] {processor.py:743} INFO - Processing file /home/chrisfleig/.local/lib/python3.10/site-packages/airflow/example_dags/example_sensors.py for tasks to queue
[2023-01-07T02:01:11.940+0100] {logging_mixin.py:137} INFO - [2023-01-07T02:01:11.940+0100] {dagbag.py:538} INFO - Filling up the DagBag from /home/chrisfleig/.local/lib/python3.10/site-packages/airflow/example_dags/example_sensors.py
[2023-01-07T02:01:11.959+0100] {processor.py:753} INFO - DAG(s) dict_keys(['example_sensors']) retrieved from /home/chrisfleig/.local/lib/python3.10/site-packages/airflow/example_dags/example_sensors.py
[2023-01-07T02:01:11.980+0100] {logging_mixin.py:137} INFO - [2023-01-07T02:01:11.980+0100] {dag.py:2676} INFO - Sync 1 DAGs
[2023-01-07T02:01:12.084+0100] {logging_mixin.py:137} INFO - [2023-01-07T02:01:12.084+0100] {dag.py:3423} INFO - Setting next_dagrun for example_sensors to None, run_after=None
[2023-01-07T02:01:12.121+0100] {processor.py:175} INFO - Processing /home/chrisfleig/.local/lib/python3.10/site-packages/airflow/example_dags/example_sensors.py took 0.188 seconds
[2023-01-07T02:02:18.364+0100] {processor.py:153} INFO - Started process (PID=14429) to work on /home/chrisfleig/.local/lib/python3.10/site-packages/airflow/example_dags/example_sensors.py
[2023-01-07T02:02:18.366+0100] {processor.py:743} INFO - Processing file /home/chrisfleig/.local/lib/python3.10/site-packages/airflow/example_dags/example_sensors.py for tasks to queue
[2023-01-07T02:02:18.367+0100] {logging_mixin.py:137} INFO - [2023-01-07T02:02:18.367+0100] {dagbag.py:538} INFO - Filling up the DagBag from /home/chrisfleig/.local/lib/python3.10/site-packages/airflow/example_dags/example_sensors.py
[2023-01-07T02:02:18.388+0100] {processor.py:753} INFO - DAG(s) dict_keys(['example_sensors']) retrieved from /home/chrisfleig/.local/lib/python3.10/site-packages/airflow/example_dags/example_sensors.py
[2023-01-07T02:02:18.505+0100] {logging_mixin.py:137} INFO - [2023-01-07T02:02:18.505+0100] {dag.py:2676} INFO - Sync 1 DAGs
[2023-01-07T02:02:18.519+0100] {logging_mixin.py:137} INFO - [2023-01-07T02:02:18.519+0100] {dag.py:3423} INFO - Setting next_dagrun for example_sensors to None, run_after=None
[2023-01-07T02:02:18.558+0100] {processor.py:175} INFO - Processing /home/chrisfleig/.local/lib/python3.10/site-packages/airflow/example_dags/example_sensors.py took 0.197 seconds
[2023-01-07T02:03:29.048+0100] {processor.py:153} INFO - Started process (PID=14491) to work on /home/chrisfleig/.local/lib/python3.10/site-packages/airflow/example_dags/example_sensors.py
[2023-01-07T02:03:29.050+0100] {processor.py:743} INFO - Processing file /home/chrisfleig/.local/lib/python3.10/site-packages/airflow/example_dags/example_sensors.py for tasks to queue
[2023-01-07T02:03:29.050+0100] {logging_mixin.py:137} INFO - [2023-01-07T02:03:29.050+0100] {dagbag.py:538} INFO - Filling up the DagBag from /home/chrisfleig/.local/lib/python3.10/site-packages/airflow/example_dags/example_sensors.py
[2023-01-07T02:03:29.084+0100] {processor.py:753} INFO - DAG(s) dict_keys(['example_sensors']) retrieved from /home/chrisfleig/.local/lib/python3.10/site-packages/airflow/example_dags/example_sensors.py
[2023-01-07T02:03:29.219+0100] {logging_mixin.py:137} INFO - [2023-01-07T02:03:29.219+0100] {dag.py:2676} INFO - Sync 1 DAGs
[2023-01-07T02:03:29.234+0100] {logging_mixin.py:137} INFO - [2023-01-07T02:03:29.234+0100] {dag.py:3423} INFO - Setting next_dagrun for example_sensors to None, run_after=None
[2023-01-07T02:03:29.290+0100] {processor.py:175} INFO - Processing /home/chrisfleig/.local/lib/python3.10/site-packages/airflow/example_dags/example_sensors.py took 0.245 seconds
[2023-01-07T02:04:30.868+0100] {processor.py:153} INFO - Started process (PID=14548) to work on /home/chrisfleig/.local/lib/python3.10/site-packages/airflow/example_dags/example_sensors.py
[2023-01-07T02:04:30.869+0100] {processor.py:743} INFO - Processing file /home/chrisfleig/.local/lib/python3.10/site-packages/airflow/example_dags/example_sensors.py for tasks to queue
[2023-01-07T02:04:30.870+0100] {logging_mixin.py:137} INFO - [2023-01-07T02:04:30.870+0100] {dagbag.py:538} INFO - Filling up the DagBag from /home/chrisfleig/.local/lib/python3.10/site-packages/airflow/example_dags/example_sensors.py
[2023-01-07T02:04:30.888+0100] {processor.py:753} INFO - DAG(s) dict_keys(['example_sensors']) retrieved from /home/chrisfleig/.local/lib/python3.10/site-packages/airflow/example_dags/example_sensors.py
[2023-01-07T02:04:30.910+0100] {logging_mixin.py:137} INFO - [2023-01-07T02:04:30.909+0100] {dag.py:2676} INFO - Sync 1 DAGs
[2023-01-07T02:04:30.926+0100] {logging_mixin.py:137} INFO - [2023-01-07T02:04:30.925+0100] {dag.py:3423} INFO - Setting next_dagrun for example_sensors to None, run_after=None
[2023-01-07T02:04:30.967+0100] {processor.py:175} INFO - Processing /home/chrisfleig/.local/lib/python3.10/site-packages/airflow/example_dags/example_sensors.py took 0.103 seconds
[2023-01-07T02:05:49.928+0100] {processor.py:153} INFO - Started process (PID=14620) to work on /home/chrisfleig/.local/lib/python3.10/site-packages/airflow/example_dags/example_sensors.py
[2023-01-07T02:05:49.929+0100] {processor.py:743} INFO - Processing file /home/chrisfleig/.local/lib/python3.10/site-packages/airflow/example_dags/example_sensors.py for tasks to queue
[2023-01-07T02:05:49.931+0100] {logging_mixin.py:137} INFO - [2023-01-07T02:05:49.930+0100] {dagbag.py:538} INFO - Filling up the DagBag from /home/chrisfleig/.local/lib/python3.10/site-packages/airflow/example_dags/example_sensors.py
[2023-01-07T02:05:49.953+0100] {processor.py:753} INFO - DAG(s) dict_keys(['example_sensors']) retrieved from /home/chrisfleig/.local/lib/python3.10/site-packages/airflow/example_dags/example_sensors.py
[2023-01-07T02:05:49.985+0100] {logging_mixin.py:137} INFO - [2023-01-07T02:05:49.985+0100] {dag.py:2676} INFO - Sync 1 DAGs
[2023-01-07T02:05:50.118+0100] {logging_mixin.py:137} INFO - [2023-01-07T02:05:50.118+0100] {dag.py:3423} INFO - Setting next_dagrun for example_sensors to None, run_after=None
[2023-01-07T02:05:50.163+0100] {processor.py:175} INFO - Processing /home/chrisfleig/.local/lib/python3.10/site-packages/airflow/example_dags/example_sensors.py took 0.239 seconds
[2023-01-07T02:06:52.357+0100] {processor.py:153} INFO - Started process (PID=14673) to work on /home/chrisfleig/.local/lib/python3.10/site-packages/airflow/example_dags/example_sensors.py
[2023-01-07T02:06:52.358+0100] {processor.py:743} INFO - Processing file /home/chrisfleig/.local/lib/python3.10/site-packages/airflow/example_dags/example_sensors.py for tasks to queue
[2023-01-07T02:06:52.359+0100] {logging_mixin.py:137} INFO - [2023-01-07T02:06:52.358+0100] {dagbag.py:538} INFO - Filling up the DagBag from /home/chrisfleig/.local/lib/python3.10/site-packages/airflow/example_dags/example_sensors.py
[2023-01-07T02:06:52.384+0100] {processor.py:753} INFO - DAG(s) dict_keys(['example_sensors']) retrieved from /home/chrisfleig/.local/lib/python3.10/site-packages/airflow/example_dags/example_sensors.py
[2023-01-07T02:06:52.423+0100] {logging_mixin.py:137} INFO - [2023-01-07T02:06:52.423+0100] {dag.py:2676} INFO - Sync 1 DAGs
[2023-01-07T02:06:52.587+0100] {logging_mixin.py:137} INFO - [2023-01-07T02:06:52.587+0100] {dag.py:3423} INFO - Setting next_dagrun for example_sensors to None, run_after=None
[2023-01-07T02:06:52.621+0100] {processor.py:175} INFO - Processing /home/chrisfleig/.local/lib/python3.10/site-packages/airflow/example_dags/example_sensors.py took 0.269 seconds
[2023-01-07T02:07:44.021+0100] {processor.py:153} INFO - Started process (PID=14715) to work on /home/chrisfleig/.local/lib/python3.10/site-packages/airflow/example_dags/example_sensors.py
[2023-01-07T02:07:44.023+0100] {processor.py:743} INFO - Processing file /home/chrisfleig/.local/lib/python3.10/site-packages/airflow/example_dags/example_sensors.py for tasks to queue
[2023-01-07T02:07:44.023+0100] {logging_mixin.py:137} INFO - [2023-01-07T02:07:44.023+0100] {dagbag.py:538} INFO - Filling up the DagBag from /home/chrisfleig/.local/lib/python3.10/site-packages/airflow/example_dags/example_sensors.py
[2023-01-07T02:07:44.041+0100] {processor.py:753} INFO - DAG(s) dict_keys(['example_sensors']) retrieved from /home/chrisfleig/.local/lib/python3.10/site-packages/airflow/example_dags/example_sensors.py
[2023-01-07T02:07:44.150+0100] {logging_mixin.py:137} INFO - [2023-01-07T02:07:44.150+0100] {dag.py:2676} INFO - Sync 1 DAGs
[2023-01-07T02:07:44.164+0100] {logging_mixin.py:137} INFO - [2023-01-07T02:07:44.164+0100] {dag.py:3423} INFO - Setting next_dagrun for example_sensors to None, run_after=None
[2023-01-07T02:07:44.210+0100] {processor.py:175} INFO - Processing /home/chrisfleig/.local/lib/python3.10/site-packages/airflow/example_dags/example_sensors.py took 0.193 seconds
[2023-01-07T02:09:06.319+0100] {processor.py:153} INFO - Started process (PID=14782) to work on /home/chrisfleig/.local/lib/python3.10/site-packages/airflow/example_dags/example_sensors.py
[2023-01-07T02:09:06.320+0100] {processor.py:743} INFO - Processing file /home/chrisfleig/.local/lib/python3.10/site-packages/airflow/example_dags/example_sensors.py for tasks to queue
[2023-01-07T02:09:06.321+0100] {logging_mixin.py:137} INFO - [2023-01-07T02:09:06.321+0100] {dagbag.py:538} INFO - Filling up the DagBag from /home/chrisfleig/.local/lib/python3.10/site-packages/airflow/example_dags/example_sensors.py
[2023-01-07T02:09:06.338+0100] {processor.py:753} INFO - DAG(s) dict_keys(['example_sensors']) retrieved from /home/chrisfleig/.local/lib/python3.10/site-packages/airflow/example_dags/example_sensors.py
[2023-01-07T02:09:06.457+0100] {logging_mixin.py:137} INFO - [2023-01-07T02:09:06.457+0100] {dag.py:2676} INFO - Sync 1 DAGs
[2023-01-07T02:09:06.471+0100] {logging_mixin.py:137} INFO - [2023-01-07T02:09:06.471+0100] {dag.py:3423} INFO - Setting next_dagrun for example_sensors to None, run_after=None
[2023-01-07T02:09:06.507+0100] {processor.py:175} INFO - Processing /home/chrisfleig/.local/lib/python3.10/site-packages/airflow/example_dags/example_sensors.py took 0.191 seconds
[2023-01-07T02:10:12.729+0100] {processor.py:153} INFO - Started process (PID=14843) to work on /home/chrisfleig/.local/lib/python3.10/site-packages/airflow/example_dags/example_sensors.py
[2023-01-07T02:10:12.731+0100] {processor.py:743} INFO - Processing file /home/chrisfleig/.local/lib/python3.10/site-packages/airflow/example_dags/example_sensors.py for tasks to queue
[2023-01-07T02:10:12.732+0100] {logging_mixin.py:137} INFO - [2023-01-07T02:10:12.731+0100] {dagbag.py:538} INFO - Filling up the DagBag from /home/chrisfleig/.local/lib/python3.10/site-packages/airflow/example_dags/example_sensors.py
[2023-01-07T02:10:12.843+0100] {processor.py:753} INFO - DAG(s) dict_keys(['example_sensors']) retrieved from /home/chrisfleig/.local/lib/python3.10/site-packages/airflow/example_dags/example_sensors.py
[2023-01-07T02:10:12.862+0100] {logging_mixin.py:137} INFO - [2023-01-07T02:10:12.862+0100] {dag.py:2676} INFO - Sync 1 DAGs
[2023-01-07T02:10:12.876+0100] {logging_mixin.py:137} INFO - [2023-01-07T02:10:12.876+0100] {dag.py:3423} INFO - Setting next_dagrun for example_sensors to None, run_after=None
[2023-01-07T02:10:12.924+0100] {processor.py:175} INFO - Processing /home/chrisfleig/.local/lib/python3.10/site-packages/airflow/example_dags/example_sensors.py took 0.197 seconds
[2023-01-07T02:10:59.124+0100] {processor.py:153} INFO - Started process (PID=14883) to work on /home/chrisfleig/.local/lib/python3.10/site-packages/airflow/example_dags/example_sensors.py
[2023-01-07T02:10:59.125+0100] {processor.py:743} INFO - Processing file /home/chrisfleig/.local/lib/python3.10/site-packages/airflow/example_dags/example_sensors.py for tasks to queue
[2023-01-07T02:10:59.126+0100] {logging_mixin.py:137} INFO - [2023-01-07T02:10:59.126+0100] {dagbag.py:538} INFO - Filling up the DagBag from /home/chrisfleig/.local/lib/python3.10/site-packages/airflow/example_dags/example_sensors.py
[2023-01-07T02:10:59.148+0100] {processor.py:753} INFO - DAG(s) dict_keys(['example_sensors']) retrieved from /home/chrisfleig/.local/lib/python3.10/site-packages/airflow/example_dags/example_sensors.py
[2023-01-07T02:10:59.172+0100] {logging_mixin.py:137} INFO - [2023-01-07T02:10:59.172+0100] {dag.py:2676} INFO - Sync 1 DAGs
[2023-01-07T02:10:59.188+0100] {logging_mixin.py:137} INFO - [2023-01-07T02:10:59.188+0100] {dag.py:3423} INFO - Setting next_dagrun for example_sensors to None, run_after=None
[2023-01-07T02:10:59.337+0100] {processor.py:175} INFO - Processing /home/chrisfleig/.local/lib/python3.10/site-packages/airflow/example_dags/example_sensors.py took 0.216 seconds
[2023-01-07T02:11:49.323+0100] {processor.py:153} INFO - Started process (PID=14929) to work on /home/chrisfleig/.local/lib/python3.10/site-packages/airflow/example_dags/example_sensors.py
[2023-01-07T02:11:49.325+0100] {processor.py:743} INFO - Processing file /home/chrisfleig/.local/lib/python3.10/site-packages/airflow/example_dags/example_sensors.py for tasks to queue
[2023-01-07T02:11:49.326+0100] {logging_mixin.py:137} INFO - [2023-01-07T02:11:49.326+0100] {dagbag.py:538} INFO - Filling up the DagBag from /home/chrisfleig/.local/lib/python3.10/site-packages/airflow/example_dags/example_sensors.py
[2023-01-07T02:11:49.344+0100] {processor.py:753} INFO - DAG(s) dict_keys(['example_sensors']) retrieved from /home/chrisfleig/.local/lib/python3.10/site-packages/airflow/example_dags/example_sensors.py
[2023-01-07T02:11:49.366+0100] {logging_mixin.py:137} INFO - [2023-01-07T02:11:49.366+0100] {dag.py:2676} INFO - Sync 1 DAGs
[2023-01-07T02:11:49.491+0100] {logging_mixin.py:137} INFO - [2023-01-07T02:11:49.491+0100] {dag.py:3423} INFO - Setting next_dagrun for example_sensors to None, run_after=None
[2023-01-07T02:11:49.533+0100] {processor.py:175} INFO - Processing /home/chrisfleig/.local/lib/python3.10/site-packages/airflow/example_dags/example_sensors.py took 0.215 seconds
