[2023-01-07T01:01:02.904+0100] {processor.py:153} INFO - Started process (PID=10960) to work on /home/chrisfleig/.local/lib/python3.10/site-packages/airflow/example_dags/example_short_circuit_operator.py
[2023-01-07T01:01:02.904+0100] {processor.py:743} INFO - Processing file /home/chrisfleig/.local/lib/python3.10/site-packages/airflow/example_dags/example_short_circuit_operator.py for tasks to queue
[2023-01-07T01:01:02.906+0100] {logging_mixin.py:137} INFO - [2023-01-07T01:01:02.905+0100] {dagbag.py:538} INFO - Filling up the DagBag from /home/chrisfleig/.local/lib/python3.10/site-packages/airflow/example_dags/example_short_circuit_operator.py
[2023-01-07T01:01:02.927+0100] {processor.py:753} INFO - DAG(s) dict_keys(['example_short_circuit_operator']) retrieved from /home/chrisfleig/.local/lib/python3.10/site-packages/airflow/example_dags/example_short_circuit_operator.py
[2023-01-07T01:01:02.950+0100] {logging_mixin.py:137} INFO - [2023-01-07T01:01:02.950+0100] {dag.py:2676} INFO - Sync 1 DAGs
[2023-01-07T01:01:02.969+0100] {logging_mixin.py:137} INFO - [2023-01-07T01:01:02.969+0100] {dag.py:3423} INFO - Setting next_dagrun for example_short_circuit_operator to 2023-01-06T00:01:02.969547+00:00, run_after=2023-01-07T00:01:02.969547+00:00
[2023-01-07T01:01:03.014+0100] {processor.py:175} INFO - Processing /home/chrisfleig/.local/lib/python3.10/site-packages/airflow/example_dags/example_short_circuit_operator.py took 0.114 seconds
[2023-01-07T01:01:55.750+0100] {processor.py:153} INFO - Started process (PID=11012) to work on /home/chrisfleig/.local/lib/python3.10/site-packages/airflow/example_dags/example_short_circuit_operator.py
[2023-01-07T01:01:55.752+0100] {processor.py:743} INFO - Processing file /home/chrisfleig/.local/lib/python3.10/site-packages/airflow/example_dags/example_short_circuit_operator.py for tasks to queue
[2023-01-07T01:01:55.752+0100] {logging_mixin.py:137} INFO - [2023-01-07T01:01:55.752+0100] {dagbag.py:538} INFO - Filling up the DagBag from /home/chrisfleig/.local/lib/python3.10/site-packages/airflow/example_dags/example_short_circuit_operator.py
[2023-01-07T01:01:55.766+0100] {processor.py:753} INFO - DAG(s) dict_keys(['example_short_circuit_operator']) retrieved from /home/chrisfleig/.local/lib/python3.10/site-packages/airflow/example_dags/example_short_circuit_operator.py
[2023-01-07T01:01:55.787+0100] {logging_mixin.py:137} INFO - [2023-01-07T01:01:55.787+0100] {dag.py:2676} INFO - Sync 1 DAGs
[2023-01-07T01:01:55.803+0100] {logging_mixin.py:137} INFO - [2023-01-07T01:01:55.802+0100] {dag.py:3423} INFO - Setting next_dagrun for example_short_circuit_operator to 2023-01-06T00:01:55.802743+00:00, run_after=2023-01-07T00:01:55.802743+00:00
[2023-01-07T01:01:55.841+0100] {processor.py:175} INFO - Processing /home/chrisfleig/.local/lib/python3.10/site-packages/airflow/example_dags/example_short_circuit_operator.py took 0.095 seconds
[2023-01-07T01:02:50.363+0100] {processor.py:153} INFO - Started process (PID=11062) to work on /home/chrisfleig/.local/lib/python3.10/site-packages/airflow/example_dags/example_short_circuit_operator.py
[2023-01-07T01:02:50.365+0100] {processor.py:743} INFO - Processing file /home/chrisfleig/.local/lib/python3.10/site-packages/airflow/example_dags/example_short_circuit_operator.py for tasks to queue
[2023-01-07T01:02:50.366+0100] {logging_mixin.py:137} INFO - [2023-01-07T01:02:50.366+0100] {dagbag.py:538} INFO - Filling up the DagBag from /home/chrisfleig/.local/lib/python3.10/site-packages/airflow/example_dags/example_short_circuit_operator.py
[2023-01-07T01:02:50.384+0100] {processor.py:753} INFO - DAG(s) dict_keys(['example_short_circuit_operator']) retrieved from /home/chrisfleig/.local/lib/python3.10/site-packages/airflow/example_dags/example_short_circuit_operator.py
[2023-01-07T01:02:50.406+0100] {logging_mixin.py:137} INFO - [2023-01-07T01:02:50.406+0100] {dag.py:2676} INFO - Sync 1 DAGs
[2023-01-07T01:02:50.423+0100] {logging_mixin.py:137} INFO - [2023-01-07T01:02:50.423+0100] {dag.py:3423} INFO - Setting next_dagrun for example_short_circuit_operator to 2023-01-06T00:02:50.422872+00:00, run_after=2023-01-07T00:02:50.422872+00:00
[2023-01-07T01:02:50.540+0100] {processor.py:175} INFO - Processing /home/chrisfleig/.local/lib/python3.10/site-packages/airflow/example_dags/example_short_circuit_operator.py took 0.181 seconds
[2023-01-07T01:03:46.853+0100] {processor.py:153} INFO - Started process (PID=11115) to work on /home/chrisfleig/.local/lib/python3.10/site-packages/airflow/example_dags/example_short_circuit_operator.py
[2023-01-07T01:03:46.854+0100] {processor.py:743} INFO - Processing file /home/chrisfleig/.local/lib/python3.10/site-packages/airflow/example_dags/example_short_circuit_operator.py for tasks to queue
[2023-01-07T01:03:46.855+0100] {logging_mixin.py:137} INFO - [2023-01-07T01:03:46.855+0100] {dagbag.py:538} INFO - Filling up the DagBag from /home/chrisfleig/.local/lib/python3.10/site-packages/airflow/example_dags/example_short_circuit_operator.py
[2023-01-07T01:03:46.869+0100] {processor.py:753} INFO - DAG(s) dict_keys(['example_short_circuit_operator']) retrieved from /home/chrisfleig/.local/lib/python3.10/site-packages/airflow/example_dags/example_short_circuit_operator.py
[2023-01-07T01:03:46.897+0100] {logging_mixin.py:137} INFO - [2023-01-07T01:03:46.896+0100] {dag.py:2676} INFO - Sync 1 DAGs
[2023-01-07T01:03:47.000+0100] {logging_mixin.py:137} INFO - [2023-01-07T01:03:47.000+0100] {dag.py:3423} INFO - Setting next_dagrun for example_short_circuit_operator to 2023-01-06T00:03:47.000008+00:00, run_after=2023-01-07T00:03:47.000008+00:00
[2023-01-07T01:03:47.035+0100] {processor.py:175} INFO - Processing /home/chrisfleig/.local/lib/python3.10/site-packages/airflow/example_dags/example_short_circuit_operator.py took 0.184 seconds
[2023-01-07T01:04:45.757+0100] {processor.py:153} INFO - Started process (PID=11169) to work on /home/chrisfleig/.local/lib/python3.10/site-packages/airflow/example_dags/example_short_circuit_operator.py
[2023-01-07T01:04:45.759+0100] {processor.py:743} INFO - Processing file /home/chrisfleig/.local/lib/python3.10/site-packages/airflow/example_dags/example_short_circuit_operator.py for tasks to queue
[2023-01-07T01:04:45.760+0100] {logging_mixin.py:137} INFO - [2023-01-07T01:04:45.760+0100] {dagbag.py:538} INFO - Filling up the DagBag from /home/chrisfleig/.local/lib/python3.10/site-packages/airflow/example_dags/example_short_circuit_operator.py
[2023-01-07T01:04:45.778+0100] {processor.py:753} INFO - DAG(s) dict_keys(['example_short_circuit_operator']) retrieved from /home/chrisfleig/.local/lib/python3.10/site-packages/airflow/example_dags/example_short_circuit_operator.py
[2023-01-07T01:04:45.799+0100] {logging_mixin.py:137} INFO - [2023-01-07T01:04:45.799+0100] {dag.py:2676} INFO - Sync 1 DAGs
[2023-01-07T01:04:45.815+0100] {logging_mixin.py:137} INFO - [2023-01-07T01:04:45.815+0100] {dag.py:3423} INFO - Setting next_dagrun for example_short_circuit_operator to 2023-01-06T00:04:45.815220+00:00, run_after=2023-01-07T00:04:45.815220+00:00
[2023-01-07T01:04:45.851+0100] {processor.py:175} INFO - Processing /home/chrisfleig/.local/lib/python3.10/site-packages/airflow/example_dags/example_short_circuit_operator.py took 0.098 seconds
[2023-01-07T01:05:31.303+0100] {processor.py:153} INFO - Started process (PID=11213) to work on /home/chrisfleig/.local/lib/python3.10/site-packages/airflow/example_dags/example_short_circuit_operator.py
[2023-01-07T01:05:31.304+0100] {processor.py:743} INFO - Processing file /home/chrisfleig/.local/lib/python3.10/site-packages/airflow/example_dags/example_short_circuit_operator.py for tasks to queue
[2023-01-07T01:05:31.304+0100] {logging_mixin.py:137} INFO - [2023-01-07T01:05:31.304+0100] {dagbag.py:538} INFO - Filling up the DagBag from /home/chrisfleig/.local/lib/python3.10/site-packages/airflow/example_dags/example_short_circuit_operator.py
[2023-01-07T01:05:31.318+0100] {processor.py:753} INFO - DAG(s) dict_keys(['example_short_circuit_operator']) retrieved from /home/chrisfleig/.local/lib/python3.10/site-packages/airflow/example_dags/example_short_circuit_operator.py
[2023-01-07T01:05:31.339+0100] {logging_mixin.py:137} INFO - [2023-01-07T01:05:31.339+0100] {dag.py:2676} INFO - Sync 1 DAGs
[2023-01-07T01:05:31.355+0100] {logging_mixin.py:137} INFO - [2023-01-07T01:05:31.355+0100] {dag.py:3423} INFO - Setting next_dagrun for example_short_circuit_operator to 2023-01-06T00:05:31.355459+00:00, run_after=2023-01-07T00:05:31.355459+00:00
[2023-01-07T01:05:31.395+0100] {processor.py:175} INFO - Processing /home/chrisfleig/.local/lib/python3.10/site-packages/airflow/example_dags/example_short_circuit_operator.py took 0.095 seconds
[2023-01-07T01:06:23.798+0100] {processor.py:153} INFO - Started process (PID=11265) to work on /home/chrisfleig/.local/lib/python3.10/site-packages/airflow/example_dags/example_short_circuit_operator.py
[2023-01-07T01:06:23.800+0100] {processor.py:743} INFO - Processing file /home/chrisfleig/.local/lib/python3.10/site-packages/airflow/example_dags/example_short_circuit_operator.py for tasks to queue
[2023-01-07T01:06:23.800+0100] {logging_mixin.py:137} INFO - [2023-01-07T01:06:23.800+0100] {dagbag.py:538} INFO - Filling up the DagBag from /home/chrisfleig/.local/lib/python3.10/site-packages/airflow/example_dags/example_short_circuit_operator.py
[2023-01-07T01:06:23.816+0100] {processor.py:753} INFO - DAG(s) dict_keys(['example_short_circuit_operator']) retrieved from /home/chrisfleig/.local/lib/python3.10/site-packages/airflow/example_dags/example_short_circuit_operator.py
[2023-01-07T01:06:23.839+0100] {logging_mixin.py:137} INFO - [2023-01-07T01:06:23.839+0100] {dag.py:2676} INFO - Sync 1 DAGs
[2023-01-07T01:06:23.861+0100] {logging_mixin.py:137} INFO - [2023-01-07T01:06:23.860+0100] {dag.py:3423} INFO - Setting next_dagrun for example_short_circuit_operator to 2023-01-06T00:06:23.860608+00:00, run_after=2023-01-07T00:06:23.860608+00:00
[2023-01-07T01:06:23.907+0100] {processor.py:175} INFO - Processing /home/chrisfleig/.local/lib/python3.10/site-packages/airflow/example_dags/example_short_circuit_operator.py took 0.113 seconds
[2023-01-07T01:07:14.117+0100] {processor.py:153} INFO - Started process (PID=11313) to work on /home/chrisfleig/.local/lib/python3.10/site-packages/airflow/example_dags/example_short_circuit_operator.py
[2023-01-07T01:07:14.118+0100] {processor.py:743} INFO - Processing file /home/chrisfleig/.local/lib/python3.10/site-packages/airflow/example_dags/example_short_circuit_operator.py for tasks to queue
[2023-01-07T01:07:14.118+0100] {logging_mixin.py:137} INFO - [2023-01-07T01:07:14.118+0100] {dagbag.py:538} INFO - Filling up the DagBag from /home/chrisfleig/.local/lib/python3.10/site-packages/airflow/example_dags/example_short_circuit_operator.py
[2023-01-07T01:07:14.132+0100] {processor.py:753} INFO - DAG(s) dict_keys(['example_short_circuit_operator']) retrieved from /home/chrisfleig/.local/lib/python3.10/site-packages/airflow/example_dags/example_short_circuit_operator.py
[2023-01-07T01:07:14.152+0100] {logging_mixin.py:137} INFO - [2023-01-07T01:07:14.152+0100] {dag.py:2676} INFO - Sync 1 DAGs
[2023-01-07T01:07:14.168+0100] {logging_mixin.py:137} INFO - [2023-01-07T01:07:14.168+0100] {dag.py:3423} INFO - Setting next_dagrun for example_short_circuit_operator to 2023-01-06T00:07:14.167834+00:00, run_after=2023-01-07T00:07:14.167834+00:00
[2023-01-07T01:07:14.203+0100] {processor.py:175} INFO - Processing /home/chrisfleig/.local/lib/python3.10/site-packages/airflow/example_dags/example_short_circuit_operator.py took 0.090 seconds
[2023-01-07T01:08:13.987+0100] {processor.py:153} INFO - Started process (PID=11365) to work on /home/chrisfleig/.local/lib/python3.10/site-packages/airflow/example_dags/example_short_circuit_operator.py
[2023-01-07T01:08:13.988+0100] {processor.py:743} INFO - Processing file /home/chrisfleig/.local/lib/python3.10/site-packages/airflow/example_dags/example_short_circuit_operator.py for tasks to queue
[2023-01-07T01:08:13.989+0100] {logging_mixin.py:137} INFO - [2023-01-07T01:08:13.989+0100] {dagbag.py:538} INFO - Filling up the DagBag from /home/chrisfleig/.local/lib/python3.10/site-packages/airflow/example_dags/example_short_circuit_operator.py
[2023-01-07T01:08:14.011+0100] {processor.py:753} INFO - DAG(s) dict_keys(['example_short_circuit_operator']) retrieved from /home/chrisfleig/.local/lib/python3.10/site-packages/airflow/example_dags/example_short_circuit_operator.py
[2023-01-07T01:08:14.041+0100] {logging_mixin.py:137} INFO - [2023-01-07T01:08:14.040+0100] {dag.py:2676} INFO - Sync 1 DAGs
[2023-01-07T01:08:14.065+0100] {logging_mixin.py:137} INFO - [2023-01-07T01:08:14.064+0100] {dag.py:3423} INFO - Setting next_dagrun for example_short_circuit_operator to 2023-01-06T00:08:14.063904+00:00, run_after=2023-01-07T00:08:14.063904+00:00
[2023-01-07T01:08:14.199+0100] {processor.py:175} INFO - Processing /home/chrisfleig/.local/lib/python3.10/site-packages/airflow/example_dags/example_short_circuit_operator.py took 0.215 seconds
[2023-01-07T01:09:14.862+0100] {processor.py:153} INFO - Started process (PID=11425) to work on /home/chrisfleig/.local/lib/python3.10/site-packages/airflow/example_dags/example_short_circuit_operator.py
[2023-01-07T01:09:14.863+0100] {processor.py:743} INFO - Processing file /home/chrisfleig/.local/lib/python3.10/site-packages/airflow/example_dags/example_short_circuit_operator.py for tasks to queue
[2023-01-07T01:09:14.864+0100] {logging_mixin.py:137} INFO - [2023-01-07T01:09:14.864+0100] {dagbag.py:538} INFO - Filling up the DagBag from /home/chrisfleig/.local/lib/python3.10/site-packages/airflow/example_dags/example_short_circuit_operator.py
[2023-01-07T01:09:14.881+0100] {processor.py:753} INFO - DAG(s) dict_keys(['example_short_circuit_operator']) retrieved from /home/chrisfleig/.local/lib/python3.10/site-packages/airflow/example_dags/example_short_circuit_operator.py
[2023-01-07T01:09:14.905+0100] {logging_mixin.py:137} INFO - [2023-01-07T01:09:14.905+0100] {dag.py:2676} INFO - Sync 1 DAGs
[2023-01-07T01:09:15.027+0100] {logging_mixin.py:137} INFO - [2023-01-07T01:09:15.027+0100] {dag.py:3423} INFO - Setting next_dagrun for example_short_circuit_operator to 2023-01-06T00:09:15.026818+00:00, run_after=2023-01-07T00:09:15.026818+00:00
[2023-01-07T01:09:15.064+0100] {processor.py:175} INFO - Processing /home/chrisfleig/.local/lib/python3.10/site-packages/airflow/example_dags/example_short_circuit_operator.py took 0.204 seconds
[2023-01-07T01:10:22.615+0100] {processor.py:153} INFO - Started process (PID=11486) to work on /home/chrisfleig/.local/lib/python3.10/site-packages/airflow/example_dags/example_short_circuit_operator.py
[2023-01-07T01:10:22.617+0100] {processor.py:743} INFO - Processing file /home/chrisfleig/.local/lib/python3.10/site-packages/airflow/example_dags/example_short_circuit_operator.py for tasks to queue
[2023-01-07T01:10:22.617+0100] {logging_mixin.py:137} INFO - [2023-01-07T01:10:22.617+0100] {dagbag.py:538} INFO - Filling up the DagBag from /home/chrisfleig/.local/lib/python3.10/site-packages/airflow/example_dags/example_short_circuit_operator.py
[2023-01-07T01:10:22.634+0100] {processor.py:753} INFO - DAG(s) dict_keys(['example_short_circuit_operator']) retrieved from /home/chrisfleig/.local/lib/python3.10/site-packages/airflow/example_dags/example_short_circuit_operator.py
[2023-01-07T01:10:22.658+0100] {logging_mixin.py:137} INFO - [2023-01-07T01:10:22.658+0100] {dag.py:2676} INFO - Sync 1 DAGs
[2023-01-07T01:10:22.675+0100] {logging_mixin.py:137} INFO - [2023-01-07T01:10:22.675+0100] {dag.py:3423} INFO - Setting next_dagrun for example_short_circuit_operator to 2023-01-06T00:10:22.675347+00:00, run_after=2023-01-07T00:10:22.675347+00:00
[2023-01-07T01:10:22.715+0100] {processor.py:175} INFO - Processing /home/chrisfleig/.local/lib/python3.10/site-packages/airflow/example_dags/example_short_circuit_operator.py took 0.104 seconds
[2023-01-07T01:11:23.356+0100] {processor.py:153} INFO - Started process (PID=11542) to work on /home/chrisfleig/.local/lib/python3.10/site-packages/airflow/example_dags/example_short_circuit_operator.py
[2023-01-07T01:11:23.357+0100] {processor.py:743} INFO - Processing file /home/chrisfleig/.local/lib/python3.10/site-packages/airflow/example_dags/example_short_circuit_operator.py for tasks to queue
[2023-01-07T01:11:23.358+0100] {logging_mixin.py:137} INFO - [2023-01-07T01:11:23.358+0100] {dagbag.py:538} INFO - Filling up the DagBag from /home/chrisfleig/.local/lib/python3.10/site-packages/airflow/example_dags/example_short_circuit_operator.py
[2023-01-07T01:11:23.373+0100] {processor.py:753} INFO - DAG(s) dict_keys(['example_short_circuit_operator']) retrieved from /home/chrisfleig/.local/lib/python3.10/site-packages/airflow/example_dags/example_short_circuit_operator.py
[2023-01-07T01:11:23.394+0100] {logging_mixin.py:137} INFO - [2023-01-07T01:11:23.394+0100] {dag.py:2676} INFO - Sync 1 DAGs
[2023-01-07T01:11:23.412+0100] {logging_mixin.py:137} INFO - [2023-01-07T01:11:23.412+0100] {dag.py:3423} INFO - Setting next_dagrun for example_short_circuit_operator to 2023-01-06T00:11:23.412321+00:00, run_after=2023-01-07T00:11:23.412321+00:00
[2023-01-07T01:11:23.451+0100] {processor.py:175} INFO - Processing /home/chrisfleig/.local/lib/python3.10/site-packages/airflow/example_dags/example_short_circuit_operator.py took 0.099 seconds
[2023-01-07T01:12:21.780+0100] {processor.py:153} INFO - Started process (PID=11598) to work on /home/chrisfleig/.local/lib/python3.10/site-packages/airflow/example_dags/example_short_circuit_operator.py
[2023-01-07T01:12:21.781+0100] {processor.py:743} INFO - Processing file /home/chrisfleig/.local/lib/python3.10/site-packages/airflow/example_dags/example_short_circuit_operator.py for tasks to queue
[2023-01-07T01:12:21.783+0100] {logging_mixin.py:137} INFO - [2023-01-07T01:12:21.782+0100] {dagbag.py:538} INFO - Filling up the DagBag from /home/chrisfleig/.local/lib/python3.10/site-packages/airflow/example_dags/example_short_circuit_operator.py
[2023-01-07T01:12:21.811+0100] {processor.py:753} INFO - DAG(s) dict_keys(['example_short_circuit_operator']) retrieved from /home/chrisfleig/.local/lib/python3.10/site-packages/airflow/example_dags/example_short_circuit_operator.py
[2023-01-07T01:12:21.844+0100] {logging_mixin.py:137} INFO - [2023-01-07T01:12:21.844+0100] {dag.py:2676} INFO - Sync 1 DAGs
[2023-01-07T01:12:21.869+0100] {logging_mixin.py:137} INFO - [2023-01-07T01:12:21.869+0100] {dag.py:3423} INFO - Setting next_dagrun for example_short_circuit_operator to 2023-01-06T00:12:21.869355+00:00, run_after=2023-01-07T00:12:21.869355+00:00
[2023-01-07T01:12:21.912+0100] {processor.py:175} INFO - Processing /home/chrisfleig/.local/lib/python3.10/site-packages/airflow/example_dags/example_short_circuit_operator.py took 0.137 seconds
[2023-01-07T01:13:23.747+0100] {processor.py:153} INFO - Started process (PID=11663) to work on /home/chrisfleig/.local/lib/python3.10/site-packages/airflow/example_dags/example_short_circuit_operator.py
[2023-01-07T01:13:23.748+0100] {processor.py:743} INFO - Processing file /home/chrisfleig/.local/lib/python3.10/site-packages/airflow/example_dags/example_short_circuit_operator.py for tasks to queue
[2023-01-07T01:13:23.749+0100] {logging_mixin.py:137} INFO - [2023-01-07T01:13:23.749+0100] {dagbag.py:538} INFO - Filling up the DagBag from /home/chrisfleig/.local/lib/python3.10/site-packages/airflow/example_dags/example_short_circuit_operator.py
[2023-01-07T01:13:23.764+0100] {processor.py:753} INFO - DAG(s) dict_keys(['example_short_circuit_operator']) retrieved from /home/chrisfleig/.local/lib/python3.10/site-packages/airflow/example_dags/example_short_circuit_operator.py
[2023-01-07T01:13:23.785+0100] {logging_mixin.py:137} INFO - [2023-01-07T01:13:23.785+0100] {dag.py:2676} INFO - Sync 1 DAGs
[2023-01-07T01:13:23.942+0100] {logging_mixin.py:137} INFO - [2023-01-07T01:13:23.942+0100] {dag.py:3423} INFO - Setting next_dagrun for example_short_circuit_operator to 2023-01-06T00:13:23.942601+00:00, run_after=2023-01-07T00:13:23.942601+00:00
[2023-01-07T01:13:23.992+0100] {processor.py:175} INFO - Processing /home/chrisfleig/.local/lib/python3.10/site-packages/airflow/example_dags/example_short_circuit_operator.py took 0.249 seconds
[2023-01-07T01:14:35.257+0100] {processor.py:153} INFO - Started process (PID=11725) to work on /home/chrisfleig/.local/lib/python3.10/site-packages/airflow/example_dags/example_short_circuit_operator.py
[2023-01-07T01:14:35.262+0100] {processor.py:743} INFO - Processing file /home/chrisfleig/.local/lib/python3.10/site-packages/airflow/example_dags/example_short_circuit_operator.py for tasks to queue
[2023-01-07T01:14:35.265+0100] {logging_mixin.py:137} INFO - [2023-01-07T01:14:35.264+0100] {dagbag.py:538} INFO - Filling up the DagBag from /home/chrisfleig/.local/lib/python3.10/site-packages/airflow/example_dags/example_short_circuit_operator.py
[2023-01-07T01:14:35.305+0100] {processor.py:753} INFO - DAG(s) dict_keys(['example_short_circuit_operator']) retrieved from /home/chrisfleig/.local/lib/python3.10/site-packages/airflow/example_dags/example_short_circuit_operator.py
[2023-01-07T01:14:35.346+0100] {logging_mixin.py:137} INFO - [2023-01-07T01:14:35.346+0100] {dag.py:2676} INFO - Sync 1 DAGs
[2023-01-07T01:14:35.462+0100] {logging_mixin.py:137} INFO - [2023-01-07T01:14:35.462+0100] {dag.py:3423} INFO - Setting next_dagrun for example_short_circuit_operator to 2023-01-06T00:14:35.462081+00:00, run_after=2023-01-07T00:14:35.462081+00:00
[2023-01-07T01:14:35.504+0100] {processor.py:175} INFO - Processing /home/chrisfleig/.local/lib/python3.10/site-packages/airflow/example_dags/example_short_circuit_operator.py took 0.260 seconds
[2023-01-07T01:15:40.367+0100] {processor.py:153} INFO - Started process (PID=11785) to work on /home/chrisfleig/.local/lib/python3.10/site-packages/airflow/example_dags/example_short_circuit_operator.py
[2023-01-07T01:15:40.368+0100] {processor.py:743} INFO - Processing file /home/chrisfleig/.local/lib/python3.10/site-packages/airflow/example_dags/example_short_circuit_operator.py for tasks to queue
[2023-01-07T01:15:40.369+0100] {logging_mixin.py:137} INFO - [2023-01-07T01:15:40.369+0100] {dagbag.py:538} INFO - Filling up the DagBag from /home/chrisfleig/.local/lib/python3.10/site-packages/airflow/example_dags/example_short_circuit_operator.py
[2023-01-07T01:15:40.383+0100] {processor.py:753} INFO - DAG(s) dict_keys(['example_short_circuit_operator']) retrieved from /home/chrisfleig/.local/lib/python3.10/site-packages/airflow/example_dags/example_short_circuit_operator.py
[2023-01-07T01:15:40.404+0100] {logging_mixin.py:137} INFO - [2023-01-07T01:15:40.404+0100] {dag.py:2676} INFO - Sync 1 DAGs
[2023-01-07T01:15:40.420+0100] {logging_mixin.py:137} INFO - [2023-01-07T01:15:40.420+0100] {dag.py:3423} INFO - Setting next_dagrun for example_short_circuit_operator to 2023-01-06T00:15:40.420188+00:00, run_after=2023-01-07T00:15:40.420188+00:00
[2023-01-07T01:15:40.462+0100] {processor.py:175} INFO - Processing /home/chrisfleig/.local/lib/python3.10/site-packages/airflow/example_dags/example_short_circuit_operator.py took 0.097 seconds
[2023-01-07T01:16:41.659+0100] {processor.py:153} INFO - Started process (PID=11853) to work on /home/chrisfleig/.local/lib/python3.10/site-packages/airflow/example_dags/example_short_circuit_operator.py
[2023-01-07T01:16:41.660+0100] {processor.py:743} INFO - Processing file /home/chrisfleig/.local/lib/python3.10/site-packages/airflow/example_dags/example_short_circuit_operator.py for tasks to queue
[2023-01-07T01:16:41.661+0100] {logging_mixin.py:137} INFO - [2023-01-07T01:16:41.661+0100] {dagbag.py:538} INFO - Filling up the DagBag from /home/chrisfleig/.local/lib/python3.10/site-packages/airflow/example_dags/example_short_circuit_operator.py
[2023-01-07T01:16:41.676+0100] {processor.py:753} INFO - DAG(s) dict_keys(['example_short_circuit_operator']) retrieved from /home/chrisfleig/.local/lib/python3.10/site-packages/airflow/example_dags/example_short_circuit_operator.py
[2023-01-07T01:16:41.696+0100] {logging_mixin.py:137} INFO - [2023-01-07T01:16:41.696+0100] {dag.py:2676} INFO - Sync 1 DAGs
[2023-01-07T01:16:41.712+0100] {logging_mixin.py:137} INFO - [2023-01-07T01:16:41.712+0100] {dag.py:3423} INFO - Setting next_dagrun for example_short_circuit_operator to 2023-01-06T00:16:41.712385+00:00, run_after=2023-01-07T00:16:41.712385+00:00
[2023-01-07T01:16:41.749+0100] {processor.py:175} INFO - Processing /home/chrisfleig/.local/lib/python3.10/site-packages/airflow/example_dags/example_short_circuit_operator.py took 0.093 seconds
[2023-01-07T01:17:45.229+0100] {processor.py:153} INFO - Started process (PID=11911) to work on /home/chrisfleig/.local/lib/python3.10/site-packages/airflow/example_dags/example_short_circuit_operator.py
[2023-01-07T01:17:45.230+0100] {processor.py:743} INFO - Processing file /home/chrisfleig/.local/lib/python3.10/site-packages/airflow/example_dags/example_short_circuit_operator.py for tasks to queue
[2023-01-07T01:17:45.231+0100] {logging_mixin.py:137} INFO - [2023-01-07T01:17:45.231+0100] {dagbag.py:538} INFO - Filling up the DagBag from /home/chrisfleig/.local/lib/python3.10/site-packages/airflow/example_dags/example_short_circuit_operator.py
[2023-01-07T01:17:45.246+0100] {processor.py:753} INFO - DAG(s) dict_keys(['example_short_circuit_operator']) retrieved from /home/chrisfleig/.local/lib/python3.10/site-packages/airflow/example_dags/example_short_circuit_operator.py
[2023-01-07T01:17:45.266+0100] {logging_mixin.py:137} INFO - [2023-01-07T01:17:45.266+0100] {dag.py:2676} INFO - Sync 1 DAGs
[2023-01-07T01:17:45.282+0100] {logging_mixin.py:137} INFO - [2023-01-07T01:17:45.282+0100] {dag.py:3423} INFO - Setting next_dagrun for example_short_circuit_operator to 2023-01-06T00:17:45.282462+00:00, run_after=2023-01-07T00:17:45.282462+00:00
[2023-01-07T01:17:45.401+0100] {processor.py:175} INFO - Processing /home/chrisfleig/.local/lib/python3.10/site-packages/airflow/example_dags/example_short_circuit_operator.py took 0.176 seconds
[2023-01-07T01:18:59.235+0100] {processor.py:153} INFO - Started process (PID=11974) to work on /home/chrisfleig/.local/lib/python3.10/site-packages/airflow/example_dags/example_short_circuit_operator.py
[2023-01-07T01:18:59.236+0100] {processor.py:743} INFO - Processing file /home/chrisfleig/.local/lib/python3.10/site-packages/airflow/example_dags/example_short_circuit_operator.py for tasks to queue
[2023-01-07T01:18:59.237+0100] {logging_mixin.py:137} INFO - [2023-01-07T01:18:59.237+0100] {dagbag.py:538} INFO - Filling up the DagBag from /home/chrisfleig/.local/lib/python3.10/site-packages/airflow/example_dags/example_short_circuit_operator.py
[2023-01-07T01:18:59.255+0100] {processor.py:753} INFO - DAG(s) dict_keys(['example_short_circuit_operator']) retrieved from /home/chrisfleig/.local/lib/python3.10/site-packages/airflow/example_dags/example_short_circuit_operator.py
[2023-01-07T01:18:59.275+0100] {logging_mixin.py:137} INFO - [2023-01-07T01:18:59.275+0100] {dag.py:2676} INFO - Sync 1 DAGs
[2023-01-07T01:18:59.375+0100] {logging_mixin.py:137} INFO - [2023-01-07T01:18:59.374+0100] {dag.py:3423} INFO - Setting next_dagrun for example_short_circuit_operator to 2023-01-06T00:18:59.374361+00:00, run_after=2023-01-07T00:18:59.374361+00:00
[2023-01-07T01:18:59.411+0100] {processor.py:175} INFO - Processing /home/chrisfleig/.local/lib/python3.10/site-packages/airflow/example_dags/example_short_circuit_operator.py took 0.181 seconds
[2023-01-07T01:20:18.230+0100] {processor.py:153} INFO - Started process (PID=12038) to work on /home/chrisfleig/.local/lib/python3.10/site-packages/airflow/example_dags/example_short_circuit_operator.py
[2023-01-07T01:20:18.232+0100] {processor.py:743} INFO - Processing file /home/chrisfleig/.local/lib/python3.10/site-packages/airflow/example_dags/example_short_circuit_operator.py for tasks to queue
[2023-01-07T01:20:18.233+0100] {logging_mixin.py:137} INFO - [2023-01-07T01:20:18.233+0100] {dagbag.py:538} INFO - Filling up the DagBag from /home/chrisfleig/.local/lib/python3.10/site-packages/airflow/example_dags/example_short_circuit_operator.py
[2023-01-07T01:20:18.250+0100] {processor.py:753} INFO - DAG(s) dict_keys(['example_short_circuit_operator']) retrieved from /home/chrisfleig/.local/lib/python3.10/site-packages/airflow/example_dags/example_short_circuit_operator.py
[2023-01-07T01:20:18.272+0100] {logging_mixin.py:137} INFO - [2023-01-07T01:20:18.272+0100] {dag.py:2676} INFO - Sync 1 DAGs
[2023-01-07T01:20:18.288+0100] {logging_mixin.py:137} INFO - [2023-01-07T01:20:18.288+0100] {dag.py:3423} INFO - Setting next_dagrun for example_short_circuit_operator to 2023-01-06T00:20:18.287970+00:00, run_after=2023-01-07T00:20:18.287970+00:00
[2023-01-07T01:20:18.334+0100] {processor.py:175} INFO - Processing /home/chrisfleig/.local/lib/python3.10/site-packages/airflow/example_dags/example_short_circuit_operator.py took 0.109 seconds
[2023-01-07T01:21:14.820+0100] {processor.py:153} INFO - Started process (PID=12097) to work on /home/chrisfleig/.local/lib/python3.10/site-packages/airflow/example_dags/example_short_circuit_operator.py
[2023-01-07T01:21:14.822+0100] {processor.py:743} INFO - Processing file /home/chrisfleig/.local/lib/python3.10/site-packages/airflow/example_dags/example_short_circuit_operator.py for tasks to queue
[2023-01-07T01:21:14.822+0100] {logging_mixin.py:137} INFO - [2023-01-07T01:21:14.822+0100] {dagbag.py:538} INFO - Filling up the DagBag from /home/chrisfleig/.local/lib/python3.10/site-packages/airflow/example_dags/example_short_circuit_operator.py
[2023-01-07T01:21:14.837+0100] {processor.py:753} INFO - DAG(s) dict_keys(['example_short_circuit_operator']) retrieved from /home/chrisfleig/.local/lib/python3.10/site-packages/airflow/example_dags/example_short_circuit_operator.py
[2023-01-07T01:21:14.859+0100] {logging_mixin.py:137} INFO - [2023-01-07T01:21:14.858+0100] {dag.py:2676} INFO - Sync 1 DAGs
[2023-01-07T01:21:14.877+0100] {logging_mixin.py:137} INFO - [2023-01-07T01:21:14.877+0100] {dag.py:3423} INFO - Setting next_dagrun for example_short_circuit_operator to 2023-01-06T00:21:14.876844+00:00, run_after=2023-01-07T00:21:14.876844+00:00
[2023-01-07T01:21:14.912+0100] {processor.py:175} INFO - Processing /home/chrisfleig/.local/lib/python3.10/site-packages/airflow/example_dags/example_short_circuit_operator.py took 0.095 seconds
[2023-01-07T01:22:15.235+0100] {processor.py:153} INFO - Started process (PID=12152) to work on /home/chrisfleig/.local/lib/python3.10/site-packages/airflow/example_dags/example_short_circuit_operator.py
[2023-01-07T01:22:15.236+0100] {processor.py:743} INFO - Processing file /home/chrisfleig/.local/lib/python3.10/site-packages/airflow/example_dags/example_short_circuit_operator.py for tasks to queue
[2023-01-07T01:22:15.238+0100] {logging_mixin.py:137} INFO - [2023-01-07T01:22:15.237+0100] {dagbag.py:538} INFO - Filling up the DagBag from /home/chrisfleig/.local/lib/python3.10/site-packages/airflow/example_dags/example_short_circuit_operator.py
[2023-01-07T01:22:15.271+0100] {processor.py:753} INFO - DAG(s) dict_keys(['example_short_circuit_operator']) retrieved from /home/chrisfleig/.local/lib/python3.10/site-packages/airflow/example_dags/example_short_circuit_operator.py
[2023-01-07T01:22:15.317+0100] {logging_mixin.py:137} INFO - [2023-01-07T01:22:15.317+0100] {dag.py:2676} INFO - Sync 1 DAGs
[2023-01-07T01:22:15.350+0100] {logging_mixin.py:137} INFO - [2023-01-07T01:22:15.349+0100] {dag.py:3423} INFO - Setting next_dagrun for example_short_circuit_operator to 2023-01-06T00:22:15.348772+00:00, run_after=2023-01-07T00:22:15.348772+00:00
[2023-01-07T01:22:15.420+0100] {processor.py:175} INFO - Processing /home/chrisfleig/.local/lib/python3.10/site-packages/airflow/example_dags/example_short_circuit_operator.py took 0.194 seconds
[2023-01-07T01:23:19.721+0100] {processor.py:153} INFO - Started process (PID=12212) to work on /home/chrisfleig/.local/lib/python3.10/site-packages/airflow/example_dags/example_short_circuit_operator.py
[2023-01-07T01:23:19.722+0100] {processor.py:743} INFO - Processing file /home/chrisfleig/.local/lib/python3.10/site-packages/airflow/example_dags/example_short_circuit_operator.py for tasks to queue
[2023-01-07T01:23:19.723+0100] {logging_mixin.py:137} INFO - [2023-01-07T01:23:19.723+0100] {dagbag.py:538} INFO - Filling up the DagBag from /home/chrisfleig/.local/lib/python3.10/site-packages/airflow/example_dags/example_short_circuit_operator.py
[2023-01-07T01:23:19.738+0100] {processor.py:753} INFO - DAG(s) dict_keys(['example_short_circuit_operator']) retrieved from /home/chrisfleig/.local/lib/python3.10/site-packages/airflow/example_dags/example_short_circuit_operator.py
[2023-01-07T01:23:19.758+0100] {logging_mixin.py:137} INFO - [2023-01-07T01:23:19.758+0100] {dag.py:2676} INFO - Sync 1 DAGs
[2023-01-07T01:23:19.778+0100] {logging_mixin.py:137} INFO - [2023-01-07T01:23:19.778+0100] {dag.py:3423} INFO - Setting next_dagrun for example_short_circuit_operator to 2023-01-06T00:23:19.777919+00:00, run_after=2023-01-07T00:23:19.777919+00:00
[2023-01-07T01:23:19.918+0100] {processor.py:175} INFO - Processing /home/chrisfleig/.local/lib/python3.10/site-packages/airflow/example_dags/example_short_circuit_operator.py took 0.200 seconds
[2023-01-07T01:24:22.885+0100] {processor.py:153} INFO - Started process (PID=12270) to work on /home/chrisfleig/.local/lib/python3.10/site-packages/airflow/example_dags/example_short_circuit_operator.py
[2023-01-07T01:24:22.886+0100] {processor.py:743} INFO - Processing file /home/chrisfleig/.local/lib/python3.10/site-packages/airflow/example_dags/example_short_circuit_operator.py for tasks to queue
[2023-01-07T01:24:22.887+0100] {logging_mixin.py:137} INFO - [2023-01-07T01:24:22.887+0100] {dagbag.py:538} INFO - Filling up the DagBag from /home/chrisfleig/.local/lib/python3.10/site-packages/airflow/example_dags/example_short_circuit_operator.py
[2023-01-07T01:24:22.902+0100] {processor.py:753} INFO - DAG(s) dict_keys(['example_short_circuit_operator']) retrieved from /home/chrisfleig/.local/lib/python3.10/site-packages/airflow/example_dags/example_short_circuit_operator.py
[2023-01-07T01:24:22.923+0100] {logging_mixin.py:137} INFO - [2023-01-07T01:24:22.923+0100] {dag.py:2676} INFO - Sync 1 DAGs
[2023-01-07T01:24:23.084+0100] {logging_mixin.py:137} INFO - [2023-01-07T01:24:23.084+0100] {dag.py:3423} INFO - Setting next_dagrun for example_short_circuit_operator to 2023-01-06T00:24:23.084040+00:00, run_after=2023-01-07T00:24:23.084040+00:00
[2023-01-07T01:24:23.139+0100] {processor.py:175} INFO - Processing /home/chrisfleig/.local/lib/python3.10/site-packages/airflow/example_dags/example_short_circuit_operator.py took 0.258 seconds
[2023-01-07T01:25:30.424+0100] {processor.py:153} INFO - Started process (PID=12330) to work on /home/chrisfleig/.local/lib/python3.10/site-packages/airflow/example_dags/example_short_circuit_operator.py
[2023-01-07T01:25:30.427+0100] {processor.py:743} INFO - Processing file /home/chrisfleig/.local/lib/python3.10/site-packages/airflow/example_dags/example_short_circuit_operator.py for tasks to queue
[2023-01-07T01:25:30.435+0100] {logging_mixin.py:137} INFO - [2023-01-07T01:25:30.428+0100] {dagbag.py:538} INFO - Filling up the DagBag from /home/chrisfleig/.local/lib/python3.10/site-packages/airflow/example_dags/example_short_circuit_operator.py
[2023-01-07T01:25:30.475+0100] {processor.py:753} INFO - DAG(s) dict_keys(['example_short_circuit_operator']) retrieved from /home/chrisfleig/.local/lib/python3.10/site-packages/airflow/example_dags/example_short_circuit_operator.py
[2023-01-07T01:25:30.513+0100] {logging_mixin.py:137} INFO - [2023-01-07T01:25:30.513+0100] {dag.py:2676} INFO - Sync 1 DAGs
[2023-01-07T01:25:30.536+0100] {logging_mixin.py:137} INFO - [2023-01-07T01:25:30.536+0100] {dag.py:3423} INFO - Setting next_dagrun for example_short_circuit_operator to 2023-01-06T00:25:30.536193+00:00, run_after=2023-01-07T00:25:30.536193+00:00
[2023-01-07T01:25:30.605+0100] {processor.py:175} INFO - Processing /home/chrisfleig/.local/lib/python3.10/site-packages/airflow/example_dags/example_short_circuit_operator.py took 0.187 seconds
[2023-01-07T01:26:32.320+0100] {processor.py:153} INFO - Started process (PID=12389) to work on /home/chrisfleig/.local/lib/python3.10/site-packages/airflow/example_dags/example_short_circuit_operator.py
[2023-01-07T01:26:32.331+0100] {processor.py:743} INFO - Processing file /home/chrisfleig/.local/lib/python3.10/site-packages/airflow/example_dags/example_short_circuit_operator.py for tasks to queue
[2023-01-07T01:26:32.332+0100] {logging_mixin.py:137} INFO - [2023-01-07T01:26:32.332+0100] {dagbag.py:538} INFO - Filling up the DagBag from /home/chrisfleig/.local/lib/python3.10/site-packages/airflow/example_dags/example_short_circuit_operator.py
[2023-01-07T01:26:32.358+0100] {processor.py:753} INFO - DAG(s) dict_keys(['example_short_circuit_operator']) retrieved from /home/chrisfleig/.local/lib/python3.10/site-packages/airflow/example_dags/example_short_circuit_operator.py
[2023-01-07T01:26:32.395+0100] {logging_mixin.py:137} INFO - [2023-01-07T01:26:32.395+0100] {dag.py:2676} INFO - Sync 1 DAGs
[2023-01-07T01:26:32.417+0100] {logging_mixin.py:137} INFO - [2023-01-07T01:26:32.417+0100] {dag.py:3423} INFO - Setting next_dagrun for example_short_circuit_operator to 2023-01-06T00:26:32.417406+00:00, run_after=2023-01-07T00:26:32.417406+00:00
[2023-01-07T01:26:32.493+0100] {processor.py:175} INFO - Processing /home/chrisfleig/.local/lib/python3.10/site-packages/airflow/example_dags/example_short_circuit_operator.py took 0.177 seconds
[2023-01-07T01:27:34.893+0100] {processor.py:153} INFO - Started process (PID=12447) to work on /home/chrisfleig/.local/lib/python3.10/site-packages/airflow/example_dags/example_short_circuit_operator.py
[2023-01-07T01:27:34.894+0100] {processor.py:743} INFO - Processing file /home/chrisfleig/.local/lib/python3.10/site-packages/airflow/example_dags/example_short_circuit_operator.py for tasks to queue
[2023-01-07T01:27:34.895+0100] {logging_mixin.py:137} INFO - [2023-01-07T01:27:34.895+0100] {dagbag.py:538} INFO - Filling up the DagBag from /home/chrisfleig/.local/lib/python3.10/site-packages/airflow/example_dags/example_short_circuit_operator.py
[2023-01-07T01:27:34.913+0100] {processor.py:753} INFO - DAG(s) dict_keys(['example_short_circuit_operator']) retrieved from /home/chrisfleig/.local/lib/python3.10/site-packages/airflow/example_dags/example_short_circuit_operator.py
[2023-01-07T01:27:34.938+0100] {logging_mixin.py:137} INFO - [2023-01-07T01:27:34.938+0100] {dag.py:2676} INFO - Sync 1 DAGs
[2023-01-07T01:27:34.954+0100] {logging_mixin.py:137} INFO - [2023-01-07T01:27:34.954+0100] {dag.py:3423} INFO - Setting next_dagrun for example_short_circuit_operator to 2023-01-06T00:27:34.953927+00:00, run_after=2023-01-07T00:27:34.953927+00:00
[2023-01-07T01:27:35.111+0100] {processor.py:175} INFO - Processing /home/chrisfleig/.local/lib/python3.10/site-packages/airflow/example_dags/example_short_circuit_operator.py took 0.221 seconds
[2023-01-07T01:28:38.922+0100] {processor.py:153} INFO - Started process (PID=12507) to work on /home/chrisfleig/.local/lib/python3.10/site-packages/airflow/example_dags/example_short_circuit_operator.py
[2023-01-07T01:28:38.923+0100] {processor.py:743} INFO - Processing file /home/chrisfleig/.local/lib/python3.10/site-packages/airflow/example_dags/example_short_circuit_operator.py for tasks to queue
[2023-01-07T01:28:38.924+0100] {logging_mixin.py:137} INFO - [2023-01-07T01:28:38.924+0100] {dagbag.py:538} INFO - Filling up the DagBag from /home/chrisfleig/.local/lib/python3.10/site-packages/airflow/example_dags/example_short_circuit_operator.py
[2023-01-07T01:28:38.941+0100] {processor.py:753} INFO - DAG(s) dict_keys(['example_short_circuit_operator']) retrieved from /home/chrisfleig/.local/lib/python3.10/site-packages/airflow/example_dags/example_short_circuit_operator.py
[2023-01-07T01:28:38.975+0100] {logging_mixin.py:137} INFO - [2023-01-07T01:28:38.975+0100] {dag.py:2676} INFO - Sync 1 DAGs
[2023-01-07T01:28:39.103+0100] {logging_mixin.py:137} INFO - [2023-01-07T01:28:39.103+0100] {dag.py:3423} INFO - Setting next_dagrun for example_short_circuit_operator to 2023-01-06T00:28:39.103273+00:00, run_after=2023-01-07T00:28:39.103273+00:00
[2023-01-07T01:28:39.178+0100] {processor.py:175} INFO - Processing /home/chrisfleig/.local/lib/python3.10/site-packages/airflow/example_dags/example_short_circuit_operator.py took 0.260 seconds
[2023-01-07T01:29:43.491+0100] {processor.py:153} INFO - Started process (PID=12684) to work on /home/chrisfleig/.local/lib/python3.10/site-packages/airflow/example_dags/example_short_circuit_operator.py
[2023-01-07T01:29:43.492+0100] {processor.py:743} INFO - Processing file /home/chrisfleig/.local/lib/python3.10/site-packages/airflow/example_dags/example_short_circuit_operator.py for tasks to queue
[2023-01-07T01:29:43.493+0100] {logging_mixin.py:137} INFO - [2023-01-07T01:29:43.493+0100] {dagbag.py:538} INFO - Filling up the DagBag from /home/chrisfleig/.local/lib/python3.10/site-packages/airflow/example_dags/example_short_circuit_operator.py
[2023-01-07T01:29:43.506+0100] {processor.py:753} INFO - DAG(s) dict_keys(['example_short_circuit_operator']) retrieved from /home/chrisfleig/.local/lib/python3.10/site-packages/airflow/example_dags/example_short_circuit_operator.py
[2023-01-07T01:29:43.527+0100] {logging_mixin.py:137} INFO - [2023-01-07T01:29:43.527+0100] {dag.py:2676} INFO - Sync 1 DAGs
[2023-01-07T01:29:43.627+0100] {logging_mixin.py:137} INFO - [2023-01-07T01:29:43.627+0100] {dag.py:3423} INFO - Setting next_dagrun for example_short_circuit_operator to 2023-01-06T00:29:43.626875+00:00, run_after=2023-01-07T00:29:43.626875+00:00
[2023-01-07T01:29:43.661+0100] {processor.py:175} INFO - Processing /home/chrisfleig/.local/lib/python3.10/site-packages/airflow/example_dags/example_short_circuit_operator.py took 0.172 seconds
[2023-01-07T01:30:44.226+0100] {processor.py:153} INFO - Started process (PID=12740) to work on /home/chrisfleig/.local/lib/python3.10/site-packages/airflow/example_dags/example_short_circuit_operator.py
[2023-01-07T01:30:44.228+0100] {processor.py:743} INFO - Processing file /home/chrisfleig/.local/lib/python3.10/site-packages/airflow/example_dags/example_short_circuit_operator.py for tasks to queue
[2023-01-07T01:30:44.229+0100] {logging_mixin.py:137} INFO - [2023-01-07T01:30:44.229+0100] {dagbag.py:538} INFO - Filling up the DagBag from /home/chrisfleig/.local/lib/python3.10/site-packages/airflow/example_dags/example_short_circuit_operator.py
[2023-01-07T01:30:44.245+0100] {processor.py:753} INFO - DAG(s) dict_keys(['example_short_circuit_operator']) retrieved from /home/chrisfleig/.local/lib/python3.10/site-packages/airflow/example_dags/example_short_circuit_operator.py
[2023-01-07T01:30:44.267+0100] {logging_mixin.py:137} INFO - [2023-01-07T01:30:44.267+0100] {dag.py:2676} INFO - Sync 1 DAGs
[2023-01-07T01:30:44.283+0100] {logging_mixin.py:137} INFO - [2023-01-07T01:30:44.283+0100] {dag.py:3423} INFO - Setting next_dagrun for example_short_circuit_operator to 2023-01-06T00:30:44.282769+00:00, run_after=2023-01-07T00:30:44.282769+00:00
[2023-01-07T01:30:44.317+0100] {processor.py:175} INFO - Processing /home/chrisfleig/.local/lib/python3.10/site-packages/airflow/example_dags/example_short_circuit_operator.py took 0.094 seconds
[2023-01-07T01:31:40.253+0100] {processor.py:153} INFO - Started process (PID=12794) to work on /home/chrisfleig/.local/lib/python3.10/site-packages/airflow/example_dags/example_short_circuit_operator.py
[2023-01-07T01:31:40.254+0100] {processor.py:743} INFO - Processing file /home/chrisfleig/.local/lib/python3.10/site-packages/airflow/example_dags/example_short_circuit_operator.py for tasks to queue
[2023-01-07T01:31:40.257+0100] {logging_mixin.py:137} INFO - [2023-01-07T01:31:40.256+0100] {dagbag.py:538} INFO - Filling up the DagBag from /home/chrisfleig/.local/lib/python3.10/site-packages/airflow/example_dags/example_short_circuit_operator.py
[2023-01-07T01:31:40.294+0100] {processor.py:753} INFO - DAG(s) dict_keys(['example_short_circuit_operator']) retrieved from /home/chrisfleig/.local/lib/python3.10/site-packages/airflow/example_dags/example_short_circuit_operator.py
[2023-01-07T01:31:40.336+0100] {logging_mixin.py:137} INFO - [2023-01-07T01:31:40.336+0100] {dag.py:2676} INFO - Sync 1 DAGs
[2023-01-07T01:31:40.378+0100] {logging_mixin.py:137} INFO - [2023-01-07T01:31:40.378+0100] {dag.py:3423} INFO - Setting next_dagrun for example_short_circuit_operator to 2023-01-06T00:31:40.377287+00:00, run_after=2023-01-07T00:31:40.377287+00:00
[2023-01-07T01:31:40.501+0100] {processor.py:175} INFO - Processing /home/chrisfleig/.local/lib/python3.10/site-packages/airflow/example_dags/example_short_circuit_operator.py took 0.251 seconds
[2023-01-07T01:32:40.638+0100] {processor.py:153} INFO - Started process (PID=12849) to work on /home/chrisfleig/.local/lib/python3.10/site-packages/airflow/example_dags/example_short_circuit_operator.py
[2023-01-07T01:32:40.640+0100] {processor.py:743} INFO - Processing file /home/chrisfleig/.local/lib/python3.10/site-packages/airflow/example_dags/example_short_circuit_operator.py for tasks to queue
[2023-01-07T01:32:40.641+0100] {logging_mixin.py:137} INFO - [2023-01-07T01:32:40.641+0100] {dagbag.py:538} INFO - Filling up the DagBag from /home/chrisfleig/.local/lib/python3.10/site-packages/airflow/example_dags/example_short_circuit_operator.py
[2023-01-07T01:32:40.658+0100] {processor.py:753} INFO - DAG(s) dict_keys(['example_short_circuit_operator']) retrieved from /home/chrisfleig/.local/lib/python3.10/site-packages/airflow/example_dags/example_short_circuit_operator.py
[2023-01-07T01:32:40.680+0100] {logging_mixin.py:137} INFO - [2023-01-07T01:32:40.679+0100] {dag.py:2676} INFO - Sync 1 DAGs
[2023-01-07T01:32:40.695+0100] {logging_mixin.py:137} INFO - [2023-01-07T01:32:40.695+0100] {dag.py:3423} INFO - Setting next_dagrun for example_short_circuit_operator to 2023-01-06T00:32:40.695525+00:00, run_after=2023-01-07T00:32:40.695525+00:00
[2023-01-07T01:32:40.822+0100] {processor.py:175} INFO - Processing /home/chrisfleig/.local/lib/python3.10/site-packages/airflow/example_dags/example_short_circuit_operator.py took 0.188 seconds
[2023-01-07T01:33:49.663+0100] {processor.py:153} INFO - Started process (PID=12909) to work on /home/chrisfleig/.local/lib/python3.10/site-packages/airflow/example_dags/example_short_circuit_operator.py
[2023-01-07T01:33:49.665+0100] {processor.py:743} INFO - Processing file /home/chrisfleig/.local/lib/python3.10/site-packages/airflow/example_dags/example_short_circuit_operator.py for tasks to queue
[2023-01-07T01:33:49.665+0100] {logging_mixin.py:137} INFO - [2023-01-07T01:33:49.665+0100] {dagbag.py:538} INFO - Filling up the DagBag from /home/chrisfleig/.local/lib/python3.10/site-packages/airflow/example_dags/example_short_circuit_operator.py
[2023-01-07T01:33:49.684+0100] {processor.py:753} INFO - DAG(s) dict_keys(['example_short_circuit_operator']) retrieved from /home/chrisfleig/.local/lib/python3.10/site-packages/airflow/example_dags/example_short_circuit_operator.py
[2023-01-07T01:33:49.733+0100] {logging_mixin.py:137} INFO - [2023-01-07T01:33:49.733+0100] {dag.py:2676} INFO - Sync 1 DAGs
[2023-01-07T01:33:50.285+0100] {logging_mixin.py:137} INFO - [2023-01-07T01:33:50.284+0100] {dag.py:3423} INFO - Setting next_dagrun for example_short_circuit_operator to 2023-01-06T00:33:50.283303+00:00, run_after=2023-01-07T00:33:50.283303+00:00
[2023-01-07T01:33:50.779+0100] {processor.py:175} INFO - Processing /home/chrisfleig/.local/lib/python3.10/site-packages/airflow/example_dags/example_short_circuit_operator.py took 1.119 seconds
[2023-01-07T01:34:52.099+0100] {processor.py:153} INFO - Started process (PID=12957) to work on /home/chrisfleig/.local/lib/python3.10/site-packages/airflow/example_dags/example_short_circuit_operator.py
[2023-01-07T01:34:52.100+0100] {processor.py:743} INFO - Processing file /home/chrisfleig/.local/lib/python3.10/site-packages/airflow/example_dags/example_short_circuit_operator.py for tasks to queue
[2023-01-07T01:34:52.101+0100] {logging_mixin.py:137} INFO - [2023-01-07T01:34:52.101+0100] {dagbag.py:538} INFO - Filling up the DagBag from /home/chrisfleig/.local/lib/python3.10/site-packages/airflow/example_dags/example_short_circuit_operator.py
[2023-01-07T01:34:52.116+0100] {processor.py:753} INFO - DAG(s) dict_keys(['example_short_circuit_operator']) retrieved from /home/chrisfleig/.local/lib/python3.10/site-packages/airflow/example_dags/example_short_circuit_operator.py
[2023-01-07T01:34:52.142+0100] {logging_mixin.py:137} INFO - [2023-01-07T01:34:52.141+0100] {dag.py:2676} INFO - Sync 1 DAGs
[2023-01-07T01:34:52.255+0100] {logging_mixin.py:137} INFO - [2023-01-07T01:34:52.255+0100] {dag.py:3423} INFO - Setting next_dagrun for example_short_circuit_operator to 2023-01-06T00:34:52.255028+00:00, run_after=2023-01-07T00:34:52.255028+00:00
[2023-01-07T01:34:52.293+0100] {processor.py:175} INFO - Processing /home/chrisfleig/.local/lib/python3.10/site-packages/airflow/example_dags/example_short_circuit_operator.py took 0.197 seconds
[2023-01-07T01:35:42.780+0100] {processor.py:153} INFO - Started process (PID=13003) to work on /home/chrisfleig/.local/lib/python3.10/site-packages/airflow/example_dags/example_short_circuit_operator.py
[2023-01-07T01:35:42.782+0100] {processor.py:743} INFO - Processing file /home/chrisfleig/.local/lib/python3.10/site-packages/airflow/example_dags/example_short_circuit_operator.py for tasks to queue
[2023-01-07T01:35:42.782+0100] {logging_mixin.py:137} INFO - [2023-01-07T01:35:42.782+0100] {dagbag.py:538} INFO - Filling up the DagBag from /home/chrisfleig/.local/lib/python3.10/site-packages/airflow/example_dags/example_short_circuit_operator.py
[2023-01-07T01:35:42.805+0100] {processor.py:753} INFO - DAG(s) dict_keys(['example_short_circuit_operator']) retrieved from /home/chrisfleig/.local/lib/python3.10/site-packages/airflow/example_dags/example_short_circuit_operator.py
[2023-01-07T01:35:42.834+0100] {logging_mixin.py:137} INFO - [2023-01-07T01:35:42.834+0100] {dag.py:2676} INFO - Sync 1 DAGs
[2023-01-07T01:35:42.888+0100] {logging_mixin.py:137} INFO - [2023-01-07T01:35:42.888+0100] {dag.py:3423} INFO - Setting next_dagrun for example_short_circuit_operator to 2023-01-06T00:35:42.888407+00:00, run_after=2023-01-07T00:35:42.888407+00:00
[2023-01-07T01:35:43.015+0100] {processor.py:175} INFO - Processing /home/chrisfleig/.local/lib/python3.10/site-packages/airflow/example_dags/example_short_circuit_operator.py took 0.238 seconds
[2023-01-07T01:36:45.445+0100] {processor.py:153} INFO - Started process (PID=13063) to work on /home/chrisfleig/.local/lib/python3.10/site-packages/airflow/example_dags/example_short_circuit_operator.py
[2023-01-07T01:36:45.446+0100] {processor.py:743} INFO - Processing file /home/chrisfleig/.local/lib/python3.10/site-packages/airflow/example_dags/example_short_circuit_operator.py for tasks to queue
[2023-01-07T01:36:45.446+0100] {logging_mixin.py:137} INFO - [2023-01-07T01:36:45.446+0100] {dagbag.py:538} INFO - Filling up the DagBag from /home/chrisfleig/.local/lib/python3.10/site-packages/airflow/example_dags/example_short_circuit_operator.py
[2023-01-07T01:36:45.460+0100] {processor.py:753} INFO - DAG(s) dict_keys(['example_short_circuit_operator']) retrieved from /home/chrisfleig/.local/lib/python3.10/site-packages/airflow/example_dags/example_short_circuit_operator.py
[2023-01-07T01:36:45.480+0100] {logging_mixin.py:137} INFO - [2023-01-07T01:36:45.480+0100] {dag.py:2676} INFO - Sync 1 DAGs
[2023-01-07T01:36:45.497+0100] {logging_mixin.py:137} INFO - [2023-01-07T01:36:45.497+0100] {dag.py:3423} INFO - Setting next_dagrun for example_short_circuit_operator to 2023-01-06T00:36:45.497369+00:00, run_after=2023-01-07T00:36:45.497369+00:00
[2023-01-07T01:36:45.534+0100] {processor.py:175} INFO - Processing /home/chrisfleig/.local/lib/python3.10/site-packages/airflow/example_dags/example_short_circuit_operator.py took 0.091 seconds
[2023-01-07T01:37:41.774+0100] {processor.py:153} INFO - Started process (PID=13115) to work on /home/chrisfleig/.local/lib/python3.10/site-packages/airflow/example_dags/example_short_circuit_operator.py
[2023-01-07T01:37:41.775+0100] {processor.py:743} INFO - Processing file /home/chrisfleig/.local/lib/python3.10/site-packages/airflow/example_dags/example_short_circuit_operator.py for tasks to queue
[2023-01-07T01:37:41.775+0100] {logging_mixin.py:137} INFO - [2023-01-07T01:37:41.775+0100] {dagbag.py:538} INFO - Filling up the DagBag from /home/chrisfleig/.local/lib/python3.10/site-packages/airflow/example_dags/example_short_circuit_operator.py
[2023-01-07T01:37:41.790+0100] {processor.py:753} INFO - DAG(s) dict_keys(['example_short_circuit_operator']) retrieved from /home/chrisfleig/.local/lib/python3.10/site-packages/airflow/example_dags/example_short_circuit_operator.py
[2023-01-07T01:37:41.811+0100] {logging_mixin.py:137} INFO - [2023-01-07T01:37:41.811+0100] {dag.py:2676} INFO - Sync 1 DAGs
[2023-01-07T01:37:41.828+0100] {logging_mixin.py:137} INFO - [2023-01-07T01:37:41.828+0100] {dag.py:3423} INFO - Setting next_dagrun for example_short_circuit_operator to 2023-01-06T00:37:41.828189+00:00, run_after=2023-01-07T00:37:41.828189+00:00
[2023-01-07T01:37:41.867+0100] {processor.py:175} INFO - Processing /home/chrisfleig/.local/lib/python3.10/site-packages/airflow/example_dags/example_short_circuit_operator.py took 0.096 seconds
[2023-01-07T01:38:44.564+0100] {processor.py:153} INFO - Started process (PID=13173) to work on /home/chrisfleig/.local/lib/python3.10/site-packages/airflow/example_dags/example_short_circuit_operator.py
[2023-01-07T01:38:44.565+0100] {processor.py:743} INFO - Processing file /home/chrisfleig/.local/lib/python3.10/site-packages/airflow/example_dags/example_short_circuit_operator.py for tasks to queue
[2023-01-07T01:38:44.566+0100] {logging_mixin.py:137} INFO - [2023-01-07T01:38:44.566+0100] {dagbag.py:538} INFO - Filling up the DagBag from /home/chrisfleig/.local/lib/python3.10/site-packages/airflow/example_dags/example_short_circuit_operator.py
[2023-01-07T01:38:44.582+0100] {processor.py:753} INFO - DAG(s) dict_keys(['example_short_circuit_operator']) retrieved from /home/chrisfleig/.local/lib/python3.10/site-packages/airflow/example_dags/example_short_circuit_operator.py
[2023-01-07T01:38:44.608+0100] {logging_mixin.py:137} INFO - [2023-01-07T01:38:44.607+0100] {dag.py:2676} INFO - Sync 1 DAGs
[2023-01-07T01:38:44.747+0100] {logging_mixin.py:137} INFO - [2023-01-07T01:38:44.746+0100] {dag.py:3423} INFO - Setting next_dagrun for example_short_circuit_operator to 2023-01-06T00:38:44.746706+00:00, run_after=2023-01-07T00:38:44.746706+00:00
[2023-01-07T01:38:44.782+0100] {processor.py:175} INFO - Processing /home/chrisfleig/.local/lib/python3.10/site-packages/airflow/example_dags/example_short_circuit_operator.py took 0.221 seconds
[2023-01-07T01:39:52.643+0100] {processor.py:153} INFO - Started process (PID=13231) to work on /home/chrisfleig/.local/lib/python3.10/site-packages/airflow/example_dags/example_short_circuit_operator.py
[2023-01-07T01:39:52.646+0100] {processor.py:743} INFO - Processing file /home/chrisfleig/.local/lib/python3.10/site-packages/airflow/example_dags/example_short_circuit_operator.py for tasks to queue
[2023-01-07T01:39:52.647+0100] {logging_mixin.py:137} INFO - [2023-01-07T01:39:52.647+0100] {dagbag.py:538} INFO - Filling up the DagBag from /home/chrisfleig/.local/lib/python3.10/site-packages/airflow/example_dags/example_short_circuit_operator.py
[2023-01-07T01:39:52.670+0100] {processor.py:753} INFO - DAG(s) dict_keys(['example_short_circuit_operator']) retrieved from /home/chrisfleig/.local/lib/python3.10/site-packages/airflow/example_dags/example_short_circuit_operator.py
[2023-01-07T01:39:52.762+0100] {logging_mixin.py:137} INFO - [2023-01-07T01:39:52.762+0100] {dag.py:2676} INFO - Sync 1 DAGs
[2023-01-07T01:39:53.027+0100] {logging_mixin.py:137} INFO - [2023-01-07T01:39:53.027+0100] {dag.py:3423} INFO - Setting next_dagrun for example_short_circuit_operator to 2023-01-06T00:39:53.027032+00:00, run_after=2023-01-07T00:39:53.027032+00:00
[2023-01-07T01:39:53.096+0100] {processor.py:175} INFO - Processing /home/chrisfleig/.local/lib/python3.10/site-packages/airflow/example_dags/example_short_circuit_operator.py took 0.461 seconds
[2023-01-07T01:41:03.981+0100] {processor.py:153} INFO - Started process (PID=13295) to work on /home/chrisfleig/.local/lib/python3.10/site-packages/airflow/example_dags/example_short_circuit_operator.py
[2023-01-07T01:41:03.983+0100] {processor.py:743} INFO - Processing file /home/chrisfleig/.local/lib/python3.10/site-packages/airflow/example_dags/example_short_circuit_operator.py for tasks to queue
[2023-01-07T01:41:03.984+0100] {logging_mixin.py:137} INFO - [2023-01-07T01:41:03.984+0100] {dagbag.py:538} INFO - Filling up the DagBag from /home/chrisfleig/.local/lib/python3.10/site-packages/airflow/example_dags/example_short_circuit_operator.py
[2023-01-07T01:41:04.001+0100] {processor.py:753} INFO - DAG(s) dict_keys(['example_short_circuit_operator']) retrieved from /home/chrisfleig/.local/lib/python3.10/site-packages/airflow/example_dags/example_short_circuit_operator.py
[2023-01-07T01:41:04.126+0100] {logging_mixin.py:137} INFO - [2023-01-07T01:41:04.125+0100] {dag.py:2676} INFO - Sync 1 DAGs
[2023-01-07T01:41:04.147+0100] {logging_mixin.py:137} INFO - [2023-01-07T01:41:04.146+0100] {dag.py:3423} INFO - Setting next_dagrun for example_short_circuit_operator to 2023-01-06T00:41:04.146587+00:00, run_after=2023-01-07T00:41:04.146587+00:00
[2023-01-07T01:41:04.190+0100] {processor.py:175} INFO - Processing /home/chrisfleig/.local/lib/python3.10/site-packages/airflow/example_dags/example_short_circuit_operator.py took 0.212 seconds
[2023-01-07T01:42:22.443+0100] {processor.py:153} INFO - Started process (PID=13361) to work on /home/chrisfleig/.local/lib/python3.10/site-packages/airflow/example_dags/example_short_circuit_operator.py
[2023-01-07T01:42:22.444+0100] {processor.py:743} INFO - Processing file /home/chrisfleig/.local/lib/python3.10/site-packages/airflow/example_dags/example_short_circuit_operator.py for tasks to queue
[2023-01-07T01:42:22.445+0100] {logging_mixin.py:137} INFO - [2023-01-07T01:42:22.445+0100] {dagbag.py:538} INFO - Filling up the DagBag from /home/chrisfleig/.local/lib/python3.10/site-packages/airflow/example_dags/example_short_circuit_operator.py
[2023-01-07T01:42:22.460+0100] {processor.py:753} INFO - DAG(s) dict_keys(['example_short_circuit_operator']) retrieved from /home/chrisfleig/.local/lib/python3.10/site-packages/airflow/example_dags/example_short_circuit_operator.py
[2023-01-07T01:42:22.484+0100] {logging_mixin.py:137} INFO - [2023-01-07T01:42:22.484+0100] {dag.py:2676} INFO - Sync 1 DAGs
[2023-01-07T01:42:22.506+0100] {logging_mixin.py:137} INFO - [2023-01-07T01:42:22.506+0100] {dag.py:3423} INFO - Setting next_dagrun for example_short_circuit_operator to 2023-01-06T00:42:22.505871+00:00, run_after=2023-01-07T00:42:22.505871+00:00
[2023-01-07T01:42:22.546+0100] {processor.py:175} INFO - Processing /home/chrisfleig/.local/lib/python3.10/site-packages/airflow/example_dags/example_short_circuit_operator.py took 0.105 seconds
[2023-01-07T01:43:38.201+0100] {processor.py:153} INFO - Started process (PID=13427) to work on /home/chrisfleig/.local/lib/python3.10/site-packages/airflow/example_dags/example_short_circuit_operator.py
[2023-01-07T01:43:38.202+0100] {processor.py:743} INFO - Processing file /home/chrisfleig/.local/lib/python3.10/site-packages/airflow/example_dags/example_short_circuit_operator.py for tasks to queue
[2023-01-07T01:43:38.203+0100] {logging_mixin.py:137} INFO - [2023-01-07T01:43:38.203+0100] {dagbag.py:538} INFO - Filling up the DagBag from /home/chrisfleig/.local/lib/python3.10/site-packages/airflow/example_dags/example_short_circuit_operator.py
[2023-01-07T01:43:38.221+0100] {processor.py:753} INFO - DAG(s) dict_keys(['example_short_circuit_operator']) retrieved from /home/chrisfleig/.local/lib/python3.10/site-packages/airflow/example_dags/example_short_circuit_operator.py
[2023-01-07T01:43:38.248+0100] {logging_mixin.py:137} INFO - [2023-01-07T01:43:38.248+0100] {dag.py:2676} INFO - Sync 1 DAGs
[2023-01-07T01:43:38.273+0100] {logging_mixin.py:137} INFO - [2023-01-07T01:43:38.273+0100] {dag.py:3423} INFO - Setting next_dagrun for example_short_circuit_operator to 2023-01-06T00:43:38.273203+00:00, run_after=2023-01-07T00:43:38.273203+00:00
[2023-01-07T01:43:38.405+0100] {processor.py:175} INFO - Processing /home/chrisfleig/.local/lib/python3.10/site-packages/airflow/example_dags/example_short_circuit_operator.py took 0.206 seconds
[2023-01-07T01:44:46.241+0100] {processor.py:153} INFO - Started process (PID=13486) to work on /home/chrisfleig/.local/lib/python3.10/site-packages/airflow/example_dags/example_short_circuit_operator.py
[2023-01-07T01:44:46.242+0100] {processor.py:743} INFO - Processing file /home/chrisfleig/.local/lib/python3.10/site-packages/airflow/example_dags/example_short_circuit_operator.py for tasks to queue
[2023-01-07T01:44:46.242+0100] {logging_mixin.py:137} INFO - [2023-01-07T01:44:46.242+0100] {dagbag.py:538} INFO - Filling up the DagBag from /home/chrisfleig/.local/lib/python3.10/site-packages/airflow/example_dags/example_short_circuit_operator.py
[2023-01-07T01:44:46.257+0100] {processor.py:753} INFO - DAG(s) dict_keys(['example_short_circuit_operator']) retrieved from /home/chrisfleig/.local/lib/python3.10/site-packages/airflow/example_dags/example_short_circuit_operator.py
[2023-01-07T01:44:46.278+0100] {logging_mixin.py:137} INFO - [2023-01-07T01:44:46.278+0100] {dag.py:2676} INFO - Sync 1 DAGs
[2023-01-07T01:44:46.389+0100] {logging_mixin.py:137} INFO - [2023-01-07T01:44:46.388+0100] {dag.py:3423} INFO - Setting next_dagrun for example_short_circuit_operator to 2023-01-06T00:44:46.388747+00:00, run_after=2023-01-07T00:44:46.388747+00:00
[2023-01-07T01:44:46.459+0100] {processor.py:175} INFO - Processing /home/chrisfleig/.local/lib/python3.10/site-packages/airflow/example_dags/example_short_circuit_operator.py took 0.222 seconds
[2023-01-07T01:45:53.543+0100] {processor.py:153} INFO - Started process (PID=13546) to work on /home/chrisfleig/.local/lib/python3.10/site-packages/airflow/example_dags/example_short_circuit_operator.py
[2023-01-07T01:45:53.545+0100] {processor.py:743} INFO - Processing file /home/chrisfleig/.local/lib/python3.10/site-packages/airflow/example_dags/example_short_circuit_operator.py for tasks to queue
[2023-01-07T01:45:53.546+0100] {logging_mixin.py:137} INFO - [2023-01-07T01:45:53.545+0100] {dagbag.py:538} INFO - Filling up the DagBag from /home/chrisfleig/.local/lib/python3.10/site-packages/airflow/example_dags/example_short_circuit_operator.py
[2023-01-07T01:45:53.561+0100] {processor.py:753} INFO - DAG(s) dict_keys(['example_short_circuit_operator']) retrieved from /home/chrisfleig/.local/lib/python3.10/site-packages/airflow/example_dags/example_short_circuit_operator.py
[2023-01-07T01:45:53.665+0100] {logging_mixin.py:137} INFO - [2023-01-07T01:45:53.665+0100] {dag.py:2676} INFO - Sync 1 DAGs
[2023-01-07T01:45:53.679+0100] {logging_mixin.py:137} INFO - [2023-01-07T01:45:53.679+0100] {dag.py:3423} INFO - Setting next_dagrun for example_short_circuit_operator to 2023-01-06T00:45:53.679242+00:00, run_after=2023-01-07T00:45:53.679242+00:00
[2023-01-07T01:45:53.723+0100] {processor.py:175} INFO - Processing /home/chrisfleig/.local/lib/python3.10/site-packages/airflow/example_dags/example_short_circuit_operator.py took 0.183 seconds
[2023-01-07T01:46:57.336+0100] {processor.py:153} INFO - Started process (PID=13603) to work on /home/chrisfleig/.local/lib/python3.10/site-packages/airflow/example_dags/example_short_circuit_operator.py
[2023-01-07T01:46:57.338+0100] {processor.py:743} INFO - Processing file /home/chrisfleig/.local/lib/python3.10/site-packages/airflow/example_dags/example_short_circuit_operator.py for tasks to queue
[2023-01-07T01:46:57.339+0100] {logging_mixin.py:137} INFO - [2023-01-07T01:46:57.339+0100] {dagbag.py:538} INFO - Filling up the DagBag from /home/chrisfleig/.local/lib/python3.10/site-packages/airflow/example_dags/example_short_circuit_operator.py
[2023-01-07T01:46:57.381+0100] {processor.py:753} INFO - DAG(s) dict_keys(['example_short_circuit_operator']) retrieved from /home/chrisfleig/.local/lib/python3.10/site-packages/airflow/example_dags/example_short_circuit_operator.py
[2023-01-07T01:46:57.440+0100] {logging_mixin.py:137} INFO - [2023-01-07T01:46:57.440+0100] {dag.py:2676} INFO - Sync 1 DAGs
[2023-01-07T01:46:57.484+0100] {logging_mixin.py:137} INFO - [2023-01-07T01:46:57.484+0100] {dag.py:3423} INFO - Setting next_dagrun for example_short_circuit_operator to 2023-01-06T00:46:57.484141+00:00, run_after=2023-01-07T00:46:57.484141+00:00
[2023-01-07T01:46:57.571+0100] {processor.py:175} INFO - Processing /home/chrisfleig/.local/lib/python3.10/site-packages/airflow/example_dags/example_short_circuit_operator.py took 0.244 seconds
[2023-01-07T01:47:54.723+0100] {processor.py:153} INFO - Started process (PID=13659) to work on /home/chrisfleig/.local/lib/python3.10/site-packages/airflow/example_dags/example_short_circuit_operator.py
[2023-01-07T01:47:54.725+0100] {processor.py:743} INFO - Processing file /home/chrisfleig/.local/lib/python3.10/site-packages/airflow/example_dags/example_short_circuit_operator.py for tasks to queue
[2023-01-07T01:47:54.726+0100] {logging_mixin.py:137} INFO - [2023-01-07T01:47:54.725+0100] {dagbag.py:538} INFO - Filling up the DagBag from /home/chrisfleig/.local/lib/python3.10/site-packages/airflow/example_dags/example_short_circuit_operator.py
[2023-01-07T01:47:54.742+0100] {processor.py:753} INFO - DAG(s) dict_keys(['example_short_circuit_operator']) retrieved from /home/chrisfleig/.local/lib/python3.10/site-packages/airflow/example_dags/example_short_circuit_operator.py
[2023-01-07T01:47:54.763+0100] {logging_mixin.py:137} INFO - [2023-01-07T01:47:54.762+0100] {dag.py:2676} INFO - Sync 1 DAGs
[2023-01-07T01:47:54.778+0100] {logging_mixin.py:137} INFO - [2023-01-07T01:47:54.778+0100] {dag.py:3423} INFO - Setting next_dagrun for example_short_circuit_operator to 2023-01-06T00:47:54.778559+00:00, run_after=2023-01-07T00:47:54.778559+00:00
[2023-01-07T01:47:54.816+0100] {processor.py:175} INFO - Processing /home/chrisfleig/.local/lib/python3.10/site-packages/airflow/example_dags/example_short_circuit_operator.py took 0.096 seconds
[2023-01-07T01:49:01.439+0100] {processor.py:153} INFO - Started process (PID=13718) to work on /home/chrisfleig/.local/lib/python3.10/site-packages/airflow/example_dags/example_short_circuit_operator.py
[2023-01-07T01:49:01.441+0100] {processor.py:743} INFO - Processing file /home/chrisfleig/.local/lib/python3.10/site-packages/airflow/example_dags/example_short_circuit_operator.py for tasks to queue
[2023-01-07T01:49:01.441+0100] {logging_mixin.py:137} INFO - [2023-01-07T01:49:01.441+0100] {dagbag.py:538} INFO - Filling up the DagBag from /home/chrisfleig/.local/lib/python3.10/site-packages/airflow/example_dags/example_short_circuit_operator.py
[2023-01-07T01:49:01.457+0100] {processor.py:753} INFO - DAG(s) dict_keys(['example_short_circuit_operator']) retrieved from /home/chrisfleig/.local/lib/python3.10/site-packages/airflow/example_dags/example_short_circuit_operator.py
[2023-01-07T01:49:01.480+0100] {logging_mixin.py:137} INFO - [2023-01-07T01:49:01.480+0100] {dag.py:2676} INFO - Sync 1 DAGs
[2023-01-07T01:49:01.498+0100] {logging_mixin.py:137} INFO - [2023-01-07T01:49:01.498+0100] {dag.py:3423} INFO - Setting next_dagrun for example_short_circuit_operator to 2023-01-06T00:49:01.498375+00:00, run_after=2023-01-07T00:49:01.498375+00:00
[2023-01-07T01:49:01.781+0100] {processor.py:175} INFO - Processing /home/chrisfleig/.local/lib/python3.10/site-packages/airflow/example_dags/example_short_circuit_operator.py took 0.345 seconds
[2023-01-07T01:50:01.636+0100] {processor.py:153} INFO - Started process (PID=13766) to work on /home/chrisfleig/.local/lib/python3.10/site-packages/airflow/example_dags/example_short_circuit_operator.py
[2023-01-07T01:50:01.638+0100] {processor.py:743} INFO - Processing file /home/chrisfleig/.local/lib/python3.10/site-packages/airflow/example_dags/example_short_circuit_operator.py for tasks to queue
[2023-01-07T01:50:01.639+0100] {logging_mixin.py:137} INFO - [2023-01-07T01:50:01.639+0100] {dagbag.py:538} INFO - Filling up the DagBag from /home/chrisfleig/.local/lib/python3.10/site-packages/airflow/example_dags/example_short_circuit_operator.py
[2023-01-07T01:50:01.654+0100] {processor.py:753} INFO - DAG(s) dict_keys(['example_short_circuit_operator']) retrieved from /home/chrisfleig/.local/lib/python3.10/site-packages/airflow/example_dags/example_short_circuit_operator.py
[2023-01-07T01:50:01.674+0100] {logging_mixin.py:137} INFO - [2023-01-07T01:50:01.674+0100] {dag.py:2676} INFO - Sync 1 DAGs
[2023-01-07T01:50:01.778+0100] {logging_mixin.py:137} INFO - [2023-01-07T01:50:01.778+0100] {dag.py:3423} INFO - Setting next_dagrun for example_short_circuit_operator to 2023-01-06T00:50:01.778606+00:00, run_after=2023-01-07T00:50:01.778606+00:00
[2023-01-07T01:50:01.815+0100] {processor.py:175} INFO - Processing /home/chrisfleig/.local/lib/python3.10/site-packages/airflow/example_dags/example_short_circuit_operator.py took 0.182 seconds
[2023-01-07T01:51:23.014+0100] {processor.py:153} INFO - Started process (PID=13836) to work on /home/chrisfleig/.local/lib/python3.10/site-packages/airflow/example_dags/example_short_circuit_operator.py
[2023-01-07T01:51:23.016+0100] {processor.py:743} INFO - Processing file /home/chrisfleig/.local/lib/python3.10/site-packages/airflow/example_dags/example_short_circuit_operator.py for tasks to queue
[2023-01-07T01:51:23.017+0100] {logging_mixin.py:137} INFO - [2023-01-07T01:51:23.016+0100] {dagbag.py:538} INFO - Filling up the DagBag from /home/chrisfleig/.local/lib/python3.10/site-packages/airflow/example_dags/example_short_circuit_operator.py
[2023-01-07T01:51:23.035+0100] {processor.py:753} INFO - DAG(s) dict_keys(['example_short_circuit_operator']) retrieved from /home/chrisfleig/.local/lib/python3.10/site-packages/airflow/example_dags/example_short_circuit_operator.py
[2023-01-07T01:51:23.092+0100] {logging_mixin.py:137} INFO - [2023-01-07T01:51:23.092+0100] {dag.py:2676} INFO - Sync 1 DAGs
[2023-01-07T01:51:23.386+0100] {logging_mixin.py:137} INFO - [2023-01-07T01:51:23.386+0100] {dag.py:3423} INFO - Setting next_dagrun for example_short_circuit_operator to 2023-01-06T00:51:23.386140+00:00, run_after=2023-01-07T00:51:23.386140+00:00
[2023-01-07T01:51:23.510+0100] {processor.py:175} INFO - Processing /home/chrisfleig/.local/lib/python3.10/site-packages/airflow/example_dags/example_short_circuit_operator.py took 0.505 seconds
[2023-01-07T01:52:20.223+0100] {processor.py:153} INFO - Started process (PID=13885) to work on /home/chrisfleig/.local/lib/python3.10/site-packages/airflow/example_dags/example_short_circuit_operator.py
[2023-01-07T01:52:20.224+0100] {processor.py:743} INFO - Processing file /home/chrisfleig/.local/lib/python3.10/site-packages/airflow/example_dags/example_short_circuit_operator.py for tasks to queue
[2023-01-07T01:52:20.226+0100] {logging_mixin.py:137} INFO - [2023-01-07T01:52:20.225+0100] {dagbag.py:538} INFO - Filling up the DagBag from /home/chrisfleig/.local/lib/python3.10/site-packages/airflow/example_dags/example_short_circuit_operator.py
[2023-01-07T01:52:20.243+0100] {processor.py:753} INFO - DAG(s) dict_keys(['example_short_circuit_operator']) retrieved from /home/chrisfleig/.local/lib/python3.10/site-packages/airflow/example_dags/example_short_circuit_operator.py
[2023-01-07T01:52:20.363+0100] {logging_mixin.py:137} INFO - [2023-01-07T01:52:20.362+0100] {dag.py:2676} INFO - Sync 1 DAGs
[2023-01-07T01:52:20.378+0100] {logging_mixin.py:137} INFO - [2023-01-07T01:52:20.378+0100] {dag.py:3423} INFO - Setting next_dagrun for example_short_circuit_operator to 2023-01-06T00:52:20.378079+00:00, run_after=2023-01-07T00:52:20.378079+00:00
[2023-01-07T01:52:20.443+0100] {processor.py:175} INFO - Processing /home/chrisfleig/.local/lib/python3.10/site-packages/airflow/example_dags/example_short_circuit_operator.py took 0.224 seconds
[2023-01-07T01:53:20.728+0100] {processor.py:153} INFO - Started process (PID=13942) to work on /home/chrisfleig/.local/lib/python3.10/site-packages/airflow/example_dags/example_short_circuit_operator.py
[2023-01-07T01:53:20.730+0100] {processor.py:743} INFO - Processing file /home/chrisfleig/.local/lib/python3.10/site-packages/airflow/example_dags/example_short_circuit_operator.py for tasks to queue
[2023-01-07T01:53:20.731+0100] {logging_mixin.py:137} INFO - [2023-01-07T01:53:20.730+0100] {dagbag.py:538} INFO - Filling up the DagBag from /home/chrisfleig/.local/lib/python3.10/site-packages/airflow/example_dags/example_short_circuit_operator.py
[2023-01-07T01:53:20.747+0100] {processor.py:753} INFO - DAG(s) dict_keys(['example_short_circuit_operator']) retrieved from /home/chrisfleig/.local/lib/python3.10/site-packages/airflow/example_dags/example_short_circuit_operator.py
[2023-01-07T01:53:20.772+0100] {logging_mixin.py:137} INFO - [2023-01-07T01:53:20.772+0100] {dag.py:2676} INFO - Sync 1 DAGs
[2023-01-07T01:53:20.789+0100] {logging_mixin.py:137} INFO - [2023-01-07T01:53:20.789+0100] {dag.py:3423} INFO - Setting next_dagrun for example_short_circuit_operator to 2023-01-06T00:53:20.789106+00:00, run_after=2023-01-07T00:53:20.789106+00:00
[2023-01-07T01:53:20.836+0100] {processor.py:175} INFO - Processing /home/chrisfleig/.local/lib/python3.10/site-packages/airflow/example_dags/example_short_circuit_operator.py took 0.112 seconds
[2023-01-07T01:54:21.264+0100] {processor.py:153} INFO - Started process (PID=14000) to work on /home/chrisfleig/.local/lib/python3.10/site-packages/airflow/example_dags/example_short_circuit_operator.py
[2023-01-07T01:54:21.265+0100] {processor.py:743} INFO - Processing file /home/chrisfleig/.local/lib/python3.10/site-packages/airflow/example_dags/example_short_circuit_operator.py for tasks to queue
[2023-01-07T01:54:21.266+0100] {logging_mixin.py:137} INFO - [2023-01-07T01:54:21.266+0100] {dagbag.py:538} INFO - Filling up the DagBag from /home/chrisfleig/.local/lib/python3.10/site-packages/airflow/example_dags/example_short_circuit_operator.py
[2023-01-07T01:54:21.281+0100] {processor.py:753} INFO - DAG(s) dict_keys(['example_short_circuit_operator']) retrieved from /home/chrisfleig/.local/lib/python3.10/site-packages/airflow/example_dags/example_short_circuit_operator.py
[2023-01-07T01:54:21.304+0100] {logging_mixin.py:137} INFO - [2023-01-07T01:54:21.304+0100] {dag.py:2676} INFO - Sync 1 DAGs
[2023-01-07T01:54:21.321+0100] {logging_mixin.py:137} INFO - [2023-01-07T01:54:21.321+0100] {dag.py:3423} INFO - Setting next_dagrun for example_short_circuit_operator to 2023-01-06T00:54:21.321415+00:00, run_after=2023-01-07T00:54:21.321415+00:00
[2023-01-07T01:54:21.451+0100] {processor.py:175} INFO - Processing /home/chrisfleig/.local/lib/python3.10/site-packages/airflow/example_dags/example_short_circuit_operator.py took 0.189 seconds
[2023-01-07T01:55:24.515+0100] {processor.py:153} INFO - Started process (PID=14057) to work on /home/chrisfleig/.local/lib/python3.10/site-packages/airflow/example_dags/example_short_circuit_operator.py
[2023-01-07T01:55:24.537+0100] {processor.py:743} INFO - Processing file /home/chrisfleig/.local/lib/python3.10/site-packages/airflow/example_dags/example_short_circuit_operator.py for tasks to queue
[2023-01-07T01:55:24.539+0100] {logging_mixin.py:137} INFO - [2023-01-07T01:55:24.538+0100] {dagbag.py:538} INFO - Filling up the DagBag from /home/chrisfleig/.local/lib/python3.10/site-packages/airflow/example_dags/example_short_circuit_operator.py
[2023-01-07T01:55:24.584+0100] {processor.py:753} INFO - DAG(s) dict_keys(['example_short_circuit_operator']) retrieved from /home/chrisfleig/.local/lib/python3.10/site-packages/airflow/example_dags/example_short_circuit_operator.py
[2023-01-07T01:55:24.640+0100] {logging_mixin.py:137} INFO - [2023-01-07T01:55:24.640+0100] {dag.py:2676} INFO - Sync 1 DAGs
[2023-01-07T01:55:24.795+0100] {logging_mixin.py:137} INFO - [2023-01-07T01:55:24.793+0100] {dag.py:3423} INFO - Setting next_dagrun for example_short_circuit_operator to 2023-01-06T00:55:24.792958+00:00, run_after=2023-01-07T00:55:24.792958+00:00
[2023-01-07T01:55:24.888+0100] {processor.py:175} INFO - Processing /home/chrisfleig/.local/lib/python3.10/site-packages/airflow/example_dags/example_short_circuit_operator.py took 0.388 seconds
[2023-01-07T01:56:28.620+0100] {processor.py:153} INFO - Started process (PID=14119) to work on /home/chrisfleig/.local/lib/python3.10/site-packages/airflow/example_dags/example_short_circuit_operator.py
[2023-01-07T01:56:28.622+0100] {processor.py:743} INFO - Processing file /home/chrisfleig/.local/lib/python3.10/site-packages/airflow/example_dags/example_short_circuit_operator.py for tasks to queue
[2023-01-07T01:56:28.623+0100] {logging_mixin.py:137} INFO - [2023-01-07T01:56:28.622+0100] {dagbag.py:538} INFO - Filling up the DagBag from /home/chrisfleig/.local/lib/python3.10/site-packages/airflow/example_dags/example_short_circuit_operator.py
[2023-01-07T01:56:28.642+0100] {processor.py:753} INFO - DAG(s) dict_keys(['example_short_circuit_operator']) retrieved from /home/chrisfleig/.local/lib/python3.10/site-packages/airflow/example_dags/example_short_circuit_operator.py
[2023-01-07T01:56:28.665+0100] {logging_mixin.py:137} INFO - [2023-01-07T01:56:28.664+0100] {dag.py:2676} INFO - Sync 1 DAGs
[2023-01-07T01:56:28.767+0100] {logging_mixin.py:137} INFO - [2023-01-07T01:56:28.767+0100] {dag.py:3423} INFO - Setting next_dagrun for example_short_circuit_operator to 2023-01-06T00:56:28.767140+00:00, run_after=2023-01-07T00:56:28.767140+00:00
[2023-01-07T01:56:28.805+0100] {processor.py:175} INFO - Processing /home/chrisfleig/.local/lib/python3.10/site-packages/airflow/example_dags/example_short_circuit_operator.py took 0.190 seconds
[2023-01-07T01:58:33.907+0100] {processor.py:153} INFO - Started process (PID=14221) to work on /home/chrisfleig/.local/lib/python3.10/site-packages/airflow/example_dags/example_short_circuit_operator.py
[2023-01-07T01:58:33.936+0100] {processor.py:743} INFO - Processing file /home/chrisfleig/.local/lib/python3.10/site-packages/airflow/example_dags/example_short_circuit_operator.py for tasks to queue
[2023-01-07T01:58:33.937+0100] {logging_mixin.py:137} INFO - [2023-01-07T01:58:33.937+0100] {dagbag.py:538} INFO - Filling up the DagBag from /home/chrisfleig/.local/lib/python3.10/site-packages/airflow/example_dags/example_short_circuit_operator.py
[2023-01-07T01:58:34.011+0100] {processor.py:753} INFO - DAG(s) dict_keys(['example_short_circuit_operator']) retrieved from /home/chrisfleig/.local/lib/python3.10/site-packages/airflow/example_dags/example_short_circuit_operator.py
[2023-01-07T01:58:34.479+0100] {logging_mixin.py:137} INFO - [2023-01-07T01:58:34.479+0100] {dag.py:2676} INFO - Sync 1 DAGs
[2023-01-07T01:58:34.533+0100] {logging_mixin.py:137} INFO - [2023-01-07T01:58:34.533+0100] {dag.py:3423} INFO - Setting next_dagrun for example_short_circuit_operator to 2023-01-06T00:58:34.532951+00:00, run_after=2023-01-07T00:58:34.532951+00:00
[2023-01-07T01:58:34.808+0100] {processor.py:175} INFO - Processing /home/chrisfleig/.local/lib/python3.10/site-packages/airflow/example_dags/example_short_circuit_operator.py took 0.916 seconds
[2023-01-07T01:59:41.822+0100] {processor.py:153} INFO - Started process (PID=14284) to work on /home/chrisfleig/.local/lib/python3.10/site-packages/airflow/example_dags/example_short_circuit_operator.py
[2023-01-07T01:59:41.823+0100] {processor.py:743} INFO - Processing file /home/chrisfleig/.local/lib/python3.10/site-packages/airflow/example_dags/example_short_circuit_operator.py for tasks to queue
[2023-01-07T01:59:41.824+0100] {logging_mixin.py:137} INFO - [2023-01-07T01:59:41.824+0100] {dagbag.py:538} INFO - Filling up the DagBag from /home/chrisfleig/.local/lib/python3.10/site-packages/airflow/example_dags/example_short_circuit_operator.py
[2023-01-07T01:59:41.837+0100] {processor.py:753} INFO - DAG(s) dict_keys(['example_short_circuit_operator']) retrieved from /home/chrisfleig/.local/lib/python3.10/site-packages/airflow/example_dags/example_short_circuit_operator.py
[2023-01-07T01:59:41.857+0100] {logging_mixin.py:137} INFO - [2023-01-07T01:59:41.857+0100] {dag.py:2676} INFO - Sync 1 DAGs
[2023-01-07T01:59:41.873+0100] {logging_mixin.py:137} INFO - [2023-01-07T01:59:41.873+0100] {dag.py:3423} INFO - Setting next_dagrun for example_short_circuit_operator to 2023-01-06T00:59:41.873515+00:00, run_after=2023-01-07T00:59:41.873515+00:00
[2023-01-07T01:59:41.911+0100] {processor.py:175} INFO - Processing /home/chrisfleig/.local/lib/python3.10/site-packages/airflow/example_dags/example_short_circuit_operator.py took 0.091 seconds
[2023-01-07T02:00:54.561+0100] {processor.py:153} INFO - Started process (PID=14353) to work on /home/chrisfleig/.local/lib/python3.10/site-packages/airflow/example_dags/example_short_circuit_operator.py
[2023-01-07T02:00:54.563+0100] {processor.py:743} INFO - Processing file /home/chrisfleig/.local/lib/python3.10/site-packages/airflow/example_dags/example_short_circuit_operator.py for tasks to queue
[2023-01-07T02:00:54.563+0100] {logging_mixin.py:137} INFO - [2023-01-07T02:00:54.563+0100] {dagbag.py:538} INFO - Filling up the DagBag from /home/chrisfleig/.local/lib/python3.10/site-packages/airflow/example_dags/example_short_circuit_operator.py
[2023-01-07T02:00:54.578+0100] {processor.py:753} INFO - DAG(s) dict_keys(['example_short_circuit_operator']) retrieved from /home/chrisfleig/.local/lib/python3.10/site-packages/airflow/example_dags/example_short_circuit_operator.py
[2023-01-07T02:00:54.599+0100] {logging_mixin.py:137} INFO - [2023-01-07T02:00:54.599+0100] {dag.py:2676} INFO - Sync 1 DAGs
[2023-01-07T02:00:54.616+0100] {logging_mixin.py:137} INFO - [2023-01-07T02:00:54.616+0100] {dag.py:3423} INFO - Setting next_dagrun for example_short_circuit_operator to 2023-01-06T01:00:54.616333+00:00, run_after=2023-01-07T01:00:54.616333+00:00
[2023-01-07T02:00:54.746+0100] {processor.py:175} INFO - Processing /home/chrisfleig/.local/lib/python3.10/site-packages/airflow/example_dags/example_short_circuit_operator.py took 0.188 seconds
[2023-01-07T02:01:57.078+0100] {processor.py:153} INFO - Started process (PID=14410) to work on /home/chrisfleig/.local/lib/python3.10/site-packages/airflow/example_dags/example_short_circuit_operator.py
[2023-01-07T02:01:57.079+0100] {processor.py:743} INFO - Processing file /home/chrisfleig/.local/lib/python3.10/site-packages/airflow/example_dags/example_short_circuit_operator.py for tasks to queue
[2023-01-07T02:01:57.080+0100] {logging_mixin.py:137} INFO - [2023-01-07T02:01:57.080+0100] {dagbag.py:538} INFO - Filling up the DagBag from /home/chrisfleig/.local/lib/python3.10/site-packages/airflow/example_dags/example_short_circuit_operator.py
[2023-01-07T02:01:57.103+0100] {processor.py:753} INFO - DAG(s) dict_keys(['example_short_circuit_operator']) retrieved from /home/chrisfleig/.local/lib/python3.10/site-packages/airflow/example_dags/example_short_circuit_operator.py
[2023-01-07T02:01:57.143+0100] {logging_mixin.py:137} INFO - [2023-01-07T02:01:57.143+0100] {dag.py:2676} INFO - Sync 1 DAGs
[2023-01-07T02:01:57.311+0100] {logging_mixin.py:137} INFO - [2023-01-07T02:01:57.311+0100] {dag.py:3423} INFO - Setting next_dagrun for example_short_circuit_operator to 2023-01-06T01:01:57.310963+00:00, run_after=2023-01-07T01:01:57.310963+00:00
[2023-01-07T02:01:57.366+0100] {processor.py:175} INFO - Processing /home/chrisfleig/.local/lib/python3.10/site-packages/airflow/example_dags/example_short_circuit_operator.py took 0.291 seconds
[2023-01-07T02:03:06.563+0100] {processor.py:153} INFO - Started process (PID=14470) to work on /home/chrisfleig/.local/lib/python3.10/site-packages/airflow/example_dags/example_short_circuit_operator.py
[2023-01-07T02:03:06.565+0100] {processor.py:743} INFO - Processing file /home/chrisfleig/.local/lib/python3.10/site-packages/airflow/example_dags/example_short_circuit_operator.py for tasks to queue
[2023-01-07T02:03:06.566+0100] {logging_mixin.py:137} INFO - [2023-01-07T02:03:06.566+0100] {dagbag.py:538} INFO - Filling up the DagBag from /home/chrisfleig/.local/lib/python3.10/site-packages/airflow/example_dags/example_short_circuit_operator.py
[2023-01-07T02:03:06.601+0100] {processor.py:753} INFO - DAG(s) dict_keys(['example_short_circuit_operator']) retrieved from /home/chrisfleig/.local/lib/python3.10/site-packages/airflow/example_dags/example_short_circuit_operator.py
[2023-01-07T02:03:06.817+0100] {logging_mixin.py:137} INFO - [2023-01-07T02:03:06.816+0100] {dag.py:2676} INFO - Sync 1 DAGs
[2023-01-07T02:03:06.846+0100] {logging_mixin.py:137} INFO - [2023-01-07T02:03:06.846+0100] {dag.py:3423} INFO - Setting next_dagrun for example_short_circuit_operator to 2023-01-06T01:03:06.846234+00:00, run_after=2023-01-07T01:03:06.846234+00:00
[2023-01-07T02:03:06.900+0100] {processor.py:175} INFO - Processing /home/chrisfleig/.local/lib/python3.10/site-packages/airflow/example_dags/example_short_circuit_operator.py took 0.344 seconds
[2023-01-07T02:04:11.461+0100] {processor.py:153} INFO - Started process (PID=14531) to work on /home/chrisfleig/.local/lib/python3.10/site-packages/airflow/example_dags/example_short_circuit_operator.py
[2023-01-07T02:04:11.462+0100] {processor.py:743} INFO - Processing file /home/chrisfleig/.local/lib/python3.10/site-packages/airflow/example_dags/example_short_circuit_operator.py for tasks to queue
[2023-01-07T02:04:11.463+0100] {logging_mixin.py:137} INFO - [2023-01-07T02:04:11.463+0100] {dagbag.py:538} INFO - Filling up the DagBag from /home/chrisfleig/.local/lib/python3.10/site-packages/airflow/example_dags/example_short_circuit_operator.py
[2023-01-07T02:04:11.477+0100] {processor.py:753} INFO - DAG(s) dict_keys(['example_short_circuit_operator']) retrieved from /home/chrisfleig/.local/lib/python3.10/site-packages/airflow/example_dags/example_short_circuit_operator.py
[2023-01-07T02:04:11.600+0100] {logging_mixin.py:137} INFO - [2023-01-07T02:04:11.599+0100] {dag.py:2676} INFO - Sync 1 DAGs
[2023-01-07T02:04:11.617+0100] {logging_mixin.py:137} INFO - [2023-01-07T02:04:11.617+0100] {dag.py:3423} INFO - Setting next_dagrun for example_short_circuit_operator to 2023-01-06T01:04:11.617260+00:00, run_after=2023-01-07T01:04:11.617260+00:00
[2023-01-07T02:04:11.671+0100] {processor.py:175} INFO - Processing /home/chrisfleig/.local/lib/python3.10/site-packages/airflow/example_dags/example_short_circuit_operator.py took 0.213 seconds
[2023-01-07T02:05:14.743+0100] {processor.py:153} INFO - Started process (PID=14587) to work on /home/chrisfleig/.local/lib/python3.10/site-packages/airflow/example_dags/example_short_circuit_operator.py
[2023-01-07T02:05:14.745+0100] {processor.py:743} INFO - Processing file /home/chrisfleig/.local/lib/python3.10/site-packages/airflow/example_dags/example_short_circuit_operator.py for tasks to queue
[2023-01-07T02:05:14.746+0100] {logging_mixin.py:137} INFO - [2023-01-07T02:05:14.746+0100] {dagbag.py:538} INFO - Filling up the DagBag from /home/chrisfleig/.local/lib/python3.10/site-packages/airflow/example_dags/example_short_circuit_operator.py
[2023-01-07T02:05:14.763+0100] {processor.py:753} INFO - DAG(s) dict_keys(['example_short_circuit_operator']) retrieved from /home/chrisfleig/.local/lib/python3.10/site-packages/airflow/example_dags/example_short_circuit_operator.py
[2023-01-07T02:05:14.786+0100] {logging_mixin.py:137} INFO - [2023-01-07T02:05:14.786+0100] {dag.py:2676} INFO - Sync 1 DAGs
[2023-01-07T02:05:14.802+0100] {logging_mixin.py:137} INFO - [2023-01-07T02:05:14.802+0100] {dag.py:3423} INFO - Setting next_dagrun for example_short_circuit_operator to 2023-01-06T01:05:14.802084+00:00, run_after=2023-01-07T01:05:14.802084+00:00
[2023-01-07T02:05:14.946+0100] {processor.py:175} INFO - Processing /home/chrisfleig/.local/lib/python3.10/site-packages/airflow/example_dags/example_short_circuit_operator.py took 0.208 seconds
[2023-01-07T02:06:29.762+0100] {processor.py:153} INFO - Started process (PID=14652) to work on /home/chrisfleig/.local/lib/python3.10/site-packages/airflow/example_dags/example_short_circuit_operator.py
[2023-01-07T02:06:29.765+0100] {processor.py:743} INFO - Processing file /home/chrisfleig/.local/lib/python3.10/site-packages/airflow/example_dags/example_short_circuit_operator.py for tasks to queue
[2023-01-07T02:06:29.766+0100] {logging_mixin.py:137} INFO - [2023-01-07T02:06:29.765+0100] {dagbag.py:538} INFO - Filling up the DagBag from /home/chrisfleig/.local/lib/python3.10/site-packages/airflow/example_dags/example_short_circuit_operator.py
[2023-01-07T02:06:29.793+0100] {processor.py:753} INFO - DAG(s) dict_keys(['example_short_circuit_operator']) retrieved from /home/chrisfleig/.local/lib/python3.10/site-packages/airflow/example_dags/example_short_circuit_operator.py
[2023-01-07T02:06:29.826+0100] {logging_mixin.py:137} INFO - [2023-01-07T02:06:29.826+0100] {dag.py:2676} INFO - Sync 1 DAGs
[2023-01-07T02:06:29.970+0100] {logging_mixin.py:137} INFO - [2023-01-07T02:06:29.970+0100] {dag.py:3423} INFO - Setting next_dagrun for example_short_circuit_operator to 2023-01-06T01:06:29.969951+00:00, run_after=2023-01-07T01:06:29.969951+00:00
[2023-01-07T02:06:30.009+0100] {processor.py:175} INFO - Processing /home/chrisfleig/.local/lib/python3.10/site-packages/airflow/example_dags/example_short_circuit_operator.py took 0.255 seconds
[2023-01-07T02:07:46.102+0100] {processor.py:153} INFO - Started process (PID=14717) to work on /home/chrisfleig/.local/lib/python3.10/site-packages/airflow/example_dags/example_short_circuit_operator.py
[2023-01-07T02:07:46.103+0100] {processor.py:743} INFO - Processing file /home/chrisfleig/.local/lib/python3.10/site-packages/airflow/example_dags/example_short_circuit_operator.py for tasks to queue
[2023-01-07T02:07:46.104+0100] {logging_mixin.py:137} INFO - [2023-01-07T02:07:46.104+0100] {dagbag.py:538} INFO - Filling up the DagBag from /home/chrisfleig/.local/lib/python3.10/site-packages/airflow/example_dags/example_short_circuit_operator.py
[2023-01-07T02:07:46.118+0100] {processor.py:753} INFO - DAG(s) dict_keys(['example_short_circuit_operator']) retrieved from /home/chrisfleig/.local/lib/python3.10/site-packages/airflow/example_dags/example_short_circuit_operator.py
[2023-01-07T02:07:46.141+0100] {logging_mixin.py:137} INFO - [2023-01-07T02:07:46.141+0100] {dag.py:2676} INFO - Sync 1 DAGs
[2023-01-07T02:07:46.244+0100] {logging_mixin.py:137} INFO - [2023-01-07T02:07:46.244+0100] {dag.py:3423} INFO - Setting next_dagrun for example_short_circuit_operator to 2023-01-06T01:07:46.244293+00:00, run_after=2023-01-07T01:07:46.244293+00:00
[2023-01-07T02:07:46.281+0100] {processor.py:175} INFO - Processing /home/chrisfleig/.local/lib/python3.10/site-packages/airflow/example_dags/example_short_circuit_operator.py took 0.184 seconds
[2023-01-07T02:09:12.709+0100] {processor.py:153} INFO - Started process (PID=14787) to work on /home/chrisfleig/.local/lib/python3.10/site-packages/airflow/example_dags/example_short_circuit_operator.py
[2023-01-07T02:09:12.710+0100] {processor.py:743} INFO - Processing file /home/chrisfleig/.local/lib/python3.10/site-packages/airflow/example_dags/example_short_circuit_operator.py for tasks to queue
[2023-01-07T02:09:12.711+0100] {logging_mixin.py:137} INFO - [2023-01-07T02:09:12.711+0100] {dagbag.py:538} INFO - Filling up the DagBag from /home/chrisfleig/.local/lib/python3.10/site-packages/airflow/example_dags/example_short_circuit_operator.py
[2023-01-07T02:09:12.729+0100] {processor.py:753} INFO - DAG(s) dict_keys(['example_short_circuit_operator']) retrieved from /home/chrisfleig/.local/lib/python3.10/site-packages/airflow/example_dags/example_short_circuit_operator.py
[2023-01-07T02:09:12.850+0100] {logging_mixin.py:137} INFO - [2023-01-07T02:09:12.850+0100] {dag.py:2676} INFO - Sync 1 DAGs
[2023-01-07T02:09:12.865+0100] {logging_mixin.py:137} INFO - [2023-01-07T02:09:12.865+0100] {dag.py:3423} INFO - Setting next_dagrun for example_short_circuit_operator to 2023-01-06T01:09:12.865358+00:00, run_after=2023-01-07T01:09:12.865358+00:00
[2023-01-07T02:09:12.921+0100] {processor.py:175} INFO - Processing /home/chrisfleig/.local/lib/python3.10/site-packages/airflow/example_dags/example_short_circuit_operator.py took 0.215 seconds
[2023-01-07T02:10:19.280+0100] {processor.py:153} INFO - Started process (PID=14848) to work on /home/chrisfleig/.local/lib/python3.10/site-packages/airflow/example_dags/example_short_circuit_operator.py
[2023-01-07T02:10:19.281+0100] {processor.py:743} INFO - Processing file /home/chrisfleig/.local/lib/python3.10/site-packages/airflow/example_dags/example_short_circuit_operator.py for tasks to queue
[2023-01-07T02:10:19.282+0100] {logging_mixin.py:137} INFO - [2023-01-07T02:10:19.281+0100] {dagbag.py:538} INFO - Filling up the DagBag from /home/chrisfleig/.local/lib/python3.10/site-packages/airflow/example_dags/example_short_circuit_operator.py
[2023-01-07T02:10:19.387+0100] {processor.py:753} INFO - DAG(s) dict_keys(['example_short_circuit_operator']) retrieved from /home/chrisfleig/.local/lib/python3.10/site-packages/airflow/example_dags/example_short_circuit_operator.py
[2023-01-07T02:10:19.406+0100] {logging_mixin.py:137} INFO - [2023-01-07T02:10:19.406+0100] {dag.py:2676} INFO - Sync 1 DAGs
[2023-01-07T02:10:19.421+0100] {logging_mixin.py:137} INFO - [2023-01-07T02:10:19.421+0100] {dag.py:3423} INFO - Setting next_dagrun for example_short_circuit_operator to 2023-01-06T01:10:19.421138+00:00, run_after=2023-01-07T01:10:19.421138+00:00
[2023-01-07T02:10:19.460+0100] {processor.py:175} INFO - Processing /home/chrisfleig/.local/lib/python3.10/site-packages/airflow/example_dags/example_short_circuit_operator.py took 0.184 seconds
[2023-01-07T02:11:29.649+0100] {processor.py:153} INFO - Started process (PID=14911) to work on /home/chrisfleig/.local/lib/python3.10/site-packages/airflow/example_dags/example_short_circuit_operator.py
[2023-01-07T02:11:29.651+0100] {processor.py:743} INFO - Processing file /home/chrisfleig/.local/lib/python3.10/site-packages/airflow/example_dags/example_short_circuit_operator.py for tasks to queue
[2023-01-07T02:11:29.651+0100] {logging_mixin.py:137} INFO - [2023-01-07T02:11:29.651+0100] {dagbag.py:538} INFO - Filling up the DagBag from /home/chrisfleig/.local/lib/python3.10/site-packages/airflow/example_dags/example_short_circuit_operator.py
[2023-01-07T02:11:29.668+0100] {processor.py:753} INFO - DAG(s) dict_keys(['example_short_circuit_operator']) retrieved from /home/chrisfleig/.local/lib/python3.10/site-packages/airflow/example_dags/example_short_circuit_operator.py
[2023-01-07T02:11:29.691+0100] {logging_mixin.py:137} INFO - [2023-01-07T02:11:29.691+0100] {dag.py:2676} INFO - Sync 1 DAGs
[2023-01-07T02:11:29.709+0100] {logging_mixin.py:137} INFO - [2023-01-07T02:11:29.709+0100] {dag.py:3423} INFO - Setting next_dagrun for example_short_circuit_operator to 2023-01-06T01:11:29.709061+00:00, run_after=2023-01-07T01:11:29.709061+00:00
[2023-01-07T02:11:29.838+0100] {processor.py:175} INFO - Processing /home/chrisfleig/.local/lib/python3.10/site-packages/airflow/example_dags/example_short_circuit_operator.py took 0.192 seconds
[2023-01-07T02:12:40.665+0100] {processor.py:153} INFO - Started process (PID=14985) to work on /home/chrisfleig/.local/lib/python3.10/site-packages/airflow/example_dags/example_short_circuit_operator.py
[2023-01-07T02:12:40.668+0100] {processor.py:743} INFO - Processing file /home/chrisfleig/.local/lib/python3.10/site-packages/airflow/example_dags/example_short_circuit_operator.py for tasks to queue
[2023-01-07T02:12:40.668+0100] {logging_mixin.py:137} INFO - [2023-01-07T02:12:40.668+0100] {dagbag.py:538} INFO - Filling up the DagBag from /home/chrisfleig/.local/lib/python3.10/site-packages/airflow/example_dags/example_short_circuit_operator.py
[2023-01-07T02:12:40.684+0100] {processor.py:753} INFO - DAG(s) dict_keys(['example_short_circuit_operator']) retrieved from /home/chrisfleig/.local/lib/python3.10/site-packages/airflow/example_dags/example_short_circuit_operator.py
[2023-01-07T02:12:40.711+0100] {logging_mixin.py:137} INFO - [2023-01-07T02:12:40.711+0100] {dag.py:2676} INFO - Sync 1 DAGs
[2023-01-07T02:12:40.844+0100] {logging_mixin.py:137} INFO - [2023-01-07T02:12:40.844+0100] {dag.py:3423} INFO - Setting next_dagrun for example_short_circuit_operator to 2023-01-06T01:12:40.843846+00:00, run_after=2023-01-07T01:12:40.843846+00:00
[2023-01-07T02:12:40.887+0100] {processor.py:175} INFO - Processing /home/chrisfleig/.local/lib/python3.10/site-packages/airflow/example_dags/example_short_circuit_operator.py took 0.225 seconds
