[2023-01-07T01:00:08.665+0100] {processor.py:153} INFO - Started process (PID=10908) to work on /home/chrisfleig/.local/lib/python3.10/site-packages/airflow/example_dags/tutorial_taskflow_api_virtualenv.py
[2023-01-07T01:00:08.666+0100] {processor.py:743} INFO - Processing file /home/chrisfleig/.local/lib/python3.10/site-packages/airflow/example_dags/tutorial_taskflow_api_virtualenv.py for tasks to queue
[2023-01-07T01:00:08.667+0100] {logging_mixin.py:137} INFO - [2023-01-07T01:00:08.667+0100] {dagbag.py:538} INFO - Filling up the DagBag from /home/chrisfleig/.local/lib/python3.10/site-packages/airflow/example_dags/tutorial_taskflow_api_virtualenv.py
[2023-01-07T01:00:08.820+0100] {logging_mixin.py:137} INFO - [2023-01-07T01:00:08.820+0100] {tutorial_taskflow_api_virtualenv.py:29} WARNING - The tutorial_taskflow_api_virtualenv example DAG requires virtualenv, please install it.
[2023-01-07T01:00:08.820+0100] {processor.py:755} WARNING - No viable dags retrieved from /home/chrisfleig/.local/lib/python3.10/site-packages/airflow/example_dags/tutorial_taskflow_api_virtualenv.py
[2023-01-07T01:00:08.828+0100] {processor.py:175} INFO - Processing /home/chrisfleig/.local/lib/python3.10/site-packages/airflow/example_dags/tutorial_taskflow_api_virtualenv.py took 0.166 seconds
[2023-01-07T01:00:54.304+0100] {processor.py:153} INFO - Started process (PID=10953) to work on /home/chrisfleig/.local/lib/python3.10/site-packages/airflow/example_dags/tutorial_taskflow_api_virtualenv.py
[2023-01-07T01:00:54.305+0100] {processor.py:743} INFO - Processing file /home/chrisfleig/.local/lib/python3.10/site-packages/airflow/example_dags/tutorial_taskflow_api_virtualenv.py for tasks to queue
[2023-01-07T01:00:54.305+0100] {logging_mixin.py:137} INFO - [2023-01-07T01:00:54.305+0100] {dagbag.py:538} INFO - Filling up the DagBag from /home/chrisfleig/.local/lib/python3.10/site-packages/airflow/example_dags/tutorial_taskflow_api_virtualenv.py
[2023-01-07T01:00:54.447+0100] {logging_mixin.py:137} INFO - [2023-01-07T01:00:54.447+0100] {tutorial_taskflow_api_virtualenv.py:29} WARNING - The tutorial_taskflow_api_virtualenv example DAG requires virtualenv, please install it.
[2023-01-07T01:00:54.447+0100] {processor.py:755} WARNING - No viable dags retrieved from /home/chrisfleig/.local/lib/python3.10/site-packages/airflow/example_dags/tutorial_taskflow_api_virtualenv.py
[2023-01-07T01:00:54.455+0100] {processor.py:175} INFO - Processing /home/chrisfleig/.local/lib/python3.10/site-packages/airflow/example_dags/tutorial_taskflow_api_virtualenv.py took 0.153 seconds
[2023-01-07T01:01:48.001+0100] {processor.py:153} INFO - Started process (PID=11005) to work on /home/chrisfleig/.local/lib/python3.10/site-packages/airflow/example_dags/tutorial_taskflow_api_virtualenv.py
[2023-01-07T01:01:48.003+0100] {processor.py:743} INFO - Processing file /home/chrisfleig/.local/lib/python3.10/site-packages/airflow/example_dags/tutorial_taskflow_api_virtualenv.py for tasks to queue
[2023-01-07T01:01:48.004+0100] {logging_mixin.py:137} INFO - [2023-01-07T01:01:48.004+0100] {dagbag.py:538} INFO - Filling up the DagBag from /home/chrisfleig/.local/lib/python3.10/site-packages/airflow/example_dags/tutorial_taskflow_api_virtualenv.py
[2023-01-07T01:01:48.172+0100] {logging_mixin.py:137} INFO - [2023-01-07T01:01:48.171+0100] {tutorial_taskflow_api_virtualenv.py:29} WARNING - The tutorial_taskflow_api_virtualenv example DAG requires virtualenv, please install it.
[2023-01-07T01:01:48.172+0100] {processor.py:755} WARNING - No viable dags retrieved from /home/chrisfleig/.local/lib/python3.10/site-packages/airflow/example_dags/tutorial_taskflow_api_virtualenv.py
[2023-01-07T01:01:48.179+0100] {processor.py:175} INFO - Processing /home/chrisfleig/.local/lib/python3.10/site-packages/airflow/example_dags/tutorial_taskflow_api_virtualenv.py took 0.181 seconds
[2023-01-07T01:02:42.374+0100] {processor.py:153} INFO - Started process (PID=11055) to work on /home/chrisfleig/.local/lib/python3.10/site-packages/airflow/example_dags/tutorial_taskflow_api_virtualenv.py
[2023-01-07T01:02:42.376+0100] {processor.py:743} INFO - Processing file /home/chrisfleig/.local/lib/python3.10/site-packages/airflow/example_dags/tutorial_taskflow_api_virtualenv.py for tasks to queue
[2023-01-07T01:02:42.377+0100] {logging_mixin.py:137} INFO - [2023-01-07T01:02:42.377+0100] {dagbag.py:538} INFO - Filling up the DagBag from /home/chrisfleig/.local/lib/python3.10/site-packages/airflow/example_dags/tutorial_taskflow_api_virtualenv.py
[2023-01-07T01:02:42.563+0100] {logging_mixin.py:137} INFO - [2023-01-07T01:02:42.563+0100] {tutorial_taskflow_api_virtualenv.py:29} WARNING - The tutorial_taskflow_api_virtualenv example DAG requires virtualenv, please install it.
[2023-01-07T01:02:42.563+0100] {processor.py:755} WARNING - No viable dags retrieved from /home/chrisfleig/.local/lib/python3.10/site-packages/airflow/example_dags/tutorial_taskflow_api_virtualenv.py
[2023-01-07T01:02:42.571+0100] {processor.py:175} INFO - Processing /home/chrisfleig/.local/lib/python3.10/site-packages/airflow/example_dags/tutorial_taskflow_api_virtualenv.py took 0.202 seconds
[2023-01-07T01:03:27.305+0100] {processor.py:153} INFO - Started process (PID=11096) to work on /home/chrisfleig/.local/lib/python3.10/site-packages/airflow/example_dags/tutorial_taskflow_api_virtualenv.py
[2023-01-07T01:03:27.306+0100] {processor.py:743} INFO - Processing file /home/chrisfleig/.local/lib/python3.10/site-packages/airflow/example_dags/tutorial_taskflow_api_virtualenv.py for tasks to queue
[2023-01-07T01:03:27.307+0100] {logging_mixin.py:137} INFO - [2023-01-07T01:03:27.307+0100] {dagbag.py:538} INFO - Filling up the DagBag from /home/chrisfleig/.local/lib/python3.10/site-packages/airflow/example_dags/tutorial_taskflow_api_virtualenv.py
[2023-01-07T01:03:27.480+0100] {logging_mixin.py:137} INFO - [2023-01-07T01:03:27.480+0100] {tutorial_taskflow_api_virtualenv.py:29} WARNING - The tutorial_taskflow_api_virtualenv example DAG requires virtualenv, please install it.
[2023-01-07T01:03:27.480+0100] {processor.py:755} WARNING - No viable dags retrieved from /home/chrisfleig/.local/lib/python3.10/site-packages/airflow/example_dags/tutorial_taskflow_api_virtualenv.py
[2023-01-07T01:03:27.488+0100] {processor.py:175} INFO - Processing /home/chrisfleig/.local/lib/python3.10/site-packages/airflow/example_dags/tutorial_taskflow_api_virtualenv.py took 0.187 seconds
[2023-01-07T01:04:24.622+0100] {processor.py:153} INFO - Started process (PID=11149) to work on /home/chrisfleig/.local/lib/python3.10/site-packages/airflow/example_dags/tutorial_taskflow_api_virtualenv.py
[2023-01-07T01:04:24.623+0100] {processor.py:743} INFO - Processing file /home/chrisfleig/.local/lib/python3.10/site-packages/airflow/example_dags/tutorial_taskflow_api_virtualenv.py for tasks to queue
[2023-01-07T01:04:24.624+0100] {logging_mixin.py:137} INFO - [2023-01-07T01:04:24.624+0100] {dagbag.py:538} INFO - Filling up the DagBag from /home/chrisfleig/.local/lib/python3.10/site-packages/airflow/example_dags/tutorial_taskflow_api_virtualenv.py
[2023-01-07T01:04:24.780+0100] {logging_mixin.py:137} INFO - [2023-01-07T01:04:24.779+0100] {tutorial_taskflow_api_virtualenv.py:29} WARNING - The tutorial_taskflow_api_virtualenv example DAG requires virtualenv, please install it.
[2023-01-07T01:04:24.780+0100] {processor.py:755} WARNING - No viable dags retrieved from /home/chrisfleig/.local/lib/python3.10/site-packages/airflow/example_dags/tutorial_taskflow_api_virtualenv.py
[2023-01-07T01:04:24.787+0100] {processor.py:175} INFO - Processing /home/chrisfleig/.local/lib/python3.10/site-packages/airflow/example_dags/tutorial_taskflow_api_virtualenv.py took 0.169 seconds
[2023-01-07T01:05:10.745+0100] {processor.py:153} INFO - Started process (PID=11195) to work on /home/chrisfleig/.local/lib/python3.10/site-packages/airflow/example_dags/tutorial_taskflow_api_virtualenv.py
[2023-01-07T01:05:10.747+0100] {processor.py:743} INFO - Processing file /home/chrisfleig/.local/lib/python3.10/site-packages/airflow/example_dags/tutorial_taskflow_api_virtualenv.py for tasks to queue
[2023-01-07T01:05:10.747+0100] {logging_mixin.py:137} INFO - [2023-01-07T01:05:10.747+0100] {dagbag.py:538} INFO - Filling up the DagBag from /home/chrisfleig/.local/lib/python3.10/site-packages/airflow/example_dags/tutorial_taskflow_api_virtualenv.py
[2023-01-07T01:05:10.912+0100] {logging_mixin.py:137} INFO - [2023-01-07T01:05:10.912+0100] {tutorial_taskflow_api_virtualenv.py:29} WARNING - The tutorial_taskflow_api_virtualenv example DAG requires virtualenv, please install it.
[2023-01-07T01:05:10.912+0100] {processor.py:755} WARNING - No viable dags retrieved from /home/chrisfleig/.local/lib/python3.10/site-packages/airflow/example_dags/tutorial_taskflow_api_virtualenv.py
[2023-01-07T01:05:10.919+0100] {processor.py:175} INFO - Processing /home/chrisfleig/.local/lib/python3.10/site-packages/airflow/example_dags/tutorial_taskflow_api_virtualenv.py took 0.178 seconds
[2023-01-07T01:06:02.050+0100] {processor.py:153} INFO - Started process (PID=11243) to work on /home/chrisfleig/.local/lib/python3.10/site-packages/airflow/example_dags/tutorial_taskflow_api_virtualenv.py
[2023-01-07T01:06:02.051+0100] {processor.py:743} INFO - Processing file /home/chrisfleig/.local/lib/python3.10/site-packages/airflow/example_dags/tutorial_taskflow_api_virtualenv.py for tasks to queue
[2023-01-07T01:06:02.052+0100] {logging_mixin.py:137} INFO - [2023-01-07T01:06:02.052+0100] {dagbag.py:538} INFO - Filling up the DagBag from /home/chrisfleig/.local/lib/python3.10/site-packages/airflow/example_dags/tutorial_taskflow_api_virtualenv.py
[2023-01-07T01:06:02.222+0100] {logging_mixin.py:137} INFO - [2023-01-07T01:06:02.222+0100] {tutorial_taskflow_api_virtualenv.py:29} WARNING - The tutorial_taskflow_api_virtualenv example DAG requires virtualenv, please install it.
[2023-01-07T01:06:02.223+0100] {processor.py:755} WARNING - No viable dags retrieved from /home/chrisfleig/.local/lib/python3.10/site-packages/airflow/example_dags/tutorial_taskflow_api_virtualenv.py
[2023-01-07T01:06:02.229+0100] {processor.py:175} INFO - Processing /home/chrisfleig/.local/lib/python3.10/site-packages/airflow/example_dags/tutorial_taskflow_api_virtualenv.py took 0.184 seconds
[2023-01-07T01:06:53.761+0100] {processor.py:153} INFO - Started process (PID=11294) to work on /home/chrisfleig/.local/lib/python3.10/site-packages/airflow/example_dags/tutorial_taskflow_api_virtualenv.py
[2023-01-07T01:06:53.764+0100] {processor.py:743} INFO - Processing file /home/chrisfleig/.local/lib/python3.10/site-packages/airflow/example_dags/tutorial_taskflow_api_virtualenv.py for tasks to queue
[2023-01-07T01:06:53.767+0100] {logging_mixin.py:137} INFO - [2023-01-07T01:06:53.766+0100] {dagbag.py:538} INFO - Filling up the DagBag from /home/chrisfleig/.local/lib/python3.10/site-packages/airflow/example_dags/tutorial_taskflow_api_virtualenv.py
[2023-01-07T01:06:54.077+0100] {logging_mixin.py:137} INFO - [2023-01-07T01:06:54.077+0100] {tutorial_taskflow_api_virtualenv.py:29} WARNING - The tutorial_taskflow_api_virtualenv example DAG requires virtualenv, please install it.
[2023-01-07T01:06:54.077+0100] {processor.py:755} WARNING - No viable dags retrieved from /home/chrisfleig/.local/lib/python3.10/site-packages/airflow/example_dags/tutorial_taskflow_api_virtualenv.py
[2023-01-07T01:06:54.087+0100] {processor.py:175} INFO - Processing /home/chrisfleig/.local/lib/python3.10/site-packages/airflow/example_dags/tutorial_taskflow_api_virtualenv.py took 0.341 seconds
[2023-01-07T01:07:45.190+0100] {processor.py:153} INFO - Started process (PID=11342) to work on /home/chrisfleig/.local/lib/python3.10/site-packages/airflow/example_dags/tutorial_taskflow_api_virtualenv.py
[2023-01-07T01:07:45.191+0100] {processor.py:743} INFO - Processing file /home/chrisfleig/.local/lib/python3.10/site-packages/airflow/example_dags/tutorial_taskflow_api_virtualenv.py for tasks to queue
[2023-01-07T01:07:45.192+0100] {logging_mixin.py:137} INFO - [2023-01-07T01:07:45.192+0100] {dagbag.py:538} INFO - Filling up the DagBag from /home/chrisfleig/.local/lib/python3.10/site-packages/airflow/example_dags/tutorial_taskflow_api_virtualenv.py
[2023-01-07T01:07:45.357+0100] {logging_mixin.py:137} INFO - [2023-01-07T01:07:45.357+0100] {tutorial_taskflow_api_virtualenv.py:29} WARNING - The tutorial_taskflow_api_virtualenv example DAG requires virtualenv, please install it.
[2023-01-07T01:07:45.357+0100] {processor.py:755} WARNING - No viable dags retrieved from /home/chrisfleig/.local/lib/python3.10/site-packages/airflow/example_dags/tutorial_taskflow_api_virtualenv.py
[2023-01-07T01:07:45.364+0100] {processor.py:175} INFO - Processing /home/chrisfleig/.local/lib/python3.10/site-packages/airflow/example_dags/tutorial_taskflow_api_virtualenv.py took 0.176 seconds
[2023-01-07T01:08:31.986+0100] {processor.py:153} INFO - Started process (PID=11380) to work on /home/chrisfleig/.local/lib/python3.10/site-packages/airflow/example_dags/tutorial_taskflow_api_virtualenv.py
[2023-01-07T01:08:31.988+0100] {processor.py:743} INFO - Processing file /home/chrisfleig/.local/lib/python3.10/site-packages/airflow/example_dags/tutorial_taskflow_api_virtualenv.py for tasks to queue
[2023-01-07T01:08:31.989+0100] {logging_mixin.py:137} INFO - [2023-01-07T01:08:31.988+0100] {dagbag.py:538} INFO - Filling up the DagBag from /home/chrisfleig/.local/lib/python3.10/site-packages/airflow/example_dags/tutorial_taskflow_api_virtualenv.py
[2023-01-07T01:08:32.166+0100] {logging_mixin.py:137} INFO - [2023-01-07T01:08:32.166+0100] {tutorial_taskflow_api_virtualenv.py:29} WARNING - The tutorial_taskflow_api_virtualenv example DAG requires virtualenv, please install it.
[2023-01-07T01:08:32.167+0100] {processor.py:755} WARNING - No viable dags retrieved from /home/chrisfleig/.local/lib/python3.10/site-packages/airflow/example_dags/tutorial_taskflow_api_virtualenv.py
[2023-01-07T01:08:32.175+0100] {processor.py:175} INFO - Processing /home/chrisfleig/.local/lib/python3.10/site-packages/airflow/example_dags/tutorial_taskflow_api_virtualenv.py took 0.192 seconds
[2023-01-07T01:09:31.800+0100] {processor.py:153} INFO - Started process (PID=11440) to work on /home/chrisfleig/.local/lib/python3.10/site-packages/airflow/example_dags/tutorial_taskflow_api_virtualenv.py
[2023-01-07T01:09:31.802+0100] {processor.py:743} INFO - Processing file /home/chrisfleig/.local/lib/python3.10/site-packages/airflow/example_dags/tutorial_taskflow_api_virtualenv.py for tasks to queue
[2023-01-07T01:09:31.803+0100] {logging_mixin.py:137} INFO - [2023-01-07T01:09:31.803+0100] {dagbag.py:538} INFO - Filling up the DagBag from /home/chrisfleig/.local/lib/python3.10/site-packages/airflow/example_dags/tutorial_taskflow_api_virtualenv.py
[2023-01-07T01:09:31.991+0100] {logging_mixin.py:137} INFO - [2023-01-07T01:09:31.991+0100] {tutorial_taskflow_api_virtualenv.py:29} WARNING - The tutorial_taskflow_api_virtualenv example DAG requires virtualenv, please install it.
[2023-01-07T01:09:31.991+0100] {processor.py:755} WARNING - No viable dags retrieved from /home/chrisfleig/.local/lib/python3.10/site-packages/airflow/example_dags/tutorial_taskflow_api_virtualenv.py
[2023-01-07T01:09:31.999+0100] {processor.py:175} INFO - Processing /home/chrisfleig/.local/lib/python3.10/site-packages/airflow/example_dags/tutorial_taskflow_api_virtualenv.py took 0.204 seconds
[2023-01-07T01:10:17.378+0100] {processor.py:153} INFO - Started process (PID=11481) to work on /home/chrisfleig/.local/lib/python3.10/site-packages/airflow/example_dags/tutorial_taskflow_api_virtualenv.py
[2023-01-07T01:10:17.380+0100] {processor.py:743} INFO - Processing file /home/chrisfleig/.local/lib/python3.10/site-packages/airflow/example_dags/tutorial_taskflow_api_virtualenv.py for tasks to queue
[2023-01-07T01:10:17.380+0100] {logging_mixin.py:137} INFO - [2023-01-07T01:10:17.380+0100] {dagbag.py:538} INFO - Filling up the DagBag from /home/chrisfleig/.local/lib/python3.10/site-packages/airflow/example_dags/tutorial_taskflow_api_virtualenv.py
[2023-01-07T01:10:17.552+0100] {logging_mixin.py:137} INFO - [2023-01-07T01:10:17.552+0100] {tutorial_taskflow_api_virtualenv.py:29} WARNING - The tutorial_taskflow_api_virtualenv example DAG requires virtualenv, please install it.
[2023-01-07T01:10:17.552+0100] {processor.py:755} WARNING - No viable dags retrieved from /home/chrisfleig/.local/lib/python3.10/site-packages/airflow/example_dags/tutorial_taskflow_api_virtualenv.py
[2023-01-07T01:10:17.560+0100] {processor.py:175} INFO - Processing /home/chrisfleig/.local/lib/python3.10/site-packages/airflow/example_dags/tutorial_taskflow_api_virtualenv.py took 0.185 seconds
[2023-01-07T01:11:17.036+0100] {processor.py:153} INFO - Started process (PID=11537) to work on /home/chrisfleig/.local/lib/python3.10/site-packages/airflow/example_dags/tutorial_taskflow_api_virtualenv.py
[2023-01-07T01:11:17.037+0100] {processor.py:743} INFO - Processing file /home/chrisfleig/.local/lib/python3.10/site-packages/airflow/example_dags/tutorial_taskflow_api_virtualenv.py for tasks to queue
[2023-01-07T01:11:17.038+0100] {logging_mixin.py:137} INFO - [2023-01-07T01:11:17.037+0100] {dagbag.py:538} INFO - Filling up the DagBag from /home/chrisfleig/.local/lib/python3.10/site-packages/airflow/example_dags/tutorial_taskflow_api_virtualenv.py
[2023-01-07T01:11:17.198+0100] {logging_mixin.py:137} INFO - [2023-01-07T01:11:17.198+0100] {tutorial_taskflow_api_virtualenv.py:29} WARNING - The tutorial_taskflow_api_virtualenv example DAG requires virtualenv, please install it.
[2023-01-07T01:11:17.198+0100] {processor.py:755} WARNING - No viable dags retrieved from /home/chrisfleig/.local/lib/python3.10/site-packages/airflow/example_dags/tutorial_taskflow_api_virtualenv.py
[2023-01-07T01:11:17.207+0100] {processor.py:175} INFO - Processing /home/chrisfleig/.local/lib/python3.10/site-packages/airflow/example_dags/tutorial_taskflow_api_virtualenv.py took 0.176 seconds
[2023-01-07T01:12:16.361+0100] {processor.py:153} INFO - Started process (PID=11593) to work on /home/chrisfleig/.local/lib/python3.10/site-packages/airflow/example_dags/tutorial_taskflow_api_virtualenv.py
[2023-01-07T01:12:16.362+0100] {processor.py:743} INFO - Processing file /home/chrisfleig/.local/lib/python3.10/site-packages/airflow/example_dags/tutorial_taskflow_api_virtualenv.py for tasks to queue
[2023-01-07T01:12:16.363+0100] {logging_mixin.py:137} INFO - [2023-01-07T01:12:16.363+0100] {dagbag.py:538} INFO - Filling up the DagBag from /home/chrisfleig/.local/lib/python3.10/site-packages/airflow/example_dags/tutorial_taskflow_api_virtualenv.py
[2023-01-07T01:12:16.528+0100] {logging_mixin.py:137} INFO - [2023-01-07T01:12:16.527+0100] {tutorial_taskflow_api_virtualenv.py:29} WARNING - The tutorial_taskflow_api_virtualenv example DAG requires virtualenv, please install it.
[2023-01-07T01:12:16.528+0100] {processor.py:755} WARNING - No viable dags retrieved from /home/chrisfleig/.local/lib/python3.10/site-packages/airflow/example_dags/tutorial_taskflow_api_virtualenv.py
[2023-01-07T01:12:16.536+0100] {processor.py:175} INFO - Processing /home/chrisfleig/.local/lib/python3.10/site-packages/airflow/example_dags/tutorial_taskflow_api_virtualenv.py took 0.179 seconds
[2023-01-07T01:13:17.743+0100] {processor.py:153} INFO - Started process (PID=11658) to work on /home/chrisfleig/.local/lib/python3.10/site-packages/airflow/example_dags/tutorial_taskflow_api_virtualenv.py
[2023-01-07T01:13:17.754+0100] {processor.py:743} INFO - Processing file /home/chrisfleig/.local/lib/python3.10/site-packages/airflow/example_dags/tutorial_taskflow_api_virtualenv.py for tasks to queue
[2023-01-07T01:13:17.755+0100] {logging_mixin.py:137} INFO - [2023-01-07T01:13:17.755+0100] {dagbag.py:538} INFO - Filling up the DagBag from /home/chrisfleig/.local/lib/python3.10/site-packages/airflow/example_dags/tutorial_taskflow_api_virtualenv.py
[2023-01-07T01:13:17.935+0100] {logging_mixin.py:137} INFO - [2023-01-07T01:13:17.934+0100] {tutorial_taskflow_api_virtualenv.py:29} WARNING - The tutorial_taskflow_api_virtualenv example DAG requires virtualenv, please install it.
[2023-01-07T01:13:17.935+0100] {processor.py:755} WARNING - No viable dags retrieved from /home/chrisfleig/.local/lib/python3.10/site-packages/airflow/example_dags/tutorial_taskflow_api_virtualenv.py
[2023-01-07T01:13:17.952+0100] {processor.py:175} INFO - Processing /home/chrisfleig/.local/lib/python3.10/site-packages/airflow/example_dags/tutorial_taskflow_api_virtualenv.py took 0.212 seconds
[2023-01-07T01:14:05.541+0100] {processor.py:153} INFO - Started process (PID=11698) to work on /home/chrisfleig/.local/lib/python3.10/site-packages/airflow/example_dags/tutorial_taskflow_api_virtualenv.py
[2023-01-07T01:14:05.543+0100] {processor.py:743} INFO - Processing file /home/chrisfleig/.local/lib/python3.10/site-packages/airflow/example_dags/tutorial_taskflow_api_virtualenv.py for tasks to queue
[2023-01-07T01:14:05.543+0100] {logging_mixin.py:137} INFO - [2023-01-07T01:14:05.543+0100] {dagbag.py:538} INFO - Filling up the DagBag from /home/chrisfleig/.local/lib/python3.10/site-packages/airflow/example_dags/tutorial_taskflow_api_virtualenv.py
[2023-01-07T01:14:05.719+0100] {logging_mixin.py:137} INFO - [2023-01-07T01:14:05.718+0100] {tutorial_taskflow_api_virtualenv.py:29} WARNING - The tutorial_taskflow_api_virtualenv example DAG requires virtualenv, please install it.
[2023-01-07T01:14:05.719+0100] {processor.py:755} WARNING - No viable dags retrieved from /home/chrisfleig/.local/lib/python3.10/site-packages/airflow/example_dags/tutorial_taskflow_api_virtualenv.py
[2023-01-07T01:14:05.726+0100] {processor.py:175} INFO - Processing /home/chrisfleig/.local/lib/python3.10/site-packages/airflow/example_dags/tutorial_taskflow_api_virtualenv.py took 0.188 seconds
[2023-01-07T01:14:54.490+0100] {processor.py:153} INFO - Started process (PID=11740) to work on /home/chrisfleig/.local/lib/python3.10/site-packages/airflow/example_dags/tutorial_taskflow_api_virtualenv.py
[2023-01-07T01:14:54.491+0100] {processor.py:743} INFO - Processing file /home/chrisfleig/.local/lib/python3.10/site-packages/airflow/example_dags/tutorial_taskflow_api_virtualenv.py for tasks to queue
[2023-01-07T01:14:54.492+0100] {logging_mixin.py:137} INFO - [2023-01-07T01:14:54.492+0100] {dagbag.py:538} INFO - Filling up the DagBag from /home/chrisfleig/.local/lib/python3.10/site-packages/airflow/example_dags/tutorial_taskflow_api_virtualenv.py
[2023-01-07T01:14:54.693+0100] {logging_mixin.py:137} INFO - [2023-01-07T01:14:54.693+0100] {tutorial_taskflow_api_virtualenv.py:29} WARNING - The tutorial_taskflow_api_virtualenv example DAG requires virtualenv, please install it.
[2023-01-07T01:14:54.694+0100] {processor.py:755} WARNING - No viable dags retrieved from /home/chrisfleig/.local/lib/python3.10/site-packages/airflow/example_dags/tutorial_taskflow_api_virtualenv.py
[2023-01-07T01:14:54.704+0100] {processor.py:175} INFO - Processing /home/chrisfleig/.local/lib/python3.10/site-packages/airflow/example_dags/tutorial_taskflow_api_virtualenv.py took 0.218 seconds
[2023-01-07T01:15:37.887+0100] {processor.py:153} INFO - Started process (PID=11783) to work on /home/chrisfleig/.local/lib/python3.10/site-packages/airflow/example_dags/tutorial_taskflow_api_virtualenv.py
[2023-01-07T01:15:37.888+0100] {processor.py:743} INFO - Processing file /home/chrisfleig/.local/lib/python3.10/site-packages/airflow/example_dags/tutorial_taskflow_api_virtualenv.py for tasks to queue
[2023-01-07T01:15:37.889+0100] {logging_mixin.py:137} INFO - [2023-01-07T01:15:37.889+0100] {dagbag.py:538} INFO - Filling up the DagBag from /home/chrisfleig/.local/lib/python3.10/site-packages/airflow/example_dags/tutorial_taskflow_api_virtualenv.py
[2023-01-07T01:15:38.062+0100] {logging_mixin.py:137} INFO - [2023-01-07T01:15:38.062+0100] {tutorial_taskflow_api_virtualenv.py:29} WARNING - The tutorial_taskflow_api_virtualenv example DAG requires virtualenv, please install it.
[2023-01-07T01:15:38.062+0100] {processor.py:755} WARNING - No viable dags retrieved from /home/chrisfleig/.local/lib/python3.10/site-packages/airflow/example_dags/tutorial_taskflow_api_virtualenv.py
[2023-01-07T01:15:38.069+0100] {processor.py:175} INFO - Processing /home/chrisfleig/.local/lib/python3.10/site-packages/airflow/example_dags/tutorial_taskflow_api_virtualenv.py took 0.185 seconds
[2023-01-07T01:16:39.107+0100] {processor.py:153} INFO - Started process (PID=11851) to work on /home/chrisfleig/.local/lib/python3.10/site-packages/airflow/example_dags/tutorial_taskflow_api_virtualenv.py
[2023-01-07T01:16:39.109+0100] {processor.py:743} INFO - Processing file /home/chrisfleig/.local/lib/python3.10/site-packages/airflow/example_dags/tutorial_taskflow_api_virtualenv.py for tasks to queue
[2023-01-07T01:16:39.110+0100] {logging_mixin.py:137} INFO - [2023-01-07T01:16:39.110+0100] {dagbag.py:538} INFO - Filling up the DagBag from /home/chrisfleig/.local/lib/python3.10/site-packages/airflow/example_dags/tutorial_taskflow_api_virtualenv.py
[2023-01-07T01:16:39.277+0100] {logging_mixin.py:137} INFO - [2023-01-07T01:16:39.277+0100] {tutorial_taskflow_api_virtualenv.py:29} WARNING - The tutorial_taskflow_api_virtualenv example DAG requires virtualenv, please install it.
[2023-01-07T01:16:39.278+0100] {processor.py:755} WARNING - No viable dags retrieved from /home/chrisfleig/.local/lib/python3.10/site-packages/airflow/example_dags/tutorial_taskflow_api_virtualenv.py
[2023-01-07T01:16:39.285+0100] {processor.py:175} INFO - Processing /home/chrisfleig/.local/lib/python3.10/site-packages/airflow/example_dags/tutorial_taskflow_api_virtualenv.py took 0.181 seconds
[2023-01-07T01:17:42.717+0100] {processor.py:153} INFO - Started process (PID=11909) to work on /home/chrisfleig/.local/lib/python3.10/site-packages/airflow/example_dags/tutorial_taskflow_api_virtualenv.py
[2023-01-07T01:17:42.719+0100] {processor.py:743} INFO - Processing file /home/chrisfleig/.local/lib/python3.10/site-packages/airflow/example_dags/tutorial_taskflow_api_virtualenv.py for tasks to queue
[2023-01-07T01:17:42.720+0100] {logging_mixin.py:137} INFO - [2023-01-07T01:17:42.720+0100] {dagbag.py:538} INFO - Filling up the DagBag from /home/chrisfleig/.local/lib/python3.10/site-packages/airflow/example_dags/tutorial_taskflow_api_virtualenv.py
[2023-01-07T01:17:42.890+0100] {logging_mixin.py:137} INFO - [2023-01-07T01:17:42.890+0100] {tutorial_taskflow_api_virtualenv.py:29} WARNING - The tutorial_taskflow_api_virtualenv example DAG requires virtualenv, please install it.
[2023-01-07T01:17:42.890+0100] {processor.py:755} WARNING - No viable dags retrieved from /home/chrisfleig/.local/lib/python3.10/site-packages/airflow/example_dags/tutorial_taskflow_api_virtualenv.py
[2023-01-07T01:17:42.897+0100] {processor.py:175} INFO - Processing /home/chrisfleig/.local/lib/python3.10/site-packages/airflow/example_dags/tutorial_taskflow_api_virtualenv.py took 0.185 seconds
[2023-01-07T01:18:51.219+0100] {processor.py:153} INFO - Started process (PID=11968) to work on /home/chrisfleig/.local/lib/python3.10/site-packages/airflow/example_dags/tutorial_taskflow_api_virtualenv.py
[2023-01-07T01:18:51.221+0100] {processor.py:743} INFO - Processing file /home/chrisfleig/.local/lib/python3.10/site-packages/airflow/example_dags/tutorial_taskflow_api_virtualenv.py for tasks to queue
[2023-01-07T01:18:51.221+0100] {logging_mixin.py:137} INFO - [2023-01-07T01:18:51.221+0100] {dagbag.py:538} INFO - Filling up the DagBag from /home/chrisfleig/.local/lib/python3.10/site-packages/airflow/example_dags/tutorial_taskflow_api_virtualenv.py
[2023-01-07T01:18:51.389+0100] {logging_mixin.py:137} INFO - [2023-01-07T01:18:51.389+0100] {tutorial_taskflow_api_virtualenv.py:29} WARNING - The tutorial_taskflow_api_virtualenv example DAG requires virtualenv, please install it.
[2023-01-07T01:18:51.389+0100] {processor.py:755} WARNING - No viable dags retrieved from /home/chrisfleig/.local/lib/python3.10/site-packages/airflow/example_dags/tutorial_taskflow_api_virtualenv.py
[2023-01-07T01:18:51.397+0100] {processor.py:175} INFO - Processing /home/chrisfleig/.local/lib/python3.10/site-packages/airflow/example_dags/tutorial_taskflow_api_virtualenv.py took 0.181 seconds
[2023-01-07T01:19:42.981+0100] {processor.py:153} INFO - Started process (PID=12009) to work on /home/chrisfleig/.local/lib/python3.10/site-packages/airflow/example_dags/tutorial_taskflow_api_virtualenv.py
[2023-01-07T01:19:42.982+0100] {processor.py:743} INFO - Processing file /home/chrisfleig/.local/lib/python3.10/site-packages/airflow/example_dags/tutorial_taskflow_api_virtualenv.py for tasks to queue
[2023-01-07T01:19:42.983+0100] {logging_mixin.py:137} INFO - [2023-01-07T01:19:42.983+0100] {dagbag.py:538} INFO - Filling up the DagBag from /home/chrisfleig/.local/lib/python3.10/site-packages/airflow/example_dags/tutorial_taskflow_api_virtualenv.py
[2023-01-07T01:19:43.157+0100] {logging_mixin.py:137} INFO - [2023-01-07T01:19:43.157+0100] {tutorial_taskflow_api_virtualenv.py:29} WARNING - The tutorial_taskflow_api_virtualenv example DAG requires virtualenv, please install it.
[2023-01-07T01:19:43.158+0100] {processor.py:755} WARNING - No viable dags retrieved from /home/chrisfleig/.local/lib/python3.10/site-packages/airflow/example_dags/tutorial_taskflow_api_virtualenv.py
[2023-01-07T01:19:43.165+0100] {processor.py:175} INFO - Processing /home/chrisfleig/.local/lib/python3.10/site-packages/airflow/example_dags/tutorial_taskflow_api_virtualenv.py took 0.186 seconds
[2023-01-07T01:20:32.450+0100] {processor.py:153} INFO - Started process (PID=12053) to work on /home/chrisfleig/.local/lib/python3.10/site-packages/airflow/example_dags/tutorial_taskflow_api_virtualenv.py
[2023-01-07T01:20:32.451+0100] {processor.py:743} INFO - Processing file /home/chrisfleig/.local/lib/python3.10/site-packages/airflow/example_dags/tutorial_taskflow_api_virtualenv.py for tasks to queue
[2023-01-07T01:20:32.452+0100] {logging_mixin.py:137} INFO - [2023-01-07T01:20:32.452+0100] {dagbag.py:538} INFO - Filling up the DagBag from /home/chrisfleig/.local/lib/python3.10/site-packages/airflow/example_dags/tutorial_taskflow_api_virtualenv.py
[2023-01-07T01:20:32.627+0100] {logging_mixin.py:137} INFO - [2023-01-07T01:20:32.627+0100] {tutorial_taskflow_api_virtualenv.py:29} WARNING - The tutorial_taskflow_api_virtualenv example DAG requires virtualenv, please install it.
[2023-01-07T01:20:32.627+0100] {processor.py:755} WARNING - No viable dags retrieved from /home/chrisfleig/.local/lib/python3.10/site-packages/airflow/example_dags/tutorial_taskflow_api_virtualenv.py
[2023-01-07T01:20:32.634+0100] {processor.py:175} INFO - Processing /home/chrisfleig/.local/lib/python3.10/site-packages/airflow/example_dags/tutorial_taskflow_api_virtualenv.py took 0.187 seconds
[2023-01-07T01:21:26.733+0100] {processor.py:153} INFO - Started process (PID=12108) to work on /home/chrisfleig/.local/lib/python3.10/site-packages/airflow/example_dags/tutorial_taskflow_api_virtualenv.py
[2023-01-07T01:21:26.735+0100] {processor.py:743} INFO - Processing file /home/chrisfleig/.local/lib/python3.10/site-packages/airflow/example_dags/tutorial_taskflow_api_virtualenv.py for tasks to queue
[2023-01-07T01:21:26.736+0100] {logging_mixin.py:137} INFO - [2023-01-07T01:21:26.736+0100] {dagbag.py:538} INFO - Filling up the DagBag from /home/chrisfleig/.local/lib/python3.10/site-packages/airflow/example_dags/tutorial_taskflow_api_virtualenv.py
[2023-01-07T01:21:26.950+0100] {logging_mixin.py:137} INFO - [2023-01-07T01:21:26.950+0100] {tutorial_taskflow_api_virtualenv.py:29} WARNING - The tutorial_taskflow_api_virtualenv example DAG requires virtualenv, please install it.
[2023-01-07T01:21:26.950+0100] {processor.py:755} WARNING - No viable dags retrieved from /home/chrisfleig/.local/lib/python3.10/site-packages/airflow/example_dags/tutorial_taskflow_api_virtualenv.py
[2023-01-07T01:21:26.957+0100] {processor.py:175} INFO - Processing /home/chrisfleig/.local/lib/python3.10/site-packages/airflow/example_dags/tutorial_taskflow_api_virtualenv.py took 0.227 seconds
[2023-01-07T01:22:28.519+0100] {processor.py:153} INFO - Started process (PID=12165) to work on /home/chrisfleig/.local/lib/python3.10/site-packages/airflow/example_dags/tutorial_taskflow_api_virtualenv.py
[2023-01-07T01:22:28.520+0100] {processor.py:743} INFO - Processing file /home/chrisfleig/.local/lib/python3.10/site-packages/airflow/example_dags/tutorial_taskflow_api_virtualenv.py for tasks to queue
[2023-01-07T01:22:28.521+0100] {logging_mixin.py:137} INFO - [2023-01-07T01:22:28.521+0100] {dagbag.py:538} INFO - Filling up the DagBag from /home/chrisfleig/.local/lib/python3.10/site-packages/airflow/example_dags/tutorial_taskflow_api_virtualenv.py
[2023-01-07T01:22:28.678+0100] {logging_mixin.py:137} INFO - [2023-01-07T01:22:28.678+0100] {tutorial_taskflow_api_virtualenv.py:29} WARNING - The tutorial_taskflow_api_virtualenv example DAG requires virtualenv, please install it.
[2023-01-07T01:22:28.679+0100] {processor.py:755} WARNING - No viable dags retrieved from /home/chrisfleig/.local/lib/python3.10/site-packages/airflow/example_dags/tutorial_taskflow_api_virtualenv.py
[2023-01-07T01:22:28.686+0100] {processor.py:175} INFO - Processing /home/chrisfleig/.local/lib/python3.10/site-packages/airflow/example_dags/tutorial_taskflow_api_virtualenv.py took 0.169 seconds
[2023-01-07T01:23:12.999+0100] {processor.py:153} INFO - Started process (PID=12206) to work on /home/chrisfleig/.local/lib/python3.10/site-packages/airflow/example_dags/tutorial_taskflow_api_virtualenv.py
[2023-01-07T01:23:13.001+0100] {processor.py:743} INFO - Processing file /home/chrisfleig/.local/lib/python3.10/site-packages/airflow/example_dags/tutorial_taskflow_api_virtualenv.py for tasks to queue
[2023-01-07T01:23:13.002+0100] {logging_mixin.py:137} INFO - [2023-01-07T01:23:13.002+0100] {dagbag.py:538} INFO - Filling up the DagBag from /home/chrisfleig/.local/lib/python3.10/site-packages/airflow/example_dags/tutorial_taskflow_api_virtualenv.py
[2023-01-07T01:23:13.362+0100] {logging_mixin.py:137} INFO - [2023-01-07T01:23:13.362+0100] {tutorial_taskflow_api_virtualenv.py:29} WARNING - The tutorial_taskflow_api_virtualenv example DAG requires virtualenv, please install it.
[2023-01-07T01:23:13.363+0100] {processor.py:755} WARNING - No viable dags retrieved from /home/chrisfleig/.local/lib/python3.10/site-packages/airflow/example_dags/tutorial_taskflow_api_virtualenv.py
[2023-01-07T01:23:13.376+0100] {processor.py:175} INFO - Processing /home/chrisfleig/.local/lib/python3.10/site-packages/airflow/example_dags/tutorial_taskflow_api_virtualenv.py took 0.381 seconds
[2023-01-07T01:24:16.481+0100] {processor.py:153} INFO - Started process (PID=12264) to work on /home/chrisfleig/.local/lib/python3.10/site-packages/airflow/example_dags/tutorial_taskflow_api_virtualenv.py
[2023-01-07T01:24:16.482+0100] {processor.py:743} INFO - Processing file /home/chrisfleig/.local/lib/python3.10/site-packages/airflow/example_dags/tutorial_taskflow_api_virtualenv.py for tasks to queue
[2023-01-07T01:24:16.483+0100] {logging_mixin.py:137} INFO - [2023-01-07T01:24:16.483+0100] {dagbag.py:538} INFO - Filling up the DagBag from /home/chrisfleig/.local/lib/python3.10/site-packages/airflow/example_dags/tutorial_taskflow_api_virtualenv.py
[2023-01-07T01:24:16.642+0100] {logging_mixin.py:137} INFO - [2023-01-07T01:24:16.642+0100] {tutorial_taskflow_api_virtualenv.py:29} WARNING - The tutorial_taskflow_api_virtualenv example DAG requires virtualenv, please install it.
[2023-01-07T01:24:16.642+0100] {processor.py:755} WARNING - No viable dags retrieved from /home/chrisfleig/.local/lib/python3.10/site-packages/airflow/example_dags/tutorial_taskflow_api_virtualenv.py
[2023-01-07T01:24:16.650+0100] {processor.py:175} INFO - Processing /home/chrisfleig/.local/lib/python3.10/site-packages/airflow/example_dags/tutorial_taskflow_api_virtualenv.py took 0.174 seconds
[2023-01-07T01:25:03.892+0100] {processor.py:153} INFO - Started process (PID=12306) to work on /home/chrisfleig/.local/lib/python3.10/site-packages/airflow/example_dags/tutorial_taskflow_api_virtualenv.py
[2023-01-07T01:25:03.894+0100] {processor.py:743} INFO - Processing file /home/chrisfleig/.local/lib/python3.10/site-packages/airflow/example_dags/tutorial_taskflow_api_virtualenv.py for tasks to queue
[2023-01-07T01:25:03.895+0100] {logging_mixin.py:137} INFO - [2023-01-07T01:25:03.895+0100] {dagbag.py:538} INFO - Filling up the DagBag from /home/chrisfleig/.local/lib/python3.10/site-packages/airflow/example_dags/tutorial_taskflow_api_virtualenv.py
[2023-01-07T01:25:04.066+0100] {logging_mixin.py:137} INFO - [2023-01-07T01:25:04.066+0100] {tutorial_taskflow_api_virtualenv.py:29} WARNING - The tutorial_taskflow_api_virtualenv example DAG requires virtualenv, please install it.
[2023-01-07T01:25:04.066+0100] {processor.py:755} WARNING - No viable dags retrieved from /home/chrisfleig/.local/lib/python3.10/site-packages/airflow/example_dags/tutorial_taskflow_api_virtualenv.py
[2023-01-07T01:25:04.073+0100] {processor.py:175} INFO - Processing /home/chrisfleig/.local/lib/python3.10/site-packages/airflow/example_dags/tutorial_taskflow_api_virtualenv.py took 0.183 seconds
[2023-01-07T01:26:08.479+0100] {processor.py:153} INFO - Started process (PID=12366) to work on /home/chrisfleig/.local/lib/python3.10/site-packages/airflow/example_dags/tutorial_taskflow_api_virtualenv.py
[2023-01-07T01:26:08.481+0100] {processor.py:743} INFO - Processing file /home/chrisfleig/.local/lib/python3.10/site-packages/airflow/example_dags/tutorial_taskflow_api_virtualenv.py for tasks to queue
[2023-01-07T01:26:08.484+0100] {logging_mixin.py:137} INFO - [2023-01-07T01:26:08.484+0100] {dagbag.py:538} INFO - Filling up the DagBag from /home/chrisfleig/.local/lib/python3.10/site-packages/airflow/example_dags/tutorial_taskflow_api_virtualenv.py
[2023-01-07T01:26:08.721+0100] {logging_mixin.py:137} INFO - [2023-01-07T01:26:08.721+0100] {tutorial_taskflow_api_virtualenv.py:29} WARNING - The tutorial_taskflow_api_virtualenv example DAG requires virtualenv, please install it.
[2023-01-07T01:26:08.722+0100] {processor.py:755} WARNING - No viable dags retrieved from /home/chrisfleig/.local/lib/python3.10/site-packages/airflow/example_dags/tutorial_taskflow_api_virtualenv.py
[2023-01-07T01:26:08.730+0100] {processor.py:175} INFO - Processing /home/chrisfleig/.local/lib/python3.10/site-packages/airflow/example_dags/tutorial_taskflow_api_virtualenv.py took 0.254 seconds
[2023-01-07T01:27:12.469+0100] {processor.py:153} INFO - Started process (PID=12424) to work on /home/chrisfleig/.local/lib/python3.10/site-packages/airflow/example_dags/tutorial_taskflow_api_virtualenv.py
[2023-01-07T01:27:12.471+0100] {processor.py:743} INFO - Processing file /home/chrisfleig/.local/lib/python3.10/site-packages/airflow/example_dags/tutorial_taskflow_api_virtualenv.py for tasks to queue
[2023-01-07T01:27:12.471+0100] {logging_mixin.py:137} INFO - [2023-01-07T01:27:12.471+0100] {dagbag.py:538} INFO - Filling up the DagBag from /home/chrisfleig/.local/lib/python3.10/site-packages/airflow/example_dags/tutorial_taskflow_api_virtualenv.py
[2023-01-07T01:27:12.643+0100] {logging_mixin.py:137} INFO - [2023-01-07T01:27:12.643+0100] {tutorial_taskflow_api_virtualenv.py:29} WARNING - The tutorial_taskflow_api_virtualenv example DAG requires virtualenv, please install it.
[2023-01-07T01:27:12.643+0100] {processor.py:755} WARNING - No viable dags retrieved from /home/chrisfleig/.local/lib/python3.10/site-packages/airflow/example_dags/tutorial_taskflow_api_virtualenv.py
[2023-01-07T01:27:12.650+0100] {processor.py:175} INFO - Processing /home/chrisfleig/.local/lib/python3.10/site-packages/airflow/example_dags/tutorial_taskflow_api_virtualenv.py took 0.187 seconds
[2023-01-07T01:28:15.025+0100] {processor.py:153} INFO - Started process (PID=12485) to work on /home/chrisfleig/.local/lib/python3.10/site-packages/airflow/example_dags/tutorial_taskflow_api_virtualenv.py
[2023-01-07T01:28:15.026+0100] {processor.py:743} INFO - Processing file /home/chrisfleig/.local/lib/python3.10/site-packages/airflow/example_dags/tutorial_taskflow_api_virtualenv.py for tasks to queue
[2023-01-07T01:28:15.027+0100] {logging_mixin.py:137} INFO - [2023-01-07T01:28:15.027+0100] {dagbag.py:538} INFO - Filling up the DagBag from /home/chrisfleig/.local/lib/python3.10/site-packages/airflow/example_dags/tutorial_taskflow_api_virtualenv.py
[2023-01-07T01:28:15.185+0100] {logging_mixin.py:137} INFO - [2023-01-07T01:28:15.185+0100] {tutorial_taskflow_api_virtualenv.py:29} WARNING - The tutorial_taskflow_api_virtualenv example DAG requires virtualenv, please install it.
[2023-01-07T01:28:15.185+0100] {processor.py:755} WARNING - No viable dags retrieved from /home/chrisfleig/.local/lib/python3.10/site-packages/airflow/example_dags/tutorial_taskflow_api_virtualenv.py
[2023-01-07T01:28:15.193+0100] {processor.py:175} INFO - Processing /home/chrisfleig/.local/lib/python3.10/site-packages/airflow/example_dags/tutorial_taskflow_api_virtualenv.py took 0.170 seconds
[2023-01-07T01:29:19.499+0100] {processor.py:153} INFO - Started process (PID=12617) to work on /home/chrisfleig/.local/lib/python3.10/site-packages/airflow/example_dags/tutorial_taskflow_api_virtualenv.py
[2023-01-07T01:29:19.501+0100] {processor.py:743} INFO - Processing file /home/chrisfleig/.local/lib/python3.10/site-packages/airflow/example_dags/tutorial_taskflow_api_virtualenv.py for tasks to queue
[2023-01-07T01:29:19.502+0100] {logging_mixin.py:137} INFO - [2023-01-07T01:29:19.502+0100] {dagbag.py:538} INFO - Filling up the DagBag from /home/chrisfleig/.local/lib/python3.10/site-packages/airflow/example_dags/tutorial_taskflow_api_virtualenv.py
[2023-01-07T01:29:19.658+0100] {logging_mixin.py:137} INFO - [2023-01-07T01:29:19.658+0100] {tutorial_taskflow_api_virtualenv.py:29} WARNING - The tutorial_taskflow_api_virtualenv example DAG requires virtualenv, please install it.
[2023-01-07T01:29:19.659+0100] {processor.py:755} WARNING - No viable dags retrieved from /home/chrisfleig/.local/lib/python3.10/site-packages/airflow/example_dags/tutorial_taskflow_api_virtualenv.py
[2023-01-07T01:29:19.669+0100] {processor.py:175} INFO - Processing /home/chrisfleig/.local/lib/python3.10/site-packages/airflow/example_dags/tutorial_taskflow_api_virtualenv.py took 0.179 seconds
[2023-01-07T01:30:22.456+0100] {processor.py:153} INFO - Started process (PID=12720) to work on /home/chrisfleig/.local/lib/python3.10/site-packages/airflow/example_dags/tutorial_taskflow_api_virtualenv.py
[2023-01-07T01:30:22.458+0100] {processor.py:743} INFO - Processing file /home/chrisfleig/.local/lib/python3.10/site-packages/airflow/example_dags/tutorial_taskflow_api_virtualenv.py for tasks to queue
[2023-01-07T01:30:22.459+0100] {logging_mixin.py:137} INFO - [2023-01-07T01:30:22.458+0100] {dagbag.py:538} INFO - Filling up the DagBag from /home/chrisfleig/.local/lib/python3.10/site-packages/airflow/example_dags/tutorial_taskflow_api_virtualenv.py
[2023-01-07T01:30:22.619+0100] {logging_mixin.py:137} INFO - [2023-01-07T01:30:22.619+0100] {tutorial_taskflow_api_virtualenv.py:29} WARNING - The tutorial_taskflow_api_virtualenv example DAG requires virtualenv, please install it.
[2023-01-07T01:30:22.619+0100] {processor.py:755} WARNING - No viable dags retrieved from /home/chrisfleig/.local/lib/python3.10/site-packages/airflow/example_dags/tutorial_taskflow_api_virtualenv.py
[2023-01-07T01:30:22.626+0100] {processor.py:175} INFO - Processing /home/chrisfleig/.local/lib/python3.10/site-packages/airflow/example_dags/tutorial_taskflow_api_virtualenv.py took 0.174 seconds
[2023-01-07T01:31:18.031+0100] {processor.py:153} INFO - Started process (PID=12772) to work on /home/chrisfleig/.local/lib/python3.10/site-packages/airflow/example_dags/tutorial_taskflow_api_virtualenv.py
[2023-01-07T01:31:18.033+0100] {processor.py:743} INFO - Processing file /home/chrisfleig/.local/lib/python3.10/site-packages/airflow/example_dags/tutorial_taskflow_api_virtualenv.py for tasks to queue
[2023-01-07T01:31:18.034+0100] {logging_mixin.py:137} INFO - [2023-01-07T01:31:18.033+0100] {dagbag.py:538} INFO - Filling up the DagBag from /home/chrisfleig/.local/lib/python3.10/site-packages/airflow/example_dags/tutorial_taskflow_api_virtualenv.py
[2023-01-07T01:31:18.209+0100] {logging_mixin.py:137} INFO - [2023-01-07T01:31:18.209+0100] {tutorial_taskflow_api_virtualenv.py:29} WARNING - The tutorial_taskflow_api_virtualenv example DAG requires virtualenv, please install it.
[2023-01-07T01:31:18.209+0100] {processor.py:755} WARNING - No viable dags retrieved from /home/chrisfleig/.local/lib/python3.10/site-packages/airflow/example_dags/tutorial_taskflow_api_virtualenv.py
[2023-01-07T01:31:18.216+0100] {processor.py:175} INFO - Processing /home/chrisfleig/.local/lib/python3.10/site-packages/airflow/example_dags/tutorial_taskflow_api_virtualenv.py took 0.191 seconds
[2023-01-07T01:32:17.442+0100] {processor.py:153} INFO - Started process (PID=12829) to work on /home/chrisfleig/.local/lib/python3.10/site-packages/airflow/example_dags/tutorial_taskflow_api_virtualenv.py
[2023-01-07T01:32:17.443+0100] {processor.py:743} INFO - Processing file /home/chrisfleig/.local/lib/python3.10/site-packages/airflow/example_dags/tutorial_taskflow_api_virtualenv.py for tasks to queue
[2023-01-07T01:32:17.444+0100] {logging_mixin.py:137} INFO - [2023-01-07T01:32:17.444+0100] {dagbag.py:538} INFO - Filling up the DagBag from /home/chrisfleig/.local/lib/python3.10/site-packages/airflow/example_dags/tutorial_taskflow_api_virtualenv.py
[2023-01-07T01:32:17.612+0100] {logging_mixin.py:137} INFO - [2023-01-07T01:32:17.612+0100] {tutorial_taskflow_api_virtualenv.py:29} WARNING - The tutorial_taskflow_api_virtualenv example DAG requires virtualenv, please install it.
[2023-01-07T01:32:17.612+0100] {processor.py:755} WARNING - No viable dags retrieved from /home/chrisfleig/.local/lib/python3.10/site-packages/airflow/example_dags/tutorial_taskflow_api_virtualenv.py
[2023-01-07T01:32:17.619+0100] {processor.py:175} INFO - Processing /home/chrisfleig/.local/lib/python3.10/site-packages/airflow/example_dags/tutorial_taskflow_api_virtualenv.py took 0.182 seconds
[2023-01-07T01:33:21.789+0100] {processor.py:153} INFO - Started process (PID=12885) to work on /home/chrisfleig/.local/lib/python3.10/site-packages/airflow/example_dags/tutorial_taskflow_api_virtualenv.py
[2023-01-07T01:33:21.790+0100] {processor.py:743} INFO - Processing file /home/chrisfleig/.local/lib/python3.10/site-packages/airflow/example_dags/tutorial_taskflow_api_virtualenv.py for tasks to queue
[2023-01-07T01:33:21.791+0100] {logging_mixin.py:137} INFO - [2023-01-07T01:33:21.791+0100] {dagbag.py:538} INFO - Filling up the DagBag from /home/chrisfleig/.local/lib/python3.10/site-packages/airflow/example_dags/tutorial_taskflow_api_virtualenv.py
[2023-01-07T01:33:21.943+0100] {logging_mixin.py:137} INFO - [2023-01-07T01:33:21.943+0100] {tutorial_taskflow_api_virtualenv.py:29} WARNING - The tutorial_taskflow_api_virtualenv example DAG requires virtualenv, please install it.
[2023-01-07T01:33:21.944+0100] {processor.py:755} WARNING - No viable dags retrieved from /home/chrisfleig/.local/lib/python3.10/site-packages/airflow/example_dags/tutorial_taskflow_api_virtualenv.py
[2023-01-07T01:33:21.951+0100] {processor.py:175} INFO - Processing /home/chrisfleig/.local/lib/python3.10/site-packages/airflow/example_dags/tutorial_taskflow_api_virtualenv.py took 0.166 seconds
[2023-01-07T01:34:10.931+0100] {processor.py:153} INFO - Started process (PID=12925) to work on /home/chrisfleig/.local/lib/python3.10/site-packages/airflow/example_dags/tutorial_taskflow_api_virtualenv.py
[2023-01-07T01:34:10.932+0100] {processor.py:743} INFO - Processing file /home/chrisfleig/.local/lib/python3.10/site-packages/airflow/example_dags/tutorial_taskflow_api_virtualenv.py for tasks to queue
[2023-01-07T01:34:10.933+0100] {logging_mixin.py:137} INFO - [2023-01-07T01:34:10.933+0100] {dagbag.py:538} INFO - Filling up the DagBag from /home/chrisfleig/.local/lib/python3.10/site-packages/airflow/example_dags/tutorial_taskflow_api_virtualenv.py
[2023-01-07T01:34:11.276+0100] {logging_mixin.py:137} INFO - [2023-01-07T01:34:11.276+0100] {tutorial_taskflow_api_virtualenv.py:29} WARNING - The tutorial_taskflow_api_virtualenv example DAG requires virtualenv, please install it.
[2023-01-07T01:34:11.277+0100] {processor.py:755} WARNING - No viable dags retrieved from /home/chrisfleig/.local/lib/python3.10/site-packages/airflow/example_dags/tutorial_taskflow_api_virtualenv.py
[2023-01-07T01:34:11.290+0100] {processor.py:175} INFO - Processing /home/chrisfleig/.local/lib/python3.10/site-packages/airflow/example_dags/tutorial_taskflow_api_virtualenv.py took 0.364 seconds
[2023-01-07T01:35:13.060+0100] {processor.py:153} INFO - Started process (PID=12977) to work on /home/chrisfleig/.local/lib/python3.10/site-packages/airflow/example_dags/tutorial_taskflow_api_virtualenv.py
[2023-01-07T01:35:13.062+0100] {processor.py:743} INFO - Processing file /home/chrisfleig/.local/lib/python3.10/site-packages/airflow/example_dags/tutorial_taskflow_api_virtualenv.py for tasks to queue
[2023-01-07T01:35:13.062+0100] {logging_mixin.py:137} INFO - [2023-01-07T01:35:13.062+0100] {dagbag.py:538} INFO - Filling up the DagBag from /home/chrisfleig/.local/lib/python3.10/site-packages/airflow/example_dags/tutorial_taskflow_api_virtualenv.py
[2023-01-07T01:35:13.264+0100] {logging_mixin.py:137} INFO - [2023-01-07T01:35:13.264+0100] {tutorial_taskflow_api_virtualenv.py:29} WARNING - The tutorial_taskflow_api_virtualenv example DAG requires virtualenv, please install it.
[2023-01-07T01:35:13.265+0100] {processor.py:755} WARNING - No viable dags retrieved from /home/chrisfleig/.local/lib/python3.10/site-packages/airflow/example_dags/tutorial_taskflow_api_virtualenv.py
[2023-01-07T01:35:13.281+0100] {processor.py:175} INFO - Processing /home/chrisfleig/.local/lib/python3.10/site-packages/airflow/example_dags/tutorial_taskflow_api_virtualenv.py took 0.223 seconds
[2023-01-07T01:36:17.672+0100] {processor.py:153} INFO - Started process (PID=13034) to work on /home/chrisfleig/.local/lib/python3.10/site-packages/airflow/example_dags/tutorial_taskflow_api_virtualenv.py
[2023-01-07T01:36:17.673+0100] {processor.py:743} INFO - Processing file /home/chrisfleig/.local/lib/python3.10/site-packages/airflow/example_dags/tutorial_taskflow_api_virtualenv.py for tasks to queue
[2023-01-07T01:36:17.674+0100] {logging_mixin.py:137} INFO - [2023-01-07T01:36:17.674+0100] {dagbag.py:538} INFO - Filling up the DagBag from /home/chrisfleig/.local/lib/python3.10/site-packages/airflow/example_dags/tutorial_taskflow_api_virtualenv.py
[2023-01-07T01:36:17.839+0100] {logging_mixin.py:137} INFO - [2023-01-07T01:36:17.838+0100] {tutorial_taskflow_api_virtualenv.py:29} WARNING - The tutorial_taskflow_api_virtualenv example DAG requires virtualenv, please install it.
[2023-01-07T01:36:17.839+0100] {processor.py:755} WARNING - No viable dags retrieved from /home/chrisfleig/.local/lib/python3.10/site-packages/airflow/example_dags/tutorial_taskflow_api_virtualenv.py
[2023-01-07T01:36:17.847+0100] {processor.py:175} INFO - Processing /home/chrisfleig/.local/lib/python3.10/site-packages/airflow/example_dags/tutorial_taskflow_api_virtualenv.py took 0.178 seconds
[2023-01-07T01:37:13.582+0100] {processor.py:153} INFO - Started process (PID=13090) to work on /home/chrisfleig/.local/lib/python3.10/site-packages/airflow/example_dags/tutorial_taskflow_api_virtualenv.py
[2023-01-07T01:37:13.583+0100] {processor.py:743} INFO - Processing file /home/chrisfleig/.local/lib/python3.10/site-packages/airflow/example_dags/tutorial_taskflow_api_virtualenv.py for tasks to queue
[2023-01-07T01:37:13.584+0100] {logging_mixin.py:137} INFO - [2023-01-07T01:37:13.584+0100] {dagbag.py:538} INFO - Filling up the DagBag from /home/chrisfleig/.local/lib/python3.10/site-packages/airflow/example_dags/tutorial_taskflow_api_virtualenv.py
[2023-01-07T01:37:13.756+0100] {logging_mixin.py:137} INFO - [2023-01-07T01:37:13.756+0100] {tutorial_taskflow_api_virtualenv.py:29} WARNING - The tutorial_taskflow_api_virtualenv example DAG requires virtualenv, please install it.
[2023-01-07T01:37:13.756+0100] {processor.py:755} WARNING - No viable dags retrieved from /home/chrisfleig/.local/lib/python3.10/site-packages/airflow/example_dags/tutorial_taskflow_api_virtualenv.py
[2023-01-07T01:37:13.763+0100] {processor.py:175} INFO - Processing /home/chrisfleig/.local/lib/python3.10/site-packages/airflow/example_dags/tutorial_taskflow_api_virtualenv.py took 0.186 seconds
[2023-01-07T01:38:13.753+0100] {processor.py:153} INFO - Started process (PID=13144) to work on /home/chrisfleig/.local/lib/python3.10/site-packages/airflow/example_dags/tutorial_taskflow_api_virtualenv.py
[2023-01-07T01:38:13.754+0100] {processor.py:743} INFO - Processing file /home/chrisfleig/.local/lib/python3.10/site-packages/airflow/example_dags/tutorial_taskflow_api_virtualenv.py for tasks to queue
[2023-01-07T01:38:13.756+0100] {logging_mixin.py:137} INFO - [2023-01-07T01:38:13.755+0100] {dagbag.py:538} INFO - Filling up the DagBag from /home/chrisfleig/.local/lib/python3.10/site-packages/airflow/example_dags/tutorial_taskflow_api_virtualenv.py
[2023-01-07T01:38:13.939+0100] {logging_mixin.py:137} INFO - [2023-01-07T01:38:13.939+0100] {tutorial_taskflow_api_virtualenv.py:29} WARNING - The tutorial_taskflow_api_virtualenv example DAG requires virtualenv, please install it.
[2023-01-07T01:38:13.939+0100] {processor.py:755} WARNING - No viable dags retrieved from /home/chrisfleig/.local/lib/python3.10/site-packages/airflow/example_dags/tutorial_taskflow_api_virtualenv.py
[2023-01-07T01:38:13.947+0100] {processor.py:175} INFO - Processing /home/chrisfleig/.local/lib/python3.10/site-packages/airflow/example_dags/tutorial_taskflow_api_virtualenv.py took 0.201 seconds
[2023-01-07T01:39:01.858+0100] {processor.py:153} INFO - Started process (PID=13188) to work on /home/chrisfleig/.local/lib/python3.10/site-packages/airflow/example_dags/tutorial_taskflow_api_virtualenv.py
[2023-01-07T01:39:01.859+0100] {processor.py:743} INFO - Processing file /home/chrisfleig/.local/lib/python3.10/site-packages/airflow/example_dags/tutorial_taskflow_api_virtualenv.py for tasks to queue
[2023-01-07T01:39:01.860+0100] {logging_mixin.py:137} INFO - [2023-01-07T01:39:01.860+0100] {dagbag.py:538} INFO - Filling up the DagBag from /home/chrisfleig/.local/lib/python3.10/site-packages/airflow/example_dags/tutorial_taskflow_api_virtualenv.py
[2023-01-07T01:39:02.030+0100] {logging_mixin.py:137} INFO - [2023-01-07T01:39:02.030+0100] {tutorial_taskflow_api_virtualenv.py:29} WARNING - The tutorial_taskflow_api_virtualenv example DAG requires virtualenv, please install it.
[2023-01-07T01:39:02.030+0100] {processor.py:755} WARNING - No viable dags retrieved from /home/chrisfleig/.local/lib/python3.10/site-packages/airflow/example_dags/tutorial_taskflow_api_virtualenv.py
[2023-01-07T01:39:02.037+0100] {processor.py:175} INFO - Processing /home/chrisfleig/.local/lib/python3.10/site-packages/airflow/example_dags/tutorial_taskflow_api_virtualenv.py took 0.183 seconds
[2023-01-07T01:40:11.950+0100] {processor.py:153} INFO - Started process (PID=13248) to work on /home/chrisfleig/.local/lib/python3.10/site-packages/airflow/example_dags/tutorial_taskflow_api_virtualenv.py
[2023-01-07T01:40:11.952+0100] {processor.py:743} INFO - Processing file /home/chrisfleig/.local/lib/python3.10/site-packages/airflow/example_dags/tutorial_taskflow_api_virtualenv.py for tasks to queue
[2023-01-07T01:40:11.953+0100] {logging_mixin.py:137} INFO - [2023-01-07T01:40:11.953+0100] {dagbag.py:538} INFO - Filling up the DagBag from /home/chrisfleig/.local/lib/python3.10/site-packages/airflow/example_dags/tutorial_taskflow_api_virtualenv.py
[2023-01-07T01:40:12.119+0100] {logging_mixin.py:137} INFO - [2023-01-07T01:40:12.119+0100] {tutorial_taskflow_api_virtualenv.py:29} WARNING - The tutorial_taskflow_api_virtualenv example DAG requires virtualenv, please install it.
[2023-01-07T01:40:12.119+0100] {processor.py:755} WARNING - No viable dags retrieved from /home/chrisfleig/.local/lib/python3.10/site-packages/airflow/example_dags/tutorial_taskflow_api_virtualenv.py
[2023-01-07T01:40:12.126+0100] {processor.py:175} INFO - Processing /home/chrisfleig/.local/lib/python3.10/site-packages/airflow/example_dags/tutorial_taskflow_api_virtualenv.py took 0.183 seconds
[2023-01-07T01:40:58.832+0100] {processor.py:153} INFO - Started process (PID=13291) to work on /home/chrisfleig/.local/lib/python3.10/site-packages/airflow/example_dags/tutorial_taskflow_api_virtualenv.py
[2023-01-07T01:40:58.833+0100] {processor.py:743} INFO - Processing file /home/chrisfleig/.local/lib/python3.10/site-packages/airflow/example_dags/tutorial_taskflow_api_virtualenv.py for tasks to queue
[2023-01-07T01:40:58.834+0100] {logging_mixin.py:137} INFO - [2023-01-07T01:40:58.834+0100] {dagbag.py:538} INFO - Filling up the DagBag from /home/chrisfleig/.local/lib/python3.10/site-packages/airflow/example_dags/tutorial_taskflow_api_virtualenv.py
[2023-01-07T01:40:59.007+0100] {logging_mixin.py:137} INFO - [2023-01-07T01:40:59.007+0100] {tutorial_taskflow_api_virtualenv.py:29} WARNING - The tutorial_taskflow_api_virtualenv example DAG requires virtualenv, please install it.
[2023-01-07T01:40:59.007+0100] {processor.py:755} WARNING - No viable dags retrieved from /home/chrisfleig/.local/lib/python3.10/site-packages/airflow/example_dags/tutorial_taskflow_api_virtualenv.py
[2023-01-07T01:40:59.014+0100] {processor.py:175} INFO - Processing /home/chrisfleig/.local/lib/python3.10/site-packages/airflow/example_dags/tutorial_taskflow_api_virtualenv.py took 0.186 seconds
[2023-01-07T01:42:09.253+0100] {processor.py:153} INFO - Started process (PID=13351) to work on /home/chrisfleig/.local/lib/python3.10/site-packages/airflow/example_dags/tutorial_taskflow_api_virtualenv.py
[2023-01-07T01:42:09.255+0100] {processor.py:743} INFO - Processing file /home/chrisfleig/.local/lib/python3.10/site-packages/airflow/example_dags/tutorial_taskflow_api_virtualenv.py for tasks to queue
[2023-01-07T01:42:09.255+0100] {logging_mixin.py:137} INFO - [2023-01-07T01:42:09.255+0100] {dagbag.py:538} INFO - Filling up the DagBag from /home/chrisfleig/.local/lib/python3.10/site-packages/airflow/example_dags/tutorial_taskflow_api_virtualenv.py
[2023-01-07T01:42:09.527+0100] {logging_mixin.py:137} INFO - [2023-01-07T01:42:09.527+0100] {tutorial_taskflow_api_virtualenv.py:29} WARNING - The tutorial_taskflow_api_virtualenv example DAG requires virtualenv, please install it.
[2023-01-07T01:42:09.528+0100] {processor.py:755} WARNING - No viable dags retrieved from /home/chrisfleig/.local/lib/python3.10/site-packages/airflow/example_dags/tutorial_taskflow_api_virtualenv.py
[2023-01-07T01:42:09.556+0100] {processor.py:175} INFO - Processing /home/chrisfleig/.local/lib/python3.10/site-packages/airflow/example_dags/tutorial_taskflow_api_virtualenv.py took 0.306 seconds
[2023-01-07T01:43:07.707+0100] {processor.py:153} INFO - Started process (PID=13399) to work on /home/chrisfleig/.local/lib/python3.10/site-packages/airflow/example_dags/tutorial_taskflow_api_virtualenv.py
[2023-01-07T01:43:07.708+0100] {processor.py:743} INFO - Processing file /home/chrisfleig/.local/lib/python3.10/site-packages/airflow/example_dags/tutorial_taskflow_api_virtualenv.py for tasks to queue
[2023-01-07T01:43:07.709+0100] {logging_mixin.py:137} INFO - [2023-01-07T01:43:07.709+0100] {dagbag.py:538} INFO - Filling up the DagBag from /home/chrisfleig/.local/lib/python3.10/site-packages/airflow/example_dags/tutorial_taskflow_api_virtualenv.py
[2023-01-07T01:43:07.869+0100] {logging_mixin.py:137} INFO - [2023-01-07T01:43:07.869+0100] {tutorial_taskflow_api_virtualenv.py:29} WARNING - The tutorial_taskflow_api_virtualenv example DAG requires virtualenv, please install it.
[2023-01-07T01:43:07.869+0100] {processor.py:755} WARNING - No viable dags retrieved from /home/chrisfleig/.local/lib/python3.10/site-packages/airflow/example_dags/tutorial_taskflow_api_virtualenv.py
[2023-01-07T01:43:07.877+0100] {processor.py:175} INFO - Processing /home/chrisfleig/.local/lib/python3.10/site-packages/airflow/example_dags/tutorial_taskflow_api_virtualenv.py took 0.174 seconds
[2023-01-07T01:43:56.412+0100] {processor.py:153} INFO - Started process (PID=13441) to work on /home/chrisfleig/.local/lib/python3.10/site-packages/airflow/example_dags/tutorial_taskflow_api_virtualenv.py
[2023-01-07T01:43:56.414+0100] {processor.py:743} INFO - Processing file /home/chrisfleig/.local/lib/python3.10/site-packages/airflow/example_dags/tutorial_taskflow_api_virtualenv.py for tasks to queue
[2023-01-07T01:43:56.414+0100] {logging_mixin.py:137} INFO - [2023-01-07T01:43:56.414+0100] {dagbag.py:538} INFO - Filling up the DagBag from /home/chrisfleig/.local/lib/python3.10/site-packages/airflow/example_dags/tutorial_taskflow_api_virtualenv.py
[2023-01-07T01:43:56.584+0100] {logging_mixin.py:137} INFO - [2023-01-07T01:43:56.583+0100] {tutorial_taskflow_api_virtualenv.py:29} WARNING - The tutorial_taskflow_api_virtualenv example DAG requires virtualenv, please install it.
[2023-01-07T01:43:56.584+0100] {processor.py:755} WARNING - No viable dags retrieved from /home/chrisfleig/.local/lib/python3.10/site-packages/airflow/example_dags/tutorial_taskflow_api_virtualenv.py
[2023-01-07T01:43:56.591+0100] {processor.py:175} INFO - Processing /home/chrisfleig/.local/lib/python3.10/site-packages/airflow/example_dags/tutorial_taskflow_api_virtualenv.py took 0.182 seconds
[2023-01-07T01:45:00.912+0100] {processor.py:153} INFO - Started process (PID=13501) to work on /home/chrisfleig/.local/lib/python3.10/site-packages/airflow/example_dags/tutorial_taskflow_api_virtualenv.py
[2023-01-07T01:45:00.913+0100] {processor.py:743} INFO - Processing file /home/chrisfleig/.local/lib/python3.10/site-packages/airflow/example_dags/tutorial_taskflow_api_virtualenv.py for tasks to queue
[2023-01-07T01:45:00.914+0100] {logging_mixin.py:137} INFO - [2023-01-07T01:45:00.914+0100] {dagbag.py:538} INFO - Filling up the DagBag from /home/chrisfleig/.local/lib/python3.10/site-packages/airflow/example_dags/tutorial_taskflow_api_virtualenv.py
[2023-01-07T01:45:01.091+0100] {logging_mixin.py:137} INFO - [2023-01-07T01:45:01.090+0100] {tutorial_taskflow_api_virtualenv.py:29} WARNING - The tutorial_taskflow_api_virtualenv example DAG requires virtualenv, please install it.
[2023-01-07T01:45:01.091+0100] {processor.py:755} WARNING - No viable dags retrieved from /home/chrisfleig/.local/lib/python3.10/site-packages/airflow/example_dags/tutorial_taskflow_api_virtualenv.py
[2023-01-07T01:45:01.098+0100] {processor.py:175} INFO - Processing /home/chrisfleig/.local/lib/python3.10/site-packages/airflow/example_dags/tutorial_taskflow_api_virtualenv.py took 0.189 seconds
[2023-01-07T01:46:08.960+0100] {processor.py:153} INFO - Started process (PID=13558) to work on /home/chrisfleig/.local/lib/python3.10/site-packages/airflow/example_dags/tutorial_taskflow_api_virtualenv.py
[2023-01-07T01:46:08.962+0100] {processor.py:743} INFO - Processing file /home/chrisfleig/.local/lib/python3.10/site-packages/airflow/example_dags/tutorial_taskflow_api_virtualenv.py for tasks to queue
[2023-01-07T01:46:08.963+0100] {logging_mixin.py:137} INFO - [2023-01-07T01:46:08.963+0100] {dagbag.py:538} INFO - Filling up the DagBag from /home/chrisfleig/.local/lib/python3.10/site-packages/airflow/example_dags/tutorial_taskflow_api_virtualenv.py
[2023-01-07T01:46:09.141+0100] {logging_mixin.py:137} INFO - [2023-01-07T01:46:09.141+0100] {tutorial_taskflow_api_virtualenv.py:29} WARNING - The tutorial_taskflow_api_virtualenv example DAG requires virtualenv, please install it.
[2023-01-07T01:46:09.141+0100] {processor.py:755} WARNING - No viable dags retrieved from /home/chrisfleig/.local/lib/python3.10/site-packages/airflow/example_dags/tutorial_taskflow_api_virtualenv.py
[2023-01-07T01:46:09.150+0100] {processor.py:175} INFO - Processing /home/chrisfleig/.local/lib/python3.10/site-packages/airflow/example_dags/tutorial_taskflow_api_virtualenv.py took 0.194 seconds
[2023-01-07T01:47:09.775+0100] {processor.py:153} INFO - Started process (PID=13616) to work on /home/chrisfleig/.local/lib/python3.10/site-packages/airflow/example_dags/tutorial_taskflow_api_virtualenv.py
[2023-01-07T01:47:09.776+0100] {processor.py:743} INFO - Processing file /home/chrisfleig/.local/lib/python3.10/site-packages/airflow/example_dags/tutorial_taskflow_api_virtualenv.py for tasks to queue
[2023-01-07T01:47:09.777+0100] {logging_mixin.py:137} INFO - [2023-01-07T01:47:09.777+0100] {dagbag.py:538} INFO - Filling up the DagBag from /home/chrisfleig/.local/lib/python3.10/site-packages/airflow/example_dags/tutorial_taskflow_api_virtualenv.py
[2023-01-07T01:47:09.938+0100] {logging_mixin.py:137} INFO - [2023-01-07T01:47:09.938+0100] {tutorial_taskflow_api_virtualenv.py:29} WARNING - The tutorial_taskflow_api_virtualenv example DAG requires virtualenv, please install it.
[2023-01-07T01:47:09.939+0100] {processor.py:755} WARNING - No viable dags retrieved from /home/chrisfleig/.local/lib/python3.10/site-packages/airflow/example_dags/tutorial_taskflow_api_virtualenv.py
[2023-01-07T01:47:09.948+0100] {processor.py:175} INFO - Processing /home/chrisfleig/.local/lib/python3.10/site-packages/airflow/example_dags/tutorial_taskflow_api_virtualenv.py took 0.175 seconds
[2023-01-07T01:48:06.561+0100] {processor.py:153} INFO - Started process (PID=13670) to work on /home/chrisfleig/.local/lib/python3.10/site-packages/airflow/example_dags/tutorial_taskflow_api_virtualenv.py
[2023-01-07T01:48:06.562+0100] {processor.py:743} INFO - Processing file /home/chrisfleig/.local/lib/python3.10/site-packages/airflow/example_dags/tutorial_taskflow_api_virtualenv.py for tasks to queue
[2023-01-07T01:48:06.563+0100] {logging_mixin.py:137} INFO - [2023-01-07T01:48:06.563+0100] {dagbag.py:538} INFO - Filling up the DagBag from /home/chrisfleig/.local/lib/python3.10/site-packages/airflow/example_dags/tutorial_taskflow_api_virtualenv.py
[2023-01-07T01:48:06.847+0100] {logging_mixin.py:137} INFO - [2023-01-07T01:48:06.847+0100] {tutorial_taskflow_api_virtualenv.py:29} WARNING - The tutorial_taskflow_api_virtualenv example DAG requires virtualenv, please install it.
[2023-01-07T01:48:06.848+0100] {processor.py:755} WARNING - No viable dags retrieved from /home/chrisfleig/.local/lib/python3.10/site-packages/airflow/example_dags/tutorial_taskflow_api_virtualenv.py
[2023-01-07T01:48:06.855+0100] {processor.py:175} INFO - Processing /home/chrisfleig/.local/lib/python3.10/site-packages/airflow/example_dags/tutorial_taskflow_api_virtualenv.py took 0.297 seconds
[2023-01-07T01:48:55.363+0100] {processor.py:153} INFO - Started process (PID=13713) to work on /home/chrisfleig/.local/lib/python3.10/site-packages/airflow/example_dags/tutorial_taskflow_api_virtualenv.py
[2023-01-07T01:48:55.367+0100] {processor.py:743} INFO - Processing file /home/chrisfleig/.local/lib/python3.10/site-packages/airflow/example_dags/tutorial_taskflow_api_virtualenv.py for tasks to queue
[2023-01-07T01:48:55.368+0100] {logging_mixin.py:137} INFO - [2023-01-07T01:48:55.368+0100] {dagbag.py:538} INFO - Filling up the DagBag from /home/chrisfleig/.local/lib/python3.10/site-packages/airflow/example_dags/tutorial_taskflow_api_virtualenv.py
[2023-01-07T01:48:55.579+0100] {logging_mixin.py:137} INFO - [2023-01-07T01:48:55.578+0100] {tutorial_taskflow_api_virtualenv.py:29} WARNING - The tutorial_taskflow_api_virtualenv example DAG requires virtualenv, please install it.
[2023-01-07T01:48:55.581+0100] {processor.py:755} WARNING - No viable dags retrieved from /home/chrisfleig/.local/lib/python3.10/site-packages/airflow/example_dags/tutorial_taskflow_api_virtualenv.py
[2023-01-07T01:48:55.647+0100] {processor.py:175} INFO - Processing /home/chrisfleig/.local/lib/python3.10/site-packages/airflow/example_dags/tutorial_taskflow_api_virtualenv.py took 0.292 seconds
[2023-01-07T01:49:50.896+0100] {processor.py:153} INFO - Started process (PID=13757) to work on /home/chrisfleig/.local/lib/python3.10/site-packages/airflow/example_dags/tutorial_taskflow_api_virtualenv.py
[2023-01-07T01:49:50.897+0100] {processor.py:743} INFO - Processing file /home/chrisfleig/.local/lib/python3.10/site-packages/airflow/example_dags/tutorial_taskflow_api_virtualenv.py for tasks to queue
[2023-01-07T01:49:50.898+0100] {logging_mixin.py:137} INFO - [2023-01-07T01:49:50.898+0100] {dagbag.py:538} INFO - Filling up the DagBag from /home/chrisfleig/.local/lib/python3.10/site-packages/airflow/example_dags/tutorial_taskflow_api_virtualenv.py
[2023-01-07T01:49:51.053+0100] {logging_mixin.py:137} INFO - [2023-01-07T01:49:51.053+0100] {tutorial_taskflow_api_virtualenv.py:29} WARNING - The tutorial_taskflow_api_virtualenv example DAG requires virtualenv, please install it.
[2023-01-07T01:49:51.054+0100] {processor.py:755} WARNING - No viable dags retrieved from /home/chrisfleig/.local/lib/python3.10/site-packages/airflow/example_dags/tutorial_taskflow_api_virtualenv.py
[2023-01-07T01:49:51.061+0100] {processor.py:175} INFO - Processing /home/chrisfleig/.local/lib/python3.10/site-packages/airflow/example_dags/tutorial_taskflow_api_virtualenv.py took 0.169 seconds
[2023-01-07T01:50:44.475+0100] {processor.py:153} INFO - Started process (PID=13802) to work on /home/chrisfleig/.local/lib/python3.10/site-packages/airflow/example_dags/tutorial_taskflow_api_virtualenv.py
[2023-01-07T01:50:44.477+0100] {processor.py:743} INFO - Processing file /home/chrisfleig/.local/lib/python3.10/site-packages/airflow/example_dags/tutorial_taskflow_api_virtualenv.py for tasks to queue
[2023-01-07T01:50:44.477+0100] {logging_mixin.py:137} INFO - [2023-01-07T01:50:44.477+0100] {dagbag.py:538} INFO - Filling up the DagBag from /home/chrisfleig/.local/lib/python3.10/site-packages/airflow/example_dags/tutorial_taskflow_api_virtualenv.py
[2023-01-07T01:50:44.640+0100] {logging_mixin.py:137} INFO - [2023-01-07T01:50:44.639+0100] {tutorial_taskflow_api_virtualenv.py:29} WARNING - The tutorial_taskflow_api_virtualenv example DAG requires virtualenv, please install it.
[2023-01-07T01:50:44.640+0100] {processor.py:755} WARNING - No viable dags retrieved from /home/chrisfleig/.local/lib/python3.10/site-packages/airflow/example_dags/tutorial_taskflow_api_virtualenv.py
[2023-01-07T01:50:44.649+0100] {processor.py:175} INFO - Processing /home/chrisfleig/.local/lib/python3.10/site-packages/airflow/example_dags/tutorial_taskflow_api_virtualenv.py took 0.177 seconds
[2023-01-07T01:51:44.274+0100] {processor.py:153} INFO - Started process (PID=13854) to work on /home/chrisfleig/.local/lib/python3.10/site-packages/airflow/example_dags/tutorial_taskflow_api_virtualenv.py
[2023-01-07T01:51:44.276+0100] {processor.py:743} INFO - Processing file /home/chrisfleig/.local/lib/python3.10/site-packages/airflow/example_dags/tutorial_taskflow_api_virtualenv.py for tasks to queue
[2023-01-07T01:51:44.277+0100] {logging_mixin.py:137} INFO - [2023-01-07T01:51:44.277+0100] {dagbag.py:538} INFO - Filling up the DagBag from /home/chrisfleig/.local/lib/python3.10/site-packages/airflow/example_dags/tutorial_taskflow_api_virtualenv.py
[2023-01-07T01:51:44.444+0100] {logging_mixin.py:137} INFO - [2023-01-07T01:51:44.443+0100] {tutorial_taskflow_api_virtualenv.py:29} WARNING - The tutorial_taskflow_api_virtualenv example DAG requires virtualenv, please install it.
[2023-01-07T01:51:44.444+0100] {processor.py:755} WARNING - No viable dags retrieved from /home/chrisfleig/.local/lib/python3.10/site-packages/airflow/example_dags/tutorial_taskflow_api_virtualenv.py
[2023-01-07T01:51:44.451+0100] {processor.py:175} INFO - Processing /home/chrisfleig/.local/lib/python3.10/site-packages/airflow/example_dags/tutorial_taskflow_api_virtualenv.py took 0.180 seconds
[2023-01-07T01:52:37.525+0100] {processor.py:153} INFO - Started process (PID=13900) to work on /home/chrisfleig/.local/lib/python3.10/site-packages/airflow/example_dags/tutorial_taskflow_api_virtualenv.py
[2023-01-07T01:52:37.526+0100] {processor.py:743} INFO - Processing file /home/chrisfleig/.local/lib/python3.10/site-packages/airflow/example_dags/tutorial_taskflow_api_virtualenv.py for tasks to queue
[2023-01-07T01:52:37.527+0100] {logging_mixin.py:137} INFO - [2023-01-07T01:52:37.527+0100] {dagbag.py:538} INFO - Filling up the DagBag from /home/chrisfleig/.local/lib/python3.10/site-packages/airflow/example_dags/tutorial_taskflow_api_virtualenv.py
[2023-01-07T01:52:37.701+0100] {logging_mixin.py:137} INFO - [2023-01-07T01:52:37.701+0100] {tutorial_taskflow_api_virtualenv.py:29} WARNING - The tutorial_taskflow_api_virtualenv example DAG requires virtualenv, please install it.
[2023-01-07T01:52:37.701+0100] {processor.py:755} WARNING - No viable dags retrieved from /home/chrisfleig/.local/lib/python3.10/site-packages/airflow/example_dags/tutorial_taskflow_api_virtualenv.py
[2023-01-07T01:52:37.710+0100] {processor.py:175} INFO - Processing /home/chrisfleig/.local/lib/python3.10/site-packages/airflow/example_dags/tutorial_taskflow_api_virtualenv.py took 0.188 seconds
[2023-01-07T01:53:34.136+0100] {processor.py:153} INFO - Started process (PID=13955) to work on /home/chrisfleig/.local/lib/python3.10/site-packages/airflow/example_dags/tutorial_taskflow_api_virtualenv.py
[2023-01-07T01:53:34.137+0100] {processor.py:743} INFO - Processing file /home/chrisfleig/.local/lib/python3.10/site-packages/airflow/example_dags/tutorial_taskflow_api_virtualenv.py for tasks to queue
[2023-01-07T01:53:34.138+0100] {logging_mixin.py:137} INFO - [2023-01-07T01:53:34.138+0100] {dagbag.py:538} INFO - Filling up the DagBag from /home/chrisfleig/.local/lib/python3.10/site-packages/airflow/example_dags/tutorial_taskflow_api_virtualenv.py
[2023-01-07T01:53:34.298+0100] {logging_mixin.py:137} INFO - [2023-01-07T01:53:34.297+0100] {tutorial_taskflow_api_virtualenv.py:29} WARNING - The tutorial_taskflow_api_virtualenv example DAG requires virtualenv, please install it.
[2023-01-07T01:53:34.298+0100] {processor.py:755} WARNING - No viable dags retrieved from /home/chrisfleig/.local/lib/python3.10/site-packages/airflow/example_dags/tutorial_taskflow_api_virtualenv.py
[2023-01-07T01:53:34.305+0100] {processor.py:175} INFO - Processing /home/chrisfleig/.local/lib/python3.10/site-packages/airflow/example_dags/tutorial_taskflow_api_virtualenv.py took 0.173 seconds
[2023-01-07T01:54:36.788+0100] {processor.py:153} INFO - Started process (PID=14014) to work on /home/chrisfleig/.local/lib/python3.10/site-packages/airflow/example_dags/tutorial_taskflow_api_virtualenv.py
[2023-01-07T01:54:36.789+0100] {processor.py:743} INFO - Processing file /home/chrisfleig/.local/lib/python3.10/site-packages/airflow/example_dags/tutorial_taskflow_api_virtualenv.py for tasks to queue
[2023-01-07T01:54:36.789+0100] {logging_mixin.py:137} INFO - [2023-01-07T01:54:36.789+0100] {dagbag.py:538} INFO - Filling up the DagBag from /home/chrisfleig/.local/lib/python3.10/site-packages/airflow/example_dags/tutorial_taskflow_api_virtualenv.py
[2023-01-07T01:54:36.946+0100] {logging_mixin.py:137} INFO - [2023-01-07T01:54:36.946+0100] {tutorial_taskflow_api_virtualenv.py:29} WARNING - The tutorial_taskflow_api_virtualenv example DAG requires virtualenv, please install it.
[2023-01-07T01:54:36.947+0100] {processor.py:755} WARNING - No viable dags retrieved from /home/chrisfleig/.local/lib/python3.10/site-packages/airflow/example_dags/tutorial_taskflow_api_virtualenv.py
[2023-01-07T01:54:36.953+0100] {processor.py:175} INFO - Processing /home/chrisfleig/.local/lib/python3.10/site-packages/airflow/example_dags/tutorial_taskflow_api_virtualenv.py took 0.168 seconds
[2023-01-07T01:55:40.246+0100] {processor.py:153} INFO - Started process (PID=14072) to work on /home/chrisfleig/.local/lib/python3.10/site-packages/airflow/example_dags/tutorial_taskflow_api_virtualenv.py
[2023-01-07T01:55:40.247+0100] {processor.py:743} INFO - Processing file /home/chrisfleig/.local/lib/python3.10/site-packages/airflow/example_dags/tutorial_taskflow_api_virtualenv.py for tasks to queue
[2023-01-07T01:55:40.248+0100] {logging_mixin.py:137} INFO - [2023-01-07T01:55:40.248+0100] {dagbag.py:538} INFO - Filling up the DagBag from /home/chrisfleig/.local/lib/python3.10/site-packages/airflow/example_dags/tutorial_taskflow_api_virtualenv.py
[2023-01-07T01:55:40.465+0100] {logging_mixin.py:137} INFO - [2023-01-07T01:55:40.465+0100] {tutorial_taskflow_api_virtualenv.py:29} WARNING - The tutorial_taskflow_api_virtualenv example DAG requires virtualenv, please install it.
[2023-01-07T01:55:40.465+0100] {processor.py:755} WARNING - No viable dags retrieved from /home/chrisfleig/.local/lib/python3.10/site-packages/airflow/example_dags/tutorial_taskflow_api_virtualenv.py
[2023-01-07T01:55:40.486+0100] {processor.py:175} INFO - Processing /home/chrisfleig/.local/lib/python3.10/site-packages/airflow/example_dags/tutorial_taskflow_api_virtualenv.py took 0.244 seconds
[2023-01-07T01:56:41.187+0100] {processor.py:153} INFO - Started process (PID=14132) to work on /home/chrisfleig/.local/lib/python3.10/site-packages/airflow/example_dags/tutorial_taskflow_api_virtualenv.py
[2023-01-07T01:56:41.188+0100] {processor.py:743} INFO - Processing file /home/chrisfleig/.local/lib/python3.10/site-packages/airflow/example_dags/tutorial_taskflow_api_virtualenv.py for tasks to queue
[2023-01-07T01:56:41.190+0100] {logging_mixin.py:137} INFO - [2023-01-07T01:56:41.189+0100] {dagbag.py:538} INFO - Filling up the DagBag from /home/chrisfleig/.local/lib/python3.10/site-packages/airflow/example_dags/tutorial_taskflow_api_virtualenv.py
[2023-01-07T01:56:41.366+0100] {logging_mixin.py:137} INFO - [2023-01-07T01:56:41.366+0100] {tutorial_taskflow_api_virtualenv.py:29} WARNING - The tutorial_taskflow_api_virtualenv example DAG requires virtualenv, please install it.
[2023-01-07T01:56:41.366+0100] {processor.py:755} WARNING - No viable dags retrieved from /home/chrisfleig/.local/lib/python3.10/site-packages/airflow/example_dags/tutorial_taskflow_api_virtualenv.py
[2023-01-07T01:56:41.376+0100] {processor.py:175} INFO - Processing /home/chrisfleig/.local/lib/python3.10/site-packages/airflow/example_dags/tutorial_taskflow_api_virtualenv.py took 0.196 seconds
[2023-01-07T01:58:18.088+0100] {processor.py:153} INFO - Started process (PID=14209) to work on /home/chrisfleig/.local/lib/python3.10/site-packages/airflow/example_dags/tutorial_taskflow_api_virtualenv.py
[2023-01-07T01:58:18.090+0100] {processor.py:743} INFO - Processing file /home/chrisfleig/.local/lib/python3.10/site-packages/airflow/example_dags/tutorial_taskflow_api_virtualenv.py for tasks to queue
[2023-01-07T01:58:18.090+0100] {logging_mixin.py:137} INFO - [2023-01-07T01:58:18.090+0100] {dagbag.py:538} INFO - Filling up the DagBag from /home/chrisfleig/.local/lib/python3.10/site-packages/airflow/example_dags/tutorial_taskflow_api_virtualenv.py
[2023-01-07T01:58:18.274+0100] {logging_mixin.py:137} INFO - [2023-01-07T01:58:18.274+0100] {tutorial_taskflow_api_virtualenv.py:29} WARNING - The tutorial_taskflow_api_virtualenv example DAG requires virtualenv, please install it.
[2023-01-07T01:58:18.275+0100] {processor.py:755} WARNING - No viable dags retrieved from /home/chrisfleig/.local/lib/python3.10/site-packages/airflow/example_dags/tutorial_taskflow_api_virtualenv.py
[2023-01-07T01:58:18.285+0100] {processor.py:175} INFO - Processing /home/chrisfleig/.local/lib/python3.10/site-packages/airflow/example_dags/tutorial_taskflow_api_virtualenv.py took 0.200 seconds
[2023-01-07T01:59:12.842+0100] {processor.py:153} INFO - Started process (PID=14255) to work on /home/chrisfleig/.local/lib/python3.10/site-packages/airflow/example_dags/tutorial_taskflow_api_virtualenv.py
[2023-01-07T01:59:12.845+0100] {processor.py:743} INFO - Processing file /home/chrisfleig/.local/lib/python3.10/site-packages/airflow/example_dags/tutorial_taskflow_api_virtualenv.py for tasks to queue
[2023-01-07T01:59:12.846+0100] {logging_mixin.py:137} INFO - [2023-01-07T01:59:12.846+0100] {dagbag.py:538} INFO - Filling up the DagBag from /home/chrisfleig/.local/lib/python3.10/site-packages/airflow/example_dags/tutorial_taskflow_api_virtualenv.py
[2023-01-07T01:59:13.364+0100] {logging_mixin.py:137} INFO - [2023-01-07T01:59:13.364+0100] {tutorial_taskflow_api_virtualenv.py:29} WARNING - The tutorial_taskflow_api_virtualenv example DAG requires virtualenv, please install it.
[2023-01-07T01:59:13.365+0100] {processor.py:755} WARNING - No viable dags retrieved from /home/chrisfleig/.local/lib/python3.10/site-packages/airflow/example_dags/tutorial_taskflow_api_virtualenv.py
[2023-01-07T01:59:13.391+0100] {processor.py:175} INFO - Processing /home/chrisfleig/.local/lib/python3.10/site-packages/airflow/example_dags/tutorial_taskflow_api_virtualenv.py took 0.558 seconds
[2023-01-07T02:00:20.406+0100] {processor.py:153} INFO - Started process (PID=14323) to work on /home/chrisfleig/.local/lib/python3.10/site-packages/airflow/example_dags/tutorial_taskflow_api_virtualenv.py
[2023-01-07T02:00:20.407+0100] {processor.py:743} INFO - Processing file /home/chrisfleig/.local/lib/python3.10/site-packages/airflow/example_dags/tutorial_taskflow_api_virtualenv.py for tasks to queue
[2023-01-07T02:00:20.408+0100] {logging_mixin.py:137} INFO - [2023-01-07T02:00:20.408+0100] {dagbag.py:538} INFO - Filling up the DagBag from /home/chrisfleig/.local/lib/python3.10/site-packages/airflow/example_dags/tutorial_taskflow_api_virtualenv.py
[2023-01-07T02:00:20.641+0100] {logging_mixin.py:137} INFO - [2023-01-07T02:00:20.641+0100] {tutorial_taskflow_api_virtualenv.py:29} WARNING - The tutorial_taskflow_api_virtualenv example DAG requires virtualenv, please install it.
[2023-01-07T02:00:20.642+0100] {processor.py:755} WARNING - No viable dags retrieved from /home/chrisfleig/.local/lib/python3.10/site-packages/airflow/example_dags/tutorial_taskflow_api_virtualenv.py
[2023-01-07T02:00:20.651+0100] {processor.py:175} INFO - Processing /home/chrisfleig/.local/lib/python3.10/site-packages/airflow/example_dags/tutorial_taskflow_api_virtualenv.py took 0.248 seconds
[2023-01-07T02:01:08.722+0100] {processor.py:153} INFO - Started process (PID=14368) to work on /home/chrisfleig/.local/lib/python3.10/site-packages/airflow/example_dags/tutorial_taskflow_api_virtualenv.py
[2023-01-07T02:01:08.724+0100] {processor.py:743} INFO - Processing file /home/chrisfleig/.local/lib/python3.10/site-packages/airflow/example_dags/tutorial_taskflow_api_virtualenv.py for tasks to queue
[2023-01-07T02:01:08.725+0100] {logging_mixin.py:137} INFO - [2023-01-07T02:01:08.725+0100] {dagbag.py:538} INFO - Filling up the DagBag from /home/chrisfleig/.local/lib/python3.10/site-packages/airflow/example_dags/tutorial_taskflow_api_virtualenv.py
[2023-01-07T02:01:08.924+0100] {logging_mixin.py:137} INFO - [2023-01-07T02:01:08.924+0100] {tutorial_taskflow_api_virtualenv.py:29} WARNING - The tutorial_taskflow_api_virtualenv example DAG requires virtualenv, please install it.
[2023-01-07T02:01:08.924+0100] {processor.py:755} WARNING - No viable dags retrieved from /home/chrisfleig/.local/lib/python3.10/site-packages/airflow/example_dags/tutorial_taskflow_api_virtualenv.py
[2023-01-07T02:01:08.936+0100] {processor.py:175} INFO - Processing /home/chrisfleig/.local/lib/python3.10/site-packages/airflow/example_dags/tutorial_taskflow_api_virtualenv.py took 0.217 seconds
[2023-01-07T02:02:15.706+0100] {processor.py:153} INFO - Started process (PID=14426) to work on /home/chrisfleig/.local/lib/python3.10/site-packages/airflow/example_dags/tutorial_taskflow_api_virtualenv.py
[2023-01-07T02:02:15.707+0100] {processor.py:743} INFO - Processing file /home/chrisfleig/.local/lib/python3.10/site-packages/airflow/example_dags/tutorial_taskflow_api_virtualenv.py for tasks to queue
[2023-01-07T02:02:15.708+0100] {logging_mixin.py:137} INFO - [2023-01-07T02:02:15.708+0100] {dagbag.py:538} INFO - Filling up the DagBag from /home/chrisfleig/.local/lib/python3.10/site-packages/airflow/example_dags/tutorial_taskflow_api_virtualenv.py
[2023-01-07T02:02:15.862+0100] {logging_mixin.py:137} INFO - [2023-01-07T02:02:15.862+0100] {tutorial_taskflow_api_virtualenv.py:29} WARNING - The tutorial_taskflow_api_virtualenv example DAG requires virtualenv, please install it.
[2023-01-07T02:02:15.862+0100] {processor.py:755} WARNING - No viable dags retrieved from /home/chrisfleig/.local/lib/python3.10/site-packages/airflow/example_dags/tutorial_taskflow_api_virtualenv.py
[2023-01-07T02:02:15.871+0100] {processor.py:175} INFO - Processing /home/chrisfleig/.local/lib/python3.10/site-packages/airflow/example_dags/tutorial_taskflow_api_virtualenv.py took 0.169 seconds
[2023-01-07T02:03:02.613+0100] {processor.py:153} INFO - Started process (PID=14467) to work on /home/chrisfleig/.local/lib/python3.10/site-packages/airflow/example_dags/tutorial_taskflow_api_virtualenv.py
[2023-01-07T02:03:02.615+0100] {processor.py:743} INFO - Processing file /home/chrisfleig/.local/lib/python3.10/site-packages/airflow/example_dags/tutorial_taskflow_api_virtualenv.py for tasks to queue
[2023-01-07T02:03:02.617+0100] {logging_mixin.py:137} INFO - [2023-01-07T02:03:02.616+0100] {dagbag.py:538} INFO - Filling up the DagBag from /home/chrisfleig/.local/lib/python3.10/site-packages/airflow/example_dags/tutorial_taskflow_api_virtualenv.py
[2023-01-07T02:03:02.847+0100] {logging_mixin.py:137} INFO - [2023-01-07T02:03:02.847+0100] {tutorial_taskflow_api_virtualenv.py:29} WARNING - The tutorial_taskflow_api_virtualenv example DAG requires virtualenv, please install it.
[2023-01-07T02:03:02.848+0100] {processor.py:755} WARNING - No viable dags retrieved from /home/chrisfleig/.local/lib/python3.10/site-packages/airflow/example_dags/tutorial_taskflow_api_virtualenv.py
[2023-01-07T02:03:02.857+0100] {processor.py:175} INFO - Processing /home/chrisfleig/.local/lib/python3.10/site-packages/airflow/example_dags/tutorial_taskflow_api_virtualenv.py took 0.249 seconds
[2023-01-07T02:03:48.856+0100] {processor.py:153} INFO - Started process (PID=14508) to work on /home/chrisfleig/.local/lib/python3.10/site-packages/airflow/example_dags/tutorial_taskflow_api_virtualenv.py
[2023-01-07T02:03:48.857+0100] {processor.py:743} INFO - Processing file /home/chrisfleig/.local/lib/python3.10/site-packages/airflow/example_dags/tutorial_taskflow_api_virtualenv.py for tasks to queue
[2023-01-07T02:03:48.858+0100] {logging_mixin.py:137} INFO - [2023-01-07T02:03:48.858+0100] {dagbag.py:538} INFO - Filling up the DagBag from /home/chrisfleig/.local/lib/python3.10/site-packages/airflow/example_dags/tutorial_taskflow_api_virtualenv.py
[2023-01-07T02:03:49.014+0100] {logging_mixin.py:137} INFO - [2023-01-07T02:03:49.013+0100] {tutorial_taskflow_api_virtualenv.py:29} WARNING - The tutorial_taskflow_api_virtualenv example DAG requires virtualenv, please install it.
[2023-01-07T02:03:49.014+0100] {processor.py:755} WARNING - No viable dags retrieved from /home/chrisfleig/.local/lib/python3.10/site-packages/airflow/example_dags/tutorial_taskflow_api_virtualenv.py
[2023-01-07T02:03:49.024+0100] {processor.py:175} INFO - Processing /home/chrisfleig/.local/lib/python3.10/site-packages/airflow/example_dags/tutorial_taskflow_api_virtualenv.py took 0.171 seconds
[2023-01-07T02:04:47.463+0100] {processor.py:153} INFO - Started process (PID=14565) to work on /home/chrisfleig/.local/lib/python3.10/site-packages/airflow/example_dags/tutorial_taskflow_api_virtualenv.py
[2023-01-07T02:04:47.465+0100] {processor.py:743} INFO - Processing file /home/chrisfleig/.local/lib/python3.10/site-packages/airflow/example_dags/tutorial_taskflow_api_virtualenv.py for tasks to queue
[2023-01-07T02:04:47.465+0100] {logging_mixin.py:137} INFO - [2023-01-07T02:04:47.465+0100] {dagbag.py:538} INFO - Filling up the DagBag from /home/chrisfleig/.local/lib/python3.10/site-packages/airflow/example_dags/tutorial_taskflow_api_virtualenv.py
[2023-01-07T02:04:47.628+0100] {logging_mixin.py:137} INFO - [2023-01-07T02:04:47.627+0100] {tutorial_taskflow_api_virtualenv.py:29} WARNING - The tutorial_taskflow_api_virtualenv example DAG requires virtualenv, please install it.
[2023-01-07T02:04:47.628+0100] {processor.py:755} WARNING - No viable dags retrieved from /home/chrisfleig/.local/lib/python3.10/site-packages/airflow/example_dags/tutorial_taskflow_api_virtualenv.py
[2023-01-07T02:04:47.635+0100] {processor.py:175} INFO - Processing /home/chrisfleig/.local/lib/python3.10/site-packages/airflow/example_dags/tutorial_taskflow_api_virtualenv.py took 0.176 seconds
[2023-01-07T02:05:38.696+0100] {processor.py:153} INFO - Started process (PID=14611) to work on /home/chrisfleig/.local/lib/python3.10/site-packages/airflow/example_dags/tutorial_taskflow_api_virtualenv.py
[2023-01-07T02:05:38.697+0100] {processor.py:743} INFO - Processing file /home/chrisfleig/.local/lib/python3.10/site-packages/airflow/example_dags/tutorial_taskflow_api_virtualenv.py for tasks to queue
[2023-01-07T02:05:38.698+0100] {logging_mixin.py:137} INFO - [2023-01-07T02:05:38.698+0100] {dagbag.py:538} INFO - Filling up the DagBag from /home/chrisfleig/.local/lib/python3.10/site-packages/airflow/example_dags/tutorial_taskflow_api_virtualenv.py
[2023-01-07T02:05:39.066+0100] {logging_mixin.py:137} INFO - [2023-01-07T02:05:39.066+0100] {tutorial_taskflow_api_virtualenv.py:29} WARNING - The tutorial_taskflow_api_virtualenv example DAG requires virtualenv, please install it.
[2023-01-07T02:05:39.067+0100] {processor.py:755} WARNING - No viable dags retrieved from /home/chrisfleig/.local/lib/python3.10/site-packages/airflow/example_dags/tutorial_taskflow_api_virtualenv.py
[2023-01-07T02:05:39.090+0100] {processor.py:175} INFO - Processing /home/chrisfleig/.local/lib/python3.10/site-packages/airflow/example_dags/tutorial_taskflow_api_virtualenv.py took 0.399 seconds
[2023-01-07T02:06:49.702+0100] {processor.py:153} INFO - Started process (PID=14670) to work on /home/chrisfleig/.local/lib/python3.10/site-packages/airflow/example_dags/tutorial_taskflow_api_virtualenv.py
[2023-01-07T02:06:49.712+0100] {processor.py:743} INFO - Processing file /home/chrisfleig/.local/lib/python3.10/site-packages/airflow/example_dags/tutorial_taskflow_api_virtualenv.py for tasks to queue
[2023-01-07T02:06:49.713+0100] {logging_mixin.py:137} INFO - [2023-01-07T02:06:49.713+0100] {dagbag.py:538} INFO - Filling up the DagBag from /home/chrisfleig/.local/lib/python3.10/site-packages/airflow/example_dags/tutorial_taskflow_api_virtualenv.py
[2023-01-07T02:06:49.968+0100] {logging_mixin.py:137} INFO - [2023-01-07T02:06:49.967+0100] {tutorial_taskflow_api_virtualenv.py:29} WARNING - The tutorial_taskflow_api_virtualenv example DAG requires virtualenv, please install it.
[2023-01-07T02:06:49.969+0100] {processor.py:755} WARNING - No viable dags retrieved from /home/chrisfleig/.local/lib/python3.10/site-packages/airflow/example_dags/tutorial_taskflow_api_virtualenv.py
[2023-01-07T02:06:49.982+0100] {processor.py:175} INFO - Processing /home/chrisfleig/.local/lib/python3.10/site-packages/airflow/example_dags/tutorial_taskflow_api_virtualenv.py took 0.285 seconds
[2023-01-07T02:07:40.801+0100] {processor.py:153} INFO - Started process (PID=14712) to work on /home/chrisfleig/.local/lib/python3.10/site-packages/airflow/example_dags/tutorial_taskflow_api_virtualenv.py
[2023-01-07T02:07:40.802+0100] {processor.py:743} INFO - Processing file /home/chrisfleig/.local/lib/python3.10/site-packages/airflow/example_dags/tutorial_taskflow_api_virtualenv.py for tasks to queue
[2023-01-07T02:07:40.803+0100] {logging_mixin.py:137} INFO - [2023-01-07T02:07:40.803+0100] {dagbag.py:538} INFO - Filling up the DagBag from /home/chrisfleig/.local/lib/python3.10/site-packages/airflow/example_dags/tutorial_taskflow_api_virtualenv.py
[2023-01-07T02:07:40.974+0100] {logging_mixin.py:137} INFO - [2023-01-07T02:07:40.974+0100] {tutorial_taskflow_api_virtualenv.py:29} WARNING - The tutorial_taskflow_api_virtualenv example DAG requires virtualenv, please install it.
[2023-01-07T02:07:40.974+0100] {processor.py:755} WARNING - No viable dags retrieved from /home/chrisfleig/.local/lib/python3.10/site-packages/airflow/example_dags/tutorial_taskflow_api_virtualenv.py
[2023-01-07T02:07:40.982+0100] {processor.py:175} INFO - Processing /home/chrisfleig/.local/lib/python3.10/site-packages/airflow/example_dags/tutorial_taskflow_api_virtualenv.py took 0.185 seconds
[2023-01-07T02:08:32.859+0100] {processor.py:153} INFO - Started process (PID=14755) to work on /home/chrisfleig/.local/lib/python3.10/site-packages/airflow/example_dags/tutorial_taskflow_api_virtualenv.py
[2023-01-07T02:08:32.860+0100] {processor.py:743} INFO - Processing file /home/chrisfleig/.local/lib/python3.10/site-packages/airflow/example_dags/tutorial_taskflow_api_virtualenv.py for tasks to queue
[2023-01-07T02:08:32.861+0100] {logging_mixin.py:137} INFO - [2023-01-07T02:08:32.861+0100] {dagbag.py:538} INFO - Filling up the DagBag from /home/chrisfleig/.local/lib/python3.10/site-packages/airflow/example_dags/tutorial_taskflow_api_virtualenv.py
[2023-01-07T02:08:33.039+0100] {logging_mixin.py:137} INFO - [2023-01-07T02:08:33.038+0100] {tutorial_taskflow_api_virtualenv.py:29} WARNING - The tutorial_taskflow_api_virtualenv example DAG requires virtualenv, please install it.
[2023-01-07T02:08:33.039+0100] {processor.py:755} WARNING - No viable dags retrieved from /home/chrisfleig/.local/lib/python3.10/site-packages/airflow/example_dags/tutorial_taskflow_api_virtualenv.py
[2023-01-07T02:08:33.046+0100] {processor.py:175} INFO - Processing /home/chrisfleig/.local/lib/python3.10/site-packages/airflow/example_dags/tutorial_taskflow_api_virtualenv.py took 0.193 seconds
[2023-01-07T02:09:44.712+0100] {processor.py:153} INFO - Started process (PID=14815) to work on /home/chrisfleig/.local/lib/python3.10/site-packages/airflow/example_dags/tutorial_taskflow_api_virtualenv.py
[2023-01-07T02:09:44.714+0100] {processor.py:743} INFO - Processing file /home/chrisfleig/.local/lib/python3.10/site-packages/airflow/example_dags/tutorial_taskflow_api_virtualenv.py for tasks to queue
[2023-01-07T02:09:44.715+0100] {logging_mixin.py:137} INFO - [2023-01-07T02:09:44.714+0100] {dagbag.py:538} INFO - Filling up the DagBag from /home/chrisfleig/.local/lib/python3.10/site-packages/airflow/example_dags/tutorial_taskflow_api_virtualenv.py
[2023-01-07T02:09:44.868+0100] {logging_mixin.py:137} INFO - [2023-01-07T02:09:44.867+0100] {tutorial_taskflow_api_virtualenv.py:29} WARNING - The tutorial_taskflow_api_virtualenv example DAG requires virtualenv, please install it.
[2023-01-07T02:09:44.868+0100] {processor.py:755} WARNING - No viable dags retrieved from /home/chrisfleig/.local/lib/python3.10/site-packages/airflow/example_dags/tutorial_taskflow_api_virtualenv.py
[2023-01-07T02:09:44.875+0100] {processor.py:175} INFO - Processing /home/chrisfleig/.local/lib/python3.10/site-packages/airflow/example_dags/tutorial_taskflow_api_virtualenv.py took 0.166 seconds
[2023-01-07T02:10:38.607+0100] {processor.py:153} INFO - Started process (PID=14864) to work on /home/chrisfleig/.local/lib/python3.10/site-packages/airflow/example_dags/tutorial_taskflow_api_virtualenv.py
[2023-01-07T02:10:38.608+0100] {processor.py:743} INFO - Processing file /home/chrisfleig/.local/lib/python3.10/site-packages/airflow/example_dags/tutorial_taskflow_api_virtualenv.py for tasks to queue
[2023-01-07T02:10:38.609+0100] {logging_mixin.py:137} INFO - [2023-01-07T02:10:38.609+0100] {dagbag.py:538} INFO - Filling up the DagBag from /home/chrisfleig/.local/lib/python3.10/site-packages/airflow/example_dags/tutorial_taskflow_api_virtualenv.py
[2023-01-07T02:10:38.763+0100] {logging_mixin.py:137} INFO - [2023-01-07T02:10:38.763+0100] {tutorial_taskflow_api_virtualenv.py:29} WARNING - The tutorial_taskflow_api_virtualenv example DAG requires virtualenv, please install it.
[2023-01-07T02:10:38.763+0100] {processor.py:755} WARNING - No viable dags retrieved from /home/chrisfleig/.local/lib/python3.10/site-packages/airflow/example_dags/tutorial_taskflow_api_virtualenv.py
[2023-01-07T02:10:38.771+0100] {processor.py:175} INFO - Processing /home/chrisfleig/.local/lib/python3.10/site-packages/airflow/example_dags/tutorial_taskflow_api_virtualenv.py took 0.168 seconds
[2023-01-07T02:11:24.366+0100] {processor.py:153} INFO - Started process (PID=14907) to work on /home/chrisfleig/.local/lib/python3.10/site-packages/airflow/example_dags/tutorial_taskflow_api_virtualenv.py
[2023-01-07T02:11:24.367+0100] {processor.py:743} INFO - Processing file /home/chrisfleig/.local/lib/python3.10/site-packages/airflow/example_dags/tutorial_taskflow_api_virtualenv.py for tasks to queue
[2023-01-07T02:11:24.367+0100] {logging_mixin.py:137} INFO - [2023-01-07T02:11:24.367+0100] {dagbag.py:538} INFO - Filling up the DagBag from /home/chrisfleig/.local/lib/python3.10/site-packages/airflow/example_dags/tutorial_taskflow_api_virtualenv.py
[2023-01-07T02:11:24.522+0100] {logging_mixin.py:137} INFO - [2023-01-07T02:11:24.522+0100] {tutorial_taskflow_api_virtualenv.py:29} WARNING - The tutorial_taskflow_api_virtualenv example DAG requires virtualenv, please install it.
[2023-01-07T02:11:24.522+0100] {processor.py:755} WARNING - No viable dags retrieved from /home/chrisfleig/.local/lib/python3.10/site-packages/airflow/example_dags/tutorial_taskflow_api_virtualenv.py
[2023-01-07T02:11:24.529+0100] {processor.py:175} INFO - Processing /home/chrisfleig/.local/lib/python3.10/site-packages/airflow/example_dags/tutorial_taskflow_api_virtualenv.py took 0.166 seconds
[2023-01-07T02:12:34.006+0100] {processor.py:153} INFO - Started process (PID=14967) to work on /home/chrisfleig/.local/lib/python3.10/site-packages/airflow/example_dags/tutorial_taskflow_api_virtualenv.py
[2023-01-07T02:12:34.008+0100] {processor.py:743} INFO - Processing file /home/chrisfleig/.local/lib/python3.10/site-packages/airflow/example_dags/tutorial_taskflow_api_virtualenv.py for tasks to queue
[2023-01-07T02:12:34.008+0100] {logging_mixin.py:137} INFO - [2023-01-07T02:12:34.008+0100] {dagbag.py:538} INFO - Filling up the DagBag from /home/chrisfleig/.local/lib/python3.10/site-packages/airflow/example_dags/tutorial_taskflow_api_virtualenv.py
[2023-01-07T02:12:34.178+0100] {logging_mixin.py:137} INFO - [2023-01-07T02:12:34.178+0100] {tutorial_taskflow_api_virtualenv.py:29} WARNING - The tutorial_taskflow_api_virtualenv example DAG requires virtualenv, please install it.
[2023-01-07T02:12:34.179+0100] {processor.py:755} WARNING - No viable dags retrieved from /home/chrisfleig/.local/lib/python3.10/site-packages/airflow/example_dags/tutorial_taskflow_api_virtualenv.py
[2023-01-07T02:12:34.186+0100] {processor.py:175} INFO - Processing /home/chrisfleig/.local/lib/python3.10/site-packages/airflow/example_dags/tutorial_taskflow_api_virtualenv.py took 0.182 seconds
