[2023-01-06T15:44:40.046+0100] {taskinstance.py:1087} INFO - Dependencies all met for <TaskInstance: tutorial_taskflow_api.transform manual__2023-01-06T15:44:14+01:00 [queued]>
[2023-01-06T15:44:40.058+0100] {taskinstance.py:1087} INFO - Dependencies all met for <TaskInstance: tutorial_taskflow_api.transform manual__2023-01-06T15:44:14+01:00 [queued]>
[2023-01-06T15:44:40.059+0100] {taskinstance.py:1283} INFO - 
--------------------------------------------------------------------------------
[2023-01-06T15:44:40.059+0100] {taskinstance.py:1284} INFO - Starting attempt 1 of 1
[2023-01-06T15:44:40.059+0100] {taskinstance.py:1285} INFO - 
--------------------------------------------------------------------------------
[2023-01-06T15:44:40.090+0100] {taskinstance.py:1304} INFO - Executing <Task(_PythonDecoratedOperator): transform> on 2023-01-06 14:44:14+00:00
[2023-01-06T15:44:40.092+0100] {standard_task_runner.py:55} INFO - Started process 2425 to run task
[2023-01-06T15:44:40.096+0100] {standard_task_runner.py:82} INFO - Running: ['airflow', 'tasks', 'run', 'tutorial_taskflow_api', 'transform', 'manual__2023-01-06T15:44:14+01:00', '--job-id', '49', '--raw', '--subdir', '/home/chrisfleig/.local/lib/python3.10/site-packages/airflow/example_dags/tutorial_taskflow_api.py', '--cfg-path', '/tmp/tmpb86udkvf']
[2023-01-06T15:44:40.098+0100] {standard_task_runner.py:83} INFO - Job 49: Subtask transform
[2023-01-06T15:44:40.164+0100] {task_command.py:389} INFO - Running <TaskInstance: tutorial_taskflow_api.transform manual__2023-01-06T15:44:14+01:00 [running]> on host CFL-HP-360.
[2023-01-06T15:44:40.258+0100] {taskinstance.py:1511} INFO - Exporting the following env vars:
AIRFLOW_CTX_DAG_OWNER=airflow
AIRFLOW_CTX_DAG_ID=tutorial_taskflow_api
AIRFLOW_CTX_TASK_ID=transform
AIRFLOW_CTX_EXECUTION_DATE=2023-01-06T14:44:14+00:00
AIRFLOW_CTX_TRY_NUMBER=1
AIRFLOW_CTX_DAG_RUN_ID=manual__2023-01-06T15:44:14+01:00
[2023-01-06T15:44:40.259+0100] {python.py:177} INFO - Done. Returned value was: {'total_order_value': 1236.7}
[2023-01-06T15:44:40.325+0100] {taskinstance.py:1322} INFO - Marking task as SUCCESS. dag_id=tutorial_taskflow_api, task_id=transform, execution_date=20230106T144414, start_date=20230106T144440, end_date=20230106T144440
[2023-01-06T15:44:40.389+0100] {local_task_job.py:159} INFO - Task exited with return code 0
[2023-01-06T15:44:40.404+0100] {taskinstance.py:2582} INFO - 1 downstream tasks scheduled from follow-on schedule check
