[2023-01-04T21:58:49.728+0100] {processor.py:153} INFO - Started process (PID=141) to work on /home/chrisfleig/.local/lib/python3.10/site-packages/airflow/example_dags/plugins/workday.py
[2023-01-04T21:58:49.729+0100] {processor.py:743} INFO - Processing file /home/chrisfleig/.local/lib/python3.10/site-packages/airflow/example_dags/plugins/workday.py for tasks to queue
[2023-01-04T21:58:49.730+0100] {logging_mixin.py:137} INFO - [2023-01-04T21:58:49.730+0100] {dagbag.py:538} INFO - Filling up the DagBag from /home/chrisfleig/.local/lib/python3.10/site-packages/airflow/example_dags/plugins/workday.py
[2023-01-04T21:58:49.731+0100] {processor.py:755} WARNING - No viable dags retrieved from /home/chrisfleig/.local/lib/python3.10/site-packages/airflow/example_dags/plugins/workday.py
[2023-01-04T21:58:49.738+0100] {processor.py:175} INFO - Processing /home/chrisfleig/.local/lib/python3.10/site-packages/airflow/example_dags/plugins/workday.py took 0.012 seconds
[2023-01-04T21:59:28.972+0100] {processor.py:153} INFO - Started process (PID=179) to work on /home/chrisfleig/.local/lib/python3.10/site-packages/airflow/example_dags/plugins/workday.py
[2023-01-04T21:59:28.973+0100] {processor.py:743} INFO - Processing file /home/chrisfleig/.local/lib/python3.10/site-packages/airflow/example_dags/plugins/workday.py for tasks to queue
[2023-01-04T21:59:28.973+0100] {logging_mixin.py:137} INFO - [2023-01-04T21:59:28.973+0100] {dagbag.py:538} INFO - Filling up the DagBag from /home/chrisfleig/.local/lib/python3.10/site-packages/airflow/example_dags/plugins/workday.py
[2023-01-04T21:59:28.975+0100] {processor.py:755} WARNING - No viable dags retrieved from /home/chrisfleig/.local/lib/python3.10/site-packages/airflow/example_dags/plugins/workday.py
[2023-01-04T21:59:28.981+0100] {processor.py:175} INFO - Processing /home/chrisfleig/.local/lib/python3.10/site-packages/airflow/example_dags/plugins/workday.py took 0.011 seconds
[2023-01-04T22:00:13.131+0100] {processor.py:153} INFO - Started process (PID=224) to work on /home/chrisfleig/.local/lib/python3.10/site-packages/airflow/example_dags/plugins/workday.py
[2023-01-04T22:00:13.132+0100] {processor.py:743} INFO - Processing file /home/chrisfleig/.local/lib/python3.10/site-packages/airflow/example_dags/plugins/workday.py for tasks to queue
[2023-01-04T22:00:13.133+0100] {logging_mixin.py:137} INFO - [2023-01-04T22:00:13.132+0100] {dagbag.py:538} INFO - Filling up the DagBag from /home/chrisfleig/.local/lib/python3.10/site-packages/airflow/example_dags/plugins/workday.py
[2023-01-04T22:00:13.134+0100] {processor.py:755} WARNING - No viable dags retrieved from /home/chrisfleig/.local/lib/python3.10/site-packages/airflow/example_dags/plugins/workday.py
[2023-01-04T22:00:13.142+0100] {processor.py:175} INFO - Processing /home/chrisfleig/.local/lib/python3.10/site-packages/airflow/example_dags/plugins/workday.py took 0.014 seconds
[2023-01-04T22:00:58.055+0100] {processor.py:153} INFO - Started process (PID=268) to work on /home/chrisfleig/.local/lib/python3.10/site-packages/airflow/example_dags/plugins/workday.py
[2023-01-04T22:00:58.056+0100] {processor.py:743} INFO - Processing file /home/chrisfleig/.local/lib/python3.10/site-packages/airflow/example_dags/plugins/workday.py for tasks to queue
[2023-01-04T22:00:58.056+0100] {logging_mixin.py:137} INFO - [2023-01-04T22:00:58.056+0100] {dagbag.py:538} INFO - Filling up the DagBag from /home/chrisfleig/.local/lib/python3.10/site-packages/airflow/example_dags/plugins/workday.py
[2023-01-04T22:00:58.057+0100] {processor.py:755} WARNING - No viable dags retrieved from /home/chrisfleig/.local/lib/python3.10/site-packages/airflow/example_dags/plugins/workday.py
[2023-01-04T22:00:58.064+0100] {processor.py:175} INFO - Processing /home/chrisfleig/.local/lib/python3.10/site-packages/airflow/example_dags/plugins/workday.py took 0.012 seconds
[2023-01-04T22:01:38.439+0100] {processor.py:153} INFO - Started process (PID=309) to work on /home/chrisfleig/.local/lib/python3.10/site-packages/airflow/example_dags/plugins/workday.py
[2023-01-04T22:01:38.441+0100] {processor.py:743} INFO - Processing file /home/chrisfleig/.local/lib/python3.10/site-packages/airflow/example_dags/plugins/workday.py for tasks to queue
[2023-01-04T22:01:38.441+0100] {logging_mixin.py:137} INFO - [2023-01-04T22:01:38.441+0100] {dagbag.py:538} INFO - Filling up the DagBag from /home/chrisfleig/.local/lib/python3.10/site-packages/airflow/example_dags/plugins/workday.py
[2023-01-04T22:01:38.443+0100] {processor.py:755} WARNING - No viable dags retrieved from /home/chrisfleig/.local/lib/python3.10/site-packages/airflow/example_dags/plugins/workday.py
[2023-01-04T22:01:38.451+0100] {processor.py:175} INFO - Processing /home/chrisfleig/.local/lib/python3.10/site-packages/airflow/example_dags/plugins/workday.py took 0.014 seconds
[2023-01-04T22:02:18.805+0100] {processor.py:153} INFO - Started process (PID=349) to work on /home/chrisfleig/.local/lib/python3.10/site-packages/airflow/example_dags/plugins/workday.py
[2023-01-04T22:02:18.806+0100] {processor.py:743} INFO - Processing file /home/chrisfleig/.local/lib/python3.10/site-packages/airflow/example_dags/plugins/workday.py for tasks to queue
[2023-01-04T22:02:18.806+0100] {logging_mixin.py:137} INFO - [2023-01-04T22:02:18.806+0100] {dagbag.py:538} INFO - Filling up the DagBag from /home/chrisfleig/.local/lib/python3.10/site-packages/airflow/example_dags/plugins/workday.py
[2023-01-04T22:02:18.807+0100] {processor.py:755} WARNING - No viable dags retrieved from /home/chrisfleig/.local/lib/python3.10/site-packages/airflow/example_dags/plugins/workday.py
[2023-01-04T22:02:18.815+0100] {processor.py:175} INFO - Processing /home/chrisfleig/.local/lib/python3.10/site-packages/airflow/example_dags/plugins/workday.py took 0.014 seconds
[2023-01-04T22:03:03.588+0100] {processor.py:153} INFO - Started process (PID=391) to work on /home/chrisfleig/.local/lib/python3.10/site-packages/airflow/example_dags/plugins/workday.py
[2023-01-04T22:03:03.589+0100] {processor.py:743} INFO - Processing file /home/chrisfleig/.local/lib/python3.10/site-packages/airflow/example_dags/plugins/workday.py for tasks to queue
[2023-01-04T22:03:03.590+0100] {logging_mixin.py:137} INFO - [2023-01-04T22:03:03.590+0100] {dagbag.py:538} INFO - Filling up the DagBag from /home/chrisfleig/.local/lib/python3.10/site-packages/airflow/example_dags/plugins/workday.py
[2023-01-04T22:03:03.591+0100] {processor.py:755} WARNING - No viable dags retrieved from /home/chrisfleig/.local/lib/python3.10/site-packages/airflow/example_dags/plugins/workday.py
[2023-01-04T22:03:03.598+0100] {processor.py:175} INFO - Processing /home/chrisfleig/.local/lib/python3.10/site-packages/airflow/example_dags/plugins/workday.py took 0.012 seconds
[2023-01-04T22:03:44.712+0100] {processor.py:153} INFO - Started process (PID=430) to work on /home/chrisfleig/.local/lib/python3.10/site-packages/airflow/example_dags/plugins/workday.py
[2023-01-04T22:03:44.713+0100] {processor.py:743} INFO - Processing file /home/chrisfleig/.local/lib/python3.10/site-packages/airflow/example_dags/plugins/workday.py for tasks to queue
[2023-01-04T22:03:44.714+0100] {logging_mixin.py:137} INFO - [2023-01-04T22:03:44.714+0100] {dagbag.py:538} INFO - Filling up the DagBag from /home/chrisfleig/.local/lib/python3.10/site-packages/airflow/example_dags/plugins/workday.py
[2023-01-04T22:03:44.715+0100] {processor.py:755} WARNING - No viable dags retrieved from /home/chrisfleig/.local/lib/python3.10/site-packages/airflow/example_dags/plugins/workday.py
[2023-01-04T22:03:44.722+0100] {processor.py:175} INFO - Processing /home/chrisfleig/.local/lib/python3.10/site-packages/airflow/example_dags/plugins/workday.py took 0.012 seconds
[2023-01-04T22:04:25.299+0100] {processor.py:153} INFO - Started process (PID=470) to work on /home/chrisfleig/.local/lib/python3.10/site-packages/airflow/example_dags/plugins/workday.py
[2023-01-04T22:04:25.300+0100] {processor.py:743} INFO - Processing file /home/chrisfleig/.local/lib/python3.10/site-packages/airflow/example_dags/plugins/workday.py for tasks to queue
[2023-01-04T22:04:25.300+0100] {logging_mixin.py:137} INFO - [2023-01-04T22:04:25.300+0100] {dagbag.py:538} INFO - Filling up the DagBag from /home/chrisfleig/.local/lib/python3.10/site-packages/airflow/example_dags/plugins/workday.py
[2023-01-04T22:04:25.302+0100] {processor.py:755} WARNING - No viable dags retrieved from /home/chrisfleig/.local/lib/python3.10/site-packages/airflow/example_dags/plugins/workday.py
[2023-01-04T22:04:25.308+0100] {processor.py:175} INFO - Processing /home/chrisfleig/.local/lib/python3.10/site-packages/airflow/example_dags/plugins/workday.py took 0.012 seconds
[2023-01-04T22:05:07.825+0100] {processor.py:153} INFO - Started process (PID=510) to work on /home/chrisfleig/.local/lib/python3.10/site-packages/airflow/example_dags/plugins/workday.py
[2023-01-04T22:05:07.826+0100] {processor.py:743} INFO - Processing file /home/chrisfleig/.local/lib/python3.10/site-packages/airflow/example_dags/plugins/workday.py for tasks to queue
[2023-01-04T22:05:07.827+0100] {logging_mixin.py:137} INFO - [2023-01-04T22:05:07.827+0100] {dagbag.py:538} INFO - Filling up the DagBag from /home/chrisfleig/.local/lib/python3.10/site-packages/airflow/example_dags/plugins/workday.py
[2023-01-04T22:05:07.829+0100] {processor.py:755} WARNING - No viable dags retrieved from /home/chrisfleig/.local/lib/python3.10/site-packages/airflow/example_dags/plugins/workday.py
[2023-01-04T22:05:07.842+0100] {processor.py:175} INFO - Processing /home/chrisfleig/.local/lib/python3.10/site-packages/airflow/example_dags/plugins/workday.py took 0.023 seconds
[2023-01-04T22:05:49.568+0100] {processor.py:153} INFO - Started process (PID=551) to work on /home/chrisfleig/.local/lib/python3.10/site-packages/airflow/example_dags/plugins/workday.py
[2023-01-04T22:05:49.568+0100] {processor.py:743} INFO - Processing file /home/chrisfleig/.local/lib/python3.10/site-packages/airflow/example_dags/plugins/workday.py for tasks to queue
[2023-01-04T22:05:49.569+0100] {logging_mixin.py:137} INFO - [2023-01-04T22:05:49.569+0100] {dagbag.py:538} INFO - Filling up the DagBag from /home/chrisfleig/.local/lib/python3.10/site-packages/airflow/example_dags/plugins/workday.py
[2023-01-04T22:05:49.570+0100] {processor.py:755} WARNING - No viable dags retrieved from /home/chrisfleig/.local/lib/python3.10/site-packages/airflow/example_dags/plugins/workday.py
[2023-01-04T22:05:49.577+0100] {processor.py:175} INFO - Processing /home/chrisfleig/.local/lib/python3.10/site-packages/airflow/example_dags/plugins/workday.py took 0.012 seconds
[2023-01-04T22:06:34.996+0100] {processor.py:153} INFO - Started process (PID=595) to work on /home/chrisfleig/.local/lib/python3.10/site-packages/airflow/example_dags/plugins/workday.py
[2023-01-04T22:06:34.997+0100] {processor.py:743} INFO - Processing file /home/chrisfleig/.local/lib/python3.10/site-packages/airflow/example_dags/plugins/workday.py for tasks to queue
[2023-01-04T22:06:34.997+0100] {logging_mixin.py:137} INFO - [2023-01-04T22:06:34.997+0100] {dagbag.py:538} INFO - Filling up the DagBag from /home/chrisfleig/.local/lib/python3.10/site-packages/airflow/example_dags/plugins/workday.py
[2023-01-04T22:06:34.999+0100] {processor.py:755} WARNING - No viable dags retrieved from /home/chrisfleig/.local/lib/python3.10/site-packages/airflow/example_dags/plugins/workday.py
[2023-01-04T22:06:35.006+0100] {processor.py:175} INFO - Processing /home/chrisfleig/.local/lib/python3.10/site-packages/airflow/example_dags/plugins/workday.py took 0.013 seconds
[2023-01-04T22:07:19.142+0100] {processor.py:153} INFO - Started process (PID=639) to work on /home/chrisfleig/.local/lib/python3.10/site-packages/airflow/example_dags/plugins/workday.py
[2023-01-04T22:07:19.143+0100] {processor.py:743} INFO - Processing file /home/chrisfleig/.local/lib/python3.10/site-packages/airflow/example_dags/plugins/workday.py for tasks to queue
[2023-01-04T22:07:19.143+0100] {logging_mixin.py:137} INFO - [2023-01-04T22:07:19.143+0100] {dagbag.py:538} INFO - Filling up the DagBag from /home/chrisfleig/.local/lib/python3.10/site-packages/airflow/example_dags/plugins/workday.py
[2023-01-04T22:07:19.144+0100] {processor.py:755} WARNING - No viable dags retrieved from /home/chrisfleig/.local/lib/python3.10/site-packages/airflow/example_dags/plugins/workday.py
[2023-01-04T22:07:19.151+0100] {processor.py:175} INFO - Processing /home/chrisfleig/.local/lib/python3.10/site-packages/airflow/example_dags/plugins/workday.py took 0.012 seconds
[2023-01-04T22:07:59.757+0100] {processor.py:153} INFO - Started process (PID=678) to work on /home/chrisfleig/.local/lib/python3.10/site-packages/airflow/example_dags/plugins/workday.py
[2023-01-04T22:07:59.758+0100] {processor.py:743} INFO - Processing file /home/chrisfleig/.local/lib/python3.10/site-packages/airflow/example_dags/plugins/workday.py for tasks to queue
[2023-01-04T22:07:59.759+0100] {logging_mixin.py:137} INFO - [2023-01-04T22:07:59.759+0100] {dagbag.py:538} INFO - Filling up the DagBag from /home/chrisfleig/.local/lib/python3.10/site-packages/airflow/example_dags/plugins/workday.py
[2023-01-04T22:07:59.760+0100] {processor.py:755} WARNING - No viable dags retrieved from /home/chrisfleig/.local/lib/python3.10/site-packages/airflow/example_dags/plugins/workday.py
[2023-01-04T22:07:59.767+0100] {processor.py:175} INFO - Processing /home/chrisfleig/.local/lib/python3.10/site-packages/airflow/example_dags/plugins/workday.py took 0.012 seconds
[2023-01-04T22:08:40.627+0100] {processor.py:153} INFO - Started process (PID=720) to work on /home/chrisfleig/.local/lib/python3.10/site-packages/airflow/example_dags/plugins/workday.py
[2023-01-04T22:08:40.628+0100] {processor.py:743} INFO - Processing file /home/chrisfleig/.local/lib/python3.10/site-packages/airflow/example_dags/plugins/workday.py for tasks to queue
[2023-01-04T22:08:40.629+0100] {logging_mixin.py:137} INFO - [2023-01-04T22:08:40.629+0100] {dagbag.py:538} INFO - Filling up the DagBag from /home/chrisfleig/.local/lib/python3.10/site-packages/airflow/example_dags/plugins/workday.py
[2023-01-04T22:08:40.630+0100] {processor.py:755} WARNING - No viable dags retrieved from /home/chrisfleig/.local/lib/python3.10/site-packages/airflow/example_dags/plugins/workday.py
[2023-01-04T22:08:40.638+0100] {processor.py:175} INFO - Processing /home/chrisfleig/.local/lib/python3.10/site-packages/airflow/example_dags/plugins/workday.py took 0.014 seconds
[2023-01-04T22:09:24.072+0100] {processor.py:153} INFO - Started process (PID=763) to work on /home/chrisfleig/.local/lib/python3.10/site-packages/airflow/example_dags/plugins/workday.py
[2023-01-04T22:09:24.073+0100] {processor.py:743} INFO - Processing file /home/chrisfleig/.local/lib/python3.10/site-packages/airflow/example_dags/plugins/workday.py for tasks to queue
[2023-01-04T22:09:24.074+0100] {logging_mixin.py:137} INFO - [2023-01-04T22:09:24.074+0100] {dagbag.py:538} INFO - Filling up the DagBag from /home/chrisfleig/.local/lib/python3.10/site-packages/airflow/example_dags/plugins/workday.py
[2023-01-04T22:09:24.076+0100] {processor.py:755} WARNING - No viable dags retrieved from /home/chrisfleig/.local/lib/python3.10/site-packages/airflow/example_dags/plugins/workday.py
[2023-01-04T22:09:24.084+0100] {processor.py:175} INFO - Processing /home/chrisfleig/.local/lib/python3.10/site-packages/airflow/example_dags/plugins/workday.py took 0.016 seconds
[2023-01-04T22:10:07.170+0100] {processor.py:153} INFO - Started process (PID=805) to work on /home/chrisfleig/.local/lib/python3.10/site-packages/airflow/example_dags/plugins/workday.py
[2023-01-04T22:10:07.171+0100] {processor.py:743} INFO - Processing file /home/chrisfleig/.local/lib/python3.10/site-packages/airflow/example_dags/plugins/workday.py for tasks to queue
[2023-01-04T22:10:07.171+0100] {logging_mixin.py:137} INFO - [2023-01-04T22:10:07.171+0100] {dagbag.py:538} INFO - Filling up the DagBag from /home/chrisfleig/.local/lib/python3.10/site-packages/airflow/example_dags/plugins/workday.py
[2023-01-04T22:10:07.173+0100] {processor.py:755} WARNING - No viable dags retrieved from /home/chrisfleig/.local/lib/python3.10/site-packages/airflow/example_dags/plugins/workday.py
[2023-01-04T22:10:07.179+0100] {processor.py:175} INFO - Processing /home/chrisfleig/.local/lib/python3.10/site-packages/airflow/example_dags/plugins/workday.py took 0.012 seconds
[2023-01-04T22:10:45.697+0100] {processor.py:153} INFO - Started process (PID=843) to work on /home/chrisfleig/.local/lib/python3.10/site-packages/airflow/example_dags/plugins/workday.py
[2023-01-04T22:10:45.710+0100] {processor.py:743} INFO - Processing file /home/chrisfleig/.local/lib/python3.10/site-packages/airflow/example_dags/plugins/workday.py for tasks to queue
[2023-01-04T22:10:45.711+0100] {logging_mixin.py:137} INFO - [2023-01-04T22:10:45.711+0100] {dagbag.py:538} INFO - Filling up the DagBag from /home/chrisfleig/.local/lib/python3.10/site-packages/airflow/example_dags/plugins/workday.py
[2023-01-04T22:10:45.712+0100] {processor.py:755} WARNING - No viable dags retrieved from /home/chrisfleig/.local/lib/python3.10/site-packages/airflow/example_dags/plugins/workday.py
[2023-01-04T22:10:45.724+0100] {processor.py:175} INFO - Processing /home/chrisfleig/.local/lib/python3.10/site-packages/airflow/example_dags/plugins/workday.py took 0.031 seconds
[2023-01-04T22:11:29.911+0100] {processor.py:153} INFO - Started process (PID=886) to work on /home/chrisfleig/.local/lib/python3.10/site-packages/airflow/example_dags/plugins/workday.py
[2023-01-04T22:11:29.912+0100] {processor.py:743} INFO - Processing file /home/chrisfleig/.local/lib/python3.10/site-packages/airflow/example_dags/plugins/workday.py for tasks to queue
[2023-01-04T22:11:29.913+0100] {logging_mixin.py:137} INFO - [2023-01-04T22:11:29.913+0100] {dagbag.py:538} INFO - Filling up the DagBag from /home/chrisfleig/.local/lib/python3.10/site-packages/airflow/example_dags/plugins/workday.py
[2023-01-04T22:11:29.914+0100] {processor.py:755} WARNING - No viable dags retrieved from /home/chrisfleig/.local/lib/python3.10/site-packages/airflow/example_dags/plugins/workday.py
[2023-01-04T22:11:29.926+0100] {processor.py:175} INFO - Processing /home/chrisfleig/.local/lib/python3.10/site-packages/airflow/example_dags/plugins/workday.py took 0.017 seconds
[2023-01-04T22:12:11.708+0100] {processor.py:153} INFO - Started process (PID=926) to work on /home/chrisfleig/.local/lib/python3.10/site-packages/airflow/example_dags/plugins/workday.py
[2023-01-04T22:12:11.709+0100] {processor.py:743} INFO - Processing file /home/chrisfleig/.local/lib/python3.10/site-packages/airflow/example_dags/plugins/workday.py for tasks to queue
[2023-01-04T22:12:11.710+0100] {logging_mixin.py:137} INFO - [2023-01-04T22:12:11.710+0100] {dagbag.py:538} INFO - Filling up the DagBag from /home/chrisfleig/.local/lib/python3.10/site-packages/airflow/example_dags/plugins/workday.py
[2023-01-04T22:12:11.712+0100] {processor.py:755} WARNING - No viable dags retrieved from /home/chrisfleig/.local/lib/python3.10/site-packages/airflow/example_dags/plugins/workday.py
[2023-01-04T22:12:11.720+0100] {processor.py:175} INFO - Processing /home/chrisfleig/.local/lib/python3.10/site-packages/airflow/example_dags/plugins/workday.py took 0.015 seconds
[2023-01-04T22:12:52.879+0100] {processor.py:153} INFO - Started process (PID=966) to work on /home/chrisfleig/.local/lib/python3.10/site-packages/airflow/example_dags/plugins/workday.py
[2023-01-04T22:12:52.879+0100] {processor.py:743} INFO - Processing file /home/chrisfleig/.local/lib/python3.10/site-packages/airflow/example_dags/plugins/workday.py for tasks to queue
[2023-01-04T22:12:52.880+0100] {logging_mixin.py:137} INFO - [2023-01-04T22:12:52.880+0100] {dagbag.py:538} INFO - Filling up the DagBag from /home/chrisfleig/.local/lib/python3.10/site-packages/airflow/example_dags/plugins/workday.py
[2023-01-04T22:12:52.881+0100] {processor.py:755} WARNING - No viable dags retrieved from /home/chrisfleig/.local/lib/python3.10/site-packages/airflow/example_dags/plugins/workday.py
[2023-01-04T22:12:52.888+0100] {processor.py:175} INFO - Processing /home/chrisfleig/.local/lib/python3.10/site-packages/airflow/example_dags/plugins/workday.py took 0.012 seconds
[2023-01-04T22:13:36.965+0100] {processor.py:153} INFO - Started process (PID=1010) to work on /home/chrisfleig/.local/lib/python3.10/site-packages/airflow/example_dags/plugins/workday.py
[2023-01-04T22:13:36.966+0100] {processor.py:743} INFO - Processing file /home/chrisfleig/.local/lib/python3.10/site-packages/airflow/example_dags/plugins/workday.py for tasks to queue
[2023-01-04T22:13:36.967+0100] {logging_mixin.py:137} INFO - [2023-01-04T22:13:36.967+0100] {dagbag.py:538} INFO - Filling up the DagBag from /home/chrisfleig/.local/lib/python3.10/site-packages/airflow/example_dags/plugins/workday.py
[2023-01-04T22:13:36.970+0100] {processor.py:755} WARNING - No viable dags retrieved from /home/chrisfleig/.local/lib/python3.10/site-packages/airflow/example_dags/plugins/workday.py
[2023-01-04T22:13:36.980+0100] {processor.py:175} INFO - Processing /home/chrisfleig/.local/lib/python3.10/site-packages/airflow/example_dags/plugins/workday.py took 0.021 seconds
[2023-01-04T22:14:16.086+0100] {processor.py:153} INFO - Started process (PID=1050) to work on /home/chrisfleig/.local/lib/python3.10/site-packages/airflow/example_dags/plugins/workday.py
[2023-01-04T22:14:16.088+0100] {processor.py:743} INFO - Processing file /home/chrisfleig/.local/lib/python3.10/site-packages/airflow/example_dags/plugins/workday.py for tasks to queue
[2023-01-04T22:14:16.089+0100] {logging_mixin.py:137} INFO - [2023-01-04T22:14:16.089+0100] {dagbag.py:538} INFO - Filling up the DagBag from /home/chrisfleig/.local/lib/python3.10/site-packages/airflow/example_dags/plugins/workday.py
[2023-01-04T22:14:16.091+0100] {processor.py:755} WARNING - No viable dags retrieved from /home/chrisfleig/.local/lib/python3.10/site-packages/airflow/example_dags/plugins/workday.py
[2023-01-04T22:14:16.101+0100] {processor.py:175} INFO - Processing /home/chrisfleig/.local/lib/python3.10/site-packages/airflow/example_dags/plugins/workday.py took 0.020 seconds
[2023-01-04T22:14:58.190+0100] {processor.py:153} INFO - Started process (PID=1091) to work on /home/chrisfleig/.local/lib/python3.10/site-packages/airflow/example_dags/plugins/workday.py
[2023-01-04T22:14:58.192+0100] {processor.py:743} INFO - Processing file /home/chrisfleig/.local/lib/python3.10/site-packages/airflow/example_dags/plugins/workday.py for tasks to queue
[2023-01-04T22:14:58.193+0100] {logging_mixin.py:137} INFO - [2023-01-04T22:14:58.193+0100] {dagbag.py:538} INFO - Filling up the DagBag from /home/chrisfleig/.local/lib/python3.10/site-packages/airflow/example_dags/plugins/workday.py
[2023-01-04T22:14:58.197+0100] {processor.py:755} WARNING - No viable dags retrieved from /home/chrisfleig/.local/lib/python3.10/site-packages/airflow/example_dags/plugins/workday.py
[2023-01-04T22:14:58.212+0100] {processor.py:175} INFO - Processing /home/chrisfleig/.local/lib/python3.10/site-packages/airflow/example_dags/plugins/workday.py took 0.025 seconds
[2023-01-04T22:15:44.117+0100] {processor.py:153} INFO - Started process (PID=1136) to work on /home/chrisfleig/.local/lib/python3.10/site-packages/airflow/example_dags/plugins/workday.py
[2023-01-04T22:15:44.119+0100] {processor.py:743} INFO - Processing file /home/chrisfleig/.local/lib/python3.10/site-packages/airflow/example_dags/plugins/workday.py for tasks to queue
[2023-01-04T22:15:44.120+0100] {logging_mixin.py:137} INFO - [2023-01-04T22:15:44.119+0100] {dagbag.py:538} INFO - Filling up the DagBag from /home/chrisfleig/.local/lib/python3.10/site-packages/airflow/example_dags/plugins/workday.py
[2023-01-04T22:15:44.121+0100] {processor.py:755} WARNING - No viable dags retrieved from /home/chrisfleig/.local/lib/python3.10/site-packages/airflow/example_dags/plugins/workday.py
[2023-01-04T22:15:44.129+0100] {processor.py:175} INFO - Processing /home/chrisfleig/.local/lib/python3.10/site-packages/airflow/example_dags/plugins/workday.py took 0.016 seconds
[2023-01-04T22:16:30.630+0100] {processor.py:153} INFO - Started process (PID=1181) to work on /home/chrisfleig/.local/lib/python3.10/site-packages/airflow/example_dags/plugins/workday.py
[2023-01-04T22:16:30.631+0100] {processor.py:743} INFO - Processing file /home/chrisfleig/.local/lib/python3.10/site-packages/airflow/example_dags/plugins/workday.py for tasks to queue
[2023-01-04T22:16:30.632+0100] {logging_mixin.py:137} INFO - [2023-01-04T22:16:30.631+0100] {dagbag.py:538} INFO - Filling up the DagBag from /home/chrisfleig/.local/lib/python3.10/site-packages/airflow/example_dags/plugins/workday.py
[2023-01-04T22:16:30.633+0100] {processor.py:755} WARNING - No viable dags retrieved from /home/chrisfleig/.local/lib/python3.10/site-packages/airflow/example_dags/plugins/workday.py
[2023-01-04T22:16:30.640+0100] {processor.py:175} INFO - Processing /home/chrisfleig/.local/lib/python3.10/site-packages/airflow/example_dags/plugins/workday.py took 0.013 seconds
[2023-01-04T22:17:14.718+0100] {processor.py:153} INFO - Started process (PID=1226) to work on /home/chrisfleig/.local/lib/python3.10/site-packages/airflow/example_dags/plugins/workday.py
[2023-01-04T22:17:14.719+0100] {processor.py:743} INFO - Processing file /home/chrisfleig/.local/lib/python3.10/site-packages/airflow/example_dags/plugins/workday.py for tasks to queue
[2023-01-04T22:17:14.720+0100] {logging_mixin.py:137} INFO - [2023-01-04T22:17:14.720+0100] {dagbag.py:538} INFO - Filling up the DagBag from /home/chrisfleig/.local/lib/python3.10/site-packages/airflow/example_dags/plugins/workday.py
[2023-01-04T22:17:14.721+0100] {processor.py:755} WARNING - No viable dags retrieved from /home/chrisfleig/.local/lib/python3.10/site-packages/airflow/example_dags/plugins/workday.py
[2023-01-04T22:17:14.729+0100] {processor.py:175} INFO - Processing /home/chrisfleig/.local/lib/python3.10/site-packages/airflow/example_dags/plugins/workday.py took 0.013 seconds
[2023-01-04T22:17:51.309+0100] {processor.py:153} INFO - Started process (PID=1264) to work on /home/chrisfleig/.local/lib/python3.10/site-packages/airflow/example_dags/plugins/workday.py
[2023-01-04T22:17:51.310+0100] {processor.py:743} INFO - Processing file /home/chrisfleig/.local/lib/python3.10/site-packages/airflow/example_dags/plugins/workday.py for tasks to queue
[2023-01-04T22:17:51.311+0100] {logging_mixin.py:137} INFO - [2023-01-04T22:17:51.311+0100] {dagbag.py:538} INFO - Filling up the DagBag from /home/chrisfleig/.local/lib/python3.10/site-packages/airflow/example_dags/plugins/workday.py
[2023-01-04T22:17:51.312+0100] {processor.py:755} WARNING - No viable dags retrieved from /home/chrisfleig/.local/lib/python3.10/site-packages/airflow/example_dags/plugins/workday.py
[2023-01-04T22:17:51.319+0100] {processor.py:175} INFO - Processing /home/chrisfleig/.local/lib/python3.10/site-packages/airflow/example_dags/plugins/workday.py took 0.012 seconds
[2023-01-04T22:18:34.136+0100] {processor.py:153} INFO - Started process (PID=1306) to work on /home/chrisfleig/.local/lib/python3.10/site-packages/airflow/example_dags/plugins/workday.py
[2023-01-04T22:18:34.137+0100] {processor.py:743} INFO - Processing file /home/chrisfleig/.local/lib/python3.10/site-packages/airflow/example_dags/plugins/workday.py for tasks to queue
[2023-01-04T22:18:34.137+0100] {logging_mixin.py:137} INFO - [2023-01-04T22:18:34.137+0100] {dagbag.py:538} INFO - Filling up the DagBag from /home/chrisfleig/.local/lib/python3.10/site-packages/airflow/example_dags/plugins/workday.py
[2023-01-04T22:18:34.139+0100] {processor.py:755} WARNING - No viable dags retrieved from /home/chrisfleig/.local/lib/python3.10/site-packages/airflow/example_dags/plugins/workday.py
[2023-01-04T22:18:34.146+0100] {processor.py:175} INFO - Processing /home/chrisfleig/.local/lib/python3.10/site-packages/airflow/example_dags/plugins/workday.py took 0.012 seconds
[2023-01-04T22:19:25.007+0100] {processor.py:153} INFO - Started process (PID=1361) to work on /home/chrisfleig/.local/lib/python3.10/site-packages/airflow/example_dags/plugins/workday.py
[2023-01-04T22:19:25.020+0100] {processor.py:743} INFO - Processing file /home/chrisfleig/.local/lib/python3.10/site-packages/airflow/example_dags/plugins/workday.py for tasks to queue
[2023-01-04T22:19:25.021+0100] {logging_mixin.py:137} INFO - [2023-01-04T22:19:25.020+0100] {dagbag.py:538} INFO - Filling up the DagBag from /home/chrisfleig/.local/lib/python3.10/site-packages/airflow/example_dags/plugins/workday.py
[2023-01-04T22:19:25.022+0100] {processor.py:755} WARNING - No viable dags retrieved from /home/chrisfleig/.local/lib/python3.10/site-packages/airflow/example_dags/plugins/workday.py
[2023-01-04T22:19:25.036+0100] {processor.py:175} INFO - Processing /home/chrisfleig/.local/lib/python3.10/site-packages/airflow/example_dags/plugins/workday.py took 0.033 seconds
[2023-01-04T22:20:07.941+0100] {processor.py:153} INFO - Started process (PID=1522) to work on /home/chrisfleig/.local/lib/python3.10/site-packages/airflow/example_dags/plugins/workday.py
[2023-01-04T22:20:07.943+0100] {processor.py:743} INFO - Processing file /home/chrisfleig/.local/lib/python3.10/site-packages/airflow/example_dags/plugins/workday.py for tasks to queue
[2023-01-04T22:20:07.944+0100] {logging_mixin.py:137} INFO - [2023-01-04T22:20:07.944+0100] {dagbag.py:538} INFO - Filling up the DagBag from /home/chrisfleig/.local/lib/python3.10/site-packages/airflow/example_dags/plugins/workday.py
[2023-01-04T22:20:07.947+0100] {processor.py:755} WARNING - No viable dags retrieved from /home/chrisfleig/.local/lib/python3.10/site-packages/airflow/example_dags/plugins/workday.py
[2023-01-04T22:20:07.957+0100] {processor.py:175} INFO - Processing /home/chrisfleig/.local/lib/python3.10/site-packages/airflow/example_dags/plugins/workday.py took 0.020 seconds
[2023-01-04T22:20:59.154+0100] {processor.py:153} INFO - Started process (PID=1570) to work on /home/chrisfleig/.local/lib/python3.10/site-packages/airflow/example_dags/plugins/workday.py
[2023-01-04T22:20:59.156+0100] {processor.py:743} INFO - Processing file /home/chrisfleig/.local/lib/python3.10/site-packages/airflow/example_dags/plugins/workday.py for tasks to queue
[2023-01-04T22:20:59.156+0100] {logging_mixin.py:137} INFO - [2023-01-04T22:20:59.156+0100] {dagbag.py:538} INFO - Filling up the DagBag from /home/chrisfleig/.local/lib/python3.10/site-packages/airflow/example_dags/plugins/workday.py
[2023-01-04T22:20:59.158+0100] {processor.py:755} WARNING - No viable dags retrieved from /home/chrisfleig/.local/lib/python3.10/site-packages/airflow/example_dags/plugins/workday.py
[2023-01-04T22:20:59.167+0100] {processor.py:175} INFO - Processing /home/chrisfleig/.local/lib/python3.10/site-packages/airflow/example_dags/plugins/workday.py took 0.016 seconds
[2023-01-04T22:21:51.088+0100] {processor.py:153} INFO - Started process (PID=1652) to work on /home/chrisfleig/.local/lib/python3.10/site-packages/airflow/example_dags/plugins/workday.py
[2023-01-04T22:21:51.089+0100] {processor.py:743} INFO - Processing file /home/chrisfleig/.local/lib/python3.10/site-packages/airflow/example_dags/plugins/workday.py for tasks to queue
[2023-01-04T22:21:51.089+0100] {logging_mixin.py:137} INFO - [2023-01-04T22:21:51.089+0100] {dagbag.py:538} INFO - Filling up the DagBag from /home/chrisfleig/.local/lib/python3.10/site-packages/airflow/example_dags/plugins/workday.py
[2023-01-04T22:21:51.091+0100] {processor.py:755} WARNING - No viable dags retrieved from /home/chrisfleig/.local/lib/python3.10/site-packages/airflow/example_dags/plugins/workday.py
[2023-01-04T22:21:51.098+0100] {processor.py:175} INFO - Processing /home/chrisfleig/.local/lib/python3.10/site-packages/airflow/example_dags/plugins/workday.py took 0.012 seconds
[2023-01-04T22:22:36.312+0100] {processor.py:153} INFO - Started process (PID=1695) to work on /home/chrisfleig/.local/lib/python3.10/site-packages/airflow/example_dags/plugins/workday.py
[2023-01-04T22:22:36.313+0100] {processor.py:743} INFO - Processing file /home/chrisfleig/.local/lib/python3.10/site-packages/airflow/example_dags/plugins/workday.py for tasks to queue
[2023-01-04T22:22:36.313+0100] {logging_mixin.py:137} INFO - [2023-01-04T22:22:36.313+0100] {dagbag.py:538} INFO - Filling up the DagBag from /home/chrisfleig/.local/lib/python3.10/site-packages/airflow/example_dags/plugins/workday.py
[2023-01-04T22:22:36.314+0100] {processor.py:755} WARNING - No viable dags retrieved from /home/chrisfleig/.local/lib/python3.10/site-packages/airflow/example_dags/plugins/workday.py
[2023-01-04T22:22:36.322+0100] {processor.py:175} INFO - Processing /home/chrisfleig/.local/lib/python3.10/site-packages/airflow/example_dags/plugins/workday.py took 0.013 seconds
[2023-01-04T22:23:15.798+0100] {processor.py:153} INFO - Started process (PID=1734) to work on /home/chrisfleig/.local/lib/python3.10/site-packages/airflow/example_dags/plugins/workday.py
[2023-01-04T22:23:15.799+0100] {processor.py:743} INFO - Processing file /home/chrisfleig/.local/lib/python3.10/site-packages/airflow/example_dags/plugins/workday.py for tasks to queue
[2023-01-04T22:23:15.800+0100] {logging_mixin.py:137} INFO - [2023-01-04T22:23:15.800+0100] {dagbag.py:538} INFO - Filling up the DagBag from /home/chrisfleig/.local/lib/python3.10/site-packages/airflow/example_dags/plugins/workday.py
[2023-01-04T22:23:15.802+0100] {processor.py:755} WARNING - No viable dags retrieved from /home/chrisfleig/.local/lib/python3.10/site-packages/airflow/example_dags/plugins/workday.py
[2023-01-04T22:23:15.809+0100] {processor.py:175} INFO - Processing /home/chrisfleig/.local/lib/python3.10/site-packages/airflow/example_dags/plugins/workday.py took 0.014 seconds
[2023-01-04T22:24:01.669+0100] {processor.py:153} INFO - Started process (PID=1778) to work on /home/chrisfleig/.local/lib/python3.10/site-packages/airflow/example_dags/plugins/workday.py
[2023-01-04T22:24:01.670+0100] {processor.py:743} INFO - Processing file /home/chrisfleig/.local/lib/python3.10/site-packages/airflow/example_dags/plugins/workday.py for tasks to queue
[2023-01-04T22:24:01.671+0100] {logging_mixin.py:137} INFO - [2023-01-04T22:24:01.671+0100] {dagbag.py:538} INFO - Filling up the DagBag from /home/chrisfleig/.local/lib/python3.10/site-packages/airflow/example_dags/plugins/workday.py
[2023-01-04T22:24:01.673+0100] {processor.py:755} WARNING - No viable dags retrieved from /home/chrisfleig/.local/lib/python3.10/site-packages/airflow/example_dags/plugins/workday.py
[2023-01-04T22:24:01.683+0100] {processor.py:175} INFO - Processing /home/chrisfleig/.local/lib/python3.10/site-packages/airflow/example_dags/plugins/workday.py took 0.019 seconds
[2023-01-04T22:24:40.604+0100] {processor.py:153} INFO - Started process (PID=1817) to work on /home/chrisfleig/.local/lib/python3.10/site-packages/airflow/example_dags/plugins/workday.py
[2023-01-04T22:24:40.605+0100] {processor.py:743} INFO - Processing file /home/chrisfleig/.local/lib/python3.10/site-packages/airflow/example_dags/plugins/workday.py for tasks to queue
[2023-01-04T22:24:40.605+0100] {logging_mixin.py:137} INFO - [2023-01-04T22:24:40.605+0100] {dagbag.py:538} INFO - Filling up the DagBag from /home/chrisfleig/.local/lib/python3.10/site-packages/airflow/example_dags/plugins/workday.py
[2023-01-04T22:24:40.606+0100] {processor.py:755} WARNING - No viable dags retrieved from /home/chrisfleig/.local/lib/python3.10/site-packages/airflow/example_dags/plugins/workday.py
[2023-01-04T22:24:40.614+0100] {processor.py:175} INFO - Processing /home/chrisfleig/.local/lib/python3.10/site-packages/airflow/example_dags/plugins/workday.py took 0.012 seconds
[2023-01-04T22:25:27.640+0100] {processor.py:153} INFO - Started process (PID=1862) to work on /home/chrisfleig/.local/lib/python3.10/site-packages/airflow/example_dags/plugins/workday.py
[2023-01-04T22:25:27.641+0100] {processor.py:743} INFO - Processing file /home/chrisfleig/.local/lib/python3.10/site-packages/airflow/example_dags/plugins/workday.py for tasks to queue
[2023-01-04T22:25:27.641+0100] {logging_mixin.py:137} INFO - [2023-01-04T22:25:27.641+0100] {dagbag.py:538} INFO - Filling up the DagBag from /home/chrisfleig/.local/lib/python3.10/site-packages/airflow/example_dags/plugins/workday.py
[2023-01-04T22:25:27.643+0100] {processor.py:755} WARNING - No viable dags retrieved from /home/chrisfleig/.local/lib/python3.10/site-packages/airflow/example_dags/plugins/workday.py
[2023-01-04T22:25:27.653+0100] {processor.py:175} INFO - Processing /home/chrisfleig/.local/lib/python3.10/site-packages/airflow/example_dags/plugins/workday.py took 0.016 seconds
[2023-01-04T22:26:11.855+0100] {processor.py:153} INFO - Started process (PID=1901) to work on /home/chrisfleig/.local/lib/python3.10/site-packages/airflow/example_dags/plugins/workday.py
[2023-01-04T22:26:11.856+0100] {processor.py:743} INFO - Processing file /home/chrisfleig/.local/lib/python3.10/site-packages/airflow/example_dags/plugins/workday.py for tasks to queue
[2023-01-04T22:26:11.856+0100] {logging_mixin.py:137} INFO - [2023-01-04T22:26:11.856+0100] {dagbag.py:538} INFO - Filling up the DagBag from /home/chrisfleig/.local/lib/python3.10/site-packages/airflow/example_dags/plugins/workday.py
[2023-01-04T22:26:11.858+0100] {processor.py:755} WARNING - No viable dags retrieved from /home/chrisfleig/.local/lib/python3.10/site-packages/airflow/example_dags/plugins/workday.py
[2023-01-04T22:26:11.869+0100] {processor.py:175} INFO - Processing /home/chrisfleig/.local/lib/python3.10/site-packages/airflow/example_dags/plugins/workday.py took 0.017 seconds
[2023-01-04T22:26:54.873+0100] {processor.py:153} INFO - Started process (PID=1957) to work on /home/chrisfleig/.local/lib/python3.10/site-packages/airflow/example_dags/plugins/workday.py
[2023-01-04T22:26:54.874+0100] {processor.py:743} INFO - Processing file /home/chrisfleig/.local/lib/python3.10/site-packages/airflow/example_dags/plugins/workday.py for tasks to queue
[2023-01-04T22:26:54.875+0100] {logging_mixin.py:137} INFO - [2023-01-04T22:26:54.875+0100] {dagbag.py:538} INFO - Filling up the DagBag from /home/chrisfleig/.local/lib/python3.10/site-packages/airflow/example_dags/plugins/workday.py
[2023-01-04T22:26:54.876+0100] {processor.py:755} WARNING - No viable dags retrieved from /home/chrisfleig/.local/lib/python3.10/site-packages/airflow/example_dags/plugins/workday.py
[2023-01-04T22:26:54.884+0100] {processor.py:175} INFO - Processing /home/chrisfleig/.local/lib/python3.10/site-packages/airflow/example_dags/plugins/workday.py took 0.013 seconds
[2023-01-04T22:27:35.968+0100] {processor.py:153} INFO - Started process (PID=1999) to work on /home/chrisfleig/.local/lib/python3.10/site-packages/airflow/example_dags/plugins/workday.py
[2023-01-04T22:27:35.969+0100] {processor.py:743} INFO - Processing file /home/chrisfleig/.local/lib/python3.10/site-packages/airflow/example_dags/plugins/workday.py for tasks to queue
[2023-01-04T22:27:35.970+0100] {logging_mixin.py:137} INFO - [2023-01-04T22:27:35.970+0100] {dagbag.py:538} INFO - Filling up the DagBag from /home/chrisfleig/.local/lib/python3.10/site-packages/airflow/example_dags/plugins/workday.py
[2023-01-04T22:27:35.972+0100] {processor.py:755} WARNING - No viable dags retrieved from /home/chrisfleig/.local/lib/python3.10/site-packages/airflow/example_dags/plugins/workday.py
[2023-01-04T22:27:35.980+0100] {processor.py:175} INFO - Processing /home/chrisfleig/.local/lib/python3.10/site-packages/airflow/example_dags/plugins/workday.py took 0.017 seconds
[2023-01-04T22:28:14.043+0100] {processor.py:153} INFO - Started process (PID=2041) to work on /home/chrisfleig/.local/lib/python3.10/site-packages/airflow/example_dags/plugins/workday.py
[2023-01-04T22:28:14.044+0100] {processor.py:743} INFO - Processing file /home/chrisfleig/.local/lib/python3.10/site-packages/airflow/example_dags/plugins/workday.py for tasks to queue
[2023-01-04T22:28:14.044+0100] {logging_mixin.py:137} INFO - [2023-01-04T22:28:14.044+0100] {dagbag.py:538} INFO - Filling up the DagBag from /home/chrisfleig/.local/lib/python3.10/site-packages/airflow/example_dags/plugins/workday.py
[2023-01-04T22:28:14.046+0100] {processor.py:755} WARNING - No viable dags retrieved from /home/chrisfleig/.local/lib/python3.10/site-packages/airflow/example_dags/plugins/workday.py
[2023-01-04T22:28:14.052+0100] {processor.py:175} INFO - Processing /home/chrisfleig/.local/lib/python3.10/site-packages/airflow/example_dags/plugins/workday.py took 0.012 seconds
[2023-01-04T22:29:01.038+0100] {processor.py:153} INFO - Started process (PID=2088) to work on /home/chrisfleig/.local/lib/python3.10/site-packages/airflow/example_dags/plugins/workday.py
[2023-01-04T22:29:01.039+0100] {processor.py:743} INFO - Processing file /home/chrisfleig/.local/lib/python3.10/site-packages/airflow/example_dags/plugins/workday.py for tasks to queue
[2023-01-04T22:29:01.040+0100] {logging_mixin.py:137} INFO - [2023-01-04T22:29:01.039+0100] {dagbag.py:538} INFO - Filling up the DagBag from /home/chrisfleig/.local/lib/python3.10/site-packages/airflow/example_dags/plugins/workday.py
[2023-01-04T22:29:01.041+0100] {processor.py:755} WARNING - No viable dags retrieved from /home/chrisfleig/.local/lib/python3.10/site-packages/airflow/example_dags/plugins/workday.py
[2023-01-04T22:29:01.049+0100] {processor.py:175} INFO - Processing /home/chrisfleig/.local/lib/python3.10/site-packages/airflow/example_dags/plugins/workday.py took 0.014 seconds
[2023-01-04T22:29:39.366+0100] {processor.py:153} INFO - Started process (PID=2133) to work on /home/chrisfleig/.local/lib/python3.10/site-packages/airflow/example_dags/plugins/workday.py
[2023-01-04T22:29:39.368+0100] {processor.py:743} INFO - Processing file /home/chrisfleig/.local/lib/python3.10/site-packages/airflow/example_dags/plugins/workday.py for tasks to queue
[2023-01-04T22:29:39.368+0100] {logging_mixin.py:137} INFO - [2023-01-04T22:29:39.368+0100] {dagbag.py:538} INFO - Filling up the DagBag from /home/chrisfleig/.local/lib/python3.10/site-packages/airflow/example_dags/plugins/workday.py
[2023-01-04T22:29:39.371+0100] {processor.py:755} WARNING - No viable dags retrieved from /home/chrisfleig/.local/lib/python3.10/site-packages/airflow/example_dags/plugins/workday.py
[2023-01-04T22:29:39.380+0100] {processor.py:175} INFO - Processing /home/chrisfleig/.local/lib/python3.10/site-packages/airflow/example_dags/plugins/workday.py took 0.018 seconds
[2023-01-04T22:30:19.641+0100] {processor.py:153} INFO - Started process (PID=2172) to work on /home/chrisfleig/.local/lib/python3.10/site-packages/airflow/example_dags/plugins/workday.py
[2023-01-04T22:30:19.642+0100] {processor.py:743} INFO - Processing file /home/chrisfleig/.local/lib/python3.10/site-packages/airflow/example_dags/plugins/workday.py for tasks to queue
[2023-01-04T22:30:19.643+0100] {logging_mixin.py:137} INFO - [2023-01-04T22:30:19.643+0100] {dagbag.py:538} INFO - Filling up the DagBag from /home/chrisfleig/.local/lib/python3.10/site-packages/airflow/example_dags/plugins/workday.py
[2023-01-04T22:30:19.645+0100] {processor.py:755} WARNING - No viable dags retrieved from /home/chrisfleig/.local/lib/python3.10/site-packages/airflow/example_dags/plugins/workday.py
[2023-01-04T22:30:19.654+0100] {processor.py:175} INFO - Processing /home/chrisfleig/.local/lib/python3.10/site-packages/airflow/example_dags/plugins/workday.py took 0.017 seconds
[2023-01-04T22:30:59.087+0100] {processor.py:153} INFO - Started process (PID=2216) to work on /home/chrisfleig/.local/lib/python3.10/site-packages/airflow/example_dags/plugins/workday.py
[2023-01-04T22:30:59.088+0100] {processor.py:743} INFO - Processing file /home/chrisfleig/.local/lib/python3.10/site-packages/airflow/example_dags/plugins/workday.py for tasks to queue
[2023-01-04T22:30:59.089+0100] {logging_mixin.py:137} INFO - [2023-01-04T22:30:59.089+0100] {dagbag.py:538} INFO - Filling up the DagBag from /home/chrisfleig/.local/lib/python3.10/site-packages/airflow/example_dags/plugins/workday.py
[2023-01-04T22:30:59.090+0100] {processor.py:755} WARNING - No viable dags retrieved from /home/chrisfleig/.local/lib/python3.10/site-packages/airflow/example_dags/plugins/workday.py
[2023-01-04T22:30:59.097+0100] {processor.py:175} INFO - Processing /home/chrisfleig/.local/lib/python3.10/site-packages/airflow/example_dags/plugins/workday.py took 0.012 seconds
[2023-01-04T22:31:39.687+0100] {processor.py:153} INFO - Started process (PID=2256) to work on /home/chrisfleig/.local/lib/python3.10/site-packages/airflow/example_dags/plugins/workday.py
[2023-01-04T22:31:39.688+0100] {processor.py:743} INFO - Processing file /home/chrisfleig/.local/lib/python3.10/site-packages/airflow/example_dags/plugins/workday.py for tasks to queue
[2023-01-04T22:31:39.689+0100] {logging_mixin.py:137} INFO - [2023-01-04T22:31:39.689+0100] {dagbag.py:538} INFO - Filling up the DagBag from /home/chrisfleig/.local/lib/python3.10/site-packages/airflow/example_dags/plugins/workday.py
[2023-01-04T22:31:39.690+0100] {processor.py:755} WARNING - No viable dags retrieved from /home/chrisfleig/.local/lib/python3.10/site-packages/airflow/example_dags/plugins/workday.py
[2023-01-04T22:31:39.698+0100] {processor.py:175} INFO - Processing /home/chrisfleig/.local/lib/python3.10/site-packages/airflow/example_dags/plugins/workday.py took 0.013 seconds
[2023-01-04T22:32:21.637+0100] {processor.py:153} INFO - Started process (PID=2298) to work on /home/chrisfleig/.local/lib/python3.10/site-packages/airflow/example_dags/plugins/workday.py
[2023-01-04T22:32:21.639+0100] {processor.py:743} INFO - Processing file /home/chrisfleig/.local/lib/python3.10/site-packages/airflow/example_dags/plugins/workday.py for tasks to queue
[2023-01-04T22:32:21.640+0100] {logging_mixin.py:137} INFO - [2023-01-04T22:32:21.640+0100] {dagbag.py:538} INFO - Filling up the DagBag from /home/chrisfleig/.local/lib/python3.10/site-packages/airflow/example_dags/plugins/workday.py
[2023-01-04T22:32:21.643+0100] {processor.py:755} WARNING - No viable dags retrieved from /home/chrisfleig/.local/lib/python3.10/site-packages/airflow/example_dags/plugins/workday.py
[2023-01-04T22:32:21.654+0100] {processor.py:175} INFO - Processing /home/chrisfleig/.local/lib/python3.10/site-packages/airflow/example_dags/plugins/workday.py took 0.022 seconds
[2023-01-04T22:33:07.495+0100] {processor.py:153} INFO - Started process (PID=2343) to work on /home/chrisfleig/.local/lib/python3.10/site-packages/airflow/example_dags/plugins/workday.py
[2023-01-04T22:33:07.496+0100] {processor.py:743} INFO - Processing file /home/chrisfleig/.local/lib/python3.10/site-packages/airflow/example_dags/plugins/workday.py for tasks to queue
[2023-01-04T22:33:07.496+0100] {logging_mixin.py:137} INFO - [2023-01-04T22:33:07.496+0100] {dagbag.py:538} INFO - Filling up the DagBag from /home/chrisfleig/.local/lib/python3.10/site-packages/airflow/example_dags/plugins/workday.py
[2023-01-04T22:33:07.497+0100] {processor.py:755} WARNING - No viable dags retrieved from /home/chrisfleig/.local/lib/python3.10/site-packages/airflow/example_dags/plugins/workday.py
[2023-01-04T22:33:07.505+0100] {processor.py:175} INFO - Processing /home/chrisfleig/.local/lib/python3.10/site-packages/airflow/example_dags/plugins/workday.py took 0.012 seconds
[2023-01-04T22:33:45.646+0100] {processor.py:153} INFO - Started process (PID=2381) to work on /home/chrisfleig/.local/lib/python3.10/site-packages/airflow/example_dags/plugins/workday.py
[2023-01-04T22:33:45.647+0100] {processor.py:743} INFO - Processing file /home/chrisfleig/.local/lib/python3.10/site-packages/airflow/example_dags/plugins/workday.py for tasks to queue
[2023-01-04T22:33:45.648+0100] {logging_mixin.py:137} INFO - [2023-01-04T22:33:45.648+0100] {dagbag.py:538} INFO - Filling up the DagBag from /home/chrisfleig/.local/lib/python3.10/site-packages/airflow/example_dags/plugins/workday.py
[2023-01-04T22:33:45.649+0100] {processor.py:755} WARNING - No viable dags retrieved from /home/chrisfleig/.local/lib/python3.10/site-packages/airflow/example_dags/plugins/workday.py
[2023-01-04T22:33:45.659+0100] {processor.py:175} INFO - Processing /home/chrisfleig/.local/lib/python3.10/site-packages/airflow/example_dags/plugins/workday.py took 0.016 seconds
[2023-01-04T22:34:31.735+0100] {processor.py:153} INFO - Started process (PID=2429) to work on /home/chrisfleig/.local/lib/python3.10/site-packages/airflow/example_dags/plugins/workday.py
[2023-01-04T22:34:31.737+0100] {processor.py:743} INFO - Processing file /home/chrisfleig/.local/lib/python3.10/site-packages/airflow/example_dags/plugins/workday.py for tasks to queue
[2023-01-04T22:34:31.737+0100] {logging_mixin.py:137} INFO - [2023-01-04T22:34:31.737+0100] {dagbag.py:538} INFO - Filling up the DagBag from /home/chrisfleig/.local/lib/python3.10/site-packages/airflow/example_dags/plugins/workday.py
[2023-01-04T22:34:31.739+0100] {processor.py:755} WARNING - No viable dags retrieved from /home/chrisfleig/.local/lib/python3.10/site-packages/airflow/example_dags/plugins/workday.py
[2023-01-04T22:34:31.749+0100] {processor.py:175} INFO - Processing /home/chrisfleig/.local/lib/python3.10/site-packages/airflow/example_dags/plugins/workday.py took 0.019 seconds
[2023-01-04T22:35:18.962+0100] {processor.py:153} INFO - Started process (PID=2474) to work on /home/chrisfleig/.local/lib/python3.10/site-packages/airflow/example_dags/plugins/workday.py
[2023-01-04T22:35:18.964+0100] {processor.py:743} INFO - Processing file /home/chrisfleig/.local/lib/python3.10/site-packages/airflow/example_dags/plugins/workday.py for tasks to queue
[2023-01-04T22:35:18.965+0100] {logging_mixin.py:137} INFO - [2023-01-04T22:35:18.965+0100] {dagbag.py:538} INFO - Filling up the DagBag from /home/chrisfleig/.local/lib/python3.10/site-packages/airflow/example_dags/plugins/workday.py
[2023-01-04T22:35:18.968+0100] {processor.py:755} WARNING - No viable dags retrieved from /home/chrisfleig/.local/lib/python3.10/site-packages/airflow/example_dags/plugins/workday.py
[2023-01-04T22:35:18.979+0100] {processor.py:175} INFO - Processing /home/chrisfleig/.local/lib/python3.10/site-packages/airflow/example_dags/plugins/workday.py took 0.022 seconds
[2023-01-04T22:35:57.862+0100] {processor.py:153} INFO - Started process (PID=2512) to work on /home/chrisfleig/.local/lib/python3.10/site-packages/airflow/example_dags/plugins/workday.py
[2023-01-04T22:35:57.863+0100] {processor.py:743} INFO - Processing file /home/chrisfleig/.local/lib/python3.10/site-packages/airflow/example_dags/plugins/workday.py for tasks to queue
[2023-01-04T22:35:57.864+0100] {logging_mixin.py:137} INFO - [2023-01-04T22:35:57.864+0100] {dagbag.py:538} INFO - Filling up the DagBag from /home/chrisfleig/.local/lib/python3.10/site-packages/airflow/example_dags/plugins/workday.py
[2023-01-04T22:35:57.865+0100] {processor.py:755} WARNING - No viable dags retrieved from /home/chrisfleig/.local/lib/python3.10/site-packages/airflow/example_dags/plugins/workday.py
[2023-01-04T22:35:57.873+0100] {processor.py:175} INFO - Processing /home/chrisfleig/.local/lib/python3.10/site-packages/airflow/example_dags/plugins/workday.py took 0.018 seconds
[2023-01-04T22:36:42.579+0100] {processor.py:153} INFO - Started process (PID=2555) to work on /home/chrisfleig/.local/lib/python3.10/site-packages/airflow/example_dags/plugins/workday.py
[2023-01-04T22:36:42.580+0100] {processor.py:743} INFO - Processing file /home/chrisfleig/.local/lib/python3.10/site-packages/airflow/example_dags/plugins/workday.py for tasks to queue
[2023-01-04T22:36:42.581+0100] {logging_mixin.py:137} INFO - [2023-01-04T22:36:42.580+0100] {dagbag.py:538} INFO - Filling up the DagBag from /home/chrisfleig/.local/lib/python3.10/site-packages/airflow/example_dags/plugins/workday.py
[2023-01-04T22:36:42.582+0100] {processor.py:755} WARNING - No viable dags retrieved from /home/chrisfleig/.local/lib/python3.10/site-packages/airflow/example_dags/plugins/workday.py
[2023-01-04T22:36:42.589+0100] {processor.py:175} INFO - Processing /home/chrisfleig/.local/lib/python3.10/site-packages/airflow/example_dags/plugins/workday.py took 0.013 seconds
[2023-01-04T22:37:26.544+0100] {processor.py:153} INFO - Started process (PID=2597) to work on /home/chrisfleig/.local/lib/python3.10/site-packages/airflow/example_dags/plugins/workday.py
[2023-01-04T22:37:26.545+0100] {processor.py:743} INFO - Processing file /home/chrisfleig/.local/lib/python3.10/site-packages/airflow/example_dags/plugins/workday.py for tasks to queue
[2023-01-04T22:37:26.545+0100] {logging_mixin.py:137} INFO - [2023-01-04T22:37:26.545+0100] {dagbag.py:538} INFO - Filling up the DagBag from /home/chrisfleig/.local/lib/python3.10/site-packages/airflow/example_dags/plugins/workday.py
[2023-01-04T22:37:26.547+0100] {processor.py:755} WARNING - No viable dags retrieved from /home/chrisfleig/.local/lib/python3.10/site-packages/airflow/example_dags/plugins/workday.py
[2023-01-04T22:37:26.554+0100] {processor.py:175} INFO - Processing /home/chrisfleig/.local/lib/python3.10/site-packages/airflow/example_dags/plugins/workday.py took 0.013 seconds
[2023-01-04T22:38:13.776+0100] {processor.py:153} INFO - Started process (PID=2643) to work on /home/chrisfleig/.local/lib/python3.10/site-packages/airflow/example_dags/plugins/workday.py
[2023-01-04T22:38:13.778+0100] {processor.py:743} INFO - Processing file /home/chrisfleig/.local/lib/python3.10/site-packages/airflow/example_dags/plugins/workday.py for tasks to queue
[2023-01-04T22:38:13.778+0100] {logging_mixin.py:137} INFO - [2023-01-04T22:38:13.778+0100] {dagbag.py:538} INFO - Filling up the DagBag from /home/chrisfleig/.local/lib/python3.10/site-packages/airflow/example_dags/plugins/workday.py
[2023-01-04T22:38:13.781+0100] {processor.py:755} WARNING - No viable dags retrieved from /home/chrisfleig/.local/lib/python3.10/site-packages/airflow/example_dags/plugins/workday.py
[2023-01-04T22:38:13.791+0100] {processor.py:175} INFO - Processing /home/chrisfleig/.local/lib/python3.10/site-packages/airflow/example_dags/plugins/workday.py took 0.018 seconds
[2023-01-04T22:39:44.035+0100] {processor.py:153} INFO - Started process (PID=2722) to work on /home/chrisfleig/.local/lib/python3.10/site-packages/airflow/example_dags/plugins/workday.py
[2023-01-04T22:39:44.037+0100] {processor.py:743} INFO - Processing file /home/chrisfleig/.local/lib/python3.10/site-packages/airflow/example_dags/plugins/workday.py for tasks to queue
[2023-01-04T22:39:44.037+0100] {logging_mixin.py:137} INFO - [2023-01-04T22:39:44.037+0100] {dagbag.py:538} INFO - Filling up the DagBag from /home/chrisfleig/.local/lib/python3.10/site-packages/airflow/example_dags/plugins/workday.py
[2023-01-04T22:39:44.039+0100] {processor.py:755} WARNING - No viable dags retrieved from /home/chrisfleig/.local/lib/python3.10/site-packages/airflow/example_dags/plugins/workday.py
[2023-01-04T22:39:44.047+0100] {processor.py:175} INFO - Processing /home/chrisfleig/.local/lib/python3.10/site-packages/airflow/example_dags/plugins/workday.py took 0.016 seconds
[2023-01-04T22:40:31.861+0100] {processor.py:153} INFO - Started process (PID=2768) to work on /home/chrisfleig/.local/lib/python3.10/site-packages/airflow/example_dags/plugins/workday.py
[2023-01-04T22:40:31.862+0100] {processor.py:743} INFO - Processing file /home/chrisfleig/.local/lib/python3.10/site-packages/airflow/example_dags/plugins/workday.py for tasks to queue
[2023-01-04T22:40:31.863+0100] {logging_mixin.py:137} INFO - [2023-01-04T22:40:31.863+0100] {dagbag.py:538} INFO - Filling up the DagBag from /home/chrisfleig/.local/lib/python3.10/site-packages/airflow/example_dags/plugins/workday.py
[2023-01-04T22:40:31.864+0100] {processor.py:755} WARNING - No viable dags retrieved from /home/chrisfleig/.local/lib/python3.10/site-packages/airflow/example_dags/plugins/workday.py
[2023-01-04T22:40:31.872+0100] {processor.py:175} INFO - Processing /home/chrisfleig/.local/lib/python3.10/site-packages/airflow/example_dags/plugins/workday.py took 0.013 seconds
[2023-01-04T22:41:10.410+0100] {processor.py:153} INFO - Started process (PID=2807) to work on /home/chrisfleig/.local/lib/python3.10/site-packages/airflow/example_dags/plugins/workday.py
[2023-01-04T22:41:10.411+0100] {processor.py:743} INFO - Processing file /home/chrisfleig/.local/lib/python3.10/site-packages/airflow/example_dags/plugins/workday.py for tasks to queue
[2023-01-04T22:41:10.412+0100] {logging_mixin.py:137} INFO - [2023-01-04T22:41:10.412+0100] {dagbag.py:538} INFO - Filling up the DagBag from /home/chrisfleig/.local/lib/python3.10/site-packages/airflow/example_dags/plugins/workday.py
[2023-01-04T22:41:10.413+0100] {processor.py:755} WARNING - No viable dags retrieved from /home/chrisfleig/.local/lib/python3.10/site-packages/airflow/example_dags/plugins/workday.py
[2023-01-04T22:41:10.421+0100] {processor.py:175} INFO - Processing /home/chrisfleig/.local/lib/python3.10/site-packages/airflow/example_dags/plugins/workday.py took 0.013 seconds
[2023-01-04T22:42:02.720+0100] {processor.py:153} INFO - Started process (PID=2855) to work on /home/chrisfleig/.local/lib/python3.10/site-packages/airflow/example_dags/plugins/workday.py
[2023-01-04T22:42:02.721+0100] {processor.py:743} INFO - Processing file /home/chrisfleig/.local/lib/python3.10/site-packages/airflow/example_dags/plugins/workday.py for tasks to queue
[2023-01-04T22:42:02.721+0100] {logging_mixin.py:137} INFO - [2023-01-04T22:42:02.721+0100] {dagbag.py:538} INFO - Filling up the DagBag from /home/chrisfleig/.local/lib/python3.10/site-packages/airflow/example_dags/plugins/workday.py
[2023-01-04T22:42:02.723+0100] {processor.py:755} WARNING - No viable dags retrieved from /home/chrisfleig/.local/lib/python3.10/site-packages/airflow/example_dags/plugins/workday.py
[2023-01-04T22:42:02.730+0100] {processor.py:175} INFO - Processing /home/chrisfleig/.local/lib/python3.10/site-packages/airflow/example_dags/plugins/workday.py took 0.013 seconds
[2023-01-04T22:42:40.969+0100] {processor.py:153} INFO - Started process (PID=2893) to work on /home/chrisfleig/.local/lib/python3.10/site-packages/airflow/example_dags/plugins/workday.py
[2023-01-04T22:42:40.970+0100] {processor.py:743} INFO - Processing file /home/chrisfleig/.local/lib/python3.10/site-packages/airflow/example_dags/plugins/workday.py for tasks to queue
[2023-01-04T22:42:40.971+0100] {logging_mixin.py:137} INFO - [2023-01-04T22:42:40.970+0100] {dagbag.py:538} INFO - Filling up the DagBag from /home/chrisfleig/.local/lib/python3.10/site-packages/airflow/example_dags/plugins/workday.py
[2023-01-04T22:42:40.972+0100] {processor.py:755} WARNING - No viable dags retrieved from /home/chrisfleig/.local/lib/python3.10/site-packages/airflow/example_dags/plugins/workday.py
[2023-01-04T22:42:40.980+0100] {processor.py:175} INFO - Processing /home/chrisfleig/.local/lib/python3.10/site-packages/airflow/example_dags/plugins/workday.py took 0.014 seconds
[2023-01-04T22:43:20.582+0100] {processor.py:153} INFO - Started process (PID=2931) to work on /home/chrisfleig/.local/lib/python3.10/site-packages/airflow/example_dags/plugins/workday.py
[2023-01-04T22:43:20.583+0100] {processor.py:743} INFO - Processing file /home/chrisfleig/.local/lib/python3.10/site-packages/airflow/example_dags/plugins/workday.py for tasks to queue
[2023-01-04T22:43:20.583+0100] {logging_mixin.py:137} INFO - [2023-01-04T22:43:20.583+0100] {dagbag.py:538} INFO - Filling up the DagBag from /home/chrisfleig/.local/lib/python3.10/site-packages/airflow/example_dags/plugins/workday.py
[2023-01-04T22:43:20.585+0100] {processor.py:755} WARNING - No viable dags retrieved from /home/chrisfleig/.local/lib/python3.10/site-packages/airflow/example_dags/plugins/workday.py
[2023-01-04T22:43:20.593+0100] {processor.py:175} INFO - Processing /home/chrisfleig/.local/lib/python3.10/site-packages/airflow/example_dags/plugins/workday.py took 0.014 seconds
[2023-01-04T22:44:08.344+0100] {processor.py:153} INFO - Started process (PID=2977) to work on /home/chrisfleig/.local/lib/python3.10/site-packages/airflow/example_dags/plugins/workday.py
[2023-01-04T22:44:08.346+0100] {processor.py:743} INFO - Processing file /home/chrisfleig/.local/lib/python3.10/site-packages/airflow/example_dags/plugins/workday.py for tasks to queue
[2023-01-04T22:44:08.347+0100] {logging_mixin.py:137} INFO - [2023-01-04T22:44:08.347+0100] {dagbag.py:538} INFO - Filling up the DagBag from /home/chrisfleig/.local/lib/python3.10/site-packages/airflow/example_dags/plugins/workday.py
[2023-01-04T22:44:08.349+0100] {processor.py:755} WARNING - No viable dags retrieved from /home/chrisfleig/.local/lib/python3.10/site-packages/airflow/example_dags/plugins/workday.py
[2023-01-04T22:44:08.360+0100] {processor.py:175} INFO - Processing /home/chrisfleig/.local/lib/python3.10/site-packages/airflow/example_dags/plugins/workday.py took 0.020 seconds
[2023-01-04T22:44:48.338+0100] {processor.py:153} INFO - Started process (PID=3015) to work on /home/chrisfleig/.local/lib/python3.10/site-packages/airflow/example_dags/plugins/workday.py
[2023-01-04T22:44:48.339+0100] {processor.py:743} INFO - Processing file /home/chrisfleig/.local/lib/python3.10/site-packages/airflow/example_dags/plugins/workday.py for tasks to queue
[2023-01-04T22:44:48.340+0100] {logging_mixin.py:137} INFO - [2023-01-04T22:44:48.340+0100] {dagbag.py:538} INFO - Filling up the DagBag from /home/chrisfleig/.local/lib/python3.10/site-packages/airflow/example_dags/plugins/workday.py
[2023-01-04T22:44:48.341+0100] {processor.py:755} WARNING - No viable dags retrieved from /home/chrisfleig/.local/lib/python3.10/site-packages/airflow/example_dags/plugins/workday.py
[2023-01-04T22:44:48.350+0100] {processor.py:175} INFO - Processing /home/chrisfleig/.local/lib/python3.10/site-packages/airflow/example_dags/plugins/workday.py took 0.014 seconds
[2023-01-04T22:45:28.912+0100] {processor.py:153} INFO - Started process (PID=3055) to work on /home/chrisfleig/.local/lib/python3.10/site-packages/airflow/example_dags/plugins/workday.py
[2023-01-04T22:45:28.913+0100] {processor.py:743} INFO - Processing file /home/chrisfleig/.local/lib/python3.10/site-packages/airflow/example_dags/plugins/workday.py for tasks to queue
[2023-01-04T22:45:28.914+0100] {logging_mixin.py:137} INFO - [2023-01-04T22:45:28.914+0100] {dagbag.py:538} INFO - Filling up the DagBag from /home/chrisfleig/.local/lib/python3.10/site-packages/airflow/example_dags/plugins/workday.py
[2023-01-04T22:45:28.916+0100] {processor.py:755} WARNING - No viable dags retrieved from /home/chrisfleig/.local/lib/python3.10/site-packages/airflow/example_dags/plugins/workday.py
[2023-01-04T22:45:28.925+0100] {processor.py:175} INFO - Processing /home/chrisfleig/.local/lib/python3.10/site-packages/airflow/example_dags/plugins/workday.py took 0.015 seconds
[2023-01-04T22:46:13.524+0100] {processor.py:153} INFO - Started process (PID=3099) to work on /home/chrisfleig/.local/lib/python3.10/site-packages/airflow/example_dags/plugins/workday.py
[2023-01-04T22:46:13.525+0100] {processor.py:743} INFO - Processing file /home/chrisfleig/.local/lib/python3.10/site-packages/airflow/example_dags/plugins/workday.py for tasks to queue
[2023-01-04T22:46:13.526+0100] {logging_mixin.py:137} INFO - [2023-01-04T22:46:13.525+0100] {dagbag.py:538} INFO - Filling up the DagBag from /home/chrisfleig/.local/lib/python3.10/site-packages/airflow/example_dags/plugins/workday.py
[2023-01-04T22:46:13.527+0100] {processor.py:755} WARNING - No viable dags retrieved from /home/chrisfleig/.local/lib/python3.10/site-packages/airflow/example_dags/plugins/workday.py
[2023-01-04T22:46:13.535+0100] {processor.py:175} INFO - Processing /home/chrisfleig/.local/lib/python3.10/site-packages/airflow/example_dags/plugins/workday.py took 0.013 seconds
[2023-01-04T22:46:55.322+0100] {processor.py:153} INFO - Started process (PID=3140) to work on /home/chrisfleig/.local/lib/python3.10/site-packages/airflow/example_dags/plugins/workday.py
[2023-01-04T22:46:55.323+0100] {processor.py:743} INFO - Processing file /home/chrisfleig/.local/lib/python3.10/site-packages/airflow/example_dags/plugins/workday.py for tasks to queue
[2023-01-04T22:46:55.323+0100] {logging_mixin.py:137} INFO - [2023-01-04T22:46:55.323+0100] {dagbag.py:538} INFO - Filling up the DagBag from /home/chrisfleig/.local/lib/python3.10/site-packages/airflow/example_dags/plugins/workday.py
[2023-01-04T22:46:55.325+0100] {processor.py:755} WARNING - No viable dags retrieved from /home/chrisfleig/.local/lib/python3.10/site-packages/airflow/example_dags/plugins/workday.py
[2023-01-04T22:46:55.332+0100] {processor.py:175} INFO - Processing /home/chrisfleig/.local/lib/python3.10/site-packages/airflow/example_dags/plugins/workday.py took 0.013 seconds
[2023-01-04T22:47:38.455+0100] {processor.py:153} INFO - Started process (PID=3183) to work on /home/chrisfleig/.local/lib/python3.10/site-packages/airflow/example_dags/plugins/workday.py
[2023-01-04T22:47:38.456+0100] {processor.py:743} INFO - Processing file /home/chrisfleig/.local/lib/python3.10/site-packages/airflow/example_dags/plugins/workday.py for tasks to queue
[2023-01-04T22:47:38.457+0100] {logging_mixin.py:137} INFO - [2023-01-04T22:47:38.457+0100] {dagbag.py:538} INFO - Filling up the DagBag from /home/chrisfleig/.local/lib/python3.10/site-packages/airflow/example_dags/plugins/workday.py
[2023-01-04T22:47:38.459+0100] {processor.py:755} WARNING - No viable dags retrieved from /home/chrisfleig/.local/lib/python3.10/site-packages/airflow/example_dags/plugins/workday.py
[2023-01-04T22:47:38.467+0100] {processor.py:175} INFO - Processing /home/chrisfleig/.local/lib/python3.10/site-packages/airflow/example_dags/plugins/workday.py took 0.014 seconds
[2023-01-04T22:48:24.216+0100] {processor.py:153} INFO - Started process (PID=3227) to work on /home/chrisfleig/.local/lib/python3.10/site-packages/airflow/example_dags/plugins/workday.py
[2023-01-04T22:48:24.217+0100] {processor.py:743} INFO - Processing file /home/chrisfleig/.local/lib/python3.10/site-packages/airflow/example_dags/plugins/workday.py for tasks to queue
[2023-01-04T22:48:24.218+0100] {logging_mixin.py:137} INFO - [2023-01-04T22:48:24.218+0100] {dagbag.py:538} INFO - Filling up the DagBag from /home/chrisfleig/.local/lib/python3.10/site-packages/airflow/example_dags/plugins/workday.py
[2023-01-04T22:48:24.219+0100] {processor.py:755} WARNING - No viable dags retrieved from /home/chrisfleig/.local/lib/python3.10/site-packages/airflow/example_dags/plugins/workday.py
[2023-01-04T22:48:24.227+0100] {processor.py:175} INFO - Processing /home/chrisfleig/.local/lib/python3.10/site-packages/airflow/example_dags/plugins/workday.py took 0.013 seconds
[2023-01-04T22:49:03.650+0100] {processor.py:153} INFO - Started process (PID=3266) to work on /home/chrisfleig/.local/lib/python3.10/site-packages/airflow/example_dags/plugins/workday.py
[2023-01-04T22:49:03.651+0100] {processor.py:743} INFO - Processing file /home/chrisfleig/.local/lib/python3.10/site-packages/airflow/example_dags/plugins/workday.py for tasks to queue
[2023-01-04T22:49:03.652+0100] {logging_mixin.py:137} INFO - [2023-01-04T22:49:03.652+0100] {dagbag.py:538} INFO - Filling up the DagBag from /home/chrisfleig/.local/lib/python3.10/site-packages/airflow/example_dags/plugins/workday.py
[2023-01-04T22:49:03.653+0100] {processor.py:755} WARNING - No viable dags retrieved from /home/chrisfleig/.local/lib/python3.10/site-packages/airflow/example_dags/plugins/workday.py
[2023-01-04T22:49:03.661+0100] {processor.py:175} INFO - Processing /home/chrisfleig/.local/lib/python3.10/site-packages/airflow/example_dags/plugins/workday.py took 0.013 seconds
[2023-01-04T22:49:55.553+0100] {processor.py:153} INFO - Started process (PID=3314) to work on /home/chrisfleig/.local/lib/python3.10/site-packages/airflow/example_dags/plugins/workday.py
[2023-01-04T22:49:55.554+0100] {processor.py:743} INFO - Processing file /home/chrisfleig/.local/lib/python3.10/site-packages/airflow/example_dags/plugins/workday.py for tasks to queue
[2023-01-04T22:49:55.555+0100] {logging_mixin.py:137} INFO - [2023-01-04T22:49:55.554+0100] {dagbag.py:538} INFO - Filling up the DagBag from /home/chrisfleig/.local/lib/python3.10/site-packages/airflow/example_dags/plugins/workday.py
[2023-01-04T22:49:55.556+0100] {processor.py:755} WARNING - No viable dags retrieved from /home/chrisfleig/.local/lib/python3.10/site-packages/airflow/example_dags/plugins/workday.py
[2023-01-04T22:49:55.564+0100] {processor.py:175} INFO - Processing /home/chrisfleig/.local/lib/python3.10/site-packages/airflow/example_dags/plugins/workday.py took 0.013 seconds
[2023-01-04T22:50:37.377+0100] {processor.py:153} INFO - Started process (PID=3354) to work on /home/chrisfleig/.local/lib/python3.10/site-packages/airflow/example_dags/plugins/workday.py
[2023-01-04T22:50:37.379+0100] {processor.py:743} INFO - Processing file /home/chrisfleig/.local/lib/python3.10/site-packages/airflow/example_dags/plugins/workday.py for tasks to queue
[2023-01-04T22:50:37.380+0100] {logging_mixin.py:137} INFO - [2023-01-04T22:50:37.380+0100] {dagbag.py:538} INFO - Filling up the DagBag from /home/chrisfleig/.local/lib/python3.10/site-packages/airflow/example_dags/plugins/workday.py
[2023-01-04T22:50:37.381+0100] {processor.py:755} WARNING - No viable dags retrieved from /home/chrisfleig/.local/lib/python3.10/site-packages/airflow/example_dags/plugins/workday.py
[2023-01-04T22:50:37.390+0100] {processor.py:175} INFO - Processing /home/chrisfleig/.local/lib/python3.10/site-packages/airflow/example_dags/plugins/workday.py took 0.017 seconds
[2023-01-04T22:51:20.138+0100] {processor.py:153} INFO - Started process (PID=3394) to work on /home/chrisfleig/.local/lib/python3.10/site-packages/airflow/example_dags/plugins/workday.py
[2023-01-04T22:51:20.139+0100] {processor.py:743} INFO - Processing file /home/chrisfleig/.local/lib/python3.10/site-packages/airflow/example_dags/plugins/workday.py for tasks to queue
[2023-01-04T22:51:20.140+0100] {logging_mixin.py:137} INFO - [2023-01-04T22:51:20.140+0100] {dagbag.py:538} INFO - Filling up the DagBag from /home/chrisfleig/.local/lib/python3.10/site-packages/airflow/example_dags/plugins/workday.py
[2023-01-04T22:51:20.142+0100] {processor.py:755} WARNING - No viable dags retrieved from /home/chrisfleig/.local/lib/python3.10/site-packages/airflow/example_dags/plugins/workday.py
[2023-01-04T22:51:20.151+0100] {processor.py:175} INFO - Processing /home/chrisfleig/.local/lib/python3.10/site-packages/airflow/example_dags/plugins/workday.py took 0.018 seconds
[2023-01-04T22:52:01.200+0100] {processor.py:153} INFO - Started process (PID=3434) to work on /home/chrisfleig/.local/lib/python3.10/site-packages/airflow/example_dags/plugins/workday.py
[2023-01-04T22:52:01.201+0100] {processor.py:743} INFO - Processing file /home/chrisfleig/.local/lib/python3.10/site-packages/airflow/example_dags/plugins/workday.py for tasks to queue
[2023-01-04T22:52:01.202+0100] {logging_mixin.py:137} INFO - [2023-01-04T22:52:01.202+0100] {dagbag.py:538} INFO - Filling up the DagBag from /home/chrisfleig/.local/lib/python3.10/site-packages/airflow/example_dags/plugins/workday.py
[2023-01-04T22:52:01.204+0100] {processor.py:755} WARNING - No viable dags retrieved from /home/chrisfleig/.local/lib/python3.10/site-packages/airflow/example_dags/plugins/workday.py
[2023-01-04T22:52:01.212+0100] {processor.py:175} INFO - Processing /home/chrisfleig/.local/lib/python3.10/site-packages/airflow/example_dags/plugins/workday.py took 0.015 seconds
