[2023-01-06T10:34:04.262+0100] {taskinstance.py:1087} INFO - Dependencies all met for <TaskInstance: tutorial.print_date scheduled__2023-01-05T09:33:51.397691+00:00 [queued]>
[2023-01-06T10:34:04.279+0100] {taskinstance.py:1087} INFO - Dependencies all met for <TaskInstance: tutorial.print_date scheduled__2023-01-05T09:33:51.397691+00:00 [queued]>
[2023-01-06T10:34:04.280+0100] {taskinstance.py:1283} INFO - 
--------------------------------------------------------------------------------
[2023-01-06T10:34:04.280+0100] {taskinstance.py:1284} INFO - Starting attempt 1 of 2
[2023-01-06T10:34:04.280+0100] {taskinstance.py:1285} INFO - 
--------------------------------------------------------------------------------
[2023-01-06T10:34:04.329+0100] {taskinstance.py:1304} INFO - Executing <Task(BashOperator): print_date> on 2023-01-05 09:33:51.397691+00:00
[2023-01-06T10:34:04.333+0100] {standard_task_runner.py:55} INFO - Started process 60 to run task
[2023-01-06T10:34:04.339+0100] {standard_task_runner.py:82} INFO - Running: ['airflow', 'tasks', 'run', 'tutorial', 'print_date', 'scheduled__2023-01-05T09:33:51.397691+00:00', '--job-id', '17', '--raw', '--subdir', '/home/chrisfleig/.local/lib/python3.10/site-packages/airflow/example_dags/tutorial.py', '--cfg-path', '/tmp/tmp4t5032a_']
[2023-01-06T10:34:04.342+0100] {standard_task_runner.py:83} INFO - Job 17: Subtask print_date
[2023-01-06T10:34:04.440+0100] {task_command.py:389} INFO - Running <TaskInstance: tutorial.print_date scheduled__2023-01-05T09:33:51.397691+00:00 [running]> on host CFL-HP-360.
[2023-01-06T10:34:04.562+0100] {taskinstance.py:1511} INFO - Exporting the following env vars:
AIRFLOW_CTX_DAG_EMAIL=airflow@example.com
AIRFLOW_CTX_DAG_OWNER=airflow
AIRFLOW_CTX_DAG_ID=tutorial
AIRFLOW_CTX_TASK_ID=print_date
AIRFLOW_CTX_EXECUTION_DATE=2023-01-05T09:33:51.397691+00:00
AIRFLOW_CTX_TRY_NUMBER=1
AIRFLOW_CTX_DAG_RUN_ID=scheduled__2023-01-05T09:33:51.397691+00:00
[2023-01-06T10:34:04.564+0100] {subprocess.py:63} INFO - Tmp dir root location: 
 /tmp
[2023-01-06T10:34:04.565+0100] {subprocess.py:75} INFO - Running command: ['/usr/bin/bash', '-c', 'date']
[2023-01-06T10:34:04.571+0100] {subprocess.py:86} INFO - Output:
[2023-01-06T10:34:04.578+0100] {subprocess.py:93} INFO - Fri Jan  6 10:34:04 CET 2023
[2023-01-06T10:34:04.578+0100] {subprocess.py:97} INFO - Command exited with return code 0
[2023-01-06T10:34:04.626+0100] {taskinstance.py:1322} INFO - Marking task as SUCCESS. dag_id=tutorial, task_id=print_date, execution_date=20230105T093351, start_date=20230106T093404, end_date=20230106T093404
[2023-01-06T10:34:04.714+0100] {local_task_job.py:159} INFO - Task exited with return code 0
[2023-01-06T10:34:04.739+0100] {taskinstance.py:2582} INFO - 2 downstream tasks scheduled from follow-on schedule check
