[2023-01-06T17:00:09.428+0100] {taskinstance.py:1087} INFO - Dependencies all met for <TaskInstance: tutorial_taskflow_api.transform scheduled__2023-01-06T15:00:00+00:00 [queued]>
[2023-01-06T17:00:09.444+0100] {taskinstance.py:1087} INFO - Dependencies all met for <TaskInstance: tutorial_taskflow_api.transform scheduled__2023-01-06T15:00:00+00:00 [queued]>
[2023-01-06T17:00:09.445+0100] {taskinstance.py:1283} INFO - 
--------------------------------------------------------------------------------
[2023-01-06T17:00:09.445+0100] {taskinstance.py:1284} INFO - Starting attempt 1 of 1
[2023-01-06T17:00:09.445+0100] {taskinstance.py:1285} INFO - 
--------------------------------------------------------------------------------
[2023-01-06T17:00:09.481+0100] {taskinstance.py:1304} INFO - Executing <Task(_PythonDecoratedOperator): transform> on 2023-01-06 15:00:00+00:00
[2023-01-06T17:00:09.483+0100] {standard_task_runner.py:55} INFO - Started process 6720 to run task
[2023-01-06T17:00:09.486+0100] {standard_task_runner.py:82} INFO - Running: ['airflow', 'tasks', 'run', 'tutorial_taskflow_api', 'transform', 'scheduled__2023-01-06T15:00:00+00:00', '--job-id', '55', '--raw', '--subdir', 'DAGS_FOLDER/tutorial_taskflow_api.py', '--cfg-path', '/tmp/tmp58pzfpfs']
[2023-01-06T17:00:09.488+0100] {standard_task_runner.py:83} INFO - Job 55: Subtask transform
[2023-01-06T17:00:09.559+0100] {task_command.py:389} INFO - Running <TaskInstance: tutorial_taskflow_api.transform scheduled__2023-01-06T15:00:00+00:00 [running]> on host CFL-HP-360.
[2023-01-06T17:00:09.639+0100] {taskinstance.py:1511} INFO - Exporting the following env vars:
AIRFLOW_CTX_DAG_OWNER=airflow
AIRFLOW_CTX_DAG_ID=tutorial_taskflow_api
AIRFLOW_CTX_TASK_ID=transform
AIRFLOW_CTX_EXECUTION_DATE=2023-01-06T15:00:00+00:00
AIRFLOW_CTX_TRY_NUMBER=1
AIRFLOW_CTX_DAG_RUN_ID=scheduled__2023-01-06T15:00:00+00:00
[2023-01-06T17:00:09.641+0100] {python.py:177} INFO - Done. Returned value was: {'total_order_value': 1236.7}
[2023-01-06T17:00:09.704+0100] {taskinstance.py:1322} INFO - Marking task as SUCCESS. dag_id=tutorial_taskflow_api, task_id=transform, execution_date=20230106T150000, start_date=20230106T160009, end_date=20230106T160009
[2023-01-06T17:00:09.739+0100] {local_task_job.py:159} INFO - Task exited with return code 0
[2023-01-06T17:00:09.759+0100] {taskinstance.py:2582} INFO - 1 downstream tasks scheduled from follow-on schedule check
