[2023-01-06T15:31:33.374+0100] {taskinstance.py:1087} INFO - Dependencies all met for <TaskInstance: tutorial_taskflow_api.transform scheduled__2023-01-06T13:00:00+00:00 [queued]>
[2023-01-06T15:31:33.397+0100] {taskinstance.py:1087} INFO - Dependencies all met for <TaskInstance: tutorial_taskflow_api.transform scheduled__2023-01-06T13:00:00+00:00 [queued]>
[2023-01-06T15:31:33.398+0100] {taskinstance.py:1283} INFO - 
--------------------------------------------------------------------------------
[2023-01-06T15:31:33.398+0100] {taskinstance.py:1284} INFO - Starting attempt 1 of 1
[2023-01-06T15:31:33.399+0100] {taskinstance.py:1285} INFO - 
--------------------------------------------------------------------------------
[2023-01-06T15:31:33.449+0100] {taskinstance.py:1304} INFO - Executing <Task(_PythonDecoratedOperator): transform> on 2023-01-06 13:00:00+00:00
[2023-01-06T15:31:33.451+0100] {standard_task_runner.py:55} INFO - Started process 1703 to run task
[2023-01-06T15:31:33.456+0100] {standard_task_runner.py:82} INFO - Running: ['airflow', 'tasks', 'run', 'tutorial_taskflow_api', 'transform', 'scheduled__2023-01-06T13:00:00+00:00', '--job-id', '46', '--raw', '--subdir', 'DAGS_FOLDER/tutorial_taskflow_api.py', '--cfg-path', '/tmp/tmpw3c7cy6y']
[2023-01-06T15:31:33.458+0100] {standard_task_runner.py:83} INFO - Job 46: Subtask transform
[2023-01-06T15:31:33.574+0100] {task_command.py:389} INFO - Running <TaskInstance: tutorial_taskflow_api.transform scheduled__2023-01-06T13:00:00+00:00 [running]> on host CFL-HP-360.
[2023-01-06T15:31:33.728+0100] {taskinstance.py:1511} INFO - Exporting the following env vars:
AIRFLOW_CTX_DAG_OWNER=airflow
AIRFLOW_CTX_DAG_ID=tutorial_taskflow_api
AIRFLOW_CTX_TASK_ID=transform
AIRFLOW_CTX_EXECUTION_DATE=2023-01-06T13:00:00+00:00
AIRFLOW_CTX_TRY_NUMBER=1
AIRFLOW_CTX_DAG_RUN_ID=scheduled__2023-01-06T13:00:00+00:00
[2023-01-06T15:31:33.730+0100] {python.py:177} INFO - Done. Returned value was: {'total_order_value': 1236.7}
[2023-01-06T15:31:33.799+0100] {taskinstance.py:1322} INFO - Marking task as SUCCESS. dag_id=tutorial_taskflow_api, task_id=transform, execution_date=20230106T130000, start_date=20230106T143133, end_date=20230106T143133
[2023-01-06T15:31:33.869+0100] {local_task_job.py:159} INFO - Task exited with return code 0
[2023-01-06T15:31:33.893+0100] {taskinstance.py:2582} INFO - 1 downstream tasks scheduled from follow-on schedule check
