[2023-01-06T17:00:14.471+0100] {taskinstance.py:1087} INFO - Dependencies all met for <TaskInstance: tutorial_taskflow_api.load scheduled__2023-01-06T15:00:00+00:00 [queued]>
[2023-01-06T17:00:14.484+0100] {taskinstance.py:1087} INFO - Dependencies all met for <TaskInstance: tutorial_taskflow_api.load scheduled__2023-01-06T15:00:00+00:00 [queued]>
[2023-01-06T17:00:14.484+0100] {taskinstance.py:1283} INFO - 
--------------------------------------------------------------------------------
[2023-01-06T17:00:14.485+0100] {taskinstance.py:1284} INFO - Starting attempt 1 of 1
[2023-01-06T17:00:14.485+0100] {taskinstance.py:1285} INFO - 
--------------------------------------------------------------------------------
[2023-01-06T17:00:14.541+0100] {taskinstance.py:1304} INFO - Executing <Task(_PythonDecoratedOperator): load> on 2023-01-06 15:00:00+00:00
[2023-01-06T17:00:14.545+0100] {standard_task_runner.py:55} INFO - Started process 6723 to run task
[2023-01-06T17:00:14.549+0100] {standard_task_runner.py:82} INFO - Running: ['airflow', 'tasks', 'run', 'tutorial_taskflow_api', 'load', 'scheduled__2023-01-06T15:00:00+00:00', '--job-id', '56', '--raw', '--subdir', '/home/chrisfleig/.local/lib/python3.10/site-packages/airflow/example_dags/tutorial_taskflow_api.py', '--cfg-path', '/tmp/tmpnzo1a8n9']
[2023-01-06T17:00:14.551+0100] {standard_task_runner.py:83} INFO - Job 56: Subtask load
[2023-01-06T17:00:14.867+0100] {task_command.py:389} INFO - Running <TaskInstance: tutorial_taskflow_api.load scheduled__2023-01-06T15:00:00+00:00 [running]> on host CFL-HP-360.
[2023-01-06T17:00:15.303+0100] {taskinstance.py:1511} INFO - Exporting the following env vars:
AIRFLOW_CTX_DAG_OWNER=airflow
AIRFLOW_CTX_DAG_ID=tutorial_taskflow_api
AIRFLOW_CTX_TASK_ID=load
AIRFLOW_CTX_EXECUTION_DATE=2023-01-06T15:00:00+00:00
AIRFLOW_CTX_TRY_NUMBER=1
AIRFLOW_CTX_DAG_RUN_ID=scheduled__2023-01-06T15:00:00+00:00
[2023-01-06T17:00:15.305+0100] {logging_mixin.py:137} INFO - Total order value is: 1236.70
[2023-01-06T17:00:15.305+0100] {python.py:177} INFO - Done. Returned value was: None
[2023-01-06T17:00:15.309+0100] {taskinstance.py:1322} INFO - Marking task as SUCCESS. dag_id=tutorial_taskflow_api, task_id=load, execution_date=20230106T150000, start_date=20230106T160014, end_date=20230106T160015
[2023-01-06T17:00:15.373+0100] {local_task_job.py:159} INFO - Task exited with return code 0
[2023-01-06T17:00:15.407+0100] {taskinstance.py:2582} INFO - 0 downstream tasks scheduled from follow-on schedule check
