[2023-01-06T10:34:17.998+0100] {taskinstance.py:1087} INFO - Dependencies all met for <TaskInstance: tutorial.templated scheduled__2023-01-05T09:33:51.397691+00:00 [queued]>
[2023-01-06T10:34:18.019+0100] {taskinstance.py:1087} INFO - Dependencies all met for <TaskInstance: tutorial.templated scheduled__2023-01-05T09:33:51.397691+00:00 [queued]>
[2023-01-06T10:34:18.020+0100] {taskinstance.py:1283} INFO - 
--------------------------------------------------------------------------------
[2023-01-06T10:34:18.020+0100] {taskinstance.py:1284} INFO - Starting attempt 1 of 2
[2023-01-06T10:34:18.020+0100] {taskinstance.py:1285} INFO - 
--------------------------------------------------------------------------------
[2023-01-06T10:34:18.064+0100] {taskinstance.py:1304} INFO - Executing <Task(BashOperator): templated> on 2023-01-05 09:33:51.397691+00:00
[2023-01-06T10:34:18.066+0100] {standard_task_runner.py:55} INFO - Started process 73 to run task
[2023-01-06T10:34:18.070+0100] {standard_task_runner.py:82} INFO - Running: ['airflow', 'tasks', 'run', 'tutorial', 'templated', 'scheduled__2023-01-05T09:33:51.397691+00:00', '--job-id', '19', '--raw', '--subdir', '/home/chrisfleig/.local/lib/python3.10/site-packages/airflow/example_dags/tutorial.py', '--cfg-path', '/tmp/tmprttj99eh']
[2023-01-06T10:34:18.072+0100] {standard_task_runner.py:83} INFO - Job 19: Subtask templated
[2023-01-06T10:34:18.138+0100] {task_command.py:389} INFO - Running <TaskInstance: tutorial.templated scheduled__2023-01-05T09:33:51.397691+00:00 [running]> on host CFL-HP-360.
[2023-01-06T10:34:18.236+0100] {taskinstance.py:1511} INFO - Exporting the following env vars:
AIRFLOW_CTX_DAG_EMAIL=airflow@example.com
AIRFLOW_CTX_DAG_OWNER=airflow
AIRFLOW_CTX_DAG_ID=tutorial
AIRFLOW_CTX_TASK_ID=templated
AIRFLOW_CTX_EXECUTION_DATE=2023-01-05T09:33:51.397691+00:00
AIRFLOW_CTX_TRY_NUMBER=1
AIRFLOW_CTX_DAG_RUN_ID=scheduled__2023-01-05T09:33:51.397691+00:00
[2023-01-06T10:34:18.238+0100] {subprocess.py:63} INFO - Tmp dir root location: 
 /tmp
[2023-01-06T10:34:18.239+0100] {subprocess.py:75} INFO - Running command: ['/usr/bin/bash', '-c', '\n\n    echo "2023-01-05"\n    echo "2023-01-12"\n\n    echo "2023-01-05"\n    echo "2023-01-12"\n\n    echo "2023-01-05"\n    echo "2023-01-12"\n\n    echo "2023-01-05"\n    echo "2023-01-12"\n\n    echo "2023-01-05"\n    echo "2023-01-12"\n']
[2023-01-06T10:34:18.254+0100] {subprocess.py:86} INFO - Output:
[2023-01-06T10:34:18.258+0100] {subprocess.py:93} INFO - 2023-01-05
[2023-01-06T10:34:18.258+0100] {subprocess.py:93} INFO - 2023-01-12
[2023-01-06T10:34:18.258+0100] {subprocess.py:93} INFO - 2023-01-05
[2023-01-06T10:34:18.258+0100] {subprocess.py:93} INFO - 2023-01-12
[2023-01-06T10:34:18.258+0100] {subprocess.py:93} INFO - 2023-01-05
[2023-01-06T10:34:18.259+0100] {subprocess.py:93} INFO - 2023-01-12
[2023-01-06T10:34:18.259+0100] {subprocess.py:93} INFO - 2023-01-05
[2023-01-06T10:34:18.259+0100] {subprocess.py:93} INFO - 2023-01-12
[2023-01-06T10:34:18.259+0100] {subprocess.py:93} INFO - 2023-01-05
[2023-01-06T10:34:18.259+0100] {subprocess.py:93} INFO - 2023-01-12
[2023-01-06T10:34:18.259+0100] {subprocess.py:97} INFO - Command exited with return code 0
[2023-01-06T10:34:18.300+0100] {taskinstance.py:1322} INFO - Marking task as SUCCESS. dag_id=tutorial, task_id=templated, execution_date=20230105T093351, start_date=20230106T093418, end_date=20230106T093418
[2023-01-06T10:34:18.365+0100] {local_task_job.py:159} INFO - Task exited with return code 0
[2023-01-06T10:34:18.378+0100] {taskinstance.py:2582} INFO - 0 downstream tasks scheduled from follow-on schedule check
