[2023-01-03T22:11:26.445+0100] {processor.py:153} INFO - Started process (PID=8219) to work on /home/chrisfleig/.local/lib/python3.10/site-packages/airflow/example_dags/subdags/subdag.py
[2023-01-03T22:11:26.445+0100] {processor.py:743} INFO - Processing file /home/chrisfleig/.local/lib/python3.10/site-packages/airflow/example_dags/subdags/subdag.py for tasks to queue
[2023-01-03T22:11:26.446+0100] {logging_mixin.py:137} INFO - [2023-01-03T22:11:26.446+0100] {dagbag.py:538} INFO - Filling up the DagBag from /home/chrisfleig/.local/lib/python3.10/site-packages/airflow/example_dags/subdags/subdag.py
[2023-01-03T22:11:26.449+0100] {processor.py:755} WARNING - No viable dags retrieved from /home/chrisfleig/.local/lib/python3.10/site-packages/airflow/example_dags/subdags/subdag.py
[2023-01-03T22:11:26.458+0100] {processor.py:175} INFO - Processing /home/chrisfleig/.local/lib/python3.10/site-packages/airflow/example_dags/subdags/subdag.py took 0.016 seconds
[2023-01-03T22:12:05.508+0100] {processor.py:153} INFO - Started process (PID=8257) to work on /home/chrisfleig/.local/lib/python3.10/site-packages/airflow/example_dags/subdags/subdag.py
[2023-01-03T22:12:05.510+0100] {processor.py:743} INFO - Processing file /home/chrisfleig/.local/lib/python3.10/site-packages/airflow/example_dags/subdags/subdag.py for tasks to queue
[2023-01-03T22:12:05.511+0100] {logging_mixin.py:137} INFO - [2023-01-03T22:12:05.510+0100] {dagbag.py:538} INFO - Filling up the DagBag from /home/chrisfleig/.local/lib/python3.10/site-packages/airflow/example_dags/subdags/subdag.py
[2023-01-03T22:12:05.519+0100] {processor.py:755} WARNING - No viable dags retrieved from /home/chrisfleig/.local/lib/python3.10/site-packages/airflow/example_dags/subdags/subdag.py
[2023-01-03T22:12:05.528+0100] {processor.py:175} INFO - Processing /home/chrisfleig/.local/lib/python3.10/site-packages/airflow/example_dags/subdags/subdag.py took 0.024 seconds
[2023-01-03T22:12:44.489+0100] {processor.py:153} INFO - Started process (PID=8295) to work on /home/chrisfleig/.local/lib/python3.10/site-packages/airflow/example_dags/subdags/subdag.py
[2023-01-03T22:12:44.490+0100] {processor.py:743} INFO - Processing file /home/chrisfleig/.local/lib/python3.10/site-packages/airflow/example_dags/subdags/subdag.py for tasks to queue
[2023-01-03T22:12:44.491+0100] {logging_mixin.py:137} INFO - [2023-01-03T22:12:44.491+0100] {dagbag.py:538} INFO - Filling up the DagBag from /home/chrisfleig/.local/lib/python3.10/site-packages/airflow/example_dags/subdags/subdag.py
[2023-01-03T22:12:44.494+0100] {processor.py:755} WARNING - No viable dags retrieved from /home/chrisfleig/.local/lib/python3.10/site-packages/airflow/example_dags/subdags/subdag.py
[2023-01-03T22:12:44.502+0100] {processor.py:175} INFO - Processing /home/chrisfleig/.local/lib/python3.10/site-packages/airflow/example_dags/subdags/subdag.py took 0.015 seconds
[2023-01-03T22:13:24.102+0100] {processor.py:153} INFO - Started process (PID=8333) to work on /home/chrisfleig/.local/lib/python3.10/site-packages/airflow/example_dags/subdags/subdag.py
[2023-01-03T22:13:24.103+0100] {processor.py:743} INFO - Processing file /home/chrisfleig/.local/lib/python3.10/site-packages/airflow/example_dags/subdags/subdag.py for tasks to queue
[2023-01-03T22:13:24.104+0100] {logging_mixin.py:137} INFO - [2023-01-03T22:13:24.103+0100] {dagbag.py:538} INFO - Filling up the DagBag from /home/chrisfleig/.local/lib/python3.10/site-packages/airflow/example_dags/subdags/subdag.py
[2023-01-03T22:13:24.106+0100] {processor.py:755} WARNING - No viable dags retrieved from /home/chrisfleig/.local/lib/python3.10/site-packages/airflow/example_dags/subdags/subdag.py
[2023-01-03T22:13:24.115+0100] {processor.py:175} INFO - Processing /home/chrisfleig/.local/lib/python3.10/site-packages/airflow/example_dags/subdags/subdag.py took 0.016 seconds
[2023-01-03T22:14:02.129+0100] {processor.py:153} INFO - Started process (PID=8371) to work on /home/chrisfleig/.local/lib/python3.10/site-packages/airflow/example_dags/subdags/subdag.py
[2023-01-03T22:14:02.130+0100] {processor.py:743} INFO - Processing file /home/chrisfleig/.local/lib/python3.10/site-packages/airflow/example_dags/subdags/subdag.py for tasks to queue
[2023-01-03T22:14:02.131+0100] {logging_mixin.py:137} INFO - [2023-01-03T22:14:02.131+0100] {dagbag.py:538} INFO - Filling up the DagBag from /home/chrisfleig/.local/lib/python3.10/site-packages/airflow/example_dags/subdags/subdag.py
[2023-01-03T22:14:02.135+0100] {processor.py:755} WARNING - No viable dags retrieved from /home/chrisfleig/.local/lib/python3.10/site-packages/airflow/example_dags/subdags/subdag.py
[2023-01-03T22:14:02.147+0100] {processor.py:175} INFO - Processing /home/chrisfleig/.local/lib/python3.10/site-packages/airflow/example_dags/subdags/subdag.py took 0.021 seconds
[2023-01-03T22:14:42.146+0100] {processor.py:153} INFO - Started process (PID=8409) to work on /home/chrisfleig/.local/lib/python3.10/site-packages/airflow/example_dags/subdags/subdag.py
[2023-01-03T22:14:42.147+0100] {processor.py:743} INFO - Processing file /home/chrisfleig/.local/lib/python3.10/site-packages/airflow/example_dags/subdags/subdag.py for tasks to queue
[2023-01-03T22:14:42.147+0100] {logging_mixin.py:137} INFO - [2023-01-03T22:14:42.147+0100] {dagbag.py:538} INFO - Filling up the DagBag from /home/chrisfleig/.local/lib/python3.10/site-packages/airflow/example_dags/subdags/subdag.py
[2023-01-03T22:14:42.150+0100] {processor.py:755} WARNING - No viable dags retrieved from /home/chrisfleig/.local/lib/python3.10/site-packages/airflow/example_dags/subdags/subdag.py
[2023-01-03T22:14:42.162+0100] {processor.py:175} INFO - Processing /home/chrisfleig/.local/lib/python3.10/site-packages/airflow/example_dags/subdags/subdag.py took 0.018 seconds
[2023-01-03T22:15:20.414+0100] {processor.py:153} INFO - Started process (PID=8448) to work on /home/chrisfleig/.local/lib/python3.10/site-packages/airflow/example_dags/subdags/subdag.py
[2023-01-03T22:15:20.416+0100] {processor.py:743} INFO - Processing file /home/chrisfleig/.local/lib/python3.10/site-packages/airflow/example_dags/subdags/subdag.py for tasks to queue
[2023-01-03T22:15:20.416+0100] {logging_mixin.py:137} INFO - [2023-01-03T22:15:20.416+0100] {dagbag.py:538} INFO - Filling up the DagBag from /home/chrisfleig/.local/lib/python3.10/site-packages/airflow/example_dags/subdags/subdag.py
[2023-01-03T22:15:20.420+0100] {processor.py:755} WARNING - No viable dags retrieved from /home/chrisfleig/.local/lib/python3.10/site-packages/airflow/example_dags/subdags/subdag.py
[2023-01-03T22:15:20.428+0100] {processor.py:175} INFO - Processing /home/chrisfleig/.local/lib/python3.10/site-packages/airflow/example_dags/subdags/subdag.py took 0.016 seconds
[2023-01-03T22:31:54.593+0100] {processor.py:153} INFO - Started process (PID=8582) to work on /home/chrisfleig/.local/lib/python3.10/site-packages/airflow/example_dags/subdags/subdag.py
[2023-01-03T22:31:54.594+0100] {processor.py:743} INFO - Processing file /home/chrisfleig/.local/lib/python3.10/site-packages/airflow/example_dags/subdags/subdag.py for tasks to queue
[2023-01-03T22:31:54.595+0100] {logging_mixin.py:137} INFO - [2023-01-03T22:31:54.595+0100] {dagbag.py:538} INFO - Filling up the DagBag from /home/chrisfleig/.local/lib/python3.10/site-packages/airflow/example_dags/subdags/subdag.py
[2023-01-03T22:31:54.598+0100] {processor.py:755} WARNING - No viable dags retrieved from /home/chrisfleig/.local/lib/python3.10/site-packages/airflow/example_dags/subdags/subdag.py
[2023-01-03T22:31:54.607+0100] {processor.py:175} INFO - Processing /home/chrisfleig/.local/lib/python3.10/site-packages/airflow/example_dags/subdags/subdag.py took 0.016 seconds
[2023-01-03T22:32:34.073+0100] {processor.py:153} INFO - Started process (PID=8620) to work on /home/chrisfleig/.local/lib/python3.10/site-packages/airflow/example_dags/subdags/subdag.py
[2023-01-03T22:32:34.074+0100] {processor.py:743} INFO - Processing file /home/chrisfleig/.local/lib/python3.10/site-packages/airflow/example_dags/subdags/subdag.py for tasks to queue
[2023-01-03T22:32:34.075+0100] {logging_mixin.py:137} INFO - [2023-01-03T22:32:34.075+0100] {dagbag.py:538} INFO - Filling up the DagBag from /home/chrisfleig/.local/lib/python3.10/site-packages/airflow/example_dags/subdags/subdag.py
[2023-01-03T22:32:34.078+0100] {processor.py:755} WARNING - No viable dags retrieved from /home/chrisfleig/.local/lib/python3.10/site-packages/airflow/example_dags/subdags/subdag.py
[2023-01-03T22:32:34.085+0100] {processor.py:175} INFO - Processing /home/chrisfleig/.local/lib/python3.10/site-packages/airflow/example_dags/subdags/subdag.py took 0.014 seconds
[2023-01-03T22:33:13.200+0100] {processor.py:153} INFO - Started process (PID=8658) to work on /home/chrisfleig/.local/lib/python3.10/site-packages/airflow/example_dags/subdags/subdag.py
[2023-01-03T22:33:13.201+0100] {processor.py:743} INFO - Processing file /home/chrisfleig/.local/lib/python3.10/site-packages/airflow/example_dags/subdags/subdag.py for tasks to queue
[2023-01-03T22:33:13.201+0100] {logging_mixin.py:137} INFO - [2023-01-03T22:33:13.201+0100] {dagbag.py:538} INFO - Filling up the DagBag from /home/chrisfleig/.local/lib/python3.10/site-packages/airflow/example_dags/subdags/subdag.py
[2023-01-03T22:33:13.205+0100] {processor.py:755} WARNING - No viable dags retrieved from /home/chrisfleig/.local/lib/python3.10/site-packages/airflow/example_dags/subdags/subdag.py
[2023-01-03T22:33:13.212+0100] {processor.py:175} INFO - Processing /home/chrisfleig/.local/lib/python3.10/site-packages/airflow/example_dags/subdags/subdag.py took 0.015 seconds
[2023-01-03T22:33:51.796+0100] {processor.py:153} INFO - Started process (PID=8696) to work on /home/chrisfleig/.local/lib/python3.10/site-packages/airflow/example_dags/subdags/subdag.py
[2023-01-03T22:33:51.797+0100] {processor.py:743} INFO - Processing file /home/chrisfleig/.local/lib/python3.10/site-packages/airflow/example_dags/subdags/subdag.py for tasks to queue
[2023-01-03T22:33:51.797+0100] {logging_mixin.py:137} INFO - [2023-01-03T22:33:51.797+0100] {dagbag.py:538} INFO - Filling up the DagBag from /home/chrisfleig/.local/lib/python3.10/site-packages/airflow/example_dags/subdags/subdag.py
[2023-01-03T22:33:51.800+0100] {processor.py:755} WARNING - No viable dags retrieved from /home/chrisfleig/.local/lib/python3.10/site-packages/airflow/example_dags/subdags/subdag.py
[2023-01-03T22:33:51.808+0100] {processor.py:175} INFO - Processing /home/chrisfleig/.local/lib/python3.10/site-packages/airflow/example_dags/subdags/subdag.py took 0.015 seconds
[2023-01-03T22:34:31.624+0100] {processor.py:153} INFO - Started process (PID=8734) to work on /home/chrisfleig/.local/lib/python3.10/site-packages/airflow/example_dags/subdags/subdag.py
[2023-01-03T22:34:31.625+0100] {processor.py:743} INFO - Processing file /home/chrisfleig/.local/lib/python3.10/site-packages/airflow/example_dags/subdags/subdag.py for tasks to queue
[2023-01-03T22:34:31.625+0100] {logging_mixin.py:137} INFO - [2023-01-03T22:34:31.625+0100] {dagbag.py:538} INFO - Filling up the DagBag from /home/chrisfleig/.local/lib/python3.10/site-packages/airflow/example_dags/subdags/subdag.py
[2023-01-03T22:34:31.628+0100] {processor.py:755} WARNING - No viable dags retrieved from /home/chrisfleig/.local/lib/python3.10/site-packages/airflow/example_dags/subdags/subdag.py
[2023-01-03T22:34:31.637+0100] {processor.py:175} INFO - Processing /home/chrisfleig/.local/lib/python3.10/site-packages/airflow/example_dags/subdags/subdag.py took 0.015 seconds
[2023-01-03T22:35:11.172+0100] {processor.py:153} INFO - Started process (PID=8772) to work on /home/chrisfleig/.local/lib/python3.10/site-packages/airflow/example_dags/subdags/subdag.py
[2023-01-03T22:35:11.173+0100] {processor.py:743} INFO - Processing file /home/chrisfleig/.local/lib/python3.10/site-packages/airflow/example_dags/subdags/subdag.py for tasks to queue
[2023-01-03T22:35:11.174+0100] {logging_mixin.py:137} INFO - [2023-01-03T22:35:11.174+0100] {dagbag.py:538} INFO - Filling up the DagBag from /home/chrisfleig/.local/lib/python3.10/site-packages/airflow/example_dags/subdags/subdag.py
[2023-01-03T22:35:11.178+0100] {processor.py:755} WARNING - No viable dags retrieved from /home/chrisfleig/.local/lib/python3.10/site-packages/airflow/example_dags/subdags/subdag.py
[2023-01-03T22:35:11.189+0100] {processor.py:175} INFO - Processing /home/chrisfleig/.local/lib/python3.10/site-packages/airflow/example_dags/subdags/subdag.py took 0.019 seconds
[2023-01-03T22:35:50.342+0100] {processor.py:153} INFO - Started process (PID=8810) to work on /home/chrisfleig/.local/lib/python3.10/site-packages/airflow/example_dags/subdags/subdag.py
[2023-01-03T22:35:50.343+0100] {processor.py:743} INFO - Processing file /home/chrisfleig/.local/lib/python3.10/site-packages/airflow/example_dags/subdags/subdag.py for tasks to queue
[2023-01-03T22:35:50.344+0100] {logging_mixin.py:137} INFO - [2023-01-03T22:35:50.344+0100] {dagbag.py:538} INFO - Filling up the DagBag from /home/chrisfleig/.local/lib/python3.10/site-packages/airflow/example_dags/subdags/subdag.py
[2023-01-03T22:35:50.347+0100] {processor.py:755} WARNING - No viable dags retrieved from /home/chrisfleig/.local/lib/python3.10/site-packages/airflow/example_dags/subdags/subdag.py
[2023-01-03T22:35:50.354+0100] {processor.py:175} INFO - Processing /home/chrisfleig/.local/lib/python3.10/site-packages/airflow/example_dags/subdags/subdag.py took 0.015 seconds
[2023-01-03T22:36:29.330+0100] {processor.py:153} INFO - Started process (PID=8848) to work on /home/chrisfleig/.local/lib/python3.10/site-packages/airflow/example_dags/subdags/subdag.py
[2023-01-03T22:36:29.331+0100] {processor.py:743} INFO - Processing file /home/chrisfleig/.local/lib/python3.10/site-packages/airflow/example_dags/subdags/subdag.py for tasks to queue
[2023-01-03T22:36:29.332+0100] {logging_mixin.py:137} INFO - [2023-01-03T22:36:29.332+0100] {dagbag.py:538} INFO - Filling up the DagBag from /home/chrisfleig/.local/lib/python3.10/site-packages/airflow/example_dags/subdags/subdag.py
[2023-01-03T22:36:29.335+0100] {processor.py:755} WARNING - No viable dags retrieved from /home/chrisfleig/.local/lib/python3.10/site-packages/airflow/example_dags/subdags/subdag.py
[2023-01-03T22:36:29.342+0100] {processor.py:175} INFO - Processing /home/chrisfleig/.local/lib/python3.10/site-packages/airflow/example_dags/subdags/subdag.py took 0.014 seconds
[2023-01-03T22:37:06.426+0100] {processor.py:153} INFO - Started process (PID=8886) to work on /home/chrisfleig/.local/lib/python3.10/site-packages/airflow/example_dags/subdags/subdag.py
[2023-01-03T22:37:06.427+0100] {processor.py:743} INFO - Processing file /home/chrisfleig/.local/lib/python3.10/site-packages/airflow/example_dags/subdags/subdag.py for tasks to queue
[2023-01-03T22:37:06.428+0100] {logging_mixin.py:137} INFO - [2023-01-03T22:37:06.428+0100] {dagbag.py:538} INFO - Filling up the DagBag from /home/chrisfleig/.local/lib/python3.10/site-packages/airflow/example_dags/subdags/subdag.py
[2023-01-03T22:37:06.431+0100] {processor.py:755} WARNING - No viable dags retrieved from /home/chrisfleig/.local/lib/python3.10/site-packages/airflow/example_dags/subdags/subdag.py
[2023-01-03T22:37:06.440+0100] {processor.py:175} INFO - Processing /home/chrisfleig/.local/lib/python3.10/site-packages/airflow/example_dags/subdags/subdag.py took 0.017 seconds
[2023-01-03T22:37:44.271+0100] {processor.py:153} INFO - Started process (PID=8924) to work on /home/chrisfleig/.local/lib/python3.10/site-packages/airflow/example_dags/subdags/subdag.py
[2023-01-03T22:37:44.272+0100] {processor.py:743} INFO - Processing file /home/chrisfleig/.local/lib/python3.10/site-packages/airflow/example_dags/subdags/subdag.py for tasks to queue
[2023-01-03T22:37:44.273+0100] {logging_mixin.py:137} INFO - [2023-01-03T22:37:44.273+0100] {dagbag.py:538} INFO - Filling up the DagBag from /home/chrisfleig/.local/lib/python3.10/site-packages/airflow/example_dags/subdags/subdag.py
[2023-01-03T22:37:44.276+0100] {processor.py:755} WARNING - No viable dags retrieved from /home/chrisfleig/.local/lib/python3.10/site-packages/airflow/example_dags/subdags/subdag.py
[2023-01-03T22:37:44.284+0100] {processor.py:175} INFO - Processing /home/chrisfleig/.local/lib/python3.10/site-packages/airflow/example_dags/subdags/subdag.py took 0.016 seconds
[2023-01-03T22:38:23.218+0100] {processor.py:153} INFO - Started process (PID=8962) to work on /home/chrisfleig/.local/lib/python3.10/site-packages/airflow/example_dags/subdags/subdag.py
[2023-01-03T22:38:23.219+0100] {processor.py:743} INFO - Processing file /home/chrisfleig/.local/lib/python3.10/site-packages/airflow/example_dags/subdags/subdag.py for tasks to queue
[2023-01-03T22:38:23.220+0100] {logging_mixin.py:137} INFO - [2023-01-03T22:38:23.220+0100] {dagbag.py:538} INFO - Filling up the DagBag from /home/chrisfleig/.local/lib/python3.10/site-packages/airflow/example_dags/subdags/subdag.py
[2023-01-03T22:38:23.225+0100] {processor.py:755} WARNING - No viable dags retrieved from /home/chrisfleig/.local/lib/python3.10/site-packages/airflow/example_dags/subdags/subdag.py
[2023-01-03T22:38:23.233+0100] {processor.py:175} INFO - Processing /home/chrisfleig/.local/lib/python3.10/site-packages/airflow/example_dags/subdags/subdag.py took 0.019 seconds
[2023-01-03T22:39:02.635+0100] {processor.py:153} INFO - Started process (PID=9000) to work on /home/chrisfleig/.local/lib/python3.10/site-packages/airflow/example_dags/subdags/subdag.py
[2023-01-03T22:39:02.636+0100] {processor.py:743} INFO - Processing file /home/chrisfleig/.local/lib/python3.10/site-packages/airflow/example_dags/subdags/subdag.py for tasks to queue
[2023-01-03T22:39:02.637+0100] {logging_mixin.py:137} INFO - [2023-01-03T22:39:02.637+0100] {dagbag.py:538} INFO - Filling up the DagBag from /home/chrisfleig/.local/lib/python3.10/site-packages/airflow/example_dags/subdags/subdag.py
[2023-01-03T22:39:02.640+0100] {processor.py:755} WARNING - No viable dags retrieved from /home/chrisfleig/.local/lib/python3.10/site-packages/airflow/example_dags/subdags/subdag.py
[2023-01-03T22:39:02.647+0100] {processor.py:175} INFO - Processing /home/chrisfleig/.local/lib/python3.10/site-packages/airflow/example_dags/subdags/subdag.py took 0.015 seconds
[2023-01-03T22:39:42.602+0100] {processor.py:153} INFO - Started process (PID=9038) to work on /home/chrisfleig/.local/lib/python3.10/site-packages/airflow/example_dags/subdags/subdag.py
[2023-01-03T22:39:42.603+0100] {processor.py:743} INFO - Processing file /home/chrisfleig/.local/lib/python3.10/site-packages/airflow/example_dags/subdags/subdag.py for tasks to queue
[2023-01-03T22:39:42.604+0100] {logging_mixin.py:137} INFO - [2023-01-03T22:39:42.604+0100] {dagbag.py:538} INFO - Filling up the DagBag from /home/chrisfleig/.local/lib/python3.10/site-packages/airflow/example_dags/subdags/subdag.py
[2023-01-03T22:39:42.607+0100] {processor.py:755} WARNING - No viable dags retrieved from /home/chrisfleig/.local/lib/python3.10/site-packages/airflow/example_dags/subdags/subdag.py
[2023-01-03T22:39:42.615+0100] {processor.py:175} INFO - Processing /home/chrisfleig/.local/lib/python3.10/site-packages/airflow/example_dags/subdags/subdag.py took 0.018 seconds
[2023-01-03T22:40:20.941+0100] {processor.py:153} INFO - Started process (PID=9076) to work on /home/chrisfleig/.local/lib/python3.10/site-packages/airflow/example_dags/subdags/subdag.py
[2023-01-03T22:40:20.942+0100] {processor.py:743} INFO - Processing file /home/chrisfleig/.local/lib/python3.10/site-packages/airflow/example_dags/subdags/subdag.py for tasks to queue
[2023-01-03T22:40:20.942+0100] {logging_mixin.py:137} INFO - [2023-01-03T22:40:20.942+0100] {dagbag.py:538} INFO - Filling up the DagBag from /home/chrisfleig/.local/lib/python3.10/site-packages/airflow/example_dags/subdags/subdag.py
[2023-01-03T22:40:20.946+0100] {processor.py:755} WARNING - No viable dags retrieved from /home/chrisfleig/.local/lib/python3.10/site-packages/airflow/example_dags/subdags/subdag.py
[2023-01-03T22:40:20.954+0100] {processor.py:175} INFO - Processing /home/chrisfleig/.local/lib/python3.10/site-packages/airflow/example_dags/subdags/subdag.py took 0.016 seconds
[2023-01-03T22:40:59.690+0100] {processor.py:153} INFO - Started process (PID=9114) to work on /home/chrisfleig/.local/lib/python3.10/site-packages/airflow/example_dags/subdags/subdag.py
[2023-01-03T22:40:59.691+0100] {processor.py:743} INFO - Processing file /home/chrisfleig/.local/lib/python3.10/site-packages/airflow/example_dags/subdags/subdag.py for tasks to queue
[2023-01-03T22:40:59.691+0100] {logging_mixin.py:137} INFO - [2023-01-03T22:40:59.691+0100] {dagbag.py:538} INFO - Filling up the DagBag from /home/chrisfleig/.local/lib/python3.10/site-packages/airflow/example_dags/subdags/subdag.py
[2023-01-03T22:40:59.694+0100] {processor.py:755} WARNING - No viable dags retrieved from /home/chrisfleig/.local/lib/python3.10/site-packages/airflow/example_dags/subdags/subdag.py
[2023-01-03T22:40:59.702+0100] {processor.py:175} INFO - Processing /home/chrisfleig/.local/lib/python3.10/site-packages/airflow/example_dags/subdags/subdag.py took 0.015 seconds
[2023-01-03T22:41:37.023+0100] {processor.py:153} INFO - Started process (PID=9152) to work on /home/chrisfleig/.local/lib/python3.10/site-packages/airflow/example_dags/subdags/subdag.py
[2023-01-03T22:41:37.024+0100] {processor.py:743} INFO - Processing file /home/chrisfleig/.local/lib/python3.10/site-packages/airflow/example_dags/subdags/subdag.py for tasks to queue
[2023-01-03T22:41:37.024+0100] {logging_mixin.py:137} INFO - [2023-01-03T22:41:37.024+0100] {dagbag.py:538} INFO - Filling up the DagBag from /home/chrisfleig/.local/lib/python3.10/site-packages/airflow/example_dags/subdags/subdag.py
[2023-01-03T22:41:37.027+0100] {processor.py:755} WARNING - No viable dags retrieved from /home/chrisfleig/.local/lib/python3.10/site-packages/airflow/example_dags/subdags/subdag.py
[2023-01-03T22:41:37.035+0100] {processor.py:175} INFO - Processing /home/chrisfleig/.local/lib/python3.10/site-packages/airflow/example_dags/subdags/subdag.py took 0.015 seconds
[2023-01-03T22:42:15.574+0100] {processor.py:153} INFO - Started process (PID=9192) to work on /home/chrisfleig/.local/lib/python3.10/site-packages/airflow/example_dags/subdags/subdag.py
[2023-01-03T22:42:15.575+0100] {processor.py:743} INFO - Processing file /home/chrisfleig/.local/lib/python3.10/site-packages/airflow/example_dags/subdags/subdag.py for tasks to queue
[2023-01-03T22:42:15.576+0100] {logging_mixin.py:137} INFO - [2023-01-03T22:42:15.576+0100] {dagbag.py:538} INFO - Filling up the DagBag from /home/chrisfleig/.local/lib/python3.10/site-packages/airflow/example_dags/subdags/subdag.py
[2023-01-03T22:42:15.579+0100] {processor.py:755} WARNING - No viable dags retrieved from /home/chrisfleig/.local/lib/python3.10/site-packages/airflow/example_dags/subdags/subdag.py
[2023-01-03T22:42:15.587+0100] {processor.py:175} INFO - Processing /home/chrisfleig/.local/lib/python3.10/site-packages/airflow/example_dags/subdags/subdag.py took 0.015 seconds
[2023-01-03T22:42:54.287+0100] {processor.py:153} INFO - Started process (PID=9232) to work on /home/chrisfleig/.local/lib/python3.10/site-packages/airflow/example_dags/subdags/subdag.py
[2023-01-03T22:42:54.289+0100] {processor.py:743} INFO - Processing file /home/chrisfleig/.local/lib/python3.10/site-packages/airflow/example_dags/subdags/subdag.py for tasks to queue
[2023-01-03T22:42:54.290+0100] {logging_mixin.py:137} INFO - [2023-01-03T22:42:54.290+0100] {dagbag.py:538} INFO - Filling up the DagBag from /home/chrisfleig/.local/lib/python3.10/site-packages/airflow/example_dags/subdags/subdag.py
[2023-01-03T22:42:54.293+0100] {processor.py:755} WARNING - No viable dags retrieved from /home/chrisfleig/.local/lib/python3.10/site-packages/airflow/example_dags/subdags/subdag.py
[2023-01-03T22:42:54.301+0100] {processor.py:175} INFO - Processing /home/chrisfleig/.local/lib/python3.10/site-packages/airflow/example_dags/subdags/subdag.py took 0.017 seconds
[2023-01-03T22:43:34.691+0100] {processor.py:153} INFO - Started process (PID=9270) to work on /home/chrisfleig/.local/lib/python3.10/site-packages/airflow/example_dags/subdags/subdag.py
[2023-01-03T22:43:34.692+0100] {processor.py:743} INFO - Processing file /home/chrisfleig/.local/lib/python3.10/site-packages/airflow/example_dags/subdags/subdag.py for tasks to queue
[2023-01-03T22:43:34.693+0100] {logging_mixin.py:137} INFO - [2023-01-03T22:43:34.693+0100] {dagbag.py:538} INFO - Filling up the DagBag from /home/chrisfleig/.local/lib/python3.10/site-packages/airflow/example_dags/subdags/subdag.py
[2023-01-03T22:43:34.696+0100] {processor.py:755} WARNING - No viable dags retrieved from /home/chrisfleig/.local/lib/python3.10/site-packages/airflow/example_dags/subdags/subdag.py
[2023-01-03T22:43:34.705+0100] {processor.py:175} INFO - Processing /home/chrisfleig/.local/lib/python3.10/site-packages/airflow/example_dags/subdags/subdag.py took 0.016 seconds
[2023-01-03T22:44:12.536+0100] {processor.py:153} INFO - Started process (PID=9308) to work on /home/chrisfleig/.local/lib/python3.10/site-packages/airflow/example_dags/subdags/subdag.py
[2023-01-03T22:44:12.537+0100] {processor.py:743} INFO - Processing file /home/chrisfleig/.local/lib/python3.10/site-packages/airflow/example_dags/subdags/subdag.py for tasks to queue
[2023-01-03T22:44:12.537+0100] {logging_mixin.py:137} INFO - [2023-01-03T22:44:12.537+0100] {dagbag.py:538} INFO - Filling up the DagBag from /home/chrisfleig/.local/lib/python3.10/site-packages/airflow/example_dags/subdags/subdag.py
[2023-01-03T22:44:12.541+0100] {processor.py:755} WARNING - No viable dags retrieved from /home/chrisfleig/.local/lib/python3.10/site-packages/airflow/example_dags/subdags/subdag.py
[2023-01-03T22:44:12.554+0100] {processor.py:175} INFO - Processing /home/chrisfleig/.local/lib/python3.10/site-packages/airflow/example_dags/subdags/subdag.py took 0.021 seconds
[2023-01-03T22:44:51.168+0100] {processor.py:153} INFO - Started process (PID=9346) to work on /home/chrisfleig/.local/lib/python3.10/site-packages/airflow/example_dags/subdags/subdag.py
[2023-01-03T22:44:51.169+0100] {processor.py:743} INFO - Processing file /home/chrisfleig/.local/lib/python3.10/site-packages/airflow/example_dags/subdags/subdag.py for tasks to queue
[2023-01-03T22:44:51.170+0100] {logging_mixin.py:137} INFO - [2023-01-03T22:44:51.170+0100] {dagbag.py:538} INFO - Filling up the DagBag from /home/chrisfleig/.local/lib/python3.10/site-packages/airflow/example_dags/subdags/subdag.py
[2023-01-03T22:44:51.173+0100] {processor.py:755} WARNING - No viable dags retrieved from /home/chrisfleig/.local/lib/python3.10/site-packages/airflow/example_dags/subdags/subdag.py
[2023-01-03T22:44:51.180+0100] {processor.py:175} INFO - Processing /home/chrisfleig/.local/lib/python3.10/site-packages/airflow/example_dags/subdags/subdag.py took 0.015 seconds
[2023-01-03T22:45:30.900+0100] {processor.py:153} INFO - Started process (PID=9384) to work on /home/chrisfleig/.local/lib/python3.10/site-packages/airflow/example_dags/subdags/subdag.py
[2023-01-03T22:45:30.902+0100] {processor.py:743} INFO - Processing file /home/chrisfleig/.local/lib/python3.10/site-packages/airflow/example_dags/subdags/subdag.py for tasks to queue
[2023-01-03T22:45:30.902+0100] {logging_mixin.py:137} INFO - [2023-01-03T22:45:30.902+0100] {dagbag.py:538} INFO - Filling up the DagBag from /home/chrisfleig/.local/lib/python3.10/site-packages/airflow/example_dags/subdags/subdag.py
[2023-01-03T22:45:30.905+0100] {processor.py:755} WARNING - No viable dags retrieved from /home/chrisfleig/.local/lib/python3.10/site-packages/airflow/example_dags/subdags/subdag.py
[2023-01-03T22:45:30.912+0100] {processor.py:175} INFO - Processing /home/chrisfleig/.local/lib/python3.10/site-packages/airflow/example_dags/subdags/subdag.py took 0.015 seconds
[2023-01-03T22:46:09.549+0100] {processor.py:153} INFO - Started process (PID=9422) to work on /home/chrisfleig/.local/lib/python3.10/site-packages/airflow/example_dags/subdags/subdag.py
[2023-01-03T22:46:09.550+0100] {processor.py:743} INFO - Processing file /home/chrisfleig/.local/lib/python3.10/site-packages/airflow/example_dags/subdags/subdag.py for tasks to queue
[2023-01-03T22:46:09.551+0100] {logging_mixin.py:137} INFO - [2023-01-03T22:46:09.550+0100] {dagbag.py:538} INFO - Filling up the DagBag from /home/chrisfleig/.local/lib/python3.10/site-packages/airflow/example_dags/subdags/subdag.py
[2023-01-03T22:46:09.554+0100] {processor.py:755} WARNING - No viable dags retrieved from /home/chrisfleig/.local/lib/python3.10/site-packages/airflow/example_dags/subdags/subdag.py
[2023-01-03T22:46:09.562+0100] {processor.py:175} INFO - Processing /home/chrisfleig/.local/lib/python3.10/site-packages/airflow/example_dags/subdags/subdag.py took 0.016 seconds
[2023-01-03T22:46:45.768+0100] {processor.py:153} INFO - Started process (PID=9460) to work on /home/chrisfleig/.local/lib/python3.10/site-packages/airflow/example_dags/subdags/subdag.py
[2023-01-03T22:46:45.769+0100] {processor.py:743} INFO - Processing file /home/chrisfleig/.local/lib/python3.10/site-packages/airflow/example_dags/subdags/subdag.py for tasks to queue
[2023-01-03T22:46:45.769+0100] {logging_mixin.py:137} INFO - [2023-01-03T22:46:45.769+0100] {dagbag.py:538} INFO - Filling up the DagBag from /home/chrisfleig/.local/lib/python3.10/site-packages/airflow/example_dags/subdags/subdag.py
[2023-01-03T22:46:45.773+0100] {processor.py:755} WARNING - No viable dags retrieved from /home/chrisfleig/.local/lib/python3.10/site-packages/airflow/example_dags/subdags/subdag.py
[2023-01-03T22:46:45.780+0100] {processor.py:175} INFO - Processing /home/chrisfleig/.local/lib/python3.10/site-packages/airflow/example_dags/subdags/subdag.py took 0.014 seconds
[2023-01-03T22:47:25.125+0100] {processor.py:153} INFO - Started process (PID=9498) to work on /home/chrisfleig/.local/lib/python3.10/site-packages/airflow/example_dags/subdags/subdag.py
[2023-01-03T22:47:25.126+0100] {processor.py:743} INFO - Processing file /home/chrisfleig/.local/lib/python3.10/site-packages/airflow/example_dags/subdags/subdag.py for tasks to queue
[2023-01-03T22:47:25.126+0100] {logging_mixin.py:137} INFO - [2023-01-03T22:47:25.126+0100] {dagbag.py:538} INFO - Filling up the DagBag from /home/chrisfleig/.local/lib/python3.10/site-packages/airflow/example_dags/subdags/subdag.py
[2023-01-03T22:47:25.129+0100] {processor.py:755} WARNING - No viable dags retrieved from /home/chrisfleig/.local/lib/python3.10/site-packages/airflow/example_dags/subdags/subdag.py
[2023-01-03T22:47:25.137+0100] {processor.py:175} INFO - Processing /home/chrisfleig/.local/lib/python3.10/site-packages/airflow/example_dags/subdags/subdag.py took 0.014 seconds
[2023-01-03T22:48:03.740+0100] {processor.py:153} INFO - Started process (PID=9536) to work on /home/chrisfleig/.local/lib/python3.10/site-packages/airflow/example_dags/subdags/subdag.py
[2023-01-03T22:48:03.741+0100] {processor.py:743} INFO - Processing file /home/chrisfleig/.local/lib/python3.10/site-packages/airflow/example_dags/subdags/subdag.py for tasks to queue
[2023-01-03T22:48:03.741+0100] {logging_mixin.py:137} INFO - [2023-01-03T22:48:03.741+0100] {dagbag.py:538} INFO - Filling up the DagBag from /home/chrisfleig/.local/lib/python3.10/site-packages/airflow/example_dags/subdags/subdag.py
[2023-01-03T22:48:03.745+0100] {processor.py:755} WARNING - No viable dags retrieved from /home/chrisfleig/.local/lib/python3.10/site-packages/airflow/example_dags/subdags/subdag.py
[2023-01-03T22:48:03.752+0100] {processor.py:175} INFO - Processing /home/chrisfleig/.local/lib/python3.10/site-packages/airflow/example_dags/subdags/subdag.py took 0.015 seconds
[2023-01-03T22:48:43.887+0100] {processor.py:153} INFO - Started process (PID=9574) to work on /home/chrisfleig/.local/lib/python3.10/site-packages/airflow/example_dags/subdags/subdag.py
[2023-01-03T22:48:43.888+0100] {processor.py:743} INFO - Processing file /home/chrisfleig/.local/lib/python3.10/site-packages/airflow/example_dags/subdags/subdag.py for tasks to queue
[2023-01-03T22:48:43.888+0100] {logging_mixin.py:137} INFO - [2023-01-03T22:48:43.888+0100] {dagbag.py:538} INFO - Filling up the DagBag from /home/chrisfleig/.local/lib/python3.10/site-packages/airflow/example_dags/subdags/subdag.py
[2023-01-03T22:48:43.892+0100] {processor.py:755} WARNING - No viable dags retrieved from /home/chrisfleig/.local/lib/python3.10/site-packages/airflow/example_dags/subdags/subdag.py
[2023-01-03T22:48:43.899+0100] {processor.py:175} INFO - Processing /home/chrisfleig/.local/lib/python3.10/site-packages/airflow/example_dags/subdags/subdag.py took 0.015 seconds
[2023-01-03T22:49:25.094+0100] {processor.py:153} INFO - Started process (PID=9612) to work on /home/chrisfleig/.local/lib/python3.10/site-packages/airflow/example_dags/subdags/subdag.py
[2023-01-03T22:49:25.095+0100] {processor.py:743} INFO - Processing file /home/chrisfleig/.local/lib/python3.10/site-packages/airflow/example_dags/subdags/subdag.py for tasks to queue
[2023-01-03T22:49:25.095+0100] {logging_mixin.py:137} INFO - [2023-01-03T22:49:25.095+0100] {dagbag.py:538} INFO - Filling up the DagBag from /home/chrisfleig/.local/lib/python3.10/site-packages/airflow/example_dags/subdags/subdag.py
[2023-01-03T22:49:25.099+0100] {processor.py:755} WARNING - No viable dags retrieved from /home/chrisfleig/.local/lib/python3.10/site-packages/airflow/example_dags/subdags/subdag.py
[2023-01-03T22:49:25.107+0100] {processor.py:175} INFO - Processing /home/chrisfleig/.local/lib/python3.10/site-packages/airflow/example_dags/subdags/subdag.py took 0.015 seconds
[2023-01-03T22:50:04.712+0100] {processor.py:153} INFO - Started process (PID=9650) to work on /home/chrisfleig/.local/lib/python3.10/site-packages/airflow/example_dags/subdags/subdag.py
[2023-01-03T22:50:04.713+0100] {processor.py:743} INFO - Processing file /home/chrisfleig/.local/lib/python3.10/site-packages/airflow/example_dags/subdags/subdag.py for tasks to queue
[2023-01-03T22:50:04.714+0100] {logging_mixin.py:137} INFO - [2023-01-03T22:50:04.714+0100] {dagbag.py:538} INFO - Filling up the DagBag from /home/chrisfleig/.local/lib/python3.10/site-packages/airflow/example_dags/subdags/subdag.py
[2023-01-03T22:50:04.717+0100] {processor.py:755} WARNING - No viable dags retrieved from /home/chrisfleig/.local/lib/python3.10/site-packages/airflow/example_dags/subdags/subdag.py
[2023-01-03T22:50:04.724+0100] {processor.py:175} INFO - Processing /home/chrisfleig/.local/lib/python3.10/site-packages/airflow/example_dags/subdags/subdag.py took 0.015 seconds
[2023-01-03T22:50:44.107+0100] {processor.py:153} INFO - Started process (PID=9688) to work on /home/chrisfleig/.local/lib/python3.10/site-packages/airflow/example_dags/subdags/subdag.py
[2023-01-03T22:50:44.108+0100] {processor.py:743} INFO - Processing file /home/chrisfleig/.local/lib/python3.10/site-packages/airflow/example_dags/subdags/subdag.py for tasks to queue
[2023-01-03T22:50:44.108+0100] {logging_mixin.py:137} INFO - [2023-01-03T22:50:44.108+0100] {dagbag.py:538} INFO - Filling up the DagBag from /home/chrisfleig/.local/lib/python3.10/site-packages/airflow/example_dags/subdags/subdag.py
[2023-01-03T22:50:44.111+0100] {processor.py:755} WARNING - No viable dags retrieved from /home/chrisfleig/.local/lib/python3.10/site-packages/airflow/example_dags/subdags/subdag.py
[2023-01-03T22:50:44.119+0100] {processor.py:175} INFO - Processing /home/chrisfleig/.local/lib/python3.10/site-packages/airflow/example_dags/subdags/subdag.py took 0.015 seconds
[2023-01-03T22:51:22.834+0100] {processor.py:153} INFO - Started process (PID=9726) to work on /home/chrisfleig/.local/lib/python3.10/site-packages/airflow/example_dags/subdags/subdag.py
[2023-01-03T22:51:22.835+0100] {processor.py:743} INFO - Processing file /home/chrisfleig/.local/lib/python3.10/site-packages/airflow/example_dags/subdags/subdag.py for tasks to queue
[2023-01-03T22:51:22.835+0100] {logging_mixin.py:137} INFO - [2023-01-03T22:51:22.835+0100] {dagbag.py:538} INFO - Filling up the DagBag from /home/chrisfleig/.local/lib/python3.10/site-packages/airflow/example_dags/subdags/subdag.py
[2023-01-03T22:51:22.838+0100] {processor.py:755} WARNING - No viable dags retrieved from /home/chrisfleig/.local/lib/python3.10/site-packages/airflow/example_dags/subdags/subdag.py
[2023-01-03T22:51:22.847+0100] {processor.py:175} INFO - Processing /home/chrisfleig/.local/lib/python3.10/site-packages/airflow/example_dags/subdags/subdag.py took 0.015 seconds
[2023-01-03T22:52:01.528+0100] {processor.py:153} INFO - Started process (PID=9764) to work on /home/chrisfleig/.local/lib/python3.10/site-packages/airflow/example_dags/subdags/subdag.py
[2023-01-03T22:52:01.529+0100] {processor.py:743} INFO - Processing file /home/chrisfleig/.local/lib/python3.10/site-packages/airflow/example_dags/subdags/subdag.py for tasks to queue
[2023-01-03T22:52:01.530+0100] {logging_mixin.py:137} INFO - [2023-01-03T22:52:01.530+0100] {dagbag.py:538} INFO - Filling up the DagBag from /home/chrisfleig/.local/lib/python3.10/site-packages/airflow/example_dags/subdags/subdag.py
[2023-01-03T22:52:01.533+0100] {processor.py:755} WARNING - No viable dags retrieved from /home/chrisfleig/.local/lib/python3.10/site-packages/airflow/example_dags/subdags/subdag.py
[2023-01-03T22:52:01.540+0100] {processor.py:175} INFO - Processing /home/chrisfleig/.local/lib/python3.10/site-packages/airflow/example_dags/subdags/subdag.py took 0.015 seconds
[2023-01-03T22:52:43.708+0100] {processor.py:153} INFO - Started process (PID=9802) to work on /home/chrisfleig/.local/lib/python3.10/site-packages/airflow/example_dags/subdags/subdag.py
[2023-01-03T22:52:43.709+0100] {processor.py:743} INFO - Processing file /home/chrisfleig/.local/lib/python3.10/site-packages/airflow/example_dags/subdags/subdag.py for tasks to queue
[2023-01-03T22:52:43.709+0100] {logging_mixin.py:137} INFO - [2023-01-03T22:52:43.709+0100] {dagbag.py:538} INFO - Filling up the DagBag from /home/chrisfleig/.local/lib/python3.10/site-packages/airflow/example_dags/subdags/subdag.py
[2023-01-03T22:52:43.713+0100] {processor.py:755} WARNING - No viable dags retrieved from /home/chrisfleig/.local/lib/python3.10/site-packages/airflow/example_dags/subdags/subdag.py
[2023-01-03T22:52:43.720+0100] {processor.py:175} INFO - Processing /home/chrisfleig/.local/lib/python3.10/site-packages/airflow/example_dags/subdags/subdag.py took 0.015 seconds
[2023-01-03T22:53:21.935+0100] {processor.py:153} INFO - Started process (PID=9840) to work on /home/chrisfleig/.local/lib/python3.10/site-packages/airflow/example_dags/subdags/subdag.py
[2023-01-03T22:53:21.936+0100] {processor.py:743} INFO - Processing file /home/chrisfleig/.local/lib/python3.10/site-packages/airflow/example_dags/subdags/subdag.py for tasks to queue
[2023-01-03T22:53:21.937+0100] {logging_mixin.py:137} INFO - [2023-01-03T22:53:21.937+0100] {dagbag.py:538} INFO - Filling up the DagBag from /home/chrisfleig/.local/lib/python3.10/site-packages/airflow/example_dags/subdags/subdag.py
[2023-01-03T22:53:21.940+0100] {processor.py:755} WARNING - No viable dags retrieved from /home/chrisfleig/.local/lib/python3.10/site-packages/airflow/example_dags/subdags/subdag.py
[2023-01-03T22:53:21.948+0100] {processor.py:175} INFO - Processing /home/chrisfleig/.local/lib/python3.10/site-packages/airflow/example_dags/subdags/subdag.py took 0.015 seconds
[2023-01-03T22:54:03.175+0100] {processor.py:153} INFO - Started process (PID=9883) to work on /home/chrisfleig/.local/lib/python3.10/site-packages/airflow/example_dags/subdags/subdag.py
[2023-01-03T22:54:03.178+0100] {processor.py:743} INFO - Processing file /home/chrisfleig/.local/lib/python3.10/site-packages/airflow/example_dags/subdags/subdag.py for tasks to queue
[2023-01-03T22:54:03.179+0100] {logging_mixin.py:137} INFO - [2023-01-03T22:54:03.179+0100] {dagbag.py:538} INFO - Filling up the DagBag from /home/chrisfleig/.local/lib/python3.10/site-packages/airflow/example_dags/subdags/subdag.py
[2023-01-03T22:54:03.191+0100] {processor.py:755} WARNING - No viable dags retrieved from /home/chrisfleig/.local/lib/python3.10/site-packages/airflow/example_dags/subdags/subdag.py
[2023-01-03T22:54:03.211+0100] {processor.py:175} INFO - Processing /home/chrisfleig/.local/lib/python3.10/site-packages/airflow/example_dags/subdags/subdag.py took 0.040 seconds
[2023-01-03T22:54:47.099+0100] {processor.py:153} INFO - Started process (PID=9923) to work on /home/chrisfleig/.local/lib/python3.10/site-packages/airflow/example_dags/subdags/subdag.py
[2023-01-03T22:54:47.101+0100] {processor.py:743} INFO - Processing file /home/chrisfleig/.local/lib/python3.10/site-packages/airflow/example_dags/subdags/subdag.py for tasks to queue
[2023-01-03T22:54:47.103+0100] {logging_mixin.py:137} INFO - [2023-01-03T22:54:47.102+0100] {dagbag.py:538} INFO - Filling up the DagBag from /home/chrisfleig/.local/lib/python3.10/site-packages/airflow/example_dags/subdags/subdag.py
[2023-01-03T22:54:47.109+0100] {processor.py:755} WARNING - No viable dags retrieved from /home/chrisfleig/.local/lib/python3.10/site-packages/airflow/example_dags/subdags/subdag.py
[2023-01-03T22:54:47.126+0100] {processor.py:175} INFO - Processing /home/chrisfleig/.local/lib/python3.10/site-packages/airflow/example_dags/subdags/subdag.py took 0.031 seconds
[2023-01-03T22:55:28.847+0100] {processor.py:153} INFO - Started process (PID=9961) to work on /home/chrisfleig/.local/lib/python3.10/site-packages/airflow/example_dags/subdags/subdag.py
[2023-01-03T22:55:28.848+0100] {processor.py:743} INFO - Processing file /home/chrisfleig/.local/lib/python3.10/site-packages/airflow/example_dags/subdags/subdag.py for tasks to queue
[2023-01-03T22:55:28.849+0100] {logging_mixin.py:137} INFO - [2023-01-03T22:55:28.849+0100] {dagbag.py:538} INFO - Filling up the DagBag from /home/chrisfleig/.local/lib/python3.10/site-packages/airflow/example_dags/subdags/subdag.py
[2023-01-03T22:55:28.852+0100] {processor.py:755} WARNING - No viable dags retrieved from /home/chrisfleig/.local/lib/python3.10/site-packages/airflow/example_dags/subdags/subdag.py
[2023-01-03T22:55:28.862+0100] {processor.py:175} INFO - Processing /home/chrisfleig/.local/lib/python3.10/site-packages/airflow/example_dags/subdags/subdag.py took 0.017 seconds
[2023-01-03T22:56:11.725+0100] {processor.py:153} INFO - Started process (PID=10004) to work on /home/chrisfleig/.local/lib/python3.10/site-packages/airflow/example_dags/subdags/subdag.py
[2023-01-03T22:56:11.726+0100] {processor.py:743} INFO - Processing file /home/chrisfleig/.local/lib/python3.10/site-packages/airflow/example_dags/subdags/subdag.py for tasks to queue
[2023-01-03T22:56:11.727+0100] {logging_mixin.py:137} INFO - [2023-01-03T22:56:11.727+0100] {dagbag.py:538} INFO - Filling up the DagBag from /home/chrisfleig/.local/lib/python3.10/site-packages/airflow/example_dags/subdags/subdag.py
[2023-01-03T22:56:11.730+0100] {processor.py:755} WARNING - No viable dags retrieved from /home/chrisfleig/.local/lib/python3.10/site-packages/airflow/example_dags/subdags/subdag.py
[2023-01-03T22:56:11.738+0100] {processor.py:175} INFO - Processing /home/chrisfleig/.local/lib/python3.10/site-packages/airflow/example_dags/subdags/subdag.py took 0.015 seconds
[2023-01-03T22:56:53.958+0100] {processor.py:153} INFO - Started process (PID=10043) to work on /home/chrisfleig/.local/lib/python3.10/site-packages/airflow/example_dags/subdags/subdag.py
[2023-01-03T22:56:53.959+0100] {processor.py:743} INFO - Processing file /home/chrisfleig/.local/lib/python3.10/site-packages/airflow/example_dags/subdags/subdag.py for tasks to queue
[2023-01-03T22:56:53.960+0100] {logging_mixin.py:137} INFO - [2023-01-03T22:56:53.960+0100] {dagbag.py:538} INFO - Filling up the DagBag from /home/chrisfleig/.local/lib/python3.10/site-packages/airflow/example_dags/subdags/subdag.py
[2023-01-03T22:56:53.965+0100] {processor.py:755} WARNING - No viable dags retrieved from /home/chrisfleig/.local/lib/python3.10/site-packages/airflow/example_dags/subdags/subdag.py
[2023-01-03T22:56:53.976+0100] {processor.py:175} INFO - Processing /home/chrisfleig/.local/lib/python3.10/site-packages/airflow/example_dags/subdags/subdag.py took 0.021 seconds
