[2023-01-06T15:44:37.061+0100] {taskinstance.py:1087} INFO - Dependencies all met for <TaskInstance: tutorial_taskflow_api.extract manual__2023-01-06T15:44:14+01:00 [queued]>
[2023-01-06T15:44:37.071+0100] {taskinstance.py:1087} INFO - Dependencies all met for <TaskInstance: tutorial_taskflow_api.extract manual__2023-01-06T15:44:14+01:00 [queued]>
[2023-01-06T15:44:37.072+0100] {taskinstance.py:1283} INFO - 
--------------------------------------------------------------------------------
[2023-01-06T15:44:37.072+0100] {taskinstance.py:1284} INFO - Starting attempt 1 of 1
[2023-01-06T15:44:37.072+0100] {taskinstance.py:1285} INFO - 
--------------------------------------------------------------------------------
[2023-01-06T15:44:37.112+0100] {taskinstance.py:1304} INFO - Executing <Task(_PythonDecoratedOperator): extract> on 2023-01-06 14:44:14+00:00
[2023-01-06T15:44:37.116+0100] {standard_task_runner.py:55} INFO - Started process 2422 to run task
[2023-01-06T15:44:37.120+0100] {standard_task_runner.py:82} INFO - Running: ['airflow', 'tasks', 'run', 'tutorial_taskflow_api', 'extract', 'manual__2023-01-06T15:44:14+01:00', '--job-id', '48', '--raw', '--subdir', '/home/chrisfleig/.local/lib/python3.10/site-packages/airflow/example_dags/tutorial_taskflow_api.py', '--cfg-path', '/tmp/tmp3t8tlst6']
[2023-01-06T15:44:37.121+0100] {standard_task_runner.py:83} INFO - Job 48: Subtask extract
[2023-01-06T15:44:37.180+0100] {task_command.py:389} INFO - Running <TaskInstance: tutorial_taskflow_api.extract manual__2023-01-06T15:44:14+01:00 [running]> on host CFL-HP-360.
[2023-01-06T15:44:37.259+0100] {taskinstance.py:1511} INFO - Exporting the following env vars:
AIRFLOW_CTX_DAG_OWNER=airflow
AIRFLOW_CTX_DAG_ID=tutorial_taskflow_api
AIRFLOW_CTX_TASK_ID=extract
AIRFLOW_CTX_EXECUTION_DATE=2023-01-06T14:44:14+00:00
AIRFLOW_CTX_TRY_NUMBER=1
AIRFLOW_CTX_DAG_RUN_ID=manual__2023-01-06T15:44:14+01:00
[2023-01-06T15:44:37.260+0100] {python.py:177} INFO - Done. Returned value was: {'1001': 301.27, '1002': 433.21, '1003': 502.22}
[2023-01-06T15:44:37.307+0100] {taskinstance.py:1322} INFO - Marking task as SUCCESS. dag_id=tutorial_taskflow_api, task_id=extract, execution_date=20230106T144414, start_date=20230106T144437, end_date=20230106T144437
[2023-01-06T15:44:37.372+0100] {local_task_job.py:159} INFO - Task exited with return code 0
[2023-01-06T15:44:37.393+0100] {taskinstance.py:2582} INFO - 1 downstream tasks scheduled from follow-on schedule check
