[2023-01-04T22:38:47.967+0100] {taskinstance.py:1087} INFO - Dependencies all met for <TaskInstance: tutorial.sleep scheduled__2023-01-03T21:38:04.542986+00:00 [queued]>
[2023-01-04T22:38:47.982+0100] {taskinstance.py:1087} INFO - Dependencies all met for <TaskInstance: tutorial.sleep scheduled__2023-01-03T21:38:04.542986+00:00 [queued]>
[2023-01-04T22:38:47.983+0100] {taskinstance.py:1283} INFO - 
--------------------------------------------------------------------------------
[2023-01-04T22:38:47.983+0100] {taskinstance.py:1284} INFO - Starting attempt 1 of 4
[2023-01-04T22:38:47.983+0100] {taskinstance.py:1285} INFO - 
--------------------------------------------------------------------------------
[2023-01-04T22:38:48.019+0100] {taskinstance.py:1304} INFO - Executing <Task(BashOperator): sleep> on 2023-01-03 21:38:04.542986+00:00
[2023-01-04T22:38:48.021+0100] {standard_task_runner.py:55} INFO - Started process 2675 to run task
[2023-01-04T22:38:48.026+0100] {standard_task_runner.py:82} INFO - Running: ['airflow', 'tasks', 'run', 'tutorial', 'sleep', 'scheduled__2023-01-03T21:38:04.542986+00:00', '--job-id', '11', '--raw', '--subdir', '/home/chrisfleig/.local/lib/python3.10/site-packages/airflow/example_dags/tutorial.py', '--cfg-path', '/tmp/tmpfg347lmc']
[2023-01-04T22:38:48.027+0100] {standard_task_runner.py:83} INFO - Job 11: Subtask sleep
[2023-01-04T22:38:48.104+0100] {task_command.py:389} INFO - Running <TaskInstance: tutorial.sleep scheduled__2023-01-03T21:38:04.542986+00:00 [running]> on host CFL-HP-360.
[2023-01-04T22:38:48.235+0100] {taskinstance.py:1511} INFO - Exporting the following env vars:
AIRFLOW_CTX_DAG_EMAIL=airflow@example.com
AIRFLOW_CTX_DAG_OWNER=airflow
AIRFLOW_CTX_DAG_ID=tutorial
AIRFLOW_CTX_TASK_ID=sleep
AIRFLOW_CTX_EXECUTION_DATE=2023-01-03T21:38:04.542986+00:00
AIRFLOW_CTX_TRY_NUMBER=1
AIRFLOW_CTX_DAG_RUN_ID=scheduled__2023-01-03T21:38:04.542986+00:00
[2023-01-04T22:38:48.237+0100] {subprocess.py:63} INFO - Tmp dir root location: 
 /tmp
[2023-01-04T22:38:48.238+0100] {subprocess.py:75} INFO - Running command: ['/usr/bin/bash', '-c', 'sleep 5']
[2023-01-04T22:38:48.243+0100] {subprocess.py:86} INFO - Output:
[2023-01-04T22:38:53.245+0100] {subprocess.py:97} INFO - Command exited with return code 0
[2023-01-04T22:38:53.284+0100] {taskinstance.py:1322} INFO - Marking task as SUCCESS. dag_id=tutorial, task_id=sleep, execution_date=20230103T213804, start_date=20230104T213847, end_date=20230104T213853
[2023-01-04T22:38:53.357+0100] {local_task_job.py:159} INFO - Task exited with return code 0
[2023-01-04T22:38:53.399+0100] {taskinstance.py:2582} INFO - 0 downstream tasks scheduled from follow-on schedule check
