[2023-01-06T10:34:09.386+0100] {taskinstance.py:1087} INFO - Dependencies all met for <TaskInstance: tutorial.sleep scheduled__2023-01-05T09:33:51.397691+00:00 [queued]>
[2023-01-06T10:34:09.429+0100] {taskinstance.py:1087} INFO - Dependencies all met for <TaskInstance: tutorial.sleep scheduled__2023-01-05T09:33:51.397691+00:00 [queued]>
[2023-01-06T10:34:09.430+0100] {taskinstance.py:1283} INFO - 
--------------------------------------------------------------------------------
[2023-01-06T10:34:09.431+0100] {taskinstance.py:1284} INFO - Starting attempt 1 of 4
[2023-01-06T10:34:09.431+0100] {taskinstance.py:1285} INFO - 
--------------------------------------------------------------------------------
[2023-01-06T10:34:09.477+0100] {taskinstance.py:1304} INFO - Executing <Task(BashOperator): sleep> on 2023-01-05 09:33:51.397691+00:00
[2023-01-06T10:34:09.480+0100] {standard_task_runner.py:55} INFO - Started process 70 to run task
[2023-01-06T10:34:09.486+0100] {standard_task_runner.py:82} INFO - Running: ['airflow', 'tasks', 'run', 'tutorial', 'sleep', 'scheduled__2023-01-05T09:33:51.397691+00:00', '--job-id', '18', '--raw', '--subdir', '/home/chrisfleig/.local/lib/python3.10/site-packages/airflow/example_dags/tutorial.py', '--cfg-path', '/tmp/tmp7o73fbm6']
[2023-01-06T10:34:09.488+0100] {standard_task_runner.py:83} INFO - Job 18: Subtask sleep
[2023-01-06T10:34:09.557+0100] {task_command.py:389} INFO - Running <TaskInstance: tutorial.sleep scheduled__2023-01-05T09:33:51.397691+00:00 [running]> on host CFL-HP-360.
[2023-01-06T10:34:09.650+0100] {taskinstance.py:1511} INFO - Exporting the following env vars:
AIRFLOW_CTX_DAG_EMAIL=airflow@example.com
AIRFLOW_CTX_DAG_OWNER=airflow
AIRFLOW_CTX_DAG_ID=tutorial
AIRFLOW_CTX_TASK_ID=sleep
AIRFLOW_CTX_EXECUTION_DATE=2023-01-05T09:33:51.397691+00:00
AIRFLOW_CTX_TRY_NUMBER=1
AIRFLOW_CTX_DAG_RUN_ID=scheduled__2023-01-05T09:33:51.397691+00:00
[2023-01-06T10:34:09.651+0100] {subprocess.py:63} INFO - Tmp dir root location: 
 /tmp
[2023-01-06T10:34:09.651+0100] {subprocess.py:75} INFO - Running command: ['/usr/bin/bash', '-c', 'sleep 5']
[2023-01-06T10:34:09.661+0100] {subprocess.py:86} INFO - Output:
[2023-01-06T10:34:14.667+0100] {subprocess.py:97} INFO - Command exited with return code 0
[2023-01-06T10:34:14.706+0100] {taskinstance.py:1322} INFO - Marking task as SUCCESS. dag_id=tutorial, task_id=sleep, execution_date=20230105T093351, start_date=20230106T093409, end_date=20230106T093414
[2023-01-06T10:34:14.757+0100] {local_task_job.py:159} INFO - Task exited with return code 0
[2023-01-06T10:34:14.766+0100] {taskinstance.py:2582} INFO - 0 downstream tasks scheduled from follow-on schedule check
