[2023-01-07T02:00:11.774+0100] {taskinstance.py:1087} INFO - Dependencies all met for <TaskInstance: tutorial_taskflow_api.transform scheduled__2023-01-07T00:00:00+00:00 [queued]>
[2023-01-07T02:00:11.790+0100] {taskinstance.py:1087} INFO - Dependencies all met for <TaskInstance: tutorial_taskflow_api.transform scheduled__2023-01-07T00:00:00+00:00 [queued]>
[2023-01-07T02:00:11.791+0100] {taskinstance.py:1283} INFO - 
--------------------------------------------------------------------------------
[2023-01-07T02:00:11.791+0100] {taskinstance.py:1284} INFO - Starting attempt 1 of 1
[2023-01-07T02:00:11.791+0100] {taskinstance.py:1285} INFO - 
--------------------------------------------------------------------------------
[2023-01-07T02:00:11.832+0100] {taskinstance.py:1304} INFO - Executing <Task(_PythonDecoratedOperator): transform> on 2023-01-07 00:00:00+00:00
[2023-01-07T02:00:11.835+0100] {standard_task_runner.py:55} INFO - Started process 14314 to run task
[2023-01-07T02:00:11.839+0100] {standard_task_runner.py:82} INFO - Running: ['airflow', 'tasks', 'run', 'tutorial_taskflow_api', 'transform', 'scheduled__2023-01-07T00:00:00+00:00', '--job-id', '77', '--raw', '--subdir', 'DAGS_FOLDER/tutorial_taskflow_api.py', '--cfg-path', '/tmp/tmp2_cv6ch5']
[2023-01-07T02:00:11.840+0100] {standard_task_runner.py:83} INFO - Job 77: Subtask transform
[2023-01-07T02:00:11.925+0100] {task_command.py:389} INFO - Running <TaskInstance: tutorial_taskflow_api.transform scheduled__2023-01-07T00:00:00+00:00 [running]> on host CFL-HP-360.
[2023-01-07T02:00:12.037+0100] {taskinstance.py:1511} INFO - Exporting the following env vars:
AIRFLOW_CTX_DAG_OWNER=airflow
AIRFLOW_CTX_DAG_ID=tutorial_taskflow_api
AIRFLOW_CTX_TASK_ID=transform
AIRFLOW_CTX_EXECUTION_DATE=2023-01-07T00:00:00+00:00
AIRFLOW_CTX_TRY_NUMBER=1
AIRFLOW_CTX_DAG_RUN_ID=scheduled__2023-01-07T00:00:00+00:00
[2023-01-07T02:00:12.038+0100] {python.py:177} INFO - Done. Returned value was: {'total_order_value': 1236.7}
[2023-01-07T02:00:12.127+0100] {taskinstance.py:1322} INFO - Marking task as SUCCESS. dag_id=tutorial_taskflow_api, task_id=transform, execution_date=20230107T000000, start_date=20230107T010011, end_date=20230107T010012
[2023-01-07T02:00:12.253+0100] {local_task_job.py:159} INFO - Task exited with return code 0
[2023-01-07T02:00:12.271+0100] {taskinstance.py:2582} INFO - 1 downstream tasks scheduled from follow-on schedule check
