[2023-01-06T18:00:03.695+0100] {taskinstance.py:1087} INFO - Dependencies all met for <TaskInstance: tutorial_taskflow_api.extract scheduled__2023-01-06T16:00:00+00:00 [queued]>
[2023-01-06T18:00:03.706+0100] {taskinstance.py:1087} INFO - Dependencies all met for <TaskInstance: tutorial_taskflow_api.extract scheduled__2023-01-06T16:00:00+00:00 [queued]>
[2023-01-06T18:00:03.706+0100] {taskinstance.py:1283} INFO - 
--------------------------------------------------------------------------------
[2023-01-06T18:00:03.706+0100] {taskinstance.py:1284} INFO - Starting attempt 1 of 1
[2023-01-06T18:00:03.706+0100] {taskinstance.py:1285} INFO - 
--------------------------------------------------------------------------------
[2023-01-06T18:00:03.740+0100] {taskinstance.py:1304} INFO - Executing <Task(_PythonDecoratedOperator): extract> on 2023-01-06 16:00:00+00:00
[2023-01-06T18:00:03.742+0100] {standard_task_runner.py:55} INFO - Started process 10088 to run task
[2023-01-06T18:00:03.746+0100] {standard_task_runner.py:82} INFO - Running: ['airflow', 'tasks', 'run', 'tutorial_taskflow_api', 'extract', 'scheduled__2023-01-06T16:00:00+00:00', '--job-id', '57', '--raw', '--subdir', 'DAGS_FOLDER/tutorial_taskflow_api.py', '--cfg-path', '/tmp/tmp4resmarz']
[2023-01-06T18:00:03.749+0100] {standard_task_runner.py:83} INFO - Job 57: Subtask extract
[2023-01-06T18:00:03.842+0100] {task_command.py:389} INFO - Running <TaskInstance: tutorial_taskflow_api.extract scheduled__2023-01-06T16:00:00+00:00 [running]> on host CFL-HP-360.
[2023-01-06T18:00:03.932+0100] {taskinstance.py:1511} INFO - Exporting the following env vars:
AIRFLOW_CTX_DAG_OWNER=airflow
AIRFLOW_CTX_DAG_ID=tutorial_taskflow_api
AIRFLOW_CTX_TASK_ID=extract
AIRFLOW_CTX_EXECUTION_DATE=2023-01-06T16:00:00+00:00
AIRFLOW_CTX_TRY_NUMBER=1
AIRFLOW_CTX_DAG_RUN_ID=scheduled__2023-01-06T16:00:00+00:00
[2023-01-06T18:00:03.934+0100] {tutorial_taskflow_api.py:39} INFO - i am in extract
[2023-01-06T18:00:03.934+0100] {python.py:177} INFO - Done. Returned value was: {'1001': 301.27, '1002': 433.21, '1003': 502.22}
[2023-01-06T18:00:03.967+0100] {taskinstance.py:1322} INFO - Marking task as SUCCESS. dag_id=tutorial_taskflow_api, task_id=extract, execution_date=20230106T160000, start_date=20230106T170003, end_date=20230106T170003
[2023-01-06T18:00:04.039+0100] {local_task_job.py:159} INFO - Task exited with return code 0
[2023-01-06T18:00:04.069+0100] {taskinstance.py:2582} INFO - 1 downstream tasks scheduled from follow-on schedule check
