[2023-01-06T17:00:06.266+0100] {taskinstance.py:1087} INFO - Dependencies all met for <TaskInstance: tutorial_taskflow_api.extract scheduled__2023-01-06T15:00:00+00:00 [queued]>
[2023-01-06T17:00:06.284+0100] {taskinstance.py:1087} INFO - Dependencies all met for <TaskInstance: tutorial_taskflow_api.extract scheduled__2023-01-06T15:00:00+00:00 [queued]>
[2023-01-06T17:00:06.284+0100] {taskinstance.py:1283} INFO - 
--------------------------------------------------------------------------------
[2023-01-06T17:00:06.284+0100] {taskinstance.py:1284} INFO - Starting attempt 1 of 1
[2023-01-06T17:00:06.285+0100] {taskinstance.py:1285} INFO - 
--------------------------------------------------------------------------------
[2023-01-06T17:00:06.338+0100] {taskinstance.py:1304} INFO - Executing <Task(_PythonDecoratedOperator): extract> on 2023-01-06 15:00:00+00:00
[2023-01-06T17:00:06.340+0100] {standard_task_runner.py:55} INFO - Started process 6717 to run task
[2023-01-06T17:00:06.347+0100] {standard_task_runner.py:82} INFO - Running: ['airflow', 'tasks', 'run', 'tutorial_taskflow_api', 'extract', 'scheduled__2023-01-06T15:00:00+00:00', '--job-id', '54', '--raw', '--subdir', 'DAGS_FOLDER/tutorial_taskflow_api.py', '--cfg-path', '/tmp/tmpzrb2oflt']
[2023-01-06T17:00:06.349+0100] {standard_task_runner.py:83} INFO - Job 54: Subtask extract
[2023-01-06T17:00:06.457+0100] {task_command.py:389} INFO - Running <TaskInstance: tutorial_taskflow_api.extract scheduled__2023-01-06T15:00:00+00:00 [running]> on host CFL-HP-360.
[2023-01-06T17:00:06.544+0100] {taskinstance.py:1511} INFO - Exporting the following env vars:
AIRFLOW_CTX_DAG_OWNER=airflow
AIRFLOW_CTX_DAG_ID=tutorial_taskflow_api
AIRFLOW_CTX_TASK_ID=extract
AIRFLOW_CTX_EXECUTION_DATE=2023-01-06T15:00:00+00:00
AIRFLOW_CTX_TRY_NUMBER=1
AIRFLOW_CTX_DAG_RUN_ID=scheduled__2023-01-06T15:00:00+00:00
[2023-01-06T17:00:06.546+0100] {tutorial_taskflow_api.py:39} INFO - i am in extract
[2023-01-06T17:00:06.547+0100] {python.py:177} INFO - Done. Returned value was: {'1001': 301.27, '1002': 433.21, '1003': 502.22}
[2023-01-06T17:00:06.585+0100] {taskinstance.py:1322} INFO - Marking task as SUCCESS. dag_id=tutorial_taskflow_api, task_id=extract, execution_date=20230106T150000, start_date=20230106T160006, end_date=20230106T160006
[2023-01-06T17:00:06.638+0100] {local_task_job.py:159} INFO - Task exited with return code 0
[2023-01-06T17:00:06.660+0100] {taskinstance.py:2582} INFO - 1 downstream tasks scheduled from follow-on schedule check
