[2023-01-06T16:00:08.267+0100] {taskinstance.py:1087} INFO - Dependencies all met for <TaskInstance: tutorial_taskflow_api.load scheduled__2023-01-06T14:00:00+00:00 [queued]>
[2023-01-06T16:00:08.278+0100] {taskinstance.py:1087} INFO - Dependencies all met for <TaskInstance: tutorial_taskflow_api.load scheduled__2023-01-06T14:00:00+00:00 [queued]>
[2023-01-06T16:00:08.278+0100] {taskinstance.py:1283} INFO - 
--------------------------------------------------------------------------------
[2023-01-06T16:00:08.278+0100] {taskinstance.py:1284} INFO - Starting attempt 1 of 1
[2023-01-06T16:00:08.278+0100] {taskinstance.py:1285} INFO - 
--------------------------------------------------------------------------------
[2023-01-06T16:00:08.314+0100] {taskinstance.py:1304} INFO - Executing <Task(_PythonDecoratedOperator): load> on 2023-01-06 14:00:00+00:00
[2023-01-06T16:00:08.316+0100] {standard_task_runner.py:55} INFO - Started process 3295 to run task
[2023-01-06T16:00:08.319+0100] {standard_task_runner.py:82} INFO - Running: ['airflow', 'tasks', 'run', 'tutorial_taskflow_api', 'load', 'scheduled__2023-01-06T14:00:00+00:00', '--job-id', '53', '--raw', '--subdir', 'DAGS_FOLDER/tutorial_taskflow_api.py', '--cfg-path', '/tmp/tmpmlgyqdok']
[2023-01-06T16:00:08.320+0100] {standard_task_runner.py:83} INFO - Job 53: Subtask load
[2023-01-06T16:00:08.373+0100] {task_command.py:389} INFO - Running <TaskInstance: tutorial_taskflow_api.load scheduled__2023-01-06T14:00:00+00:00 [running]> on host CFL-HP-360.
[2023-01-06T16:00:08.462+0100] {taskinstance.py:1511} INFO - Exporting the following env vars:
AIRFLOW_CTX_DAG_OWNER=airflow
AIRFLOW_CTX_DAG_ID=tutorial_taskflow_api
AIRFLOW_CTX_TASK_ID=load
AIRFLOW_CTX_EXECUTION_DATE=2023-01-06T14:00:00+00:00
AIRFLOW_CTX_TRY_NUMBER=1
AIRFLOW_CTX_DAG_RUN_ID=scheduled__2023-01-06T14:00:00+00:00
[2023-01-06T16:00:08.462+0100] {tutorial_taskflow_api.py:61} INFO - i am here!
[2023-01-06T16:00:08.463+0100] {tutorial_taskflow_api.py:62} INFO - Total order value is: 1236.70
[2023-01-06T16:00:08.463+0100] {python.py:177} INFO - Done. Returned value was: None
[2023-01-06T16:00:08.466+0100] {taskinstance.py:1322} INFO - Marking task as SUCCESS. dag_id=tutorial_taskflow_api, task_id=load, execution_date=20230106T140000, start_date=20230106T150008, end_date=20230106T150008
[2023-01-06T16:00:08.531+0100] {local_task_job.py:159} INFO - Task exited with return code 0
[2023-01-06T16:00:08.541+0100] {taskinstance.py:2582} INFO - 0 downstream tasks scheduled from follow-on schedule check
